"File: 4-1-2.c       Assembler  Version HGASM0202      Page 1


   1  0000              ; Generated by holtek-gcc v3.18, Tue Mar 06 09:40:27 2018
   2  0000              ; 
   3  0000              ; Configuration:
   4  0000              ;       with long instruction
   5  0000              ;       Multi-ROM, Multi-RAM
   6  0000              ;       bits_per_rom_unit:16
   7  0000              ;       with mp1
   8  0000              ;       with tbhp, address(0x9)
   9  0000              ;          Use tabrd-const
  10  0000              ;       
  11  0000              ; SFR address of long-instruction arch:
  12  0000              ;    mp0 = -1,1,0
  13  0000              ;    mp1 = 4,3,2
  14  0000              ;    mp2 = 14,13,12
  15  0000              ;    tbp = 9,7,8
  16  0000              ;    acc = 5
  17  0000              ;    pcl = 6
  18  0000              ;    status = 10
  19  0000              ;    bp = 11
  20  0000              ;    intc = 48
  21  0000              ;       
  22  0000              ;       
  23  0000              ; use 'tabrdc' instead of 'tabrd'
  24  0000              ;       
  25  0000              
  26  0000              #pragma translator "holtek-gcc 4.6.4" "3.18" "build 20130711"
  27  0000              ; Rebuild 126
  28  0000              
  29  0000              ir equ [2]
  30  0000              mp equ [3]
  31  0000              sbp equ [4]
  32  0000              acc equ [5]
  33  0000              bp equ [11]
  34  0000              tblp equ [7]
  35  0000              tbhp equ [9]
  36  0000              status equ [10]
  37  0000              c equ [10].0
  38  0000              ac equ [10].1
  39  0000              z equ [10].2
  40  0000              ov equ [10].3
  41  0000              cz equ [10].6
  42  0000              sc equ [10].7
  43  0000              intc equ [48]
  44  0000              
  45  0000              extern ra:byte
  46  0000              extern rb:byte
  47  0000              extern rc:byte
  48  0000              extern rd:byte
  49  0000              extern re:byte
  50  0000              extern rf:byte
  51  0000              extern rg:byte
  52  0000              extern rh:byte
  53  0000              extern _Crom2Prom:near
  54  0000              extern _Crom2PromNext:near
  55  0000              
  56  0000              RAMBANK 0 @BITDATASEC, @BITDATASEC1
  57  0000              @HCCINIT	.section 'data'
  58  0000              @HCCINIT0	.section 'data'
  59  0000              @BITDATASEC	 .section 'data'
"File: 4-1-2.ASM     Assembler  Version HGASM0202      Page 2

  60  0000              @BITDATASEC1	 .section 'data'
  61  0000              
  62  0000              #pragma debug scope 1 1
  63  0000              	extern __DELAY3:near
  64  0000              	extern __DELAYX3:near
  65  0000              	extern __DELAYX6:near
  66  0000              	extern __DELAYY5:near
  67  0000              	extern __DELAYY3:near
  68  0000              	extern _builtin_holtek_delay_2:byte
  69  0000              ___wdtc equ [62]
  70  0000              ___pcc equ [27]
  71  0000              ___pc equ [26]
  72  0000              public _main
  73  0000              #pragma debug scope 2 1

   8  0000              #line 8 "C:\Users\YVTC\Desktop\單晶片微控制器(一)\0306\4-1-2.c"
   8  0000              IFDEF WITH_DEFAULT_STARTUP
   8  0000              extern _main_initial0:near
   8  0000              extern _main_startup:near
   8  0000              ENDIF
   8  0000              
   8  0000              ROMBANK 0 @start
   8  0000              @start .section com_l 'code'
   8  0000              _main_startup1:
   8  0000              @start .section com_e 'code'
   8  0000  0F00     R  	mov a,bank _main
   8  0001  008B        	mov bp,a
   8  0002  2800     R  	jmp _main
   8  0003              
   8  0000              _main .section 'code'
   8  0000              _main proc
   9  0000              #line 9 "C:\Users\YVTC\Desktop\單晶片微控制器(一)\0306\4-1-2.c"
   9  0000  0FAF        	mov a,175
   9  0001  00BE        	mov [62],a
  10  0002              #line 10 "C:\Users\YVTC\Desktop\單晶片微控制器(一)\0306\4-1-2.c"
  10  0002  1F1B        	clr [27]
  11  0003              #line 11 "C:\Users\YVTC\Desktop\單晶片微控制器(一)\0306\4-1-2.c"
  11  0003  0FFE        	mov a,254
  11  0004  009A        	mov [26],a
  11  0005              _L2:
  13  0005              #line 13 "C:\Users\YVTC\Desktop\單晶片微控制器(一)\0306\4-1-2.c"
  13  0005  3B9A        	snz [26].7
  13  0006  2800     R  	jmp _L5
  13  0007  0F64        	mov a,100
  13  0008  0080     E  	mov ra,a
  13  0009              _L6:
  14  0009              #line 14 "C:\Users\YVTC\Desktop\單晶片微控制器(一)\0306\4-1-2.c"
  14  0009              ;# 14 "C:\Users\YVTC\Desktop\單晶片微控制器(一)\0306\4-1-2.c" 1
  14  0009              	IF 2000>263690
  14  0009              ;# 14 "C:\Users\YVTC\Desktop\單晶片微控制器(一)\0306\4-1-2.c" 1
  14  0009              	ERRMESSAGE 'the value 2000of the argument exceeds the maxinum 263690'
  14  0009              	ENDIF
  14  0009              ;# 14 "C:\Users\YVTC\Desktop\單晶片微控制器(一)\0306\4-1-2.c" 1
  14  0009              	IF 2000<0
  14  0009              ;# 14 "C:\Users\YVTC\Desktop\單晶片微控制器(一)\0306\4-1-2.c" 1
  14  0009              	ERRMESSAGE 'the value 2000 of the argument exceeds the mininum 0'
  14  0009              	ENDIF
  14  0009              ;# 14 "C:\Users\YVTC\Desktop\單晶片微控制器(一)\0306\4-1-2.c" 1
  14  0009              	IF 2000==0
  14  0009              ;# 14 "C:\Users\YVTC\Desktop\單晶片微控制器(一)\0306\4-1-2.c" 1
"File: 4-1-2.c       Assembler  Version HGASM0202      Page 3

  14  0009              	JMP $
  14  0009              	ENDIF
  14  0009              ;# 14 "C:\Users\YVTC\Desktop\單晶片微控制器(一)\0306\4-1-2.c" 1
  14  0009              	IF (2000>=1) AND (2000<( 4 + __PBP__ * 2))
  14  0009              ;# 14 "C:\Users\YVTC\Desktop\單晶片微控制器(一)\0306\4-1-2.c" 1
  14  0009              	NOP
  14  0009              	ENDIF
  14  0009              ;# 14 "C:\Users\YVTC\Desktop\單晶片微控制器(一)\0306\4-1-2.c" 1
  14  0009              	IF (2000>=2) AND (2000<( 4 + __PBP__ * 2))
  14  0009              ;# 14 "C:\Users\YVTC\Desktop\單晶片微控制器(一)\0306\4-1-2.c" 1
  14  0009              	NOP
  14  0009              	ENDIF
  14  0009              ;# 14 "C:\Users\YVTC\Desktop\單晶片微控制器(一)\0306\4-1-2.c" 1
  14  0009              	IF (2000>=3) AND (2000<( 4 + __PBP__ * 2))
  14  0009              ;# 14 "C:\Users\YVTC\Desktop\單晶片微控制器(一)\0306\4-1-2.c" 1
  14  0009              	NOP
  14  0009              	ENDIF
  14  0009              ;# 14 "C:\Users\YVTC\Desktop\單晶片微控制器(一)\0306\4-1-2.c" 1
  14  0009              	IF (2000>=4) AND (2000<( 4 + __PBP__ * 2)) AND ( __PBP__ > 0 )
  14  0009              ;# 14 "C:\Users\YVTC\Desktop\單晶片微控制器(一)\0306\4-1-2.c" 1
  14  0009              	NOP
  14  0009              	ENDIF
  14  0009              ;# 14 "C:\Users\YVTC\Desktop\單晶片微控制器(一)\0306\4-1-2.c" 1
  14  0009              	IF (2000>=5) AND (2000<( 4 + __PBP__ * 2)) AND ( __PBP__ > 0 )
  14  0009              ;# 14 "C:\Users\YVTC\Desktop\單晶片微控制器(一)\0306\4-1-2.c" 1
  14  0009              	NOP
  14  0009              	ENDIF
  14  0009              ;# 14 "C:\Users\YVTC\Desktop\單晶片微控制器(一)\0306\4-1-2.c" 1
  14  0009              	IF (2000>=6) AND (2000<( 4 + __PBP__ * 2))  AND ( __PBP__ > 1 )
  14  0009              ;# 14 "C:\Users\YVTC\Desktop\單晶片微控制器(一)\0306\4-1-2.c" 1
  14  0009              	NOP
  14  0009              	ENDIF
  14  0009              ;# 14 "C:\Users\YVTC\Desktop\單晶片微控制器(一)\0306\4-1-2.c" 1
  14  0009              	IF (2000>=7) AND (2000<( 4 + __PBP__ * 2))  AND ( __PBP__ > 1 )
  14  0009              ;# 14 "C:\Users\YVTC\Desktop\單晶片微控制器(一)\0306\4-1-2.c" 1
  14  0009              	NOP
  14  0009              	ENDIF
  14  0009              ;# 14 "C:\Users\YVTC\Desktop\單晶片微控制器(一)\0306\4-1-2.c" 1
  14  0009              	IF (2000>=8) AND (2000<( 4 + __PBP__ * 2))  AND ( __PBP__ > 2 )
  14  0009              ;# 14 "C:\Users\YVTC\Desktop\單晶片微控制器(一)\0306\4-1-2.c" 1
  14  0009              	NOP
  14  0009              	ENDIF
  14  0009              ;# 14 "C:\Users\YVTC\Desktop\單晶片微控制器(一)\0306\4-1-2.c" 1
  14  0009              	IF (2000==9)  AND ( __PBP__ > 2 )
  14  0009              ;# 14 "C:\Users\YVTC\Desktop\單晶片微控制器(一)\0306\4-1-2.c" 1
  14  0009              	NOP
  14  0009              	ENDIF
  14  0009              ;# 14 "C:\Users\YVTC\Desktop\單晶片微控制器(一)\0306\4-1-2.c" 1
  14  0009              	IF (2000< ( 8 + __PBP__ * 2)) AND (2000>( 3 + __PBP__ * 2))
  14  0009              ;# 14 "C:\Users\YVTC\Desktop\單晶片微控制器(一)\0306\4-1-2.c" 1
  14  0009              	fcall __DELAY3 + ( 7 + __PBP__ * 2) -2000
  14  0009              	ENDIF
  14  0009              ;# 14 "C:\Users\YVTC\Desktop\單晶片微控制器(一)\0306\4-1-2.c" 1
  14  0009              	IF (2000< ( 0404h + __PBP__ * 2)) AND (2000>( 7 + __PBP__ * 2))
  14  0009              ;# 14 "C:\Users\YVTC\Desktop\單晶片微控制器(一)\0306\4-1-2.c" 1
  14  0009              	MOV A,(2000-( 4 + __PBP__ * 2))/4
  14  0009              ;# 14 "C:\Users\YVTC\Desktop\單晶片微控制器(一)\0306\4-1-2.c" 1
  14  0009              	fcall __DELAYX3 + 3 -((2000-( 4 + __PBP__ * 2)) MOD 4) 
  14  0009              	ENDIF
  14  0009              ;# 14 "C:\Users\YVTC\Desktop\單晶片微控制器(一)\0306\4-1-2.c" 1
"File: 4-1-2.c       Assembler  Version HGASM0202      Page 4

  14  0009              	IF (2000< ( 040bh + __PBP__ * 2)) AND (2000> ( 0403h + __PBP__ * 2))
  14  0009              ;# 14 "C:\Users\YVTC\Desktop\單晶片微控制器(一)\0306\4-1-2.c" 1
  14  0009              	MOV A,0 
  14  0009              ;# 14 "C:\Users\YVTC\Desktop\單晶片微控制器(一)\0306\4-1-2.c" 1
  14  0009              	fcall __DELAYX6 + ( 040ah + __PBP__ * 2) -2000
  14  0009              	ENDIF
  14  0009              ;# 14 "C:\Users\YVTC\Desktop\單晶片微控制器(一)\0306\4-1-2.c" 1
  14  0009              	IF (2000 >= ( 040bh + __PBP__ * 2)) AND ((((2000-( 9 + __PBP__ * 2))%0402h)/4+1)>256)
  14  0009              ;# 14 "C:\Users\YVTC\Desktop\單晶片微控制器(一)\0306\4-1-2.c" 1
  14  0009              	MOV A,(2000-( 9 + __PBP__ * 2))/0402h
  14  0009              ;# 14 "C:\Users\YVTC\Desktop\單晶片微控制器(一)\0306\4-1-2.c" 1
  14  0009              	MOV _builtin_holtek_delay_2,A
  14  0009              ;# 14 "C:\Users\YVTC\Desktop\單晶片微控制器(一)\0306\4-1-2.c" 1
  14  0009              	MOV A,0
  14  0009              ;# 14 "C:\Users\YVTC\Desktop\單晶片微控制器(一)\0306\4-1-2.c" 1
  14  0009              	fcall __DELAYY5 +5- (((2000-( 9 + __PBP__ * 2))%0402h)%6) 
  14  0009              	ENDIF
  14  0009              ;# 14 "C:\Users\YVTC\Desktop\單晶片微控制器(一)\0306\4-1-2.c" 1
  14  0009              	IF (2000 >= ( 040bh + __PBP__ * 2)) AND ((((2000-( 9 + __PBP__ * 2))%0402h)/4+1)<=256)
  14  0009              ;# 14 "C:\Users\YVTC\Desktop\單晶片微控制器(一)\0306\4-1-2.c" 1
  14  0009  0F01        	MOV A,(2000-( 9 + __PBP__ * 2))/0402h
  14  000A              ;# 14 "C:\Users\YVTC\Desktop\單晶片微控制器(一)\0306\4-1-2.c" 1
  14  000A  0080     E  	MOV _builtin_holtek_delay_2,A
  14  000B              ;# 14 "C:\Users\YVTC\Desktop\單晶片微控制器(一)\0306\4-1-2.c" 1
  14  000B  0FF1        	MOV A,((2000-( 9 + __PBP__ * 2))%0402h)/4+1
  14  000C              ;# 14 "C:\Users\YVTC\Desktop\單晶片微控制器(一)\0306\4-1-2.c" 1
  14  000C              	fcall __DELAYY3 +3-(((2000-( 9 + __PBP__ * 2))%0402h)%4) 
  14  0013              	ENDIF
  14  0013  1780     E  	sdz ra
  14  0014  2800     R  	jmp _L6
  15  0015              #line 15 "C:\Users\YVTC\Desktop\單晶片微控制器(一)\0306\4-1-2.c"
  15  0015              ;# 15 "C:\Users\YVTC\Desktop\單晶片微控制器(一)\0306\4-1-2.c" 1
  15  0015  189A        	rl [26]
  15  0016  2800     R  	jmp _L2
  15  0017              _L9:
  18  0017              #line 18 "C:\Users\YVTC\Desktop\單晶片微控制器(一)\0306\4-1-2.c"
  18  0017              ;# 18 "C:\Users\YVTC\Desktop\單晶片微控制器(一)\0306\4-1-2.c" 1
  18  0017              	IF 2000>263690
  18  0017              ;# 18 "C:\Users\YVTC\Desktop\單晶片微控制器(一)\0306\4-1-2.c" 1
  18  0017              	ERRMESSAGE 'the value 2000of the argument exceeds the maxinum 263690'
  18  0017              	ENDIF
  18  0017              ;# 18 "C:\Users\YVTC\Desktop\單晶片微控制器(一)\0306\4-1-2.c" 1
  18  0017              	IF 2000<0
  18  0017              ;# 18 "C:\Users\YVTC\Desktop\單晶片微控制器(一)\0306\4-1-2.c" 1
  18  0017              	ERRMESSAGE 'the value 2000 of the argument exceeds the mininum 0'
  18  0017              	ENDIF
  18  0017              ;# 18 "C:\Users\YVTC\Desktop\單晶片微控制器(一)\0306\4-1-2.c" 1
  18  0017              	IF 2000==0
  18  0017              ;# 18 "C:\Users\YVTC\Desktop\單晶片微控制器(一)\0306\4-1-2.c" 1
  18  0017              	JMP $
  18  0017              	ENDIF
  18  0017              ;# 18 "C:\Users\YVTC\Desktop\單晶片微控制器(一)\0306\4-1-2.c" 1
  18  0017              	IF (2000>=1) AND (2000<( 4 + __PBP__ * 2))
  18  0017              ;# 18 "C:\Users\YVTC\Desktop\單晶片微控制器(一)\0306\4-1-2.c" 1
  18  0017              	NOP
  18  0017              	ENDIF
  18  0017              ;# 18 "C:\Users\YVTC\Desktop\單晶片微控制器(一)\0306\4-1-2.c" 1
  18  0017              	IF (2000>=2) AND (2000<( 4 + __PBP__ * 2))
  18  0017              ;# 18 "C:\Users\YVTC\Desktop\單晶片微控制器(一)\0306\4-1-2.c" 1
  18  0017              	NOP
"File: 4-1-2.c       Assembler  Version HGASM0202      Page 5

  18  0017              	ENDIF
  18  0017              ;# 18 "C:\Users\YVTC\Desktop\單晶片微控制器(一)\0306\4-1-2.c" 1
  18  0017              	IF (2000>=3) AND (2000<( 4 + __PBP__ * 2))
  18  0017              ;# 18 "C:\Users\YVTC\Desktop\單晶片微控制器(一)\0306\4-1-2.c" 1
  18  0017              	NOP
  18  0017              	ENDIF
  18  0017              ;# 18 "C:\Users\YVTC\Desktop\單晶片微控制器(一)\0306\4-1-2.c" 1
  18  0017              	IF (2000>=4) AND (2000<( 4 + __PBP__ * 2)) AND ( __PBP__ > 0 )
  18  0017              ;# 18 "C:\Users\YVTC\Desktop\單晶片微控制器(一)\0306\4-1-2.c" 1
  18  0017              	NOP
  18  0017              	ENDIF
  18  0017              ;# 18 "C:\Users\YVTC\Desktop\單晶片微控制器(一)\0306\4-1-2.c" 1
  18  0017              	IF (2000>=5) AND (2000<( 4 + __PBP__ * 2)) AND ( __PBP__ > 0 )
  18  0017              ;# 18 "C:\Users\YVTC\Desktop\單晶片微控制器(一)\0306\4-1-2.c" 1
  18  0017              	NOP
  18  0017              	ENDIF
  18  0017              ;# 18 "C:\Users\YVTC\Desktop\單晶片微控制器(一)\0306\4-1-2.c" 1
  18  0017              	IF (2000>=6) AND (2000<( 4 + __PBP__ * 2))  AND ( __PBP__ > 1 )
  18  0017              ;# 18 "C:\Users\YVTC\Desktop\單晶片微控制器(一)\0306\4-1-2.c" 1
  18  0017              	NOP
  18  0017              	ENDIF
  18  0017              ;# 18 "C:\Users\YVTC\Desktop\單晶片微控制器(一)\0306\4-1-2.c" 1
  18  0017              	IF (2000>=7) AND (2000<( 4 + __PBP__ * 2))  AND ( __PBP__ > 1 )
  18  0017              ;# 18 "C:\Users\YVTC\Desktop\單晶片微控制器(一)\0306\4-1-2.c" 1
  18  0017              	NOP
  18  0017              	ENDIF
  18  0017              ;# 18 "C:\Users\YVTC\Desktop\單晶片微控制器(一)\0306\4-1-2.c" 1
  18  0017              	IF (2000>=8) AND (2000<( 4 + __PBP__ * 2))  AND ( __PBP__ > 2 )
  18  0017              ;# 18 "C:\Users\YVTC\Desktop\單晶片微控制器(一)\0306\4-1-2.c" 1
  18  0017              	NOP
  18  0017              	ENDIF
  18  0017              ;# 18 "C:\Users\YVTC\Desktop\單晶片微控制器(一)\0306\4-1-2.c" 1
  18  0017              	IF (2000==9)  AND ( __PBP__ > 2 )
  18  0017              ;# 18 "C:\Users\YVTC\Desktop\單晶片微控制器(一)\0306\4-1-2.c" 1
  18  0017              	NOP
  18  0017              	ENDIF
  18  0017              ;# 18 "C:\Users\YVTC\Desktop\單晶片微控制器(一)\0306\4-1-2.c" 1
  18  0017              	IF (2000< ( 8 + __PBP__ * 2)) AND (2000>( 3 + __PBP__ * 2))
  18  0017              ;# 18 "C:\Users\YVTC\Desktop\單晶片微控制器(一)\0306\4-1-2.c" 1
  18  0017              	fcall __DELAY3 + ( 7 + __PBP__ * 2) -2000
  18  0017              	ENDIF
  18  0017              ;# 18 "C:\Users\YVTC\Desktop\單晶片微控制器(一)\0306\4-1-2.c" 1
  18  0017              	IF (2000< ( 0404h + __PBP__ * 2)) AND (2000>( 7 + __PBP__ * 2))
  18  0017              ;# 18 "C:\Users\YVTC\Desktop\單晶片微控制器(一)\0306\4-1-2.c" 1
  18  0017              	MOV A,(2000-( 4 + __PBP__ * 2))/4
  18  0017              ;# 18 "C:\Users\YVTC\Desktop\單晶片微控制器(一)\0306\4-1-2.c" 1
  18  0017              	fcall __DELAYX3 + 3 -((2000-( 4 + __PBP__ * 2)) MOD 4) 
  18  0017              	ENDIF
  18  0017              ;# 18 "C:\Users\YVTC\Desktop\單晶片微控制器(一)\0306\4-1-2.c" 1
  18  0017              	IF (2000< ( 040bh + __PBP__ * 2)) AND (2000> ( 0403h + __PBP__ * 2))
  18  0017              ;# 18 "C:\Users\YVTC\Desktop\單晶片微控制器(一)\0306\4-1-2.c" 1
  18  0017              	MOV A,0 
  18  0017              ;# 18 "C:\Users\YVTC\Desktop\單晶片微控制器(一)\0306\4-1-2.c" 1
  18  0017              	fcall __DELAYX6 + ( 040ah + __PBP__ * 2) -2000
  18  0017              	ENDIF
  18  0017              ;# 18 "C:\Users\YVTC\Desktop\單晶片微控制器(一)\0306\4-1-2.c" 1
  18  0017              	IF (2000 >= ( 040bh + __PBP__ * 2)) AND ((((2000-( 9 + __PBP__ * 2))%0402h)/4+1)>256)
  18  0017              ;# 18 "C:\Users\YVTC\Desktop\單晶片微控制器(一)\0306\4-1-2.c" 1
  18  0017              	MOV A,(2000-( 9 + __PBP__ * 2))/0402h
  18  0017              ;# 18 "C:\Users\YVTC\Desktop\單晶片微控制器(一)\0306\4-1-2.c" 1
"File: 4-1-2.c       Assembler  Version HGASM0202      Page 6

  18  0017              	MOV _builtin_holtek_delay_2,A
  18  0017              ;# 18 "C:\Users\YVTC\Desktop\單晶片微控制器(一)\0306\4-1-2.c" 1
  18  0017              	MOV A,0
  18  0017              ;# 18 "C:\Users\YVTC\Desktop\單晶片微控制器(一)\0306\4-1-2.c" 1
  18  0017              	fcall __DELAYY5 +5- (((2000-( 9 + __PBP__ * 2))%0402h)%6) 
  18  0017              	ENDIF
  18  0017              ;# 18 "C:\Users\YVTC\Desktop\單晶片微控制器(一)\0306\4-1-2.c" 1
  18  0017              	IF (2000 >= ( 040bh + __PBP__ * 2)) AND ((((2000-( 9 + __PBP__ * 2))%0402h)/4+1)<=256)
  18  0017              ;# 18 "C:\Users\YVTC\Desktop\單晶片微控制器(一)\0306\4-1-2.c" 1
  18  0017  0F01        	MOV A,(2000-( 9 + __PBP__ * 2))/0402h
  18  0018              ;# 18 "C:\Users\YVTC\Desktop\單晶片微控制器(一)\0306\4-1-2.c" 1
  18  0018  0080     E  	MOV _builtin_holtek_delay_2,A
  18  0019              ;# 18 "C:\Users\YVTC\Desktop\單晶片微控制器(一)\0306\4-1-2.c" 1
  18  0019  0FF1        	MOV A,((2000-( 9 + __PBP__ * 2))%0402h)/4+1
  18  001A              ;# 18 "C:\Users\YVTC\Desktop\單晶片微控制器(一)\0306\4-1-2.c" 1
  18  001A              	fcall __DELAYY3 +3-(((2000-( 9 + __PBP__ * 2))%0402h)%4) 
  18  0021              	ENDIF
  18  0021  1780     E  	sdz ra
  18  0022  2800     R  	jmp _L9
  19  0023              #line 19 "C:\Users\YVTC\Desktop\單晶片微控制器(一)\0306\4-1-2.c"
  19  0023              ;# 19 "C:\Users\YVTC\Desktop\單晶片微控制器(一)\0306\4-1-2.c" 1
  19  0023  199A        	rr [26]
  19  0024              _L5:
  17  0024              #line 17 "C:\Users\YVTC\Desktop\單晶片微控制器(一)\0306\4-1-2.c"
  17  0024  381A        	snz [26].0
  17  0025  2800     R  	jmp _L2
  17  0026  0FC8        	mov a,200
  17  0027  0080     E  	mov ra,a
  17  0028  2800     R  	jmp _L9
  17  0029  2800     R  	jmp $
  17  002A              _main endp
  17  002A              
  17  002A              @dummy endp
  17  002A              
  17  002A              #line 17 "C:\Users\YVTC\Desktop\單晶片微控制器(一)\0306\4-1-2.c"
  17  002A              #pragma debug scope 1 1
  17  002A              #pragma debug struct_end
  17  002A              #pragma debug struct_end
  17  002A              #pragma debug union_end
  17  002A              #pragma debug union_end
  17  002A              #pragma debug variable 43 1 ___pc "__pc" 1
  17  002A              #pragma debug struct_end
  17  002A              #pragma debug struct_end
  17  002A              #pragma debug union_end
  17  002A              #pragma debug union_end
  17  002A              #pragma debug variable 45 1 ___pcc "__pcc" 1
  17  002A              #pragma debug struct_end
  17  002A              #pragma debug struct_end
  17  002A              #pragma debug union_end
  17  002A              #pragma debug union_end
  17  002A              #pragma debug variable 47 1 ___wdtc "__wdtc" 1
   8  002A              #line 8 "C:\Users\YVTC\Desktop\單晶片微控制器(一)\0306\4-1-2.c"
   8  0000              @code .section at 0 'code'
   8  0000  1F0B        	clr bp
   8  0001  2800     R  	jmp _main_startup1
   8  0002              
   8  0002              
   8  0002              ; 
   8  0002              ; Generated by holtek-gcc v3.18, Tue Mar 06 09:40:27 2018
   8  0002              ; Rebuild 126
"File: 4-1-2.c       Assembler  Version HGASM0202      Page 7

   8  0002              ; end of file


        0 Errors, 0