"File: 4-1.c         Assembler  Version HGASM0202      Page 1


   1  0000              ; Generated by holtek-gcc v3.18, Tue Mar 06 09:42:50 2018
   2  0000              ; 
   3  0000              ; Configuration:
   4  0000              ;       with long instruction
   5  0000              ;       Multi-ROM, Multi-RAM
   6  0000              ;       bits_per_rom_unit:16
   7  0000              ;       with mp1
   8  0000              ;       with tbhp, address(0x9)
   9  0000              ;          Use tabrd-const
  10  0000              ;       
  11  0000              ; SFR address of long-instruction arch:
  12  0000              ;    mp0 = -1,1,0
  13  0000              ;    mp1 = 4,3,2
  14  0000              ;    mp2 = 14,13,12
  15  0000              ;    tbp = 9,7,8
  16  0000              ;    acc = 5
  17  0000              ;    pcl = 6
  18  0000              ;    status = 10
  19  0000              ;    bp = 11
  20  0000              ;    intc = 48
  21  0000              ;       
  22  0000              ;       
  23  0000              ; use 'tabrdc' instead of 'tabrd'
  24  0000              ;       
  25  0000              
  26  0000              #pragma translator "holtek-gcc 4.6.4" "3.18" "build 20130711"
  27  0000              ; Rebuild 126
  28  0000              
  29  0000              ir equ [2]
  30  0000              mp equ [3]
  31  0000              sbp equ [4]
  32  0000              acc equ [5]
  33  0000              bp equ [11]
  34  0000              tblp equ [7]
  35  0000              tbhp equ [9]
  36  0000              status equ [10]
  37  0000              c equ [10].0
  38  0000              ac equ [10].1
  39  0000              z equ [10].2
  40  0000              ov equ [10].3
  41  0000              cz equ [10].6
  42  0000              sc equ [10].7
  43  0000              intc equ [48]
  44  0000              
  45  0000              extern ra:byte
  46  0000              extern rb:byte
  47  0000              extern rc:byte
  48  0000              extern rd:byte
  49  0000              extern re:byte
  50  0000              extern rf:byte
  51  0000              extern rg:byte
  52  0000              extern rh:byte
  53  0000              extern _Crom2Prom:near
  54  0000              extern _Crom2PromNext:near
  55  0000              
  56  0000              RAMBANK 0 @BITDATASEC, @BITDATASEC1
  57  0000              @HCCINIT	.section 'data'
  58  0000              @HCCINIT0	.section 'data'
  59  0000              @BITDATASEC	 .section 'data'
"File: 4-1.ASM       Assembler  Version HGASM0202      Page 2

  60  0000              @BITDATASEC1	 .section 'data'
  61  0000              
  62  0000              #pragma debug scope 1 1
  63  0000              	extern __DELAY3:near
  64  0000              	extern __DELAYX3:near
  65  0000              	extern __DELAYX6:near
  66  0000              	extern __DELAYY5:near
  67  0000              	extern __DELAYY3:near
  68  0000              	extern _builtin_holtek_delay_2:byte
  69  0000              ___wdtc equ [62]
  70  0000              ___pcc equ [27]
  71  0000              ___pc equ [26]
  72  0000              public _main
  73  0000              #pragma debug scope 2 1

   7  0000              #line 7 "C:\Users\YVTC\Desktop\單晶片微控制器(一)\0306\4-1.c"
   7  0000              IFDEF WITH_DEFAULT_STARTUP
   7  0000              extern _main_initial0:near
   7  0000              extern _main_startup:near
   7  0000              ENDIF
   7  0000              
   7  0000              ROMBANK 0 @start
   7  0000              @start .section com_l 'code'
   7  0000              _main_startup1:
   7  0000              @start .section com_e 'code'
   7  0000  0F00     R  	mov a,bank _main
   7  0001  008B        	mov bp,a
   7  0002  2800     R  	jmp _main
   7  0003              
   7  0000              _main .section 'code'
   7  0000              _main proc
   8  0000              #line 8 "C:\Users\YVTC\Desktop\單晶片微控制器(一)\0306\4-1.c"
   8  0000  0FAF        	mov a,175
   8  0001  00BE        	mov [62],a
   9  0002              #line 9 "C:\Users\YVTC\Desktop\單晶片微控制器(一)\0306\4-1.c"
   9  0002  1F1B        	clr [27]
  10  0003              #line 10 "C:\Users\YVTC\Desktop\單晶片微控制器(一)\0306\4-1.c"
  10  0003  0FFE        	mov a,254
  10  0004  009A        	mov [26],a
  12  0005              #line 12 "C:\Users\YVTC\Desktop\單晶片微控制器(一)\0306\4-1.c"
  12  0005  1F00     E  	clr ra
  12  0006              _L2:
  12  0006              #line 12 "C:\Users\YVTC\Desktop\單晶片微控制器(一)\0306\4-1.c"
  12  0006  0F06        	mov a,6
  12  0007  0200     E  	sub a,ra
  12  0008  3C0A        	sz c
  12  0009  2800     R  	jmp _L4
  12  000A  0F07        	mov a,7
  12  000B  0080     E  	mov rb,a
  12  000C              _L5:
  12  000C  0FC8        	mov a,200
  12  000D  0080     E  	mov ra,a
  12  000E              _L9:
  17  000E              #line 17 "C:\Users\YVTC\Desktop\單晶片微控制器(一)\0306\4-1.c"
  17  000E              ;# 17 "C:\Users\YVTC\Desktop\單晶片微控制器(一)\0306\4-1.c" 1
  17  000E              	IF 2000>263690
  17  000E              ;# 17 "C:\Users\YVTC\Desktop\單晶片微控制器(一)\0306\4-1.c" 1
  17  000E              	ERRMESSAGE 'the value 2000of the argument exceeds the maxinum 263690'
  17  000E              	ENDIF
  17  000E              ;# 17 "C:\Users\YVTC\Desktop\單晶片微控制器(一)\0306\4-1.c" 1
"File: 4-1.c         Assembler  Version HGASM0202      Page 3

  17  000E              	IF 2000<0
  17  000E              ;# 17 "C:\Users\YVTC\Desktop\單晶片微控制器(一)\0306\4-1.c" 1
  17  000E              	ERRMESSAGE 'the value 2000 of the argument exceeds the mininum 0'
  17  000E              	ENDIF
  17  000E              ;# 17 "C:\Users\YVTC\Desktop\單晶片微控制器(一)\0306\4-1.c" 1
  17  000E              	IF 2000==0
  17  000E              ;# 17 "C:\Users\YVTC\Desktop\單晶片微控制器(一)\0306\4-1.c" 1
  17  000E              	JMP $
  17  000E              	ENDIF
  17  000E              ;# 17 "C:\Users\YVTC\Desktop\單晶片微控制器(一)\0306\4-1.c" 1
  17  000E              	IF (2000>=1) AND (2000<( 4 + __PBP__ * 2))
  17  000E              ;# 17 "C:\Users\YVTC\Desktop\單晶片微控制器(一)\0306\4-1.c" 1
  17  000E              	NOP
  17  000E              	ENDIF
  17  000E              ;# 17 "C:\Users\YVTC\Desktop\單晶片微控制器(一)\0306\4-1.c" 1
  17  000E              	IF (2000>=2) AND (2000<( 4 + __PBP__ * 2))
  17  000E              ;# 17 "C:\Users\YVTC\Desktop\單晶片微控制器(一)\0306\4-1.c" 1
  17  000E              	NOP
  17  000E              	ENDIF
  17  000E              ;# 17 "C:\Users\YVTC\Desktop\單晶片微控制器(一)\0306\4-1.c" 1
  17  000E              	IF (2000>=3) AND (2000<( 4 + __PBP__ * 2))
  17  000E              ;# 17 "C:\Users\YVTC\Desktop\單晶片微控制器(一)\0306\4-1.c" 1
  17  000E              	NOP
  17  000E              	ENDIF
  17  000E              ;# 17 "C:\Users\YVTC\Desktop\單晶片微控制器(一)\0306\4-1.c" 1
  17  000E              	IF (2000>=4) AND (2000<( 4 + __PBP__ * 2)) AND ( __PBP__ > 0 )
  17  000E              ;# 17 "C:\Users\YVTC\Desktop\單晶片微控制器(一)\0306\4-1.c" 1
  17  000E              	NOP
  17  000E              	ENDIF
  17  000E              ;# 17 "C:\Users\YVTC\Desktop\單晶片微控制器(一)\0306\4-1.c" 1
  17  000E              	IF (2000>=5) AND (2000<( 4 + __PBP__ * 2)) AND ( __PBP__ > 0 )
  17  000E              ;# 17 "C:\Users\YVTC\Desktop\單晶片微控制器(一)\0306\4-1.c" 1
  17  000E              	NOP
  17  000E              	ENDIF
  17  000E              ;# 17 "C:\Users\YVTC\Desktop\單晶片微控制器(一)\0306\4-1.c" 1
  17  000E              	IF (2000>=6) AND (2000<( 4 + __PBP__ * 2))  AND ( __PBP__ > 1 )
  17  000E              ;# 17 "C:\Users\YVTC\Desktop\單晶片微控制器(一)\0306\4-1.c" 1
  17  000E              	NOP
  17  000E              	ENDIF
  17  000E              ;# 17 "C:\Users\YVTC\Desktop\單晶片微控制器(一)\0306\4-1.c" 1
  17  000E              	IF (2000>=7) AND (2000<( 4 + __PBP__ * 2))  AND ( __PBP__ > 1 )
  17  000E              ;# 17 "C:\Users\YVTC\Desktop\單晶片微控制器(一)\0306\4-1.c" 1
  17  000E              	NOP
  17  000E              	ENDIF
  17  000E              ;# 17 "C:\Users\YVTC\Desktop\單晶片微控制器(一)\0306\4-1.c" 1
  17  000E              	IF (2000>=8) AND (2000<( 4 + __PBP__ * 2))  AND ( __PBP__ > 2 )
  17  000E              ;# 17 "C:\Users\YVTC\Desktop\單晶片微控制器(一)\0306\4-1.c" 1
  17  000E              	NOP
  17  000E              	ENDIF
  17  000E              ;# 17 "C:\Users\YVTC\Desktop\單晶片微控制器(一)\0306\4-1.c" 1
  17  000E              	IF (2000==9)  AND ( __PBP__ > 2 )
  17  000E              ;# 17 "C:\Users\YVTC\Desktop\單晶片微控制器(一)\0306\4-1.c" 1
  17  000E              	NOP
  17  000E              	ENDIF
  17  000E              ;# 17 "C:\Users\YVTC\Desktop\單晶片微控制器(一)\0306\4-1.c" 1
  17  000E              	IF (2000< ( 8 + __PBP__ * 2)) AND (2000>( 3 + __PBP__ * 2))
  17  000E              ;# 17 "C:\Users\YVTC\Desktop\單晶片微控制器(一)\0306\4-1.c" 1
  17  000E              	fcall __DELAY3 + ( 7 + __PBP__ * 2) -2000
  17  000E              	ENDIF
  17  000E              ;# 17 "C:\Users\YVTC\Desktop\單晶片微控制器(一)\0306\4-1.c" 1
"File: 4-1.c         Assembler  Version HGASM0202      Page 4

  17  000E              	IF (2000< ( 0404h + __PBP__ * 2)) AND (2000>( 7 + __PBP__ * 2))
  17  000E              ;# 17 "C:\Users\YVTC\Desktop\單晶片微控制器(一)\0306\4-1.c" 1
  17  000E              	MOV A,(2000-( 4 + __PBP__ * 2))/4
  17  000E              ;# 17 "C:\Users\YVTC\Desktop\單晶片微控制器(一)\0306\4-1.c" 1
  17  000E              	fcall __DELAYX3 + 3 -((2000-( 4 + __PBP__ * 2)) MOD 4) 
  17  000E              	ENDIF
  17  000E              ;# 17 "C:\Users\YVTC\Desktop\單晶片微控制器(一)\0306\4-1.c" 1
  17  000E              	IF (2000< ( 040bh + __PBP__ * 2)) AND (2000> ( 0403h + __PBP__ * 2))
  17  000E              ;# 17 "C:\Users\YVTC\Desktop\單晶片微控制器(一)\0306\4-1.c" 1
  17  000E              	MOV A,0 
  17  000E              ;# 17 "C:\Users\YVTC\Desktop\單晶片微控制器(一)\0306\4-1.c" 1
  17  000E              	fcall __DELAYX6 + ( 040ah + __PBP__ * 2) -2000
  17  000E              	ENDIF
  17  000E              ;# 17 "C:\Users\YVTC\Desktop\單晶片微控制器(一)\0306\4-1.c" 1
  17  000E              	IF (2000 >= ( 040bh + __PBP__ * 2)) AND ((((2000-( 9 + __PBP__ * 2))%0402h)/4+1)>256)
  17  000E              ;# 17 "C:\Users\YVTC\Desktop\單晶片微控制器(一)\0306\4-1.c" 1
  17  000E              	MOV A,(2000-( 9 + __PBP__ * 2))/0402h
  17  000E              ;# 17 "C:\Users\YVTC\Desktop\單晶片微控制器(一)\0306\4-1.c" 1
  17  000E              	MOV _builtin_holtek_delay_2,A
  17  000E              ;# 17 "C:\Users\YVTC\Desktop\單晶片微控制器(一)\0306\4-1.c" 1
  17  000E              	MOV A,0
  17  000E              ;# 17 "C:\Users\YVTC\Desktop\單晶片微控制器(一)\0306\4-1.c" 1
  17  000E              	fcall __DELAYY5 +5- (((2000-( 9 + __PBP__ * 2))%0402h)%6) 
  17  000E              	ENDIF
  17  000E              ;# 17 "C:\Users\YVTC\Desktop\單晶片微控制器(一)\0306\4-1.c" 1
  17  000E              	IF (2000 >= ( 040bh + __PBP__ * 2)) AND ((((2000-( 9 + __PBP__ * 2))%0402h)/4+1)<=256)
  17  000E              ;# 17 "C:\Users\YVTC\Desktop\單晶片微控制器(一)\0306\4-1.c" 1
  17  000E  0F01        	MOV A,(2000-( 9 + __PBP__ * 2))/0402h
  17  000F              ;# 17 "C:\Users\YVTC\Desktop\單晶片微控制器(一)\0306\4-1.c" 1
  17  000F  0080     E  	MOV _builtin_holtek_delay_2,A
  17  0010              ;# 17 "C:\Users\YVTC\Desktop\單晶片微控制器(一)\0306\4-1.c" 1
  17  0010  0FF1        	MOV A,((2000-( 9 + __PBP__ * 2))%0402h)/4+1
  17  0011              ;# 17 "C:\Users\YVTC\Desktop\單晶片微控制器(一)\0306\4-1.c" 1
  17  0011              	fcall __DELAYY3 +3-(((2000-( 9 + __PBP__ * 2))%0402h)%4) 
  17  0018              	ENDIF
  17  0018  1780     E  	sdz ra
  17  0019  2800     R  	jmp _L9
  18  001A              #line 18 "C:\Users\YVTC\Desktop\單晶片微控制器(一)\0306\4-1.c"
  18  001A  191A        	rra [26]
  18  001B  0E7F        	and a,07fh
  18  001C  0080     E  	mov ra,a
  18  001D  3000     E  	set ra.7
  18  001E  0700     E  	mov a,ra
  18  001F  009A        	mov [26],a
  18  0020  1780     E  	sdz rb
  18  0021  2800     R  	jmp _L5
  12  0022              #line 12 "C:\Users\YVTC\Desktop\單晶片微控制器(一)\0306\4-1.c"
  12  0022  1F00     E  	clr ra
  12  0023              _L4:
  12  0023  0F64        	mov a,100
  12  0024  0080     E  	mov rb,a
  12  0025              _L6:
  13  0025              #line 13 "C:\Users\YVTC\Desktop\單晶片微控制器(一)\0306\4-1.c"
  13  0025              ;# 13 "C:\Users\YVTC\Desktop\單晶片微控制器(一)\0306\4-1.c" 1
  13  0025              	IF 2000>263690
  13  0025              ;# 13 "C:\Users\YVTC\Desktop\單晶片微控制器(一)\0306\4-1.c" 1
  13  0025              	ERRMESSAGE 'the value 2000of the argument exceeds the maxinum 263690'
  13  0025              	ENDIF
  13  0025              ;# 13 "C:\Users\YVTC\Desktop\單晶片微控制器(一)\0306\4-1.c" 1
  13  0025              	IF 2000<0
"File: 4-1.c         Assembler  Version HGASM0202      Page 5

  13  0025              ;# 13 "C:\Users\YVTC\Desktop\單晶片微控制器(一)\0306\4-1.c" 1
  13  0025              	ERRMESSAGE 'the value 2000 of the argument exceeds the mininum 0'
  13  0025              	ENDIF
  13  0025              ;# 13 "C:\Users\YVTC\Desktop\單晶片微控制器(一)\0306\4-1.c" 1
  13  0025              	IF 2000==0
  13  0025              ;# 13 "C:\Users\YVTC\Desktop\單晶片微控制器(一)\0306\4-1.c" 1
  13  0025              	JMP $
  13  0025              	ENDIF
  13  0025              ;# 13 "C:\Users\YVTC\Desktop\單晶片微控制器(一)\0306\4-1.c" 1
  13  0025              	IF (2000>=1) AND (2000<( 4 + __PBP__ * 2))
  13  0025              ;# 13 "C:\Users\YVTC\Desktop\單晶片微控制器(一)\0306\4-1.c" 1
  13  0025              	NOP
  13  0025              	ENDIF
  13  0025              ;# 13 "C:\Users\YVTC\Desktop\單晶片微控制器(一)\0306\4-1.c" 1
  13  0025              	IF (2000>=2) AND (2000<( 4 + __PBP__ * 2))
  13  0025              ;# 13 "C:\Users\YVTC\Desktop\單晶片微控制器(一)\0306\4-1.c" 1
  13  0025              	NOP
  13  0025              	ENDIF
  13  0025              ;# 13 "C:\Users\YVTC\Desktop\單晶片微控制器(一)\0306\4-1.c" 1
  13  0025              	IF (2000>=3) AND (2000<( 4 + __PBP__ * 2))
  13  0025              ;# 13 "C:\Users\YVTC\Desktop\單晶片微控制器(一)\0306\4-1.c" 1
  13  0025              	NOP
  13  0025              	ENDIF
  13  0025              ;# 13 "C:\Users\YVTC\Desktop\單晶片微控制器(一)\0306\4-1.c" 1
  13  0025              	IF (2000>=4) AND (2000<( 4 + __PBP__ * 2)) AND ( __PBP__ > 0 )
  13  0025              ;# 13 "C:\Users\YVTC\Desktop\單晶片微控制器(一)\0306\4-1.c" 1
  13  0025              	NOP
  13  0025              	ENDIF
  13  0025              ;# 13 "C:\Users\YVTC\Desktop\單晶片微控制器(一)\0306\4-1.c" 1
  13  0025              	IF (2000>=5) AND (2000<( 4 + __PBP__ * 2)) AND ( __PBP__ > 0 )
  13  0025              ;# 13 "C:\Users\YVTC\Desktop\單晶片微控制器(一)\0306\4-1.c" 1
  13  0025              	NOP
  13  0025              	ENDIF
  13  0025              ;# 13 "C:\Users\YVTC\Desktop\單晶片微控制器(一)\0306\4-1.c" 1
  13  0025              	IF (2000>=6) AND (2000<( 4 + __PBP__ * 2))  AND ( __PBP__ > 1 )
  13  0025              ;# 13 "C:\Users\YVTC\Desktop\單晶片微控制器(一)\0306\4-1.c" 1
  13  0025              	NOP
  13  0025              	ENDIF
  13  0025              ;# 13 "C:\Users\YVTC\Desktop\單晶片微控制器(一)\0306\4-1.c" 1
  13  0025              	IF (2000>=7) AND (2000<( 4 + __PBP__ * 2))  AND ( __PBP__ > 1 )
  13  0025              ;# 13 "C:\Users\YVTC\Desktop\單晶片微控制器(一)\0306\4-1.c" 1
  13  0025              	NOP
  13  0025              	ENDIF
  13  0025              ;# 13 "C:\Users\YVTC\Desktop\單晶片微控制器(一)\0306\4-1.c" 1
  13  0025              	IF (2000>=8) AND (2000<( 4 + __PBP__ * 2))  AND ( __PBP__ > 2 )
  13  0025              ;# 13 "C:\Users\YVTC\Desktop\單晶片微控制器(一)\0306\4-1.c" 1
  13  0025              	NOP
  13  0025              	ENDIF
  13  0025              ;# 13 "C:\Users\YVTC\Desktop\單晶片微控制器(一)\0306\4-1.c" 1
  13  0025              	IF (2000==9)  AND ( __PBP__ > 2 )
  13  0025              ;# 13 "C:\Users\YVTC\Desktop\單晶片微控制器(一)\0306\4-1.c" 1
  13  0025              	NOP
  13  0025              	ENDIF
  13  0025              ;# 13 "C:\Users\YVTC\Desktop\單晶片微控制器(一)\0306\4-1.c" 1
  13  0025              	IF (2000< ( 8 + __PBP__ * 2)) AND (2000>( 3 + __PBP__ * 2))
  13  0025              ;# 13 "C:\Users\YVTC\Desktop\單晶片微控制器(一)\0306\4-1.c" 1
  13  0025              	fcall __DELAY3 + ( 7 + __PBP__ * 2) -2000
  13  0025              	ENDIF
  13  0025              ;# 13 "C:\Users\YVTC\Desktop\單晶片微控制器(一)\0306\4-1.c" 1
  13  0025              	IF (2000< ( 0404h + __PBP__ * 2)) AND (2000>( 7 + __PBP__ * 2))
"File: 4-1.c         Assembler  Version HGASM0202      Page 6

  13  0025              ;# 13 "C:\Users\YVTC\Desktop\單晶片微控制器(一)\0306\4-1.c" 1
  13  0025              	MOV A,(2000-( 4 + __PBP__ * 2))/4
  13  0025              ;# 13 "C:\Users\YVTC\Desktop\單晶片微控制器(一)\0306\4-1.c" 1
  13  0025              	fcall __DELAYX3 + 3 -((2000-( 4 + __PBP__ * 2)) MOD 4) 
  13  0025              	ENDIF
  13  0025              ;# 13 "C:\Users\YVTC\Desktop\單晶片微控制器(一)\0306\4-1.c" 1
  13  0025              	IF (2000< ( 040bh + __PBP__ * 2)) AND (2000> ( 0403h + __PBP__ * 2))
  13  0025              ;# 13 "C:\Users\YVTC\Desktop\單晶片微控制器(一)\0306\4-1.c" 1
  13  0025              	MOV A,0 
  13  0025              ;# 13 "C:\Users\YVTC\Desktop\單晶片微控制器(一)\0306\4-1.c" 1
  13  0025              	fcall __DELAYX6 + ( 040ah + __PBP__ * 2) -2000
  13  0025              	ENDIF
  13  0025              ;# 13 "C:\Users\YVTC\Desktop\單晶片微控制器(一)\0306\4-1.c" 1
  13  0025              	IF (2000 >= ( 040bh + __PBP__ * 2)) AND ((((2000-( 9 + __PBP__ * 2))%0402h)/4+1)>256)
  13  0025              ;# 13 "C:\Users\YVTC\Desktop\單晶片微控制器(一)\0306\4-1.c" 1
  13  0025              	MOV A,(2000-( 9 + __PBP__ * 2))/0402h
  13  0025              ;# 13 "C:\Users\YVTC\Desktop\單晶片微控制器(一)\0306\4-1.c" 1
  13  0025              	MOV _builtin_holtek_delay_2,A
  13  0025              ;# 13 "C:\Users\YVTC\Desktop\單晶片微控制器(一)\0306\4-1.c" 1
  13  0025              	MOV A,0
  13  0025              ;# 13 "C:\Users\YVTC\Desktop\單晶片微控制器(一)\0306\4-1.c" 1
  13  0025              	fcall __DELAYY5 +5- (((2000-( 9 + __PBP__ * 2))%0402h)%6) 
  13  0025              	ENDIF
  13  0025              ;# 13 "C:\Users\YVTC\Desktop\單晶片微控制器(一)\0306\4-1.c" 1
  13  0025              	IF (2000 >= ( 040bh + __PBP__ * 2)) AND ((((2000-( 9 + __PBP__ * 2))%0402h)/4+1)<=256)
  13  0025              ;# 13 "C:\Users\YVTC\Desktop\單晶片微控制器(一)\0306\4-1.c" 1
  13  0025  0F01        	MOV A,(2000-( 9 + __PBP__ * 2))/0402h
  13  0026              ;# 13 "C:\Users\YVTC\Desktop\單晶片微控制器(一)\0306\4-1.c" 1
  13  0026  0080     E  	MOV _builtin_holtek_delay_2,A
  13  0027              ;# 13 "C:\Users\YVTC\Desktop\單晶片微控制器(一)\0306\4-1.c" 1
  13  0027  0FF1        	MOV A,((2000-( 9 + __PBP__ * 2))%0402h)/4+1
  13  0028              ;# 13 "C:\Users\YVTC\Desktop\單晶片微控制器(一)\0306\4-1.c" 1
  13  0028              	fcall __DELAYY3 +3-(((2000-( 9 + __PBP__ * 2))%0402h)%4) 
  13  002F              	ENDIF
  13  002F  1780     E  	sdz rb
  13  0030  2800     R  	jmp _L6
  14  0031              #line 14 "C:\Users\YVTC\Desktop\單晶片微控制器(一)\0306\4-1.c"
  14  0031  071A        	mov a,[26]
  14  0032  0080     E  	mov rb,a
  14  0033  1F00     E  	clr rc
  14  0034  340A        	clr c
  14  0035  1A80     E  	rlc rb
  14  0036  1A80     E  	rlc rc
  14  0037  0700     E  	mov a,rb
  14  0038  0080     E  	mov rd,a
  14  0039  3000     E  	set rd.0
  14  003A  0700     E  	mov a,rd
  14  003B  009A        	mov [26],a
  12  003C              #line 12 "C:\Users\YVTC\Desktop\單晶片微控制器(一)\0306\4-1.c"
  12  003C  1480     E  	inc ra
  12  003D  2800     R  	jmp _L2
  12  003E  2800     R  	jmp $
  12  003F              _main endp
  12  003F              
  12  003F              @dummy endp
  12  003F              
  12  003F              #line 12 "C:\Users\YVTC\Desktop\單晶片微控制器(一)\0306\4-1.c"
  12  003F              #pragma debug scope 1 1
  12  003F              #pragma debug struct_end
  12  003F              #pragma debug struct_end
"File: 4-1.c         Assembler  Version HGASM0202      Page 7

  12  003F              #pragma debug union_end
  12  003F              #pragma debug union_end
  12  003F              #pragma debug variable 43 1 ___pc "__pc" 1
  12  003F              #pragma debug struct_end
  12  003F              #pragma debug struct_end
  12  003F              #pragma debug union_end
  12  003F              #pragma debug union_end
  12  003F              #pragma debug variable 45 1 ___pcc "__pcc" 1
  12  003F              #pragma debug struct_end
  12  003F              #pragma debug struct_end
  12  003F              #pragma debug union_end
  12  003F              #pragma debug union_end
  12  003F              #pragma debug variable 47 1 ___wdtc "__wdtc" 1
   7  003F              #line 7 "C:\Users\YVTC\Desktop\單晶片微控制器(一)\0306\4-1.c"
   7  0000              @code .section at 0 'code'
   7  0000  1F0B        	clr bp
   7  0001  2800     R  	jmp _main_startup1
   7  0002              
   7  0002              
   7  0002              ; 
   7  0002              ; Generated by holtek-gcc v3.18, Tue Mar 06 09:42:50 2018
   7  0002              ; Rebuild 126
   7  0002              ; end of file


        0 Errors, 0