"File: 4-10.c        Assembler  Version HGASM0202      Page 1


   1  0000              ; Generated by holtek-gcc v3.18, Tue Mar 20 10:30:52 2018
   2  0000              ; 
   3  0000              ; Configuration:
   4  0000              ;       with long instruction
   5  0000              ;       Multi-ROM, Multi-RAM
   6  0000              ;       bits_per_rom_unit:16
   7  0000              ;       with mp1
   8  0000              ;       with tbhp, address(0x9)
   9  0000              ;          Use tabrd-const
  10  0000              ;       
  11  0000              ; SFR address of long-instruction arch:
  12  0000              ;    mp0 = -1,1,0
  13  0000              ;    mp1 = 4,3,2
  14  0000              ;    mp2 = 14,13,12
  15  0000              ;    tbp = 9,7,8
  16  0000              ;    acc = 5
  17  0000              ;    pcl = 6
  18  0000              ;    status = 10
  19  0000              ;    bp = 11
  20  0000              ;    intc = 48
  21  0000              ;       
  22  0000              ;       
  23  0000              ; use 'tabrdc' instead of 'tabrd'
  24  0000              ;       
  25  0000              
  26  0000              #pragma translator "holtek-gcc 4.6.4" "3.18" "build 20130711"
  27  0000              ; Rebuild 126
  28  0000              
  29  0000              ir equ [2]
  30  0000              mp equ [3]
  31  0000              sbp equ [4]
  32  0000              acc equ [5]
  33  0000              bp equ [11]
  34  0000              tblp equ [7]
  35  0000              tbhp equ [9]
  36  0000              status equ [10]
  37  0000              c equ [10].0
  38  0000              ac equ [10].1
  39  0000              z equ [10].2
  40  0000              ov equ [10].3
  41  0000              cz equ [10].6
  42  0000              sc equ [10].7
  43  0000              intc equ [48]
  44  0000              
  45  0000              extern ra:byte
  46  0000              extern rb:byte
  47  0000              extern rc:byte
  48  0000              extern rd:byte
  49  0000              extern re:byte
  50  0000              extern rf:byte
  51  0000              extern rg:byte
  52  0000              extern rh:byte
  53  0000              extern _Crom2Prom:near
  54  0000              extern _Crom2PromNext:near
  55  0000              
  56  0000              RAMBANK 0 @BITDATASEC, @BITDATASEC1
  57  0000              @HCCINIT	.section 'data'
  58  0000              @HCCINIT0	.section 'data'
  59  0000              @BITDATASEC	 .section 'data'
"File: 4-10.ASM      Assembler  Version HGASM0202      Page 2

  60  0000              @BITDATASEC1	 .section 'data'
  61  0000              
  62  0000              #pragma debug scope 1 1
  63  0000              	extern __DELAY3:near
  64  0000              	extern __DELAYX3:near
  65  0000              	extern __DELAYX6:near
  66  0000              	extern __DELAYY5:near
  67  0000              	extern __DELAYY3:near
  68  0000              	extern _builtin_holtek_delay_2:byte
  69  0000              ___pc equ [26]
  70  0000              ___mfi0 equ [52]
  71  0000              public _ISR_STM
  72  0000              #pragma debug scope 2 1

  32  0000              #line 32 "C:\Users\YVTC\Desktop\單晶片微控制器(一)\0320\4-10.c"
  32  0000              rombank 0 @ISR_STM_code
  32  0000              @ISR_STM_code .section at 20 'code'
  32  0000  0080     E  	mov r1,a
  32  0001  070B        	mov a,bp
  32  0002  1F0B        	clr bp
  32  0003  2800     R  	jmp _ISR_STM
  32  0004              ROMBANK 0 _ISR_STM
  32  0004              #pragma debug scope 1 1
  32  0004              @dummy20 endp
  32  0004              #pragma debug scope 3 1
  32  0000              _ISR_STM .section 'code'
  32  0000              _ISR_STM proc
  32  0000  0080     E  	mov r2,a
  32  0001  070A        	mov a, status
  32  0002  0080     E  	mov r3,a
  32  0003  111A        	swapa [26]
  32  0004  0E0F        	and a,0fh
  32  0005  0080     E  	mov ra,a
  32  0006  0F01        	mov a,1
  32  0007  0480     E  	xorm a,ra
  32  0008  0F01        	mov a,1
  32  0009  0680     E  	andm a,ra
  32  000A  1100     E  	swapa ra
  32  000B  0EF0        	and a,0f0h 
  32  000C  0080     E  	mov ra,a
  32  000D  361A        	clr [26].4
  32  000E  0700     E  	mov a,ra
  32  000F  059A        	orm a,[26]
  33  0010              #line 33 "C:\Users\YVTC\Desktop\單晶片微控制器(一)\0320\4-10.c"
  33  0010  37B4        	clr [52].7
  33  0011  0700     E  	mov a,r2
  33  0012  008B        	mov bp,a
  33  0013  0700     E  	mov a,r3
  33  0014  008A        	mov status,a
  33  0015  0700     E  	mov a,r1
  33  0016  0004        	reti
  33  0017              _ISR_STM endp
  33  0017              
  33  0017              #line 33 "C:\Users\YVTC\Desktop\單晶片微控制器(一)\0320\4-10.c"
  33  0017              #pragma debug scope 1 1
  33  0017              public _PAUSE
  33  0017              #pragma debug scope 4 1
  36  0017              #line 36 "C:\Users\YVTC\Desktop\單晶片微控制器(一)\0320\4-10.c"
  36  0000              _PAUSE .section 'code'
  36  0000              _PAUSE proc
"File: 4-10.c        Assembler  Version HGASM0202      Page 3

  36  0000  00              local _PAUSE_2 db 1 dup(?)	; 0,1
  36  0000  0080     R  	mov _PAUSE_2[0],a
  36  0001              #pragma debug variable 8 4 _PAUSE_2+0 "i"
  37  0001              #line 37 "C:\Users\YVTC\Desktop\單晶片微控制器(一)\0320\4-10.c"
  37  0001  1F00     E  	clr ra
  37  0002  2800     R  	jmp _L3
  37  0003              _L4:
  37  0003              #line 37 "C:\Users\YVTC\Desktop\單晶片微控制器(一)\0320\4-10.c"
  37  0003              ;# 37 "C:\Users\YVTC\Desktop\單晶片微控制器(一)\0320\4-10.c" 1
  37  0003              	IF 20000>263690
  37  0003              ;# 37 "C:\Users\YVTC\Desktop\單晶片微控制器(一)\0320\4-10.c" 1
  37  0003              	ERRMESSAGE 'the value 20000of the argument exceeds the maxinum 263690'
  37  0003              	ENDIF
  37  0003              ;# 37 "C:\Users\YVTC\Desktop\單晶片微控制器(一)\0320\4-10.c" 1
  37  0003              	IF 20000<0
  37  0003              ;# 37 "C:\Users\YVTC\Desktop\單晶片微控制器(一)\0320\4-10.c" 1
  37  0003              	ERRMESSAGE 'the value 20000 of the argument exceeds the mininum 0'
  37  0003              	ENDIF
  37  0003              ;# 37 "C:\Users\YVTC\Desktop\單晶片微控制器(一)\0320\4-10.c" 1
  37  0003              	IF 20000==0
  37  0003              ;# 37 "C:\Users\YVTC\Desktop\單晶片微控制器(一)\0320\4-10.c" 1
  37  0003              	JMP $
  37  0003              	ENDIF
  37  0003              ;# 37 "C:\Users\YVTC\Desktop\單晶片微控制器(一)\0320\4-10.c" 1
  37  0003              	IF (20000>=1) AND (20000<( 4 + __PBP__ * 2))
  37  0003              ;# 37 "C:\Users\YVTC\Desktop\單晶片微控制器(一)\0320\4-10.c" 1
  37  0003              	NOP
  37  0003              	ENDIF
  37  0003              ;# 37 "C:\Users\YVTC\Desktop\單晶片微控制器(一)\0320\4-10.c" 1
  37  0003              	IF (20000>=2) AND (20000<( 4 + __PBP__ * 2))
  37  0003              ;# 37 "C:\Users\YVTC\Desktop\單晶片微控制器(一)\0320\4-10.c" 1
  37  0003              	NOP
  37  0003              	ENDIF
  37  0003              ;# 37 "C:\Users\YVTC\Desktop\單晶片微控制器(一)\0320\4-10.c" 1
  37  0003              	IF (20000>=3) AND (20000<( 4 + __PBP__ * 2))
  37  0003              ;# 37 "C:\Users\YVTC\Desktop\單晶片微控制器(一)\0320\4-10.c" 1
  37  0003              	NOP
  37  0003              	ENDIF
  37  0003              ;# 37 "C:\Users\YVTC\Desktop\單晶片微控制器(一)\0320\4-10.c" 1
  37  0003              	IF (20000>=4) AND (20000<( 4 + __PBP__ * 2)) AND ( __PBP__ > 0 )
  37  0003              ;# 37 "C:\Users\YVTC\Desktop\單晶片微控制器(一)\0320\4-10.c" 1
  37  0003              	NOP
  37  0003              	ENDIF
  37  0003              ;# 37 "C:\Users\YVTC\Desktop\單晶片微控制器(一)\0320\4-10.c" 1
  37  0003              	IF (20000>=5) AND (20000<( 4 + __PBP__ * 2)) AND ( __PBP__ > 0 )
  37  0003              ;# 37 "C:\Users\YVTC\Desktop\單晶片微控制器(一)\0320\4-10.c" 1
  37  0003              	NOP
  37  0003              	ENDIF
  37  0003              ;# 37 "C:\Users\YVTC\Desktop\單晶片微控制器(一)\0320\4-10.c" 1
  37  0003              	IF (20000>=6) AND (20000<( 4 + __PBP__ * 2))  AND ( __PBP__ > 1 )
  37  0003              ;# 37 "C:\Users\YVTC\Desktop\單晶片微控制器(一)\0320\4-10.c" 1
  37  0003              	NOP
  37  0003              	ENDIF
  37  0003              ;# 37 "C:\Users\YVTC\Desktop\單晶片微控制器(一)\0320\4-10.c" 1
  37  0003              	IF (20000>=7) AND (20000<( 4 + __PBP__ * 2))  AND ( __PBP__ > 1 )
  37  0003              ;# 37 "C:\Users\YVTC\Desktop\單晶片微控制器(一)\0320\4-10.c" 1
  37  0003              	NOP
  37  0003              	ENDIF
  37  0003              ;# 37 "C:\Users\YVTC\Desktop\單晶片微控制器(一)\0320\4-10.c" 1
  37  0003              	IF (20000>=8) AND (20000<( 4 + __PBP__ * 2))  AND ( __PBP__ > 2 )
"File: 4-10.c        Assembler  Version HGASM0202      Page 4

  37  0003              ;# 37 "C:\Users\YVTC\Desktop\單晶片微控制器(一)\0320\4-10.c" 1
  37  0003              	NOP
  37  0003              	ENDIF
  37  0003              ;# 37 "C:\Users\YVTC\Desktop\單晶片微控制器(一)\0320\4-10.c" 1
  37  0003              	IF (20000==9)  AND ( __PBP__ > 2 )
  37  0003              ;# 37 "C:\Users\YVTC\Desktop\單晶片微控制器(一)\0320\4-10.c" 1
  37  0003              	NOP
  37  0003              	ENDIF
  37  0003              ;# 37 "C:\Users\YVTC\Desktop\單晶片微控制器(一)\0320\4-10.c" 1
  37  0003              	IF (20000< ( 8 + __PBP__ * 2)) AND (20000>( 3 + __PBP__ * 2))
  37  0003              ;# 37 "C:\Users\YVTC\Desktop\單晶片微控制器(一)\0320\4-10.c" 1
  37  0003              	fcall __DELAY3 + ( 7 + __PBP__ * 2) -20000
  37  0003              	ENDIF
  37  0003              ;# 37 "C:\Users\YVTC\Desktop\單晶片微控制器(一)\0320\4-10.c" 1
  37  0003              	IF (20000< ( 0404h + __PBP__ * 2)) AND (20000>( 7 + __PBP__ * 2))
  37  0003              ;# 37 "C:\Users\YVTC\Desktop\單晶片微控制器(一)\0320\4-10.c" 1
  37  0003              	MOV A,(20000-( 4 + __PBP__ * 2))/4
  37  0003              ;# 37 "C:\Users\YVTC\Desktop\單晶片微控制器(一)\0320\4-10.c" 1
  37  0003              	fcall __DELAYX3 + 3 -((20000-( 4 + __PBP__ * 2)) MOD 4) 
  37  0003              	ENDIF
  37  0003              ;# 37 "C:\Users\YVTC\Desktop\單晶片微控制器(一)\0320\4-10.c" 1
  37  0003              	IF (20000< ( 040bh + __PBP__ * 2)) AND (20000> ( 0403h + __PBP__ * 2))
  37  0003              ;# 37 "C:\Users\YVTC\Desktop\單晶片微控制器(一)\0320\4-10.c" 1
  37  0003              	MOV A,0 
  37  0003              ;# 37 "C:\Users\YVTC\Desktop\單晶片微控制器(一)\0320\4-10.c" 1
  37  0003              	fcall __DELAYX6 + ( 040ah + __PBP__ * 2) -20000
  37  0003              	ENDIF
  37  0003              ;# 37 "C:\Users\YVTC\Desktop\單晶片微控制器(一)\0320\4-10.c" 1
  37  0003              	IF (20000 >= ( 040bh + __PBP__ * 2)) AND ((((20000-( 9 + __PBP__ * 2))%0402h)/4+1)>256)
  37  0003              ;# 37 "C:\Users\YVTC\Desktop\單晶片微控制器(一)\0320\4-10.c" 1
  37  0003              	MOV A,(20000-( 9 + __PBP__ * 2))/0402h
  37  0003              ;# 37 "C:\Users\YVTC\Desktop\單晶片微控制器(一)\0320\4-10.c" 1
  37  0003              	MOV _builtin_holtek_delay_2,A
  37  0003              ;# 37 "C:\Users\YVTC\Desktop\單晶片微控制器(一)\0320\4-10.c" 1
  37  0003              	MOV A,0
  37  0003              ;# 37 "C:\Users\YVTC\Desktop\單晶片微控制器(一)\0320\4-10.c" 1
  37  0003              	fcall __DELAYY5 +5- (((20000-( 9 + __PBP__ * 2))%0402h)%6) 
  37  0003              	ENDIF
  37  0003              ;# 37 "C:\Users\YVTC\Desktop\單晶片微控制器(一)\0320\4-10.c" 1
  37  0003              	IF (20000 >= ( 040bh + __PBP__ * 2)) AND ((((20000-( 9 + __PBP__ * 2))%0402h)/4+1)<=256)
  37  0003              ;# 37 "C:\Users\YVTC\Desktop\單晶片微控制器(一)\0320\4-10.c" 1
  37  0003  0F13        	MOV A,(20000-( 9 + __PBP__ * 2))/0402h
  37  0004              ;# 37 "C:\Users\YVTC\Desktop\單晶片微控制器(一)\0320\4-10.c" 1
  37  0004  0080     E  	MOV _builtin_holtek_delay_2,A
  37  0005              ;# 37 "C:\Users\YVTC\Desktop\單晶片微控制器(一)\0320\4-10.c" 1
  37  0005  0F7C        	MOV A,((20000-( 9 + __PBP__ * 2))%0402h)/4+1
  37  0006              ;# 37 "C:\Users\YVTC\Desktop\單晶片微控制器(一)\0320\4-10.c" 1
  37  0006              	fcall __DELAYY3 +3-(((20000-( 9 + __PBP__ * 2))%0402h)%4) 
  37  000D              	ENDIF
  37  000D  1480     E  	inc ra
  37  000E              _L3:
  37  000E  0700     E  	mov a,ra
  37  000F  0200     R  	sub a,_PAUSE_2[0]
  37  0010  390A        	snz z
  37  0011  2800     R  	jmp _L4
  37  0012  0003        	ret
  37  0013              _PAUSE endp
  37  0013              #line 37 "C:\Users\YVTC\Desktop\單晶片微控制器(一)\0320\4-10.c"
  37  0013              #pragma debug scope 1 1
  37  0013              ___wdtc equ [62]
"File: 4-10.c        Assembler  Version HGASM0202      Page 5

  37  0013              ___pcc equ [27]
  37  0013              ___intc1 equ [49]
  37  0013              ___tm2c0 equ [81]
  37  0013              ___tm2c1 equ [82]
  37  0013              ___intc0 equ [48]
  37  0013              ___tm2ah equ [86]
  37  0013              ___tm2al equ [85]
  37  0013              public _main
  37  0013              #pragma debug scope 5 1
  15  0013              #line 15 "C:\Users\YVTC\Desktop\單晶片微控制器(一)\0320\4-10.c"
  15  0013              IFDEF WITH_DEFAULT_STARTUP
  15  0013              extern _main_initial0:near
  15  0013              extern _main_startup:near
  15  0013              ENDIF
  15  0013              
  15  0013              ROMBANK 0 @start
  15  0000              @start .section com_l 'code'
  15  0000              _main_startup1:
  15  0000              @start .section com_e 'code'
  15  0000  0F00     R  	mov a,bank _main
  15  0001  008B        	mov bp,a
  15  0002  2800     R  	jmp _main
  15  0003              
  15  0000              _main .section 'code'
  15  0000              _main proc
  15  0000  00              local _main_2 db 1 dup(?)
  15  0001              #pragma debug variable 8 5 _main_2+0 "i"
  16  0001              #line 16 "C:\Users\YVTC\Desktop\單晶片微控制器(一)\0320\4-10.c"
  16  0000  0FAF        	mov a,175
  16  0001  00BE        	mov [62],a
  17  0002              #line 17 "C:\Users\YVTC\Desktop\單晶片微控制器(一)\0320\4-10.c"
  17  0002  361B        	clr [27].4
  18  0003              #line 18 "C:\Users\YVTC\Desktop\單晶片微控制器(一)\0320\4-10.c"
  18  0003  30B1        	set [49].1
  18  0004  31B4        	set [52].3
  19  0005              #line 19 "C:\Users\YVTC\Desktop\單晶片微控制器(一)\0320\4-10.c"
  19  0005  1F51        	clr [81]
  19  0006  0FC1        	mov a,193
  19  0007  00D2        	mov [82],a
  20  0008              #line 20 "C:\Users\YVTC\Desktop\單晶片微控制器(一)\0320\4-10.c"
  20  0008  37B4        	clr [52].7
  20  0009  36B1        	clr [49].5
  20  000A  3030        	set [48].0
  20  000B              _L9:
  22  000B              #line 22 "C:\Users\YVTC\Desktop\單晶片微控制器(一)\0320\4-10.c"
  22  000B  1F00     R  	clr _main_2[0]
  22  000C              _L7:
  23  000C              #line 23 "C:\Users\YVTC\Desktop\單晶片微控制器(一)\0320\4-10.c"
  23  000C  0700     R  	mov a,_main_2[0]
  23  000D  0080     E  	mov rb,a
  23  000E  1F00     E  	clr rc
  23  000F  340A        	clr c
  23  0010  1A80     E  	rlc rb
  23  0011  1A80     E  	rlc rc
  23  0012  0F00     R  	mov a,low offset _Pitch_TAB
  23  0013  0300     E  	add a,rb
  23  0014  0083        	mov mp,a
  23  0015  0F00     R  	mov a,high offset _Pitch_TAB
  23  0016  1300     E  	adc a,rc
  23  0017  0084        	mov sbp,a
"File: 4-10.c        Assembler  Version HGASM0202      Page 6

  23  0018              	fcall _Crom2Prom
  23  001F  0080     E  	mov rb,a
  23  0020              	fcall _Crom2PromNext
  23  0027  0080     E  	mov rc,a
  23  0028  0700     E  	mov a,rc
  23  0029  00D6        	mov [86],a
  24  002A              #line 24 "C:\Users\YVTC\Desktop\單晶片微控制器(一)\0320\4-10.c"
  24  002A  0700     E  	mov a,rb
  24  002B  00D5        	mov [85],a
  26  002C              #line 26 "C:\Users\YVTC\Desktop\單晶片微控制器(一)\0320\4-10.c"
  26  002C  31D1        	set [81].3
  26  002D  0F28        	mov a,40
  26  002E              	fcall _PAUSE
  27  0035              #line 27 "C:\Users\YVTC\Desktop\單晶片微控制器(一)\0320\4-10.c"
  27  0035  35D1        	clr [81].3
  27  0036  0F0A        	mov a,10
  27  0037              	fcall _PAUSE
  22  003E              #line 22 "C:\Users\YVTC\Desktop\單晶片微控制器(一)\0320\4-10.c"
  22  003E  1480     R  	inc _main_2[0]
  22  003F  0F0E        	mov a,14
  22  0040  0200     R  	sub a,_main_2[0]
  22  0041  3C0A        	sz c
  22  0042  2800     R  	jmp _L7
  22  0043  2800     R  	jmp _L9
  22  0044  2800     R  	jmp $
  22  0045              _main endp
  22  0045              
  22  0045              @dummy endp
  22  0045              
  22  0045              #line 22 "C:\Users\YVTC\Desktop\單晶片微控制器(一)\0320\4-10.c"
  22  0045              #pragma debug scope 1 1
  22  0045              public _Pitch_TAB
  22  0000              @crom	.section 'crom'
   7  0000              #line 7 "C:\Users\YVTC\Desktop\單晶片微控制器(一)\0320\4-10.c"
   7  0000              @crom	.section	'crom'
   7  0000              _Pitch_TAB:
   7  0000              #pragma debug array 42 12 15 1
   7  0000              #pragma debug array 42 12 15 1
   7  0000              #pragma debug variable 42 1 _Pitch_TAB "Pitch_TAB"
   7  0000  0778        	dc 1912
   7  0001  06A7        	dc 1703
   7  0002  05ED        	dc 1517
   7  0003  0598        	dc 1432
   7  0004  04F9        	dc 1273
   7  0005  0470        	dc 1136
   7  0006  03EA        	dc 1002
   7  0007  03BC        	dc 956
   7  0008  0353        	dc 851
   7  0009  02F6        	dc 758
   7  000A  02CC        	dc 716
   7  000B  027C        	dc 636
   7  000C  0238        	dc 568
   7  000D  01F5        	dc 501
   7  000E  01DE        	dc 478
   7  000F              #pragma debug struct_end
   7  000F              #pragma debug struct_end
   7  000F              #pragma debug union_end
   7  000F              #pragma debug union_end
   7  000F              #pragma debug variable 44 1 ___pc "__pc" 1
   7  000F              #pragma debug struct_end
"File: 4-10.c        Assembler  Version HGASM0202      Page 7

   7  000F              #pragma debug struct_end
   7  000F              #pragma debug union_end
   7  000F              #pragma debug union_end
   7  000F              #pragma debug variable 46 1 ___pcc "__pcc" 1
   7  000F              #pragma debug struct_end
   7  000F              #pragma debug struct_end
   7  000F              #pragma debug union_end
   7  000F              #pragma debug union_end
   7  000F              #pragma debug variable 48 1 ___intc0 "__intc0" 1
   7  000F              #pragma debug struct_end
   7  000F              #pragma debug struct_end
   7  000F              #pragma debug union_end
   7  000F              #pragma debug union_end
   7  000F              #pragma debug variable 50 1 ___intc1 "__intc1" 1
   7  000F              #pragma debug struct_end
   7  000F              #pragma debug struct_end
   7  000F              #pragma debug union_end
   7  000F              #pragma debug union_end
   7  000F              #pragma debug variable 52 1 ___mfi0 "__mfi0" 1
   7  000F              #pragma debug struct_end
   7  000F              #pragma debug struct_end
   7  000F              #pragma debug union_end
   7  000F              #pragma debug union_end
   7  000F              #pragma debug variable 54 1 ___wdtc "__wdtc" 1
   7  000F              #pragma debug struct_end
   7  000F              #pragma debug struct_end
   7  000F              #pragma debug union_end
   7  000F              #pragma debug union_end
   7  000F              #pragma debug variable 56 1 ___tm2c0 "__tm2c0" 1
   7  000F              #pragma debug struct_end
   7  000F              #pragma debug struct_end
   7  000F              #pragma debug union_end
   7  000F              #pragma debug union_end
   7  000F              #pragma debug variable 58 1 ___tm2c1 "__tm2c1" 1
   7  000F              #pragma debug variable 8 1 ___tm2al "__tm2al" 1
   7  000F              #pragma debug variable 8 1 ___tm2ah "__tm2ah" 1
   7  000F              extern r1:byte
   7  000F              extern r2:byte
   7  000F              extern r3:byte
  15  000F              #line 15 "C:\Users\YVTC\Desktop\單晶片微控制器(一)\0320\4-10.c"
  15  0000              @code .section at 0 'code'
  15  0000  1F0B        	clr bp
  15  0001  2800     R  	jmp _main_startup1
  15  0002              
  15  0002              
  15  0002              ; 
  15  0002              ; Generated by holtek-gcc v3.18, Tue Mar 20 10:30:52 2018
  15  0002              ; Rebuild 126
  15  0002              ; end of file


        0 Errors, 0