"File: 4-10-1.c      Assembler  Version HGASM0202      Page 1


   1  0000              ; Generated by holtek-gcc v3.18, Tue Mar 20 11:46:36 2018
   2  0000              ; 
   3  0000              ; Configuration:
   4  0000              ;       with long instruction
   5  0000              ;       Multi-ROM, Multi-RAM
   6  0000              ;       bits_per_rom_unit:16
   7  0000              ;       with mp1
   8  0000              ;       with tbhp, address(0x9)
   9  0000              ;          Use tabrd-const
  10  0000              ;       
  11  0000              ; SFR address of long-instruction arch:
  12  0000              ;    mp0 = -1,1,0
  13  0000              ;    mp1 = 4,3,2
  14  0000              ;    mp2 = 14,13,12
  15  0000              ;    tbp = 9,7,8
  16  0000              ;    acc = 5
  17  0000              ;    pcl = 6
  18  0000              ;    status = 10
  19  0000              ;    bp = 11
  20  0000              ;    intc = 48
  21  0000              ;       
  22  0000              ;       
  23  0000              ; use 'tabrdc' instead of 'tabrd'
  24  0000              ;       
  25  0000              
  26  0000              #pragma translator "holtek-gcc 4.6.4" "3.18" "build 20130711"
  27  0000              ; Rebuild 126
  28  0000              
  29  0000              ir equ [2]
  30  0000              mp equ [3]
  31  0000              sbp equ [4]
  32  0000              acc equ [5]
  33  0000              bp equ [11]
  34  0000              tblp equ [7]
  35  0000              tbhp equ [9]
  36  0000              status equ [10]
  37  0000              c equ [10].0
  38  0000              ac equ [10].1
  39  0000              z equ [10].2
  40  0000              ov equ [10].3
  41  0000              cz equ [10].6
  42  0000              sc equ [10].7
  43  0000              intc equ [48]
  44  0000              
  45  0000              extern ra:byte
  46  0000              extern rb:byte
  47  0000              extern rc:byte
  48  0000              extern rd:byte
  49  0000              extern re:byte
  50  0000              extern rf:byte
  51  0000              extern rg:byte
  52  0000              extern rh:byte
  53  0000              extern _Crom2Prom:near
  54  0000              extern _Crom2PromNext:near
  55  0000              
  56  0000              RAMBANK 0 @BITDATASEC, @BITDATASEC1
  57  0000              @HCCINIT	.section 'data'
  58  0000              @HCCINIT0	.section 'data'
  59  0000              @BITDATASEC	 .section 'data'
"File: 4-10-1.ASM    Assembler  Version HGASM0202      Page 2

  60  0000              @BITDATASEC1	 .section 'data'
  61  0000              
  62  0000              #pragma debug scope 1 1
  63  0000              	extern __DELAY3:near
  64  0000              	extern __DELAYX3:near
  65  0000              	extern __DELAYX6:near
  66  0000              	extern __DELAYY5:near
  67  0000              	extern __DELAYY3:near
  68  0000              	extern _builtin_holtek_delay_2:byte
  69  0000              ___pec equ [35]
  70  0000              ___pepu equ [33]
  71  0000              ___pe equ [34]
  72  0000              public _ScanKey
  73  0000              #pragma debug scope 2 1

  32  0000              #line 32 "C:\Users\YVTC\Desktop\單晶片微控制器(一)\0320\4-10-1.c"
  32  0000              _ScanKey .section 'code'
  32  0000              _ScanKey proc
  33  0000              #line 33 "C:\Users\YVTC\Desktop\單晶片微控制器(一)\0320\4-10-1.c"
  33  0000  0FF0        	mov a,240
  33  0001  00A3        	mov [35],a
  33  0002  0FF0        	mov a,240
  33  0003  00A1        	mov [33],a
  34  0004              #line 34 "C:\Users\YVTC\Desktop\單晶片微控制器(一)\0320\4-10-1.c"
  34  0004  0FFE        	mov a,254
  34  0005  00A2        	mov [34],a
  32  0006              #line 32 "C:\Users\YVTC\Desktop\單晶片微控制器(一)\0320\4-10-1.c"
  32  0006  1F00     E  	clr ra
  32  0007              _L6:
  36  0007              #line 36 "C:\Users\YVTC\Desktop\單晶片微控制器(一)\0320\4-10-1.c"
  36  0007  3A22        	snz [34].4
  36  0008  2800     R  	jmp _L2
  38  0009              #line 38 "C:\Users\YVTC\Desktop\單晶片微控制器(一)\0320\4-10-1.c"
  38  0009  3EA2        	sz [34].5
  38  000A  2800     R  	jmp _L3
  37  000B              #line 37 "C:\Users\YVTC\Desktop\單晶片微控制器(一)\0320\4-10-1.c"
  37  000B  1480     E  	inc ra
  37  000C  2800     R  	jmp _L2
  37  000D              _L3:
  40  000D              #line 40 "C:\Users\YVTC\Desktop\單晶片微控制器(一)\0320\4-10-1.c"
  40  000D  3F22        	sz [34].6
  40  000E  2800     R  	jmp _L4
  39  000F              #line 39 "C:\Users\YVTC\Desktop\單晶片微控制器(一)\0320\4-10-1.c"
  39  000F  0F02        	mov a,2
  39  0010  0380     E  	addm a,ra
  39  0011  2800     R  	jmp _L2
  39  0012              _L4:
  42  0012              #line 42 "C:\Users\YVTC\Desktop\單晶片微控制器(一)\0320\4-10-1.c"
  42  0012  3FA2        	sz [34].7
  42  0013  2800     R  	jmp _L5
  41  0014              #line 41 "C:\Users\YVTC\Desktop\單晶片微控制器(一)\0320\4-10-1.c"
  41  0014  0F03        	mov a,3
  41  0015  0380     E  	addm a,ra
  41  0016  2800     R  	jmp _L2
  41  0017              _L5:
  43  0017              #line 43 "C:\Users\YVTC\Desktop\單晶片微控制器(一)\0320\4-10-1.c"
  43  0017  0F04        	mov a,4
  43  0018  0380     E  	addm a,ra
  44  0019              #line 44 "C:\Users\YVTC\Desktop\單晶片微控制器(一)\0320\4-10-1.c"
  44  0019  0722        	mov a,[34]
"File: 4-10-1.c      Assembler  Version HGASM0202      Page 3

  44  001A  03A2        	addm a,[34]
  44  001B  3022        	set [34].0
  35  001C              #line 35 "C:\Users\YVTC\Desktop\單晶片微控制器(一)\0320\4-10-1.c"
  35  001C  0700     E  	mov a,ra
  35  001D  0A10        	sub a,16
  35  001E  390A        	snz z
  35  001F  2800     R  	jmp _L6
  35  0020              _L2:
  47  0020              #line 47 "C:\Users\YVTC\Desktop\單晶片微控制器(一)\0320\4-10-1.c"
  47  0020  0700     E  	mov a,ra
  47  0021  0003        	ret
  47  0022              _ScanKey endp
  47  0022              #line 47 "C:\Users\YVTC\Desktop\單晶片微控制器(一)\0320\4-10-1.c"
  47  0022              #pragma debug scope 1 1
  47  0022              public _PAUSE
  47  0022              #pragma debug scope 3 1
  49  0022              #line 49 "C:\Users\YVTC\Desktop\單晶片微控制器(一)\0320\4-10-1.c"
  49  0000              _PAUSE .section 'code'
  49  0000              _PAUSE proc
  49  0000  00              local _PAUSE_2 db 1 dup(?)	; 0,1
  49  0000  0080     R  	mov _PAUSE_2[0],a
  49  0001              #pragma debug variable 8 3 _PAUSE_2+0 "i"
  50  0001              #line 50 "C:\Users\YVTC\Desktop\單晶片微控制器(一)\0320\4-10-1.c"
  50  0001  1F00     E  	clr ra
  50  0002  2800     R  	jmp _L15
  50  0003              _L16:
  50  0003              #line 50 "C:\Users\YVTC\Desktop\單晶片微控制器(一)\0320\4-10-1.c"
  50  0003              ;# 50 "C:\Users\YVTC\Desktop\單晶片微控制器(一)\0320\4-10-1.c" 1
  50  0003              	IF 20000>263690
  50  0003              ;# 50 "C:\Users\YVTC\Desktop\單晶片微控制器(一)\0320\4-10-1.c" 1
  50  0003              	ERRMESSAGE 'the value 20000of the argument exceeds the maxinum 263690'
  50  0003              	ENDIF
  50  0003              ;# 50 "C:\Users\YVTC\Desktop\單晶片微控制器(一)\0320\4-10-1.c" 1
  50  0003              	IF 20000<0
  50  0003              ;# 50 "C:\Users\YVTC\Desktop\單晶片微控制器(一)\0320\4-10-1.c" 1
  50  0003              	ERRMESSAGE 'the value 20000 of the argument exceeds the mininum 0'
  50  0003              	ENDIF
  50  0003              ;# 50 "C:\Users\YVTC\Desktop\單晶片微控制器(一)\0320\4-10-1.c" 1
  50  0003              	IF 20000==0
  50  0003              ;# 50 "C:\Users\YVTC\Desktop\單晶片微控制器(一)\0320\4-10-1.c" 1
  50  0003              	JMP $
  50  0003              	ENDIF
  50  0003              ;# 50 "C:\Users\YVTC\Desktop\單晶片微控制器(一)\0320\4-10-1.c" 1
  50  0003              	IF (20000>=1) AND (20000<( 4 + __PBP__ * 2))
  50  0003              ;# 50 "C:\Users\YVTC\Desktop\單晶片微控制器(一)\0320\4-10-1.c" 1
  50  0003              	NOP
  50  0003              	ENDIF
  50  0003              ;# 50 "C:\Users\YVTC\Desktop\單晶片微控制器(一)\0320\4-10-1.c" 1
  50  0003              	IF (20000>=2) AND (20000<( 4 + __PBP__ * 2))
  50  0003              ;# 50 "C:\Users\YVTC\Desktop\單晶片微控制器(一)\0320\4-10-1.c" 1
  50  0003              	NOP
  50  0003              	ENDIF
  50  0003              ;# 50 "C:\Users\YVTC\Desktop\單晶片微控制器(一)\0320\4-10-1.c" 1
  50  0003              	IF (20000>=3) AND (20000<( 4 + __PBP__ * 2))
  50  0003              ;# 50 "C:\Users\YVTC\Desktop\單晶片微控制器(一)\0320\4-10-1.c" 1
  50  0003              	NOP
  50  0003              	ENDIF
  50  0003              ;# 50 "C:\Users\YVTC\Desktop\單晶片微控制器(一)\0320\4-10-1.c" 1
  50  0003              	IF (20000>=4) AND (20000<( 4 + __PBP__ * 2)) AND ( __PBP__ > 0 )
  50  0003              ;# 50 "C:\Users\YVTC\Desktop\單晶片微控制器(一)\0320\4-10-1.c" 1
"File: 4-10-1.c      Assembler  Version HGASM0202      Page 4

  50  0003              	NOP
  50  0003              	ENDIF
  50  0003              ;# 50 "C:\Users\YVTC\Desktop\單晶片微控制器(一)\0320\4-10-1.c" 1
  50  0003              	IF (20000>=5) AND (20000<( 4 + __PBP__ * 2)) AND ( __PBP__ > 0 )
  50  0003              ;# 50 "C:\Users\YVTC\Desktop\單晶片微控制器(一)\0320\4-10-1.c" 1
  50  0003              	NOP
  50  0003              	ENDIF
  50  0003              ;# 50 "C:\Users\YVTC\Desktop\單晶片微控制器(一)\0320\4-10-1.c" 1
  50  0003              	IF (20000>=6) AND (20000<( 4 + __PBP__ * 2))  AND ( __PBP__ > 1 )
  50  0003              ;# 50 "C:\Users\YVTC\Desktop\單晶片微控制器(一)\0320\4-10-1.c" 1
  50  0003              	NOP
  50  0003              	ENDIF
  50  0003              ;# 50 "C:\Users\YVTC\Desktop\單晶片微控制器(一)\0320\4-10-1.c" 1
  50  0003              	IF (20000>=7) AND (20000<( 4 + __PBP__ * 2))  AND ( __PBP__ > 1 )
  50  0003              ;# 50 "C:\Users\YVTC\Desktop\單晶片微控制器(一)\0320\4-10-1.c" 1
  50  0003              	NOP
  50  0003              	ENDIF
  50  0003              ;# 50 "C:\Users\YVTC\Desktop\單晶片微控制器(一)\0320\4-10-1.c" 1
  50  0003              	IF (20000>=8) AND (20000<( 4 + __PBP__ * 2))  AND ( __PBP__ > 2 )
  50  0003              ;# 50 "C:\Users\YVTC\Desktop\單晶片微控制器(一)\0320\4-10-1.c" 1
  50  0003              	NOP
  50  0003              	ENDIF
  50  0003              ;# 50 "C:\Users\YVTC\Desktop\單晶片微控制器(一)\0320\4-10-1.c" 1
  50  0003              	IF (20000==9)  AND ( __PBP__ > 2 )
  50  0003              ;# 50 "C:\Users\YVTC\Desktop\單晶片微控制器(一)\0320\4-10-1.c" 1
  50  0003              	NOP
  50  0003              	ENDIF
  50  0003              ;# 50 "C:\Users\YVTC\Desktop\單晶片微控制器(一)\0320\4-10-1.c" 1
  50  0003              	IF (20000< ( 8 + __PBP__ * 2)) AND (20000>( 3 + __PBP__ * 2))
  50  0003              ;# 50 "C:\Users\YVTC\Desktop\單晶片微控制器(一)\0320\4-10-1.c" 1
  50  0003              	fcall __DELAY3 + ( 7 + __PBP__ * 2) -20000
  50  0003              	ENDIF
  50  0003              ;# 50 "C:\Users\YVTC\Desktop\單晶片微控制器(一)\0320\4-10-1.c" 1
  50  0003              	IF (20000< ( 0404h + __PBP__ * 2)) AND (20000>( 7 + __PBP__ * 2))
  50  0003              ;# 50 "C:\Users\YVTC\Desktop\單晶片微控制器(一)\0320\4-10-1.c" 1
  50  0003              	MOV A,(20000-( 4 + __PBP__ * 2))/4
  50  0003              ;# 50 "C:\Users\YVTC\Desktop\單晶片微控制器(一)\0320\4-10-1.c" 1
  50  0003              	fcall __DELAYX3 + 3 -((20000-( 4 + __PBP__ * 2)) MOD 4) 
  50  0003              	ENDIF
  50  0003              ;# 50 "C:\Users\YVTC\Desktop\單晶片微控制器(一)\0320\4-10-1.c" 1
  50  0003              	IF (20000< ( 040bh + __PBP__ * 2)) AND (20000> ( 0403h + __PBP__ * 2))
  50  0003              ;# 50 "C:\Users\YVTC\Desktop\單晶片微控制器(一)\0320\4-10-1.c" 1
  50  0003              	MOV A,0 
  50  0003              ;# 50 "C:\Users\YVTC\Desktop\單晶片微控制器(一)\0320\4-10-1.c" 1
  50  0003              	fcall __DELAYX6 + ( 040ah + __PBP__ * 2) -20000
  50  0003              	ENDIF
  50  0003              ;# 50 "C:\Users\YVTC\Desktop\單晶片微控制器(一)\0320\4-10-1.c" 1
  50  0003              	IF (20000 >= ( 040bh + __PBP__ * 2)) AND ((((20000-( 9 + __PBP__ * 2))%0402h)/4+1)>256)
  50  0003              ;# 50 "C:\Users\YVTC\Desktop\單晶片微控制器(一)\0320\4-10-1.c" 1
  50  0003              	MOV A,(20000-( 9 + __PBP__ * 2))/0402h
  50  0003              ;# 50 "C:\Users\YVTC\Desktop\單晶片微控制器(一)\0320\4-10-1.c" 1
  50  0003              	MOV _builtin_holtek_delay_2,A
  50  0003              ;# 50 "C:\Users\YVTC\Desktop\單晶片微控制器(一)\0320\4-10-1.c" 1
  50  0003              	MOV A,0
  50  0003              ;# 50 "C:\Users\YVTC\Desktop\單晶片微控制器(一)\0320\4-10-1.c" 1
  50  0003              	fcall __DELAYY5 +5- (((20000-( 9 + __PBP__ * 2))%0402h)%6) 
  50  0003              	ENDIF
  50  0003              ;# 50 "C:\Users\YVTC\Desktop\單晶片微控制器(一)\0320\4-10-1.c" 1
  50  0003              	IF (20000 >= ( 040bh + __PBP__ * 2)) AND ((((20000-( 9 + __PBP__ * 2))%0402h)/4+1)<=256)
  50  0003              ;# 50 "C:\Users\YVTC\Desktop\單晶片微控制器(一)\0320\4-10-1.c" 1
"File: 4-10-1.c      Assembler  Version HGASM0202      Page 5

  50  0003  0F13        	MOV A,(20000-( 9 + __PBP__ * 2))/0402h
  50  0004              ;# 50 "C:\Users\YVTC\Desktop\單晶片微控制器(一)\0320\4-10-1.c" 1
  50  0004  0080     E  	MOV _builtin_holtek_delay_2,A
  50  0005              ;# 50 "C:\Users\YVTC\Desktop\單晶片微控制器(一)\0320\4-10-1.c" 1
  50  0005  0F7C        	MOV A,((20000-( 9 + __PBP__ * 2))%0402h)/4+1
  50  0006              ;# 50 "C:\Users\YVTC\Desktop\單晶片微控制器(一)\0320\4-10-1.c" 1
  50  0006              	fcall __DELAYY3 +3-(((20000-( 9 + __PBP__ * 2))%0402h)%4) 
  50  000D              	ENDIF
  50  000D  1480     E  	inc ra
  50  000E              _L15:
  50  000E  0700     E  	mov a,ra
  50  000F  0200     R  	sub a,_PAUSE_2[0]
  50  0010  390A        	snz z
  50  0011  2800     R  	jmp _L16
  50  0012  0003        	ret
  50  0013              _PAUSE endp
  50  0013              #line 50 "C:\Users\YVTC\Desktop\單晶片微控制器(一)\0320\4-10-1.c"
  50  0013              #pragma debug scope 1 1
  50  0013              ___wdtc equ [62]
  50  0013              ___pcs2 equ [362]
  50  0013              ___pcs1 equ [361]
  50  0013              ___tm2c0 equ [81]
  50  0013              ___tm2c1 equ [82]
  50  0013              ___tm2al equ [85]
  50  0013              ___tm2ah equ [86]
  50  0013              public _main
  50  0013              #pragma debug scope 4 1
  17  0013              #line 17 "C:\Users\YVTC\Desktop\單晶片微控制器(一)\0320\4-10-1.c"
  17  0013              IFDEF WITH_DEFAULT_STARTUP
  17  0013              extern _main_initial0:near
  17  0013              extern _main_startup:near
  17  0013              ENDIF
  17  0013              
  17  0013              ROMBANK 0 @start
  17  0000              @start .section com_l 'code'
  17  0000              _main_startup1:
  17  0000              @start .section com_e 'code'
  17  0000  0F00     R  	mov a,bank _main
  17  0001  008B        	mov bp,a
  17  0002  2800     R  	jmp _main
  17  0003              
  17  0000              _main .section 'code'
  17  0000              _main proc
  18  0000              #line 18 "C:\Users\YVTC\Desktop\單晶片微控制器(一)\0320\4-10-1.c"
  18  0000  0FAF        	mov a,175
  18  0001  00BE        	mov [62],a
  19  0002              #line 19 "C:\Users\YVTC\Desktop\單晶片微控制器(一)\0320\4-10-1.c"
  19  0002  0F01        	mov a,1
  19  0003  80EA 0001   	lmov [362],a
  20  0005              #line 20 "C:\Users\YVTC\Desktop\單晶片微控制器(一)\0320\4-10-1.c"
  20  0005  0F10        	mov a,16
  20  0006  80E9 0001   	lmov [361],a
  21  0008              #line 21 "C:\Users\YVTC\Desktop\單晶片微控制器(一)\0320\4-10-1.c"
  21  0008  1F51        	clr [81]
  21  0009  0F31        	mov a,49
  21  000A  00D2        	mov [82],a
  21  000B              _L19:
  23  000B              #line 23 "C:\Users\YVTC\Desktop\單晶片微控制器(一)\0320\4-10-1.c"
  23  000B              	fcall _ScanKey
  23  0012  0080     E  	mov rb,a
"File: 4-10-1.c      Assembler  Version HGASM0202      Page 6

  23  0013  0700     E  	mov a,rb
  23  0014  0A10        	sub a,16
  23  0015  3D0A        	sz z
  23  0016  2800     R  	jmp _L19
  24  0017              #line 24 "C:\Users\YVTC\Desktop\單晶片微控制器(一)\0320\4-10-1.c"
  24  0017  1F00     E  	clr rc
  24  0018  340A        	clr c
  24  0019  1A80     E  	rlc rb
  24  001A  1A80     E  	rlc rc
  24  001B  0F00     R  	mov a,low offset _Pitch_TAB
  24  001C  0300     E  	add a,rb
  24  001D  0083        	mov mp,a
  24  001E  0F00     R  	mov a,high offset _Pitch_TAB
  24  001F  1300     E  	adc a,rc
  24  0020  0084        	mov sbp,a
  24  0021              	fcall _Crom2Prom
  24  0028  0080     E  	mov rb,a
  24  0029              	fcall _Crom2PromNext
  24  0030  0080     E  	mov rc,a
  24  0031  0700     E  	mov a,rb
  24  0032  00D5        	mov [85],a
  25  0033              #line 25 "C:\Users\YVTC\Desktop\單晶片微控制器(一)\0320\4-10-1.c"
  25  0033  0700     E  	mov a,rc
  25  0034  00D6        	mov [86],a
  26  0035              #line 26 "C:\Users\YVTC\Desktop\單晶片微控制器(一)\0320\4-10-1.c"
  26  0035  31D1        	set [81].3
  26  0036              _L21:
  27  0036              #line 27 "C:\Users\YVTC\Desktop\單晶片微控制器(一)\0320\4-10-1.c"
  27  0036              	fcall _ScanKey
  27  003D  0080     E  	mov ra,a
  27  003E  0700     E  	mov a,ra
  27  003F  0A10        	sub a,16
  27  0040  390A        	snz z
  27  0041  2800     R  	jmp _L21
  28  0042              #line 28 "C:\Users\YVTC\Desktop\單晶片微控制器(一)\0320\4-10-1.c"
  28  0042  0F19        	mov a,25
  28  0043              	fcall _PAUSE
  28  004A  35D1        	clr [81].3
  29  004B              #line 29 "C:\Users\YVTC\Desktop\單晶片微控制器(一)\0320\4-10-1.c"
  29  004B  2800     R  	jmp _L19
  29  004C  2800     R  	jmp $
  29  004D              _main endp
  29  004D              
  29  004D              @dummy endp
  29  004D              
  29  004D              #line 29 "C:\Users\YVTC\Desktop\單晶片微控制器(一)\0320\4-10-1.c"
  29  004D              #pragma debug scope 1 1
  29  004D              public _Pitch_TAB
  29  0000              @crom	.section 'crom'
   7  0000              #line 7 "C:\Users\YVTC\Desktop\單晶片微控制器(一)\0320\4-10-1.c"
   7  0000              @crom	.section	'crom'
   7  0000              _Pitch_TAB:
   7  0000              #pragma debug array 42 12 16 1
   7  0000              #pragma debug array 42 12 16 1
   7  0000              #pragma debug variable 42 1 _Pitch_TAB "Pitch_TAB"
   7  0000  0778        	dc 1912
   7  0001  06A7        	dc 1703
   7  0002  05ED        	dc 1517
   7  0003  0598        	dc 1432
   7  0004  04F9        	dc 1273
"File: 4-10-1.c      Assembler  Version HGASM0202      Page 7

   7  0005  0470        	dc 1136
   7  0006  03EA        	dc 1002
   7  0007  03BC        	dc 956
   7  0008  0353        	dc 851
   7  0009  02F6        	dc 758
   7  000A  02CC        	dc 716
   7  000B  027C        	dc 636
   7  000C  0238        	dc 568
   7  000D  01F5        	dc 501
   7  000E  01DE        	dc 478
   7  000F  01A9        	dc 425
   7  0010              #pragma debug struct_end
   7  0010              #pragma debug struct_end
   7  0010              #pragma debug union_end
   7  0010              #pragma debug union_end
   7  0010              #pragma debug variable 44 1 ___pepu "__pepu" 1
   7  0010              #pragma debug struct_end
   7  0010              #pragma debug struct_end
   7  0010              #pragma debug union_end
   7  0010              #pragma debug union_end
   7  0010              #pragma debug variable 46 1 ___pe "__pe" 1
   7  0010              #pragma debug struct_end
   7  0010              #pragma debug struct_end
   7  0010              #pragma debug union_end
   7  0010              #pragma debug union_end
   7  0010              #pragma debug variable 48 1 ___pec "__pec" 1
   7  0010              #pragma debug struct_end
   7  0010              #pragma debug struct_end
   7  0010              #pragma debug union_end
   7  0010              #pragma debug union_end
   7  0010              #pragma debug variable 50 1 ___wdtc "__wdtc" 1
   7  0010              #pragma debug struct_end
   7  0010              #pragma debug struct_end
   7  0010              #pragma debug union_end
   7  0010              #pragma debug union_end
   7  0010              #pragma debug variable 52 1 ___tm2c0 "__tm2c0" 1
   7  0010              #pragma debug struct_end
   7  0010              #pragma debug struct_end
   7  0010              #pragma debug union_end
   7  0010              #pragma debug union_end
   7  0010              #pragma debug variable 54 1 ___tm2c1 "__tm2c1" 1
   7  0010              #pragma debug variable 8 1 ___tm2al "__tm2al" 1
   7  0010              #pragma debug variable 8 1 ___tm2ah "__tm2ah" 1
   7  0010              #pragma debug struct_end
   7  0010              #pragma debug struct_end
   7  0010              #pragma debug union_end
   7  0010              #pragma debug union_end
   7  0010              #pragma debug variable 56 1 ___pcs1 "__pcs1" 1
   7  0010              #pragma debug struct_end
   7  0010              #pragma debug struct_end
   7  0010              #pragma debug union_end
   7  0010              #pragma debug union_end
   7  0010              #pragma debug variable 58 1 ___pcs2 "__pcs2" 1
  17  0010              #line 17 "C:\Users\YVTC\Desktop\單晶片微控制器(一)\0320\4-10-1.c"
  17  0000              @code .section at 0 'code'
  17  0000  1F0B        	clr bp
  17  0001  2800     R  	jmp _main_startup1
  17  0002              
  17  0002              
  17  0002              ; 
"File: 4-10-1.c      Assembler  Version HGASM0202      Page 8

  17  0002              ; Generated by holtek-gcc v3.18, Tue Mar 20 11:46:36 2018
  17  0002              ; Rebuild 126
  17  0002              ; end of file


        0 Errors, 0