"File: 4-14.c        Assembler  Version HGASM0202      Page 1


   1  0000              ; Generated by holtek-gcc v3.18, Tue Apr 10 10:20:28 2018
   2  0000              ; 
   3  0000              ; Configuration:
   4  0000              ;       with long instruction
   5  0000              ;       Multi-ROM, Multi-RAM
   6  0000              ;       bits_per_rom_unit:16
   7  0000              ;       with mp1
   8  0000              ;       with tbhp, address(0x9)
   9  0000              ;          Use tabrd-const
  10  0000              ;       
  11  0000              ; SFR address of long-instruction arch:
  12  0000              ;    mp0 = -1,1,0
  13  0000              ;    mp1 = 4,3,2
  14  0000              ;    mp2 = 14,13,12
  15  0000              ;    tbp = 9,7,8
  16  0000              ;    acc = 5
  17  0000              ;    pcl = 6
  18  0000              ;    status = 10
  19  0000              ;    bp = 11
  20  0000              ;    intc = 48
  21  0000              ;       
  22  0000              ;       
  23  0000              ; use 'tabrdc' instead of 'tabrd'
  24  0000              ;       
  25  0000              
  26  0000              #pragma translator "holtek-gcc 4.6.4" "3.18" "build 20130711"
  27  0000              ; Rebuild 126
  28  0000              
  29  0000              ir equ [2]
  30  0000              mp equ [3]
  31  0000              sbp equ [4]
  32  0000              acc equ [5]
  33  0000              bp equ [11]
  34  0000              tblp equ [7]
  35  0000              tbhp equ [9]
  36  0000              status equ [10]
  37  0000              c equ [10].0
  38  0000              ac equ [10].1
  39  0000              z equ [10].2
  40  0000              ov equ [10].3
  41  0000              cz equ [10].6
  42  0000              sc equ [10].7
  43  0000              intc equ [48]
  44  0000              
  45  0000              extern ra:byte
  46  0000              extern rb:byte
  47  0000              extern rc:byte
  48  0000              extern rd:byte
  49  0000              extern re:byte
  50  0000              extern rf:byte
  51  0000              extern rg:byte
  52  0000              extern rh:byte
  53  0000              extern _Crom2Prom:near
  54  0000              extern _Crom2PromNext:near
  55  0000              
  56  0000              RAMBANK 0 @BITDATASEC, @BITDATASEC1
  57  0000              @HCCINIT	.section 'data'
  58  0000              @HCCINIT0	.section 'data'
  59  0000              @BITDATASEC	 .section 'data'
"File: 4-14.ASM      Assembler  Version HGASM0202      Page 2

  60  0000              @BITDATASEC1	 .section 'data'
  61  0000              
  62  0000              #pragma debug scope 1 1
  63  0000              	extern __DELAY3:near
  64  0000              	extern __DELAYX3:near
  65  0000              	extern __DELAYX6:near
  66  0000              	extern __DELAYY5:near
  67  0000              	extern __DELAYY3:near
  68  0000              	extern _builtin_holtek_delay_2:byte
  69  0000              ___wdtc equ [62]
  70  0000              ___pc equ [26]
  71  0000              ___pcc equ [27]
  72  0000              ___pfs0 equ [372]
  73  0000              ___pgs0 equ [376]
  74  0000              ___cp1c equ [71]
  75  0000              ___intc1 equ [49]
  76  0000              ___intc0 equ [48]
  77  0000              public _main
  78  0000              #pragma debug scope 2 1

   9  0000              #line 9 "C:\Users\YVTC\Desktop\單晶片微控制器(一)\0327\4-14.c"
   9  0000              IFDEF WITH_DEFAULT_STARTUP
   9  0000              extern _main_initial0:near
   9  0000              extern _main_startup:near
   9  0000              ENDIF
   9  0000              
   9  0000              ROMBANK 0 @start
   9  0000              @start .section com_l 'code'
   9  0000              _main_startup1:
   9  0000              @start .section com_e 'code'
   9  0000  0F00     R  	mov a,bank _main
   9  0001  008B        	mov bp,a
   9  0002  2800     R  	jmp _main
   9  0003              
   9  0000              _main .section 'code'
   9  0000              _main proc
   9  0000  0FAF        	mov a,175
   9  0001  00BE        	mov [62],a
  10  0002              #line 10 "C:\Users\YVTC\Desktop\單晶片微控制器(一)\0327\4-14.c"
  10  0002  1F9A        	set [26]
  10  0003  1F1B        	clr [27]
  11  0004              #line 11 "C:\Users\YVTC\Desktop\單晶片微控制器(一)\0327\4-14.c"
  11  0004  0F77        	mov a,119
  11  0005  80F4 0001   	lmov [372],a
  12  0007              #line 12 "C:\Users\YVTC\Desktop\單晶片微控制器(一)\0327\4-14.c"
  12  0007  0F10        	mov a,16
  12  0008  80F8 0001   	lmov [376],a
  13  000A              #line 13 "C:\Users\YVTC\Desktop\單晶片微控制器(一)\0327\4-14.c"
  13  000A  0FE0        	mov a,224
  13  000B  00C7        	mov [71],a
  14  000C              #line 14 "C:\Users\YVTC\Desktop\單晶片微控制器(一)\0327\4-14.c"
  14  000C  3031        	set [49].0
  14  000D  3030        	set [48].0
  14  000E              _L2:
  14  000E  2800     R  	jmp _L2
  14  000F  2800     R  	jmp $
  14  0010              _main endp
  14  0010              
  14  0010              @dummy endp
  14  0010              
"File: 4-14.c        Assembler  Version HGASM0202      Page 3

  14  0010              #line 14 "C:\Users\YVTC\Desktop\單晶片微控制器(一)\0327\4-14.c"
  14  0010              #pragma debug scope 1 1
  14  0010              public _ISR_CP1
  14  0010              #pragma debug scope 3 1
  18  0010              #line 18 "C:\Users\YVTC\Desktop\單晶片微控制器(一)\0327\4-14.c"
  18  0010              rombank 0 @ISR_CP1_code
  18  0000              @ISR_CP1_code .section at 16 'code'
  18  0000  0080     E  	mov r1,a
  18  0001  070B        	mov a,bp
  18  0002  1F0B        	clr bp
  18  0003  2800     R  	jmp _ISR_CP1
  18  0004              ROMBANK 0 _ISR_CP1
  18  0004              #pragma debug scope 1 1
  18  0004              @dummy16 endp
  18  0004              #pragma debug scope 4 1
  18  0000              _ISR_CP1 .section 'code'
  18  0000              _ISR_CP1 proc
  18  0000  0080     E  	mov r2,a
  18  0001  070A        	mov a, status
  18  0002  0080     E  	mov r3,a
  18  0003              #line 18 "C:\Users\YVTC\Desktop\單晶片微控制器(一)\0327\4-14.c"
  18  0003  3E47        	sz [71].4
  18  0004  2800     R  	jmp _L6
  18  0005              _L7:
  19  0005              #line 19 "C:\Users\YVTC\Desktop\單晶片微控制器(一)\0327\4-14.c"
  19  0005  161A        	siza [26]
  19  0006  2800     R  	jmp _LI1
  19  0007  2800     R  	jmp _L4
  19  0008              _LI1:
  20  0008              #line 20 "C:\Users\YVTC\Desktop\單晶片微控制器(一)\0327\4-14.c"
  20  0008  340A        	clr c
  20  0009  1B9A        	rrc [26]
  20  000A  339A        	set [26].7
  21  000B              #line 21 "C:\Users\YVTC\Desktop\單晶片微控制器(一)\0327\4-14.c"
  21  000B              ;# 21 "C:\Users\YVTC\Desktop\單晶片微控制器(一)\0327\4-14.c" 1
  21  000B              	IF 200000>263690
  21  000B              ;# 21 "C:\Users\YVTC\Desktop\單晶片微控制器(一)\0327\4-14.c" 1
  21  000B              	ERRMESSAGE 'the value 200000of the argument exceeds the maxinum 263690'
  21  000B              	ENDIF
  21  000B              ;# 21 "C:\Users\YVTC\Desktop\單晶片微控制器(一)\0327\4-14.c" 1
  21  000B              	IF 200000<0
  21  000B              ;# 21 "C:\Users\YVTC\Desktop\單晶片微控制器(一)\0327\4-14.c" 1
  21  000B              	ERRMESSAGE 'the value 200000 of the argument exceeds the mininum 0'
  21  000B              	ENDIF
  21  000B              ;# 21 "C:\Users\YVTC\Desktop\單晶片微控制器(一)\0327\4-14.c" 1
  21  000B              	IF 200000==0
  21  000B              ;# 21 "C:\Users\YVTC\Desktop\單晶片微控制器(一)\0327\4-14.c" 1
  21  000B              	JMP $
  21  000B              	ENDIF
  21  000B              ;# 21 "C:\Users\YVTC\Desktop\單晶片微控制器(一)\0327\4-14.c" 1
  21  000B              	IF (200000>=1) AND (200000<( 4 + __PBP__ * 2))
  21  000B              ;# 21 "C:\Users\YVTC\Desktop\單晶片微控制器(一)\0327\4-14.c" 1
  21  000B              	NOP
  21  000B              	ENDIF
  21  000B              ;# 21 "C:\Users\YVTC\Desktop\單晶片微控制器(一)\0327\4-14.c" 1
  21  000B              	IF (200000>=2) AND (200000<( 4 + __PBP__ * 2))
  21  000B              ;# 21 "C:\Users\YVTC\Desktop\單晶片微控制器(一)\0327\4-14.c" 1
  21  000B              	NOP
  21  000B              	ENDIF
  21  000B              ;# 21 "C:\Users\YVTC\Desktop\單晶片微控制器(一)\0327\4-14.c" 1
"File: 4-14.c        Assembler  Version HGASM0202      Page 4

  21  000B              	IF (200000>=3) AND (200000<( 4 + __PBP__ * 2))
  21  000B              ;# 21 "C:\Users\YVTC\Desktop\單晶片微控制器(一)\0327\4-14.c" 1
  21  000B              	NOP
  21  000B              	ENDIF
  21  000B              ;# 21 "C:\Users\YVTC\Desktop\單晶片微控制器(一)\0327\4-14.c" 1
  21  000B              	IF (200000>=4) AND (200000<( 4 + __PBP__ * 2)) AND ( __PBP__ > 0 )
  21  000B              ;# 21 "C:\Users\YVTC\Desktop\單晶片微控制器(一)\0327\4-14.c" 1
  21  000B              	NOP
  21  000B              	ENDIF
  21  000B              ;# 21 "C:\Users\YVTC\Desktop\單晶片微控制器(一)\0327\4-14.c" 1
  21  000B              	IF (200000>=5) AND (200000<( 4 + __PBP__ * 2)) AND ( __PBP__ > 0 )
  21  000B              ;# 21 "C:\Users\YVTC\Desktop\單晶片微控制器(一)\0327\4-14.c" 1
  21  000B              	NOP
  21  000B              	ENDIF
  21  000B              ;# 21 "C:\Users\YVTC\Desktop\單晶片微控制器(一)\0327\4-14.c" 1
  21  000B              	IF (200000>=6) AND (200000<( 4 + __PBP__ * 2))  AND ( __PBP__ > 1 )
  21  000B              ;# 21 "C:\Users\YVTC\Desktop\單晶片微控制器(一)\0327\4-14.c" 1
  21  000B              	NOP
  21  000B              	ENDIF
  21  000B              ;# 21 "C:\Users\YVTC\Desktop\單晶片微控制器(一)\0327\4-14.c" 1
  21  000B              	IF (200000>=7) AND (200000<( 4 + __PBP__ * 2))  AND ( __PBP__ > 1 )
  21  000B              ;# 21 "C:\Users\YVTC\Desktop\單晶片微控制器(一)\0327\4-14.c" 1
  21  000B              	NOP
  21  000B              	ENDIF
  21  000B              ;# 21 "C:\Users\YVTC\Desktop\單晶片微控制器(一)\0327\4-14.c" 1
  21  000B              	IF (200000>=8) AND (200000<( 4 + __PBP__ * 2))  AND ( __PBP__ > 2 )
  21  000B              ;# 21 "C:\Users\YVTC\Desktop\單晶片微控制器(一)\0327\4-14.c" 1
  21  000B              	NOP
  21  000B              	ENDIF
  21  000B              ;# 21 "C:\Users\YVTC\Desktop\單晶片微控制器(一)\0327\4-14.c" 1
  21  000B              	IF (200000==9)  AND ( __PBP__ > 2 )
  21  000B              ;# 21 "C:\Users\YVTC\Desktop\單晶片微控制器(一)\0327\4-14.c" 1
  21  000B              	NOP
  21  000B              	ENDIF
  21  000B              ;# 21 "C:\Users\YVTC\Desktop\單晶片微控制器(一)\0327\4-14.c" 1
  21  000B              	IF (200000< ( 8 + __PBP__ * 2)) AND (200000>( 3 + __PBP__ * 2))
  21  000B              ;# 21 "C:\Users\YVTC\Desktop\單晶片微控制器(一)\0327\4-14.c" 1
  21  000B              	fcall __DELAY3 + ( 7 + __PBP__ * 2) -200000
  21  000B              	ENDIF
  21  000B              ;# 21 "C:\Users\YVTC\Desktop\單晶片微控制器(一)\0327\4-14.c" 1
  21  000B              	IF (200000< ( 0404h + __PBP__ * 2)) AND (200000>( 7 + __PBP__ * 2))
  21  000B              ;# 21 "C:\Users\YVTC\Desktop\單晶片微控制器(一)\0327\4-14.c" 1
  21  000B              	MOV A,(200000-( 4 + __PBP__ * 2))/4
  21  000B              ;# 21 "C:\Users\YVTC\Desktop\單晶片微控制器(一)\0327\4-14.c" 1
  21  000B              	fcall __DELAYX3 + 3 -((200000-( 4 + __PBP__ * 2)) MOD 4) 
  21  000B              	ENDIF
  21  000B              ;# 21 "C:\Users\YVTC\Desktop\單晶片微控制器(一)\0327\4-14.c" 1
  21  000B              	IF (200000< ( 040bh + __PBP__ * 2)) AND (200000> ( 0403h + __PBP__ * 2))
  21  000B              ;# 21 "C:\Users\YVTC\Desktop\單晶片微控制器(一)\0327\4-14.c" 1
  21  000B              	MOV A,0 
  21  000B              ;# 21 "C:\Users\YVTC\Desktop\單晶片微控制器(一)\0327\4-14.c" 1
  21  000B              	fcall __DELAYX6 + ( 040ah + __PBP__ * 2) -200000
  21  000B              	ENDIF
  21  000B              ;# 21 "C:\Users\YVTC\Desktop\單晶片微控制器(一)\0327\4-14.c" 1
  21  000B              	IF (200000 >= ( 040bh + __PBP__ * 2)) AND ((((200000-( 9 + __PBP__ * 2))%0402h)/4+1)>256)
  21  000B              ;# 21 "C:\Users\YVTC\Desktop\單晶片微控制器(一)\0327\4-14.c" 1
  21  000B              	MOV A,(200000-( 9 + __PBP__ * 2))/0402h
  21  000B              ;# 21 "C:\Users\YVTC\Desktop\單晶片微控制器(一)\0327\4-14.c" 1
  21  000B              	MOV _builtin_holtek_delay_2,A
  21  000B              ;# 21 "C:\Users\YVTC\Desktop\單晶片微控制器(一)\0327\4-14.c" 1
"File: 4-14.c        Assembler  Version HGASM0202      Page 5

  21  000B              	MOV A,0
  21  000B              ;# 21 "C:\Users\YVTC\Desktop\單晶片微控制器(一)\0327\4-14.c" 1
  21  000B              	fcall __DELAYY5 +5- (((200000-( 9 + __PBP__ * 2))%0402h)%6) 
  21  000B              	ENDIF
  21  000B              ;# 21 "C:\Users\YVTC\Desktop\單晶片微控制器(一)\0327\4-14.c" 1
  21  000B              	IF (200000 >= ( 040bh + __PBP__ * 2)) AND ((((200000-( 9 + __PBP__ * 2))%0402h)/4+1)<=256)
  21  000B              ;# 21 "C:\Users\YVTC\Desktop\單晶片微控制器(一)\0327\4-14.c" 1
  21  000B  0FC2        	MOV A,(200000-( 9 + __PBP__ * 2))/0402h
  21  000C              ;# 21 "C:\Users\YVTC\Desktop\單晶片微控制器(一)\0327\4-14.c" 1
  21  000C  0080     E  	MOV _builtin_holtek_delay_2,A
  21  000D              ;# 21 "C:\Users\YVTC\Desktop\單晶片微控制器(一)\0327\4-14.c" 1
  21  000D  0FEC        	MOV A,((200000-( 9 + __PBP__ * 2))%0402h)/4+1
  21  000E              ;# 21 "C:\Users\YVTC\Desktop\單晶片微控制器(一)\0327\4-14.c" 1
  21  000E              	fcall __DELAYY3 +3-(((200000-( 9 + __PBP__ * 2))%0402h)%4) 
  21  0015              	ENDIF
  21  0015  2800     R  	jmp _L7
  21  0016              _L6:
  25  0016              #line 25 "C:\Users\YVTC\Desktop\單晶片微控制器(一)\0327\4-14.c"
  25  0016  1E1A        	snz [26]
  25  0017  2800     R  	jmp _L4
  26  0018              #line 26 "C:\Users\YVTC\Desktop\單晶片微控制器(一)\0327\4-14.c"
  26  0018  071A        	mov a,[26]
  26  0019  039A        	addm a,[26]
  27  001A              #line 27 "C:\Users\YVTC\Desktop\單晶片微控制器(一)\0327\4-14.c"
  27  001A              ;# 27 "C:\Users\YVTC\Desktop\單晶片微控制器(一)\0327\4-14.c" 1
  27  001A              	IF 200000>263690
  27  001A              ;# 27 "C:\Users\YVTC\Desktop\單晶片微控制器(一)\0327\4-14.c" 1
  27  001A              	ERRMESSAGE 'the value 200000of the argument exceeds the maxinum 263690'
  27  001A              	ENDIF
  27  001A              ;# 27 "C:\Users\YVTC\Desktop\單晶片微控制器(一)\0327\4-14.c" 1
  27  001A              	IF 200000<0
  27  001A              ;# 27 "C:\Users\YVTC\Desktop\單晶片微控制器(一)\0327\4-14.c" 1
  27  001A              	ERRMESSAGE 'the value 200000 of the argument exceeds the mininum 0'
  27  001A              	ENDIF
  27  001A              ;# 27 "C:\Users\YVTC\Desktop\單晶片微控制器(一)\0327\4-14.c" 1
  27  001A              	IF 200000==0
  27  001A              ;# 27 "C:\Users\YVTC\Desktop\單晶片微控制器(一)\0327\4-14.c" 1
  27  001A              	JMP $
  27  001A              	ENDIF
  27  001A              ;# 27 "C:\Users\YVTC\Desktop\單晶片微控制器(一)\0327\4-14.c" 1
  27  001A              	IF (200000>=1) AND (200000<( 4 + __PBP__ * 2))
  27  001A              ;# 27 "C:\Users\YVTC\Desktop\單晶片微控制器(一)\0327\4-14.c" 1
  27  001A              	NOP
  27  001A              	ENDIF
  27  001A              ;# 27 "C:\Users\YVTC\Desktop\單晶片微控制器(一)\0327\4-14.c" 1
  27  001A              	IF (200000>=2) AND (200000<( 4 + __PBP__ * 2))
  27  001A              ;# 27 "C:\Users\YVTC\Desktop\單晶片微控制器(一)\0327\4-14.c" 1
  27  001A              	NOP
  27  001A              	ENDIF
  27  001A              ;# 27 "C:\Users\YVTC\Desktop\單晶片微控制器(一)\0327\4-14.c" 1
  27  001A              	IF (200000>=3) AND (200000<( 4 + __PBP__ * 2))
  27  001A              ;# 27 "C:\Users\YVTC\Desktop\單晶片微控制器(一)\0327\4-14.c" 1
  27  001A              	NOP
  27  001A              	ENDIF
  27  001A              ;# 27 "C:\Users\YVTC\Desktop\單晶片微控制器(一)\0327\4-14.c" 1
  27  001A              	IF (200000>=4) AND (200000<( 4 + __PBP__ * 2)) AND ( __PBP__ > 0 )
  27  001A              ;# 27 "C:\Users\YVTC\Desktop\單晶片微控制器(一)\0327\4-14.c" 1
  27  001A              	NOP
  27  001A              	ENDIF
  27  001A              ;# 27 "C:\Users\YVTC\Desktop\單晶片微控制器(一)\0327\4-14.c" 1
"File: 4-14.c        Assembler  Version HGASM0202      Page 6

  27  001A              	IF (200000>=5) AND (200000<( 4 + __PBP__ * 2)) AND ( __PBP__ > 0 )
  27  001A              ;# 27 "C:\Users\YVTC\Desktop\單晶片微控制器(一)\0327\4-14.c" 1
  27  001A              	NOP
  27  001A              	ENDIF
  27  001A              ;# 27 "C:\Users\YVTC\Desktop\單晶片微控制器(一)\0327\4-14.c" 1
  27  001A              	IF (200000>=6) AND (200000<( 4 + __PBP__ * 2))  AND ( __PBP__ > 1 )
  27  001A              ;# 27 "C:\Users\YVTC\Desktop\單晶片微控制器(一)\0327\4-14.c" 1
  27  001A              	NOP
  27  001A              	ENDIF
  27  001A              ;# 27 "C:\Users\YVTC\Desktop\單晶片微控制器(一)\0327\4-14.c" 1
  27  001A              	IF (200000>=7) AND (200000<( 4 + __PBP__ * 2))  AND ( __PBP__ > 1 )
  27  001A              ;# 27 "C:\Users\YVTC\Desktop\單晶片微控制器(一)\0327\4-14.c" 1
  27  001A              	NOP
  27  001A              	ENDIF
  27  001A              ;# 27 "C:\Users\YVTC\Desktop\單晶片微控制器(一)\0327\4-14.c" 1
  27  001A              	IF (200000>=8) AND (200000<( 4 + __PBP__ * 2))  AND ( __PBP__ > 2 )
  27  001A              ;# 27 "C:\Users\YVTC\Desktop\單晶片微控制器(一)\0327\4-14.c" 1
  27  001A              	NOP
  27  001A              	ENDIF
  27  001A              ;# 27 "C:\Users\YVTC\Desktop\單晶片微控制器(一)\0327\4-14.c" 1
  27  001A              	IF (200000==9)  AND ( __PBP__ > 2 )
  27  001A              ;# 27 "C:\Users\YVTC\Desktop\單晶片微控制器(一)\0327\4-14.c" 1
  27  001A              	NOP
  27  001A              	ENDIF
  27  001A              ;# 27 "C:\Users\YVTC\Desktop\單晶片微控制器(一)\0327\4-14.c" 1
  27  001A              	IF (200000< ( 8 + __PBP__ * 2)) AND (200000>( 3 + __PBP__ * 2))
  27  001A              ;# 27 "C:\Users\YVTC\Desktop\單晶片微控制器(一)\0327\4-14.c" 1
  27  001A              	fcall __DELAY3 + ( 7 + __PBP__ * 2) -200000
  27  001A              	ENDIF
  27  001A              ;# 27 "C:\Users\YVTC\Desktop\單晶片微控制器(一)\0327\4-14.c" 1
  27  001A              	IF (200000< ( 0404h + __PBP__ * 2)) AND (200000>( 7 + __PBP__ * 2))
  27  001A              ;# 27 "C:\Users\YVTC\Desktop\單晶片微控制器(一)\0327\4-14.c" 1
  27  001A              	MOV A,(200000-( 4 + __PBP__ * 2))/4
  27  001A              ;# 27 "C:\Users\YVTC\Desktop\單晶片微控制器(一)\0327\4-14.c" 1
  27  001A              	fcall __DELAYX3 + 3 -((200000-( 4 + __PBP__ * 2)) MOD 4) 
  27  001A              	ENDIF
  27  001A              ;# 27 "C:\Users\YVTC\Desktop\單晶片微控制器(一)\0327\4-14.c" 1
  27  001A              	IF (200000< ( 040bh + __PBP__ * 2)) AND (200000> ( 0403h + __PBP__ * 2))
  27  001A              ;# 27 "C:\Users\YVTC\Desktop\單晶片微控制器(一)\0327\4-14.c" 1
  27  001A              	MOV A,0 
  27  001A              ;# 27 "C:\Users\YVTC\Desktop\單晶片微控制器(一)\0327\4-14.c" 1
  27  001A              	fcall __DELAYX6 + ( 040ah + __PBP__ * 2) -200000
  27  001A              	ENDIF
  27  001A              ;# 27 "C:\Users\YVTC\Desktop\單晶片微控制器(一)\0327\4-14.c" 1
  27  001A              	IF (200000 >= ( 040bh + __PBP__ * 2)) AND ((((200000-( 9 + __PBP__ * 2))%0402h)/4+1)>256)
  27  001A              ;# 27 "C:\Users\YVTC\Desktop\單晶片微控制器(一)\0327\4-14.c" 1
  27  001A              	MOV A,(200000-( 9 + __PBP__ * 2))/0402h
  27  001A              ;# 27 "C:\Users\YVTC\Desktop\單晶片微控制器(一)\0327\4-14.c" 1
  27  001A              	MOV _builtin_holtek_delay_2,A
  27  001A              ;# 27 "C:\Users\YVTC\Desktop\單晶片微控制器(一)\0327\4-14.c" 1
  27  001A              	MOV A,0
  27  001A              ;# 27 "C:\Users\YVTC\Desktop\單晶片微控制器(一)\0327\4-14.c" 1
  27  001A              	fcall __DELAYY5 +5- (((200000-( 9 + __PBP__ * 2))%0402h)%6) 
  27  001A              	ENDIF
  27  001A              ;# 27 "C:\Users\YVTC\Desktop\單晶片微控制器(一)\0327\4-14.c" 1
  27  001A              	IF (200000 >= ( 040bh + __PBP__ * 2)) AND ((((200000-( 9 + __PBP__ * 2))%0402h)/4+1)<=256)
  27  001A              ;# 27 "C:\Users\YVTC\Desktop\單晶片微控制器(一)\0327\4-14.c" 1
  27  001A  0FC2        	MOV A,(200000-( 9 + __PBP__ * 2))/0402h
  27  001B              ;# 27 "C:\Users\YVTC\Desktop\單晶片微控制器(一)\0327\4-14.c" 1
  27  001B  0080     E  	MOV _builtin_holtek_delay_2,A
"File: 4-14.c        Assembler  Version HGASM0202      Page 7

  27  001C              ;# 27 "C:\Users\YVTC\Desktop\單晶片微控制器(一)\0327\4-14.c" 1
  27  001C  0FEC        	MOV A,((200000-( 9 + __PBP__ * 2))%0402h)/4+1
  27  001D              ;# 27 "C:\Users\YVTC\Desktop\單晶片微控制器(一)\0327\4-14.c" 1
  27  001D              	fcall __DELAYY3 +3-(((200000-( 9 + __PBP__ * 2))%0402h)%4) 
  27  0024              	ENDIF
  27  0024  2800     R  	jmp _L6
  27  0025              _L4:
  27  0025  0700     E  	mov a,r2
  27  0026  008B        	mov bp,a
  27  0027  0700     E  	mov a,r3
  27  0028  008A        	mov status,a
  27  0029  0700     E  	mov a,r1
  27  002A  0004        	reti
  27  002B              _ISR_CP1 endp
  27  002B              
  27  002B              #line 27 "C:\Users\YVTC\Desktop\單晶片微控制器(一)\0327\4-14.c"
  27  002B              #pragma debug scope 1 1
  27  002B              #pragma debug struct_end
  27  002B              #pragma debug struct_end
  27  002B              #pragma debug union_end
  27  002B              #pragma debug union_end
  27  002B              #pragma debug variable 43 1 ___pc "__pc" 1
  27  002B              #pragma debug struct_end
  27  002B              #pragma debug struct_end
  27  002B              #pragma debug union_end
  27  002B              #pragma debug union_end
  27  002B              #pragma debug variable 45 1 ___pcc "__pcc" 1
  27  002B              #pragma debug struct_end
  27  002B              #pragma debug struct_end
  27  002B              #pragma debug union_end
  27  002B              #pragma debug union_end
  27  002B              #pragma debug variable 47 1 ___intc0 "__intc0" 1
  27  002B              #pragma debug struct_end
  27  002B              #pragma debug struct_end
  27  002B              #pragma debug union_end
  27  002B              #pragma debug union_end
  27  002B              #pragma debug variable 49 1 ___intc1 "__intc1" 1
  27  002B              #pragma debug struct_end
  27  002B              #pragma debug struct_end
  27  002B              #pragma debug union_end
  27  002B              #pragma debug union_end
  27  002B              #pragma debug variable 51 1 ___wdtc "__wdtc" 1
  27  002B              #pragma debug struct_end
  27  002B              #pragma debug struct_end
  27  002B              #pragma debug union_end
  27  002B              #pragma debug union_end
  27  002B              #pragma debug variable 53 1 ___cp1c "__cp1c" 1
  27  002B              #pragma debug struct_end
  27  002B              #pragma debug struct_end
  27  002B              #pragma debug union_end
  27  002B              #pragma debug union_end
  27  002B              #pragma debug variable 55 1 ___pfs0 "__pfs0" 1
  27  002B              #pragma debug struct_end
  27  002B              #pragma debug struct_end
  27  002B              #pragma debug union_end
  27  002B              #pragma debug union_end
  27  002B              #pragma debug variable 57 1 ___pgs0 "__pgs0" 1
  27  002B              extern r1:byte
  27  002B              extern r2:byte
  27  002B              extern r3:byte
"File: 4-14.c        Assembler  Version HGASM0202      Page 8

   9  002B              #line 9 "C:\Users\YVTC\Desktop\單晶片微控制器(一)\0327\4-14.c"
   9  0000              @code .section at 0 'code'
   9  0000  1F0B        	clr bp
   9  0001  2800     R  	jmp _main_startup1
   9  0002              
   9  0002              
   9  0002              ; 
   9  0002              ; Generated by holtek-gcc v3.18, Tue Apr 10 10:20:28 2018
   9  0002              ; Rebuild 126
   9  0002              ; end of file


        0 Errors, 0