"File: 4-15.c        Assembler  Version HGASM0202      Page 1


   1  0000              ; Generated by holtek-gcc v3.18, Tue Mar 13 10:53:55 2018
   2  0000              ; 
   3  0000              ; Configuration:
   4  0000              ;       with long instruction
   5  0000              ;       Multi-ROM, Multi-RAM
   6  0000              ;       bits_per_rom_unit:16
   7  0000              ;       with mp1
   8  0000              ;       with tbhp, address(0x9)
   9  0000              ;          Use tabrd-const
  10  0000              ;       
  11  0000              ; SFR address of long-instruction arch:
  12  0000              ;    mp0 = -1,1,0
  13  0000              ;    mp1 = 4,3,2
  14  0000              ;    mp2 = 14,13,12
  15  0000              ;    tbp = 9,7,8
  16  0000              ;    acc = 5
  17  0000              ;    pcl = 6
  18  0000              ;    status = 10
  19  0000              ;    bp = 11
  20  0000              ;    intc = 48
  21  0000              ;       
  22  0000              ;       
  23  0000              ; use 'tabrdc' instead of 'tabrd'
  24  0000              ;       
  25  0000              
  26  0000              #pragma translator "holtek-gcc 4.6.4" "3.18" "build 20130711"
  27  0000              ; Rebuild 126
  28  0000              
  29  0000              ir equ [2]
  30  0000              mp equ [3]
  31  0000              sbp equ [4]
  32  0000              acc equ [5]
  33  0000              bp equ [11]
  34  0000              tblp equ [7]
  35  0000              tbhp equ [9]
  36  0000              status equ [10]
  37  0000              c equ [10].0
  38  0000              ac equ [10].1
  39  0000              z equ [10].2
  40  0000              ov equ [10].3
  41  0000              cz equ [10].6
  42  0000              sc equ [10].7
  43  0000              intc equ [48]
  44  0000              
  45  0000              extern ra:byte
  46  0000              extern rb:byte
  47  0000              extern rc:byte
  48  0000              extern rd:byte
  49  0000              extern re:byte
  50  0000              extern rf:byte
  51  0000              extern rg:byte
  52  0000              extern rh:byte
  53  0000              extern _Crom2Prom:near
  54  0000              extern _Crom2PromNext:near
  55  0000              
  56  0000              RAMBANK 0 @BITDATASEC, @BITDATASEC1
  57  0000              @HCCINIT	.section 'data'
  58  0000              @HCCINIT0	.section 'data'
  59  0000              @BITDATASEC	 .section 'data'
"File: 4-15.ASM      Assembler  Version HGASM0202      Page 2

  60  0000              @BITDATASEC1	 .section 'data'
  61  0000              
  62  0000              #pragma debug scope 1 1
  63  0000              	extern __DELAY3:near
  64  0000              	extern __DELAYX3:near
  65  0000              	extern __DELAYX6:near
  66  0000              	extern __DELAYY5:near
  67  0000              	extern __DELAYY3:near
  68  0000              	extern _builtin_holtek_delay_2:byte
  69  0000              public _PAUSE
  70  0000              #pragma debug scope 2 1

  24  0000              #line 24 "C:\Users\YVTC\Desktop\單晶片微控制器(一)\0306\4-15.c"
  24  0000              _PAUSE .section 'code'
  24  0000              _PAUSE proc
  24  0000  00              local _PAUSE_2 db 1 dup(?)	; 0,1
  24  0000  0080     R  	mov _PAUSE_2[0],a
  24  0001              #pragma debug variable 8 2 _PAUSE_2+0 "i"
  25  0001              #line 25 "C:\Users\YVTC\Desktop\單晶片微控制器(一)\0306\4-15.c"
  25  0001  1F00     E  	clr ra
  25  0002  2800     R  	jmp _L2
  25  0003              _L3:
  26  0003              #line 26 "C:\Users\YVTC\Desktop\單晶片微控制器(一)\0306\4-15.c"
  26  0003              ;# 26 "C:\Users\YVTC\Desktop\單晶片微控制器(一)\0306\4-15.c" 1
  26  0003              	IF 15000>263690
  26  0003              ;# 26 "C:\Users\YVTC\Desktop\單晶片微控制器(一)\0306\4-15.c" 1
  26  0003              	ERRMESSAGE 'the value 15000of the argument exceeds the maxinum 263690'
  26  0003              	ENDIF
  26  0003              ;# 26 "C:\Users\YVTC\Desktop\單晶片微控制器(一)\0306\4-15.c" 1
  26  0003              	IF 15000<0
  26  0003              ;# 26 "C:\Users\YVTC\Desktop\單晶片微控制器(一)\0306\4-15.c" 1
  26  0003              	ERRMESSAGE 'the value 15000 of the argument exceeds the mininum 0'
  26  0003              	ENDIF
  26  0003              ;# 26 "C:\Users\YVTC\Desktop\單晶片微控制器(一)\0306\4-15.c" 1
  26  0003              	IF 15000==0
  26  0003              ;# 26 "C:\Users\YVTC\Desktop\單晶片微控制器(一)\0306\4-15.c" 1
  26  0003              	JMP $
  26  0003              	ENDIF
  26  0003              ;# 26 "C:\Users\YVTC\Desktop\單晶片微控制器(一)\0306\4-15.c" 1
  26  0003              	IF (15000>=1) AND (15000<( 4 + __PBP__ * 2))
  26  0003              ;# 26 "C:\Users\YVTC\Desktop\單晶片微控制器(一)\0306\4-15.c" 1
  26  0003              	NOP
  26  0003              	ENDIF
  26  0003              ;# 26 "C:\Users\YVTC\Desktop\單晶片微控制器(一)\0306\4-15.c" 1
  26  0003              	IF (15000>=2) AND (15000<( 4 + __PBP__ * 2))
  26  0003              ;# 26 "C:\Users\YVTC\Desktop\單晶片微控制器(一)\0306\4-15.c" 1
  26  0003              	NOP
  26  0003              	ENDIF
  26  0003              ;# 26 "C:\Users\YVTC\Desktop\單晶片微控制器(一)\0306\4-15.c" 1
  26  0003              	IF (15000>=3) AND (15000<( 4 + __PBP__ * 2))
  26  0003              ;# 26 "C:\Users\YVTC\Desktop\單晶片微控制器(一)\0306\4-15.c" 1
  26  0003              	NOP
  26  0003              	ENDIF
  26  0003              ;# 26 "C:\Users\YVTC\Desktop\單晶片微控制器(一)\0306\4-15.c" 1
  26  0003              	IF (15000>=4) AND (15000<( 4 + __PBP__ * 2)) AND ( __PBP__ > 0 )
  26  0003              ;# 26 "C:\Users\YVTC\Desktop\單晶片微控制器(一)\0306\4-15.c" 1
  26  0003              	NOP
  26  0003              	ENDIF
  26  0003              ;# 26 "C:\Users\YVTC\Desktop\單晶片微控制器(一)\0306\4-15.c" 1
  26  0003              	IF (15000>=5) AND (15000<( 4 + __PBP__ * 2)) AND ( __PBP__ > 0 )
"File: 4-15.c        Assembler  Version HGASM0202      Page 3

  26  0003              ;# 26 "C:\Users\YVTC\Desktop\單晶片微控制器(一)\0306\4-15.c" 1
  26  0003              	NOP
  26  0003              	ENDIF
  26  0003              ;# 26 "C:\Users\YVTC\Desktop\單晶片微控制器(一)\0306\4-15.c" 1
  26  0003              	IF (15000>=6) AND (15000<( 4 + __PBP__ * 2))  AND ( __PBP__ > 1 )
  26  0003              ;# 26 "C:\Users\YVTC\Desktop\單晶片微控制器(一)\0306\4-15.c" 1
  26  0003              	NOP
  26  0003              	ENDIF
  26  0003              ;# 26 "C:\Users\YVTC\Desktop\單晶片微控制器(一)\0306\4-15.c" 1
  26  0003              	IF (15000>=7) AND (15000<( 4 + __PBP__ * 2))  AND ( __PBP__ > 1 )
  26  0003              ;# 26 "C:\Users\YVTC\Desktop\單晶片微控制器(一)\0306\4-15.c" 1
  26  0003              	NOP
  26  0003              	ENDIF
  26  0003              ;# 26 "C:\Users\YVTC\Desktop\單晶片微控制器(一)\0306\4-15.c" 1
  26  0003              	IF (15000>=8) AND (15000<( 4 + __PBP__ * 2))  AND ( __PBP__ > 2 )
  26  0003              ;# 26 "C:\Users\YVTC\Desktop\單晶片微控制器(一)\0306\4-15.c" 1
  26  0003              	NOP
  26  0003              	ENDIF
  26  0003              ;# 26 "C:\Users\YVTC\Desktop\單晶片微控制器(一)\0306\4-15.c" 1
  26  0003              	IF (15000==9)  AND ( __PBP__ > 2 )
  26  0003              ;# 26 "C:\Users\YVTC\Desktop\單晶片微控制器(一)\0306\4-15.c" 1
  26  0003              	NOP
  26  0003              	ENDIF
  26  0003              ;# 26 "C:\Users\YVTC\Desktop\單晶片微控制器(一)\0306\4-15.c" 1
  26  0003              	IF (15000< ( 8 + __PBP__ * 2)) AND (15000>( 3 + __PBP__ * 2))
  26  0003              ;# 26 "C:\Users\YVTC\Desktop\單晶片微控制器(一)\0306\4-15.c" 1
  26  0003              	fcall __DELAY3 + ( 7 + __PBP__ * 2) -15000
  26  0003              	ENDIF
  26  0003              ;# 26 "C:\Users\YVTC\Desktop\單晶片微控制器(一)\0306\4-15.c" 1
  26  0003              	IF (15000< ( 0404h + __PBP__ * 2)) AND (15000>( 7 + __PBP__ * 2))
  26  0003              ;# 26 "C:\Users\YVTC\Desktop\單晶片微控制器(一)\0306\4-15.c" 1
  26  0003              	MOV A,(15000-( 4 + __PBP__ * 2))/4
  26  0003              ;# 26 "C:\Users\YVTC\Desktop\單晶片微控制器(一)\0306\4-15.c" 1
  26  0003              	fcall __DELAYX3 + 3 -((15000-( 4 + __PBP__ * 2)) MOD 4) 
  26  0003              	ENDIF
  26  0003              ;# 26 "C:\Users\YVTC\Desktop\單晶片微控制器(一)\0306\4-15.c" 1
  26  0003              	IF (15000< ( 040bh + __PBP__ * 2)) AND (15000> ( 0403h + __PBP__ * 2))
  26  0003              ;# 26 "C:\Users\YVTC\Desktop\單晶片微控制器(一)\0306\4-15.c" 1
  26  0003              	MOV A,0 
  26  0003              ;# 26 "C:\Users\YVTC\Desktop\單晶片微控制器(一)\0306\4-15.c" 1
  26  0003              	fcall __DELAYX6 + ( 040ah + __PBP__ * 2) -15000
  26  0003              	ENDIF
  26  0003              ;# 26 "C:\Users\YVTC\Desktop\單晶片微控制器(一)\0306\4-15.c" 1
  26  0003              	IF (15000 >= ( 040bh + __PBP__ * 2)) AND ((((15000-( 9 + __PBP__ * 2))%0402h)/4+1)>256)
  26  0003              ;# 26 "C:\Users\YVTC\Desktop\單晶片微控制器(一)\0306\4-15.c" 1
  26  0003              	MOV A,(15000-( 9 + __PBP__ * 2))/0402h
  26  0003              ;# 26 "C:\Users\YVTC\Desktop\單晶片微控制器(一)\0306\4-15.c" 1
  26  0003              	MOV _builtin_holtek_delay_2,A
  26  0003              ;# 26 "C:\Users\YVTC\Desktop\單晶片微控制器(一)\0306\4-15.c" 1
  26  0003              	MOV A,0
  26  0003              ;# 26 "C:\Users\YVTC\Desktop\單晶片微控制器(一)\0306\4-15.c" 1
  26  0003              	fcall __DELAYY5 +5- (((15000-( 9 + __PBP__ * 2))%0402h)%6) 
  26  0003              	ENDIF
  26  0003              ;# 26 "C:\Users\YVTC\Desktop\單晶片微控制器(一)\0306\4-15.c" 1
  26  0003              	IF (15000 >= ( 040bh + __PBP__ * 2)) AND ((((15000-( 9 + __PBP__ * 2))%0402h)/4+1)<=256)
  26  0003              ;# 26 "C:\Users\YVTC\Desktop\單晶片微控制器(一)\0306\4-15.c" 1
  26  0003  0F0E        	MOV A,(15000-( 9 + __PBP__ * 2))/0402h
  26  0004              ;# 26 "C:\Users\YVTC\Desktop\單晶片微控制器(一)\0306\4-15.c" 1
  26  0004  0080     E  	MOV _builtin_holtek_delay_2,A
  26  0005              ;# 26 "C:\Users\YVTC\Desktop\單晶片微控制器(一)\0306\4-15.c" 1
"File: 4-15.c        Assembler  Version HGASM0202      Page 4

  26  0005  0F9C        	MOV A,((15000-( 9 + __PBP__ * 2))%0402h)/4+1
  26  0006              ;# 26 "C:\Users\YVTC\Desktop\單晶片微控制器(一)\0306\4-15.c" 1
  26  0006              	fcall __DELAYY3 +3-(((15000-( 9 + __PBP__ * 2))%0402h)%4) 
  26  000D              	ENDIF
  27  000D              #line 27 "C:\Users\YVTC\Desktop\單晶片微控制器(一)\0306\4-15.c"
  27  000D              ;# 27 "C:\Users\YVTC\Desktop\單晶片微控制器(一)\0306\4-15.c" 1
  27  000D  0001        	clr wdt
  25  000E              #line 25 "C:\Users\YVTC\Desktop\單晶片微控制器(一)\0306\4-15.c"
  25  000E  1480     E  	inc ra
  25  000F              _L2:
  25  000F  0700     E  	mov a,ra
  25  0010  0200     R  	sub a,_PAUSE_2[0]
  25  0011  390A        	snz z
  25  0012  2800     R  	jmp _L3
  25  0013  0003        	ret
  25  0014              _PAUSE endp
  25  0014              #line 25 "C:\Users\YVTC\Desktop\單晶片微控制器(一)\0306\4-15.c"
  25  0014              #pragma debug scope 1 1
  25  0014              ___wdtc equ [62]
  25  0014              ___pdc equ [31]
  25  0014              ___pd equ [30]
  25  0014              public _main
  25  0014              #pragma debug scope 3 1
  14  0014              #line 14 "C:\Users\YVTC\Desktop\單晶片微控制器(一)\0306\4-15.c"
  14  0014              IFDEF WITH_DEFAULT_STARTUP
  14  0014              extern _main_initial0:near
  14  0014              extern _main_startup:near
  14  0014              ENDIF
  14  0014              
  14  0014              ROMBANK 0 @start
  14  0000              @start .section com_l 'code'
  14  0000              _main_startup1:
  14  0000              @start .section com_e 'code'
  14  0000  0F00     R  	mov a,bank _main
  14  0001  008B        	mov bp,a
  14  0002  2800     R  	jmp _main
  14  0003              
  14  0000              _main .section 'code'
  14  0000              _main proc
  14  0000  0002[           local _main_2 db 2 dup(?)
            00
            ]
  14  0002              #pragma debug variable 8 3 _main_2+1 "i"
  15  0002              #line 15 "C:\Users\YVTC\Desktop\單晶片微控制器(一)\0306\4-15.c"
  15  0000  0F50        	mov a,80
  15  0001  00BE        	mov [62],a
  16  0002              #line 16 "C:\Users\YVTC\Desktop\單晶片微控制器(一)\0306\4-15.c"
  16  0002  1F1F        	clr [31]
  16  0003  0F0A        	mov a,10
  16  0004  0080     R  	mov _main_2[0],a
  17  0005              #line 17 "C:\Users\YVTC\Desktop\單晶片微控制器(一)\0306\4-15.c"
  17  0005  1F00     R  	clr _main_2[1]
  17  0006              _L7:
  18  0006              #line 18 "C:\Users\YVTC\Desktop\單晶片微控制器(一)\0306\4-15.c"
  18  0006  0F00     R  	mov a,low offset _SEG_TAB
  18  0007  0300     R  	add a,_main_2[1]
  18  0008  0083        	mov mp,a
  18  0009  0F00     R  	mov a,high offset _SEG_TAB
  18  000A  1F04        	clr sbp
  18  000B  1384        	adcm a,sbp
"File: 4-15.c        Assembler  Version HGASM0202      Page 5

  18  000C              	fcall _Crom2Prom
  18  0013  009E        	mov [30],a
  18  0014  0F32        	mov a,50
  18  0015              	fcall _PAUSE
  17  001C              #line 17 "C:\Users\YVTC\Desktop\單晶片微控制器(一)\0306\4-15.c"
  17  001C  1480     R  	inc _main_2[1]
  17  001D  1780     R  	sdz _main_2[0]
  17  001E  2800     R  	jmp _L7
  20  001F              #line 20 "C:\Users\YVTC\Desktop\單晶片微控制器(一)\0306\4-15.c"
  20  001F  1F1E        	clr [30]
  20  0020              _L8:
  20  0020  2800     R  	jmp _L8
  20  0021  2800     R  	jmp $
  20  0022              _main endp
  20  0022              
  20  0022              @dummy endp
  20  0022              
  20  0022              #line 20 "C:\Users\YVTC\Desktop\單晶片微控制器(一)\0306\4-15.c"
  20  0022              #pragma debug scope 1 1
  20  0022              public _SEG_TAB
  20  0000              @crom	.section 'crom'
   9  0000              #line 9 "C:\Users\YVTC\Desktop\單晶片微控制器(一)\0306\4-15.c"
   9  0000              @crom	.section	'crom'
   9  0000              _SEG_TAB:
   9  0000              #pragma debug array 42 8 10 1
   9  0000              #pragma debug array 42 8 10 1
   9  0000              #pragma debug variable 42 1 _SEG_TAB "SEG_TAB"
   9  0000              	db 63
   9  0001              	db 6
   9  0001              	db 91
   9  0002              	db 79
   9  0002              	db 102
   9  0003              	db 109
   9  0003              	db 125
   9  0004              	db 7
   9  0004              	db 127
   9  0005              	db 103
   9  0005              #pragma debug struct_end
   9  0005              #pragma debug struct_end
   9  0005              #pragma debug union_end
   9  0005              #pragma debug union_end
   9  0005              #pragma debug variable 44 1 ___pd "__pd" 1
   9  0005              #pragma debug struct_end
   9  0005              #pragma debug struct_end
   9  0005              #pragma debug union_end
   9  0005              #pragma debug union_end
   9  0005              #pragma debug variable 46 1 ___pdc "__pdc" 1
   9  0005              #pragma debug struct_end
   9  0005              #pragma debug struct_end
   9  0005              #pragma debug union_end
   9  0005              #pragma debug union_end
   9  0005              #pragma debug variable 48 1 ___wdtc "__wdtc" 1
  14  0005              #line 14 "C:\Users\YVTC\Desktop\單晶片微控制器(一)\0306\4-15.c"
  14  0000              @code .section at 0 'code'
  14  0000  1F0B        	clr bp
  14  0001  2800     R  	jmp _main_startup1
  14  0002              
  14  0002              
  14  0002              ; 
  14  0002              ; Generated by holtek-gcc v3.18, Tue Mar 13 10:53:55 2018
"File: 4-15.c        Assembler  Version HGASM0202      Page 6

  14  0002              ; Rebuild 126
  14  0002              ; end of file


        0 Errors, 0