"File: 4-16.c        Assembler  Version HGASM0202      Page 1


   1  0000              ; Generated by holtek-gcc v3.18, Tue Apr 10 13:27:06 2018
   2  0000              ; 
   3  0000              ; Configuration:
   4  0000              ;       with long instruction
   5  0000              ;       Multi-ROM, Multi-RAM
   6  0000              ;       bits_per_rom_unit:16
   7  0000              ;       with mp1
   8  0000              ;       with tbhp, address(0x9)
   9  0000              ;          Use tabrd-const
  10  0000              ;       
  11  0000              ; SFR address of long-instruction arch:
  12  0000              ;    mp0 = -1,1,0
  13  0000              ;    mp1 = 4,3,2
  14  0000              ;    mp2 = 14,13,12
  15  0000              ;    tbp = 9,7,8
  16  0000              ;    acc = 5
  17  0000              ;    pcl = 6
  18  0000              ;    status = 10
  19  0000              ;    bp = 11
  20  0000              ;    intc = 48
  21  0000              ;       
  22  0000              ;       
  23  0000              ; use 'tabrdc' instead of 'tabrd'
  24  0000              ;       
  25  0000              
  26  0000              #pragma translator "holtek-gcc 4.6.4" "3.18" "build 20130711"
  27  0000              ; Rebuild 126
  28  0000              
  29  0000              ir equ [2]
  30  0000              mp equ [3]
  31  0000              sbp equ [4]
  32  0000              acc equ [5]
  33  0000              bp equ [11]
  34  0000              tblp equ [7]
  35  0000              tbhp equ [9]
  36  0000              status equ [10]
  37  0000              c equ [10].0
  38  0000              ac equ [10].1
  39  0000              z equ [10].2
  40  0000              ov equ [10].3
  41  0000              cz equ [10].6
  42  0000              sc equ [10].7
  43  0000              intc equ [48]
  44  0000              
  45  0000              extern ra:byte
  46  0000              extern rb:byte
  47  0000              extern rc:byte
  48  0000              extern rd:byte
  49  0000              extern re:byte
  50  0000              extern rf:byte
  51  0000              extern rg:byte
  52  0000              extern rh:byte
  53  0000              extern _Crom2Prom:near
  54  0000              extern _Crom2PromNext:near
  55  0000              
  56  0000              RAMBANK 0 @BITDATASEC, @BITDATASEC1
  57  0000              @HCCINIT	.section 'data'
  58  0000              @HCCINIT0	.section 'data'
  59  0000              @BITDATASEC	 .section 'data'
"File: 4-16.ASM      Assembler  Version HGASM0202      Page 2

  60  0000              @BITDATASEC1	 .section 'data'
  61  0000              
  62  0000              #pragma debug scope 1 1
  63  0000              	extern __DELAY3:near
  64  0000              	extern __DELAYX3:near
  65  0000              	extern __DELAYX6:near
  66  0000              	extern __DELAYY5:near
  67  0000              	extern __DELAYY3:near
  68  0000              	extern _builtin_holtek_delay_2:byte
  69  0000              ___pd equ [30]
  70  0000              ___intc0 equ [48]
  71  0000              public _ISR_ExtInt0
  72  0000              #pragma debug scope 2 1

  43  0000              #line 43 "C:\Users\YVTC\Desktop\單晶片微控制器(一)\0327\4-16.c"
  43  0000              rombank 0 @ISR_ExtInt0_code
  43  0000              @ISR_ExtInt0_code .section at 4 'code'
  43  0000  0080     E  	mov r1,a
  43  0001  070B        	mov a,bp
  43  0002  1F0B        	clr bp
  43  0003  2800     R  	jmp _ISR_ExtInt0
  43  0004              ROMBANK 0 _ISR_ExtInt0
  43  0004              #pragma debug scope 1 1
  43  0004              @dummy4 endp
  43  0004              #pragma debug scope 3 1
  43  0000              _ISR_ExtInt0 .section 'code'
  43  0000              _ISR_ExtInt0 proc
  43  0000  0080     E  	mov r2,a
  43  0001  070A        	mov a, status
  43  0002  0080     E  	mov r3,a
  44  0003              #line 44 "C:\Users\YVTC\Desktop\單晶片微控制器(一)\0327\4-16.c"
  44  0003  0F01        	mov a,1
  44  0004  009E        	mov [30],a
  44  0005  0F06        	mov a,6
  44  0006  0080     E  	mov rb,a
  44  0007              _L2:
  43  0007              #line 43 "C:\Users\YVTC\Desktop\單晶片微控制器(一)\0327\4-16.c"
  43  0007  0F28        	mov a,40
  43  0008  0080     E  	mov ra,a
  43  0009              _L5:
  46  0009              #line 46 "C:\Users\YVTC\Desktop\單晶片微控制器(一)\0327\4-16.c"
  46  0009              ;# 46 "C:\Users\YVTC\Desktop\單晶片微控制器(一)\0327\4-16.c" 1
  46  0009              	IF 20000>263690
  46  0009              ;# 46 "C:\Users\YVTC\Desktop\單晶片微控制器(一)\0327\4-16.c" 1
  46  0009              	ERRMESSAGE 'the value 20000of the argument exceeds the maxinum 263690'
  46  0009              	ENDIF
  46  0009              ;# 46 "C:\Users\YVTC\Desktop\單晶片微控制器(一)\0327\4-16.c" 1
  46  0009              	IF 20000<0
  46  0009              ;# 46 "C:\Users\YVTC\Desktop\單晶片微控制器(一)\0327\4-16.c" 1
  46  0009              	ERRMESSAGE 'the value 20000 of the argument exceeds the mininum 0'
  46  0009              	ENDIF
  46  0009              ;# 46 "C:\Users\YVTC\Desktop\單晶片微控制器(一)\0327\4-16.c" 1
  46  0009              	IF 20000==0
  46  0009              ;# 46 "C:\Users\YVTC\Desktop\單晶片微控制器(一)\0327\4-16.c" 1
  46  0009              	JMP $
  46  0009              	ENDIF
  46  0009              ;# 46 "C:\Users\YVTC\Desktop\單晶片微控制器(一)\0327\4-16.c" 1
  46  0009              	IF (20000>=1) AND (20000<( 4 + __PBP__ * 2))
  46  0009              ;# 46 "C:\Users\YVTC\Desktop\單晶片微控制器(一)\0327\4-16.c" 1
  46  0009              	NOP
"File: 4-16.c        Assembler  Version HGASM0202      Page 3

  46  0009              	ENDIF
  46  0009              ;# 46 "C:\Users\YVTC\Desktop\單晶片微控制器(一)\0327\4-16.c" 1
  46  0009              	IF (20000>=2) AND (20000<( 4 + __PBP__ * 2))
  46  0009              ;# 46 "C:\Users\YVTC\Desktop\單晶片微控制器(一)\0327\4-16.c" 1
  46  0009              	NOP
  46  0009              	ENDIF
  46  0009              ;# 46 "C:\Users\YVTC\Desktop\單晶片微控制器(一)\0327\4-16.c" 1
  46  0009              	IF (20000>=3) AND (20000<( 4 + __PBP__ * 2))
  46  0009              ;# 46 "C:\Users\YVTC\Desktop\單晶片微控制器(一)\0327\4-16.c" 1
  46  0009              	NOP
  46  0009              	ENDIF
  46  0009              ;# 46 "C:\Users\YVTC\Desktop\單晶片微控制器(一)\0327\4-16.c" 1
  46  0009              	IF (20000>=4) AND (20000<( 4 + __PBP__ * 2)) AND ( __PBP__ > 0 )
  46  0009              ;# 46 "C:\Users\YVTC\Desktop\單晶片微控制器(一)\0327\4-16.c" 1
  46  0009              	NOP
  46  0009              	ENDIF
  46  0009              ;# 46 "C:\Users\YVTC\Desktop\單晶片微控制器(一)\0327\4-16.c" 1
  46  0009              	IF (20000>=5) AND (20000<( 4 + __PBP__ * 2)) AND ( __PBP__ > 0 )
  46  0009              ;# 46 "C:\Users\YVTC\Desktop\單晶片微控制器(一)\0327\4-16.c" 1
  46  0009              	NOP
  46  0009              	ENDIF
  46  0009              ;# 46 "C:\Users\YVTC\Desktop\單晶片微控制器(一)\0327\4-16.c" 1
  46  0009              	IF (20000>=6) AND (20000<( 4 + __PBP__ * 2))  AND ( __PBP__ > 1 )
  46  0009              ;# 46 "C:\Users\YVTC\Desktop\單晶片微控制器(一)\0327\4-16.c" 1
  46  0009              	NOP
  46  0009              	ENDIF
  46  0009              ;# 46 "C:\Users\YVTC\Desktop\單晶片微控制器(一)\0327\4-16.c" 1
  46  0009              	IF (20000>=7) AND (20000<( 4 + __PBP__ * 2))  AND ( __PBP__ > 1 )
  46  0009              ;# 46 "C:\Users\YVTC\Desktop\單晶片微控制器(一)\0327\4-16.c" 1
  46  0009              	NOP
  46  0009              	ENDIF
  46  0009              ;# 46 "C:\Users\YVTC\Desktop\單晶片微控制器(一)\0327\4-16.c" 1
  46  0009              	IF (20000>=8) AND (20000<( 4 + __PBP__ * 2))  AND ( __PBP__ > 2 )
  46  0009              ;# 46 "C:\Users\YVTC\Desktop\單晶片微控制器(一)\0327\4-16.c" 1
  46  0009              	NOP
  46  0009              	ENDIF
  46  0009              ;# 46 "C:\Users\YVTC\Desktop\單晶片微控制器(一)\0327\4-16.c" 1
  46  0009              	IF (20000==9)  AND ( __PBP__ > 2 )
  46  0009              ;# 46 "C:\Users\YVTC\Desktop\單晶片微控制器(一)\0327\4-16.c" 1
  46  0009              	NOP
  46  0009              	ENDIF
  46  0009              ;# 46 "C:\Users\YVTC\Desktop\單晶片微控制器(一)\0327\4-16.c" 1
  46  0009              	IF (20000< ( 8 + __PBP__ * 2)) AND (20000>( 3 + __PBP__ * 2))
  46  0009              ;# 46 "C:\Users\YVTC\Desktop\單晶片微控制器(一)\0327\4-16.c" 1
  46  0009              	fcall __DELAY3 + ( 7 + __PBP__ * 2) -20000
  46  0009              	ENDIF
  46  0009              ;# 46 "C:\Users\YVTC\Desktop\單晶片微控制器(一)\0327\4-16.c" 1
  46  0009              	IF (20000< ( 0404h + __PBP__ * 2)) AND (20000>( 7 + __PBP__ * 2))
  46  0009              ;# 46 "C:\Users\YVTC\Desktop\單晶片微控制器(一)\0327\4-16.c" 1
  46  0009              	MOV A,(20000-( 4 + __PBP__ * 2))/4
  46  0009              ;# 46 "C:\Users\YVTC\Desktop\單晶片微控制器(一)\0327\4-16.c" 1
  46  0009              	fcall __DELAYX3 + 3 -((20000-( 4 + __PBP__ * 2)) MOD 4) 
  46  0009              	ENDIF
  46  0009              ;# 46 "C:\Users\YVTC\Desktop\單晶片微控制器(一)\0327\4-16.c" 1
  46  0009              	IF (20000< ( 040bh + __PBP__ * 2)) AND (20000> ( 0403h + __PBP__ * 2))
  46  0009              ;# 46 "C:\Users\YVTC\Desktop\單晶片微控制器(一)\0327\4-16.c" 1
  46  0009              	MOV A,0 
  46  0009              ;# 46 "C:\Users\YVTC\Desktop\單晶片微控制器(一)\0327\4-16.c" 1
  46  0009              	fcall __DELAYX6 + ( 040ah + __PBP__ * 2) -20000
  46  0009              	ENDIF
"File: 4-16.c        Assembler  Version HGASM0202      Page 4

  46  0009              ;# 46 "C:\Users\YVTC\Desktop\單晶片微控制器(一)\0327\4-16.c" 1
  46  0009              	IF (20000 >= ( 040bh + __PBP__ * 2)) AND ((((20000-( 9 + __PBP__ * 2))%0402h)/4+1)>256)
  46  0009              ;# 46 "C:\Users\YVTC\Desktop\單晶片微控制器(一)\0327\4-16.c" 1
  46  0009              	MOV A,(20000-( 9 + __PBP__ * 2))/0402h
  46  0009              ;# 46 "C:\Users\YVTC\Desktop\單晶片微控制器(一)\0327\4-16.c" 1
  46  0009              	MOV _builtin_holtek_delay_2,A
  46  0009              ;# 46 "C:\Users\YVTC\Desktop\單晶片微控制器(一)\0327\4-16.c" 1
  46  0009              	MOV A,0
  46  0009              ;# 46 "C:\Users\YVTC\Desktop\單晶片微控制器(一)\0327\4-16.c" 1
  46  0009              	fcall __DELAYY5 +5- (((20000-( 9 + __PBP__ * 2))%0402h)%6) 
  46  0009              	ENDIF
  46  0009              ;# 46 "C:\Users\YVTC\Desktop\單晶片微控制器(一)\0327\4-16.c" 1
  46  0009              	IF (20000 >= ( 040bh + __PBP__ * 2)) AND ((((20000-( 9 + __PBP__ * 2))%0402h)/4+1)<=256)
  46  0009              ;# 46 "C:\Users\YVTC\Desktop\單晶片微控制器(一)\0327\4-16.c" 1
  46  0009  0F13        	MOV A,(20000-( 9 + __PBP__ * 2))/0402h
  46  000A              ;# 46 "C:\Users\YVTC\Desktop\單晶片微控制器(一)\0327\4-16.c" 1
  46  000A  0080     E  	MOV _builtin_holtek_delay_2,A
  46  000B              ;# 46 "C:\Users\YVTC\Desktop\單晶片微控制器(一)\0327\4-16.c" 1
  46  000B  0F7C        	MOV A,((20000-( 9 + __PBP__ * 2))%0402h)/4+1
  46  000C              ;# 46 "C:\Users\YVTC\Desktop\單晶片微控制器(一)\0327\4-16.c" 1
  46  000C              	fcall __DELAYY3 +3-(((20000-( 9 + __PBP__ * 2))%0402h)%4) 
  46  0013              	ENDIF
  46  0013  1780     E  	sdz ra
  46  0014  2800     R  	jmp _L5
  47  0015              #line 47 "C:\Users\YVTC\Desktop\單晶片微控制器(一)\0327\4-16.c"
  47  0015  071E        	mov a,[30]
  47  0016  039E        	addm a,[30]
  47  0017  1780     E  	sdz rb
  47  0018  2800     R  	jmp _L2
  49  0019              #line 49 "C:\Users\YVTC\Desktop\單晶片微控制器(一)\0327\4-16.c"
  49  0019  3630        	clr [48].4
  50  001A              #line 50 "C:\Users\YVTC\Desktop\單晶片微控制器(一)\0327\4-16.c"
  50  001A              ;# 50 "C:\Users\YVTC\Desktop\單晶片微控制器(一)\0327\4-16.c" 1
  50  001A  0001        	clr wdt
  50  001B  0700     E  	mov a,r2
  50  001C  008B        	mov bp,a
  50  001D  0700     E  	mov a,r3
  50  001E  008A        	mov status,a
  50  001F  0700     E  	mov a,r1
  50  0020  0004        	reti
  50  0021              _ISR_ExtInt0 endp
  50  0021              
  50  0021              #line 50 "C:\Users\YVTC\Desktop\單晶片微控制器(一)\0327\4-16.c"
  50  0021              #pragma debug scope 1 1
  50  0021              public _PAUSE
  50  0021              #pragma debug scope 4 1
  53  0021              #line 53 "C:\Users\YVTC\Desktop\單晶片微控制器(一)\0327\4-16.c"
  53  0000              _PAUSE .section 'code'
  53  0000              _PAUSE proc
  53  0000  00              local _PAUSE_2 db 1 dup(?)	; 0,1
  53  0000  0080     R  	mov _PAUSE_2[0],a
  53  0001              #pragma debug variable 8 4 _PAUSE_2+0 "i"
  54  0001              #line 54 "C:\Users\YVTC\Desktop\單晶片微控制器(一)\0327\4-16.c"
  54  0001  1F00     E  	clr ra
  54  0002  2800     R  	jmp _L8
  54  0003              _L9:
  54  0003              #line 54 "C:\Users\YVTC\Desktop\單晶片微控制器(一)\0327\4-16.c"
  54  0003              ;# 54 "C:\Users\YVTC\Desktop\單晶片微控制器(一)\0327\4-16.c" 1
  54  0003              	IF 20000>263690
  54  0003              ;# 54 "C:\Users\YVTC\Desktop\單晶片微控制器(一)\0327\4-16.c" 1
"File: 4-16.c        Assembler  Version HGASM0202      Page 5

  54  0003              	ERRMESSAGE 'the value 20000of the argument exceeds the maxinum 263690'
  54  0003              	ENDIF
  54  0003              ;# 54 "C:\Users\YVTC\Desktop\單晶片微控制器(一)\0327\4-16.c" 1
  54  0003              	IF 20000<0
  54  0003              ;# 54 "C:\Users\YVTC\Desktop\單晶片微控制器(一)\0327\4-16.c" 1
  54  0003              	ERRMESSAGE 'the value 20000 of the argument exceeds the mininum 0'
  54  0003              	ENDIF
  54  0003              ;# 54 "C:\Users\YVTC\Desktop\單晶片微控制器(一)\0327\4-16.c" 1
  54  0003              	IF 20000==0
  54  0003              ;# 54 "C:\Users\YVTC\Desktop\單晶片微控制器(一)\0327\4-16.c" 1
  54  0003              	JMP $
  54  0003              	ENDIF
  54  0003              ;# 54 "C:\Users\YVTC\Desktop\單晶片微控制器(一)\0327\4-16.c" 1
  54  0003              	IF (20000>=1) AND (20000<( 4 + __PBP__ * 2))
  54  0003              ;# 54 "C:\Users\YVTC\Desktop\單晶片微控制器(一)\0327\4-16.c" 1
  54  0003              	NOP
  54  0003              	ENDIF
  54  0003              ;# 54 "C:\Users\YVTC\Desktop\單晶片微控制器(一)\0327\4-16.c" 1
  54  0003              	IF (20000>=2) AND (20000<( 4 + __PBP__ * 2))
  54  0003              ;# 54 "C:\Users\YVTC\Desktop\單晶片微控制器(一)\0327\4-16.c" 1
  54  0003              	NOP
  54  0003              	ENDIF
  54  0003              ;# 54 "C:\Users\YVTC\Desktop\單晶片微控制器(一)\0327\4-16.c" 1
  54  0003              	IF (20000>=3) AND (20000<( 4 + __PBP__ * 2))
  54  0003              ;# 54 "C:\Users\YVTC\Desktop\單晶片微控制器(一)\0327\4-16.c" 1
  54  0003              	NOP
  54  0003              	ENDIF
  54  0003              ;# 54 "C:\Users\YVTC\Desktop\單晶片微控制器(一)\0327\4-16.c" 1
  54  0003              	IF (20000>=4) AND (20000<( 4 + __PBP__ * 2)) AND ( __PBP__ > 0 )
  54  0003              ;# 54 "C:\Users\YVTC\Desktop\單晶片微控制器(一)\0327\4-16.c" 1
  54  0003              	NOP
  54  0003              	ENDIF
  54  0003              ;# 54 "C:\Users\YVTC\Desktop\單晶片微控制器(一)\0327\4-16.c" 1
  54  0003              	IF (20000>=5) AND (20000<( 4 + __PBP__ * 2)) AND ( __PBP__ > 0 )
  54  0003              ;# 54 "C:\Users\YVTC\Desktop\單晶片微控制器(一)\0327\4-16.c" 1
  54  0003              	NOP
  54  0003              	ENDIF
  54  0003              ;# 54 "C:\Users\YVTC\Desktop\單晶片微控制器(一)\0327\4-16.c" 1
  54  0003              	IF (20000>=6) AND (20000<( 4 + __PBP__ * 2))  AND ( __PBP__ > 1 )
  54  0003              ;# 54 "C:\Users\YVTC\Desktop\單晶片微控制器(一)\0327\4-16.c" 1
  54  0003              	NOP
  54  0003              	ENDIF
  54  0003              ;# 54 "C:\Users\YVTC\Desktop\單晶片微控制器(一)\0327\4-16.c" 1
  54  0003              	IF (20000>=7) AND (20000<( 4 + __PBP__ * 2))  AND ( __PBP__ > 1 )
  54  0003              ;# 54 "C:\Users\YVTC\Desktop\單晶片微控制器(一)\0327\4-16.c" 1
  54  0003              	NOP
  54  0003              	ENDIF
  54  0003              ;# 54 "C:\Users\YVTC\Desktop\單晶片微控制器(一)\0327\4-16.c" 1
  54  0003              	IF (20000>=8) AND (20000<( 4 + __PBP__ * 2))  AND ( __PBP__ > 2 )
  54  0003              ;# 54 "C:\Users\YVTC\Desktop\單晶片微控制器(一)\0327\4-16.c" 1
  54  0003              	NOP
  54  0003              	ENDIF
  54  0003              ;# 54 "C:\Users\YVTC\Desktop\單晶片微控制器(一)\0327\4-16.c" 1
  54  0003              	IF (20000==9)  AND ( __PBP__ > 2 )
  54  0003              ;# 54 "C:\Users\YVTC\Desktop\單晶片微控制器(一)\0327\4-16.c" 1
  54  0003              	NOP
  54  0003              	ENDIF
  54  0003              ;# 54 "C:\Users\YVTC\Desktop\單晶片微控制器(一)\0327\4-16.c" 1
  54  0003              	IF (20000< ( 8 + __PBP__ * 2)) AND (20000>( 3 + __PBP__ * 2))
  54  0003              ;# 54 "C:\Users\YVTC\Desktop\單晶片微控制器(一)\0327\4-16.c" 1
"File: 4-16.c        Assembler  Version HGASM0202      Page 6

  54  0003              	fcall __DELAY3 + ( 7 + __PBP__ * 2) -20000
  54  0003              	ENDIF
  54  0003              ;# 54 "C:\Users\YVTC\Desktop\單晶片微控制器(一)\0327\4-16.c" 1
  54  0003              	IF (20000< ( 0404h + __PBP__ * 2)) AND (20000>( 7 + __PBP__ * 2))
  54  0003              ;# 54 "C:\Users\YVTC\Desktop\單晶片微控制器(一)\0327\4-16.c" 1
  54  0003              	MOV A,(20000-( 4 + __PBP__ * 2))/4
  54  0003              ;# 54 "C:\Users\YVTC\Desktop\單晶片微控制器(一)\0327\4-16.c" 1
  54  0003              	fcall __DELAYX3 + 3 -((20000-( 4 + __PBP__ * 2)) MOD 4) 
  54  0003              	ENDIF
  54  0003              ;# 54 "C:\Users\YVTC\Desktop\單晶片微控制器(一)\0327\4-16.c" 1
  54  0003              	IF (20000< ( 040bh + __PBP__ * 2)) AND (20000> ( 0403h + __PBP__ * 2))
  54  0003              ;# 54 "C:\Users\YVTC\Desktop\單晶片微控制器(一)\0327\4-16.c" 1
  54  0003              	MOV A,0 
  54  0003              ;# 54 "C:\Users\YVTC\Desktop\單晶片微控制器(一)\0327\4-16.c" 1
  54  0003              	fcall __DELAYX6 + ( 040ah + __PBP__ * 2) -20000
  54  0003              	ENDIF
  54  0003              ;# 54 "C:\Users\YVTC\Desktop\單晶片微控制器(一)\0327\4-16.c" 1
  54  0003              	IF (20000 >= ( 040bh + __PBP__ * 2)) AND ((((20000-( 9 + __PBP__ * 2))%0402h)/4+1)>256)
  54  0003              ;# 54 "C:\Users\YVTC\Desktop\單晶片微控制器(一)\0327\4-16.c" 1
  54  0003              	MOV A,(20000-( 9 + __PBP__ * 2))/0402h
  54  0003              ;# 54 "C:\Users\YVTC\Desktop\單晶片微控制器(一)\0327\4-16.c" 1
  54  0003              	MOV _builtin_holtek_delay_2,A
  54  0003              ;# 54 "C:\Users\YVTC\Desktop\單晶片微控制器(一)\0327\4-16.c" 1
  54  0003              	MOV A,0
  54  0003              ;# 54 "C:\Users\YVTC\Desktop\單晶片微控制器(一)\0327\4-16.c" 1
  54  0003              	fcall __DELAYY5 +5- (((20000-( 9 + __PBP__ * 2))%0402h)%6) 
  54  0003              	ENDIF
  54  0003              ;# 54 "C:\Users\YVTC\Desktop\單晶片微控制器(一)\0327\4-16.c" 1
  54  0003              	IF (20000 >= ( 040bh + __PBP__ * 2)) AND ((((20000-( 9 + __PBP__ * 2))%0402h)/4+1)<=256)
  54  0003              ;# 54 "C:\Users\YVTC\Desktop\單晶片微控制器(一)\0327\4-16.c" 1
  54  0003  0F13        	MOV A,(20000-( 9 + __PBP__ * 2))/0402h
  54  0004              ;# 54 "C:\Users\YVTC\Desktop\單晶片微控制器(一)\0327\4-16.c" 1
  54  0004  0080     E  	MOV _builtin_holtek_delay_2,A
  54  0005              ;# 54 "C:\Users\YVTC\Desktop\單晶片微控制器(一)\0327\4-16.c" 1
  54  0005  0F7C        	MOV A,((20000-( 9 + __PBP__ * 2))%0402h)/4+1
  54  0006              ;# 54 "C:\Users\YVTC\Desktop\單晶片微控制器(一)\0327\4-16.c" 1
  54  0006              	fcall __DELAYY3 +3-(((20000-( 9 + __PBP__ * 2))%0402h)%4) 
  54  000D              	ENDIF
  54  000D  1480     E  	inc ra
  54  000E              _L8:
  54  000E  0700     E  	mov a,ra
  54  000F  0200     R  	sub a,_PAUSE_2[0]
  54  0010  390A        	snz z
  54  0011  2800     R  	jmp _L9
  54  0012  0003        	ret
  54  0013              _PAUSE endp
  54  0013              #line 54 "C:\Users\YVTC\Desktop\單晶片微控制器(一)\0327\4-16.c"
  54  0013              #pragma debug scope 1 1
  54  0013              ___wdtc equ [62]
  54  0013              ___pdc equ [31]
  54  0013              ___pac equ [19]
  54  0013              ___papu equ [17]
  54  0013              ___pawu equ [16]
  54  0013              ___ifs0 equ [328]
  54  0013              ___integ equ [57]
  54  0013              ___smod equ [58]
  54  0013              ___status equ [10]
  54  0013              ___pa equ [18]
  54  0013              public _main
  54  0013              #pragma debug scope 5 1
"File: 4-16.c        Assembler  Version HGASM0202      Page 7

  15  0013              #line 15 "C:\Users\YVTC\Desktop\單晶片微控制器(一)\0327\4-16.c"
  15  0013              IFDEF WITH_DEFAULT_STARTUP
  15  0013              extern _main_initial0:near
  15  0013              extern _main_startup:near
  15  0013              ENDIF
  15  0013              
  15  0013              ROMBANK 0 @start
  15  0000              @start .section com_l 'code'
  15  0000              _main_startup1:
  15  0000              @start .section com_e 'code'
  15  0000  0F00     R  	mov a,bank _main
  15  0001  008B        	mov bp,a
  15  0002  2800     R  	jmp _main
  15  0003              
  15  0000              _main .section 'code'
  15  0000              _main proc
  15  0000  00              local _main_2 db 1 dup(?)
  16  0001              #line 16 "C:\Users\YVTC\Desktop\單晶片微控制器(一)\0327\4-16.c"
  16  0000  0FAF        	mov a,175
  16  0001  00BE        	mov [62],a
  17  0002              #line 17 "C:\Users\YVTC\Desktop\單晶片微控制器(一)\0327\4-16.c"
  17  0002  1F1F        	clr [31]
  18  0003              #line 18 "C:\Users\YVTC\Desktop\單晶片微控制器(一)\0327\4-16.c"
  18  0003  3093        	set [19].1
  18  0004  3091        	set [17].1
  18  0005  3090        	set [16].1
  19  0006              #line 19 "C:\Users\YVTC\Desktop\單晶片微控制器(一)\0327\4-16.c"
  19  0006  9F48 0001   	lclr [328]
  20  0008              #line 20 "C:\Users\YVTC\Desktop\單晶片微控制器(一)\0327\4-16.c"
  20  0008  3191        	set [17].3
  21  0009              #line 21 "C:\Users\YVTC\Desktop\單晶片微控制器(一)\0327\4-16.c"
  21  0009  0F02        	mov a,2
  21  000A  00B9        	mov [57],a
  22  000B              #line 22 "C:\Users\YVTC\Desktop\單晶片微控制器(一)\0327\4-16.c"
  22  000B  34BA        	clr [58].1
  22  000C  3030        	set [48].0
  23  000D              #line 23 "C:\Users\YVTC\Desktop\單晶片微控制器(一)\0327\4-16.c"
  23  000D  3A0A        	snz [10].4
  23  000E  2800     R  	jmp _L11
  23  000F              #line 23 "C:\Users\YVTC\Desktop\單晶片微控制器(一)\0327\4-16.c"
  23  000F              ;# 23 "C:\Users\YVTC\Desktop\單晶片微控制器(一)\0327\4-16.c" 1
  23  000F  0001        	clr wdt
  23  0010              _L17:
  25  0010              #line 25 "C:\Users\YVTC\Desktop\單晶片微控制器(一)\0327\4-16.c"
  25  0010  0700     R  	mov a,___Index_2604[0]
  25  0011  0080     R  	mov _main_2[0],a
  25  0012  0F00     R  	mov a,low offset _SEG_TAB
  25  0013  0300     R  	add a,_main_2[0]
  25  0014  0083        	mov mp,a
  25  0015  0F00     R  	mov a,high offset _SEG_TAB
  25  0016  1F04        	clr sbp
  25  0017  1384        	adcm a,sbp
  25  0018              	fcall _Crom2Prom
  25  001F  009E        	mov [30],a
  26  0020              #line 26 "C:\Users\YVTC\Desktop\單晶片微控制器(一)\0327\4-16.c"
  26  0020  0F19        	mov a,25
  26  0021  0080     R  	mov ___SleepCount_2605[0],a
  26  0022              _L15:
  28  0022              #line 28 "C:\Users\YVTC\Desktop\單晶片微控制器(一)\0327\4-16.c"
  28  0022  0F14        	mov a,20
"File: 4-16.c        Assembler  Version HGASM0202      Page 8

  28  0023              	fcall _PAUSE
  29  002A              #line 29 "C:\Users\YVTC\Desktop\單晶片微控制器(一)\0327\4-16.c"
  29  002A  0F80        	mov a,128
  29  002B  039E        	addm a,[30]
  30  002C              #line 30 "C:\Users\YVTC\Desktop\單晶片微控制器(一)\0327\4-16.c"
  30  002C  1500     R  	deca ___SleepCount_2605[0]
  30  002D  0080     E  	mov ra,a
  30  002E  0700     E  	mov a,ra
  30  002F  0080     R  	mov ___SleepCount_2605[0],a
  30  0030  1080     E  	sz ra
  30  0031  2800     R  	jmp _L13
  31  0032              #line 31 "C:\Users\YVTC\Desktop\單晶片微控制器(一)\0327\4-16.c"
  31  0032  1F1E        	clr [30]
  32  0033              #line 32 "C:\Users\YVTC\Desktop\單晶片微控制器(一)\0327\4-16.c"
  32  0033  3630        	clr [48].4
  34  0034              #line 34 "C:\Users\YVTC\Desktop\單晶片微控制器(一)\0327\4-16.c"
  34  0034              ;# 34 "C:\Users\YVTC\Desktop\單晶片微控制器(一)\0327\4-16.c" 1
  34  0034  0002        	halt
  34  0035              _L14:
  39  0035              #line 39 "C:\Users\YVTC\Desktop\單晶片微控制器(一)\0327\4-16.c"
  39  0035  1400     R  	inca _main_2[0]
  39  0036  0080     E  	mov ra,a
  39  0037  0700     E  	mov a,ra
  39  0038  0080     R  	mov ___Index_2604[0],a
  39  0039  0700     E  	mov a,ra
  39  003A  0A0A        	sub a,10
  39  003B  390A        	snz z
  39  003C  2800     R  	jmp _L17
  39  003D              _L11:
  23  003D              #line 23 "C:\Users\YVTC\Desktop\單晶片微控制器(一)\0327\4-16.c"
  23  003D  1F00     R  	clr ___Index_2604[0]
  23  003E  2800     R  	jmp _L17
  23  003F              _L13:
  38  003F              #line 38 "C:\Users\YVTC\Desktop\單晶片微控制器(一)\0327\4-16.c"
  38  003F  3C92        	sz [18].1
  38  0040  2800     R  	jmp _L15
  38  0041  2800     R  	jmp _L14
  38  0042  2800     R  	jmp $
  38  0043              _main endp
  38  0043              
  38  0043              @dummy endp
  38  0043              
  38  0043              #line 38 "C:\Users\YVTC\Desktop\單晶片微控制器(一)\0327\4-16.c"
  38  0043              #pragma debug scope 1 1
  38  0000              @HCCINIT0___SleepCount_2605 .section 'data'
  38  0000              ___SleepCount_2605	db 0
  38  0001              #pragma debug variable 8 5 ___SleepCount_2605 "SleepCount"
  38  0001              
  38  0000              @HCCINIT .section 'data'
  38  0000              @HCCINIT0___Index_2604 .section 'data'
  38  0000              ___Index_2604	db 0
  38  0001              #pragma debug variable 8 5 ___Index_2604 "Index"
  38  0001              
  38  0000              @HCCINIT .section 'data'
  38  0000              public _SEG_TAB
  38  0000              @crom	.section 'crom'
  10  0000              #line 10 "C:\Users\YVTC\Desktop\單晶片微控制器(一)\0327\4-16.c"
  10  0000              @crom	.section	'crom'
  10  0000              _SEG_TAB:
  10  0000              #pragma debug array 42 8 10 1
"File: 4-16.c        Assembler  Version HGASM0202      Page 9

  10  0000              #pragma debug array 42 8 10 1
  10  0000              #pragma debug variable 42 1 _SEG_TAB "SEG_TAB"
  10  0000              	db 63
  10  0001              	db 6
  10  0001              	db 91
  10  0002              	db 79
  10  0002              	db 102
  10  0003              	db 109
  10  0003              	db 125
  10  0004              	db 7
  10  0004              	db 127
  10  0005              	db 103
  10  0005              #pragma debug struct_end
  10  0005              #pragma debug struct_end
  10  0005              #pragma debug union_end
  10  0005              #pragma debug union_end
  10  0005              #pragma debug variable 44 1 ___status "__status" 1
  10  0005              #pragma debug struct_end
  10  0005              #pragma debug struct_end
  10  0005              #pragma debug union_end
  10  0005              #pragma debug union_end
  10  0005              #pragma debug variable 46 1 ___pawu "__pawu" 1
  10  0005              #pragma debug struct_end
  10  0005              #pragma debug struct_end
  10  0005              #pragma debug union_end
  10  0005              #pragma debug union_end
  10  0005              #pragma debug variable 48 1 ___papu "__papu" 1
  10  0005              #pragma debug struct_end
  10  0005              #pragma debug struct_end
  10  0005              #pragma debug union_end
  10  0005              #pragma debug union_end
  10  0005              #pragma debug variable 50 1 ___pa "__pa" 1
  10  0005              #pragma debug struct_end
  10  0005              #pragma debug struct_end
  10  0005              #pragma debug union_end
  10  0005              #pragma debug union_end
  10  0005              #pragma debug variable 52 1 ___pac "__pac" 1
  10  0005              #pragma debug struct_end
  10  0005              #pragma debug struct_end
  10  0005              #pragma debug union_end
  10  0005              #pragma debug union_end
  10  0005              #pragma debug variable 54 1 ___pd "__pd" 1
  10  0005              #pragma debug struct_end
  10  0005              #pragma debug struct_end
  10  0005              #pragma debug union_end
  10  0005              #pragma debug union_end
  10  0005              #pragma debug variable 56 1 ___pdc "__pdc" 1
  10  0005              #pragma debug struct_end
  10  0005              #pragma debug struct_end
  10  0005              #pragma debug union_end
  10  0005              #pragma debug union_end
  10  0005              #pragma debug variable 58 1 ___intc0 "__intc0" 1
  10  0005              #pragma debug struct_end
  10  0005              #pragma debug struct_end
  10  0005              #pragma debug union_end
  10  0005              #pragma debug union_end
  10  0005              #pragma debug variable 60 1 ___integ "__integ" 1
  10  0005              #pragma debug struct_end
  10  0005              #pragma debug struct_end
  10  0005              #pragma debug union_end
"File: 4-16.c        Assembler  Version HGASM0202      Page 10

  10  0005              #pragma debug union_end
  10  0005              #pragma debug variable 62 1 ___smod "__smod" 1
  10  0005              #pragma debug struct_end
  10  0005              #pragma debug struct_end
  10  0005              #pragma debug union_end
  10  0005              #pragma debug union_end
  10  0005              #pragma debug variable 64 1 ___wdtc "__wdtc" 1
  10  0005              #pragma debug struct_end
  10  0005              #pragma debug struct_end
  10  0005              #pragma debug union_end
  10  0005              #pragma debug union_end
  10  0005              #pragma debug variable 66 1 ___ifs0 "__ifs0" 1
  10  0005              extern r1:byte
  10  0005              extern r2:byte
  10  0005              extern r3:byte
  15  0005              #line 15 "C:\Users\YVTC\Desktop\單晶片微控制器(一)\0327\4-16.c"
  15  0000              @code .section at 0 'code'
  15  0000  1F0B        	clr bp
  15  0001  2800     R  	jmp _main_startup1
  15  0002              
  15  0002              
  15  0002              ; 
  15  0002              ; Generated by holtek-gcc v3.18, Tue Apr 10 13:27:06 2018
  15  0002              ; Rebuild 126
  15  0002              ; end of file


        0 Errors, 0