"File: 4-16-1.c      Assembler  Version HGASM0202      Page 1


   1  0000              ; Generated by holtek-gcc v3.18, Tue Apr 10 13:37:56 2018
   2  0000              ; 
   3  0000              ; Configuration:
   4  0000              ;       with long instruction
   5  0000              ;       Multi-ROM, Multi-RAM
   6  0000              ;       bits_per_rom_unit:16
   7  0000              ;       with mp1
   8  0000              ;       with tbhp, address(0x9)
   9  0000              ;          Use tabrd-const
  10  0000              ;       
  11  0000              ; SFR address of long-instruction arch:
  12  0000              ;    mp0 = -1,1,0
  13  0000              ;    mp1 = 4,3,2
  14  0000              ;    mp2 = 14,13,12
  15  0000              ;    tbp = 9,7,8
  16  0000              ;    acc = 5
  17  0000              ;    pcl = 6
  18  0000              ;    status = 10
  19  0000              ;    bp = 11
  20  0000              ;    intc = 48
  21  0000              ;       
  22  0000              ;       
  23  0000              ; use 'tabrdc' instead of 'tabrd'
  24  0000              ;       
  25  0000              
  26  0000              #pragma translator "holtek-gcc 4.6.4" "3.18" "build 20130711"
  27  0000              ; Rebuild 126
  28  0000              
  29  0000              ir equ [2]
  30  0000              mp equ [3]
  31  0000              sbp equ [4]
  32  0000              acc equ [5]
  33  0000              bp equ [11]
  34  0000              tblp equ [7]
  35  0000              tbhp equ [9]
  36  0000              status equ [10]
  37  0000              c equ [10].0
  38  0000              ac equ [10].1
  39  0000              z equ [10].2
  40  0000              ov equ [10].3
  41  0000              cz equ [10].6
  42  0000              sc equ [10].7
  43  0000              intc equ [48]
  44  0000              
  45  0000              extern ra:byte
  46  0000              extern rb:byte
  47  0000              extern rc:byte
  48  0000              extern rd:byte
  49  0000              extern re:byte
  50  0000              extern rf:byte
  51  0000              extern rg:byte
  52  0000              extern rh:byte
  53  0000              extern _Crom2Prom:near
  54  0000              extern _Crom2PromNext:near
  55  0000              
  56  0000              RAMBANK 0 @BITDATASEC, @BITDATASEC1
  57  0000              @HCCINIT	.section 'data'
  58  0000              @HCCINIT0	.section 'data'
  59  0000              @BITDATASEC	 .section 'data'
"File: 4-16-1.ASM    Assembler  Version HGASM0202      Page 2

  60  0000              @BITDATASEC1	 .section 'data'
  61  0000              
  62  0000              #pragma debug scope 1 1
  63  0000              	extern __DELAY3:near
  64  0000              	extern __DELAYX3:near
  65  0000              	extern __DELAYX6:near
  66  0000              	extern __DELAYY5:near
  67  0000              	extern __DELAYY3:near
  68  0000              	extern _builtin_holtek_delay_2:byte
  69  0000              ___pd equ [30]
  70  0000              ___intc0 equ [48]
  71  0000              public _ISR_ExtInt0
  72  0000              #pragma debug scope 2 1

  60  0000              #line 60 "C:\Users\YVTC\Desktop\單晶片微控制器(一)\0327\4-16-1.c"
  60  0000              rombank 0 @ISR_ExtInt0_code
  60  0000              @ISR_ExtInt0_code .section at 4 'code'
  60  0000  0080     E  	mov r1,a
  60  0001  070B        	mov a,bp
  60  0002  1F0B        	clr bp
  60  0003  2800     R  	jmp _ISR_ExtInt0
  60  0004              ROMBANK 0 _ISR_ExtInt0
  60  0004              #pragma debug scope 1 1
  60  0004              @dummy4 endp
  60  0004              #pragma debug scope 3 1
  60  0000              _ISR_ExtInt0 .section 'code'
  60  0000              _ISR_ExtInt0 proc
  60  0000  0080     E  	mov r2,a
  60  0001  070A        	mov a, status
  60  0002  0080     E  	mov r3,a
  61  0003              #line 61 "C:\Users\YVTC\Desktop\單晶片微控制器(一)\0327\4-16-1.c"
  61  0003  0F01        	mov a,1
  61  0004  009E        	mov [30],a
  61  0005  0F06        	mov a,6
  61  0006  0080     E  	mov rb,a
  61  0007              _L2:
  60  0007              #line 60 "C:\Users\YVTC\Desktop\單晶片微控制器(一)\0327\4-16-1.c"
  60  0007  0F28        	mov a,40
  60  0008  0080     E  	mov ra,a
  60  0009              _L5:
  63  0009              #line 63 "C:\Users\YVTC\Desktop\單晶片微控制器(一)\0327\4-16-1.c"
  63  0009              ;# 63 "C:\Users\YVTC\Desktop\單晶片微控制器(一)\0327\4-16-1.c" 1
  63  0009              	IF 20000>263690
  63  0009              ;# 63 "C:\Users\YVTC\Desktop\單晶片微控制器(一)\0327\4-16-1.c" 1
  63  0009              	ERRMESSAGE 'the value 20000of the argument exceeds the maxinum 263690'
  63  0009              	ENDIF
  63  0009              ;# 63 "C:\Users\YVTC\Desktop\單晶片微控制器(一)\0327\4-16-1.c" 1
  63  0009              	IF 20000<0
  63  0009              ;# 63 "C:\Users\YVTC\Desktop\單晶片微控制器(一)\0327\4-16-1.c" 1
  63  0009              	ERRMESSAGE 'the value 20000 of the argument exceeds the mininum 0'
  63  0009              	ENDIF
  63  0009              ;# 63 "C:\Users\YVTC\Desktop\單晶片微控制器(一)\0327\4-16-1.c" 1
  63  0009              	IF 20000==0
  63  0009              ;# 63 "C:\Users\YVTC\Desktop\單晶片微控制器(一)\0327\4-16-1.c" 1
  63  0009              	JMP $
  63  0009              	ENDIF
  63  0009              ;# 63 "C:\Users\YVTC\Desktop\單晶片微控制器(一)\0327\4-16-1.c" 1
  63  0009              	IF (20000>=1) AND (20000<( 4 + __PBP__ * 2))
  63  0009              ;# 63 "C:\Users\YVTC\Desktop\單晶片微控制器(一)\0327\4-16-1.c" 1
  63  0009              	NOP
"File: 4-16-1.c      Assembler  Version HGASM0202      Page 3

  63  0009              	ENDIF
  63  0009              ;# 63 "C:\Users\YVTC\Desktop\單晶片微控制器(一)\0327\4-16-1.c" 1
  63  0009              	IF (20000>=2) AND (20000<( 4 + __PBP__ * 2))
  63  0009              ;# 63 "C:\Users\YVTC\Desktop\單晶片微控制器(一)\0327\4-16-1.c" 1
  63  0009              	NOP
  63  0009              	ENDIF
  63  0009              ;# 63 "C:\Users\YVTC\Desktop\單晶片微控制器(一)\0327\4-16-1.c" 1
  63  0009              	IF (20000>=3) AND (20000<( 4 + __PBP__ * 2))
  63  0009              ;# 63 "C:\Users\YVTC\Desktop\單晶片微控制器(一)\0327\4-16-1.c" 1
  63  0009              	NOP
  63  0009              	ENDIF
  63  0009              ;# 63 "C:\Users\YVTC\Desktop\單晶片微控制器(一)\0327\4-16-1.c" 1
  63  0009              	IF (20000>=4) AND (20000<( 4 + __PBP__ * 2)) AND ( __PBP__ > 0 )
  63  0009              ;# 63 "C:\Users\YVTC\Desktop\單晶片微控制器(一)\0327\4-16-1.c" 1
  63  0009              	NOP
  63  0009              	ENDIF
  63  0009              ;# 63 "C:\Users\YVTC\Desktop\單晶片微控制器(一)\0327\4-16-1.c" 1
  63  0009              	IF (20000>=5) AND (20000<( 4 + __PBP__ * 2)) AND ( __PBP__ > 0 )
  63  0009              ;# 63 "C:\Users\YVTC\Desktop\單晶片微控制器(一)\0327\4-16-1.c" 1
  63  0009              	NOP
  63  0009              	ENDIF
  63  0009              ;# 63 "C:\Users\YVTC\Desktop\單晶片微控制器(一)\0327\4-16-1.c" 1
  63  0009              	IF (20000>=6) AND (20000<( 4 + __PBP__ * 2))  AND ( __PBP__ > 1 )
  63  0009              ;# 63 "C:\Users\YVTC\Desktop\單晶片微控制器(一)\0327\4-16-1.c" 1
  63  0009              	NOP
  63  0009              	ENDIF
  63  0009              ;# 63 "C:\Users\YVTC\Desktop\單晶片微控制器(一)\0327\4-16-1.c" 1
  63  0009              	IF (20000>=7) AND (20000<( 4 + __PBP__ * 2))  AND ( __PBP__ > 1 )
  63  0009              ;# 63 "C:\Users\YVTC\Desktop\單晶片微控制器(一)\0327\4-16-1.c" 1
  63  0009              	NOP
  63  0009              	ENDIF
  63  0009              ;# 63 "C:\Users\YVTC\Desktop\單晶片微控制器(一)\0327\4-16-1.c" 1
  63  0009              	IF (20000>=8) AND (20000<( 4 + __PBP__ * 2))  AND ( __PBP__ > 2 )
  63  0009              ;# 63 "C:\Users\YVTC\Desktop\單晶片微控制器(一)\0327\4-16-1.c" 1
  63  0009              	NOP
  63  0009              	ENDIF
  63  0009              ;# 63 "C:\Users\YVTC\Desktop\單晶片微控制器(一)\0327\4-16-1.c" 1
  63  0009              	IF (20000==9)  AND ( __PBP__ > 2 )
  63  0009              ;# 63 "C:\Users\YVTC\Desktop\單晶片微控制器(一)\0327\4-16-1.c" 1
  63  0009              	NOP
  63  0009              	ENDIF
  63  0009              ;# 63 "C:\Users\YVTC\Desktop\單晶片微控制器(一)\0327\4-16-1.c" 1
  63  0009              	IF (20000< ( 8 + __PBP__ * 2)) AND (20000>( 3 + __PBP__ * 2))
  63  0009              ;# 63 "C:\Users\YVTC\Desktop\單晶片微控制器(一)\0327\4-16-1.c" 1
  63  0009              	fcall __DELAY3 + ( 7 + __PBP__ * 2) -20000
  63  0009              	ENDIF
  63  0009              ;# 63 "C:\Users\YVTC\Desktop\單晶片微控制器(一)\0327\4-16-1.c" 1
  63  0009              	IF (20000< ( 0404h + __PBP__ * 2)) AND (20000>( 7 + __PBP__ * 2))
  63  0009              ;# 63 "C:\Users\YVTC\Desktop\單晶片微控制器(一)\0327\4-16-1.c" 1
  63  0009              	MOV A,(20000-( 4 + __PBP__ * 2))/4
  63  0009              ;# 63 "C:\Users\YVTC\Desktop\單晶片微控制器(一)\0327\4-16-1.c" 1
  63  0009              	fcall __DELAYX3 + 3 -((20000-( 4 + __PBP__ * 2)) MOD 4) 
  63  0009              	ENDIF
  63  0009              ;# 63 "C:\Users\YVTC\Desktop\單晶片微控制器(一)\0327\4-16-1.c" 1
  63  0009              	IF (20000< ( 040bh + __PBP__ * 2)) AND (20000> ( 0403h + __PBP__ * 2))
  63  0009              ;# 63 "C:\Users\YVTC\Desktop\單晶片微控制器(一)\0327\4-16-1.c" 1
  63  0009              	MOV A,0 
  63  0009              ;# 63 "C:\Users\YVTC\Desktop\單晶片微控制器(一)\0327\4-16-1.c" 1
  63  0009              	fcall __DELAYX6 + ( 040ah + __PBP__ * 2) -20000
  63  0009              	ENDIF
"File: 4-16-1.c      Assembler  Version HGASM0202      Page 4

  63  0009              ;# 63 "C:\Users\YVTC\Desktop\單晶片微控制器(一)\0327\4-16-1.c" 1
  63  0009              	IF (20000 >= ( 040bh + __PBP__ * 2)) AND ((((20000-( 9 + __PBP__ * 2))%0402h)/4+1)>256)
  63  0009              ;# 63 "C:\Users\YVTC\Desktop\單晶片微控制器(一)\0327\4-16-1.c" 1
  63  0009              	MOV A,(20000-( 9 + __PBP__ * 2))/0402h
  63  0009              ;# 63 "C:\Users\YVTC\Desktop\單晶片微控制器(一)\0327\4-16-1.c" 1
  63  0009              	MOV _builtin_holtek_delay_2,A
  63  0009              ;# 63 "C:\Users\YVTC\Desktop\單晶片微控制器(一)\0327\4-16-1.c" 1
  63  0009              	MOV A,0
  63  0009              ;# 63 "C:\Users\YVTC\Desktop\單晶片微控制器(一)\0327\4-16-1.c" 1
  63  0009              	fcall __DELAYY5 +5- (((20000-( 9 + __PBP__ * 2))%0402h)%6) 
  63  0009              	ENDIF
  63  0009              ;# 63 "C:\Users\YVTC\Desktop\單晶片微控制器(一)\0327\4-16-1.c" 1
  63  0009              	IF (20000 >= ( 040bh + __PBP__ * 2)) AND ((((20000-( 9 + __PBP__ * 2))%0402h)/4+1)<=256)
  63  0009              ;# 63 "C:\Users\YVTC\Desktop\單晶片微控制器(一)\0327\4-16-1.c" 1
  63  0009  0F13        	MOV A,(20000-( 9 + __PBP__ * 2))/0402h
  63  000A              ;# 63 "C:\Users\YVTC\Desktop\單晶片微控制器(一)\0327\4-16-1.c" 1
  63  000A  0080     E  	MOV _builtin_holtek_delay_2,A
  63  000B              ;# 63 "C:\Users\YVTC\Desktop\單晶片微控制器(一)\0327\4-16-1.c" 1
  63  000B  0F7C        	MOV A,((20000-( 9 + __PBP__ * 2))%0402h)/4+1
  63  000C              ;# 63 "C:\Users\YVTC\Desktop\單晶片微控制器(一)\0327\4-16-1.c" 1
  63  000C              	fcall __DELAYY3 +3-(((20000-( 9 + __PBP__ * 2))%0402h)%4) 
  63  0013              	ENDIF
  63  0013  1780     E  	sdz ra
  63  0014  2800     R  	jmp _L5
  64  0015              #line 64 "C:\Users\YVTC\Desktop\單晶片微控制器(一)\0327\4-16-1.c"
  64  0015              ;# 64 "C:\Users\YVTC\Desktop\單晶片微控制器(一)\0327\4-16-1.c" 1
  64  0015  0001        	clr wdt
  65  0016              #line 65 "C:\Users\YVTC\Desktop\單晶片微控制器(一)\0327\4-16-1.c"
  65  0016  071E        	mov a,[30]
  65  0017  039E        	addm a,[30]
  65  0018  1780     E  	sdz rb
  65  0019  2800     R  	jmp _L2
  67  001A              #line 67 "C:\Users\YVTC\Desktop\單晶片微控制器(一)\0327\4-16-1.c"
  67  001A  3630        	clr [48].4
  68  001B              #line 68 "C:\Users\YVTC\Desktop\單晶片微控制器(一)\0327\4-16-1.c"
  68  001B              ;# 68 "C:\Users\YVTC\Desktop\單晶片微控制器(一)\0327\4-16-1.c" 1
  68  001B  0001        	clr wdt
  68  001C  0700     E  	mov a,r2
  68  001D  008B        	mov bp,a
  68  001E  0700     E  	mov a,r3
  68  001F  008A        	mov status,a
  68  0020  0700     E  	mov a,r1
  68  0021  0004        	reti
  68  0022              _ISR_ExtInt0 endp
  68  0022              
  68  0022              #line 68 "C:\Users\YVTC\Desktop\單晶片微控制器(一)\0327\4-16-1.c"
  68  0022              #pragma debug scope 1 1
  68  0022              public _PAUSE
  68  0022              #pragma debug scope 4 1
  71  0022              #line 71 "C:\Users\YVTC\Desktop\單晶片微控制器(一)\0327\4-16-1.c"
  71  0000              _PAUSE .section 'code'
  71  0000              _PAUSE proc
  71  0000  00              local _PAUSE_2 db 1 dup(?)	; 0,1
  71  0000  0080     R  	mov _PAUSE_2[0],a
  71  0001              #pragma debug variable 8 4 _PAUSE_2+0 "i"
  72  0001              #line 72 "C:\Users\YVTC\Desktop\單晶片微控制器(一)\0327\4-16-1.c"
  72  0001  1F00     E  	clr ra
  72  0002              _L8:
  72  0002              #line 72 "C:\Users\YVTC\Desktop\單晶片微控制器(一)\0327\4-16-1.c"
  72  0002  0700     E  	mov a,ra
"File: 4-16-1.c      Assembler  Version HGASM0202      Page 5

  72  0003  0200     R  	sub a,_PAUSE_2[0]
  72  0004  3D0A        	sz z
  72  0005  2800     R  	jmp _L10
  72  0006              ;# 72 "C:\Users\YVTC\Desktop\單晶片微控制器(一)\0327\4-16-1.c" 1
  72  0006              	IF 20000>263690
  72  0006              ;# 72 "C:\Users\YVTC\Desktop\單晶片微控制器(一)\0327\4-16-1.c" 1
  72  0006              	ERRMESSAGE 'the value 20000of the argument exceeds the maxinum 263690'
  72  0006              	ENDIF
  72  0006              ;# 72 "C:\Users\YVTC\Desktop\單晶片微控制器(一)\0327\4-16-1.c" 1
  72  0006              	IF 20000<0
  72  0006              ;# 72 "C:\Users\YVTC\Desktop\單晶片微控制器(一)\0327\4-16-1.c" 1
  72  0006              	ERRMESSAGE 'the value 20000 of the argument exceeds the mininum 0'
  72  0006              	ENDIF
  72  0006              ;# 72 "C:\Users\YVTC\Desktop\單晶片微控制器(一)\0327\4-16-1.c" 1
  72  0006              	IF 20000==0
  72  0006              ;# 72 "C:\Users\YVTC\Desktop\單晶片微控制器(一)\0327\4-16-1.c" 1
  72  0006              	JMP $
  72  0006              	ENDIF
  72  0006              ;# 72 "C:\Users\YVTC\Desktop\單晶片微控制器(一)\0327\4-16-1.c" 1
  72  0006              	IF (20000>=1) AND (20000<( 4 + __PBP__ * 2))
  72  0006              ;# 72 "C:\Users\YVTC\Desktop\單晶片微控制器(一)\0327\4-16-1.c" 1
  72  0006              	NOP
  72  0006              	ENDIF
  72  0006              ;# 72 "C:\Users\YVTC\Desktop\單晶片微控制器(一)\0327\4-16-1.c" 1
  72  0006              	IF (20000>=2) AND (20000<( 4 + __PBP__ * 2))
  72  0006              ;# 72 "C:\Users\YVTC\Desktop\單晶片微控制器(一)\0327\4-16-1.c" 1
  72  0006              	NOP
  72  0006              	ENDIF
  72  0006              ;# 72 "C:\Users\YVTC\Desktop\單晶片微控制器(一)\0327\4-16-1.c" 1
  72  0006              	IF (20000>=3) AND (20000<( 4 + __PBP__ * 2))
  72  0006              ;# 72 "C:\Users\YVTC\Desktop\單晶片微控制器(一)\0327\4-16-1.c" 1
  72  0006              	NOP
  72  0006              	ENDIF
  72  0006              ;# 72 "C:\Users\YVTC\Desktop\單晶片微控制器(一)\0327\4-16-1.c" 1
  72  0006              	IF (20000>=4) AND (20000<( 4 + __PBP__ * 2)) AND ( __PBP__ > 0 )
  72  0006              ;# 72 "C:\Users\YVTC\Desktop\單晶片微控制器(一)\0327\4-16-1.c" 1
  72  0006              	NOP
  72  0006              	ENDIF
  72  0006              ;# 72 "C:\Users\YVTC\Desktop\單晶片微控制器(一)\0327\4-16-1.c" 1
  72  0006              	IF (20000>=5) AND (20000<( 4 + __PBP__ * 2)) AND ( __PBP__ > 0 )
  72  0006              ;# 72 "C:\Users\YVTC\Desktop\單晶片微控制器(一)\0327\4-16-1.c" 1
  72  0006              	NOP
  72  0006              	ENDIF
  72  0006              ;# 72 "C:\Users\YVTC\Desktop\單晶片微控制器(一)\0327\4-16-1.c" 1
  72  0006              	IF (20000>=6) AND (20000<( 4 + __PBP__ * 2))  AND ( __PBP__ > 1 )
  72  0006              ;# 72 "C:\Users\YVTC\Desktop\單晶片微控制器(一)\0327\4-16-1.c" 1
  72  0006              	NOP
  72  0006              	ENDIF
  72  0006              ;# 72 "C:\Users\YVTC\Desktop\單晶片微控制器(一)\0327\4-16-1.c" 1
  72  0006              	IF (20000>=7) AND (20000<( 4 + __PBP__ * 2))  AND ( __PBP__ > 1 )
  72  0006              ;# 72 "C:\Users\YVTC\Desktop\單晶片微控制器(一)\0327\4-16-1.c" 1
  72  0006              	NOP
  72  0006              	ENDIF
  72  0006              ;# 72 "C:\Users\YVTC\Desktop\單晶片微控制器(一)\0327\4-16-1.c" 1
  72  0006              	IF (20000>=8) AND (20000<( 4 + __PBP__ * 2))  AND ( __PBP__ > 2 )
  72  0006              ;# 72 "C:\Users\YVTC\Desktop\單晶片微控制器(一)\0327\4-16-1.c" 1
  72  0006              	NOP
  72  0006              	ENDIF
  72  0006              ;# 72 "C:\Users\YVTC\Desktop\單晶片微控制器(一)\0327\4-16-1.c" 1
  72  0006              	IF (20000==9)  AND ( __PBP__ > 2 )
"File: 4-16-1.c      Assembler  Version HGASM0202      Page 6

  72  0006              ;# 72 "C:\Users\YVTC\Desktop\單晶片微控制器(一)\0327\4-16-1.c" 1
  72  0006              	NOP
  72  0006              	ENDIF
  72  0006              ;# 72 "C:\Users\YVTC\Desktop\單晶片微控制器(一)\0327\4-16-1.c" 1
  72  0006              	IF (20000< ( 8 + __PBP__ * 2)) AND (20000>( 3 + __PBP__ * 2))
  72  0006              ;# 72 "C:\Users\YVTC\Desktop\單晶片微控制器(一)\0327\4-16-1.c" 1
  72  0006              	fcall __DELAY3 + ( 7 + __PBP__ * 2) -20000
  72  0006              	ENDIF
  72  0006              ;# 72 "C:\Users\YVTC\Desktop\單晶片微控制器(一)\0327\4-16-1.c" 1
  72  0006              	IF (20000< ( 0404h + __PBP__ * 2)) AND (20000>( 7 + __PBP__ * 2))
  72  0006              ;# 72 "C:\Users\YVTC\Desktop\單晶片微控制器(一)\0327\4-16-1.c" 1
  72  0006              	MOV A,(20000-( 4 + __PBP__ * 2))/4
  72  0006              ;# 72 "C:\Users\YVTC\Desktop\單晶片微控制器(一)\0327\4-16-1.c" 1
  72  0006              	fcall __DELAYX3 + 3 -((20000-( 4 + __PBP__ * 2)) MOD 4) 
  72  0006              	ENDIF
  72  0006              ;# 72 "C:\Users\YVTC\Desktop\單晶片微控制器(一)\0327\4-16-1.c" 1
  72  0006              	IF (20000< ( 040bh + __PBP__ * 2)) AND (20000> ( 0403h + __PBP__ * 2))
  72  0006              ;# 72 "C:\Users\YVTC\Desktop\單晶片微控制器(一)\0327\4-16-1.c" 1
  72  0006              	MOV A,0 
  72  0006              ;# 72 "C:\Users\YVTC\Desktop\單晶片微控制器(一)\0327\4-16-1.c" 1
  72  0006              	fcall __DELAYX6 + ( 040ah + __PBP__ * 2) -20000
  72  0006              	ENDIF
  72  0006              ;# 72 "C:\Users\YVTC\Desktop\單晶片微控制器(一)\0327\4-16-1.c" 1
  72  0006              	IF (20000 >= ( 040bh + __PBP__ * 2)) AND ((((20000-( 9 + __PBP__ * 2))%0402h)/4+1)>256)
  72  0006              ;# 72 "C:\Users\YVTC\Desktop\單晶片微控制器(一)\0327\4-16-1.c" 1
  72  0006              	MOV A,(20000-( 9 + __PBP__ * 2))/0402h
  72  0006              ;# 72 "C:\Users\YVTC\Desktop\單晶片微控制器(一)\0327\4-16-1.c" 1
  72  0006              	MOV _builtin_holtek_delay_2,A
  72  0006              ;# 72 "C:\Users\YVTC\Desktop\單晶片微控制器(一)\0327\4-16-1.c" 1
  72  0006              	MOV A,0
  72  0006              ;# 72 "C:\Users\YVTC\Desktop\單晶片微控制器(一)\0327\4-16-1.c" 1
  72  0006              	fcall __DELAYY5 +5- (((20000-( 9 + __PBP__ * 2))%0402h)%6) 
  72  0006              	ENDIF
  72  0006              ;# 72 "C:\Users\YVTC\Desktop\單晶片微控制器(一)\0327\4-16-1.c" 1
  72  0006              	IF (20000 >= ( 040bh + __PBP__ * 2)) AND ((((20000-( 9 + __PBP__ * 2))%0402h)/4+1)<=256)
  72  0006              ;# 72 "C:\Users\YVTC\Desktop\單晶片微控制器(一)\0327\4-16-1.c" 1
  72  0006  0F13        	MOV A,(20000-( 9 + __PBP__ * 2))/0402h
  72  0007              ;# 72 "C:\Users\YVTC\Desktop\單晶片微控制器(一)\0327\4-16-1.c" 1
  72  0007  0080     E  	MOV _builtin_holtek_delay_2,A
  72  0008              ;# 72 "C:\Users\YVTC\Desktop\單晶片微控制器(一)\0327\4-16-1.c" 1
  72  0008  0F7C        	MOV A,((20000-( 9 + __PBP__ * 2))%0402h)/4+1
  72  0009              ;# 72 "C:\Users\YVTC\Desktop\單晶片微控制器(一)\0327\4-16-1.c" 1
  72  0009              	fcall __DELAYY3 +3-(((20000-( 9 + __PBP__ * 2))%0402h)%4) 
  72  0010              	ENDIF
  72  0010  1480     E  	inc ra
  72  0011  2800     R  	jmp _L8
  72  0012              _L10:
  73  0012              #line 73 "C:\Users\YVTC\Desktop\單晶片微控制器(一)\0327\4-16-1.c"
  73  0012              ;# 73 "C:\Users\YVTC\Desktop\單晶片微控制器(一)\0327\4-16-1.c" 1
  73  0012  0001        	clr wdt
  73  0013  0003        	ret
  73  0014              _PAUSE endp
  73  0014              #line 73 "C:\Users\YVTC\Desktop\單晶片微控制器(一)\0327\4-16-1.c"
  73  0014              #pragma debug scope 1 1
  73  0014              public _WDT_WakeUp
  73  0014              #pragma debug scope 5 1
  53  0014              #line 53 "C:\Users\YVTC\Desktop\單晶片微控制器(一)\0327\4-16-1.c"
  53  0000              _WDT_WakeUp .section 'code'
  53  0000              _WDT_WakeUp proc
  53  0000  00              local _WDT_WakeUp_2 db 1 dup(?)	; 0,1
"File: 4-16-1.c      Assembler  Version HGASM0202      Page 7

  53  0000  0F0A        	mov a,10
  53  0001  0080     R  	mov _WDT_WakeUp_2[0],a
  53  0002              _L13:
  55  0002              #line 55 "C:\Users\YVTC\Desktop\單晶片微控制器(一)\0327\4-16-1.c"
  55  0002  011E        	cpla [30]
  55  0003  009E        	mov [30],a
  56  0004              #line 56 "C:\Users\YVTC\Desktop\單晶片微控制器(一)\0327\4-16-1.c"
  56  0004  0F19        	mov a,25
  56  0005              	fcall _PAUSE
  56  000C  1780     R  	sdz _WDT_WakeUp_2[0]
  56  000D  2800     R  	jmp _L13
  56  000E  0003        	ret
  56  000F              _WDT_WakeUp endp
  56  000F              #line 56 "C:\Users\YVTC\Desktop\單晶片微控制器(一)\0327\4-16-1.c"
  56  000F              #pragma debug scope 1 1
  56  000F              ___wdtc equ [62]
  56  000F              ___pdc equ [31]
  56  000F              ___pac equ [19]
  56  000F              ___papu equ [17]
  56  000F              ___pawu equ [16]
  56  000F              ___ifs0 equ [328]
  56  000F              ___integ equ [57]
  56  000F              ___smod equ [58]
  56  000F              ___status equ [10]
  56  000F              ___pa equ [18]
  56  000F              public _main
  56  000F              #pragma debug scope 6 1
  19  000F              #line 19 "C:\Users\YVTC\Desktop\單晶片微控制器(一)\0327\4-16-1.c"
  19  000F              IFDEF WITH_DEFAULT_STARTUP
  19  000F              extern _main_initial0:near
  19  000F              extern _main_startup:near
  19  000F              ENDIF
  19  000F              
  19  000F              ROMBANK 0 @start
  19  0000              @start .section com_l 'code'
  19  0000              _main_startup1:
  19  0000              @start .section com_e 'code'
  19  0000  0F00     R  	mov a,bank _main
  19  0001  008B        	mov bp,a
  19  0002  2800     R  	jmp _main
  19  0003              
  19  0000              _main .section 'code'
  19  0000              _main proc
  19  0000  00              local _main_2 db 1 dup(?)
  20  0001              #line 20 "C:\Users\YVTC\Desktop\單晶片微控制器(一)\0327\4-16-1.c"
  20  0000  0F57        	mov a,87
  20  0001  00BE        	mov [62],a
  21  0002              #line 21 "C:\Users\YVTC\Desktop\單晶片微控制器(一)\0327\4-16-1.c"
  21  0002  1F1F        	clr [31]
  22  0003              #line 22 "C:\Users\YVTC\Desktop\單晶片微控制器(一)\0327\4-16-1.c"
  22  0003  3093        	set [19].1
  22  0004  3091        	set [17].1
  22  0005  3090        	set [16].1
  23  0006              #line 23 "C:\Users\YVTC\Desktop\單晶片微控制器(一)\0327\4-16-1.c"
  23  0006  9F48 0001   	lclr [328]
  24  0008              #line 24 "C:\Users\YVTC\Desktop\單晶片微控制器(一)\0327\4-16-1.c"
  24  0008  3191        	set [17].3
  25  0009              #line 25 "C:\Users\YVTC\Desktop\單晶片微控制器(一)\0327\4-16-1.c"
  25  0009  0F02        	mov a,2
  25  000A  00B9        	mov [57],a
"File: 4-16-1.c      Assembler  Version HGASM0202      Page 8

  26  000B              #line 26 "C:\Users\YVTC\Desktop\單晶片微控制器(一)\0327\4-16-1.c"
  26  000B  34BA        	clr [58].1
  26  000C  3030        	set [48].0
  27  000D              #line 27 "C:\Users\YVTC\Desktop\單晶片微控制器(一)\0327\4-16-1.c"
  27  000D  3A0A        	snz [10].4
  27  000E  2800     R  	jmp _L15
  28  000F              #line 28 "C:\Users\YVTC\Desktop\單晶片微控制器(一)\0327\4-16-1.c"
  28  000F  3A8A        	snz [10].5
  28  0010  2800     R  	jmp _L16
  28  0011              	fcall _WDT_WakeUp
  28  0018              _L16:
  29  0018              #line 29 "C:\Users\YVTC\Desktop\單晶片微控制器(一)\0327\4-16-1.c"
  29  0018              ;# 29 "C:\Users\YVTC\Desktop\單晶片微控制器(一)\0327\4-16-1.c" 1
  29  0018  0001        	clr wdt
  29  0019              _L22:
  35  0019              #line 35 "C:\Users\YVTC\Desktop\單晶片微控制器(一)\0327\4-16-1.c"
  35  0019  0700     R  	mov a,___Index_2606[0]
  35  001A  0080     R  	mov _main_2[0],a
  35  001B  0F00     R  	mov a,low offset _SEG_TAB
  35  001C  0300     R  	add a,_main_2[0]
  35  001D  0083        	mov mp,a
  35  001E  0F00     R  	mov a,high offset _SEG_TAB
  35  001F  1F04        	clr sbp
  35  0020  1384        	adcm a,sbp
  35  0021              	fcall _Crom2Prom
  35  0028  009E        	mov [30],a
  36  0029              #line 36 "C:\Users\YVTC\Desktop\單晶片微控制器(一)\0327\4-16-1.c"
  36  0029  0F19        	mov a,25
  36  002A  0080     R  	mov ___SleepCount_2607[0],a
  36  002B              _L20:
  38  002B              #line 38 "C:\Users\YVTC\Desktop\單晶片微控制器(一)\0327\4-16-1.c"
  38  002B  0F14        	mov a,20
  38  002C              	fcall _PAUSE
  39  0033              #line 39 "C:\Users\YVTC\Desktop\單晶片微控制器(一)\0327\4-16-1.c"
  39  0033  0F80        	mov a,128
  39  0034  039E        	addm a,[30]
  40  0035              #line 40 "C:\Users\YVTC\Desktop\單晶片微控制器(一)\0327\4-16-1.c"
  40  0035  1500     R  	deca ___SleepCount_2607[0]
  40  0036  0080     E  	mov ra,a
  40  0037  0700     E  	mov a,ra
  40  0038  0080     R  	mov ___SleepCount_2607[0],a
  40  0039  1080     E  	sz ra
  40  003A  2800     R  	jmp _L18
  41  003B              #line 41 "C:\Users\YVTC\Desktop\單晶片微控制器(一)\0327\4-16-1.c"
  41  003B  1F1E        	clr [30]
  42  003C              #line 42 "C:\Users\YVTC\Desktop\單晶片微控制器(一)\0327\4-16-1.c"
  42  003C  3630        	clr [48].4
  43  003D              #line 43 "C:\Users\YVTC\Desktop\單晶片微控制器(一)\0327\4-16-1.c"
  43  003D  30B0        	set [48].1
  44  003E              #line 44 "C:\Users\YVTC\Desktop\單晶片微控制器(一)\0327\4-16-1.c"
  44  003E              ;# 44 "C:\Users\YVTC\Desktop\單晶片微控制器(一)\0327\4-16-1.c" 1
  44  003E  0002        	halt
  45  003F              #line 45 "C:\Users\YVTC\Desktop\單晶片微控制器(一)\0327\4-16-1.c"
  45  003F  34B0        	clr [48].1
  45  0040              _L19:
  49  0040              #line 49 "C:\Users\YVTC\Desktop\單晶片微控制器(一)\0327\4-16-1.c"
  49  0040  1400     R  	inca _main_2[0]
  49  0041  0080     E  	mov ra,a
  49  0042  0700     E  	mov a,ra
  49  0043  0080     R  	mov ___Index_2606[0],a
"File: 4-16-1.c      Assembler  Version HGASM0202      Page 9

  49  0044  0700     E  	mov a,ra
  49  0045  0A0A        	sub a,10
  49  0046  390A        	snz z
  49  0047  2800     R  	jmp _L22
  49  0048              _L15:
  32  0048              #line 32 "C:\Users\YVTC\Desktop\單晶片微控制器(一)\0327\4-16-1.c"
  32  0048  1F00     R  	clr ___Index_2606[0]
  32  0049  2800     R  	jmp _L22
  32  004A              _L18:
  48  004A              #line 48 "C:\Users\YVTC\Desktop\單晶片微控制器(一)\0327\4-16-1.c"
  48  004A  3C92        	sz [18].1
  48  004B  2800     R  	jmp _L20
  48  004C  2800     R  	jmp _L19
  48  004D  2800     R  	jmp $
  48  004E              _main endp
  48  004E              
  48  004E              @dummy endp
  48  004E              
  48  004E              #line 48 "C:\Users\YVTC\Desktop\單晶片微控制器(一)\0327\4-16-1.c"
  48  004E              #pragma debug scope 1 1
  48  0000              @HCCINIT0___SleepCount_2607 .section 'data'
  48  0000              ___SleepCount_2607	db 0
  48  0001              #pragma debug variable 8 6 ___SleepCount_2607 "SleepCount"
  48  0001              
  48  0000              @HCCINIT .section 'data'
  48  0000              @HCCINIT0___Index_2606 .section 'data'
  48  0000              ___Index_2606	db 0
  48  0001              #pragma debug variable 8 6 ___Index_2606 "Index"
  48  0001              
  48  0000              @HCCINIT .section 'data'
  48  0000              public _SEG_TAB
  48  0000              @crom	.section 'crom'
  13  0000              #line 13 "C:\Users\YVTC\Desktop\單晶片微控制器(一)\0327\4-16-1.c"
  13  0000              @crom	.section	'crom'
  13  0000              _SEG_TAB:
  13  0000              #pragma debug array 42 8 10 1
  13  0000              #pragma debug array 42 8 10 1
  13  0000              #pragma debug variable 42 1 _SEG_TAB "SEG_TAB"
  13  0000              	db 63
  13  0001              	db 6
  13  0001              	db 91
  13  0002              	db 79
  13  0002              	db 102
  13  0003              	db 109
  13  0003              	db 125
  13  0004              	db 7
  13  0004              	db 127
  13  0005              	db 103
  13  0005              #pragma debug struct_end
  13  0005              #pragma debug struct_end
  13  0005              #pragma debug union_end
  13  0005              #pragma debug union_end
  13  0005              #pragma debug variable 44 1 ___status "__status" 1
  13  0005              #pragma debug struct_end
  13  0005              #pragma debug struct_end
  13  0005              #pragma debug union_end
  13  0005              #pragma debug union_end
  13  0005              #pragma debug variable 46 1 ___pawu "__pawu" 1
  13  0005              #pragma debug struct_end
  13  0005              #pragma debug struct_end
"File: 4-16-1.c      Assembler  Version HGASM0202      Page 10

  13  0005              #pragma debug union_end
  13  0005              #pragma debug union_end
  13  0005              #pragma debug variable 48 1 ___papu "__papu" 1
  13  0005              #pragma debug struct_end
  13  0005              #pragma debug struct_end
  13  0005              #pragma debug union_end
  13  0005              #pragma debug union_end
  13  0005              #pragma debug variable 50 1 ___pa "__pa" 1
  13  0005              #pragma debug struct_end
  13  0005              #pragma debug struct_end
  13  0005              #pragma debug union_end
  13  0005              #pragma debug union_end
  13  0005              #pragma debug variable 52 1 ___pac "__pac" 1
  13  0005              #pragma debug struct_end
  13  0005              #pragma debug struct_end
  13  0005              #pragma debug union_end
  13  0005              #pragma debug union_end
  13  0005              #pragma debug variable 54 1 ___pd "__pd" 1
  13  0005              #pragma debug struct_end
  13  0005              #pragma debug struct_end
  13  0005              #pragma debug union_end
  13  0005              #pragma debug union_end
  13  0005              #pragma debug variable 56 1 ___pdc "__pdc" 1
  13  0005              #pragma debug struct_end
  13  0005              #pragma debug struct_end
  13  0005              #pragma debug union_end
  13  0005              #pragma debug union_end
  13  0005              #pragma debug variable 58 1 ___intc0 "__intc0" 1
  13  0005              #pragma debug struct_end
  13  0005              #pragma debug struct_end
  13  0005              #pragma debug union_end
  13  0005              #pragma debug union_end
  13  0005              #pragma debug variable 60 1 ___integ "__integ" 1
  13  0005              #pragma debug struct_end
  13  0005              #pragma debug struct_end
  13  0005              #pragma debug union_end
  13  0005              #pragma debug union_end
  13  0005              #pragma debug variable 62 1 ___smod "__smod" 1
  13  0005              #pragma debug struct_end
  13  0005              #pragma debug struct_end
  13  0005              #pragma debug union_end
  13  0005              #pragma debug union_end
  13  0005              #pragma debug variable 64 1 ___wdtc "__wdtc" 1
  13  0005              #pragma debug struct_end
  13  0005              #pragma debug struct_end
  13  0005              #pragma debug union_end
  13  0005              #pragma debug union_end
  13  0005              #pragma debug variable 66 1 ___ifs0 "__ifs0" 1
  13  0005              extern r1:byte
  13  0005              extern r2:byte
  13  0005              extern r3:byte
  19  0005              #line 19 "C:\Users\YVTC\Desktop\單晶片微控制器(一)\0327\4-16-1.c"
  19  0000              @code .section at 0 'code'
  19  0000  1F0B        	clr bp
  19  0001  2800     R  	jmp _main_startup1
  19  0002              
  19  0002              
  19  0002              ; 
  19  0002              ; Generated by holtek-gcc v3.18, Tue Apr 10 13:37:56 2018
  19  0002              ; Rebuild 126
"File: 4-16-1.c      Assembler  Version HGASM0202      Page 11

  19  0002              ; end of file


        0 Errors, 0