"File: 4-19.c        Assembler  Version HGASM0202      Page 1


   1  0000              ; Generated by holtek-gcc v3.18, Tue Apr 10 11:43:05 2018
   2  0000              ; 
   3  0000              ; Configuration:
   4  0000              ;       with long instruction
   5  0000              ;       Multi-ROM, Multi-RAM
   6  0000              ;       bits_per_rom_unit:16
   7  0000              ;       with mp1
   8  0000              ;       with tbhp, address(0x9)
   9  0000              ;          Use tabrd-const
  10  0000              ;       
  11  0000              ; SFR address of long-instruction arch:
  12  0000              ;    mp0 = -1,1,0
  13  0000              ;    mp1 = 4,3,2
  14  0000              ;    mp2 = 14,13,12
  15  0000              ;    tbp = 9,7,8
  16  0000              ;    acc = 5
  17  0000              ;    pcl = 6
  18  0000              ;    status = 10
  19  0000              ;    bp = 11
  20  0000              ;    intc = 48
  21  0000              ;       
  22  0000              ;       
  23  0000              ; use 'tabrdc' instead of 'tabrd'
  24  0000              ;       
  25  0000              
  26  0000              #pragma translator "holtek-gcc 4.6.4" "3.18" "build 20130711"
  27  0000              ; Rebuild 126
  28  0000              
  29  0000              ir equ [2]
  30  0000              mp equ [3]
  31  0000              sbp equ [4]
  32  0000              acc equ [5]
  33  0000              bp equ [11]
  34  0000              tblp equ [7]
  35  0000              tbhp equ [9]
  36  0000              status equ [10]
  37  0000              c equ [10].0
  38  0000              ac equ [10].1
  39  0000              z equ [10].2
  40  0000              ov equ [10].3
  41  0000              cz equ [10].6
  42  0000              sc equ [10].7
  43  0000              intc equ [48]
  44  0000              
  45  0000              extern ra:byte
  46  0000              extern rb:byte
  47  0000              extern rc:byte
  48  0000              extern rd:byte
  49  0000              extern re:byte
  50  0000              extern rf:byte
  51  0000              extern rg:byte
  52  0000              extern rh:byte
  53  0000              extern _Crom2Prom:near
  54  0000              extern _Crom2PromNext:near
  55  0000              
  56  0000              RAMBANK 0 @BITDATASEC, @BITDATASEC1
  57  0000              @HCCINIT	.section 'data'
  58  0000              @HCCINIT0	.section 'data'
  59  0000              @BITDATASEC	 .section 'data'
"File: 4-19.ASM      Assembler  Version HGASM0202      Page 2

  60  0000              @BITDATASEC1	 .section 'data'
  61  0000              
  62  0000              #pragma debug scope 1 1
  63  0000              	extern __DELAY3:near
  64  0000              	extern __DELAYX3:near
  65  0000              	extern __DELAYX6:near
  66  0000              	extern __DELAYY5:near
  67  0000              	extern __DELAYY3:near
  68  0000              	extern _builtin_holtek_delay_2:byte
  69  0000              public _PAUSE
  70  0000              #pragma debug scope 2 1

  35  0000              #line 35 "C:\Users\YVTC\Desktop\單晶片微控制器(一)\0327\4-19.c"
  35  0000              _PAUSE .section 'code'
  35  0000              _PAUSE proc
  35  0000  00              local _PAUSE_2 db 1 dup(?)	; 0,1
  35  0000  0080     R  	mov _PAUSE_2[0],a
  35  0001              #pragma debug variable 8 2 _PAUSE_2+0 "i"
  36  0001              #line 36 "C:\Users\YVTC\Desktop\單晶片微控制器(一)\0327\4-19.c"
  36  0001  1F00     E  	clr ra
  36  0002  2800     R  	jmp _L2
  36  0003              _L3:
  36  0003              #line 36 "C:\Users\YVTC\Desktop\單晶片微控制器(一)\0327\4-19.c"
  36  0003              ;# 36 "C:\Users\YVTC\Desktop\單晶片微控制器(一)\0327\4-19.c" 1
  36  0003              	IF 20000>263690
  36  0003              ;# 36 "C:\Users\YVTC\Desktop\單晶片微控制器(一)\0327\4-19.c" 1
  36  0003              	ERRMESSAGE 'the value 20000of the argument exceeds the maxinum 263690'
  36  0003              	ENDIF
  36  0003              ;# 36 "C:\Users\YVTC\Desktop\單晶片微控制器(一)\0327\4-19.c" 1
  36  0003              	IF 20000<0
  36  0003              ;# 36 "C:\Users\YVTC\Desktop\單晶片微控制器(一)\0327\4-19.c" 1
  36  0003              	ERRMESSAGE 'the value 20000 of the argument exceeds the mininum 0'
  36  0003              	ENDIF
  36  0003              ;# 36 "C:\Users\YVTC\Desktop\單晶片微控制器(一)\0327\4-19.c" 1
  36  0003              	IF 20000==0
  36  0003              ;# 36 "C:\Users\YVTC\Desktop\單晶片微控制器(一)\0327\4-19.c" 1
  36  0003              	JMP $
  36  0003              	ENDIF
  36  0003              ;# 36 "C:\Users\YVTC\Desktop\單晶片微控制器(一)\0327\4-19.c" 1
  36  0003              	IF (20000>=1) AND (20000<( 4 + __PBP__ * 2))
  36  0003              ;# 36 "C:\Users\YVTC\Desktop\單晶片微控制器(一)\0327\4-19.c" 1
  36  0003              	NOP
  36  0003              	ENDIF
  36  0003              ;# 36 "C:\Users\YVTC\Desktop\單晶片微控制器(一)\0327\4-19.c" 1
  36  0003              	IF (20000>=2) AND (20000<( 4 + __PBP__ * 2))
  36  0003              ;# 36 "C:\Users\YVTC\Desktop\單晶片微控制器(一)\0327\4-19.c" 1
  36  0003              	NOP
  36  0003              	ENDIF
  36  0003              ;# 36 "C:\Users\YVTC\Desktop\單晶片微控制器(一)\0327\4-19.c" 1
  36  0003              	IF (20000>=3) AND (20000<( 4 + __PBP__ * 2))
  36  0003              ;# 36 "C:\Users\YVTC\Desktop\單晶片微控制器(一)\0327\4-19.c" 1
  36  0003              	NOP
  36  0003              	ENDIF
  36  0003              ;# 36 "C:\Users\YVTC\Desktop\單晶片微控制器(一)\0327\4-19.c" 1
  36  0003              	IF (20000>=4) AND (20000<( 4 + __PBP__ * 2)) AND ( __PBP__ > 0 )
  36  0003              ;# 36 "C:\Users\YVTC\Desktop\單晶片微控制器(一)\0327\4-19.c" 1
  36  0003              	NOP
  36  0003              	ENDIF
  36  0003              ;# 36 "C:\Users\YVTC\Desktop\單晶片微控制器(一)\0327\4-19.c" 1
  36  0003              	IF (20000>=5) AND (20000<( 4 + __PBP__ * 2)) AND ( __PBP__ > 0 )
"File: 4-19.c        Assembler  Version HGASM0202      Page 3

  36  0003              ;# 36 "C:\Users\YVTC\Desktop\單晶片微控制器(一)\0327\4-19.c" 1
  36  0003              	NOP
  36  0003              	ENDIF
  36  0003              ;# 36 "C:\Users\YVTC\Desktop\單晶片微控制器(一)\0327\4-19.c" 1
  36  0003              	IF (20000>=6) AND (20000<( 4 + __PBP__ * 2))  AND ( __PBP__ > 1 )
  36  0003              ;# 36 "C:\Users\YVTC\Desktop\單晶片微控制器(一)\0327\4-19.c" 1
  36  0003              	NOP
  36  0003              	ENDIF
  36  0003              ;# 36 "C:\Users\YVTC\Desktop\單晶片微控制器(一)\0327\4-19.c" 1
  36  0003              	IF (20000>=7) AND (20000<( 4 + __PBP__ * 2))  AND ( __PBP__ > 1 )
  36  0003              ;# 36 "C:\Users\YVTC\Desktop\單晶片微控制器(一)\0327\4-19.c" 1
  36  0003              	NOP
  36  0003              	ENDIF
  36  0003              ;# 36 "C:\Users\YVTC\Desktop\單晶片微控制器(一)\0327\4-19.c" 1
  36  0003              	IF (20000>=8) AND (20000<( 4 + __PBP__ * 2))  AND ( __PBP__ > 2 )
  36  0003              ;# 36 "C:\Users\YVTC\Desktop\單晶片微控制器(一)\0327\4-19.c" 1
  36  0003              	NOP
  36  0003              	ENDIF
  36  0003              ;# 36 "C:\Users\YVTC\Desktop\單晶片微控制器(一)\0327\4-19.c" 1
  36  0003              	IF (20000==9)  AND ( __PBP__ > 2 )
  36  0003              ;# 36 "C:\Users\YVTC\Desktop\單晶片微控制器(一)\0327\4-19.c" 1
  36  0003              	NOP
  36  0003              	ENDIF
  36  0003              ;# 36 "C:\Users\YVTC\Desktop\單晶片微控制器(一)\0327\4-19.c" 1
  36  0003              	IF (20000< ( 8 + __PBP__ * 2)) AND (20000>( 3 + __PBP__ * 2))
  36  0003              ;# 36 "C:\Users\YVTC\Desktop\單晶片微控制器(一)\0327\4-19.c" 1
  36  0003              	fcall __DELAY3 + ( 7 + __PBP__ * 2) -20000
  36  0003              	ENDIF
  36  0003              ;# 36 "C:\Users\YVTC\Desktop\單晶片微控制器(一)\0327\4-19.c" 1
  36  0003              	IF (20000< ( 0404h + __PBP__ * 2)) AND (20000>( 7 + __PBP__ * 2))
  36  0003              ;# 36 "C:\Users\YVTC\Desktop\單晶片微控制器(一)\0327\4-19.c" 1
  36  0003              	MOV A,(20000-( 4 + __PBP__ * 2))/4
  36  0003              ;# 36 "C:\Users\YVTC\Desktop\單晶片微控制器(一)\0327\4-19.c" 1
  36  0003              	fcall __DELAYX3 + 3 -((20000-( 4 + __PBP__ * 2)) MOD 4) 
  36  0003              	ENDIF
  36  0003              ;# 36 "C:\Users\YVTC\Desktop\單晶片微控制器(一)\0327\4-19.c" 1
  36  0003              	IF (20000< ( 040bh + __PBP__ * 2)) AND (20000> ( 0403h + __PBP__ * 2))
  36  0003              ;# 36 "C:\Users\YVTC\Desktop\單晶片微控制器(一)\0327\4-19.c" 1
  36  0003              	MOV A,0 
  36  0003              ;# 36 "C:\Users\YVTC\Desktop\單晶片微控制器(一)\0327\4-19.c" 1
  36  0003              	fcall __DELAYX6 + ( 040ah + __PBP__ * 2) -20000
  36  0003              	ENDIF
  36  0003              ;# 36 "C:\Users\YVTC\Desktop\單晶片微控制器(一)\0327\4-19.c" 1
  36  0003              	IF (20000 >= ( 040bh + __PBP__ * 2)) AND ((((20000-( 9 + __PBP__ * 2))%0402h)/4+1)>256)
  36  0003              ;# 36 "C:\Users\YVTC\Desktop\單晶片微控制器(一)\0327\4-19.c" 1
  36  0003              	MOV A,(20000-( 9 + __PBP__ * 2))/0402h
  36  0003              ;# 36 "C:\Users\YVTC\Desktop\單晶片微控制器(一)\0327\4-19.c" 1
  36  0003              	MOV _builtin_holtek_delay_2,A
  36  0003              ;# 36 "C:\Users\YVTC\Desktop\單晶片微控制器(一)\0327\4-19.c" 1
  36  0003              	MOV A,0
  36  0003              ;# 36 "C:\Users\YVTC\Desktop\單晶片微控制器(一)\0327\4-19.c" 1
  36  0003              	fcall __DELAYY5 +5- (((20000-( 9 + __PBP__ * 2))%0402h)%6) 
  36  0003              	ENDIF
  36  0003              ;# 36 "C:\Users\YVTC\Desktop\單晶片微控制器(一)\0327\4-19.c" 1
  36  0003              	IF (20000 >= ( 040bh + __PBP__ * 2)) AND ((((20000-( 9 + __PBP__ * 2))%0402h)/4+1)<=256)
  36  0003              ;# 36 "C:\Users\YVTC\Desktop\單晶片微控制器(一)\0327\4-19.c" 1
  36  0003  0F13        	MOV A,(20000-( 9 + __PBP__ * 2))/0402h
  36  0004              ;# 36 "C:\Users\YVTC\Desktop\單晶片微控制器(一)\0327\4-19.c" 1
  36  0004  0080     E  	MOV _builtin_holtek_delay_2,A
  36  0005              ;# 36 "C:\Users\YVTC\Desktop\單晶片微控制器(一)\0327\4-19.c" 1
"File: 4-19.c        Assembler  Version HGASM0202      Page 4

  36  0005  0F7C        	MOV A,((20000-( 9 + __PBP__ * 2))%0402h)/4+1
  36  0006              ;# 36 "C:\Users\YVTC\Desktop\單晶片微控制器(一)\0327\4-19.c" 1
  36  0006              	fcall __DELAYY3 +3-(((20000-( 9 + __PBP__ * 2))%0402h)%4) 
  36  000D              	ENDIF
  36  000D  1480     E  	inc ra
  36  000E              _L2:
  36  000E  0700     E  	mov a,ra
  36  000F  0200     R  	sub a,_PAUSE_2[0]
  36  0010  390A        	snz z
  36  0011  2800     R  	jmp _L3
  36  0012  0003        	ret
  36  0013              _PAUSE endp
  36  0013              #line 36 "C:\Users\YVTC\Desktop\單晶片微控制器(一)\0327\4-19.c"
  36  0013              #pragma debug scope 1 1
  36  0013              ___pd equ [30]
  36  0013              public _Display029
  36  0013              #pragma debug scope 3 1
  28  0013              #line 28 "C:\Users\YVTC\Desktop\單晶片微控制器(一)\0327\4-19.c"
  28  0000              _Display029 .section 'code'
  28  0000              _Display029 proc
  28  0000  0002[           local _Display029_2 db 2 dup(?)	; 0,2
            00
            ]
  28  0002              #pragma debug variable 8 3 _Display029_2+1 "i"
  28  0000  0F0A        	mov a,10
  28  0001  0080     R  	mov _Display029_2[0],a
  29  0002              #line 29 "C:\Users\YVTC\Desktop\單晶片微控制器(一)\0327\4-19.c"
  29  0002  1F00     R  	clr _Display029_2[1]
  29  0003              _L7:
  30  0003              #line 30 "C:\Users\YVTC\Desktop\單晶片微控制器(一)\0327\4-19.c"
  30  0003  0F00     R  	mov a,low offset _SEG_TAB
  30  0004  0300     R  	add a,_Display029_2[1]
  30  0005  0083        	mov mp,a
  30  0006  0F00     R  	mov a,high offset _SEG_TAB
  30  0007  1F04        	clr sbp
  30  0008  1384        	adcm a,sbp
  30  0009              	fcall _Crom2Prom
  30  0010  009E        	mov [30],a
  31  0011              #line 31 "C:\Users\YVTC\Desktop\單晶片微控制器(一)\0327\4-19.c"
  31  0011  0F0A        	mov a,10
  31  0012              	fcall _PAUSE
  29  0019              #line 29 "C:\Users\YVTC\Desktop\單晶片微控制器(一)\0327\4-19.c"
  29  0019  1480     R  	inc _Display029_2[1]
  29  001A  1780     R  	sdz _Display029_2[0]
  29  001B  2800     R  	jmp _L7
  29  001C  0003        	ret
  29  001D              _Display029 endp
  29  001D              #line 29 "C:\Users\YVTC\Desktop\單晶片微控制器(一)\0327\4-19.c"
  29  001D              #pragma debug scope 1 1
  29  001D              ___wdtc equ [62]
  29  001D              ___pdc equ [31]
  29  001D              ___smod equ [58]
  29  001D              public _main
  29  001D              #pragma debug scope 4 1
  12  001D              #line 12 "C:\Users\YVTC\Desktop\單晶片微控制器(一)\0327\4-19.c"
  12  001D              IFDEF WITH_DEFAULT_STARTUP
  12  001D              extern _main_initial0:near
  12  001D              extern _main_startup:near
  12  001D              ENDIF
  12  001D              
"File: 4-19.c        Assembler  Version HGASM0202      Page 5

  12  001D              ROMBANK 0 @start
  12  0000              @start .section com_l 'code'
  12  0000              _main_startup1:
  12  0000              @start .section com_e 'code'
  12  0000  0F00     R  	mov a,bank _main
  12  0001  008B        	mov bp,a
  12  0002  2800     R  	jmp _main
  12  0003              
  12  0000              _main .section 'code'
  12  0000              _main proc
  12  0000  00              local _main_2 db 1 dup(?)
  12  0001              #pragma debug variable 8 4 _main_2+0 "Mode"
  13  0001              #line 13 "C:\Users\YVTC\Desktop\單晶片微控制器(一)\0327\4-19.c"
  13  0000  0FAF        	mov a,175
  13  0001  00BE        	mov [62],a
  14  0002              #line 14 "C:\Users\YVTC\Desktop\單晶片微控制器(一)\0327\4-19.c"
  14  0002  1F1E        	clr [30]
  14  0003  1F1F        	clr [31]
  14  0004              _L10:
  16  0004              #line 16 "C:\Users\YVTC\Desktop\單晶片微控制器(一)\0327\4-19.c"
  16  0004  303A        	set [58].0
  17  0005              #line 17 "C:\Users\YVTC\Desktop\單晶片微控制器(一)\0327\4-19.c"
  17  0005              	fcall _Display029
  18  000C              #line 18 "C:\Users\YVTC\Desktop\單晶片微控制器(一)\0327\4-19.c"
  18  000C  0F40        	mov a,64
  18  000D  0080     R  	mov _main_2[0],a
  18  000E              _L11:
  20  000E              #line 20 "C:\Users\YVTC\Desktop\單晶片微控制器(一)\0327\4-19.c"
  20  000E  0F1E        	mov a,30
  20  000F  06BA        	andm a,[58]
  21  0010              #line 21 "C:\Users\YVTC\Desktop\單晶片微控制器(一)\0327\4-19.c"
  21  0010  0700     R  	mov a,_main_2[0]
  21  0011  05BA        	orm a,[58]
  22  0012              #line 22 "C:\Users\YVTC\Desktop\單晶片微控制器(一)\0327\4-19.c"
  22  0012              	fcall _Display029
  23  0019              #line 23 "C:\Users\YVTC\Desktop\單晶片微控制器(一)\0327\4-19.c"
  23  0019  0F20        	mov a,32
  23  001A  0380     R  	addm a,_main_2[0]
  24  001B              #line 24 "C:\Users\YVTC\Desktop\單晶片微控制器(一)\0327\4-19.c"
  24  001B  1080     R  	sz _main_2[0]
  24  001C  2800     R  	jmp _L11
  24  001D  2800     R  	jmp _L10
  24  001E  2800     R  	jmp $
  24  001F              _main endp
  24  001F              
  24  001F              @dummy endp
  24  001F              
  24  001F              #line 24 "C:\Users\YVTC\Desktop\單晶片微控制器(一)\0327\4-19.c"
  24  001F              #pragma debug scope 1 1
  24  001F              public _SEG_TAB
  24  0000              @crom	.section 'crom'
   6  0000              #line 6 "C:\Users\YVTC\Desktop\單晶片微控制器(一)\0327\4-19.c"
   6  0000              @crom	.section	'crom'
   6  0000              _SEG_TAB:
   6  0000              #pragma debug array 42 8 10 1
   6  0000              #pragma debug array 42 8 10 1
   6  0000              #pragma debug variable 42 1 _SEG_TAB "SEG_TAB"
   6  0000              	db 63
   6  0001              	db 6
   6  0001              	db 91
"File: 4-19.c        Assembler  Version HGASM0202      Page 6

   6  0002              	db 79
   6  0002              	db 102
   6  0003              	db 109
   6  0003              	db 125
   6  0004              	db 7
   6  0004              	db 127
   6  0005              	db 103
   6  0005              #pragma debug struct_end
   6  0005              #pragma debug struct_end
   6  0005              #pragma debug union_end
   6  0005              #pragma debug union_end
   6  0005              #pragma debug variable 44 1 ___pd "__pd" 1
   6  0005              #pragma debug struct_end
   6  0005              #pragma debug struct_end
   6  0005              #pragma debug union_end
   6  0005              #pragma debug union_end
   6  0005              #pragma debug variable 46 1 ___pdc "__pdc" 1
   6  0005              #pragma debug struct_end
   6  0005              #pragma debug struct_end
   6  0005              #pragma debug union_end
   6  0005              #pragma debug union_end
   6  0005              #pragma debug variable 48 1 ___smod "__smod" 1
   6  0005              #pragma debug struct_end
   6  0005              #pragma debug struct_end
   6  0005              #pragma debug union_end
   6  0005              #pragma debug union_end
   6  0005              #pragma debug variable 50 1 ___wdtc "__wdtc" 1
  12  0005              #line 12 "C:\Users\YVTC\Desktop\單晶片微控制器(一)\0327\4-19.c"
  12  0000              @code .section at 0 'code'
  12  0000  1F0B        	clr bp
  12  0001  2800     R  	jmp _main_startup1
  12  0002              
  12  0002              
  12  0002              ; 
  12  0002              ; Generated by holtek-gcc v3.18, Tue Apr 10 11:43:05 2018
  12  0002              ; Rebuild 126
  12  0002              ; end of file


        0 Errors, 0