"File: 4-2.c         Assembler  Version HGASM0202      Page 1


   1  0000              ; Generated by holtek-gcc v3.18, Tue Mar 06 10:02:18 2018
   2  0000              ; 
   3  0000              ; Configuration:
   4  0000              ;       with long instruction
   5  0000              ;       Multi-ROM, Multi-RAM
   6  0000              ;       bits_per_rom_unit:16
   7  0000              ;       with mp1
   8  0000              ;       with tbhp, address(0x9)
   9  0000              ;          Use tabrd-const
  10  0000              ;       
  11  0000              ; SFR address of long-instruction arch:
  12  0000              ;    mp0 = -1,1,0
  13  0000              ;    mp1 = 4,3,2
  14  0000              ;    mp2 = 14,13,12
  15  0000              ;    tbp = 9,7,8
  16  0000              ;    acc = 5
  17  0000              ;    pcl = 6
  18  0000              ;    status = 10
  19  0000              ;    bp = 11
  20  0000              ;    intc = 48
  21  0000              ;       
  22  0000              ;       
  23  0000              ; use 'tabrdc' instead of 'tabrd'
  24  0000              ;       
  25  0000              
  26  0000              #pragma translator "holtek-gcc 4.6.4" "3.18" "build 20130711"
  27  0000              ; Rebuild 126
  28  0000              
  29  0000              ir equ [2]
  30  0000              mp equ [3]
  31  0000              sbp equ [4]
  32  0000              acc equ [5]
  33  0000              bp equ [11]
  34  0000              tblp equ [7]
  35  0000              tbhp equ [9]
  36  0000              status equ [10]
  37  0000              c equ [10].0
  38  0000              ac equ [10].1
  39  0000              z equ [10].2
  40  0000              ov equ [10].3
  41  0000              cz equ [10].6
  42  0000              sc equ [10].7
  43  0000              intc equ [48]
  44  0000              
  45  0000              extern ra:byte
  46  0000              extern rb:byte
  47  0000              extern rc:byte
  48  0000              extern rd:byte
  49  0000              extern re:byte
  50  0000              extern rf:byte
  51  0000              extern rg:byte
  52  0000              extern rh:byte
  53  0000              extern _Crom2Prom:near
  54  0000              extern _Crom2PromNext:near
  55  0000              
  56  0000              RAMBANK 0 @BITDATASEC, @BITDATASEC1
  57  0000              @HCCINIT	.section 'data'
  58  0000              @HCCINIT0	.section 'data'
  59  0000              @BITDATASEC	 .section 'data'
"File: 4-2.ASM       Assembler  Version HGASM0202      Page 2

  60  0000              @BITDATASEC1	 .section 'data'
  61  0000              
  62  0000              #pragma debug scope 1 1
  63  0000              	extern __DELAY3:near
  64  0000              	extern __DELAYX3:near
  65  0000              	extern __DELAYX6:near
  66  0000              	extern __DELAYY5:near
  67  0000              	extern __DELAYY3:near
  68  0000              	extern _builtin_holtek_delay_2:byte
  69  0000              ___wdtc equ [62]
  70  0000              ___pcc equ [27]
  71  0000              ___pc equ [26]
  72  0000              public _main
  73  0000              #pragma debug scope 2 1

  10  0000              #line 10 "C:\Users\YVTC\Desktop\單晶片微控制器(一)\0306\4-2.c"
  10  0000              IFDEF WITH_DEFAULT_STARTUP
  10  0000              extern _main_initial0:near
  10  0000              extern _main_startup:near
  10  0000              ENDIF
  10  0000              
  10  0000              ROMBANK 0 @start
  10  0000              @start .section com_l 'code'
  10  0000              _main_startup1:
  10  0000              @start .section com_e 'code'
  10  0000  0F00     R  	mov a,bank _main
  10  0001  008B        	mov bp,a
  10  0002  2800     R  	jmp _main
  10  0003              
  10  0000              _main .section 'code'
  10  0000              _main proc
  11  0000              #line 11 "C:\Users\YVTC\Desktop\單晶片微控制器(一)\0306\4-2.c"
  11  0000  0FAF        	mov a,175
  11  0001  00BE        	mov [62],a
  12  0002              #line 12 "C:\Users\YVTC\Desktop\單晶片微控制器(一)\0306\4-2.c"
  12  0002  1F1B        	clr [27]
  13  0003              #line 13 "C:\Users\YVTC\Desktop\單晶片微控制器(一)\0306\4-2.c"
  13  0003  1F1B        	clr [27]
  15  0004              #line 15 "C:\Users\YVTC\Desktop\單晶片微控制器(一)\0306\4-2.c"
  15  0004  1F00     E  	clr ra
  15  0005              _L2:
  16  0005              #line 16 "C:\Users\YVTC\Desktop\單晶片微控制器(一)\0306\4-2.c"
  16  0005  0F00     R  	mov a,low offset _Pili_TAB
  16  0006  0300     E  	add a,ra
  16  0007  0083        	mov mp,a
  16  0008  0F00     R  	mov a,high offset _Pili_TAB
  16  0009  1F04        	clr sbp
  16  000A  1384        	adcm a,sbp
  16  000B              	fcall _Crom2Prom
  16  0012  0080     E  	mov rb,a
  16  0013  0100     E  	cpla rb
  16  0014  009A        	mov [26],a
  16  0015  0F50        	mov a,80
  16  0016  0080     E  	mov rb,a
  16  0017              _L4:
  17  0017              #line 17 "C:\Users\YVTC\Desktop\單晶片微控制器(一)\0306\4-2.c"
  17  0017              ;# 17 "C:\Users\YVTC\Desktop\單晶片微控制器(一)\0306\4-2.c" 1
  17  0017              	IF 2000>263690
  17  0017              ;# 17 "C:\Users\YVTC\Desktop\單晶片微控制器(一)\0306\4-2.c" 1
  17  0017              	ERRMESSAGE 'the value 2000of the argument exceeds the maxinum 263690'
"File: 4-2.c         Assembler  Version HGASM0202      Page 3

  17  0017              	ENDIF
  17  0017              ;# 17 "C:\Users\YVTC\Desktop\單晶片微控制器(一)\0306\4-2.c" 1
  17  0017              	IF 2000<0
  17  0017              ;# 17 "C:\Users\YVTC\Desktop\單晶片微控制器(一)\0306\4-2.c" 1
  17  0017              	ERRMESSAGE 'the value 2000 of the argument exceeds the mininum 0'
  17  0017              	ENDIF
  17  0017              ;# 17 "C:\Users\YVTC\Desktop\單晶片微控制器(一)\0306\4-2.c" 1
  17  0017              	IF 2000==0
  17  0017              ;# 17 "C:\Users\YVTC\Desktop\單晶片微控制器(一)\0306\4-2.c" 1
  17  0017              	JMP $
  17  0017              	ENDIF
  17  0017              ;# 17 "C:\Users\YVTC\Desktop\單晶片微控制器(一)\0306\4-2.c" 1
  17  0017              	IF (2000>=1) AND (2000<( 4 + __PBP__ * 2))
  17  0017              ;# 17 "C:\Users\YVTC\Desktop\單晶片微控制器(一)\0306\4-2.c" 1
  17  0017              	NOP
  17  0017              	ENDIF
  17  0017              ;# 17 "C:\Users\YVTC\Desktop\單晶片微控制器(一)\0306\4-2.c" 1
  17  0017              	IF (2000>=2) AND (2000<( 4 + __PBP__ * 2))
  17  0017              ;# 17 "C:\Users\YVTC\Desktop\單晶片微控制器(一)\0306\4-2.c" 1
  17  0017              	NOP
  17  0017              	ENDIF
  17  0017              ;# 17 "C:\Users\YVTC\Desktop\單晶片微控制器(一)\0306\4-2.c" 1
  17  0017              	IF (2000>=3) AND (2000<( 4 + __PBP__ * 2))
  17  0017              ;# 17 "C:\Users\YVTC\Desktop\單晶片微控制器(一)\0306\4-2.c" 1
  17  0017              	NOP
  17  0017              	ENDIF
  17  0017              ;# 17 "C:\Users\YVTC\Desktop\單晶片微控制器(一)\0306\4-2.c" 1
  17  0017              	IF (2000>=4) AND (2000<( 4 + __PBP__ * 2)) AND ( __PBP__ > 0 )
  17  0017              ;# 17 "C:\Users\YVTC\Desktop\單晶片微控制器(一)\0306\4-2.c" 1
  17  0017              	NOP
  17  0017              	ENDIF
  17  0017              ;# 17 "C:\Users\YVTC\Desktop\單晶片微控制器(一)\0306\4-2.c" 1
  17  0017              	IF (2000>=5) AND (2000<( 4 + __PBP__ * 2)) AND ( __PBP__ > 0 )
  17  0017              ;# 17 "C:\Users\YVTC\Desktop\單晶片微控制器(一)\0306\4-2.c" 1
  17  0017              	NOP
  17  0017              	ENDIF
  17  0017              ;# 17 "C:\Users\YVTC\Desktop\單晶片微控制器(一)\0306\4-2.c" 1
  17  0017              	IF (2000>=6) AND (2000<( 4 + __PBP__ * 2))  AND ( __PBP__ > 1 )
  17  0017              ;# 17 "C:\Users\YVTC\Desktop\單晶片微控制器(一)\0306\4-2.c" 1
  17  0017              	NOP
  17  0017              	ENDIF
  17  0017              ;# 17 "C:\Users\YVTC\Desktop\單晶片微控制器(一)\0306\4-2.c" 1
  17  0017              	IF (2000>=7) AND (2000<( 4 + __PBP__ * 2))  AND ( __PBP__ > 1 )
  17  0017              ;# 17 "C:\Users\YVTC\Desktop\單晶片微控制器(一)\0306\4-2.c" 1
  17  0017              	NOP
  17  0017              	ENDIF
  17  0017              ;# 17 "C:\Users\YVTC\Desktop\單晶片微控制器(一)\0306\4-2.c" 1
  17  0017              	IF (2000>=8) AND (2000<( 4 + __PBP__ * 2))  AND ( __PBP__ > 2 )
  17  0017              ;# 17 "C:\Users\YVTC\Desktop\單晶片微控制器(一)\0306\4-2.c" 1
  17  0017              	NOP
  17  0017              	ENDIF
  17  0017              ;# 17 "C:\Users\YVTC\Desktop\單晶片微控制器(一)\0306\4-2.c" 1
  17  0017              	IF (2000==9)  AND ( __PBP__ > 2 )
  17  0017              ;# 17 "C:\Users\YVTC\Desktop\單晶片微控制器(一)\0306\4-2.c" 1
  17  0017              	NOP
  17  0017              	ENDIF
  17  0017              ;# 17 "C:\Users\YVTC\Desktop\單晶片微控制器(一)\0306\4-2.c" 1
  17  0017              	IF (2000< ( 8 + __PBP__ * 2)) AND (2000>( 3 + __PBP__ * 2))
  17  0017              ;# 17 "C:\Users\YVTC\Desktop\單晶片微控制器(一)\0306\4-2.c" 1
  17  0017              	fcall __DELAY3 + ( 7 + __PBP__ * 2) -2000
"File: 4-2.c         Assembler  Version HGASM0202      Page 4

  17  0017              	ENDIF
  17  0017              ;# 17 "C:\Users\YVTC\Desktop\單晶片微控制器(一)\0306\4-2.c" 1
  17  0017              	IF (2000< ( 0404h + __PBP__ * 2)) AND (2000>( 7 + __PBP__ * 2))
  17  0017              ;# 17 "C:\Users\YVTC\Desktop\單晶片微控制器(一)\0306\4-2.c" 1
  17  0017              	MOV A,(2000-( 4 + __PBP__ * 2))/4
  17  0017              ;# 17 "C:\Users\YVTC\Desktop\單晶片微控制器(一)\0306\4-2.c" 1
  17  0017              	fcall __DELAYX3 + 3 -((2000-( 4 + __PBP__ * 2)) MOD 4) 
  17  0017              	ENDIF
  17  0017              ;# 17 "C:\Users\YVTC\Desktop\單晶片微控制器(一)\0306\4-2.c" 1
  17  0017              	IF (2000< ( 040bh + __PBP__ * 2)) AND (2000> ( 0403h + __PBP__ * 2))
  17  0017              ;# 17 "C:\Users\YVTC\Desktop\單晶片微控制器(一)\0306\4-2.c" 1
  17  0017              	MOV A,0 
  17  0017              ;# 17 "C:\Users\YVTC\Desktop\單晶片微控制器(一)\0306\4-2.c" 1
  17  0017              	fcall __DELAYX6 + ( 040ah + __PBP__ * 2) -2000
  17  0017              	ENDIF
  17  0017              ;# 17 "C:\Users\YVTC\Desktop\單晶片微控制器(一)\0306\4-2.c" 1
  17  0017              	IF (2000 >= ( 040bh + __PBP__ * 2)) AND ((((2000-( 9 + __PBP__ * 2))%0402h)/4+1)>256)
  17  0017              ;# 17 "C:\Users\YVTC\Desktop\單晶片微控制器(一)\0306\4-2.c" 1
  17  0017              	MOV A,(2000-( 9 + __PBP__ * 2))/0402h
  17  0017              ;# 17 "C:\Users\YVTC\Desktop\單晶片微控制器(一)\0306\4-2.c" 1
  17  0017              	MOV _builtin_holtek_delay_2,A
  17  0017              ;# 17 "C:\Users\YVTC\Desktop\單晶片微控制器(一)\0306\4-2.c" 1
  17  0017              	MOV A,0
  17  0017              ;# 17 "C:\Users\YVTC\Desktop\單晶片微控制器(一)\0306\4-2.c" 1
  17  0017              	fcall __DELAYY5 +5- (((2000-( 9 + __PBP__ * 2))%0402h)%6) 
  17  0017              	ENDIF
  17  0017              ;# 17 "C:\Users\YVTC\Desktop\單晶片微控制器(一)\0306\4-2.c" 1
  17  0017              	IF (2000 >= ( 040bh + __PBP__ * 2)) AND ((((2000-( 9 + __PBP__ * 2))%0402h)/4+1)<=256)
  17  0017              ;# 17 "C:\Users\YVTC\Desktop\單晶片微控制器(一)\0306\4-2.c" 1
  17  0017  0F01        	MOV A,(2000-( 9 + __PBP__ * 2))/0402h
  17  0018              ;# 17 "C:\Users\YVTC\Desktop\單晶片微控制器(一)\0306\4-2.c" 1
  17  0018  0080     E  	MOV _builtin_holtek_delay_2,A
  17  0019              ;# 17 "C:\Users\YVTC\Desktop\單晶片微控制器(一)\0306\4-2.c" 1
  17  0019  0FF1        	MOV A,((2000-( 9 + __PBP__ * 2))%0402h)/4+1
  17  001A              ;# 17 "C:\Users\YVTC\Desktop\單晶片微控制器(一)\0306\4-2.c" 1
  17  001A              	fcall __DELAYY3 +3-(((2000-( 9 + __PBP__ * 2))%0402h)%4) 
  17  0021              	ENDIF
  17  0021  1780     E  	sdz rb
  17  0022  2800     R  	jmp _L4
  15  0023              #line 15 "C:\Users\YVTC\Desktop\單晶片微控制器(一)\0306\4-2.c"
  15  0023  1480     E  	inc ra
  15  0024  0F05        	mov a,5
  15  0025  0200     E  	sub a,ra
  15  0026  3C0A        	sz c
  15  0027  2800     R  	jmp _L2
  15  0028  1F00     E  	clr ra
  15  0029  2800     R  	jmp _L2
  15  002A  2800     R  	jmp $
  15  002B              _main endp
  15  002B              
  15  002B              @dummy endp
  15  002B              
  15  002B              #line 15 "C:\Users\YVTC\Desktop\單晶片微控制器(一)\0306\4-2.c"
  15  002B              #pragma debug scope 1 1
  15  002B              public _Pili_TAB
  15  0000              @crom	.section 'crom'
   6  0000              #line 6 "C:\Users\YVTC\Desktop\單晶片微控制器(一)\0306\4-2.c"
   6  0000              @crom	.section	'crom'
   6  0000              _Pili_TAB:
   6  0000              #pragma debug array 42 8 6 1
"File: 4-2.c         Assembler  Version HGASM0202      Page 5

   6  0000              #pragma debug array 42 8 6 1
   6  0000              #pragma debug variable 42 1 _Pili_TAB "Pili_TAB"
   6  0000              	db -127
   6  0001              	db 66
   6  0001              	db 36
   6  0002              	db 24
   6  0002              	db 36
   6  0003              	db 66
   6  0003              #pragma debug struct_end
   6  0003              #pragma debug struct_end
   6  0003              #pragma debug union_end
   6  0003              #pragma debug union_end
   6  0003              #pragma debug variable 44 1 ___pc "__pc" 1
   6  0003              #pragma debug struct_end
   6  0003              #pragma debug struct_end
   6  0003              #pragma debug union_end
   6  0003              #pragma debug union_end
   6  0003              #pragma debug variable 46 1 ___pcc "__pcc" 1
   6  0003              #pragma debug struct_end
   6  0003              #pragma debug struct_end
   6  0003              #pragma debug union_end
   6  0003              #pragma debug union_end
   6  0003              #pragma debug variable 48 1 ___wdtc "__wdtc" 1
  10  0003              #line 10 "C:\Users\YVTC\Desktop\單晶片微控制器(一)\0306\4-2.c"
  10  0000              @code .section at 0 'code'
  10  0000  1F0B        	clr bp
  10  0001  2800     R  	jmp _main_startup1
  10  0002              
  10  0002              
  10  0002              ; 
  10  0002              ; Generated by holtek-gcc v3.18, Tue Mar 06 10:02:18 2018
  10  0002              ; Rebuild 126
  10  0002              ; end of file


        0 Errors, 0