"File: 4-2_assignment(original method without loopup table).c  Assembler  Version HGASM0202      Page 1


   1  0000              ; Generated by holtek-gcc v3.18, Tue Mar 06 11:00:23 2018
   2  0000              ; 
   3  0000              ; Configuration:
   4  0000              ;       with long instruction
   5  0000              ;       Multi-ROM, Multi-RAM
   6  0000              ;       bits_per_rom_unit:16
   7  0000              ;       with mp1
   8  0000              ;       with tbhp, address(0x9)
   9  0000              ;          Use tabrd-const
  10  0000              ;       
  11  0000              ; SFR address of long-instruction arch:
  12  0000              ;    mp0 = -1,1,0
  13  0000              ;    mp1 = 4,3,2
  14  0000              ;    mp2 = 14,13,12
  15  0000              ;    tbp = 9,7,8
  16  0000              ;    acc = 5
  17  0000              ;    pcl = 6
  18  0000              ;    status = 10
  19  0000              ;    bp = 11
  20  0000              ;    intc = 48
  21  0000              ;       
  22  0000              ;       
  23  0000              ; use 'tabrdc' instead of 'tabrd'
  24  0000              ;       
  25  0000              
  26  0000              #pragma translator "holtek-gcc 4.6.4" "3.18" "build 20130711"
  27  0000              ; Rebuild 126
  28  0000              
  29  0000              ir equ [2]
  30  0000              mp equ [3]
  31  0000              sbp equ [4]
  32  0000              acc equ [5]
  33  0000              bp equ [11]
  34  0000              tblp equ [7]
  35  0000              tbhp equ [9]
  36  0000              status equ [10]
  37  0000              c equ [10].0
  38  0000              ac equ [10].1
  39  0000              z equ [10].2
  40  0000              ov equ [10].3
  41  0000              cz equ [10].6
  42  0000              sc equ [10].7
  43  0000              intc equ [48]
  44  0000              
  45  0000              extern ra:byte
  46  0000              extern rb:byte
  47  0000              extern rc:byte
  48  0000              extern rd:byte
  49  0000              extern re:byte
  50  0000              extern rf:byte
  51  0000              extern rg:byte
  52  0000              extern rh:byte
  53  0000              extern _Crom2Prom:near
  54  0000              extern _Crom2PromNext:near
  55  0000              
  56  0000              RAMBANK 0 @BITDATASEC, @BITDATASEC1
  57  0000              @HCCINIT	.section 'data'
  58  0000              @HCCINIT0	.section 'data'
  59  0000              @BITDATASEC	 .section 'data'
"File: 4-2_assignment(original method without loopup table).ASM  Assembler  Version HGASM0202      Page 2

  60  0000              @BITDATASEC1	 .section 'data'
  61  0000              
  62  0000              #pragma debug scope 1 1
  63  0000              	extern __DELAY3:near
  64  0000              	extern __DELAYX3:near
  65  0000              	extern __DELAYX6:near
  66  0000              	extern __DELAYY5:near
  67  0000              	extern __DELAYY3:near
  68  0000              	extern _builtin_holtek_delay_2:byte
  69  0000              ___wdtc equ [62]
  70  0000              ___pcc equ [27]
  71  0000              ___pc equ [26]
  72  0000              public _main
  73  0000              #pragma debug scope 2 1

   7  0000              #line 7 "C:\Users\YVTC\Desktop\單晶片微控制器(一)\0306\4-2_assignment(original method without loopup table).c"
   7  0000              IFDEF WITH_DEFAULT_STARTUP
   7  0000              extern _main_initial0:near
   7  0000              extern _main_startup:near
   7  0000              ENDIF
   7  0000              
   7  0000              ROMBANK 0 @start
   7  0000              @start .section com_l 'code'
   7  0000              _main_startup1:
   7  0000              @start .section com_e 'code'
   7  0000  0F00     R  	mov a,bank _main
   7  0001  008B        	mov bp,a
   7  0002  2800     R  	jmp _main
   7  0003              
   7  0000              _main .section 'code'
   7  0000              _main proc
   7  0000  0002[           local _main_2 db 2 dup(?)
            00
            ]
   7  0002              #pragma debug variable 8 2 _main_2+1 "x"
   7  0002              #pragma debug variable 8 2 _main_2+0 "y"
   9  0002              #line 9 "C:\Users\YVTC\Desktop\單晶片微控制器(一)\0306\4-2_assignment(original method without loopup table).c"
   9  0000  0FAF        	mov a,175
   9  0001  00BE        	mov [62],a
  10  0002              #line 10 "C:\Users\YVTC\Desktop\單晶片微控制器(一)\0306\4-2_assignment(original method without loopup table).c"
  10  0002  1F1B        	clr [27]
  11  0003              #line 11 "C:\Users\YVTC\Desktop\單晶片微控制器(一)\0306\4-2_assignment(original method without loopup table).c"
  11  0003  1F1B        	clr [27]
  13  0004              #line 13 "C:\Users\YVTC\Desktop\單晶片微控制器(一)\0306\4-2_assignment(original method without loopup table).c"
  13  0004  0F01        	mov a,1
  13  0005  0080     R  	mov _main_2[1],a
  13  0006  0F80        	mov a,128
  13  0007  0080     R  	mov _main_2[0],a
  13  0008              _L2:
  15  0008              #line 15 "C:\Users\YVTC\Desktop\單晶片微控制器(一)\0306\4-2_assignment(original method without loopup table).c"
  15  0008  0700     R  	mov a,_main_2[0]
  15  0009  0500     R  	or a,_main_2[1]
  15  000A  0080     E  	mov ra,a
  15  000B  0100     E  	cpla ra
  15  000C  009A        	mov [26],a
  15  000D  0F64        	mov a,100
  15  000E  0080     E  	mov ra,a
  15  000F              _L4:
  16  000F              #line 16 "C:\Users\YVTC\Desktop\單晶片微控制器(一)\0306\4-2_assignment(original method without loopup table).c"
  16  000F              ;# 16 "C:\Users\YVTC\Desktop\單晶片微控制器(一)\0306\4-2_assignment(original method without loopup table).c" 1
"File: 4-2_assignment(original method without loopup table).c  Assembler  Version HGASM0202      Page 3

  16  000F              	IF 2000>263690
  16  000F              ;# 16 "C:\Users\YVTC\Desktop\單晶片微控制器(一)\0306\4-2_assignment(original method without loopup table).c" 1
  16  000F              	ERRMESSAGE 'the value 2000of the argument exceeds the maxinum 263690'
  16  000F              	ENDIF
  16  000F              ;# 16 "C:\Users\YVTC\Desktop\單晶片微控制器(一)\0306\4-2_assignment(original method without loopup table).c" 1
  16  000F              	IF 2000<0
  16  000F              ;# 16 "C:\Users\YVTC\Desktop\單晶片微控制器(一)\0306\4-2_assignment(original method without loopup table).c" 1
  16  000F              	ERRMESSAGE 'the value 2000 of the argument exceeds the mininum 0'
  16  000F              	ENDIF
  16  000F              ;# 16 "C:\Users\YVTC\Desktop\單晶片微控制器(一)\0306\4-2_assignment(original method without loopup table).c" 1
  16  000F              	IF 2000==0
  16  000F              ;# 16 "C:\Users\YVTC\Desktop\單晶片微控制器(一)\0306\4-2_assignment(original method without loopup table).c" 1
  16  000F              	JMP $
  16  000F              	ENDIF
  16  000F              ;# 16 "C:\Users\YVTC\Desktop\單晶片微控制器(一)\0306\4-2_assignment(original method without loopup table).c" 1
  16  000F              	IF (2000>=1) AND (2000<( 4 + __PBP__ * 2))
  16  000F              ;# 16 "C:\Users\YVTC\Desktop\單晶片微控制器(一)\0306\4-2_assignment(original method without loopup table).c" 1
  16  000F              	NOP
  16  000F              	ENDIF
  16  000F              ;# 16 "C:\Users\YVTC\Desktop\單晶片微控制器(一)\0306\4-2_assignment(original method without loopup table).c" 1
  16  000F              	IF (2000>=2) AND (2000<( 4 + __PBP__ * 2))
  16  000F              ;# 16 "C:\Users\YVTC\Desktop\單晶片微控制器(一)\0306\4-2_assignment(original method without loopup table).c" 1
  16  000F              	NOP
  16  000F              	ENDIF
  16  000F              ;# 16 "C:\Users\YVTC\Desktop\單晶片微控制器(一)\0306\4-2_assignment(original method without loopup table).c" 1
  16  000F              	IF (2000>=3) AND (2000<( 4 + __PBP__ * 2))
  16  000F              ;# 16 "C:\Users\YVTC\Desktop\單晶片微控制器(一)\0306\4-2_assignment(original method without loopup table).c" 1
  16  000F              	NOP
  16  000F              	ENDIF
  16  000F              ;# 16 "C:\Users\YVTC\Desktop\單晶片微控制器(一)\0306\4-2_assignment(original method without loopup table).c" 1
  16  000F              	IF (2000>=4) AND (2000<( 4 + __PBP__ * 2)) AND ( __PBP__ > 0 )
  16  000F              ;# 16 "C:\Users\YVTC\Desktop\單晶片微控制器(一)\0306\4-2_assignment(original method without loopup table).c" 1
  16  000F              	NOP
  16  000F              	ENDIF
  16  000F              ;# 16 "C:\Users\YVTC\Desktop\單晶片微控制器(一)\0306\4-2_assignment(original method without loopup table).c" 1
  16  000F              	IF (2000>=5) AND (2000<( 4 + __PBP__ * 2)) AND ( __PBP__ > 0 )
  16  000F              ;# 16 "C:\Users\YVTC\Desktop\單晶片微控制器(一)\0306\4-2_assignment(original method without loopup table).c" 1
  16  000F              	NOP
  16  000F              	ENDIF
  16  000F              ;# 16 "C:\Users\YVTC\Desktop\單晶片微控制器(一)\0306\4-2_assignment(original method without loopup table).c" 1
  16  000F              	IF (2000>=6) AND (2000<( 4 + __PBP__ * 2))  AND ( __PBP__ > 1 )
  16  000F              ;# 16 "C:\Users\YVTC\Desktop\單晶片微控制器(一)\0306\4-2_assignment(original method without loopup table).c" 1
  16  000F              	NOP
  16  000F              	ENDIF
  16  000F              ;# 16 "C:\Users\YVTC\Desktop\單晶片微控制器(一)\0306\4-2_assignment(original method without loopup table).c" 1
  16  000F              	IF (2000>=7) AND (2000<( 4 + __PBP__ * 2))  AND ( __PBP__ > 1 )
  16  000F              ;# 16 "C:\Users\YVTC\Desktop\單晶片微控制器(一)\0306\4-2_assignment(original method without loopup table).c" 1
  16  000F              	NOP
  16  000F              	ENDIF
  16  000F              ;# 16 "C:\Users\YVTC\Desktop\單晶片微控制器(一)\0306\4-2_assignment(original method without loopup table).c" 1
  16  000F              	IF (2000>=8) AND (2000<( 4 + __PBP__ * 2))  AND ( __PBP__ > 2 )
  16  000F              ;# 16 "C:\Users\YVTC\Desktop\單晶片微控制器(一)\0306\4-2_assignment(original method without loopup table).c" 1
  16  000F              	NOP
  16  000F              	ENDIF
  16  000F              ;# 16 "C:\Users\YVTC\Desktop\單晶片微控制器(一)\0306\4-2_assignment(original method without loopup table).c" 1
  16  000F              	IF (2000==9)  AND ( __PBP__ > 2 )
  16  000F              ;# 16 "C:\Users\YVTC\Desktop\單晶片微控制器(一)\0306\4-2_assignment(original method without loopup table).c" 1
  16  000F              	NOP
  16  000F              	ENDIF
  16  000F              ;# 16 "C:\Users\YVTC\Desktop\單晶片微控制器(一)\0306\4-2_assignment(original method without loopup table).c" 1
"File: 4-2_assignment(original method without loopup table).c  Assembler  Version HGASM0202      Page 4

  16  000F              	IF (2000< ( 8 + __PBP__ * 2)) AND (2000>( 3 + __PBP__ * 2))
  16  000F              ;# 16 "C:\Users\YVTC\Desktop\單晶片微控制器(一)\0306\4-2_assignment(original method without loopup table).c" 1
  16  000F              	fcall __DELAY3 + ( 7 + __PBP__ * 2) -2000
  16  000F              	ENDIF
  16  000F              ;# 16 "C:\Users\YVTC\Desktop\單晶片微控制器(一)\0306\4-2_assignment(original method without loopup table).c" 1
  16  000F              	IF (2000< ( 0404h + __PBP__ * 2)) AND (2000>( 7 + __PBP__ * 2))
  16  000F              ;# 16 "C:\Users\YVTC\Desktop\單晶片微控制器(一)\0306\4-2_assignment(original method without loopup table).c" 1
  16  000F              	MOV A,(2000-( 4 + __PBP__ * 2))/4
  16  000F              ;# 16 "C:\Users\YVTC\Desktop\單晶片微控制器(一)\0306\4-2_assignment(original method without loopup table).c" 1
  16  000F              	fcall __DELAYX3 + 3 -((2000-( 4 + __PBP__ * 2)) MOD 4) 
  16  000F              	ENDIF
  16  000F              ;# 16 "C:\Users\YVTC\Desktop\單晶片微控制器(一)\0306\4-2_assignment(original method without loopup table).c" 1
  16  000F              	IF (2000< ( 040bh + __PBP__ * 2)) AND (2000> ( 0403h + __PBP__ * 2))
  16  000F              ;# 16 "C:\Users\YVTC\Desktop\單晶片微控制器(一)\0306\4-2_assignment(original method without loopup table).c" 1
  16  000F              	MOV A,0 
  16  000F              ;# 16 "C:\Users\YVTC\Desktop\單晶片微控制器(一)\0306\4-2_assignment(original method without loopup table).c" 1
  16  000F              	fcall __DELAYX6 + ( 040ah + __PBP__ * 2) -2000
  16  000F              	ENDIF
  16  000F              ;# 16 "C:\Users\YVTC\Desktop\單晶片微控制器(一)\0306\4-2_assignment(original method without loopup table).c" 1
  16  000F              	IF (2000 >= ( 040bh + __PBP__ * 2)) AND ((((2000-( 9 + __PBP__ * 2))%0402h)/4+1)>256)
  16  000F              ;# 16 "C:\Users\YVTC\Desktop\單晶片微控制器(一)\0306\4-2_assignment(original method without loopup table).c" 1
  16  000F              	MOV A,(2000-( 9 + __PBP__ * 2))/0402h
  16  000F              ;# 16 "C:\Users\YVTC\Desktop\單晶片微控制器(一)\0306\4-2_assignment(original method without loopup table).c" 1
  16  000F              	MOV _builtin_holtek_delay_2,A
  16  000F              ;# 16 "C:\Users\YVTC\Desktop\單晶片微控制器(一)\0306\4-2_assignment(original method without loopup table).c" 1
  16  000F              	MOV A,0
  16  000F              ;# 16 "C:\Users\YVTC\Desktop\單晶片微控制器(一)\0306\4-2_assignment(original method without loopup table).c" 1
  16  000F              	fcall __DELAYY5 +5- (((2000-( 9 + __PBP__ * 2))%0402h)%6) 
  16  000F              	ENDIF
  16  000F              ;# 16 "C:\Users\YVTC\Desktop\單晶片微控制器(一)\0306\4-2_assignment(original method without loopup table).c" 1
  16  000F              	IF (2000 >= ( 040bh + __PBP__ * 2)) AND ((((2000-( 9 + __PBP__ * 2))%0402h)/4+1)<=256)
  16  000F              ;# 16 "C:\Users\YVTC\Desktop\單晶片微控制器(一)\0306\4-2_assignment(original method without loopup table).c" 1
  16  000F  0F01        	MOV A,(2000-( 9 + __PBP__ * 2))/0402h
  16  0010              ;# 16 "C:\Users\YVTC\Desktop\單晶片微控制器(一)\0306\4-2_assignment(original method without loopup table).c" 1
  16  0010  0080     E  	MOV _builtin_holtek_delay_2,A
  16  0011              ;# 16 "C:\Users\YVTC\Desktop\單晶片微控制器(一)\0306\4-2_assignment(original method without loopup table).c" 1
  16  0011  0FF1        	MOV A,((2000-( 9 + __PBP__ * 2))%0402h)/4+1
  16  0012              ;# 16 "C:\Users\YVTC\Desktop\單晶片微控制器(一)\0306\4-2_assignment(original method without loopup table).c" 1
  16  0012              	fcall __DELAYY3 +3-(((2000-( 9 + __PBP__ * 2))%0402h)%4) 
  16  0019              	ENDIF
  16  0019  1780     E  	sdz ra
  16  001A  2800     R  	jmp _L4
  17  001B              #line 17 "C:\Users\YVTC\Desktop\單晶片微控制器(一)\0306\4-2_assignment(original method without loopup table).c"
  17  001B              ;# 17 "C:\Users\YVTC\Desktop\單晶片微控制器(一)\0306\4-2_assignment(original method without loopup table).c" 1
  17  001B  1880     R  	rl _main_2[1]
  17  001C              ;# 17 "C:\Users\YVTC\Desktop\單晶片微控制器(一)\0306\4-2_assignment(original method without loopup table).c" 1
  17  001C  1980     R  	rr _main_2[0]
  18  001D              #line 18 "C:\Users\YVTC\Desktop\單晶片微控制器(一)\0306\4-2_assignment(original method without loopup table).c"
  18  001D              ;# 18 "C:\Users\YVTC\Desktop\單晶片微控制器(一)\0306\4-2_assignment(original method without loopup table).c" 1
  18  001D  1880     R  	rl _main_2[1]
  18  001E              ;# 18 "C:\Users\YVTC\Desktop\單晶片微控制器(一)\0306\4-2_assignment(original method without loopup table).c" 1
  18  001E  1980     R  	rr _main_2[0]
  18  001F  2800     R  	jmp _L2
  18  0020  2800     R  	jmp $
  18  0021              _main endp
  18  0021              
  18  0021              @dummy endp
  18  0021              
  18  0021              #line 18 "C:\Users\YVTC\Desktop\單晶片微控制器(一)\0306\4-2_assignment(original method without loopup table).c"
  18  0021              #pragma debug scope 1 1
"File: 4-2_assignment(original method without loopup table).c  Assembler  Version HGASM0202      Page 5

  18  0021              #pragma debug struct_end
  18  0021              #pragma debug struct_end
  18  0021              #pragma debug union_end
  18  0021              #pragma debug union_end
  18  0021              #pragma debug variable 43 1 ___pc "__pc" 1
  18  0021              #pragma debug struct_end
  18  0021              #pragma debug struct_end
  18  0021              #pragma debug union_end
  18  0021              #pragma debug union_end
  18  0021              #pragma debug variable 45 1 ___pcc "__pcc" 1
  18  0021              #pragma debug struct_end
  18  0021              #pragma debug struct_end
  18  0021              #pragma debug union_end
  18  0021              #pragma debug union_end
  18  0021              #pragma debug variable 47 1 ___wdtc "__wdtc" 1
   7  0021              #line 7 "C:\Users\YVTC\Desktop\單晶片微控制器(一)\0306\4-2_assignment(original method without loopup table).c"
   7  0000              @code .section at 0 'code'
   7  0000  1F0B        	clr bp
   7  0001  2800     R  	jmp _main_startup1
   7  0002              
   7  0002              
   7  0002              ; 
   7  0002              ; Generated by holtek-gcc v3.18, Tue Mar 06 11:00:23 2018
   7  0002              ; Rebuild 126
   7  0002              ; end of file


        0 Errors, 0