"File: 4-3.c         Assembler  Version HGASM0202      Page 1


   1  0000              ; Generated by holtek-gcc v3.18, Tue Mar 06 11:35:58 2018
   2  0000              ; 
   3  0000              ; Configuration:
   4  0000              ;       with long instruction
   5  0000              ;       Multi-ROM, Multi-RAM
   6  0000              ;       bits_per_rom_unit:16
   7  0000              ;       with mp1
   8  0000              ;       with tbhp, address(0x9)
   9  0000              ;          Use tabrd-const
  10  0000              ;       
  11  0000              ; SFR address of long-instruction arch:
  12  0000              ;    mp0 = -1,1,0
  13  0000              ;    mp1 = 4,3,2
  14  0000              ;    mp2 = 14,13,12
  15  0000              ;    tbp = 9,7,8
  16  0000              ;    acc = 5
  17  0000              ;    pcl = 6
  18  0000              ;    status = 10
  19  0000              ;    bp = 11
  20  0000              ;    intc = 48
  21  0000              ;       
  22  0000              ;       
  23  0000              ; use 'tabrdc' instead of 'tabrd'
  24  0000              ;       
  25  0000              
  26  0000              #pragma translator "holtek-gcc 4.6.4" "3.18" "build 20130711"
  27  0000              ; Rebuild 126
  28  0000              
  29  0000              ir equ [2]
  30  0000              mp equ [3]
  31  0000              sbp equ [4]
  32  0000              acc equ [5]
  33  0000              bp equ [11]
  34  0000              tblp equ [7]
  35  0000              tbhp equ [9]
  36  0000              status equ [10]
  37  0000              c equ [10].0
  38  0000              ac equ [10].1
  39  0000              z equ [10].2
  40  0000              ov equ [10].3
  41  0000              cz equ [10].6
  42  0000              sc equ [10].7
  43  0000              intc equ [48]
  44  0000              
  45  0000              extern ra:byte
  46  0000              extern rb:byte
  47  0000              extern rc:byte
  48  0000              extern rd:byte
  49  0000              extern re:byte
  50  0000              extern rf:byte
  51  0000              extern rg:byte
  52  0000              extern rh:byte
  53  0000              extern _Crom2Prom:near
  54  0000              extern _Crom2PromNext:near
  55  0000              
  56  0000              RAMBANK 0 @BITDATASEC, @BITDATASEC1
  57  0000              @HCCINIT	.section 'data'
  58  0000              @HCCINIT0	.section 'data'
  59  0000              @BITDATASEC	 .section 'data'
"File: 4-3.ASM       Assembler  Version HGASM0202      Page 2

  60  0000              @BITDATASEC1	 .section 'data'
  61  0000              
  62  0000              #pragma debug scope 1 1
  63  0000              	extern __DELAY3:near
  64  0000              	extern __DELAYX3:near
  65  0000              	extern __DELAYX6:near
  66  0000              	extern __DELAYY5:near
  67  0000              	extern __DELAYY3:near
  68  0000              	extern _builtin_holtek_delay_2:byte
  69  0000              ___wdtc equ [62]
  70  0000              ___pdc equ [31]
  71  0000              ___pd equ [30]
  72  0000              public _main
  73  0000              #pragma debug scope 2 1

  11  0000              #line 11 "C:\Users\YVTC\Desktop\單晶片微控制器(一)\0306\4-3.c"
  11  0000              IFDEF WITH_DEFAULT_STARTUP
  11  0000              extern _main_initial0:near
  11  0000              extern _main_startup:near
  11  0000              ENDIF
  11  0000              
  11  0000              ROMBANK 0 @start
  11  0000              @start .section com_l 'code'
  11  0000              _main_startup1:
  11  0000              @start .section com_e 'code'
  11  0000  0F00     R  	mov a,bank _main
  11  0001  008B        	mov bp,a
  11  0002  2800     R  	jmp _main
  11  0003              
  11  0000              _main .section 'code'
  11  0000              _main proc
  12  0000              #line 12 "C:\Users\YVTC\Desktop\單晶片微控制器(一)\0306\4-3.c"
  12  0000  0FAF        	mov a,175
  12  0001  00BE        	mov [62],a
  13  0002              #line 13 "C:\Users\YVTC\Desktop\單晶片微控制器(一)\0306\4-3.c"
  13  0002  1F1F        	clr [31]
  15  0003              #line 15 "C:\Users\YVTC\Desktop\單晶片微控制器(一)\0306\4-3.c"
  15  0003  0F09        	mov a,9
  15  0004  0080     E  	mov rb,a
  15  0005              _L2:
  17  0005              #line 17 "C:\Users\YVTC\Desktop\單晶片微控制器(一)\0306\4-3.c"
  17  0005  1500     E  	deca rb
  17  0006  0080     E  	mov ra,a
  17  0007  1F00     E  	clr rc
  17  0008  3C00     E  	sz rb.7
  17  0009  1F80     E  	set rc
  17  000A  0F00     R  	mov a,low offset _SEG_TAB
  17  000B  0300     E  	add a,rb
  17  000C  0083        	mov mp,a
  17  000D  0F00     R  	mov a,high offset _SEG_TAB
  17  000E  1300     E  	adc a,rc
  17  000F  0084        	mov sbp,a
  17  0010              	fcall _Crom2Prom
  17  0017  009E        	mov [30],a
  17  0018  0F32        	mov a,50
  17  0019  0080     E  	mov rb,a
  17  001A              _L4:
  18  001A              #line 18 "C:\Users\YVTC\Desktop\單晶片微控制器(一)\0306\4-3.c"
  18  001A              ;# 18 "C:\Users\YVTC\Desktop\單晶片微控制器(一)\0306\4-3.c" 1
  18  001A              	IF 20000>263690
"File: 4-3.c         Assembler  Version HGASM0202      Page 3

  18  001A              ;# 18 "C:\Users\YVTC\Desktop\單晶片微控制器(一)\0306\4-3.c" 1
  18  001A              	ERRMESSAGE 'the value 20000of the argument exceeds the maxinum 263690'
  18  001A              	ENDIF
  18  001A              ;# 18 "C:\Users\YVTC\Desktop\單晶片微控制器(一)\0306\4-3.c" 1
  18  001A              	IF 20000<0
  18  001A              ;# 18 "C:\Users\YVTC\Desktop\單晶片微控制器(一)\0306\4-3.c" 1
  18  001A              	ERRMESSAGE 'the value 20000 of the argument exceeds the mininum 0'
  18  001A              	ENDIF
  18  001A              ;# 18 "C:\Users\YVTC\Desktop\單晶片微控制器(一)\0306\4-3.c" 1
  18  001A              	IF 20000==0
  18  001A              ;# 18 "C:\Users\YVTC\Desktop\單晶片微控制器(一)\0306\4-3.c" 1
  18  001A              	JMP $
  18  001A              	ENDIF
  18  001A              ;# 18 "C:\Users\YVTC\Desktop\單晶片微控制器(一)\0306\4-3.c" 1
  18  001A              	IF (20000>=1) AND (20000<( 4 + __PBP__ * 2))
  18  001A              ;# 18 "C:\Users\YVTC\Desktop\單晶片微控制器(一)\0306\4-3.c" 1
  18  001A              	NOP
  18  001A              	ENDIF
  18  001A              ;# 18 "C:\Users\YVTC\Desktop\單晶片微控制器(一)\0306\4-3.c" 1
  18  001A              	IF (20000>=2) AND (20000<( 4 + __PBP__ * 2))
  18  001A              ;# 18 "C:\Users\YVTC\Desktop\單晶片微控制器(一)\0306\4-3.c" 1
  18  001A              	NOP
  18  001A              	ENDIF
  18  001A              ;# 18 "C:\Users\YVTC\Desktop\單晶片微控制器(一)\0306\4-3.c" 1
  18  001A              	IF (20000>=3) AND (20000<( 4 + __PBP__ * 2))
  18  001A              ;# 18 "C:\Users\YVTC\Desktop\單晶片微控制器(一)\0306\4-3.c" 1
  18  001A              	NOP
  18  001A              	ENDIF
  18  001A              ;# 18 "C:\Users\YVTC\Desktop\單晶片微控制器(一)\0306\4-3.c" 1
  18  001A              	IF (20000>=4) AND (20000<( 4 + __PBP__ * 2)) AND ( __PBP__ > 0 )
  18  001A              ;# 18 "C:\Users\YVTC\Desktop\單晶片微控制器(一)\0306\4-3.c" 1
  18  001A              	NOP
  18  001A              	ENDIF
  18  001A              ;# 18 "C:\Users\YVTC\Desktop\單晶片微控制器(一)\0306\4-3.c" 1
  18  001A              	IF (20000>=5) AND (20000<( 4 + __PBP__ * 2)) AND ( __PBP__ > 0 )
  18  001A              ;# 18 "C:\Users\YVTC\Desktop\單晶片微控制器(一)\0306\4-3.c" 1
  18  001A              	NOP
  18  001A              	ENDIF
  18  001A              ;# 18 "C:\Users\YVTC\Desktop\單晶片微控制器(一)\0306\4-3.c" 1
  18  001A              	IF (20000>=6) AND (20000<( 4 + __PBP__ * 2))  AND ( __PBP__ > 1 )
  18  001A              ;# 18 "C:\Users\YVTC\Desktop\單晶片微控制器(一)\0306\4-3.c" 1
  18  001A              	NOP
  18  001A              	ENDIF
  18  001A              ;# 18 "C:\Users\YVTC\Desktop\單晶片微控制器(一)\0306\4-3.c" 1
  18  001A              	IF (20000>=7) AND (20000<( 4 + __PBP__ * 2))  AND ( __PBP__ > 1 )
  18  001A              ;# 18 "C:\Users\YVTC\Desktop\單晶片微控制器(一)\0306\4-3.c" 1
  18  001A              	NOP
  18  001A              	ENDIF
  18  001A              ;# 18 "C:\Users\YVTC\Desktop\單晶片微控制器(一)\0306\4-3.c" 1
  18  001A              	IF (20000>=8) AND (20000<( 4 + __PBP__ * 2))  AND ( __PBP__ > 2 )
  18  001A              ;# 18 "C:\Users\YVTC\Desktop\單晶片微控制器(一)\0306\4-3.c" 1
  18  001A              	NOP
  18  001A              	ENDIF
  18  001A              ;# 18 "C:\Users\YVTC\Desktop\單晶片微控制器(一)\0306\4-3.c" 1
  18  001A              	IF (20000==9)  AND ( __PBP__ > 2 )
  18  001A              ;# 18 "C:\Users\YVTC\Desktop\單晶片微控制器(一)\0306\4-3.c" 1
  18  001A              	NOP
  18  001A              	ENDIF
  18  001A              ;# 18 "C:\Users\YVTC\Desktop\單晶片微控制器(一)\0306\4-3.c" 1
  18  001A              	IF (20000< ( 8 + __PBP__ * 2)) AND (20000>( 3 + __PBP__ * 2))
"File: 4-3.c         Assembler  Version HGASM0202      Page 4

  18  001A              ;# 18 "C:\Users\YVTC\Desktop\單晶片微控制器(一)\0306\4-3.c" 1
  18  001A              	fcall __DELAY3 + ( 7 + __PBP__ * 2) -20000
  18  001A              	ENDIF
  18  001A              ;# 18 "C:\Users\YVTC\Desktop\單晶片微控制器(一)\0306\4-3.c" 1
  18  001A              	IF (20000< ( 0404h + __PBP__ * 2)) AND (20000>( 7 + __PBP__ * 2))
  18  001A              ;# 18 "C:\Users\YVTC\Desktop\單晶片微控制器(一)\0306\4-3.c" 1
  18  001A              	MOV A,(20000-( 4 + __PBP__ * 2))/4
  18  001A              ;# 18 "C:\Users\YVTC\Desktop\單晶片微控制器(一)\0306\4-3.c" 1
  18  001A              	fcall __DELAYX3 + 3 -((20000-( 4 + __PBP__ * 2)) MOD 4) 
  18  001A              	ENDIF
  18  001A              ;# 18 "C:\Users\YVTC\Desktop\單晶片微控制器(一)\0306\4-3.c" 1
  18  001A              	IF (20000< ( 040bh + __PBP__ * 2)) AND (20000> ( 0403h + __PBP__ * 2))
  18  001A              ;# 18 "C:\Users\YVTC\Desktop\單晶片微控制器(一)\0306\4-3.c" 1
  18  001A              	MOV A,0 
  18  001A              ;# 18 "C:\Users\YVTC\Desktop\單晶片微控制器(一)\0306\4-3.c" 1
  18  001A              	fcall __DELAYX6 + ( 040ah + __PBP__ * 2) -20000
  18  001A              	ENDIF
  18  001A              ;# 18 "C:\Users\YVTC\Desktop\單晶片微控制器(一)\0306\4-3.c" 1
  18  001A              	IF (20000 >= ( 040bh + __PBP__ * 2)) AND ((((20000-( 9 + __PBP__ * 2))%0402h)/4+1)>256)
  18  001A              ;# 18 "C:\Users\YVTC\Desktop\單晶片微控制器(一)\0306\4-3.c" 1
  18  001A              	MOV A,(20000-( 9 + __PBP__ * 2))/0402h
  18  001A              ;# 18 "C:\Users\YVTC\Desktop\單晶片微控制器(一)\0306\4-3.c" 1
  18  001A              	MOV _builtin_holtek_delay_2,A
  18  001A              ;# 18 "C:\Users\YVTC\Desktop\單晶片微控制器(一)\0306\4-3.c" 1
  18  001A              	MOV A,0
  18  001A              ;# 18 "C:\Users\YVTC\Desktop\單晶片微控制器(一)\0306\4-3.c" 1
  18  001A              	fcall __DELAYY5 +5- (((20000-( 9 + __PBP__ * 2))%0402h)%6) 
  18  001A              	ENDIF
  18  001A              ;# 18 "C:\Users\YVTC\Desktop\單晶片微控制器(一)\0306\4-3.c" 1
  18  001A              	IF (20000 >= ( 040bh + __PBP__ * 2)) AND ((((20000-( 9 + __PBP__ * 2))%0402h)/4+1)<=256)
  18  001A              ;# 18 "C:\Users\YVTC\Desktop\單晶片微控制器(一)\0306\4-3.c" 1
  18  001A  0F13        	MOV A,(20000-( 9 + __PBP__ * 2))/0402h
  18  001B              ;# 18 "C:\Users\YVTC\Desktop\單晶片微控制器(一)\0306\4-3.c" 1
  18  001B  0080     E  	MOV _builtin_holtek_delay_2,A
  18  001C              ;# 18 "C:\Users\YVTC\Desktop\單晶片微控制器(一)\0306\4-3.c" 1
  18  001C  0F7C        	MOV A,((20000-( 9 + __PBP__ * 2))%0402h)/4+1
  18  001D              ;# 18 "C:\Users\YVTC\Desktop\單晶片微控制器(一)\0306\4-3.c" 1
  18  001D              	fcall __DELAYY3 +3-(((20000-( 9 + __PBP__ * 2))%0402h)%4) 
  18  0024              	ENDIF
  18  0024  1780     E  	sdz rb
  18  0025  2800     R  	jmp _L4
  16  0026              #line 16 "C:\Users\YVTC\Desktop\單晶片微控制器(一)\0306\4-3.c"
  16  0026  3C00     E  	sz ra.7
  16  0027  2800     R  	jmp _L7
  16  0028              _L5:
  15  0028              #line 15 "C:\Users\YVTC\Desktop\單晶片微控制器(一)\0306\4-3.c"
  15  0028  0700     E  	mov a,ra
  15  0029  0080     E  	mov rb,a
  15  002A  2800     R  	jmp _L2
  15  002B              _L7:
  15  002B  0F09        	mov a,9
  15  002C  0080     E  	mov ra,a
  15  002D  2800     R  	jmp _L5
  15  002E  2800     R  	jmp $
  15  002F              _main endp
  15  002F              
  15  002F              @dummy endp
  15  002F              
  15  002F              #line 15 "C:\Users\YVTC\Desktop\單晶片微控制器(一)\0306\4-3.c"
  15  002F              #pragma debug scope 1 1
"File: 4-3.c         Assembler  Version HGASM0202      Page 5

  15  002F              public _SEG_TAB
  15  0000              @crom	.section 'crom'
   7  0000              #line 7 "C:\Users\YVTC\Desktop\單晶片微控制器(一)\0306\4-3.c"
   7  0000              @crom	.section	'crom'
   7  0000              _SEG_TAB:
   7  0000              #pragma debug array 42 8 10 1
   7  0000              #pragma debug array 42 8 10 1
   7  0000              #pragma debug variable 42 1 _SEG_TAB "SEG_TAB"
   7  0000              	db 63
   7  0001              	db 6
   7  0001              	db 91
   7  0002              	db 79
   7  0002              	db 102
   7  0003              	db 109
   7  0003              	db 125
   7  0004              	db 7
   7  0004              	db 127
   7  0005              	db 103
   7  0005              #pragma debug struct_end
   7  0005              #pragma debug struct_end
   7  0005              #pragma debug union_end
   7  0005              #pragma debug union_end
   7  0005              #pragma debug variable 44 1 ___pd "__pd" 1
   7  0005              #pragma debug struct_end
   7  0005              #pragma debug struct_end
   7  0005              #pragma debug union_end
   7  0005              #pragma debug union_end
   7  0005              #pragma debug variable 46 1 ___pdc "__pdc" 1
   7  0005              #pragma debug struct_end
   7  0005              #pragma debug struct_end
   7  0005              #pragma debug union_end
   7  0005              #pragma debug union_end
   7  0005              #pragma debug variable 48 1 ___wdtc "__wdtc" 1
  11  0005              #line 11 "C:\Users\YVTC\Desktop\單晶片微控制器(一)\0306\4-3.c"
  11  0000              @code .section at 0 'code'
  11  0000  1F0B        	clr bp
  11  0001  2800     R  	jmp _main_startup1
  11  0002              
  11  0002              
  11  0002              ; 
  11  0002              ; Generated by holtek-gcc v3.18, Tue Mar 06 11:35:58 2018
  11  0002              ; Rebuild 126
  11  0002              ; end of file


        0 Errors, 0