"File: 4-5.c         Assembler  Version HGASM0202      Page 1


   1  0000              ; Generated by holtek-gcc v3.18, Tue Mar 06 15:08:45 2018
   2  0000              ; 
   3  0000              ; Configuration:
   4  0000              ;       with long instruction
   5  0000              ;       Multi-ROM, Multi-RAM
   6  0000              ;       bits_per_rom_unit:16
   7  0000              ;       with mp1
   8  0000              ;       with tbhp, address(0x9)
   9  0000              ;          Use tabrd-const
  10  0000              ;       
  11  0000              ; SFR address of long-instruction arch:
  12  0000              ;    mp0 = -1,1,0
  13  0000              ;    mp1 = 4,3,2
  14  0000              ;    mp2 = 14,13,12
  15  0000              ;    tbp = 9,7,8
  16  0000              ;    acc = 5
  17  0000              ;    pcl = 6
  18  0000              ;    status = 10
  19  0000              ;    bp = 11
  20  0000              ;    intc = 48
  21  0000              ;       
  22  0000              ;       
  23  0000              ; use 'tabrdc' instead of 'tabrd'
  24  0000              ;       
  25  0000              
  26  0000              #pragma translator "holtek-gcc 4.6.4" "3.18" "build 20130711"
  27  0000              ; Rebuild 126
  28  0000              
  29  0000              ir equ [2]
  30  0000              mp equ [3]
  31  0000              sbp equ [4]
  32  0000              acc equ [5]
  33  0000              bp equ [11]
  34  0000              tblp equ [7]
  35  0000              tbhp equ [9]
  36  0000              status equ [10]
  37  0000              c equ [10].0
  38  0000              ac equ [10].1
  39  0000              z equ [10].2
  40  0000              ov equ [10].3
  41  0000              cz equ [10].6
  42  0000              sc equ [10].7
  43  0000              intc equ [48]
  44  0000              
  45  0000              extern ra:byte
  46  0000              extern rb:byte
  47  0000              extern rc:byte
  48  0000              extern rd:byte
  49  0000              extern re:byte
  50  0000              extern rf:byte
  51  0000              extern rg:byte
  52  0000              extern rh:byte
  53  0000              extern _Crom2Prom:near
  54  0000              extern _Crom2PromNext:near
  55  0000              
  56  0000              RAMBANK 0 @BITDATASEC, @BITDATASEC1
  57  0000              @HCCINIT	.section 'data'
  58  0000              @HCCINIT0	.section 'data'
  59  0000              @BITDATASEC	 .section 'data'
"File: 4-5.ASM       Assembler  Version HGASM0202      Page 2

  60  0000              @BITDATASEC1	 .section 'data'
  61  0000              
  62  0000              #pragma debug scope 1 1
  63  0000              	extern __DELAY3:near
  64  0000              	extern __DELAYX3:near
  65  0000              	extern __DELAYX6:near
  66  0000              	extern __DELAYY5:near
  67  0000              	extern __DELAYY3:near
  68  0000              	extern _builtin_holtek_delay_2:byte
  69  0000              ___wdtc equ [62]
  70  0000              ___pdc equ [31]
  71  0000              ___pec equ [35]
  72  0000              ___pepu equ [33]
  73  0000              ___pd equ [30]
  74  0000              ___pe equ [34]
  75  0000              public _main
  76  0000              #pragma debug scope 2 1

   9  0000              #line 9 "C:\Users\YVTC\Desktop\單晶片微控制器(一)\0306\4-5.c"
   9  0000              IFDEF WITH_DEFAULT_STARTUP
   9  0000              extern _main_initial0:near
   9  0000              extern _main_startup:near
   9  0000              ENDIF
   9  0000              
   9  0000              ROMBANK 0 @start
   9  0000              @start .section com_l 'code'
   9  0000              _main_startup1:
   9  0000              @start .section com_e 'code'
   9  0000  0F00     R  	mov a,bank _main
   9  0001  008B        	mov bp,a
   9  0002  2800     R  	jmp _main
   9  0003              
   9  0000              _main .section 'code'
   9  0000              _main proc
  10  0000              #line 10 "C:\Users\YVTC\Desktop\單晶片微控制器(一)\0306\4-5.c"
  10  0000  0FAF        	mov a,175
  10  0001  00BE        	mov [62],a
  11  0002              #line 11 "C:\Users\YVTC\Desktop\單晶片微控制器(一)\0306\4-5.c"
  11  0002  1F1F        	clr [31]
  12  0003              #line 12 "C:\Users\YVTC\Desktop\單晶片微控制器(一)\0306\4-5.c"
  12  0003  3023        	set [35].0
  12  0004  3021        	set [33].0
   9  0005              #line 9 "C:\Users\YVTC\Desktop\單晶片微控制器(一)\0306\4-5.c"
   9  0005  1F00     E  	clr rb
   9  0006              _L2:
  14  0006              #line 14 "C:\Users\YVTC\Desktop\單晶片微控制器(一)\0306\4-5.c"
  14  0006  1400     E  	inca rb
  14  0007  0080     E  	mov ra,a
  14  0008  0F00     R  	mov a,low offset _SEG_TAB
  14  0009  0300     E  	add a,rb
  14  000A  0083        	mov mp,a
  14  000B  0F00     R  	mov a,high offset _SEG_TAB
  14  000C  1F04        	clr sbp
  14  000D  1384        	adcm a,sbp
  14  000E              	fcall _Crom2Prom
  14  0015  009E        	mov [30],a
  14  0016              _L4:
  14  0016              _L3:
  16  0016              #line 16 "C:\Users\YVTC\Desktop\單晶片微控制器(一)\0306\4-5.c"
  16  0016  3C22        	sz [34].0
"File: 4-5.c         Assembler  Version HGASM0202      Page 3

  16  0017  2800     R  	jmp _L3
  16  0018  0F08        	mov a,8
  16  0019  0080     E  	mov rb,a
  16  001A              _L6:
  17  001A              #line 17 "C:\Users\YVTC\Desktop\單晶片微控制器(一)\0306\4-5.c"
  17  001A              ;# 17 "C:\Users\YVTC\Desktop\單晶片微控制器(一)\0306\4-5.c" 1
  17  001A              	IF 20000>263690
  17  001A              ;# 17 "C:\Users\YVTC\Desktop\單晶片微控制器(一)\0306\4-5.c" 1
  17  001A              	ERRMESSAGE 'the value 20000of the argument exceeds the maxinum 263690'
  17  001A              	ENDIF
  17  001A              ;# 17 "C:\Users\YVTC\Desktop\單晶片微控制器(一)\0306\4-5.c" 1
  17  001A              	IF 20000<0
  17  001A              ;# 17 "C:\Users\YVTC\Desktop\單晶片微控制器(一)\0306\4-5.c" 1
  17  001A              	ERRMESSAGE 'the value 20000 of the argument exceeds the mininum 0'
  17  001A              	ENDIF
  17  001A              ;# 17 "C:\Users\YVTC\Desktop\單晶片微控制器(一)\0306\4-5.c" 1
  17  001A              	IF 20000==0
  17  001A              ;# 17 "C:\Users\YVTC\Desktop\單晶片微控制器(一)\0306\4-5.c" 1
  17  001A              	JMP $
  17  001A              	ENDIF
  17  001A              ;# 17 "C:\Users\YVTC\Desktop\單晶片微控制器(一)\0306\4-5.c" 1
  17  001A              	IF (20000>=1) AND (20000<( 4 + __PBP__ * 2))
  17  001A              ;# 17 "C:\Users\YVTC\Desktop\單晶片微控制器(一)\0306\4-5.c" 1
  17  001A              	NOP
  17  001A              	ENDIF
  17  001A              ;# 17 "C:\Users\YVTC\Desktop\單晶片微控制器(一)\0306\4-5.c" 1
  17  001A              	IF (20000>=2) AND (20000<( 4 + __PBP__ * 2))
  17  001A              ;# 17 "C:\Users\YVTC\Desktop\單晶片微控制器(一)\0306\4-5.c" 1
  17  001A              	NOP
  17  001A              	ENDIF
  17  001A              ;# 17 "C:\Users\YVTC\Desktop\單晶片微控制器(一)\0306\4-5.c" 1
  17  001A              	IF (20000>=3) AND (20000<( 4 + __PBP__ * 2))
  17  001A              ;# 17 "C:\Users\YVTC\Desktop\單晶片微控制器(一)\0306\4-5.c" 1
  17  001A              	NOP
  17  001A              	ENDIF
  17  001A              ;# 17 "C:\Users\YVTC\Desktop\單晶片微控制器(一)\0306\4-5.c" 1
  17  001A              	IF (20000>=4) AND (20000<( 4 + __PBP__ * 2)) AND ( __PBP__ > 0 )
  17  001A              ;# 17 "C:\Users\YVTC\Desktop\單晶片微控制器(一)\0306\4-5.c" 1
  17  001A              	NOP
  17  001A              	ENDIF
  17  001A              ;# 17 "C:\Users\YVTC\Desktop\單晶片微控制器(一)\0306\4-5.c" 1
  17  001A              	IF (20000>=5) AND (20000<( 4 + __PBP__ * 2)) AND ( __PBP__ > 0 )
  17  001A              ;# 17 "C:\Users\YVTC\Desktop\單晶片微控制器(一)\0306\4-5.c" 1
  17  001A              	NOP
  17  001A              	ENDIF
  17  001A              ;# 17 "C:\Users\YVTC\Desktop\單晶片微控制器(一)\0306\4-5.c" 1
  17  001A              	IF (20000>=6) AND (20000<( 4 + __PBP__ * 2))  AND ( __PBP__ > 1 )
  17  001A              ;# 17 "C:\Users\YVTC\Desktop\單晶片微控制器(一)\0306\4-5.c" 1
  17  001A              	NOP
  17  001A              	ENDIF
  17  001A              ;# 17 "C:\Users\YVTC\Desktop\單晶片微控制器(一)\0306\4-5.c" 1
  17  001A              	IF (20000>=7) AND (20000<( 4 + __PBP__ * 2))  AND ( __PBP__ > 1 )
  17  001A              ;# 17 "C:\Users\YVTC\Desktop\單晶片微控制器(一)\0306\4-5.c" 1
  17  001A              	NOP
  17  001A              	ENDIF
  17  001A              ;# 17 "C:\Users\YVTC\Desktop\單晶片微控制器(一)\0306\4-5.c" 1
  17  001A              	IF (20000>=8) AND (20000<( 4 + __PBP__ * 2))  AND ( __PBP__ > 2 )
  17  001A              ;# 17 "C:\Users\YVTC\Desktop\單晶片微控制器(一)\0306\4-5.c" 1
  17  001A              	NOP
  17  001A              	ENDIF
"File: 4-5.c         Assembler  Version HGASM0202      Page 4

  17  001A              ;# 17 "C:\Users\YVTC\Desktop\單晶片微控制器(一)\0306\4-5.c" 1
  17  001A              	IF (20000==9)  AND ( __PBP__ > 2 )
  17  001A              ;# 17 "C:\Users\YVTC\Desktop\單晶片微控制器(一)\0306\4-5.c" 1
  17  001A              	NOP
  17  001A              	ENDIF
  17  001A              ;# 17 "C:\Users\YVTC\Desktop\單晶片微控制器(一)\0306\4-5.c" 1
  17  001A              	IF (20000< ( 8 + __PBP__ * 2)) AND (20000>( 3 + __PBP__ * 2))
  17  001A              ;# 17 "C:\Users\YVTC\Desktop\單晶片微控制器(一)\0306\4-5.c" 1
  17  001A              	fcall __DELAY3 + ( 7 + __PBP__ * 2) -20000
  17  001A              	ENDIF
  17  001A              ;# 17 "C:\Users\YVTC\Desktop\單晶片微控制器(一)\0306\4-5.c" 1
  17  001A              	IF (20000< ( 0404h + __PBP__ * 2)) AND (20000>( 7 + __PBP__ * 2))
  17  001A              ;# 17 "C:\Users\YVTC\Desktop\單晶片微控制器(一)\0306\4-5.c" 1
  17  001A              	MOV A,(20000-( 4 + __PBP__ * 2))/4
  17  001A              ;# 17 "C:\Users\YVTC\Desktop\單晶片微控制器(一)\0306\4-5.c" 1
  17  001A              	fcall __DELAYX3 + 3 -((20000-( 4 + __PBP__ * 2)) MOD 4) 
  17  001A              	ENDIF
  17  001A              ;# 17 "C:\Users\YVTC\Desktop\單晶片微控制器(一)\0306\4-5.c" 1
  17  001A              	IF (20000< ( 040bh + __PBP__ * 2)) AND (20000> ( 0403h + __PBP__ * 2))
  17  001A              ;# 17 "C:\Users\YVTC\Desktop\單晶片微控制器(一)\0306\4-5.c" 1
  17  001A              	MOV A,0 
  17  001A              ;# 17 "C:\Users\YVTC\Desktop\單晶片微控制器(一)\0306\4-5.c" 1
  17  001A              	fcall __DELAYX6 + ( 040ah + __PBP__ * 2) -20000
  17  001A              	ENDIF
  17  001A              ;# 17 "C:\Users\YVTC\Desktop\單晶片微控制器(一)\0306\4-5.c" 1
  17  001A              	IF (20000 >= ( 040bh + __PBP__ * 2)) AND ((((20000-( 9 + __PBP__ * 2))%0402h)/4+1)>256)
  17  001A              ;# 17 "C:\Users\YVTC\Desktop\單晶片微控制器(一)\0306\4-5.c" 1
  17  001A              	MOV A,(20000-( 9 + __PBP__ * 2))/0402h
  17  001A              ;# 17 "C:\Users\YVTC\Desktop\單晶片微控制器(一)\0306\4-5.c" 1
  17  001A              	MOV _builtin_holtek_delay_2,A
  17  001A              ;# 17 "C:\Users\YVTC\Desktop\單晶片微控制器(一)\0306\4-5.c" 1
  17  001A              	MOV A,0
  17  001A              ;# 17 "C:\Users\YVTC\Desktop\單晶片微控制器(一)\0306\4-5.c" 1
  17  001A              	fcall __DELAYY5 +5- (((20000-( 9 + __PBP__ * 2))%0402h)%6) 
  17  001A              	ENDIF
  17  001A              ;# 17 "C:\Users\YVTC\Desktop\單晶片微控制器(一)\0306\4-5.c" 1
  17  001A              	IF (20000 >= ( 040bh + __PBP__ * 2)) AND ((((20000-( 9 + __PBP__ * 2))%0402h)/4+1)<=256)
  17  001A              ;# 17 "C:\Users\YVTC\Desktop\單晶片微控制器(一)\0306\4-5.c" 1
  17  001A  0F13        	MOV A,(20000-( 9 + __PBP__ * 2))/0402h
  17  001B              ;# 17 "C:\Users\YVTC\Desktop\單晶片微控制器(一)\0306\4-5.c" 1
  17  001B  0080     E  	MOV _builtin_holtek_delay_2,A
  17  001C              ;# 17 "C:\Users\YVTC\Desktop\單晶片微控制器(一)\0306\4-5.c" 1
  17  001C  0F7C        	MOV A,((20000-( 9 + __PBP__ * 2))%0402h)/4+1
  17  001D              ;# 17 "C:\Users\YVTC\Desktop\單晶片微控制器(一)\0306\4-5.c" 1
  17  001D              	fcall __DELAYY3 +3-(((20000-( 9 + __PBP__ * 2))%0402h)%4) 
  17  0024              	ENDIF
  17  0024  1780     E  	sdz rb
  17  0025  2800     R  	jmp _L6
  18  0026              #line 18 "C:\Users\YVTC\Desktop\單晶片微控制器(一)\0306\4-5.c"
  18  0026  3C22        	sz [34].0
  18  0027  2800     R  	jmp _L3
  19  0028              #line 19 "C:\Users\YVTC\Desktop\單晶片微控制器(一)\0306\4-5.c"
  19  0028  0F09        	mov a,9
  19  0029  0200     E  	sub a,ra
  19  002A  3C0A        	sz c
  19  002B  2800     R  	jmp _L7
  19  002C  1F00     E  	clr ra
  19  002D              _L7:
  19  002D  0700     E  	mov a,ra
  19  002E  0080     E  	mov rb,a
"File: 4-5.c         Assembler  Version HGASM0202      Page 5

  19  002F  2800     R  	jmp _L2
  19  0030  2800     R  	jmp $
  19  0031              _main endp
  19  0031              
  19  0031              @dummy endp
  19  0031              
  19  0031              #line 19 "C:\Users\YVTC\Desktop\單晶片微控制器(一)\0306\4-5.c"
  19  0031              #pragma debug scope 1 1
  19  0031              public _SEG_TAB
  19  0000              @crom	.section 'crom'
   6  0000              #line 6 "C:\Users\YVTC\Desktop\單晶片微控制器(一)\0306\4-5.c"
   6  0000              @crom	.section	'crom'
   6  0000              _SEG_TAB:
   6  0000              #pragma debug array 42 8 10 1
   6  0000              #pragma debug array 42 8 10 1
   6  0000              #pragma debug variable 42 1 _SEG_TAB "SEG_TAB"
   6  0000              	db 63
   6  0001              	db 6
   6  0001              	db 91
   6  0002              	db 79
   6  0002              	db 102
   6  0003              	db 109
   6  0003              	db 125
   6  0004              	db 7
   6  0004              	db 127
   6  0005              	db 103
   6  0005              #pragma debug struct_end
   6  0005              #pragma debug struct_end
   6  0005              #pragma debug union_end
   6  0005              #pragma debug union_end
   6  0005              #pragma debug variable 44 1 ___pd "__pd" 1
   6  0005              #pragma debug struct_end
   6  0005              #pragma debug struct_end
   6  0005              #pragma debug union_end
   6  0005              #pragma debug union_end
   6  0005              #pragma debug variable 46 1 ___pdc "__pdc" 1
   6  0005              #pragma debug struct_end
   6  0005              #pragma debug struct_end
   6  0005              #pragma debug union_end
   6  0005              #pragma debug union_end
   6  0005              #pragma debug variable 48 1 ___pepu "__pepu" 1
   6  0005              #pragma debug struct_end
   6  0005              #pragma debug struct_end
   6  0005              #pragma debug union_end
   6  0005              #pragma debug union_end
   6  0005              #pragma debug variable 50 1 ___pe "__pe" 1
   6  0005              #pragma debug struct_end
   6  0005              #pragma debug struct_end
   6  0005              #pragma debug union_end
   6  0005              #pragma debug union_end
   6  0005              #pragma debug variable 52 1 ___pec "__pec" 1
   6  0005              #pragma debug struct_end
   6  0005              #pragma debug struct_end
   6  0005              #pragma debug union_end
   6  0005              #pragma debug union_end
   6  0005              #pragma debug variable 54 1 ___wdtc "__wdtc" 1
   9  0005              #line 9 "C:\Users\YVTC\Desktop\單晶片微控制器(一)\0306\4-5.c"
   9  0000              @code .section at 0 'code'
   9  0000  1F0B        	clr bp
   9  0001  2800     R  	jmp _main_startup1
"File: 4-5.c         Assembler  Version HGASM0202      Page 6

   9  0002              
   9  0002              
   9  0002              ; 
   9  0002              ; Generated by holtek-gcc v3.18, Tue Mar 06 15:08:45 2018
   9  0002              ; Rebuild 126
   9  0002              ; end of file


        0 Errors, 0