"File: 4-7.c         Assembler  Version HGASM0202      Page 1


   1  0000              ; Generated by holtek-gcc v3.18, Tue Mar 13 10:22:18 2018
   2  0000              ; 
   3  0000              ; Configuration:
   4  0000              ;       with long instruction
   5  0000              ;       Multi-ROM, Multi-RAM
   6  0000              ;       bits_per_rom_unit:16
   7  0000              ;       with mp1
   8  0000              ;       with tbhp, address(0x9)
   9  0000              ;          Use tabrd-const
  10  0000              ;       
  11  0000              ; SFR address of long-instruction arch:
  12  0000              ;    mp0 = -1,1,0
  13  0000              ;    mp1 = 4,3,2
  14  0000              ;    mp2 = 14,13,12
  15  0000              ;    tbp = 9,7,8
  16  0000              ;    acc = 5
  17  0000              ;    pcl = 6
  18  0000              ;    status = 10
  19  0000              ;    bp = 11
  20  0000              ;    intc = 48
  21  0000              ;       
  22  0000              ;       
  23  0000              ; use 'tabrdc' instead of 'tabrd'
  24  0000              ;       
  25  0000              
  26  0000              #pragma translator "holtek-gcc 4.6.4" "3.18" "build 20130711"
  27  0000              ; Rebuild 126
  28  0000              
  29  0000              ir equ [2]
  30  0000              mp equ [3]
  31  0000              sbp equ [4]
  32  0000              acc equ [5]
  33  0000              bp equ [11]
  34  0000              tblp equ [7]
  35  0000              tbhp equ [9]
  36  0000              status equ [10]
  37  0000              c equ [10].0
  38  0000              ac equ [10].1
  39  0000              z equ [10].2
  40  0000              ov equ [10].3
  41  0000              cz equ [10].6
  42  0000              sc equ [10].7
  43  0000              intc equ [48]
  44  0000              
  45  0000              extern ra:byte
  46  0000              extern rb:byte
  47  0000              extern rc:byte
  48  0000              extern rd:byte
  49  0000              extern re:byte
  50  0000              extern rf:byte
  51  0000              extern rg:byte
  52  0000              extern rh:byte
  53  0000              extern _Crom2Prom:near
  54  0000              extern _Crom2PromNext:near
  55  0000              
  56  0000              RAMBANK 0 @BITDATASEC, @BITDATASEC1
  57  0000              @HCCINIT	.section 'data'
  58  0000              @HCCINIT0	.section 'data'
  59  0000              @BITDATASEC	 .section 'data'
"File: 4-7.ASM       Assembler  Version HGASM0202      Page 2

  60  0000              @BITDATASEC1	 .section 'data'
  61  0000              
  62  0000              #pragma debug scope 1 1
  63  0000              	extern __DELAY3:near
  64  0000              	extern __DELAYX3:near
  65  0000              	extern __DELAYX6:near
  66  0000              	extern __DELAYY5:near
  67  0000              	extern __DELAYY3:near
  68  0000              	extern _builtin_holtek_delay_2:byte
  69  0000              ___pec equ [35]
  70  0000              ___pepu equ [33]
  71  0000              ___pe equ [34]
  72  0000              public _ScanKey
  73  0000              #pragma debug scope 2 1

  23  0000              #line 23 "C:\Users\YVTC\Desktop\單晶片微控制器(一)\0306\4-7.c"
  23  0000              _ScanKey .section 'code'
  23  0000              _ScanKey proc
  24  0000              #line 24 "C:\Users\YVTC\Desktop\單晶片微控制器(一)\0306\4-7.c"
  24  0000  0FF0        	mov a,240
  24  0001  00A3        	mov [35],a
  24  0002  0FF0        	mov a,240
  24  0003  00A1        	mov [33],a
  25  0004              #line 25 "C:\Users\YVTC\Desktop\單晶片微控制器(一)\0306\4-7.c"
  25  0004  0FFE        	mov a,254
  25  0005  00A2        	mov [34],a
  23  0006              #line 23 "C:\Users\YVTC\Desktop\單晶片微控制器(一)\0306\4-7.c"
  23  0006  1F00     E  	clr ra
  23  0007              _L6:
  27  0007              #line 27 "C:\Users\YVTC\Desktop\單晶片微控制器(一)\0306\4-7.c"
  27  0007  3A22        	snz [34].4
  27  0008  2800     R  	jmp _L2
  29  0009              #line 29 "C:\Users\YVTC\Desktop\單晶片微控制器(一)\0306\4-7.c"
  29  0009  3EA2        	sz [34].5
  29  000A  2800     R  	jmp _L3
  28  000B              #line 28 "C:\Users\YVTC\Desktop\單晶片微控制器(一)\0306\4-7.c"
  28  000B  1480     E  	inc ra
  28  000C  2800     R  	jmp _L2
  28  000D              _L3:
  31  000D              #line 31 "C:\Users\YVTC\Desktop\單晶片微控制器(一)\0306\4-7.c"
  31  000D  3F22        	sz [34].6
  31  000E  2800     R  	jmp _L4
  30  000F              #line 30 "C:\Users\YVTC\Desktop\單晶片微控制器(一)\0306\4-7.c"
  30  000F  0F02        	mov a,2
  30  0010  0380     E  	addm a,ra
  30  0011  2800     R  	jmp _L2
  30  0012              _L4:
  33  0012              #line 33 "C:\Users\YVTC\Desktop\單晶片微控制器(一)\0306\4-7.c"
  33  0012  3FA2        	sz [34].7
  33  0013  2800     R  	jmp _L5
  32  0014              #line 32 "C:\Users\YVTC\Desktop\單晶片微控制器(一)\0306\4-7.c"
  32  0014  0F03        	mov a,3
  32  0015  0380     E  	addm a,ra
  32  0016  2800     R  	jmp _L2
  32  0017              _L5:
  34  0017              #line 34 "C:\Users\YVTC\Desktop\單晶片微控制器(一)\0306\4-7.c"
  34  0017  0F04        	mov a,4
  34  0018  0380     E  	addm a,ra
  35  0019              #line 35 "C:\Users\YVTC\Desktop\單晶片微控制器(一)\0306\4-7.c"
  35  0019  0722        	mov a,[34]
"File: 4-7.c         Assembler  Version HGASM0202      Page 3

  35  001A  03A2        	addm a,[34]
  35  001B  3022        	set [34].0
  26  001C              #line 26 "C:\Users\YVTC\Desktop\單晶片微控制器(一)\0306\4-7.c"
  26  001C  0700     E  	mov a,ra
  26  001D  0A10        	sub a,16
  26  001E  390A        	snz z
  26  001F  2800     R  	jmp _L6
  26  0020              _L2:
  38  0020              #line 38 "C:\Users\YVTC\Desktop\單晶片微控制器(一)\0306\4-7.c"
  38  0020  0700     E  	mov a,ra
  38  0021  0003        	ret
  38  0022              _ScanKey endp
  38  0022              #line 38 "C:\Users\YVTC\Desktop\單晶片微控制器(一)\0306\4-7.c"
  38  0022              #pragma debug scope 1 1
  38  0022              ___wdtc equ [62]
  38  0022              ___pdc equ [31]
  38  0022              ___pd equ [30]
  38  0022              public _main
  38  0022              #pragma debug scope 3 1
  11  0022              #line 11 "C:\Users\YVTC\Desktop\單晶片微控制器(一)\0306\4-7.c"
  11  0022              IFDEF WITH_DEFAULT_STARTUP
  11  0022              extern _main_initial0:near
  11  0022              extern _main_startup:near
  11  0022              ENDIF
  11  0022              
  11  0022              ROMBANK 0 @start
  11  0000              @start .section com_l 'code'
  11  0000              _main_startup1:
  11  0000              @start .section com_e 'code'
  11  0000  0F00     R  	mov a,bank _main
  11  0001  008B        	mov bp,a
  11  0002  2800     R  	jmp _main
  11  0003              
  11  0000              _main .section 'code'
  11  0000              _main proc
  11  0000  00              local _main_2 db 1 dup(?)
  12  0001              #line 12 "C:\Users\YVTC\Desktop\單晶片微控制器(一)\0306\4-7.c"
  12  0000  0FAF        	mov a,175
  12  0001  00BE        	mov [62],a
  13  0002              #line 13 "C:\Users\YVTC\Desktop\單晶片微控制器(一)\0306\4-7.c"
  13  0002  1F1F        	clr [31]
  13  0003              _L18:
  15  0003              #line 15 "C:\Users\YVTC\Desktop\單晶片微控制器(一)\0306\4-7.c"
  15  0003  1F1E        	clr [30]
  15  0004              _L16:
  16  0004              #line 16 "C:\Users\YVTC\Desktop\單晶片微控制器(一)\0306\4-7.c"
  16  0004              	fcall _ScanKey
  16  000B  0080     R  	mov _main_2[0],a
  16  000C  0700     R  	mov a,_main_2[0]
  16  000D  0A10        	sub a,16
  16  000E  3D0A        	sz z
  16  000F  2800     R  	jmp _L16
  17  0010              #line 17 "C:\Users\YVTC\Desktop\單晶片微控制器(一)\0306\4-7.c"
  17  0010  3800     R  	snz _main_2[0].0
  17  0011  2800     R  	jmp _L18
  18  0012              #line 18 "C:\Users\YVTC\Desktop\單晶片微控制器(一)\0306\4-7.c"
  18  0012  0F00     R  	mov a,low offset _SEG_TAB
  18  0013  0300     R  	add a,_main_2[0]
  18  0014  0083        	mov mp,a
  18  0015  0F00     R  	mov a,high offset _SEG_TAB
"File: 4-7.c         Assembler  Version HGASM0202      Page 4

  18  0016  1F04        	clr sbp
  18  0017  1384        	adcm a,sbp
  18  0018              	fcall _Crom2Prom
  18  001F  009E        	mov [30],a
  18  0020  0F64        	mov a,100
  18  0021  0080     E  	mov ra,a
  18  0022              _L21:
  19  0022              #line 19 "C:\Users\YVTC\Desktop\單晶片微控制器(一)\0306\4-7.c"
  19  0022              ;# 19 "C:\Users\YVTC\Desktop\單晶片微控制器(一)\0306\4-7.c" 1
  19  0022              	IF 20000>263690
  19  0022              ;# 19 "C:\Users\YVTC\Desktop\單晶片微控制器(一)\0306\4-7.c" 1
  19  0022              	ERRMESSAGE 'the value 20000of the argument exceeds the maxinum 263690'
  19  0022              	ENDIF
  19  0022              ;# 19 "C:\Users\YVTC\Desktop\單晶片微控制器(一)\0306\4-7.c" 1
  19  0022              	IF 20000<0
  19  0022              ;# 19 "C:\Users\YVTC\Desktop\單晶片微控制器(一)\0306\4-7.c" 1
  19  0022              	ERRMESSAGE 'the value 20000 of the argument exceeds the mininum 0'
  19  0022              	ENDIF
  19  0022              ;# 19 "C:\Users\YVTC\Desktop\單晶片微控制器(一)\0306\4-7.c" 1
  19  0022              	IF 20000==0
  19  0022              ;# 19 "C:\Users\YVTC\Desktop\單晶片微控制器(一)\0306\4-7.c" 1
  19  0022              	JMP $
  19  0022              	ENDIF
  19  0022              ;# 19 "C:\Users\YVTC\Desktop\單晶片微控制器(一)\0306\4-7.c" 1
  19  0022              	IF (20000>=1) AND (20000<( 4 + __PBP__ * 2))
  19  0022              ;# 19 "C:\Users\YVTC\Desktop\單晶片微控制器(一)\0306\4-7.c" 1
  19  0022              	NOP
  19  0022              	ENDIF
  19  0022              ;# 19 "C:\Users\YVTC\Desktop\單晶片微控制器(一)\0306\4-7.c" 1
  19  0022              	IF (20000>=2) AND (20000<( 4 + __PBP__ * 2))
  19  0022              ;# 19 "C:\Users\YVTC\Desktop\單晶片微控制器(一)\0306\4-7.c" 1
  19  0022              	NOP
  19  0022              	ENDIF
  19  0022              ;# 19 "C:\Users\YVTC\Desktop\單晶片微控制器(一)\0306\4-7.c" 1
  19  0022              	IF (20000>=3) AND (20000<( 4 + __PBP__ * 2))
  19  0022              ;# 19 "C:\Users\YVTC\Desktop\單晶片微控制器(一)\0306\4-7.c" 1
  19  0022              	NOP
  19  0022              	ENDIF
  19  0022              ;# 19 "C:\Users\YVTC\Desktop\單晶片微控制器(一)\0306\4-7.c" 1
  19  0022              	IF (20000>=4) AND (20000<( 4 + __PBP__ * 2)) AND ( __PBP__ > 0 )
  19  0022              ;# 19 "C:\Users\YVTC\Desktop\單晶片微控制器(一)\0306\4-7.c" 1
  19  0022              	NOP
  19  0022              	ENDIF
  19  0022              ;# 19 "C:\Users\YVTC\Desktop\單晶片微控制器(一)\0306\4-7.c" 1
  19  0022              	IF (20000>=5) AND (20000<( 4 + __PBP__ * 2)) AND ( __PBP__ > 0 )
  19  0022              ;# 19 "C:\Users\YVTC\Desktop\單晶片微控制器(一)\0306\4-7.c" 1
  19  0022              	NOP
  19  0022              	ENDIF
  19  0022              ;# 19 "C:\Users\YVTC\Desktop\單晶片微控制器(一)\0306\4-7.c" 1
  19  0022              	IF (20000>=6) AND (20000<( 4 + __PBP__ * 2))  AND ( __PBP__ > 1 )
  19  0022              ;# 19 "C:\Users\YVTC\Desktop\單晶片微控制器(一)\0306\4-7.c" 1
  19  0022              	NOP
  19  0022              	ENDIF
  19  0022              ;# 19 "C:\Users\YVTC\Desktop\單晶片微控制器(一)\0306\4-7.c" 1
  19  0022              	IF (20000>=7) AND (20000<( 4 + __PBP__ * 2))  AND ( __PBP__ > 1 )
  19  0022              ;# 19 "C:\Users\YVTC\Desktop\單晶片微控制器(一)\0306\4-7.c" 1
  19  0022              	NOP
  19  0022              	ENDIF
  19  0022              ;# 19 "C:\Users\YVTC\Desktop\單晶片微控制器(一)\0306\4-7.c" 1
  19  0022              	IF (20000>=8) AND (20000<( 4 + __PBP__ * 2))  AND ( __PBP__ > 2 )
"File: 4-7.c         Assembler  Version HGASM0202      Page 5

  19  0022              ;# 19 "C:\Users\YVTC\Desktop\單晶片微控制器(一)\0306\4-7.c" 1
  19  0022              	NOP
  19  0022              	ENDIF
  19  0022              ;# 19 "C:\Users\YVTC\Desktop\單晶片微控制器(一)\0306\4-7.c" 1
  19  0022              	IF (20000==9)  AND ( __PBP__ > 2 )
  19  0022              ;# 19 "C:\Users\YVTC\Desktop\單晶片微控制器(一)\0306\4-7.c" 1
  19  0022              	NOP
  19  0022              	ENDIF
  19  0022              ;# 19 "C:\Users\YVTC\Desktop\單晶片微控制器(一)\0306\4-7.c" 1
  19  0022              	IF (20000< ( 8 + __PBP__ * 2)) AND (20000>( 3 + __PBP__ * 2))
  19  0022              ;# 19 "C:\Users\YVTC\Desktop\單晶片微控制器(一)\0306\4-7.c" 1
  19  0022              	fcall __DELAY3 + ( 7 + __PBP__ * 2) -20000
  19  0022              	ENDIF
  19  0022              ;# 19 "C:\Users\YVTC\Desktop\單晶片微控制器(一)\0306\4-7.c" 1
  19  0022              	IF (20000< ( 0404h + __PBP__ * 2)) AND (20000>( 7 + __PBP__ * 2))
  19  0022              ;# 19 "C:\Users\YVTC\Desktop\單晶片微控制器(一)\0306\4-7.c" 1
  19  0022              	MOV A,(20000-( 4 + __PBP__ * 2))/4
  19  0022              ;# 19 "C:\Users\YVTC\Desktop\單晶片微控制器(一)\0306\4-7.c" 1
  19  0022              	fcall __DELAYX3 + 3 -((20000-( 4 + __PBP__ * 2)) MOD 4) 
  19  0022              	ENDIF
  19  0022              ;# 19 "C:\Users\YVTC\Desktop\單晶片微控制器(一)\0306\4-7.c" 1
  19  0022              	IF (20000< ( 040bh + __PBP__ * 2)) AND (20000> ( 0403h + __PBP__ * 2))
  19  0022              ;# 19 "C:\Users\YVTC\Desktop\單晶片微控制器(一)\0306\4-7.c" 1
  19  0022              	MOV A,0 
  19  0022              ;# 19 "C:\Users\YVTC\Desktop\單晶片微控制器(一)\0306\4-7.c" 1
  19  0022              	fcall __DELAYX6 + ( 040ah + __PBP__ * 2) -20000
  19  0022              	ENDIF
  19  0022              ;# 19 "C:\Users\YVTC\Desktop\單晶片微控制器(一)\0306\4-7.c" 1
  19  0022              	IF (20000 >= ( 040bh + __PBP__ * 2)) AND ((((20000-( 9 + __PBP__ * 2))%0402h)/4+1)>256)
  19  0022              ;# 19 "C:\Users\YVTC\Desktop\單晶片微控制器(一)\0306\4-7.c" 1
  19  0022              	MOV A,(20000-( 9 + __PBP__ * 2))/0402h
  19  0022              ;# 19 "C:\Users\YVTC\Desktop\單晶片微控制器(一)\0306\4-7.c" 1
  19  0022              	MOV _builtin_holtek_delay_2,A
  19  0022              ;# 19 "C:\Users\YVTC\Desktop\單晶片微控制器(一)\0306\4-7.c" 1
  19  0022              	MOV A,0
  19  0022              ;# 19 "C:\Users\YVTC\Desktop\單晶片微控制器(一)\0306\4-7.c" 1
  19  0022              	fcall __DELAYY5 +5- (((20000-( 9 + __PBP__ * 2))%0402h)%6) 
  19  0022              	ENDIF
  19  0022              ;# 19 "C:\Users\YVTC\Desktop\單晶片微控制器(一)\0306\4-7.c" 1
  19  0022              	IF (20000 >= ( 040bh + __PBP__ * 2)) AND ((((20000-( 9 + __PBP__ * 2))%0402h)/4+1)<=256)
  19  0022              ;# 19 "C:\Users\YVTC\Desktop\單晶片微控制器(一)\0306\4-7.c" 1
  19  0022  0F13        	MOV A,(20000-( 9 + __PBP__ * 2))/0402h
  19  0023              ;# 19 "C:\Users\YVTC\Desktop\單晶片微控制器(一)\0306\4-7.c" 1
  19  0023  0080     E  	MOV _builtin_holtek_delay_2,A
  19  0024              ;# 19 "C:\Users\YVTC\Desktop\單晶片微控制器(一)\0306\4-7.c" 1
  19  0024  0F7C        	MOV A,((20000-( 9 + __PBP__ * 2))%0402h)/4+1
  19  0025              ;# 19 "C:\Users\YVTC\Desktop\單晶片微控制器(一)\0306\4-7.c" 1
  19  0025              	fcall __DELAYY3 +3-(((20000-( 9 + __PBP__ * 2))%0402h)%4) 
  19  002C              	ENDIF
  19  002C  1780     E  	sdz ra
  19  002D  2800     R  	jmp _L21
  19  002E  2800     R  	jmp _L18
  19  002F  2800     R  	jmp $
  19  0030              _main endp
  19  0030              
  19  0030              @dummy endp
  19  0030              
  19  0030              #line 19 "C:\Users\YVTC\Desktop\單晶片微控制器(一)\0306\4-7.c"
  19  0030              #pragma debug scope 1 1
  19  0030              public _SEG_TAB
"File: 4-7.c         Assembler  Version HGASM0202      Page 6

  19  0000              @crom	.section 'crom'
   6  0000              #line 6 "C:\Users\YVTC\Desktop\單晶片微控制器(一)\0306\4-7.c"
   6  0000              @crom	.section	'crom'
   6  0000              _SEG_TAB:
   6  0000              #pragma debug array 42 8 16 1
   6  0000              #pragma debug array 42 8 16 1
   6  0000              #pragma debug variable 42 1 _SEG_TAB "SEG_TAB"
   6  0000              	db 63
   6  0001              	db 6
   6  0001              	db 91
   6  0002              	db 79
   6  0002              	db 102
   6  0003              	db 109
   6  0003              	db 125
   6  0004              	db 7
   6  0004              	db 127
   6  0005              	db 103
   6  0005              	db 119
   6  0006              	db 124
   6  0006              	db 88
   6  0007              	db 94
   6  0007              	db 121
   6  0008              	db 113
   6  0008              #pragma debug struct_end
   6  0008              #pragma debug struct_end
   6  0008              #pragma debug union_end
   6  0008              #pragma debug union_end
   6  0008              #pragma debug variable 44 1 ___pd "__pd" 1
   6  0008              #pragma debug struct_end
   6  0008              #pragma debug struct_end
   6  0008              #pragma debug union_end
   6  0008              #pragma debug union_end
   6  0008              #pragma debug variable 46 1 ___pdc "__pdc" 1
   6  0008              #pragma debug struct_end
   6  0008              #pragma debug struct_end
   6  0008              #pragma debug union_end
   6  0008              #pragma debug union_end
   6  0008              #pragma debug variable 48 1 ___pepu "__pepu" 1
   6  0008              #pragma debug struct_end
   6  0008              #pragma debug struct_end
   6  0008              #pragma debug union_end
   6  0008              #pragma debug union_end
   6  0008              #pragma debug variable 50 1 ___pe "__pe" 1
   6  0008              #pragma debug struct_end
   6  0008              #pragma debug struct_end
   6  0008              #pragma debug union_end
   6  0008              #pragma debug union_end
   6  0008              #pragma debug variable 52 1 ___pec "__pec" 1
   6  0008              #pragma debug struct_end
   6  0008              #pragma debug struct_end
   6  0008              #pragma debug union_end
   6  0008              #pragma debug union_end
   6  0008              #pragma debug variable 54 1 ___wdtc "__wdtc" 1
  11  0008              #line 11 "C:\Users\YVTC\Desktop\單晶片微控制器(一)\0306\4-7.c"
  11  0000              @code .section at 0 'code'
  11  0000  1F0B        	clr bp
  11  0001  2800     R  	jmp _main_startup1
  11  0002              
  11  0002              
  11  0002              ; 
"File: 4-7.c         Assembler  Version HGASM0202      Page 7

  11  0002              ; Generated by holtek-gcc v3.18, Tue Mar 13 10:22:18 2018
  11  0002              ; Rebuild 126
  11  0002              ; end of file


        0 Errors, 0