"File: 4-8.c         Assembler  Version HGASM0202      Page 1


   1  0000              ; Generated by holtek-gcc v3.18, Tue Mar 13 11:44:26 2018
   2  0000              ; 
   3  0000              ; Configuration:
   4  0000              ;       with long instruction
   5  0000              ;       Multi-ROM, Multi-RAM
   6  0000              ;       bits_per_rom_unit:16
   7  0000              ;       with mp1
   8  0000              ;       with tbhp, address(0x9)
   9  0000              ;          Use tabrd-const
  10  0000              ;       
  11  0000              ; SFR address of long-instruction arch:
  12  0000              ;    mp0 = -1,1,0
  13  0000              ;    mp1 = 4,3,2
  14  0000              ;    mp2 = 14,13,12
  15  0000              ;    tbp = 9,7,8
  16  0000              ;    acc = 5
  17  0000              ;    pcl = 6
  18  0000              ;    status = 10
  19  0000              ;    bp = 11
  20  0000              ;    intc = 48
  21  0000              ;       
  22  0000              ;       
  23  0000              ; use 'tabrdc' instead of 'tabrd'
  24  0000              ;       
  25  0000              
  26  0000              #pragma translator "holtek-gcc 4.6.4" "3.18" "build 20130711"
  27  0000              ; Rebuild 126
  28  0000              
  29  0000              ir equ [2]
  30  0000              mp equ [3]
  31  0000              sbp equ [4]
  32  0000              acc equ [5]
  33  0000              bp equ [11]
  34  0000              tblp equ [7]
  35  0000              tbhp equ [9]
  36  0000              status equ [10]
  37  0000              c equ [10].0
  38  0000              ac equ [10].1
  39  0000              z equ [10].2
  40  0000              ov equ [10].3
  41  0000              cz equ [10].6
  42  0000              sc equ [10].7
  43  0000              intc equ [48]
  44  0000              
  45  0000              extern ra:byte
  46  0000              extern rb:byte
  47  0000              extern rc:byte
  48  0000              extern rd:byte
  49  0000              extern re:byte
  50  0000              extern rf:byte
  51  0000              extern rg:byte
  52  0000              extern rh:byte
  53  0000              extern _Crom2Prom:near
  54  0000              extern _Crom2PromNext:near
  55  0000              
  56  0000              RAMBANK 0 @BITDATASEC, @BITDATASEC1
  57  0000              @HCCINIT	.section 'data'
  58  0000              @HCCINIT0	.section 'data'
  59  0000              @BITDATASEC	 .section 'data'
"File: 4-8.ASM       Assembler  Version HGASM0202      Page 2

  60  0000              @BITDATASEC1	 .section 'data'
  61  0000              
  62  0000              #pragma debug scope 1 1
  63  0000              	extern __DELAY3:near
  64  0000              	extern __DELAYX3:near
  65  0000              	extern __DELAYX6:near
  66  0000              	extern __DELAYY5:near
  67  0000              	extern __DELAYY3:near
  68  0000              	extern _builtin_holtek_delay_2:byte
  69  0000              public _PAUSE
  70  0000              #pragma debug scope 2 1

  47  0000              #line 47 "C:\Users\YVTC\Desktop\單晶片微控制器(一)\0313\4-8.c"
  47  0000              _PAUSE .section 'code'
  47  0000              _PAUSE proc
  47  0000  00              local _PAUSE_2 db 1 dup(?)	; 0,1
  47  0000  0080     R  	mov _PAUSE_2[0],a
  47  0001              #pragma debug variable 8 2 _PAUSE_2+0 "i"
  48  0001              #line 48 "C:\Users\YVTC\Desktop\單晶片微控制器(一)\0313\4-8.c"
  48  0001  1F00     E  	clr ra
  48  0002  2800     R  	jmp _L2
  48  0003              _L3:
  48  0003              #line 48 "C:\Users\YVTC\Desktop\單晶片微控制器(一)\0313\4-8.c"
  48  0003              ;# 48 "C:\Users\YVTC\Desktop\單晶片微控制器(一)\0313\4-8.c" 1
  48  0003              	IF 20>263690
  48  0003              ;# 48 "C:\Users\YVTC\Desktop\單晶片微控制器(一)\0313\4-8.c" 1
  48  0003              	ERRMESSAGE 'the value 20of the argument exceeds the maxinum 263690'
  48  0003              	ENDIF
  48  0003              ;# 48 "C:\Users\YVTC\Desktop\單晶片微控制器(一)\0313\4-8.c" 1
  48  0003              	IF 20<0
  48  0003              ;# 48 "C:\Users\YVTC\Desktop\單晶片微控制器(一)\0313\4-8.c" 1
  48  0003              	ERRMESSAGE 'the value 20 of the argument exceeds the mininum 0'
  48  0003              	ENDIF
  48  0003              ;# 48 "C:\Users\YVTC\Desktop\單晶片微控制器(一)\0313\4-8.c" 1
  48  0003              	IF 20==0
  48  0003              ;# 48 "C:\Users\YVTC\Desktop\單晶片微控制器(一)\0313\4-8.c" 1
  48  0003              	JMP $
  48  0003              	ENDIF
  48  0003              ;# 48 "C:\Users\YVTC\Desktop\單晶片微控制器(一)\0313\4-8.c" 1
  48  0003              	IF (20>=1) AND (20<( 4 + __PBP__ * 2))
  48  0003              ;# 48 "C:\Users\YVTC\Desktop\單晶片微控制器(一)\0313\4-8.c" 1
  48  0003              	NOP
  48  0003              	ENDIF
  48  0003              ;# 48 "C:\Users\YVTC\Desktop\單晶片微控制器(一)\0313\4-8.c" 1
  48  0003              	IF (20>=2) AND (20<( 4 + __PBP__ * 2))
  48  0003              ;# 48 "C:\Users\YVTC\Desktop\單晶片微控制器(一)\0313\4-8.c" 1
  48  0003              	NOP
  48  0003              	ENDIF
  48  0003              ;# 48 "C:\Users\YVTC\Desktop\單晶片微控制器(一)\0313\4-8.c" 1
  48  0003              	IF (20>=3) AND (20<( 4 + __PBP__ * 2))
  48  0003              ;# 48 "C:\Users\YVTC\Desktop\單晶片微控制器(一)\0313\4-8.c" 1
  48  0003              	NOP
  48  0003              	ENDIF
  48  0003              ;# 48 "C:\Users\YVTC\Desktop\單晶片微控制器(一)\0313\4-8.c" 1
  48  0003              	IF (20>=4) AND (20<( 4 + __PBP__ * 2)) AND ( __PBP__ > 0 )
  48  0003              ;# 48 "C:\Users\YVTC\Desktop\單晶片微控制器(一)\0313\4-8.c" 1
  48  0003              	NOP
  48  0003              	ENDIF
  48  0003              ;# 48 "C:\Users\YVTC\Desktop\單晶片微控制器(一)\0313\4-8.c" 1
  48  0003              	IF (20>=5) AND (20<( 4 + __PBP__ * 2)) AND ( __PBP__ > 0 )
"File: 4-8.c         Assembler  Version HGASM0202      Page 3

  48  0003              ;# 48 "C:\Users\YVTC\Desktop\單晶片微控制器(一)\0313\4-8.c" 1
  48  0003              	NOP
  48  0003              	ENDIF
  48  0003              ;# 48 "C:\Users\YVTC\Desktop\單晶片微控制器(一)\0313\4-8.c" 1
  48  0003              	IF (20>=6) AND (20<( 4 + __PBP__ * 2))  AND ( __PBP__ > 1 )
  48  0003              ;# 48 "C:\Users\YVTC\Desktop\單晶片微控制器(一)\0313\4-8.c" 1
  48  0003              	NOP
  48  0003              	ENDIF
  48  0003              ;# 48 "C:\Users\YVTC\Desktop\單晶片微控制器(一)\0313\4-8.c" 1
  48  0003              	IF (20>=7) AND (20<( 4 + __PBP__ * 2))  AND ( __PBP__ > 1 )
  48  0003              ;# 48 "C:\Users\YVTC\Desktop\單晶片微控制器(一)\0313\4-8.c" 1
  48  0003              	NOP
  48  0003              	ENDIF
  48  0003              ;# 48 "C:\Users\YVTC\Desktop\單晶片微控制器(一)\0313\4-8.c" 1
  48  0003              	IF (20>=8) AND (20<( 4 + __PBP__ * 2))  AND ( __PBP__ > 2 )
  48  0003              ;# 48 "C:\Users\YVTC\Desktop\單晶片微控制器(一)\0313\4-8.c" 1
  48  0003              	NOP
  48  0003              	ENDIF
  48  0003              ;# 48 "C:\Users\YVTC\Desktop\單晶片微控制器(一)\0313\4-8.c" 1
  48  0003              	IF (20==9)  AND ( __PBP__ > 2 )
  48  0003              ;# 48 "C:\Users\YVTC\Desktop\單晶片微控制器(一)\0313\4-8.c" 1
  48  0003              	NOP
  48  0003              	ENDIF
  48  0003              ;# 48 "C:\Users\YVTC\Desktop\單晶片微控制器(一)\0313\4-8.c" 1
  48  0003              	IF (20< ( 8 + __PBP__ * 2)) AND (20>( 3 + __PBP__ * 2))
  48  0003              ;# 48 "C:\Users\YVTC\Desktop\單晶片微控制器(一)\0313\4-8.c" 1
  48  0003              	fcall __DELAY3 + ( 7 + __PBP__ * 2) -20
  48  0003              	ENDIF
  48  0003              ;# 48 "C:\Users\YVTC\Desktop\單晶片微控制器(一)\0313\4-8.c" 1
  48  0003              	IF (20< ( 0404h + __PBP__ * 2)) AND (20>( 7 + __PBP__ * 2))
  48  0003              ;# 48 "C:\Users\YVTC\Desktop\單晶片微控制器(一)\0313\4-8.c" 1
  48  0003  0F03        	MOV A,(20-( 4 + __PBP__ * 2))/4
  48  0004              ;# 48 "C:\Users\YVTC\Desktop\單晶片微控制器(一)\0313\4-8.c" 1
  48  0004              	fcall __DELAYX3 + 3 -((20-( 4 + __PBP__ * 2)) MOD 4) 
  48  000B              	ENDIF
  48  000B              ;# 48 "C:\Users\YVTC\Desktop\單晶片微控制器(一)\0313\4-8.c" 1
  48  000B              	IF (20< ( 040bh + __PBP__ * 2)) AND (20> ( 0403h + __PBP__ * 2))
  48  000B              ;# 48 "C:\Users\YVTC\Desktop\單晶片微控制器(一)\0313\4-8.c" 1
  48  000B              	MOV A,0 
  48  000B              ;# 48 "C:\Users\YVTC\Desktop\單晶片微控制器(一)\0313\4-8.c" 1
  48  000B              	fcall __DELAYX6 + ( 040ah + __PBP__ * 2) -20
  48  000B              	ENDIF
  48  000B              ;# 48 "C:\Users\YVTC\Desktop\單晶片微控制器(一)\0313\4-8.c" 1
  48  000B              	IF (20 >= ( 040bh + __PBP__ * 2)) AND ((((20-( 9 + __PBP__ * 2))%0402h)/4+1)>256)
  48  000B              ;# 48 "C:\Users\YVTC\Desktop\單晶片微控制器(一)\0313\4-8.c" 1
  48  000B              	MOV A,(20-( 9 + __PBP__ * 2))/0402h
  48  000B              ;# 48 "C:\Users\YVTC\Desktop\單晶片微控制器(一)\0313\4-8.c" 1
  48  000B              	MOV _builtin_holtek_delay_2,A
  48  000B              ;# 48 "C:\Users\YVTC\Desktop\單晶片微控制器(一)\0313\4-8.c" 1
  48  000B              	MOV A,0
  48  000B              ;# 48 "C:\Users\YVTC\Desktop\單晶片微控制器(一)\0313\4-8.c" 1
  48  000B              	fcall __DELAYY5 +5- (((20-( 9 + __PBP__ * 2))%0402h)%6) 
  48  000B              	ENDIF
  48  000B              ;# 48 "C:\Users\YVTC\Desktop\單晶片微控制器(一)\0313\4-8.c" 1
  48  000B              	IF (20 >= ( 040bh + __PBP__ * 2)) AND ((((20-( 9 + __PBP__ * 2))%0402h)/4+1)<=256)
  48  000B              ;# 48 "C:\Users\YVTC\Desktop\單晶片微控制器(一)\0313\4-8.c" 1
  48  000B              	MOV A,(20-( 9 + __PBP__ * 2))/0402h
  48  000B              ;# 48 "C:\Users\YVTC\Desktop\單晶片微控制器(一)\0313\4-8.c" 1
  48  000B              	MOV _builtin_holtek_delay_2,A
  48  000B              ;# 48 "C:\Users\YVTC\Desktop\單晶片微控制器(一)\0313\4-8.c" 1
"File: 4-8.c         Assembler  Version HGASM0202      Page 4

  48  000B              	MOV A,((20-( 9 + __PBP__ * 2))%0402h)/4+1
  48  000B              ;# 48 "C:\Users\YVTC\Desktop\單晶片微控制器(一)\0313\4-8.c" 1
  48  000B              	fcall __DELAYY3 +3-(((20-( 9 + __PBP__ * 2))%0402h)%4) 
  48  000B              	ENDIF
  48  000B  1480     E  	inc ra
  48  000C              _L2:
  48  000C  0700     E  	mov a,ra
  48  000D  0200     R  	sub a,_PAUSE_2[0]
  48  000E  390A        	snz z
  48  000F  2800     R  	jmp _L3
  48  0010  0003        	ret
  48  0011              _PAUSE endp
  48  0011              #line 48 "C:\Users\YVTC\Desktop\單晶片微控制器(一)\0313\4-8.c"
  48  0011              #pragma debug scope 1 1
  48  0011              ___pec equ [35]
  48  0011              ___pepu equ [33]
  48  0011              ___pe equ [34]
  48  0011              public _ScanKey
  48  0011              #pragma debug scope 3 1
  52  0011              #line 52 "C:\Users\YVTC\Desktop\單晶片微控制器(一)\0313\4-8.c"
  52  0000              _ScanKey .section 'code'
  52  0000              _ScanKey proc
  53  0000              #line 53 "C:\Users\YVTC\Desktop\單晶片微控制器(一)\0313\4-8.c"
  53  0000  0FF0        	mov a,240
  53  0001  00A3        	mov [35],a
  53  0002  0FF0        	mov a,240
  53  0003  00A1        	mov [33],a
  54  0004              #line 54 "C:\Users\YVTC\Desktop\單晶片微控制器(一)\0313\4-8.c"
  54  0004  0FFE        	mov a,254
  54  0005  00A2        	mov [34],a
  52  0006              #line 52 "C:\Users\YVTC\Desktop\單晶片微控制器(一)\0313\4-8.c"
  52  0006  1F00     E  	clr ra
  52  0007              _L10:
  56  0007              #line 56 "C:\Users\YVTC\Desktop\單晶片微控制器(一)\0313\4-8.c"
  56  0007  3A22        	snz [34].4
  56  0008  2800     R  	jmp _L6
  58  0009              #line 58 "C:\Users\YVTC\Desktop\單晶片微控制器(一)\0313\4-8.c"
  58  0009  3EA2        	sz [34].5
  58  000A  2800     R  	jmp _L7
  57  000B              #line 57 "C:\Users\YVTC\Desktop\單晶片微控制器(一)\0313\4-8.c"
  57  000B  1480     E  	inc ra
  57  000C  2800     R  	jmp _L6
  57  000D              _L7:
  60  000D              #line 60 "C:\Users\YVTC\Desktop\單晶片微控制器(一)\0313\4-8.c"
  60  000D  3F22        	sz [34].6
  60  000E  2800     R  	jmp _L8
  59  000F              #line 59 "C:\Users\YVTC\Desktop\單晶片微控制器(一)\0313\4-8.c"
  59  000F  0F02        	mov a,2
  59  0010  0380     E  	addm a,ra
  59  0011  2800     R  	jmp _L6
  59  0012              _L8:
  62  0012              #line 62 "C:\Users\YVTC\Desktop\單晶片微控制器(一)\0313\4-8.c"
  62  0012  3FA2        	sz [34].7
  62  0013  2800     R  	jmp _L9
  61  0014              #line 61 "C:\Users\YVTC\Desktop\單晶片微控制器(一)\0313\4-8.c"
  61  0014  0F03        	mov a,3
  61  0015  0380     E  	addm a,ra
  61  0016  2800     R  	jmp _L6
  61  0017              _L9:
  63  0017              #line 63 "C:\Users\YVTC\Desktop\單晶片微控制器(一)\0313\4-8.c"
"File: 4-8.c         Assembler  Version HGASM0202      Page 5

  63  0017  0F04        	mov a,4
  63  0018  0380     E  	addm a,ra
  64  0019              #line 64 "C:\Users\YVTC\Desktop\單晶片微控制器(一)\0313\4-8.c"
  64  0019  0722        	mov a,[34]
  64  001A  03A2        	addm a,[34]
  64  001B  3022        	set [34].0
  55  001C              #line 55 "C:\Users\YVTC\Desktop\單晶片微控制器(一)\0313\4-8.c"
  55  001C  0700     E  	mov a,ra
  55  001D  0A10        	sub a,16
  55  001E  390A        	snz z
  55  001F  2800     R  	jmp _L10
  55  0020              _L6:
  67  0020              #line 67 "C:\Users\YVTC\Desktop\單晶片微控制器(一)\0313\4-8.c"
  67  0020  0700     E  	mov a,ra
  67  0021  0003        	ret
  67  0022              _ScanKey endp
  67  0022              #line 67 "C:\Users\YVTC\Desktop\單晶片微控制器(一)\0313\4-8.c"
  67  0022              #pragma debug scope 1 1
  67  0022              ___wdtc equ [62]
  67  0022              ___pcc equ [27]
  67  0022              ___pc equ [26]
  67  0022              public _main
  67  0022              #pragma debug scope 4 1
  29  0022              #line 29 "C:\Users\YVTC\Desktop\單晶片微控制器(一)\0313\4-8.c"
  29  0022              IFDEF WITH_DEFAULT_STARTUP
  29  0022              extern _main_initial0:near
  29  0022              extern _main_startup:near
  29  0022              ENDIF
  29  0022              
  29  0022              ROMBANK 0 @start
  29  0000              @start .section com_l 'code'
  29  0000              _main_startup1:
  29  0000              @start .section com_e 'code'
  29  0000  0F00     R  	mov a,bank _main
  29  0001  008B        	mov bp,a
  29  0002  2800     R  	jmp _main
  29  0003              
  29  0000              _main .section 'code'
  29  0000              _main proc
  29  0000  0003[           local _main_2 db 3 dup(?)
            00
            ]
  29  0003              #pragma debug variable 8 4 _main_2+2 "Key"
  29  0003              #pragma debug variable 10 4 _main_2+0 "j"
  31  0003              #line 31 "C:\Users\YVTC\Desktop\單晶片微控制器(一)\0313\4-8.c"
  31  0000  0FAF        	mov a,175
  31  0001  00BE        	mov [62],a
  32  0002              #line 32 "C:\Users\YVTC\Desktop\單晶片微控制器(一)\0313\4-8.c"
  32  0002  361B        	clr [27].4
  32  0003              _L20:
  35  0003              #line 35 "C:\Users\YVTC\Desktop\單晶片微控制器(一)\0313\4-8.c"
  35  0003              	fcall _ScanKey
  35  000A  0080     R  	mov _main_2[2],a
  35  000B  0700     R  	mov a,_main_2[2]
  35  000C  0A10        	sub a,16
  35  000D  3D0A        	sz z
  35  000E  2800     R  	jmp _L20
  35  000F  1F00     R  	clr _main_2[0]
  35  0010  1F00     R  	clr _main_2[1]
  35  0011              _L19:
"File: 4-8.c         Assembler  Version HGASM0202      Page 6

  37  0011              #line 37 "C:\Users\YVTC\Desktop\單晶片微控制器(一)\0313\4-8.c"
  37  0011  0700     R  	mov a,_main_2[2]
  37  0012  0080     E  	mov rb,a
  37  0013  1F00     E  	clr rc
  37  0014  340A        	clr c
  37  0015  1A00     E  	rlca rb
  37  0016  0080     E  	mov rd,a
  37  0017  1A00     E  	rlca rc
  37  0018  0080     E  	mov re,a
  37  0019  0F00     R  	mov a,low offset _TAB_Duration
  37  001A  0300     E  	add a,rd
  37  001B  0083        	mov mp,a
  37  001C  0F00     R  	mov a,high offset _TAB_Duration
  37  001D  1300     E  	adc a,re
  37  001E  0084        	mov sbp,a
  37  001F              	fcall _Crom2Prom
  37  0026  0080     E  	mov rd,a
  37  0027              	fcall _Crom2PromNext
  37  002E  0080     E  	mov re,a
  37  002F  0700     R  	mov a,_main_2[0]
  37  0030  0200     E  	sub a,rd
  37  0031  0700     R  	mov a,_main_2[1]
  37  0032  1200     E  	sbc a,re
  37  0033  3C0A        	sz c
  37  0034  2800     R  	jmp _L20
  38  0035              #line 38 "C:\Users\YVTC\Desktop\單晶片微控制器(一)\0313\4-8.c"
  38  0035  111A        	swapa [26]
  38  0036  0E0F        	and a,0fh
  38  0037  0080     E  	mov ra,a
  38  0038  0F01        	mov a,1
  38  0039  0480     E  	xorm a,ra
  38  003A  0F01        	mov a,1
  38  003B  0680     E  	andm a,ra
  38  003C  1100     E  	swapa ra
  38  003D  0EF0        	and a,0f0h 
  38  003E  0080     E  	mov ra,a
  38  003F  361A        	clr [26].4
  38  0040  0700     E  	mov a,ra
  38  0041  059A        	orm a,[26]
  40  0042              #line 40 "C:\Users\YVTC\Desktop\單晶片微控制器(一)\0313\4-8.c"
  40  0042  0F00     R  	mov a,low offset _TAB_Pitch
  40  0043  0300     E  	add a,rb
  40  0044  0083        	mov mp,a
  40  0045  0F00     R  	mov a,high offset _TAB_Pitch
  40  0046  1300     E  	adc a,rc
  40  0047  0084        	mov sbp,a
  40  0048              	fcall _Crom2Prom
  40  004F              	fcall _PAUSE
  37  0056              #line 37 "C:\Users\YVTC\Desktop\單晶片微控制器(一)\0313\4-8.c"
  37  0056  1480     R  	inc _main_2[0]
  37  0057  3D0A        	sz z
  37  0058  1480     R  	inc _main_2[1]
  37  0059  2800     R  	jmp _L19
  37  005A  2800     R  	jmp $
  37  005B              _main endp
  37  005B              
  37  005B              @dummy endp
  37  005B              
  37  005B              #line 37 "C:\Users\YVTC\Desktop\單晶片微控制器(一)\0313\4-8.c"
  37  005B              #pragma debug scope 1 1
"File: 4-8.c         Assembler  Version HGASM0202      Page 7

  37  005B              public _TAB_Duration
  37  0000              @crom	.section 'crom'
  21  0000              #line 21 "C:\Users\YVTC\Desktop\單晶片微控制器(一)\0313\4-8.c"
  21  0000              @crom	.section	'crom'
  21  0000              _TAB_Duration:
  21  0000              #pragma debug array 42 12 16 1
  21  0000              #pragma debug array 42 12 16 1
  21  0000              #pragma debug variable 42 1 _TAB_Duration "TAB_Duration"
  21  0000  0105        	dc 261
  21  0001  0125        	dc 293
  21  0002  0149        	dc 329
  21  0003  015D        	dc 349
  21  0004  0188        	dc 392
  21  0005  01B8        	dc 440
  21  0006  01EE        	dc 494
  21  0007  020B        	dc 523
  21  0008  0082        	dc 130
  21  0009  0092        	dc 146
  21  000A  00A4        	dc 164
  21  000B  00AE        	dc 174
  21  000C  00C4        	dc 196
  21  000D  00DC        	dc 220
  21  000E  00F7        	dc 247
  21  000F  0105        	dc 261
  21  0010              public _TAB_Pitch
  12  0010              #line 12 "C:\Users\YVTC\Desktop\單晶片微控制器(一)\0313\4-8.c"
  12  0010              @crom	.section	'crom'
  12  0010              _TAB_Pitch:
  12  0010              #pragma debug array 43 8 16 1
  12  0010              #pragma debug array 43 8 16 1
  12  0010              #pragma debug variable 43 1 _TAB_Pitch "TAB_Pitch"
  12  0010              	db 95
  12  0011              	db 85
  12  0011              	db 75
  12  0012              	db 71
  12  0012              	db 63
  12  0013              	db 56
  12  0013              	db 50
  12  0014              	db 47
  12  0014              	db 47
  12  0015              	db 42
  12  0015              	db 37
  12  0016              	db 35
  12  0016              	db 31
  12  0017              	db 28
  12  0017              	db 25
  12  0018              	db 23
  12  0018              #pragma debug struct_end
  12  0018              #pragma debug struct_end
  12  0018              #pragma debug union_end
  12  0018              #pragma debug union_end
  12  0018              #pragma debug variable 45 1 ___pc "__pc" 1
  12  0018              #pragma debug struct_end
  12  0018              #pragma debug struct_end
  12  0018              #pragma debug union_end
  12  0018              #pragma debug union_end
  12  0018              #pragma debug variable 47 1 ___pcc "__pcc" 1
  12  0018              #pragma debug struct_end
  12  0018              #pragma debug struct_end
  12  0018              #pragma debug union_end
"File: 4-8.c         Assembler  Version HGASM0202      Page 8

  12  0018              #pragma debug union_end
  12  0018              #pragma debug variable 49 1 ___pepu "__pepu" 1
  12  0018              #pragma debug struct_end
  12  0018              #pragma debug struct_end
  12  0018              #pragma debug union_end
  12  0018              #pragma debug union_end
  12  0018              #pragma debug variable 51 1 ___pe "__pe" 1
  12  0018              #pragma debug struct_end
  12  0018              #pragma debug struct_end
  12  0018              #pragma debug union_end
  12  0018              #pragma debug union_end
  12  0018              #pragma debug variable 53 1 ___pec "__pec" 1
  12  0018              #pragma debug struct_end
  12  0018              #pragma debug struct_end
  12  0018              #pragma debug union_end
  12  0018              #pragma debug union_end
  12  0018              #pragma debug variable 55 1 ___wdtc "__wdtc" 1
  29  0018              #line 29 "C:\Users\YVTC\Desktop\單晶片微控制器(一)\0313\4-8.c"
  29  0000              @code .section at 0 'code'
  29  0000  1F0B        	clr bp
  29  0001  2800     R  	jmp _main_startup1
  29  0002              
  29  0002              
  29  0002              ; 
  29  0002              ; Generated by holtek-gcc v3.18, Tue Mar 13 11:44:26 2018
  29  0002              ; Rebuild 126
  29  0002              ; end of file


        0 Errors, 0