"File: 4-9.c         Assembler  Version HGASM0202      Page 1


   1  0000              ; Generated by holtek-gcc v3.18, Tue Mar 13 15:46:15 2018
   2  0000              ; 
   3  0000              ; Configuration:
   4  0000              ;       with long instruction
   5  0000              ;       Multi-ROM, Multi-RAM
   6  0000              ;       bits_per_rom_unit:16
   7  0000              ;       with mp1
   8  0000              ;       with tbhp, address(0x9)
   9  0000              ;          Use tabrd-const
  10  0000              ;       
  11  0000              ; SFR address of long-instruction arch:
  12  0000              ;    mp0 = -1,1,0
  13  0000              ;    mp1 = 4,3,2
  14  0000              ;    mp2 = 14,13,12
  15  0000              ;    tbp = 9,7,8
  16  0000              ;    acc = 5
  17  0000              ;    pcl = 6
  18  0000              ;    status = 10
  19  0000              ;    bp = 11
  20  0000              ;    intc = 48
  21  0000              ;       
  22  0000              ;       
  23  0000              ; use 'tabrdc' instead of 'tabrd'
  24  0000              ;       
  25  0000              
  26  0000              #pragma translator "holtek-gcc 4.6.4" "3.18" "build 20130711"
  27  0000              ; Rebuild 126
  28  0000              
  29  0000              ir equ [2]
  30  0000              mp equ [3]
  31  0000              sbp equ [4]
  32  0000              acc equ [5]
  33  0000              bp equ [11]
  34  0000              tblp equ [7]
  35  0000              tbhp equ [9]
  36  0000              status equ [10]
  37  0000              c equ [10].0
  38  0000              ac equ [10].1
  39  0000              z equ [10].2
  40  0000              ov equ [10].3
  41  0000              cz equ [10].6
  42  0000              sc equ [10].7
  43  0000              intc equ [48]
  44  0000              
  45  0000              extern ra:byte
  46  0000              extern rb:byte
  47  0000              extern rc:byte
  48  0000              extern rd:byte
  49  0000              extern re:byte
  50  0000              extern rf:byte
  51  0000              extern rg:byte
  52  0000              extern rh:byte
  53  0000              extern _Crom2Prom:near
  54  0000              extern _Crom2PromNext:near
  55  0000              
  56  0000              RAMBANK 0 @BITDATASEC, @BITDATASEC1
  57  0000              @HCCINIT	.section 'data'
  58  0000              @HCCINIT0	.section 'data'
  59  0000              @BITDATASEC	 .section 'data'
"File: 4-9.ASM       Assembler  Version HGASM0202      Page 2

  60  0000              @BITDATASEC1	 .section 'data'
  61  0000              
  62  0000              #pragma debug scope 1 1
  63  0000              	extern __DELAY3:near
  64  0000              	extern __DELAYX3:near
  65  0000              	extern __DELAYX6:near
  66  0000              	extern __DELAYY5:near
  67  0000              	extern __DELAYY3:near
  68  0000              	extern _builtin_holtek_delay_2:byte
  69  0000              ___tm0c0 equ [94]
  70  0000              ___mfi0 equ [52]
  71  0000              public _PAUSE
  72  0000              #pragma debug scope 2 1

  25  0000              #line 25 "C:\Users\YVTC\Desktop\單晶片微控制器(一)\0313\4-9.c"
  25  0000              _PAUSE .section 'code'
  25  0000              _PAUSE proc
  26  0000              #line 26 "C:\Users\YVTC\Desktop\單晶片微控制器(一)\0313\4-9.c"
  26  0000  31DE        	set [94].3
  26  0001  0FF4        	mov a,-12
  26  0002  0080     E  	mov rb,a
  26  0003  0F01        	mov a,1
  26  0004  0080     E  	mov rc,a
  26  0005              _L3:
  28  0005              #line 28 "C:\Users\YVTC\Desktop\單晶片微控制器(一)\0313\4-9.c"
  28  0005  3AB4        	snz [52].5
  28  0006  2800     R  	jmp _L3
  29  0007              #line 29 "C:\Users\YVTC\Desktop\單晶片微控制器(一)\0313\4-9.c"
  29  0007  36B4        	clr [52].5
  29  0008  0FFF        	mov a,255
  29  0009  0380     E  	addm a,rb
  29  000A  0FFF        	mov a,255
  29  000B  1380     E  	adcm a,rc
  27  000C              #line 27 "C:\Users\YVTC\Desktop\單晶片微控制器(一)\0313\4-9.c"
  27  000C  0700     E  	mov a,rb
  27  000D  0500     E  	or a,rc
  27  000E  390A        	snz z
  27  000F  2800     R  	jmp _L3
  31  0010              #line 31 "C:\Users\YVTC\Desktop\單晶片微控制器(一)\0313\4-9.c"
  31  0010  35DE        	clr [94].3
  31  0011  0003        	ret
  31  0012              _PAUSE endp
  31  0012              #line 31 "C:\Users\YVTC\Desktop\單晶片微控制器(一)\0313\4-9.c"
  31  0012              #pragma debug scope 1 1
  31  0012              ___wdtc equ [62]
  31  0012              ___pdc equ [31]
  31  0012              ___tm0c1 equ [95]
  31  0012              ___tm0al equ [98]
  31  0012              ___tm0ah equ [99]
  31  0012              ___pd equ [30]
  31  0012              public _main
  31  0012              #pragma debug scope 3 1
  11  0012              #line 11 "C:\Users\YVTC\Desktop\單晶片微控制器(一)\0313\4-9.c"
  11  0012              IFDEF WITH_DEFAULT_STARTUP
  11  0012              extern _main_initial0:near
  11  0012              extern _main_startup:near
  11  0012              ENDIF
  11  0012              
  11  0012              ROMBANK 0 @start
  11  0000              @start .section com_l 'code'
"File: 4-9.c         Assembler  Version HGASM0202      Page 3

  11  0000              _main_startup1:
  11  0000              @start .section com_e 'code'
  11  0000  0F00     R  	mov a,bank _main
  11  0001  008B        	mov bp,a
  11  0002  2800     R  	jmp _main
  11  0003              
  11  0000              _main .section 'code'
  11  0000              _main proc
  11  0000  00              local _main_2 db 1 dup(?)
  11  0001              #pragma debug variable 8 3 _main_2+0 "i"
  12  0001              #line 12 "C:\Users\YVTC\Desktop\單晶片微控制器(一)\0313\4-9.c"
  12  0000  0FAF        	mov a,175
  12  0001  00BE        	mov [62],a
  13  0002              #line 13 "C:\Users\YVTC\Desktop\單晶片微控制器(一)\0313\4-9.c"
  13  0002  1F1F        	clr [31]
  14  0003              #line 14 "C:\Users\YVTC\Desktop\單晶片微控制器(一)\0313\4-9.c"
  14  0003  0F20        	mov a,32
  14  0004  00DE        	mov [94],a
  15  0005              #line 15 "C:\Users\YVTC\Desktop\單晶片微控制器(一)\0313\4-9.c"
  15  0005  0FC1        	mov a,193
  15  0006  00DF        	mov [95],a
  16  0007              #line 16 "C:\Users\YVTC\Desktop\單晶片微控制器(一)\0313\4-9.c"
  16  0007  0FE8        	mov a,232
  16  0008  00E2        	mov [98],a
  16  0009  0F03        	mov a,3
  16  000A  00E3        	mov [99],a
  16  000B              _L10:
  18  000B              #line 18 "C:\Users\YVTC\Desktop\單晶片微控制器(一)\0313\4-9.c"
  18  000B  1F00     R  	clr _main_2[0]
  18  000C              _L8:
  19  000C              #line 19 "C:\Users\YVTC\Desktop\單晶片微控制器(一)\0313\4-9.c"
  19  000C  0F00     R  	mov a,low offset _SEG_TAB
  19  000D  0300     R  	add a,_main_2[0]
  19  000E  0083        	mov mp,a
  19  000F  0F00     R  	mov a,high offset _SEG_TAB
  19  0010  1F04        	clr sbp
  19  0011  1384        	adcm a,sbp
  19  0012              	fcall _Crom2Prom
  19  0019  009E        	mov [30],a
  20  001A              #line 20 "C:\Users\YVTC\Desktop\單晶片微控制器(一)\0313\4-9.c"
  20  001A              	fcall _PAUSE
  18  0021              #line 18 "C:\Users\YVTC\Desktop\單晶片微控制器(一)\0313\4-9.c"
  18  0021  1480     R  	inc _main_2[0]
  18  0022  0F09        	mov a,9
  18  0023  0200     R  	sub a,_main_2[0]
  18  0024  3C0A        	sz c
  18  0025  2800     R  	jmp _L8
  18  0026  2800     R  	jmp _L10
  18  0027  2800     R  	jmp $
  18  0028              _main endp
  18  0028              
  18  0028              @dummy endp
  18  0028              
  18  0028              #line 18 "C:\Users\YVTC\Desktop\單晶片微控制器(一)\0313\4-9.c"
  18  0028              #pragma debug scope 1 1
  18  0028              public _SEG_TAB
  18  0000              @crom	.section 'crom'
   7  0000              #line 7 "C:\Users\YVTC\Desktop\單晶片微控制器(一)\0313\4-9.c"
   7  0000              @crom	.section	'crom'
   7  0000              _SEG_TAB:
"File: 4-9.c         Assembler  Version HGASM0202      Page 4

   7  0000              #pragma debug array 42 8 10 1
   7  0000              #pragma debug array 42 8 10 1
   7  0000              #pragma debug variable 42 1 _SEG_TAB "SEG_TAB"
   7  0000              	db 63
   7  0001              	db 6
   7  0001              	db 91
   7  0002              	db 79
   7  0002              	db 102
   7  0003              	db 109
   7  0003              	db 125
   7  0004              	db 7
   7  0004              	db 127
   7  0005              	db 103
   7  0005              #pragma debug struct_end
   7  0005              #pragma debug struct_end
   7  0005              #pragma debug union_end
   7  0005              #pragma debug union_end
   7  0005              #pragma debug variable 44 1 ___pd "__pd" 1
   7  0005              #pragma debug struct_end
   7  0005              #pragma debug struct_end
   7  0005              #pragma debug union_end
   7  0005              #pragma debug union_end
   7  0005              #pragma debug variable 46 1 ___pdc "__pdc" 1
   7  0005              #pragma debug struct_end
   7  0005              #pragma debug struct_end
   7  0005              #pragma debug union_end
   7  0005              #pragma debug union_end
   7  0005              #pragma debug variable 48 1 ___mfi0 "__mfi0" 1
   7  0005              #pragma debug struct_end
   7  0005              #pragma debug struct_end
   7  0005              #pragma debug union_end
   7  0005              #pragma debug union_end
   7  0005              #pragma debug variable 50 1 ___wdtc "__wdtc" 1
   7  0005              #pragma debug struct_end
   7  0005              #pragma debug struct_end
   7  0005              #pragma debug union_end
   7  0005              #pragma debug union_end
   7  0005              #pragma debug variable 52 1 ___tm0c0 "__tm0c0" 1
   7  0005              #pragma debug struct_end
   7  0005              #pragma debug struct_end
   7  0005              #pragma debug union_end
   7  0005              #pragma debug union_end
   7  0005              #pragma debug variable 54 1 ___tm0c1 "__tm0c1" 1
   7  0005              #pragma debug variable 8 1 ___tm0al "__tm0al" 1
   7  0005              #pragma debug variable 8 1 ___tm0ah "__tm0ah" 1
  11  0005              #line 11 "C:\Users\YVTC\Desktop\單晶片微控制器(一)\0313\4-9.c"
  11  0000              @code .section at 0 'code'
  11  0000  1F0B        	clr bp
  11  0001  2800     R  	jmp _main_startup1
  11  0002              
  11  0002              
  11  0002              ; 
  11  0002              ; Generated by holtek-gcc v3.18, Tue Mar 13 15:46:15 2018
  11  0002              ; Rebuild 126
  11  0002              ; end of file


        0 Errors, 0