"File: 5-1.c         Assembler  Version HGASM0202      Page 1


   1  0000              ; Generated by holtek-gcc v3.18, Tue Apr 17 11:49:37 2018
   2  0000              ; 
   3  0000              ; Configuration:
   4  0000              ;       with long instruction
   5  0000              ;       Multi-ROM, Multi-RAM
   6  0000              ;       bits_per_rom_unit:16
   7  0000              ;       with mp1
   8  0000              ;       with tbhp, address(0x9)
   9  0000              ;          Use tabrd-const
  10  0000              ;       
  11  0000              ; SFR address of long-instruction arch:
  12  0000              ;    mp0 = -1,1,0
  13  0000              ;    mp1 = 4,3,2
  14  0000              ;    mp2 = 14,13,12
  15  0000              ;    tbp = 9,7,8
  16  0000              ;    acc = 5
  17  0000              ;    pcl = 6
  18  0000              ;    status = 10
  19  0000              ;    bp = 11
  20  0000              ;    intc = 48
  21  0000              ;       
  22  0000              ;       
  23  0000              ; use 'tabrdc' instead of 'tabrd'
  24  0000              ;       
  25  0000              
  26  0000              #pragma translator "holtek-gcc 4.6.4" "3.18" "build 20130711"
  27  0000              ; Rebuild 126
  28  0000              
  29  0000              ir equ [2]
  30  0000              mp equ [3]
  31  0000              sbp equ [4]
  32  0000              acc equ [5]
  33  0000              bp equ [11]
  34  0000              tblp equ [7]
  35  0000              tbhp equ [9]
  36  0000              status equ [10]
  37  0000              c equ [10].0
  38  0000              ac equ [10].1
  39  0000              z equ [10].2
  40  0000              ov equ [10].3
  41  0000              cz equ [10].6
  42  0000              sc equ [10].7
  43  0000              intc equ [48]
  44  0000              
  45  0000              extern ra:byte
  46  0000              extern rb:byte
  47  0000              extern rc:byte
  48  0000              extern rd:byte
  49  0000              extern re:byte
  50  0000              extern rf:byte
  51  0000              extern rg:byte
  52  0000              extern rh:byte
  53  0000              extern _Crom2Prom:near
  54  0000              extern _Crom2PromNext:near
  55  0000              
  56  0000              RAMBANK 0 @BITDATASEC, @BITDATASEC1
  57  0000              @HCCINIT	.section 'data'
  58  0000              @HCCINIT0	.section 'data'
  59  0000              @BITDATASEC	 .section 'data'
"File: 5-1.ASM       Assembler  Version HGASM0202      Page 2

  60  0000              @BITDATASEC1	 .section 'data'
  61  0000              
  62  0000              #pragma debug scope 1 1
  63  0000              	extern __DELAY3:near
  64  0000              	extern __DELAYX3:near
  65  0000              	extern __DELAYX6:near
  66  0000              	extern __DELAYY5:near
  67  0000              	extern __DELAYY3:near
  68  0000              	extern _builtin_holtek_delay_2:byte
  69  0000              public _PAUSE
  70  0000              #pragma debug scope 2 1

  57  0000              #line 57 "C:\Users\YVTC\Desktop\單晶片微控制器(一)\0417\5-1.c"
  57  0000              _PAUSE .section 'code'
  57  0000              _PAUSE proc
  57  0000  00              local _PAUSE_2 db 1 dup(?)	; 0,1
  57  0000  0080     R  	mov _PAUSE_2[0],a
  57  0001              #pragma debug variable 8 2 _PAUSE_2+0 "i"
  58  0001              #line 58 "C:\Users\YVTC\Desktop\單晶片微控制器(一)\0417\5-1.c"
  58  0001  1F00     E  	clr ra
  58  0002  2800     R  	jmp _L2
  58  0003              _L3:
  58  0003              #line 58 "C:\Users\YVTC\Desktop\單晶片微控制器(一)\0417\5-1.c"
  58  0003              ;# 58 "C:\Users\YVTC\Desktop\單晶片微控制器(一)\0417\5-1.c" 1
  58  0003              	IF 20000>263690
  58  0003              ;# 58 "C:\Users\YVTC\Desktop\單晶片微控制器(一)\0417\5-1.c" 1
  58  0003              	ERRMESSAGE 'the value 20000of the argument exceeds the maxinum 263690'
  58  0003              	ENDIF
  58  0003              ;# 58 "C:\Users\YVTC\Desktop\單晶片微控制器(一)\0417\5-1.c" 1
  58  0003              	IF 20000<0
  58  0003              ;# 58 "C:\Users\YVTC\Desktop\單晶片微控制器(一)\0417\5-1.c" 1
  58  0003              	ERRMESSAGE 'the value 20000 of the argument exceeds the mininum 0'
  58  0003              	ENDIF
  58  0003              ;# 58 "C:\Users\YVTC\Desktop\單晶片微控制器(一)\0417\5-1.c" 1
  58  0003              	IF 20000==0
  58  0003              ;# 58 "C:\Users\YVTC\Desktop\單晶片微控制器(一)\0417\5-1.c" 1
  58  0003              	JMP $
  58  0003              	ENDIF
  58  0003              ;# 58 "C:\Users\YVTC\Desktop\單晶片微控制器(一)\0417\5-1.c" 1
  58  0003              	IF (20000>=1) AND (20000<( 4 + __PBP__ * 2))
  58  0003              ;# 58 "C:\Users\YVTC\Desktop\單晶片微控制器(一)\0417\5-1.c" 1
  58  0003              	NOP
  58  0003              	ENDIF
  58  0003              ;# 58 "C:\Users\YVTC\Desktop\單晶片微控制器(一)\0417\5-1.c" 1
  58  0003              	IF (20000>=2) AND (20000<( 4 + __PBP__ * 2))
  58  0003              ;# 58 "C:\Users\YVTC\Desktop\單晶片微控制器(一)\0417\5-1.c" 1
  58  0003              	NOP
  58  0003              	ENDIF
  58  0003              ;# 58 "C:\Users\YVTC\Desktop\單晶片微控制器(一)\0417\5-1.c" 1
  58  0003              	IF (20000>=3) AND (20000<( 4 + __PBP__ * 2))
  58  0003              ;# 58 "C:\Users\YVTC\Desktop\單晶片微控制器(一)\0417\5-1.c" 1
  58  0003              	NOP
  58  0003              	ENDIF
  58  0003              ;# 58 "C:\Users\YVTC\Desktop\單晶片微控制器(一)\0417\5-1.c" 1
  58  0003              	IF (20000>=4) AND (20000<( 4 + __PBP__ * 2)) AND ( __PBP__ > 0 )
  58  0003              ;# 58 "C:\Users\YVTC\Desktop\單晶片微控制器(一)\0417\5-1.c" 1
  58  0003              	NOP
  58  0003              	ENDIF
  58  0003              ;# 58 "C:\Users\YVTC\Desktop\單晶片微控制器(一)\0417\5-1.c" 1
  58  0003              	IF (20000>=5) AND (20000<( 4 + __PBP__ * 2)) AND ( __PBP__ > 0 )
"File: 5-1.c         Assembler  Version HGASM0202      Page 3

  58  0003              ;# 58 "C:\Users\YVTC\Desktop\單晶片微控制器(一)\0417\5-1.c" 1
  58  0003              	NOP
  58  0003              	ENDIF
  58  0003              ;# 58 "C:\Users\YVTC\Desktop\單晶片微控制器(一)\0417\5-1.c" 1
  58  0003              	IF (20000>=6) AND (20000<( 4 + __PBP__ * 2))  AND ( __PBP__ > 1 )
  58  0003              ;# 58 "C:\Users\YVTC\Desktop\單晶片微控制器(一)\0417\5-1.c" 1
  58  0003              	NOP
  58  0003              	ENDIF
  58  0003              ;# 58 "C:\Users\YVTC\Desktop\單晶片微控制器(一)\0417\5-1.c" 1
  58  0003              	IF (20000>=7) AND (20000<( 4 + __PBP__ * 2))  AND ( __PBP__ > 1 )
  58  0003              ;# 58 "C:\Users\YVTC\Desktop\單晶片微控制器(一)\0417\5-1.c" 1
  58  0003              	NOP
  58  0003              	ENDIF
  58  0003              ;# 58 "C:\Users\YVTC\Desktop\單晶片微控制器(一)\0417\5-1.c" 1
  58  0003              	IF (20000>=8) AND (20000<( 4 + __PBP__ * 2))  AND ( __PBP__ > 2 )
  58  0003              ;# 58 "C:\Users\YVTC\Desktop\單晶片微控制器(一)\0417\5-1.c" 1
  58  0003              	NOP
  58  0003              	ENDIF
  58  0003              ;# 58 "C:\Users\YVTC\Desktop\單晶片微控制器(一)\0417\5-1.c" 1
  58  0003              	IF (20000==9)  AND ( __PBP__ > 2 )
  58  0003              ;# 58 "C:\Users\YVTC\Desktop\單晶片微控制器(一)\0417\5-1.c" 1
  58  0003              	NOP
  58  0003              	ENDIF
  58  0003              ;# 58 "C:\Users\YVTC\Desktop\單晶片微控制器(一)\0417\5-1.c" 1
  58  0003              	IF (20000< ( 8 + __PBP__ * 2)) AND (20000>( 3 + __PBP__ * 2))
  58  0003              ;# 58 "C:\Users\YVTC\Desktop\單晶片微控制器(一)\0417\5-1.c" 1
  58  0003              	fcall __DELAY3 + ( 7 + __PBP__ * 2) -20000
  58  0003              	ENDIF
  58  0003              ;# 58 "C:\Users\YVTC\Desktop\單晶片微控制器(一)\0417\5-1.c" 1
  58  0003              	IF (20000< ( 0404h + __PBP__ * 2)) AND (20000>( 7 + __PBP__ * 2))
  58  0003              ;# 58 "C:\Users\YVTC\Desktop\單晶片微控制器(一)\0417\5-1.c" 1
  58  0003              	MOV A,(20000-( 4 + __PBP__ * 2))/4
  58  0003              ;# 58 "C:\Users\YVTC\Desktop\單晶片微控制器(一)\0417\5-1.c" 1
  58  0003              	fcall __DELAYX3 + 3 -((20000-( 4 + __PBP__ * 2)) MOD 4) 
  58  0003              	ENDIF
  58  0003              ;# 58 "C:\Users\YVTC\Desktop\單晶片微控制器(一)\0417\5-1.c" 1
  58  0003              	IF (20000< ( 040bh + __PBP__ * 2)) AND (20000> ( 0403h + __PBP__ * 2))
  58  0003              ;# 58 "C:\Users\YVTC\Desktop\單晶片微控制器(一)\0417\5-1.c" 1
  58  0003              	MOV A,0 
  58  0003              ;# 58 "C:\Users\YVTC\Desktop\單晶片微控制器(一)\0417\5-1.c" 1
  58  0003              	fcall __DELAYX6 + ( 040ah + __PBP__ * 2) -20000
  58  0003              	ENDIF
  58  0003              ;# 58 "C:\Users\YVTC\Desktop\單晶片微控制器(一)\0417\5-1.c" 1
  58  0003              	IF (20000 >= ( 040bh + __PBP__ * 2)) AND ((((20000-( 9 + __PBP__ * 2))%0402h)/4+1)>256)
  58  0003              ;# 58 "C:\Users\YVTC\Desktop\單晶片微控制器(一)\0417\5-1.c" 1
  58  0003              	MOV A,(20000-( 9 + __PBP__ * 2))/0402h
  58  0003              ;# 58 "C:\Users\YVTC\Desktop\單晶片微控制器(一)\0417\5-1.c" 1
  58  0003              	MOV _builtin_holtek_delay_2,A
  58  0003              ;# 58 "C:\Users\YVTC\Desktop\單晶片微控制器(一)\0417\5-1.c" 1
  58  0003              	MOV A,0
  58  0003              ;# 58 "C:\Users\YVTC\Desktop\單晶片微控制器(一)\0417\5-1.c" 1
  58  0003              	fcall __DELAYY5 +5- (((20000-( 9 + __PBP__ * 2))%0402h)%6) 
  58  0003              	ENDIF
  58  0003              ;# 58 "C:\Users\YVTC\Desktop\單晶片微控制器(一)\0417\5-1.c" 1
  58  0003              	IF (20000 >= ( 040bh + __PBP__ * 2)) AND ((((20000-( 9 + __PBP__ * 2))%0402h)/4+1)<=256)
  58  0003              ;# 58 "C:\Users\YVTC\Desktop\單晶片微控制器(一)\0417\5-1.c" 1
  58  0003  0F13        	MOV A,(20000-( 9 + __PBP__ * 2))/0402h
  58  0004              ;# 58 "C:\Users\YVTC\Desktop\單晶片微控制器(一)\0417\5-1.c" 1
  58  0004  0080     E  	MOV _builtin_holtek_delay_2,A
  58  0005              ;# 58 "C:\Users\YVTC\Desktop\單晶片微控制器(一)\0417\5-1.c" 1
"File: 5-1.c         Assembler  Version HGASM0202      Page 4

  58  0005  0F7C        	MOV A,((20000-( 9 + __PBP__ * 2))%0402h)/4+1
  58  0006              ;# 58 "C:\Users\YVTC\Desktop\單晶片微控制器(一)\0417\5-1.c" 1
  58  0006              	fcall __DELAYY3 +3-(((20000-( 9 + __PBP__ * 2))%0402h)%4) 
  58  000D              	ENDIF
  58  000D  1480     E  	inc ra
  58  000E              _L2:
  58  000E  0700     E  	mov a,ra
  58  000F  0200     R  	sub a,_PAUSE_2[0]
  58  0010  390A        	snz z
  58  0011  2800     R  	jmp _L3
  58  0012  0003        	ret
  58  0013              _PAUSE endp
  58  0013              #line 58 "C:\Users\YVTC\Desktop\單晶片微控制器(一)\0417\5-1.c"
  58  0013              #pragma debug scope 1 1
  58  0013              ___wdtc equ [62]
  58  0013              ___pd equ [30]
  58  0013              ___pdc equ [31]
  58  0013              ___pec equ [35]
  58  0013              ___pepu equ [33]
  58  0013              ___pcs0 equ [360]
  58  0013              ___tm1c0 equ [72]
  58  0013              ___tm1c1 equ [73]
  58  0013              ___tm1c2 equ [74]
  58  0013              ___tm1al equ [77]
  58  0013              ___tm1ah equ [78]
  58  0013              ___pc equ [26]
  58  0013              ___pcc equ [27]
  58  0013              ___tm1bl equ [79]
  58  0013              ___tm1bh equ [80]
  58  0013              ___pe equ [34]
  58  0013              public _main
  58  0013              #pragma debug scope 3 1
  17  0013              #line 17 "C:\Users\YVTC\Desktop\單晶片微控制器(一)\0417\5-1.c"
  17  0013              IFDEF WITH_DEFAULT_STARTUP
  17  0013              extern _main_initial0:near
  17  0013              extern _main_startup:near
  17  0013              ENDIF
  17  0013              
  17  0013              ROMBANK 0 @start
  17  0000              @start .section com_l 'code'
  17  0000              _main_startup1:
  17  0000              @start .section com_e 'code'
  17  0000  0F00     R  	mov a,bank _main
  17  0001  008B        	mov bp,a
  17  0002  2800     R  	jmp _main
  17  0003              
  17  0000              _main .section 'code'
  17  0000              _main proc
  17  0000  00              local _main_2 db 1 dup(?)
  18  0001              #line 18 "C:\Users\YVTC\Desktop\單晶片微控制器(一)\0417\5-1.c"
  18  0000  0FAF        	mov a,175
  18  0001  00BE        	mov [62],a
  19  0002              #line 19 "C:\Users\YVTC\Desktop\單晶片微控制器(一)\0417\5-1.c"
  19  0002  1F1E        	clr [30]
  19  0003  1F1F        	clr [31]
  20  0004              #line 20 "C:\Users\YVTC\Desktop\單晶片微控制器(一)\0417\5-1.c"
  20  0004  3023        	set [35].0
  20  0005  3021        	set [33].0
  21  0006              #line 21 "C:\Users\YVTC\Desktop\單晶片微控制器(一)\0417\5-1.c"
  21  0006  30A3        	set [35].1
"File: 5-1.c         Assembler  Version HGASM0202      Page 5

  21  0007  30A1        	set [33].1
  22  0008              #line 22 "C:\Users\YVTC\Desktop\單晶片微控制器(一)\0417\5-1.c"
  22  0008  3123        	set [35].2
  22  0009  3121        	set [33].2
  23  000A              #line 23 "C:\Users\YVTC\Desktop\單晶片微控制器(一)\0417\5-1.c"
  23  000A  0F01        	mov a,1
  23  000B  80E8 0001   	lmov [360],a
  24  000D              #line 24 "C:\Users\YVTC\Desktop\單晶片微控制器(一)\0417\5-1.c"
  24  000D  0F20        	mov a,32
  24  000E  00C8        	mov [72],a
  25  000F              #line 25 "C:\Users\YVTC\Desktop\單晶片微控制器(一)\0417\5-1.c"
  25  000F  0FE9        	mov a,233
  25  0010  00C9        	mov [73],a
  26  0011              #line 26 "C:\Users\YVTC\Desktop\單晶片微控制器(一)\0417\5-1.c"
  26  0011  0FA8        	mov a,168
  26  0012  00CA        	mov [74],a
  27  0013              #line 27 "C:\Users\YVTC\Desktop\單晶片微控制器(一)\0417\5-1.c"
  27  0013  1FCD        	set [77]
  27  0014  0F03        	mov a,3
  27  0015  00CE        	mov [78],a
  28  0016              #line 28 "C:\Users\YVTC\Desktop\單晶片微控制器(一)\0417\5-1.c"
  28  0016  0FFC        	mov a,252
  28  0017  069A        	andm a,[26]
  28  0018  0FFC        	mov a,252
  28  0019  069B        	andm a,[27]
  29  001A              #line 29 "C:\Users\YVTC\Desktop\單晶片微控制器(一)\0417\5-1.c"
  29  001A  31C8        	set [72].3
  29  001B              _L18:
  29  001B  1F00     R  	clr _main_2[0]
  29  001C              _L6:
  31  001C              #line 31 "C:\Users\YVTC\Desktop\單晶片微控制器(一)\0417\5-1.c"
  31  001C  9768 0001   	lsdza [360]
  31  001E  2800     R  	jmp _L7
  32  001F              #line 32 "C:\Users\YVTC\Desktop\單晶片微控制器(一)\0417\5-1.c"
  32  001F  0700     R  	mov a,_main_2[0]
  32  0020  0080     E  	mov rb,a
  32  0021  1F00     E  	clr rc
  32  0022  3F85        	sz acc.7
  32  0023  1F80     E  	set rc
  31  0024              #line 31 "C:\Users\YVTC\Desktop\單晶片微控制器(一)\0417\5-1.c"
  31  0024  0F00     R  	mov a,low offset _SEG_TAB
  31  0025  0300     E  	add a,rb
  31  0026  0083        	mov mp,a
  31  0027  0F00     R  	mov a,high offset _SEG_TAB
  31  0028  1300     E  	adc a,rc
  31  0029  0084        	mov sbp,a
  31  002A              	fcall _Crom2Prom
  31  0031  0080     E  	mov ra,a
  31  0032  2800     R  	jmp _L8
  31  0033              _L7:
  32  0033              #line 32 "C:\Users\YVTC\Desktop\單晶片微控制器(一)\0417\5-1.c"
  32  0033  0700     R  	mov a,_main_2[0]
  32  0034  0080     E  	mov rb,a
  32  0035  1F00     E  	clr rc
  32  0036  3F85        	sz acc.7
  32  0037  1F80     E  	set rc
  31  0038              #line 31 "C:\Users\YVTC\Desktop\單晶片微控制器(一)\0417\5-1.c"
  31  0038  0F00     R  	mov a,low offset _SEG_TAB
  31  0039  0300     E  	add a,rb
  31  003A  0083        	mov mp,a
"File: 5-1.c         Assembler  Version HGASM0202      Page 6

  31  003B  0F00     R  	mov a,high offset _SEG_TAB
  31  003C  1300     E  	adc a,rc
  31  003D  0084        	mov sbp,a
  31  003E              	fcall _Crom2Prom
  31  0045  0080     E  	mov ra,a
  31  0046  3000     E  	set ra.7
  31  0047              _L8:
  31  0047  0700     E  	mov a,ra
  31  0048  009E        	mov [30],a
  33  0049              #line 33 "C:\Users\YVTC\Desktop\單晶片微控制器(一)\0417\5-1.c"
  33  0049  0700     R  	mov a,_main_2[0]
  33  004A  0080     E  	mov rb,a
  33  004B  1F00     E  	clr rc
  33  004C  3F85        	sz acc.7
  33  004D  1F80     E  	set rc
  33  004E  340A        	clr c
  33  004F  1A80     E  	rlc rb
  33  0050  1A80     E  	rlc rc
  33  0051  0F00     R  	mov a,low offset _PWM_TAB
  33  0052  0300     E  	add a,rb
  33  0053  0083        	mov mp,a
  33  0054  0F00     R  	mov a,high offset _PWM_TAB
  33  0055  1300     E  	adc a,rc
  33  0056  0084        	mov sbp,a
  33  0057              	fcall _Crom2Prom
  33  005E  0080     E  	mov rb,a
  33  005F              	fcall _Crom2PromNext
  33  0066  0080     E  	mov rc,a
  33  0067  0700     E  	mov a,rb
  33  0068  00CF        	mov [79],a
  34  0069              #line 34 "C:\Users\YVTC\Desktop\單晶片微控制器(一)\0417\5-1.c"
  34  0069  0700     E  	mov a,rc
  34  006A  00D0        	mov [80],a
  35  006B              #line 35 "C:\Users\YVTC\Desktop\單晶片微控制器(一)\0417\5-1.c"
  35  006B  0F19        	mov a,25
  35  006C              	fcall _PAUSE
  35  0073              _L15:
  37  0073              #line 37 "C:\Users\YVTC\Desktop\單晶片微控制器(一)\0417\5-1.c"
  37  0073  3C22        	sz [34].0
  37  0074  2800     R  	jmp _L9
  38  0075              #line 38 "C:\Users\YVTC\Desktop\單晶片微控制器(一)\0417\5-1.c"
  38  0075  1480     R  	inc _main_2[0]
  38  0076  0F08        	mov a,8
  38  0077  0200     R  	sub a,_main_2[0]
  38  0078  3B8A        	snz sc
  38  0079  2800     R  	jmp _L6
  38  007A  0F09        	mov a,9
  38  007B  0080     R  	mov _main_2[0],a
  38  007C  2800     R  	jmp _L6
  38  007D              _L9:
  40  007D              #line 40 "C:\Users\YVTC\Desktop\單晶片微控制器(一)\0417\5-1.c"
  40  007D  3CA2        	sz [34].1
  40  007E  2800     R  	jmp _L12
  40  007F  1580     R  	dec _main_2[0]
  40  0080  3800     R  	snz _main_2[0].7
  40  0081  2800     R  	jmp _L6
  40  0082  2800     R  	jmp _L18
  40  0083              _L12:
  43  0083              #line 43 "C:\Users\YVTC\Desktop\單晶片微控制器(一)\0417\5-1.c"
  43  0083  3D22        	sz [34].2
"File: 5-1.c         Assembler  Version HGASM0202      Page 7

  43  0084  2800     R  	jmp _L15
  44  0085              #line 44 "C:\Users\YVTC\Desktop\單晶片微控制器(一)\0417\5-1.c"
  44  0085  9768 0001   	lsdza [360]
  44  0087  2800     R  	jmp _L16
  45  0088              #line 45 "C:\Users\YVTC\Desktop\單晶片微控制器(一)\0417\5-1.c"
  45  0088  9F68 0001   	lclr [360]
  45  008A  0F19        	mov a,25
  45  008B              	fcall _PAUSE
  46  0092              #line 46 "C:\Users\YVTC\Desktop\單晶片微控制器(一)\0417\5-1.c"
  46  0092  0F10        	mov a,16
  46  0093  80E8 0001   	lmov [360],a
  46  0095  2800     R  	jmp _L6
  46  0096              _L16:
  49  0096              #line 49 "C:\Users\YVTC\Desktop\單晶片微控制器(一)\0417\5-1.c"
  49  0096  9F68 0001   	lclr [360]
  49  0098  0F19        	mov a,25
  49  0099              	fcall _PAUSE
  50  00A0              #line 50 "C:\Users\YVTC\Desktop\單晶片微控制器(一)\0417\5-1.c"
  50  00A0  0F01        	mov a,1
  50  00A1  80E8 0001   	lmov [360],a
  50  00A3  2800     R  	jmp _L6
  50  00A4  2800     R  	jmp $
  50  00A5              _main endp
  50  00A5              
  50  00A5              @dummy endp
  50  00A5              
  50  00A5              #line 50 "C:\Users\YVTC\Desktop\單晶片微控制器(一)\0417\5-1.c"
  50  00A5              #pragma debug scope 1 1
  50  00A5              public _PWM_TAB
  50  0000              @crom	.section 'crom'
  12  0000              #line 12 "C:\Users\YVTC\Desktop\單晶片微控制器(一)\0417\5-1.c"
  12  0000              @crom	.section	'crom'
  12  0000              _PWM_TAB:
  12  0000              #pragma debug array 42 12 10 1
  12  0000              #pragma debug array 42 12 10 1
  12  0000              #pragma debug variable 42 1 _PWM_TAB "PWM_TAB"
  12  0000  0064        	dc 100
  12  0001  00C8        	dc 200
  12  0002  012C        	dc 300
  12  0003  0190        	dc 400
  12  0004  01F4        	dc 500
  12  0005  0258        	dc 600
  12  0006  02BC        	dc 700
  12  0007  0320        	dc 800
  12  0008  0384        	dc 900
  12  0009  03E8        	dc 1000
  12  000A              public _SEG_TAB
   9  000A              #line 9 "C:\Users\YVTC\Desktop\單晶片微控制器(一)\0417\5-1.c"
   9  000A              @crom	.section	'crom'
   9  000A              _SEG_TAB:
   9  000A              #pragma debug array 43 8 10 1
   9  000A              #pragma debug array 43 8 10 1
   9  000A              #pragma debug variable 43 1 _SEG_TAB "SEG_TAB"
   9  000A              	db 63
   9  000B              	db 6
   9  000B              	db 91
   9  000C              	db 79
   9  000C              	db 102
   9  000D              	db 109
   9  000D              	db 125
"File: 5-1.c         Assembler  Version HGASM0202      Page 8

   9  000E              	db 7
   9  000E              	db 127
   9  000F              	db 103
   9  000F              #pragma debug struct_end
   9  000F              #pragma debug struct_end
   9  000F              #pragma debug union_end
   9  000F              #pragma debug union_end
   9  000F              #pragma debug variable 45 1 ___pc "__pc" 1
   9  000F              #pragma debug struct_end
   9  000F              #pragma debug struct_end
   9  000F              #pragma debug union_end
   9  000F              #pragma debug union_end
   9  000F              #pragma debug variable 47 1 ___pcc "__pcc" 1
   9  000F              #pragma debug struct_end
   9  000F              #pragma debug struct_end
   9  000F              #pragma debug union_end
   9  000F              #pragma debug union_end
   9  000F              #pragma debug variable 49 1 ___pd "__pd" 1
   9  000F              #pragma debug struct_end
   9  000F              #pragma debug struct_end
   9  000F              #pragma debug union_end
   9  000F              #pragma debug union_end
   9  000F              #pragma debug variable 51 1 ___pdc "__pdc" 1
   9  000F              #pragma debug struct_end
   9  000F              #pragma debug struct_end
   9  000F              #pragma debug union_end
   9  000F              #pragma debug union_end
   9  000F              #pragma debug variable 53 1 ___pepu "__pepu" 1
   9  000F              #pragma debug struct_end
   9  000F              #pragma debug struct_end
   9  000F              #pragma debug union_end
   9  000F              #pragma debug union_end
   9  000F              #pragma debug variable 55 1 ___pe "__pe" 1
   9  000F              #pragma debug struct_end
   9  000F              #pragma debug struct_end
   9  000F              #pragma debug union_end
   9  000F              #pragma debug union_end
   9  000F              #pragma debug variable 57 1 ___pec "__pec" 1
   9  000F              #pragma debug struct_end
   9  000F              #pragma debug struct_end
   9  000F              #pragma debug union_end
   9  000F              #pragma debug union_end
   9  000F              #pragma debug variable 59 1 ___wdtc "__wdtc" 1
   9  000F              #pragma debug struct_end
   9  000F              #pragma debug struct_end
   9  000F              #pragma debug union_end
   9  000F              #pragma debug union_end
   9  000F              #pragma debug variable 61 1 ___tm1c0 "__tm1c0" 1
   9  000F              #pragma debug struct_end
   9  000F              #pragma debug struct_end
   9  000F              #pragma debug union_end
   9  000F              #pragma debug union_end
   9  000F              #pragma debug variable 63 1 ___tm1c1 "__tm1c1" 1
   9  000F              #pragma debug struct_end
   9  000F              #pragma debug struct_end
   9  000F              #pragma debug union_end
   9  000F              #pragma debug union_end
   9  000F              #pragma debug variable 65 1 ___tm1c2 "__tm1c2" 1
   9  000F              #pragma debug variable 8 1 ___tm1al "__tm1al" 1
   9  000F              #pragma debug variable 8 1 ___tm1ah "__tm1ah" 1
"File: 5-1.c         Assembler  Version HGASM0202      Page 9

   9  000F              #pragma debug variable 8 1 ___tm1bl "__tm1bl" 1
   9  000F              #pragma debug variable 8 1 ___tm1bh "__tm1bh" 1
   9  000F              #pragma debug struct_end
   9  000F              #pragma debug struct_end
   9  000F              #pragma debug union_end
   9  000F              #pragma debug union_end
   9  000F              #pragma debug variable 67 1 ___pcs0 "__pcs0" 1
  17  000F              #line 17 "C:\Users\YVTC\Desktop\單晶片微控制器(一)\0417\5-1.c"
  17  0000              @code .section at 0 'code'
  17  0000  1F0B        	clr bp
  17  0001  2800     R  	jmp _main_startup1
  17  0002              
  17  0002              
  17  0002              ; 
  17  0002              ; Generated by holtek-gcc v3.18, Tue Apr 17 11:49:38 2018
  17  0002              ; Rebuild 126
  17  0002              ; end of file


        0 Errors, 0