"File: 5-10.c        Assembler  Version HGASM0202      Page 1


   1  0000              ; Generated by holtek-gcc v3.18, Tue May 15 13:05:50 2018
   2  0000              ; 
   3  0000              ; Configuration:
   4  0000              ;       with long instruction
   5  0000              ;       Multi-ROM, Multi-RAM
   6  0000              ;       bits_per_rom_unit:16
   7  0000              ;       with mp1
   8  0000              ;       with tbhp, address(0x9)
   9  0000              ;          Use tabrd-const
  10  0000              ;       
  11  0000              ; SFR address of long-instruction arch:
  12  0000              ;    mp0 = -1,1,0
  13  0000              ;    mp1 = 4,3,2
  14  0000              ;    mp2 = 14,13,12
  15  0000              ;    tbp = 9,7,8
  16  0000              ;    acc = 5
  17  0000              ;    pcl = 6
  18  0000              ;    status = 10
  19  0000              ;    bp = 11
  20  0000              ;    intc = 48
  21  0000              ;       
  22  0000              ;       
  23  0000              ; use 'tabrdc' instead of 'tabrd'
  24  0000              ;       
  25  0000              
  26  0000              #pragma translator "holtek-gcc 4.6.4" "3.18" "build 20130711"
  27  0000              ; Rebuild 126
  28  0000              
  29  0000              ir equ [2]
  30  0000              mp equ [3]
  31  0000              sbp equ [4]
  32  0000              acc equ [5]
  33  0000              bp equ [11]
  34  0000              tblp equ [7]
  35  0000              tbhp equ [9]
  36  0000              status equ [10]
  37  0000              c equ [10].0
  38  0000              ac equ [10].1
  39  0000              z equ [10].2
  40  0000              ov equ [10].3
  41  0000              cz equ [10].6
  42  0000              sc equ [10].7
  43  0000              intc equ [48]
  44  0000              
  45  0000              extern ra:byte
  46  0000              extern rb:byte
  47  0000              extern rc:byte
  48  0000              extern rd:byte
  49  0000              extern re:byte
  50  0000              extern rf:byte
  51  0000              extern rg:byte
  52  0000              extern rh:byte
  53  0000              extern _Crom2Prom:near
  54  0000              extern _Crom2PromNext:near
  55  0000              
  56  0000              RAMBANK 0 @BITDATASEC, @BITDATASEC1
  57  0000              @HCCINIT	.section 'data'
  58  0000              @HCCINIT0	.section 'data'
  59  0000              @BITDATASEC	 .section 'data'
"File: 5-10.ASM      Assembler  Version HGASM0202      Page 2

  60  0000              @BITDATASEC1	 .section 'data'
  61  0000              
  62  0000              #pragma debug scope 1 1
  63  0000              	extern __DELAY3:near
  64  0000              	extern __DELAYX3:near
  65  0000              	extern __DELAYX6:near
  66  0000              	extern __DELAYY5:near
  67  0000              	extern __DELAYY3:near
  68  0000              	extern _builtin_holtek_delay_2:byte
  69  0000              public _reverse
  70  0000              #pragma debug scope 2 1

  15  0000              #line 15 "C:\Users\YVTC\Desktop\單晶片微控制器(一)\0515\5-10.c"
  15  0000              _reverse .section 'code'
  15  0000              _reverse proc
  15  0000  00              local _reverse_2 db 1 dup(?)	; 0,1
  15  0001              #pragma debug variable 8 2 _reverse_2+0 "b"
  20  0001              #line 20 "C:\Users\YVTC\Desktop\單晶片微控制器(一)\0515\5-10.c"
  20  0000  0F1C        	mov a,28
  20  0001  0003        	ret
  20  0002              _reverse endp
  20  0002              #line 20 "C:\Users\YVTC\Desktop\單晶片微控制器(一)\0515\5-10.c"
  20  0002              #pragma debug scope 1 1
  20  0002              ___pgc equ [43]
  20  0002              ___ph equ [46]
  20  0002              ___pg equ [42]
  20  0002              public _LCMWrite4
  20  0002              #pragma debug scope 3 1
  59  0002              #line 59 "C:\Users\YVTC\Desktop\單晶片微控制器(一)\0515\5-10.c"
  59  0000              _LCMWrite4 .section 'code'
  59  0000              _LCMWrite4 proc
  59  0000              public _LCMWrite4_2
  59  0000  0002[           local _LCMWrite4_2 db 2 dup(?)	; 1,1
            00
            ]
  59  0000  0080     R  	mov _LCMWrite4_2[1],a
  59  0001              #pragma debug variable 8 3 _LCMWrite4_2+1 "DCFlag"
  59  0001              #pragma debug variable 8 3 _LCMWrite4_2+0 "CD"
  60  0001              #line 60 "C:\Users\YVTC\Desktop\單晶片微控制器(一)\0515\5-10.c"
  60  0001  0FF0        	mov a,240
  60  0002  05AB        	orm a,[43]
  61  0003              #line 61 "C:\Users\YVTC\Desktop\單晶片微控制器(一)\0515\5-10.c"
  61  0003  342E        	clr [46].0
  61  0004  30AE        	set [46].1
  62  0005              #line 62 "C:\Users\YVTC\Desktop\單晶片微控制器(一)\0515\5-10.c"
  62  0005              ;# 62 "C:\Users\YVTC\Desktop\單晶片微控制器(一)\0515\5-10.c" 1
  62  0005  0000        	nop
  62  0006              _L4:
  64  0006              #line 64 "C:\Users\YVTC\Desktop\單晶片微控制器(一)\0515\5-10.c"
  64  0006  312E        	set [46].2
  64  0007              ;# 64 "C:\Users\YVTC\Desktop\單晶片微控制器(一)\0515\5-10.c" 1
  64  0007  0000        	nop
  65  0008              #line 65 "C:\Users\YVTC\Desktop\單晶片微控制器(一)\0515\5-10.c"
  65  0008  072A        	mov a,[42]
  65  0009  0080     E  	mov ra,a
  66  000A              #line 66 "C:\Users\YVTC\Desktop\單晶片微控制器(一)\0515\5-10.c"
  66  000A  352E        	clr [46].2
  67  000B              #line 67 "C:\Users\YVTC\Desktop\單晶片微控制器(一)\0515\5-10.c"
  67  000B  0FF0        	mov a,240
  67  000C  0680     E  	andm a,ra
"File: 5-10.c        Assembler  Version HGASM0202      Page 3

  68  000D              #line 68 "C:\Users\YVTC\Desktop\單晶片微控制器(一)\0515\5-10.c"
  68  000D  312E        	set [46].2
  68  000E              ;# 68 "C:\Users\YVTC\Desktop\單晶片微控制器(一)\0515\5-10.c" 1
  68  000E  0000        	nop
  69  000F              #line 69 "C:\Users\YVTC\Desktop\單晶片微控制器(一)\0515\5-10.c"
  69  000F  112A        	swapa [42]
  69  0010  0E0F        	and a,0fh
  69  0011  0080     E  	mov rb,a
  69  0012  0700     E  	mov a,rb
  69  0013  0580     E  	orm a,ra
  70  0014              #line 70 "C:\Users\YVTC\Desktop\單晶片微控制器(一)\0515\5-10.c"
  70  0014  352E        	clr [46].2
  71  0015              #line 71 "C:\Users\YVTC\Desktop\單晶片微控制器(一)\0515\5-10.c"
  71  0015  3C00     E  	sz ra.7
  71  0016  2800     R  	jmp _L4
  72  0017              #line 72 "C:\Users\YVTC\Desktop\單晶片微控制器(一)\0515\5-10.c"
  72  0017  0F0F        	mov a,15
  72  0018  06AB        	andm a,[43]
  73  0019              #line 73 "C:\Users\YVTC\Desktop\單晶片微控制器(一)\0515\5-10.c"
  73  0019  34AE        	clr [46].1
  74  001A              #line 74 "C:\Users\YVTC\Desktop\單晶片微控制器(一)\0515\5-10.c"
  74  001A  0700     R  	mov a,_LCMWrite4_2[1]
  74  001B  0E01        	and a,1
  74  001C  0080     E  	mov rb,a
  74  001D  342E        	clr [46].0
  74  001E  0700     E  	mov a,rb
  74  001F  05AE        	orm a,[46]
  75  0020              #line 75 "C:\Users\YVTC\Desktop\單晶片微控制器(一)\0515\5-10.c"
  75  0020  0F0F        	mov a,15
  75  0021  06AA        	andm a,[42]
  76  0022              #line 76 "C:\Users\YVTC\Desktop\單晶片微控制器(一)\0515\5-10.c"
  76  0022  0700     R  	mov a,_LCMWrite4_2[0]
  76  0023  0EF0        	and a,240
  76  0024  0080     E  	mov rb,a
  76  0025  0700     E  	mov a,rb
  76  0026  05AA        	orm a,[42]
  77  0027              #line 77 "C:\Users\YVTC\Desktop\單晶片微控制器(一)\0515\5-10.c"
  77  0027  312E        	set [46].2
  77  0028              ;# 77 "C:\Users\YVTC\Desktop\單晶片微控制器(一)\0515\5-10.c" 1
  77  0028  0000        	nop
  77  0029  352E        	clr [46].2
  78  002A              #line 78 "C:\Users\YVTC\Desktop\單晶片微控制器(一)\0515\5-10.c"
  78  002A  0F0F        	mov a,15
  78  002B  06AA        	andm a,[42]
  79  002C              #line 79 "C:\Users\YVTC\Desktop\單晶片微控制器(一)\0515\5-10.c"
  79  002C  0700     R  	mov a,_LCMWrite4_2[0]
  79  002D  0080     E  	mov rb,a
  79  002E  1F00     E  	clr rc
  79  002F  0F04        	mov a,4
  79  0030              _LI1:
  79  0030  340A        	clr c
  79  0031  1A80     E  	rlc rb
  79  0032  1A80     E  	rlc rc
  79  0033  1785        	sdz acc
  79  0034  2800     R  	jmp _LI1
  79  0035  0700     E  	mov a,rb
  79  0036  05AA        	orm a,[42]
  80  0037              #line 80 "C:\Users\YVTC\Desktop\單晶片微控制器(一)\0515\5-10.c"
  80  0037  312E        	set [46].2
  80  0038              ;# 80 "C:\Users\YVTC\Desktop\單晶片微控制器(一)\0515\5-10.c" 1
"File: 5-10.c        Assembler  Version HGASM0202      Page 4

  80  0038  0000        	nop
  80  0039  352E        	clr [46].2
  82  003A              #line 82 "C:\Users\YVTC\Desktop\單晶片微控制器(一)\0515\5-10.c"
  82  003A  0700     E  	mov a,ra
  82  003B  0003        	ret
  82  003C              _LCMWrite4 endp
  82  003C              #line 82 "C:\Users\YVTC\Desktop\單晶片微控制器(一)\0515\5-10.c"
  82  003C              #pragma debug scope 1 1
  82  003C              ___phc equ [47]
  82  003C              public _LCMInit
  82  003C              #pragma debug scope 4 1
  50  003C              #line 50 "C:\Users\YVTC\Desktop\單晶片微控制器(一)\0515\5-10.c"
  50  0000              _LCMInit .section 'code'
  50  0000              _LCMInit proc
  50  0000  352E        	clr [46].2
  50  0001  34AE        	clr [46].1
  50  0002  342E        	clr [46].0
  51  0003              #line 51 "C:\Users\YVTC\Desktop\單晶片微控制器(一)\0515\5-10.c"
  51  0003  352F        	clr [47].2
  51  0004  34AF        	clr [47].1
  51  0005  342F        	clr [47].0
  52  0006              #line 52 "C:\Users\YVTC\Desktop\單晶片微控制器(一)\0515\5-10.c"
  52  0006              ;# 52 "C:\Users\YVTC\Desktop\單晶片微控制器(一)\0515\5-10.c" 1
  52  0006              	IF 80000>263690
  52  0006              ;# 52 "C:\Users\YVTC\Desktop\單晶片微控制器(一)\0515\5-10.c" 1
  52  0006              	ERRMESSAGE 'the value 80000of the argument exceeds the maxinum 263690'
  52  0006              	ENDIF
  52  0006              ;# 52 "C:\Users\YVTC\Desktop\單晶片微控制器(一)\0515\5-10.c" 1
  52  0006              	IF 80000<0
  52  0006              ;# 52 "C:\Users\YVTC\Desktop\單晶片微控制器(一)\0515\5-10.c" 1
  52  0006              	ERRMESSAGE 'the value 80000 of the argument exceeds the mininum 0'
  52  0006              	ENDIF
  52  0006              ;# 52 "C:\Users\YVTC\Desktop\單晶片微控制器(一)\0515\5-10.c" 1
  52  0006              	IF 80000==0
  52  0006              ;# 52 "C:\Users\YVTC\Desktop\單晶片微控制器(一)\0515\5-10.c" 1
  52  0006              	JMP $
  52  0006              	ENDIF
  52  0006              ;# 52 "C:\Users\YVTC\Desktop\單晶片微控制器(一)\0515\5-10.c" 1
  52  0006              	IF (80000>=1) AND (80000<( 4 + __PBP__ * 2))
  52  0006              ;# 52 "C:\Users\YVTC\Desktop\單晶片微控制器(一)\0515\5-10.c" 1
  52  0006              	NOP
  52  0006              	ENDIF
  52  0006              ;# 52 "C:\Users\YVTC\Desktop\單晶片微控制器(一)\0515\5-10.c" 1
  52  0006              	IF (80000>=2) AND (80000<( 4 + __PBP__ * 2))
  52  0006              ;# 52 "C:\Users\YVTC\Desktop\單晶片微控制器(一)\0515\5-10.c" 1
  52  0006              	NOP
  52  0006              	ENDIF
  52  0006              ;# 52 "C:\Users\YVTC\Desktop\單晶片微控制器(一)\0515\5-10.c" 1
  52  0006              	IF (80000>=3) AND (80000<( 4 + __PBP__ * 2))
  52  0006              ;# 52 "C:\Users\YVTC\Desktop\單晶片微控制器(一)\0515\5-10.c" 1
  52  0006              	NOP
  52  0006              	ENDIF
  52  0006              ;# 52 "C:\Users\YVTC\Desktop\單晶片微控制器(一)\0515\5-10.c" 1
  52  0006              	IF (80000>=4) AND (80000<( 4 + __PBP__ * 2)) AND ( __PBP__ > 0 )
  52  0006              ;# 52 "C:\Users\YVTC\Desktop\單晶片微控制器(一)\0515\5-10.c" 1
  52  0006              	NOP
  52  0006              	ENDIF
  52  0006              ;# 52 "C:\Users\YVTC\Desktop\單晶片微控制器(一)\0515\5-10.c" 1
  52  0006              	IF (80000>=5) AND (80000<( 4 + __PBP__ * 2)) AND ( __PBP__ > 0 )
  52  0006              ;# 52 "C:\Users\YVTC\Desktop\單晶片微控制器(一)\0515\5-10.c" 1
"File: 5-10.c        Assembler  Version HGASM0202      Page 5

  52  0006              	NOP
  52  0006              	ENDIF
  52  0006              ;# 52 "C:\Users\YVTC\Desktop\單晶片微控制器(一)\0515\5-10.c" 1
  52  0006              	IF (80000>=6) AND (80000<( 4 + __PBP__ * 2))  AND ( __PBP__ > 1 )
  52  0006              ;# 52 "C:\Users\YVTC\Desktop\單晶片微控制器(一)\0515\5-10.c" 1
  52  0006              	NOP
  52  0006              	ENDIF
  52  0006              ;# 52 "C:\Users\YVTC\Desktop\單晶片微控制器(一)\0515\5-10.c" 1
  52  0006              	IF (80000>=7) AND (80000<( 4 + __PBP__ * 2))  AND ( __PBP__ > 1 )
  52  0006              ;# 52 "C:\Users\YVTC\Desktop\單晶片微控制器(一)\0515\5-10.c" 1
  52  0006              	NOP
  52  0006              	ENDIF
  52  0006              ;# 52 "C:\Users\YVTC\Desktop\單晶片微控制器(一)\0515\5-10.c" 1
  52  0006              	IF (80000>=8) AND (80000<( 4 + __PBP__ * 2))  AND ( __PBP__ > 2 )
  52  0006              ;# 52 "C:\Users\YVTC\Desktop\單晶片微控制器(一)\0515\5-10.c" 1
  52  0006              	NOP
  52  0006              	ENDIF
  52  0006              ;# 52 "C:\Users\YVTC\Desktop\單晶片微控制器(一)\0515\5-10.c" 1
  52  0006              	IF (80000==9)  AND ( __PBP__ > 2 )
  52  0006              ;# 52 "C:\Users\YVTC\Desktop\單晶片微控制器(一)\0515\5-10.c" 1
  52  0006              	NOP
  52  0006              	ENDIF
  52  0006              ;# 52 "C:\Users\YVTC\Desktop\單晶片微控制器(一)\0515\5-10.c" 1
  52  0006              	IF (80000< ( 8 + __PBP__ * 2)) AND (80000>( 3 + __PBP__ * 2))
  52  0006              ;# 52 "C:\Users\YVTC\Desktop\單晶片微控制器(一)\0515\5-10.c" 1
  52  0006              	fcall __DELAY3 + ( 7 + __PBP__ * 2) -80000
  52  0006              	ENDIF
  52  0006              ;# 52 "C:\Users\YVTC\Desktop\單晶片微控制器(一)\0515\5-10.c" 1
  52  0006              	IF (80000< ( 0404h + __PBP__ * 2)) AND (80000>( 7 + __PBP__ * 2))
  52  0006              ;# 52 "C:\Users\YVTC\Desktop\單晶片微控制器(一)\0515\5-10.c" 1
  52  0006              	MOV A,(80000-( 4 + __PBP__ * 2))/4
  52  0006              ;# 52 "C:\Users\YVTC\Desktop\單晶片微控制器(一)\0515\5-10.c" 1
  52  0006              	fcall __DELAYX3 + 3 -((80000-( 4 + __PBP__ * 2)) MOD 4) 
  52  0006              	ENDIF
  52  0006              ;# 52 "C:\Users\YVTC\Desktop\單晶片微控制器(一)\0515\5-10.c" 1
  52  0006              	IF (80000< ( 040bh + __PBP__ * 2)) AND (80000> ( 0403h + __PBP__ * 2))
  52  0006              ;# 52 "C:\Users\YVTC\Desktop\單晶片微控制器(一)\0515\5-10.c" 1
  52  0006              	MOV A,0 
  52  0006              ;# 52 "C:\Users\YVTC\Desktop\單晶片微控制器(一)\0515\5-10.c" 1
  52  0006              	fcall __DELAYX6 + ( 040ah + __PBP__ * 2) -80000
  52  0006              	ENDIF
  52  0006              ;# 52 "C:\Users\YVTC\Desktop\單晶片微控制器(一)\0515\5-10.c" 1
  52  0006              	IF (80000 >= ( 040bh + __PBP__ * 2)) AND ((((80000-( 9 + __PBP__ * 2))%0402h)/4+1)>256)
  52  0006              ;# 52 "C:\Users\YVTC\Desktop\單晶片微控制器(一)\0515\5-10.c" 1
  52  0006              	MOV A,(80000-( 9 + __PBP__ * 2))/0402h
  52  0006              ;# 52 "C:\Users\YVTC\Desktop\單晶片微控制器(一)\0515\5-10.c" 1
  52  0006              	MOV _builtin_holtek_delay_2,A
  52  0006              ;# 52 "C:\Users\YVTC\Desktop\單晶片微控制器(一)\0515\5-10.c" 1
  52  0006              	MOV A,0
  52  0006              ;# 52 "C:\Users\YVTC\Desktop\單晶片微控制器(一)\0515\5-10.c" 1
  52  0006              	fcall __DELAYY5 +5- (((80000-( 9 + __PBP__ * 2))%0402h)%6) 
  52  0006              	ENDIF
  52  0006              ;# 52 "C:\Users\YVTC\Desktop\單晶片微控制器(一)\0515\5-10.c" 1
  52  0006              	IF (80000 >= ( 040bh + __PBP__ * 2)) AND ((((80000-( 9 + __PBP__ * 2))%0402h)/4+1)<=256)
  52  0006              ;# 52 "C:\Users\YVTC\Desktop\單晶片微控制器(一)\0515\5-10.c" 1
  52  0006  0F4D        	MOV A,(80000-( 9 + __PBP__ * 2))/0402h
  52  0007              ;# 52 "C:\Users\YVTC\Desktop\單晶片微控制器(一)\0515\5-10.c" 1
  52  0007  0080     E  	MOV _builtin_holtek_delay_2,A
  52  0008              ;# 52 "C:\Users\YVTC\Desktop\單晶片微控制器(一)\0515\5-10.c" 1
  52  0008  0FF7        	MOV A,((80000-( 9 + __PBP__ * 2))%0402h)/4+1
"File: 5-10.c        Assembler  Version HGASM0202      Page 6

  52  0009              ;# 52 "C:\Users\YVTC\Desktop\單晶片微控制器(一)\0515\5-10.c" 1
  52  0009              	fcall __DELAYY3 +3-(((80000-( 9 + __PBP__ * 2))%0402h)%4) 
  52  0010              	ENDIF
  53  0010              #line 53 "C:\Users\YVTC\Desktop\單晶片微控制器(一)\0515\5-10.c"
  53  0010  0F28        	mov a,40
  53  0011  0080     R  	mov _LCMWrite4_2[0],a
  53  0012  0F00        	mov a,0
  53  0013              	fcall _LCMWrite4
  54  001A              #line 54 "C:\Users\YVTC\Desktop\單晶片微控制器(一)\0515\5-10.c"
  54  001A  0F0C        	mov a,12
  54  001B  0080     R  	mov _LCMWrite4_2[0],a
  54  001C  0F00        	mov a,0
  54  001D              	fcall _LCMWrite4
  55  0024              #line 55 "C:\Users\YVTC\Desktop\單晶片微控制器(一)\0515\5-10.c"
  55  0024  0F06        	mov a,6
  55  0025  0080     R  	mov _LCMWrite4_2[0],a
  55  0026  0F00        	mov a,0
  55  0027              	fcall _LCMWrite4
  56  002E              #line 56 "C:\Users\YVTC\Desktop\單晶片微控制器(一)\0515\5-10.c"
  56  002E  0F01        	mov a,1
  56  002F  0080     R  	mov _LCMWrite4_2[0],a
  56  0030  0F00        	mov a,0
  56  0031              	fcall _LCMWrite4
  56  0038  0003        	ret
  56  0039              _LCMInit endp
  56  0039              #line 56 "C:\Users\YVTC\Desktop\單晶片微控制器(一)\0515\5-10.c"
  56  0039              #pragma debug scope 1 1
  56  0039              public _PAUSE
  56  0039              #pragma debug scope 5 1
  84  0039              #line 84 "C:\Users\YVTC\Desktop\單晶片微控制器(一)\0515\5-10.c"
  84  0000              _PAUSE .section 'code'
  84  0000              _PAUSE proc
  84  0000  00              local _PAUSE_2 db 1 dup(?)	; 0,1
  84  0000  0080     R  	mov _PAUSE_2[0],a
  84  0001              #pragma debug variable 8 5 _PAUSE_2+0 "i"
  85  0001              #line 85 "C:\Users\YVTC\Desktop\單晶片微控制器(一)\0515\5-10.c"
  85  0001  1F00     E  	clr ra
  85  0002  2800     R  	jmp _L8
  85  0003              _L9:
  85  0003              #line 85 "C:\Users\YVTC\Desktop\單晶片微控制器(一)\0515\5-10.c"
  85  0003              ;# 85 "C:\Users\YVTC\Desktop\單晶片微控制器(一)\0515\5-10.c" 1
  85  0003              	IF 20000>263690
  85  0003              ;# 85 "C:\Users\YVTC\Desktop\單晶片微控制器(一)\0515\5-10.c" 1
  85  0003              	ERRMESSAGE 'the value 20000of the argument exceeds the maxinum 263690'
  85  0003              	ENDIF
  85  0003              ;# 85 "C:\Users\YVTC\Desktop\單晶片微控制器(一)\0515\5-10.c" 1
  85  0003              	IF 20000<0
  85  0003              ;# 85 "C:\Users\YVTC\Desktop\單晶片微控制器(一)\0515\5-10.c" 1
  85  0003              	ERRMESSAGE 'the value 20000 of the argument exceeds the mininum 0'
  85  0003              	ENDIF
  85  0003              ;# 85 "C:\Users\YVTC\Desktop\單晶片微控制器(一)\0515\5-10.c" 1
  85  0003              	IF 20000==0
  85  0003              ;# 85 "C:\Users\YVTC\Desktop\單晶片微控制器(一)\0515\5-10.c" 1
  85  0003              	JMP $
  85  0003              	ENDIF
  85  0003              ;# 85 "C:\Users\YVTC\Desktop\單晶片微控制器(一)\0515\5-10.c" 1
  85  0003              	IF (20000>=1) AND (20000<( 4 + __PBP__ * 2))
  85  0003              ;# 85 "C:\Users\YVTC\Desktop\單晶片微控制器(一)\0515\5-10.c" 1
  85  0003              	NOP
  85  0003              	ENDIF
"File: 5-10.c        Assembler  Version HGASM0202      Page 7

  85  0003              ;# 85 "C:\Users\YVTC\Desktop\單晶片微控制器(一)\0515\5-10.c" 1
  85  0003              	IF (20000>=2) AND (20000<( 4 + __PBP__ * 2))
  85  0003              ;# 85 "C:\Users\YVTC\Desktop\單晶片微控制器(一)\0515\5-10.c" 1
  85  0003              	NOP
  85  0003              	ENDIF
  85  0003              ;# 85 "C:\Users\YVTC\Desktop\單晶片微控制器(一)\0515\5-10.c" 1
  85  0003              	IF (20000>=3) AND (20000<( 4 + __PBP__ * 2))
  85  0003              ;# 85 "C:\Users\YVTC\Desktop\單晶片微控制器(一)\0515\5-10.c" 1
  85  0003              	NOP
  85  0003              	ENDIF
  85  0003              ;# 85 "C:\Users\YVTC\Desktop\單晶片微控制器(一)\0515\5-10.c" 1
  85  0003              	IF (20000>=4) AND (20000<( 4 + __PBP__ * 2)) AND ( __PBP__ > 0 )
  85  0003              ;# 85 "C:\Users\YVTC\Desktop\單晶片微控制器(一)\0515\5-10.c" 1
  85  0003              	NOP
  85  0003              	ENDIF
  85  0003              ;# 85 "C:\Users\YVTC\Desktop\單晶片微控制器(一)\0515\5-10.c" 1
  85  0003              	IF (20000>=5) AND (20000<( 4 + __PBP__ * 2)) AND ( __PBP__ > 0 )
  85  0003              ;# 85 "C:\Users\YVTC\Desktop\單晶片微控制器(一)\0515\5-10.c" 1
  85  0003              	NOP
  85  0003              	ENDIF
  85  0003              ;# 85 "C:\Users\YVTC\Desktop\單晶片微控制器(一)\0515\5-10.c" 1
  85  0003              	IF (20000>=6) AND (20000<( 4 + __PBP__ * 2))  AND ( __PBP__ > 1 )
  85  0003              ;# 85 "C:\Users\YVTC\Desktop\單晶片微控制器(一)\0515\5-10.c" 1
  85  0003              	NOP
  85  0003              	ENDIF
  85  0003              ;# 85 "C:\Users\YVTC\Desktop\單晶片微控制器(一)\0515\5-10.c" 1
  85  0003              	IF (20000>=7) AND (20000<( 4 + __PBP__ * 2))  AND ( __PBP__ > 1 )
  85  0003              ;# 85 "C:\Users\YVTC\Desktop\單晶片微控制器(一)\0515\5-10.c" 1
  85  0003              	NOP
  85  0003              	ENDIF
  85  0003              ;# 85 "C:\Users\YVTC\Desktop\單晶片微控制器(一)\0515\5-10.c" 1
  85  0003              	IF (20000>=8) AND (20000<( 4 + __PBP__ * 2))  AND ( __PBP__ > 2 )
  85  0003              ;# 85 "C:\Users\YVTC\Desktop\單晶片微控制器(一)\0515\5-10.c" 1
  85  0003              	NOP
  85  0003              	ENDIF
  85  0003              ;# 85 "C:\Users\YVTC\Desktop\單晶片微控制器(一)\0515\5-10.c" 1
  85  0003              	IF (20000==9)  AND ( __PBP__ > 2 )
  85  0003              ;# 85 "C:\Users\YVTC\Desktop\單晶片微控制器(一)\0515\5-10.c" 1
  85  0003              	NOP
  85  0003              	ENDIF
  85  0003              ;# 85 "C:\Users\YVTC\Desktop\單晶片微控制器(一)\0515\5-10.c" 1
  85  0003              	IF (20000< ( 8 + __PBP__ * 2)) AND (20000>( 3 + __PBP__ * 2))
  85  0003              ;# 85 "C:\Users\YVTC\Desktop\單晶片微控制器(一)\0515\5-10.c" 1
  85  0003              	fcall __DELAY3 + ( 7 + __PBP__ * 2) -20000
  85  0003              	ENDIF
  85  0003              ;# 85 "C:\Users\YVTC\Desktop\單晶片微控制器(一)\0515\5-10.c" 1
  85  0003              	IF (20000< ( 0404h + __PBP__ * 2)) AND (20000>( 7 + __PBP__ * 2))
  85  0003              ;# 85 "C:\Users\YVTC\Desktop\單晶片微控制器(一)\0515\5-10.c" 1
  85  0003              	MOV A,(20000-( 4 + __PBP__ * 2))/4
  85  0003              ;# 85 "C:\Users\YVTC\Desktop\單晶片微控制器(一)\0515\5-10.c" 1
  85  0003              	fcall __DELAYX3 + 3 -((20000-( 4 + __PBP__ * 2)) MOD 4) 
  85  0003              	ENDIF
  85  0003              ;# 85 "C:\Users\YVTC\Desktop\單晶片微控制器(一)\0515\5-10.c" 1
  85  0003              	IF (20000< ( 040bh + __PBP__ * 2)) AND (20000> ( 0403h + __PBP__ * 2))
  85  0003              ;# 85 "C:\Users\YVTC\Desktop\單晶片微控制器(一)\0515\5-10.c" 1
  85  0003              	MOV A,0 
  85  0003              ;# 85 "C:\Users\YVTC\Desktop\單晶片微控制器(一)\0515\5-10.c" 1
  85  0003              	fcall __DELAYX6 + ( 040ah + __PBP__ * 2) -20000
  85  0003              	ENDIF
  85  0003              ;# 85 "C:\Users\YVTC\Desktop\單晶片微控制器(一)\0515\5-10.c" 1
"File: 5-10.c        Assembler  Version HGASM0202      Page 8

  85  0003              	IF (20000 >= ( 040bh + __PBP__ * 2)) AND ((((20000-( 9 + __PBP__ * 2))%0402h)/4+1)>256)
  85  0003              ;# 85 "C:\Users\YVTC\Desktop\單晶片微控制器(一)\0515\5-10.c" 1
  85  0003              	MOV A,(20000-( 9 + __PBP__ * 2))/0402h
  85  0003              ;# 85 "C:\Users\YVTC\Desktop\單晶片微控制器(一)\0515\5-10.c" 1
  85  0003              	MOV _builtin_holtek_delay_2,A
  85  0003              ;# 85 "C:\Users\YVTC\Desktop\單晶片微控制器(一)\0515\5-10.c" 1
  85  0003              	MOV A,0
  85  0003              ;# 85 "C:\Users\YVTC\Desktop\單晶片微控制器(一)\0515\5-10.c" 1
  85  0003              	fcall __DELAYY5 +5- (((20000-( 9 + __PBP__ * 2))%0402h)%6) 
  85  0003              	ENDIF
  85  0003              ;# 85 "C:\Users\YVTC\Desktop\單晶片微控制器(一)\0515\5-10.c" 1
  85  0003              	IF (20000 >= ( 040bh + __PBP__ * 2)) AND ((((20000-( 9 + __PBP__ * 2))%0402h)/4+1)<=256)
  85  0003              ;# 85 "C:\Users\YVTC\Desktop\單晶片微控制器(一)\0515\5-10.c" 1
  85  0003  0F13        	MOV A,(20000-( 9 + __PBP__ * 2))/0402h
  85  0004              ;# 85 "C:\Users\YVTC\Desktop\單晶片微控制器(一)\0515\5-10.c" 1
  85  0004  0080     E  	MOV _builtin_holtek_delay_2,A
  85  0005              ;# 85 "C:\Users\YVTC\Desktop\單晶片微控制器(一)\0515\5-10.c" 1
  85  0005  0F7C        	MOV A,((20000-( 9 + __PBP__ * 2))%0402h)/4+1
  85  0006              ;# 85 "C:\Users\YVTC\Desktop\單晶片微控制器(一)\0515\5-10.c" 1
  85  0006              	fcall __DELAYY3 +3-(((20000-( 9 + __PBP__ * 2))%0402h)%4) 
  85  000D              	ENDIF
  85  000D  1480     E  	inc ra
  85  000E              _L8:
  85  000E  0700     E  	mov a,ra
  85  000F  0200     R  	sub a,_PAUSE_2[0]
  85  0010  390A        	snz z
  85  0011  2800     R  	jmp _L9
  85  0012  0003        	ret
  85  0013              _PAUSE endp
  85  0013              #line 85 "C:\Users\YVTC\Desktop\單晶片微控制器(一)\0515\5-10.c"
  85  0013              #pragma debug scope 1 1
  85  0013              ___wdtc equ [62]
  85  0013              public _main
  85  0013              #pragma debug scope 6 1
  25  0013              #line 25 "C:\Users\YVTC\Desktop\單晶片微控制器(一)\0515\5-10.c"
  25  0013              IFDEF WITH_DEFAULT_STARTUP
  25  0013              extern _main_initial0:near
  25  0013              extern _main_startup:near
  25  0013              ENDIF
  25  0013              
  25  0013              ROMBANK 0 @start
  25  0000              @start .section com_l 'code'
  25  0000              _main_startup1:
  25  0000              @start .section com_e 'code'
  25  0000  0F00     R  	mov a,bank _main
  25  0001  008B        	mov bp,a
  25  0002  2800     R  	jmp _main
  25  0003              
  25  0000              _main .section 'code'
  25  0000              _main proc
  25  0000  0003[           local _main_2 db 3 dup(?)
            00
            ]
  26  0003              #line 26 "C:\Users\YVTC\Desktop\單晶片微控制器(一)\0515\5-10.c"
  26  0000  0FAF        	mov a,175
  26  0001  00BE        	mov [62],a
  27  0002              #line 27 "C:\Users\YVTC\Desktop\單晶片微控制器(一)\0515\5-10.c"
  27  0002              	fcall _LCMInit
  28  0009              #line 28 "C:\Users\YVTC\Desktop\單晶片微控制器(一)\0515\5-10.c"
  28  0009  0F40        	mov a,64
"File: 5-10.c        Assembler  Version HGASM0202      Page 9

  28  000A  0080     R  	mov _LCMWrite4_2[0],a
  28  000B  0F00        	mov a,0
  28  000C              	fcall _LCMWrite4
  28  0013  0F40        	mov a,64
  28  0014  0080     R  	mov _main_2[0],a
  29  0015              #line 29 "C:\Users\YVTC\Desktop\單晶片微控制器(一)\0515\5-10.c"
  29  0015  1F00     R  	clr _main_2[1]
  29  0016              _L12:
  29  0016              #line 29 "C:\Users\YVTC\Desktop\單晶片微控制器(一)\0515\5-10.c"
  29  0016  0700     R  	mov a,_main_2[1]
  29  0017  0080     E  	mov rb,a
  29  0018  1F00     E  	clr rc
  29  0019  3F85        	sz acc.7
  29  001A  1F80     E  	set rc
  29  001B  0F00     R  	mov a,low offset _TAB_CGRAM
  29  001C  0300     E  	add a,rb
  29  001D  0083        	mov mp,a
  29  001E  0F00     R  	mov a,high offset _TAB_CGRAM
  29  001F  1300     E  	adc a,rc
  29  0020  0084        	mov sbp,a
  29  0021              	fcall _Crom2Prom
  29  0028              	fcall _reverse
  29  002F  0080     E  	mov ra,a
  29  0030  0700     E  	mov a,ra
  29  0031  0080     R  	mov _LCMWrite4_2[0],a
  29  0032  0F01        	mov a,1
  29  0033              	fcall _LCMWrite4
  29  003A  1480     R  	inc _main_2[1]
  29  003B  1780     R  	sdz _main_2[0]
  29  003C  2800     R  	jmp _L12
  29  003D              _L11:
  29  003D  1F00     R  	clr _main_2[0]
  29  003E              _L14:
  32  003E              #line 32 "C:\Users\YVTC\Desktop\單晶片微控制器(一)\0515\5-10.c"
  32  003E  0700     R  	mov a,_main_2[0]
  32  003F  0B80        	add a,128
  32  0040  0080     R  	mov _main_2[1],a
  32  0041  0700     R  	mov a,_main_2[1]
  32  0042  0080     R  	mov _LCMWrite4_2[0],a
  32  0043  0F00        	mov a,0
  32  0044              	fcall _LCMWrite4
  33  004B              #line 33 "C:\Users\YVTC\Desktop\單晶片微控制器(一)\0515\5-10.c"
  33  004B  1F00     R  	clr _LCMWrite4_2[0]
  33  004C  0F01        	mov a,1
  33  004D              	fcall _LCMWrite4
  33  0054  0F01        	mov a,1
  33  0055  0080     R  	mov _LCMWrite4_2[0],a
  33  0056  0F01        	mov a,1
  33  0057              	fcall _LCMWrite4
  34  005E              #line 34 "C:\Users\YVTC\Desktop\單晶片微控制器(一)\0515\5-10.c"
  34  005E  0700     R  	mov a,_main_2[0]
  34  005F  0BC0        	add a,192
  34  0060  0080     R  	mov _main_2[2],a
  34  0061  0700     R  	mov a,_main_2[2]
  34  0062  0080     R  	mov _LCMWrite4_2[0],a
  34  0063  0F00        	mov a,0
  34  0064              	fcall _LCMWrite4
  35  006B              #line 35 "C:\Users\YVTC\Desktop\單晶片微控制器(一)\0515\5-10.c"
  35  006B  0F02        	mov a,2
  35  006C  0080     R  	mov _LCMWrite4_2[0],a
"File: 5-10.c        Assembler  Version HGASM0202      Page 10

  35  006D  0F01        	mov a,1
  35  006E              	fcall _LCMWrite4
  35  0075  0F03        	mov a,3
  35  0076  0080     R  	mov _LCMWrite4_2[0],a
  35  0077  0F01        	mov a,1
  35  0078              	fcall _LCMWrite4
  36  007F              #line 36 "C:\Users\YVTC\Desktop\單晶片微控制器(一)\0515\5-10.c"
  36  007F  0F14        	mov a,20
  36  0080              	fcall _PAUSE
  37  0087              #line 37 "C:\Users\YVTC\Desktop\單晶片微控制器(一)\0515\5-10.c"
  37  0087  0700     R  	mov a,_main_2[1]
  37  0088  0080     R  	mov _LCMWrite4_2[0],a
  37  0089  0F00        	mov a,0
  37  008A              	fcall _LCMWrite4
  38  0091              #line 38 "C:\Users\YVTC\Desktop\單晶片微控制器(一)\0515\5-10.c"
  38  0091  0F04        	mov a,4
  38  0092  0080     R  	mov _LCMWrite4_2[0],a
  38  0093  0F01        	mov a,1
  38  0094              	fcall _LCMWrite4
  38  009B  0F05        	mov a,5
  38  009C  0080     R  	mov _LCMWrite4_2[0],a
  38  009D  0F01        	mov a,1
  38  009E              	fcall _LCMWrite4
  39  00A5              #line 39 "C:\Users\YVTC\Desktop\單晶片微控制器(一)\0515\5-10.c"
  39  00A5  0700     R  	mov a,_main_2[2]
  39  00A6  0080     R  	mov _LCMWrite4_2[0],a
  39  00A7  0F00        	mov a,0
  39  00A8              	fcall _LCMWrite4
  40  00AF              #line 40 "C:\Users\YVTC\Desktop\單晶片微控制器(一)\0515\5-10.c"
  40  00AF  0F06        	mov a,6
  40  00B0  0080     R  	mov _LCMWrite4_2[0],a
  40  00B1  0F01        	mov a,1
  40  00B2              	fcall _LCMWrite4
  40  00B9  0F07        	mov a,7
  40  00BA  0080     R  	mov _LCMWrite4_2[0],a
  40  00BB  0F01        	mov a,1
  40  00BC              	fcall _LCMWrite4
  41  00C3              #line 41 "C:\Users\YVTC\Desktop\單晶片微控制器(一)\0515\5-10.c"
  41  00C3  0F14        	mov a,20
  41  00C4              	fcall _PAUSE
  42  00CB              #line 42 "C:\Users\YVTC\Desktop\單晶片微控制器(一)\0515\5-10.c"
  42  00CB  0700     R  	mov a,_main_2[1]
  42  00CC  0080     R  	mov _LCMWrite4_2[0],a
  42  00CD  0F00        	mov a,0
  42  00CE              	fcall _LCMWrite4
  43  00D5              #line 43 "C:\Users\YVTC\Desktop\單晶片微控制器(一)\0515\5-10.c"
  43  00D5  0F20        	mov a,32
  43  00D6  0080     R  	mov _LCMWrite4_2[0],a
  43  00D7  0F01        	mov a,1
  43  00D8              	fcall _LCMWrite4
  43  00DF  0F20        	mov a,32
  43  00E0  0080     R  	mov _LCMWrite4_2[0],a
  43  00E1  0F01        	mov a,1
  43  00E2              	fcall _LCMWrite4
  44  00E9              #line 44 "C:\Users\YVTC\Desktop\單晶片微控制器(一)\0515\5-10.c"
  44  00E9  0700     R  	mov a,_main_2[2]
  44  00EA  0080     R  	mov _LCMWrite4_2[0],a
  44  00EB  0F00        	mov a,0
  44  00EC              	fcall _LCMWrite4
  45  00F3              #line 45 "C:\Users\YVTC\Desktop\單晶片微控制器(一)\0515\5-10.c"
"File: 5-10.c        Assembler  Version HGASM0202      Page 11

  45  00F3  0F20        	mov a,32
  45  00F4  0080     R  	mov _LCMWrite4_2[0],a
  45  00F5  0F01        	mov a,1
  45  00F6              	fcall _LCMWrite4
  45  00FD  0F20        	mov a,32
  45  00FE  0080     R  	mov _LCMWrite4_2[0],a
  45  00FF  0F01        	mov a,1
  45  0100              	fcall _LCMWrite4
  31  0107              #line 31 "C:\Users\YVTC\Desktop\單晶片微控制器(一)\0515\5-10.c"
  31  0107  1480     R  	inc _main_2[0]
  31  0108  0F12        	mov a,18
  31  0109  0200     R  	sub a,_main_2[0]
  31  010A  3B8A        	snz sc
  31  010B  2800     R  	jmp _L14
  31  010C  2800     R  	jmp _L11
  31  010D  2800     R  	jmp $
  31  010E              _main endp
  31  010E              
  31  010E              @dummy endp
  31  010E              
  31  010E              #line 31 "C:\Users\YVTC\Desktop\單晶片微控制器(一)\0515\5-10.c"
  31  010E              #pragma debug scope 1 1
  31  010E              public _TAB_CGRAM
  31  0000              @crom	.section 'crom'
   6  0000              #line 6 "C:\Users\YVTC\Desktop\單晶片微控制器(一)\0515\5-10.c"
   6  0000              @crom	.section	'crom'
   6  0000              _TAB_CGRAM:
   6  0000              #pragma debug array 42 8 64 1
   6  0000              #pragma debug array 42 8 64 1
   6  0000              #pragma debug variable 42 1 _TAB_CGRAM "TAB_CGRAM"
   6  0000              	db 0
   6  0001              	db 12
   6  0001              	db 30
   6  0002              	db 12
   6  0002              	db 6
   6  0003              	db 7
   6  0003              	db 7
   6  0004              	db 11
   6  0004              	db 0
   6  0005              	db 0
   6  0005              	db 0
   6  0006              	db 0
   6  0006              	db 0
   6  0007              	db 24
   6  0007              	db 4
   6  0008              	db 2
   6  0008              	db 17
   6  0009              	db 1
   6  0009              	db 1
   6  000A              	db 1
   6  000A              	db 2
   6  000B              	db 26
   6  000B              	db 12
   6  000C              	db 0
   6  000C              	db 16
   6  000D              	db 16
   6  000D              	db 8
   6  000E              	db 6
   6  000E              	db 3
   6  000F              	db 1
"File: 5-10.c        Assembler  Version HGASM0202      Page 12

   6  000F              	db 1
   6  0010              	db 0
   6  0010              	db 0
   6  0011              	db 12
   6  0011              	db 30
   6  0012              	db 12
   6  0012              	db 6
   6  0013              	db 7
   6  0013              	db 6
   6  0014              	db 3
   6  0014              	db 0
   6  0015              	db 0
   6  0015              	db 0
   6  0016              	db 0
   6  0016              	db 0
   6  0017              	db 0
   6  0017              	db 16
   6  0018              	db 8
   6  0018              	db 5
   6  0019              	db 5
   6  0019              	db 3
   6  001A              	db 4
   6  001A              	db 4
   6  001B              	db 3
   6  001B              	db 15
   6  001C              	db 0
   6  001C              	db 8
   6  001D              	db 16
   6  001D              	db 16
   6  001E              	db 16
   6  001E              	db 8
   6  001F              	db 6
   6  001F              	db 12
   6  0020              	db 0
   6  0020              #pragma debug struct_end
   6  0020              #pragma debug struct_end
   6  0020              #pragma debug union_end
   6  0020              #pragma debug union_end
   6  0020              #pragma debug variable 44 1 ___pg "__pg" 1
   6  0020              #pragma debug struct_end
   6  0020              #pragma debug struct_end
   6  0020              #pragma debug union_end
   6  0020              #pragma debug union_end
   6  0020              #pragma debug variable 46 1 ___pgc "__pgc" 1
   6  0020              #pragma debug struct_end
   6  0020              #pragma debug struct_end
   6  0020              #pragma debug union_end
   6  0020              #pragma debug union_end
   6  0020              #pragma debug variable 48 1 ___ph "__ph" 1
   6  0020              #pragma debug struct_end
   6  0020              #pragma debug struct_end
   6  0020              #pragma debug union_end
   6  0020              #pragma debug union_end
   6  0020              #pragma debug variable 50 1 ___phc "__phc" 1
   6  0020              #pragma debug struct_end
   6  0020              #pragma debug struct_end
   6  0020              #pragma debug union_end
   6  0020              #pragma debug union_end
   6  0020              #pragma debug variable 52 1 ___wdtc "__wdtc" 1
  25  0020              #line 25 "C:\Users\YVTC\Desktop\單晶片微控制器(一)\0515\5-10.c"
"File: 5-10.c        Assembler  Version HGASM0202      Page 13

  25  0000              @code .section at 0 'code'
  25  0000  1F0B        	clr bp
  25  0001  2800     R  	jmp _main_startup1
  25  0002              
  25  0002              
  25  0002              ; 
  25  0002              ; Generated by holtek-gcc v3.18, Tue May 15 13:05:50 2018
  25  0002              ; Rebuild 126
  25  0002              ; end of file


        0 Errors, 0