"File: 5-12.c        Assembler  Version HGASM0202      Page 1


   1  0000              ; Generated by holtek-gcc v3.18, Tue May 15 14:04:42 2018
   2  0000              ; 
   3  0000              ; Configuration:
   4  0000              ;       with long instruction
   5  0000              ;       Multi-ROM, Multi-RAM
   6  0000              ;       bits_per_rom_unit:16
   7  0000              ;       with mp1
   8  0000              ;       with tbhp, address(0x9)
   9  0000              ;          Use tabrd-const
  10  0000              ;       
  11  0000              ; SFR address of long-instruction arch:
  12  0000              ;    mp0 = -1,1,0
  13  0000              ;    mp1 = 4,3,2
  14  0000              ;    mp2 = 14,13,12
  15  0000              ;    tbp = 9,7,8
  16  0000              ;    acc = 5
  17  0000              ;    pcl = 6
  18  0000              ;    status = 10
  19  0000              ;    bp = 11
  20  0000              ;    intc = 48
  21  0000              ;       
  22  0000              ;       
  23  0000              ; use 'tabrdc' instead of 'tabrd'
  24  0000              ;       
  25  0000              
  26  0000              #pragma translator "holtek-gcc 4.6.4" "3.18" "build 20130711"
  27  0000              ; Rebuild 126
  28  0000              
  29  0000              ir equ [2]
  30  0000              mp equ [3]
  31  0000              sbp equ [4]
  32  0000              acc equ [5]
  33  0000              bp equ [11]
  34  0000              tblp equ [7]
  35  0000              tbhp equ [9]
  36  0000              status equ [10]
  37  0000              c equ [10].0
  38  0000              ac equ [10].1
  39  0000              z equ [10].2
  40  0000              ov equ [10].3
  41  0000              cz equ [10].6
  42  0000              sc equ [10].7
  43  0000              intc equ [48]
  44  0000              
  45  0000              extern ra:byte
  46  0000              extern rb:byte
  47  0000              extern rc:byte
  48  0000              extern rd:byte
  49  0000              extern re:byte
  50  0000              extern rf:byte
  51  0000              extern rg:byte
  52  0000              extern rh:byte
  53  0000              extern _Crom2Prom:near
  54  0000              extern _Crom2PromNext:near
  55  0000              
  56  0000              RAMBANK 0 @BITDATASEC, @BITDATASEC1
  57  0000              @HCCINIT	.section 'data'
  58  0000              @HCCINIT0	.section 'data'
  59  0000              @BITDATASEC	 .section 'data'
"File: 5-12.ASM      Assembler  Version HGASM0202      Page 2

  60  0000              @BITDATASEC1	 .section 'data'
  61  0000              
  62  0000              #pragma debug scope 1 1
  63  0000              	extern __DELAY3:near
  64  0000              	extern __DELAYX3:near
  65  0000              	extern __DELAYX6:near
  66  0000              	extern __DELAYY5:near
  67  0000              	extern __DELAYY3:near
  68  0000              	extern _builtin_holtek_delay_2:byte
  69  0000              ___mfi0 equ [52]
  70  0000              ___tm2c0 equ [81]
  71  0000              ___tm2ah equ [86]
  72  0000              ___tm2al equ [85]
  73  0000              public _Measure
  74  0000              #pragma debug scope 2 1

  71  0000              #line 71 "C:\Users\YVTC\Desktop\單晶片微控制器(一)\0515\5-12.c"
  71  0000              _Measure .section 'code'
  71  0000              _Measure proc
  71  0000              _L5:
  73  0000              #line 73 "C:\Users\YVTC\Desktop\單晶片微控制器(一)\0515\5-12.c"
  73  0000  3734        	clr [52].6
  73  0001  37B4        	clr [52].7
  73  0002  31D1        	set [81].3
  73  0003              _L3:
  74  0003              #line 74 "C:\Users\YVTC\Desktop\單晶片微控制器(一)\0515\5-12.c"
  74  0003  3BB4        	snz [52].7
  74  0004  2800     R  	jmp _L3
  75  0005              #line 75 "C:\Users\YVTC\Desktop\單晶片微控制器(一)\0515\5-12.c"
  75  0005  3F34        	sz [52].6
  75  0006  2800     R  	jmp _L5
  76  0007              #line 76 "C:\Users\YVTC\Desktop\單晶片微控制器(一)\0515\5-12.c"
  76  0007  0756        	mov a,[86]
  76  0008  0080     E  	mov rc,a
  76  0009  1F00     E  	clr rb
  76  000A  0700     E  	mov a,rc
  76  000B  0080     E  	mov re,a
  76  000C  0755        	mov a,[85]
  76  000D  0500     E  	or a,rb
  76  000E  0080     E  	mov rd,a
  77  000F              #line 77 "C:\Users\YVTC\Desktop\單晶片微控制器(一)\0515\5-12.c"
  77  000F  37B4        	clr [52].7
  77  0010              _L7:
  78  0010              #line 78 "C:\Users\YVTC\Desktop\單晶片微控制器(一)\0515\5-12.c"
  78  0010  3BB4        	snz [52].7
  78  0011  2800     R  	jmp _L7
  79  0012              #line 79 "C:\Users\YVTC\Desktop\單晶片微控制器(一)\0515\5-12.c"
  79  0012  0756        	mov a,[86]
  79  0013  0080     E  	mov rc,a
  79  0014  1F00     E  	clr rb
  80  0015              #line 80 "C:\Users\YVTC\Desktop\單晶片微控制器(一)\0515\5-12.c"
  80  0015  0755        	mov a,[85]
  80  0016  0580     E  	orm a,rb
  82  0017              #line 82 "C:\Users\YVTC\Desktop\單晶片微控制器(一)\0515\5-12.c"
  82  0017  35D1        	clr [81].3
  81  0018              #line 81 "C:\Users\YVTC\Desktop\單晶片微控制器(一)\0515\5-12.c"
  81  0018  0700     E  	mov a,rb
  81  0019  0200     E  	sub a,rd
  81  001A  0080     E  	mov rb,a
  81  001B  0700     E  	mov a,rc
"File: 5-12.c        Assembler  Version HGASM0202      Page 3

  81  001C  1200     E  	sbc a,re
  81  001D  0080     E  	mov rc,a
  84  001E              #line 84 "C:\Users\YVTC\Desktop\單晶片微控制器(一)\0515\5-12.c"
  84  001E  0700     E  	mov a,rb
  84  001F  0080     E  	mov ra,a
  84  0020  0700     E  	mov a,rc
  84  0021  0080     E  	mov rb,a
  84  0022  340A        	clr c
  84  0023  1B80     E  	rrc rb
  84  0024  1B80     E  	rrc ra
  84  0025  0003        	ret
  84  0026              _Measure endp
  84  0026              #line 84 "C:\Users\YVTC\Desktop\單晶片微控制器(一)\0515\5-12.c"
  84  0026              #pragma debug scope 1 1
  84  0026              public _WordHex2ASCII
  84  0026              #pragma debug scope 3 1
  86  0026              #line 86 "C:\Users\YVTC\Desktop\單晶片微控制器(一)\0515\5-12.c"
  86  0000              _WordHex2ASCII .section 'code'
  86  0000              _WordHex2ASCII proc
  86  0000              public _WordHex2ASCII_2
  86  0000  0006[           local _WordHex2ASCII_2 db 6 dup(?)	; 4,2
            00
            ]
  86  0006              #pragma debug variable 10 3 _WordHex2ASCII_2+0 "WordHex"
  86  0006              #pragma debug pointer 42 8 3
  86  0006              #pragma debug pointer 42 8 3
  86  0006              #pragma debug variable 42 3 _WordHex2ASCII_2+2 "ptr"
  86  0000  0FFC        	mov a,252
  86  0001  0300     R  	add a,_WordHex2ASCII_2[2]
  86  0002  0080     E  	mov rf,a
  86  0003  0FFF        	mov a,255
  86  0004  1300     R  	adc a,_WordHex2ASCII_2[3]
  86  0005  0080     E  	mov rg,a
  86  0006  0700     R  	mov a,_WordHex2ASCII_2[2]
  86  0007  0080     E  	mov rb,a
  86  0008  0700     R  	mov a,_WordHex2ASCII_2[3]
  86  0009  0080     E  	mov rc,a
  86  000A  0F10        	mov a,16
  86  000B  0080     E  	mov rd,a
  86  000C  0F27        	mov a,39
  86  000D  0080     E  	mov re,a
  86  000E              _L11:
  88  000E              #line 88 "C:\Users\YVTC\Desktop\單晶片微控制器(一)\0515\5-12.c"
  88  000E  1F00     E  	clr _builtin_holtek_udivmodhi4_2[6]
  88  000F  0700     R  	mov a,_WordHex2ASCII_2[0]  
  88  0010  0080     E  	mov _builtin_holtek_udivmodhi4_2[0],a  
  88  0011  0700     R  	mov a,_WordHex2ASCII_2[1]  
  88  0012  0080     E  	mov _builtin_holtek_udivmodhi4_2[1],a
  88  0013  0700     E  	mov a,rd  
  88  0014  0080     E  	mov _builtin_holtek_udivmodhi4_2[2],a  
  88  0015  0700     E  	mov a,re  
  88  0016  0080     E  	mov _builtin_holtek_udivmodhi4_2[3],a
  88  0017              	fcall _builtin_holtek_udivmodhi4
  88  001E  0700     E  	mov a,_builtin_holtek_udivmodhi4_2[0]  
  88  001F  0080     R  	mov _WordHex2ASCII_2[4],a  
  88  0020  0700     E  	mov a,_builtin_holtek_udivmodhi4_2[1]  
  88  0021  0080     R  	mov _WordHex2ASCII_2[5],a
  88  0022  0700     R  	mov a,_WordHex2ASCII_2[4]
  88  0023  0B30        	add a,48
  88  0024  0080     E  	mov ra,a
"File: 5-12.c        Assembler  Version HGASM0202      Page 4

  88  0025  0700     E  	mov a,rb
  88  0026  0083        	mov mp,a
  88  0027  0700     E  	mov a,rc
  88  0028  0084        	mov sbp,a
  88  0029  0700     E  	mov a,ra
  88  002A  0082        	mov ir,a
  89  002B              #line 89 "C:\Users\YVTC\Desktop\單晶片微控制器(一)\0515\5-12.c"
  89  002B  1F00     E  	clr _builtin_holtek_udivmodhi4_2[6]
  89  002C  0700     R  	mov a,_WordHex2ASCII_2[0]  
  89  002D  0080     E  	mov _builtin_holtek_udivmodhi4_2[0],a  
  89  002E  0700     R  	mov a,_WordHex2ASCII_2[1]  
  89  002F  0080     E  	mov _builtin_holtek_udivmodhi4_2[1],a
  89  0030  0700     E  	mov a,rd  
  89  0031  0080     E  	mov _builtin_holtek_udivmodhi4_2[2],a  
  89  0032  0700     E  	mov a,re  
  89  0033  0080     E  	mov _builtin_holtek_udivmodhi4_2[3],a
  89  0034              	fcall _builtin_holtek_udivmodhi4
  89  003B  0700     E  	mov a,_builtin_holtek_udivmodhi4_2[4]  
  89  003C  0080     R  	mov _WordHex2ASCII_2[0],a  
  89  003D  0700     E  	mov a,_builtin_holtek_udivmodhi4_2[5]  
  89  003E  0080     R  	mov _WordHex2ASCII_2[1],a
  90  003F              #line 90 "C:\Users\YVTC\Desktop\單晶片微控制器(一)\0515\5-12.c"
  90  003F  0700     E  	mov a,rd
  90  0040  0080     E  	mov _builtin_holtek_udivmodhi4_2[0],a
  90  0041  0700     E  	mov a,re
  90  0042  0080     E  	mov _builtin_holtek_udivmodhi4_2[1],a
  90  0043  0F0A        	mov a,10
  90  0044  0080     E  	mov _builtin_holtek_udivmodhi4_2[2],a
  90  0045  0F00        	mov a,0
  90  0046  0080     E  	mov _builtin_holtek_udivmodhi4_2[3],a
  90  0047              	fcall _builtin_holtek_divmodhi4
  90  004E  0700     E  	mov a,_builtin_holtek_udivmodhi4_2[0]
  90  004F  0080     E  	mov rd,a
  90  0050  0700     E  	mov a,_builtin_holtek_udivmodhi4_2[1]
  90  0051  0080     E  	mov re,a
  90  0052  0FFF        	mov a,255
  90  0053  0380     E  	addm a,rb
  90  0054  0FFF        	mov a,255
  90  0055  1380     E  	adcm a,rc
  87  0056              #line 87 "C:\Users\YVTC\Desktop\單晶片微控制器(一)\0515\5-12.c"
  87  0056  0700     E  	mov a,rb
  87  0057  0200     E  	sub a,rf
  87  0058  0700     E  	mov a,rc
  87  0059  1200     E  	sbc a,rg
  87  005A  3B0A        	snz cz
  87  005B  2800     R  	jmp _L11
  92  005C              #line 92 "C:\Users\YVTC\Desktop\單晶片微控制器(一)\0515\5-12.c"
  92  005C  0700     R  	mov a,_WordHex2ASCII_2[0]
  92  005D  0B30        	add a,48
  92  005E  0080     E  	mov ra,a
  92  005F  0FFC        	mov a,252
  92  0060  0300     R  	add a,_WordHex2ASCII_2[2]
  92  0061  0083        	mov mp,a
  92  0062  0FFF        	mov a,255
  92  0063  1300     R  	adc a,_WordHex2ASCII_2[3]
  92  0064  0084        	mov sbp,a
  92  0065  0700     E  	mov a,ra
  92  0066  0082        	mov ir,a
  92  0067  0003        	ret
  92  0068              _WordHex2ASCII endp
"File: 5-12.c        Assembler  Version HGASM0202      Page 5

  92  0068              #line 92 "C:\Users\YVTC\Desktop\單晶片微控制器(一)\0515\5-12.c"
  92  0068              #pragma debug scope 1 1
  92  0068              ___pgc equ [43]
  92  0068              ___ph equ [46]
  92  0068              ___pg equ [42]
  92  0068              public _LCMWrite
  92  0068              #pragma debug scope 4 1
 112  0068              #line 112 "C:\Users\YVTC\Desktop\單晶片微控制器(一)\0515\5-12.c"
 112  0000              _LCMWrite .section 'code'
 112  0000              _LCMWrite proc
 112  0000              public _LCMWrite_2
 112  0000  0002[           local _LCMWrite_2 db 2 dup(?)	; 1,1
            00
            ]
 112  0000  0080     R  	mov _LCMWrite_2[1],a
 112  0001              #pragma debug variable 8 4 _LCMWrite_2+1 "DCFlag"
 112  0001              #pragma debug variable 8 4 _LCMWrite_2+0 "CD"
 113  0001              #line 113 "C:\Users\YVTC\Desktop\單晶片微控制器(一)\0515\5-12.c"
 113  0001  1FAB        	set [43]
 114  0002              #line 114 "C:\Users\YVTC\Desktop\單晶片微控制器(一)\0515\5-12.c"
 114  0002  342E        	clr [46].0
 114  0003  30AE        	set [46].1
 115  0004              #line 115 "C:\Users\YVTC\Desktop\單晶片微控制器(一)\0515\5-12.c"
 115  0004              ;# 115 "C:\Users\YVTC\Desktop\單晶片微控制器(一)\0515\5-12.c" 1
 115  0004  0000        	nop
 115  0005              _L14:
 117  0005              #line 117 "C:\Users\YVTC\Desktop\單晶片微控制器(一)\0515\5-12.c"
 117  0005  312E        	set [46].2
 117  0006              ;# 117 "C:\Users\YVTC\Desktop\單晶片微控制器(一)\0515\5-12.c" 1
 117  0006  0000        	nop
 118  0007              #line 118 "C:\Users\YVTC\Desktop\單晶片微控制器(一)\0515\5-12.c"
 118  0007  072A        	mov a,[42]
 118  0008  0080     E  	mov ra,a
 119  0009              #line 119 "C:\Users\YVTC\Desktop\單晶片微控制器(一)\0515\5-12.c"
 119  0009  352E        	clr [46].2
 120  000A              #line 120 "C:\Users\YVTC\Desktop\單晶片微控制器(一)\0515\5-12.c"
 120  000A  3C00     E  	sz ra.7
 120  000B  2800     R  	jmp _L14
 121  000C              #line 121 "C:\Users\YVTC\Desktop\單晶片微控制器(一)\0515\5-12.c"
 121  000C  1F2B        	clr [43]
 122  000D              #line 122 "C:\Users\YVTC\Desktop\單晶片微控制器(一)\0515\5-12.c"
 122  000D  34AE        	clr [46].1
 123  000E              #line 123 "C:\Users\YVTC\Desktop\單晶片微控制器(一)\0515\5-12.c"
 123  000E  0700     R  	mov a,_LCMWrite_2[1]
 123  000F  0E01        	and a,1
 123  0010  0080     E  	mov rb,a
 123  0011  342E        	clr [46].0
 123  0012  0700     E  	mov a,rb
 123  0013  05AE        	orm a,[46]
 124  0014              #line 124 "C:\Users\YVTC\Desktop\單晶片微控制器(一)\0515\5-12.c"
 124  0014  0700     R  	mov a,_LCMWrite_2[0]
 124  0015  00AA        	mov [42],a
 125  0016              #line 125 "C:\Users\YVTC\Desktop\單晶片微控制器(一)\0515\5-12.c"
 125  0016  312E        	set [46].2
 125  0017              ;# 125 "C:\Users\YVTC\Desktop\單晶片微控制器(一)\0515\5-12.c" 1
 125  0017  0000        	nop
 125  0018  352E        	clr [46].2
 127  0019              #line 127 "C:\Users\YVTC\Desktop\單晶片微控制器(一)\0515\5-12.c"
 127  0019  0700     E  	mov a,ra
 127  001A  0003        	ret
"File: 5-12.c        Assembler  Version HGASM0202      Page 6

 127  001B              _LCMWrite endp
 127  001B              #line 127 "C:\Users\YVTC\Desktop\單晶片微控制器(一)\0515\5-12.c"
 127  001B              #pragma debug scope 1 1
 127  001B              public _DisplayDigit
 127  001B              #pragma debug scope 5 1
  61  001B              #line 61 "C:\Users\YVTC\Desktop\單晶片微控制器(一)\0515\5-12.c"
  61  0000              _DisplayDigit .section 'code'
  61  0000              _DisplayDigit proc
  61  0000              public _DisplayDigit_2
  61  0000  0004[           local _DisplayDigit_2 db 4 dup(?)	; 2,2
            00
            ]
  61  0004              #pragma debug pointer 43 8 5
  61  0004              #pragma debug pointer 43 8 5
  61  0004              #pragma debug variable 43 5 _DisplayDigit_2+0 "ptr"
  61  0004              #pragma debug variable 8 5 _DisplayDigit_2+3 "LeadingZero"
  61  0000  0F04        	mov a,4
  61  0001  0080     R  	mov _DisplayDigit_2[2],a
  61  0002  0F01        	mov a,1
  61  0003  0080     R  	mov _DisplayDigit_2[3],a
  61  0004              _L19:
  61  0004  0700     R  	mov a,_DisplayDigit_2[0]
  61  0005  0080     E  	mov rb,a
  61  0006  0700     R  	mov a,_DisplayDigit_2[1]
  61  0007  0080     E  	mov rc,a
  63  0008              #line 63 "C:\Users\YVTC\Desktop\單晶片微控制器(一)\0515\5-12.c"
  63  0008  1E00     R  	snz _DisplayDigit_2[3]
  63  0009  2800     R  	jmp _L16
  63  000A  0700     E  	mov a,rb
  63  000B  0083        	mov mp,a
  63  000C  0700     E  	mov a,rc
  63  000D  0084        	mov sbp,a
  63  000E              	fcall _Crom2Prom
  63  0015  0080     E  	mov ra,a
  63  0016  0700     E  	mov a,ra
  63  0017  0A30        	sub a,48
  63  0018  390A        	snz z
  63  0019  2800     R  	jmp _L16
  64  001A              #line 64 "C:\Users\YVTC\Desktop\單晶片微控制器(一)\0515\5-12.c"
  64  001A  0F20        	mov a,32
  64  001B  0080     R  	mov _LCMWrite_2[0],a
  64  001C  0F01        	mov a,1
  64  001D              	fcall _LCMWrite
  64  0024  2800     R  	jmp _L17
  64  0025              _L16:
  66  0025              #line 66 "C:\Users\YVTC\Desktop\單晶片微控制器(一)\0515\5-12.c"
  66  0025  0700     E  	mov a,rb
  66  0026  0083        	mov mp,a
  66  0027  0700     E  	mov a,rc
  66  0028  0084        	mov sbp,a
  66  0029              	fcall _Crom2Prom
  66  0030  0080     R  	mov _LCMWrite_2[0],a
  66  0031  0F01        	mov a,1
  66  0032              	fcall _LCMWrite
  66  0039  1F00     R  	clr _DisplayDigit_2[3]
  66  003A              _L17:
  67  003A              #line 67 "C:\Users\YVTC\Desktop\單晶片微控制器(一)\0515\5-12.c"
  67  003A  0FFF        	mov a,255
  67  003B  0380     R  	addm a,_DisplayDigit_2[0]
  67  003C  0FFF        	mov a,255
"File: 5-12.c        Assembler  Version HGASM0202      Page 7

  67  003D  1380     R  	adcm a,_DisplayDigit_2[1]
  67  003E  1780     R  	sdz _DisplayDigit_2[2]
  67  003F  2800     R  	jmp _L19
  67  0040  0003        	ret
  67  0041              _DisplayDigit endp
  67  0041              #line 67 "C:\Users\YVTC\Desktop\單晶片微控制器(一)\0515\5-12.c"
  67  0041              #pragma debug scope 1 1
  67  0041              ___phc equ [47]
  67  0041              public _LCMInit
  67  0041              #pragma debug scope 6 1
  95  0041              #line 95 "C:\Users\YVTC\Desktop\單晶片微控制器(一)\0515\5-12.c"
  95  0000              _LCMInit .section 'code'
  95  0000              _LCMInit proc
  95  0000  00              local _LCMInit_2 db 1 dup(?)	; 0,1
  96  0001              #line 96 "C:\Users\YVTC\Desktop\單晶片微控制器(一)\0515\5-12.c"
  96  0000  352E        	clr [46].2
  96  0001  34AE        	clr [46].1
  96  0002  342E        	clr [46].0
  97  0003              #line 97 "C:\Users\YVTC\Desktop\單晶片微控制器(一)\0515\5-12.c"
  97  0003  352F        	clr [47].2
  97  0004  34AF        	clr [47].1
  97  0005  342F        	clr [47].0
  98  0006              #line 98 "C:\Users\YVTC\Desktop\單晶片微控制器(一)\0515\5-12.c"
  98  0006              ;# 98 "C:\Users\YVTC\Desktop\單晶片微控制器(一)\0515\5-12.c" 1
  98  0006              	IF 80000>263690
  98  0006              ;# 98 "C:\Users\YVTC\Desktop\單晶片微控制器(一)\0515\5-12.c" 1
  98  0006              	ERRMESSAGE 'the value 80000of the argument exceeds the maxinum 263690'
  98  0006              	ENDIF
  98  0006              ;# 98 "C:\Users\YVTC\Desktop\單晶片微控制器(一)\0515\5-12.c" 1
  98  0006              	IF 80000<0
  98  0006              ;# 98 "C:\Users\YVTC\Desktop\單晶片微控制器(一)\0515\5-12.c" 1
  98  0006              	ERRMESSAGE 'the value 80000 of the argument exceeds the mininum 0'
  98  0006              	ENDIF
  98  0006              ;# 98 "C:\Users\YVTC\Desktop\單晶片微控制器(一)\0515\5-12.c" 1
  98  0006              	IF 80000==0
  98  0006              ;# 98 "C:\Users\YVTC\Desktop\單晶片微控制器(一)\0515\5-12.c" 1
  98  0006              	JMP $
  98  0006              	ENDIF
  98  0006              ;# 98 "C:\Users\YVTC\Desktop\單晶片微控制器(一)\0515\5-12.c" 1
  98  0006              	IF (80000>=1) AND (80000<( 4 + __PBP__ * 2))
  98  0006              ;# 98 "C:\Users\YVTC\Desktop\單晶片微控制器(一)\0515\5-12.c" 1
  98  0006              	NOP
  98  0006              	ENDIF
  98  0006              ;# 98 "C:\Users\YVTC\Desktop\單晶片微控制器(一)\0515\5-12.c" 1
  98  0006              	IF (80000>=2) AND (80000<( 4 + __PBP__ * 2))
  98  0006              ;# 98 "C:\Users\YVTC\Desktop\單晶片微控制器(一)\0515\5-12.c" 1
  98  0006              	NOP
  98  0006              	ENDIF
  98  0006              ;# 98 "C:\Users\YVTC\Desktop\單晶片微控制器(一)\0515\5-12.c" 1
  98  0006              	IF (80000>=3) AND (80000<( 4 + __PBP__ * 2))
  98  0006              ;# 98 "C:\Users\YVTC\Desktop\單晶片微控制器(一)\0515\5-12.c" 1
  98  0006              	NOP
  98  0006              	ENDIF
  98  0006              ;# 98 "C:\Users\YVTC\Desktop\單晶片微控制器(一)\0515\5-12.c" 1
  98  0006              	IF (80000>=4) AND (80000<( 4 + __PBP__ * 2)) AND ( __PBP__ > 0 )
  98  0006              ;# 98 "C:\Users\YVTC\Desktop\單晶片微控制器(一)\0515\5-12.c" 1
  98  0006              	NOP
  98  0006              	ENDIF
  98  0006              ;# 98 "C:\Users\YVTC\Desktop\單晶片微控制器(一)\0515\5-12.c" 1
  98  0006              	IF (80000>=5) AND (80000<( 4 + __PBP__ * 2)) AND ( __PBP__ > 0 )
"File: 5-12.c        Assembler  Version HGASM0202      Page 8

  98  0006              ;# 98 "C:\Users\YVTC\Desktop\單晶片微控制器(一)\0515\5-12.c" 1
  98  0006              	NOP
  98  0006              	ENDIF
  98  0006              ;# 98 "C:\Users\YVTC\Desktop\單晶片微控制器(一)\0515\5-12.c" 1
  98  0006              	IF (80000>=6) AND (80000<( 4 + __PBP__ * 2))  AND ( __PBP__ > 1 )
  98  0006              ;# 98 "C:\Users\YVTC\Desktop\單晶片微控制器(一)\0515\5-12.c" 1
  98  0006              	NOP
  98  0006              	ENDIF
  98  0006              ;# 98 "C:\Users\YVTC\Desktop\單晶片微控制器(一)\0515\5-12.c" 1
  98  0006              	IF (80000>=7) AND (80000<( 4 + __PBP__ * 2))  AND ( __PBP__ > 1 )
  98  0006              ;# 98 "C:\Users\YVTC\Desktop\單晶片微控制器(一)\0515\5-12.c" 1
  98  0006              	NOP
  98  0006              	ENDIF
  98  0006              ;# 98 "C:\Users\YVTC\Desktop\單晶片微控制器(一)\0515\5-12.c" 1
  98  0006              	IF (80000>=8) AND (80000<( 4 + __PBP__ * 2))  AND ( __PBP__ > 2 )
  98  0006              ;# 98 "C:\Users\YVTC\Desktop\單晶片微控制器(一)\0515\5-12.c" 1
  98  0006              	NOP
  98  0006              	ENDIF
  98  0006              ;# 98 "C:\Users\YVTC\Desktop\單晶片微控制器(一)\0515\5-12.c" 1
  98  0006              	IF (80000==9)  AND ( __PBP__ > 2 )
  98  0006              ;# 98 "C:\Users\YVTC\Desktop\單晶片微控制器(一)\0515\5-12.c" 1
  98  0006              	NOP
  98  0006              	ENDIF
  98  0006              ;# 98 "C:\Users\YVTC\Desktop\單晶片微控制器(一)\0515\5-12.c" 1
  98  0006              	IF (80000< ( 8 + __PBP__ * 2)) AND (80000>( 3 + __PBP__ * 2))
  98  0006              ;# 98 "C:\Users\YVTC\Desktop\單晶片微控制器(一)\0515\5-12.c" 1
  98  0006              	fcall __DELAY3 + ( 7 + __PBP__ * 2) -80000
  98  0006              	ENDIF
  98  0006              ;# 98 "C:\Users\YVTC\Desktop\單晶片微控制器(一)\0515\5-12.c" 1
  98  0006              	IF (80000< ( 0404h + __PBP__ * 2)) AND (80000>( 7 + __PBP__ * 2))
  98  0006              ;# 98 "C:\Users\YVTC\Desktop\單晶片微控制器(一)\0515\5-12.c" 1
  98  0006              	MOV A,(80000-( 4 + __PBP__ * 2))/4
  98  0006              ;# 98 "C:\Users\YVTC\Desktop\單晶片微控制器(一)\0515\5-12.c" 1
  98  0006              	fcall __DELAYX3 + 3 -((80000-( 4 + __PBP__ * 2)) MOD 4) 
  98  0006              	ENDIF
  98  0006              ;# 98 "C:\Users\YVTC\Desktop\單晶片微控制器(一)\0515\5-12.c" 1
  98  0006              	IF (80000< ( 040bh + __PBP__ * 2)) AND (80000> ( 0403h + __PBP__ * 2))
  98  0006              ;# 98 "C:\Users\YVTC\Desktop\單晶片微控制器(一)\0515\5-12.c" 1
  98  0006              	MOV A,0 
  98  0006              ;# 98 "C:\Users\YVTC\Desktop\單晶片微控制器(一)\0515\5-12.c" 1
  98  0006              	fcall __DELAYX6 + ( 040ah + __PBP__ * 2) -80000
  98  0006              	ENDIF
  98  0006              ;# 98 "C:\Users\YVTC\Desktop\單晶片微控制器(一)\0515\5-12.c" 1
  98  0006              	IF (80000 >= ( 040bh + __PBP__ * 2)) AND ((((80000-( 9 + __PBP__ * 2))%0402h)/4+1)>256)
  98  0006              ;# 98 "C:\Users\YVTC\Desktop\單晶片微控制器(一)\0515\5-12.c" 1
  98  0006              	MOV A,(80000-( 9 + __PBP__ * 2))/0402h
  98  0006              ;# 98 "C:\Users\YVTC\Desktop\單晶片微控制器(一)\0515\5-12.c" 1
  98  0006              	MOV _builtin_holtek_delay_2,A
  98  0006              ;# 98 "C:\Users\YVTC\Desktop\單晶片微控制器(一)\0515\5-12.c" 1
  98  0006              	MOV A,0
  98  0006              ;# 98 "C:\Users\YVTC\Desktop\單晶片微控制器(一)\0515\5-12.c" 1
  98  0006              	fcall __DELAYY5 +5- (((80000-( 9 + __PBP__ * 2))%0402h)%6) 
  98  0006              	ENDIF
  98  0006              ;# 98 "C:\Users\YVTC\Desktop\單晶片微控制器(一)\0515\5-12.c" 1
  98  0006              	IF (80000 >= ( 040bh + __PBP__ * 2)) AND ((((80000-( 9 + __PBP__ * 2))%0402h)/4+1)<=256)
  98  0006              ;# 98 "C:\Users\YVTC\Desktop\單晶片微控制器(一)\0515\5-12.c" 1
  98  0006  0F4D        	MOV A,(80000-( 9 + __PBP__ * 2))/0402h
  98  0007              ;# 98 "C:\Users\YVTC\Desktop\單晶片微控制器(一)\0515\5-12.c" 1
  98  0007  0080     E  	MOV _builtin_holtek_delay_2,A
  98  0008              ;# 98 "C:\Users\YVTC\Desktop\單晶片微控制器(一)\0515\5-12.c" 1
"File: 5-12.c        Assembler  Version HGASM0202      Page 9

  98  0008  0FF7        	MOV A,((80000-( 9 + __PBP__ * 2))%0402h)/4+1
  98  0009              ;# 98 "C:\Users\YVTC\Desktop\單晶片微控制器(一)\0515\5-12.c" 1
  98  0009              	fcall __DELAYY3 +3-(((80000-( 9 + __PBP__ * 2))%0402h)%4) 
  98  0010              	ENDIF
  99  0010              #line 99 "C:\Users\YVTC\Desktop\單晶片微控制器(一)\0515\5-12.c"
  99  0010  0F38        	mov a,56
  99  0011  0080     R  	mov _LCMWrite_2[0],a
  99  0012  0F00        	mov a,0
  99  0013              	fcall _LCMWrite
 100  001A              #line 100 "C:\Users\YVTC\Desktop\單晶片微控制器(一)\0515\5-12.c"
 100  001A  0F0C        	mov a,12
 100  001B  0080     R  	mov _LCMWrite_2[0],a
 100  001C  0F00        	mov a,0
 100  001D              	fcall _LCMWrite
 101  0024              #line 101 "C:\Users\YVTC\Desktop\單晶片微控制器(一)\0515\5-12.c"
 101  0024  0F06        	mov a,6
 101  0025  0080     R  	mov _LCMWrite_2[0],a
 101  0026  0F00        	mov a,0
 101  0027              	fcall _LCMWrite
 102  002E              #line 102 "C:\Users\YVTC\Desktop\單晶片微控制器(一)\0515\5-12.c"
 102  002E  0F01        	mov a,1
 102  002F  0080     R  	mov _LCMWrite_2[0],a
 102  0030  0F00        	mov a,0
 102  0031              	fcall _LCMWrite
 104  0038              #line 104 "C:\Users\YVTC\Desktop\單晶片微控制器(一)\0515\5-12.c"
 104  0038  0F80        	mov a,128
 104  0039  0080     R  	mov _LCMWrite_2[0],a
 104  003A  0F00        	mov a,0
 104  003B              	fcall _LCMWrite
 104  0042  1F00     R  	clr _LCMInit_2[0]
 104  0043              _L24:
 105  0043              #line 105 "C:\Users\YVTC\Desktop\單晶片微控制器(一)\0515\5-12.c"
 105  0043  0F00     R  	mov a,low offset _String1
 105  0044  0300     R  	add a,_LCMInit_2[0]
 105  0045  0083        	mov mp,a
 105  0046  0F00     R  	mov a,high offset _String1
 105  0047  1F04        	clr sbp
 105  0048  1384        	adcm a,sbp
 105  0049              	fcall _Crom2Prom
 105  0050  0080     E  	mov ra,a
 105  0051  1E00     E  	snz ra
 105  0052  2800     R  	jmp _L28
 106  0053              #line 106 "C:\Users\YVTC\Desktop\單晶片微控制器(一)\0515\5-12.c"
 106  0053  1480     R  	inc _LCMInit_2[0]
 106  0054  0700     E  	mov a,ra
 106  0055  0080     R  	mov _LCMWrite_2[0],a
 106  0056  0F01        	mov a,1
 106  0057              	fcall _LCMWrite
 106  005E  2800     R  	jmp _L24
 106  005F              _L28:
 107  005F              #line 107 "C:\Users\YVTC\Desktop\單晶片微控制器(一)\0515\5-12.c"
 107  005F  0FC0        	mov a,192
 107  0060  0080     R  	mov _LCMWrite_2[0],a
 107  0061  0F00        	mov a,0
 107  0062              	fcall _LCMWrite
 107  0069  1F00     R  	clr _LCMInit_2[0]
 108  006A              #line 108 "C:\Users\YVTC\Desktop\單晶片微控制器(一)\0515\5-12.c"
 108  006A  2800     R  	jmp _L26
 108  006B              _L27:
 109  006B              #line 109 "C:\Users\YVTC\Desktop\單晶片微控制器(一)\0515\5-12.c"
"File: 5-12.c        Assembler  Version HGASM0202      Page 10

 109  006B  1480     R  	inc _LCMInit_2[0]
 109  006C  0700     E  	mov a,ra
 109  006D  0080     R  	mov _LCMWrite_2[0],a
 109  006E  0F01        	mov a,1
 109  006F              	fcall _LCMWrite
 109  0076              _L26:
 108  0076              #line 108 "C:\Users\YVTC\Desktop\單晶片微控制器(一)\0515\5-12.c"
 108  0076  0F00     R  	mov a,low offset _String2
 108  0077  0300     R  	add a,_LCMInit_2[0]
 108  0078  0083        	mov mp,a
 108  0079  0F00     R  	mov a,high offset _String2
 108  007A  1F04        	clr sbp
 108  007B  1384        	adcm a,sbp
 108  007C              	fcall _Crom2Prom
 108  0083  0080     E  	mov ra,a
 108  0084  1080     E  	sz ra
 108  0085  2800     R  	jmp _L27
 108  0086  0003        	ret
 108  0087              _LCMInit endp
 108  0087              #line 108 "C:\Users\YVTC\Desktop\單晶片微控制器(一)\0515\5-12.c"
 108  0087              #pragma debug scope 1 1
 108  0087              public _PAUSE
 108  0087              #pragma debug scope 7 1
 129  0087              #line 129 "C:\Users\YVTC\Desktop\單晶片微控制器(一)\0515\5-12.c"
 129  0000              _PAUSE .section 'code'
 129  0000              _PAUSE proc
 129  0000  00              local _PAUSE_2 db 1 dup(?)	; 0,1
 129  0000  0080     R  	mov _PAUSE_2[0],a
 129  0001              #pragma debug variable 8 7 _PAUSE_2+0 "i"
 130  0001              #line 130 "C:\Users\YVTC\Desktop\單晶片微控制器(一)\0515\5-12.c"
 130  0001  1F00     E  	clr ra
 130  0002  2800     R  	jmp _L30
 130  0003              _L31:
 130  0003              #line 130 "C:\Users\YVTC\Desktop\單晶片微控制器(一)\0515\5-12.c"
 130  0003              ;# 130 "C:\Users\YVTC\Desktop\單晶片微控制器(一)\0515\5-12.c" 1
 130  0003              	IF 20000>263690
 130  0003              ;# 130 "C:\Users\YVTC\Desktop\單晶片微控制器(一)\0515\5-12.c" 1
 130  0003              	ERRMESSAGE 'the value 20000of the argument exceeds the maxinum 263690'
 130  0003              	ENDIF
 130  0003              ;# 130 "C:\Users\YVTC\Desktop\單晶片微控制器(一)\0515\5-12.c" 1
 130  0003              	IF 20000<0
 130  0003              ;# 130 "C:\Users\YVTC\Desktop\單晶片微控制器(一)\0515\5-12.c" 1
 130  0003              	ERRMESSAGE 'the value 20000 of the argument exceeds the mininum 0'
 130  0003              	ENDIF
 130  0003              ;# 130 "C:\Users\YVTC\Desktop\單晶片微控制器(一)\0515\5-12.c" 1
 130  0003              	IF 20000==0
 130  0003              ;# 130 "C:\Users\YVTC\Desktop\單晶片微控制器(一)\0515\5-12.c" 1
 130  0003              	JMP $
 130  0003              	ENDIF
 130  0003              ;# 130 "C:\Users\YVTC\Desktop\單晶片微控制器(一)\0515\5-12.c" 1
 130  0003              	IF (20000>=1) AND (20000<( 4 + __PBP__ * 2))
 130  0003              ;# 130 "C:\Users\YVTC\Desktop\單晶片微控制器(一)\0515\5-12.c" 1
 130  0003              	NOP
 130  0003              	ENDIF
 130  0003              ;# 130 "C:\Users\YVTC\Desktop\單晶片微控制器(一)\0515\5-12.c" 1
 130  0003              	IF (20000>=2) AND (20000<( 4 + __PBP__ * 2))
 130  0003              ;# 130 "C:\Users\YVTC\Desktop\單晶片微控制器(一)\0515\5-12.c" 1
 130  0003              	NOP
 130  0003              	ENDIF
 130  0003              ;# 130 "C:\Users\YVTC\Desktop\單晶片微控制器(一)\0515\5-12.c" 1
"File: 5-12.c        Assembler  Version HGASM0202      Page 11

 130  0003              	IF (20000>=3) AND (20000<( 4 + __PBP__ * 2))
 130  0003              ;# 130 "C:\Users\YVTC\Desktop\單晶片微控制器(一)\0515\5-12.c" 1
 130  0003              	NOP
 130  0003              	ENDIF
 130  0003              ;# 130 "C:\Users\YVTC\Desktop\單晶片微控制器(一)\0515\5-12.c" 1
 130  0003              	IF (20000>=4) AND (20000<( 4 + __PBP__ * 2)) AND ( __PBP__ > 0 )
 130  0003              ;# 130 "C:\Users\YVTC\Desktop\單晶片微控制器(一)\0515\5-12.c" 1
 130  0003              	NOP
 130  0003              	ENDIF
 130  0003              ;# 130 "C:\Users\YVTC\Desktop\單晶片微控制器(一)\0515\5-12.c" 1
 130  0003              	IF (20000>=5) AND (20000<( 4 + __PBP__ * 2)) AND ( __PBP__ > 0 )
 130  0003              ;# 130 "C:\Users\YVTC\Desktop\單晶片微控制器(一)\0515\5-12.c" 1
 130  0003              	NOP
 130  0003              	ENDIF
 130  0003              ;# 130 "C:\Users\YVTC\Desktop\單晶片微控制器(一)\0515\5-12.c" 1
 130  0003              	IF (20000>=6) AND (20000<( 4 + __PBP__ * 2))  AND ( __PBP__ > 1 )
 130  0003              ;# 130 "C:\Users\YVTC\Desktop\單晶片微控制器(一)\0515\5-12.c" 1
 130  0003              	NOP
 130  0003              	ENDIF
 130  0003              ;# 130 "C:\Users\YVTC\Desktop\單晶片微控制器(一)\0515\5-12.c" 1
 130  0003              	IF (20000>=7) AND (20000<( 4 + __PBP__ * 2))  AND ( __PBP__ > 1 )
 130  0003              ;# 130 "C:\Users\YVTC\Desktop\單晶片微控制器(一)\0515\5-12.c" 1
 130  0003              	NOP
 130  0003              	ENDIF
 130  0003              ;# 130 "C:\Users\YVTC\Desktop\單晶片微控制器(一)\0515\5-12.c" 1
 130  0003              	IF (20000>=8) AND (20000<( 4 + __PBP__ * 2))  AND ( __PBP__ > 2 )
 130  0003              ;# 130 "C:\Users\YVTC\Desktop\單晶片微控制器(一)\0515\5-12.c" 1
 130  0003              	NOP
 130  0003              	ENDIF
 130  0003              ;# 130 "C:\Users\YVTC\Desktop\單晶片微控制器(一)\0515\5-12.c" 1
 130  0003              	IF (20000==9)  AND ( __PBP__ > 2 )
 130  0003              ;# 130 "C:\Users\YVTC\Desktop\單晶片微控制器(一)\0515\5-12.c" 1
 130  0003              	NOP
 130  0003              	ENDIF
 130  0003              ;# 130 "C:\Users\YVTC\Desktop\單晶片微控制器(一)\0515\5-12.c" 1
 130  0003              	IF (20000< ( 8 + __PBP__ * 2)) AND (20000>( 3 + __PBP__ * 2))
 130  0003              ;# 130 "C:\Users\YVTC\Desktop\單晶片微控制器(一)\0515\5-12.c" 1
 130  0003              	fcall __DELAY3 + ( 7 + __PBP__ * 2) -20000
 130  0003              	ENDIF
 130  0003              ;# 130 "C:\Users\YVTC\Desktop\單晶片微控制器(一)\0515\5-12.c" 1
 130  0003              	IF (20000< ( 0404h + __PBP__ * 2)) AND (20000>( 7 + __PBP__ * 2))
 130  0003              ;# 130 "C:\Users\YVTC\Desktop\單晶片微控制器(一)\0515\5-12.c" 1
 130  0003              	MOV A,(20000-( 4 + __PBP__ * 2))/4
 130  0003              ;# 130 "C:\Users\YVTC\Desktop\單晶片微控制器(一)\0515\5-12.c" 1
 130  0003              	fcall __DELAYX3 + 3 -((20000-( 4 + __PBP__ * 2)) MOD 4) 
 130  0003              	ENDIF
 130  0003              ;# 130 "C:\Users\YVTC\Desktop\單晶片微控制器(一)\0515\5-12.c" 1
 130  0003              	IF (20000< ( 040bh + __PBP__ * 2)) AND (20000> ( 0403h + __PBP__ * 2))
 130  0003              ;# 130 "C:\Users\YVTC\Desktop\單晶片微控制器(一)\0515\5-12.c" 1
 130  0003              	MOV A,0 
 130  0003              ;# 130 "C:\Users\YVTC\Desktop\單晶片微控制器(一)\0515\5-12.c" 1
 130  0003              	fcall __DELAYX6 + ( 040ah + __PBP__ * 2) -20000
 130  0003              	ENDIF
 130  0003              ;# 130 "C:\Users\YVTC\Desktop\單晶片微控制器(一)\0515\5-12.c" 1
 130  0003              	IF (20000 >= ( 040bh + __PBP__ * 2)) AND ((((20000-( 9 + __PBP__ * 2))%0402h)/4+1)>256)
 130  0003              ;# 130 "C:\Users\YVTC\Desktop\單晶片微控制器(一)\0515\5-12.c" 1
 130  0003              	MOV A,(20000-( 9 + __PBP__ * 2))/0402h
 130  0003              ;# 130 "C:\Users\YVTC\Desktop\單晶片微控制器(一)\0515\5-12.c" 1
 130  0003              	MOV _builtin_holtek_delay_2,A
 130  0003              ;# 130 "C:\Users\YVTC\Desktop\單晶片微控制器(一)\0515\5-12.c" 1
"File: 5-12.c        Assembler  Version HGASM0202      Page 12

 130  0003              	MOV A,0
 130  0003              ;# 130 "C:\Users\YVTC\Desktop\單晶片微控制器(一)\0515\5-12.c" 1
 130  0003              	fcall __DELAYY5 +5- (((20000-( 9 + __PBP__ * 2))%0402h)%6) 
 130  0003              	ENDIF
 130  0003              ;# 130 "C:\Users\YVTC\Desktop\單晶片微控制器(一)\0515\5-12.c" 1
 130  0003              	IF (20000 >= ( 040bh + __PBP__ * 2)) AND ((((20000-( 9 + __PBP__ * 2))%0402h)/4+1)<=256)
 130  0003              ;# 130 "C:\Users\YVTC\Desktop\單晶片微控制器(一)\0515\5-12.c" 1
 130  0003  0F13        	MOV A,(20000-( 9 + __PBP__ * 2))/0402h
 130  0004              ;# 130 "C:\Users\YVTC\Desktop\單晶片微控制器(一)\0515\5-12.c" 1
 130  0004  0080     E  	MOV _builtin_holtek_delay_2,A
 130  0005              ;# 130 "C:\Users\YVTC\Desktop\單晶片微控制器(一)\0515\5-12.c" 1
 130  0005  0F7C        	MOV A,((20000-( 9 + __PBP__ * 2))%0402h)/4+1
 130  0006              ;# 130 "C:\Users\YVTC\Desktop\單晶片微控制器(一)\0515\5-12.c" 1
 130  0006              	fcall __DELAYY3 +3-(((20000-( 9 + __PBP__ * 2))%0402h)%4) 
 130  000D              	ENDIF
 130  000D  1480     E  	inc ra
 130  000E              _L30:
 130  000E  0700     E  	mov a,ra
 130  000F  0200     R  	sub a,_PAUSE_2[0]
 130  0010  390A        	snz z
 130  0011  2800     R  	jmp _L31
 130  0012  0003        	ret
 130  0013              _PAUSE endp
 130  0013              #line 130 "C:\Users\YVTC\Desktop\單晶片微控制器(一)\0515\5-12.c"
 130  0013              #pragma debug scope 1 1
 130  0013              ___wdtc equ [62]
 130  0013              ___pec equ [35]
 130  0013              ___pepu equ [33]
 130  0013              ___ifs2 equ [330]
 130  0013              ___tm0c0 equ [94]
 130  0013              ___tm0c1 equ [95]
 130  0013              ___pcs3 equ [363]
 130  0013              ___pe equ [34]
 130  0013              ___tm0al equ [98]
 130  0013              ___tm0ah equ [99]
 130  0013              ___tm2c1 equ [82]
 130  0013              ___pc equ [26]
 130  0013              public _main
 130  0013              #pragma debug scope 8 1
  17  0013              #line 17 "C:\Users\YVTC\Desktop\單晶片微控制器(一)\0515\5-12.c"
  17  0013              IFDEF WITH_DEFAULT_STARTUP
  17  0013              extern _main_initial0:near
  17  0013              extern _main_startup:near
  17  0013              ENDIF
  17  0013              
  17  0013              ROMBANK 0 @start
  17  0000              @start .section com_l 'code'
  17  0000              _main_startup1:
  17  0000              @start .section com_e 'code'
  17  0000  0F00     R  	mov a,bank _main
  17  0001  008B        	mov bp,a
  17  0002  2800     R  	jmp _main
  17  0003              
  17  0000              _main .section 'code'
  17  0000              _main proc
  17  0000  000A[           local _main_2 db 10 dup(?)
            00
            ]
  17  000A              #pragma debug array 44 8 5 8
  17  000A              #pragma debug array 44 8 5 8
"File: 5-12.c        Assembler  Version HGASM0202      Page 13

  17  000A              #pragma debug variable 44 8 _main_2+0 "Digit"
  17  000A              #pragma debug variable 8 8 _main_2+5 "PWMPeriod"
  17  000A              #pragma debug variable 10 8 _main_2+8 "TonLimit"
  19  000A              #line 19 "C:\Users\YVTC\Desktop\單晶片微控制器(一)\0515\5-12.c"
  19  0000  0FAF        	mov a,175
  19  0001  00BE        	mov [62],a
  20  0002              #line 20 "C:\Users\YVTC\Desktop\單晶片微控制器(一)\0515\5-12.c"
  20  0002  3323        	set [35].6
  20  0003  33A3        	set [35].7
  21  0004              #line 21 "C:\Users\YVTC\Desktop\單晶片微控制器(一)\0515\5-12.c"
  21  0004  3321        	set [33].6
  21  0005  33A1        	set [33].7
  22  0006              #line 22 "C:\Users\YVTC\Desktop\單晶片微控制器(一)\0515\5-12.c"
  22  0006  1F51        	clr [81]
  23  0007              #line 23 "C:\Users\YVTC\Desktop\單晶片微控制器(一)\0515\5-12.c"
  23  0007  9F4A 0001   	lclr [330]
  24  0009              #line 24 "C:\Users\YVTC\Desktop\單晶片微控制器(一)\0515\5-12.c"
  24  0009  1F5E        	clr [94]
  25  000A              #line 25 "C:\Users\YVTC\Desktop\單晶片微控制器(一)\0515\5-12.c"
  25  000A  0FA8        	mov a,168
  25  000B  00DF        	mov [95],a
  26  000C              #line 26 "C:\Users\YVTC\Desktop\單晶片微控制器(一)\0515\5-12.c"
  26  000C  0F01        	mov a,1
  26  000D  80EB 0001   	lmov [363],a
  29  000F              #line 29 "C:\Users\YVTC\Desktop\單晶片微控制器(一)\0515\5-12.c"
  29  000F              	fcall _LCMInit
  28  0016              #line 28 "C:\Users\YVTC\Desktop\單晶片微控制器(一)\0515\5-12.c"
  28  0016  0F14        	mov a,20
  28  0017  0080     R  	mov _main_2[6],a
  28  0018  1F00     R  	clr _main_2[7]
  27  0019              #line 27 "C:\Users\YVTC\Desktop\單晶片微控制器(一)\0515\5-12.c"
  27  0019  1F80     R  	set _main_2[8]
  27  001A  0F03        	mov a,3
  27  001B  0080     R  	mov _main_2[9],a
  17  001C              #line 17 "C:\Users\YVTC\Desktop\單晶片微控制器(一)\0515\5-12.c"
  17  001C  1F00     R  	clr _main_2[5]
  17  001D              _L33:
  31  001D              #line 31 "C:\Users\YVTC\Desktop\單晶片微控制器(一)\0515\5-12.c"
  31  001D  3F22        	sz [34].6
  31  001E  2800     R  	jmp _L36
  32  001F              #line 32 "C:\Users\YVTC\Desktop\單晶片微控制器(一)\0515\5-12.c"
  32  001F  1480     R  	inc _main_2[5]
  32  0020  0F07        	mov a,7
  32  0021  0200     R  	sub a,_main_2[5]
  32  0022  3C0A        	sz c
  32  0023  2800     R  	jmp _L34
  32  0024  1F00     R  	clr _main_2[5]
  32  0025              _L34:
  33  0025              #line 33 "C:\Users\YVTC\Desktop\單晶片微控制器(一)\0515\5-12.c"
  33  0025  0700     R  	mov a,_main_2[5]
  33  0026  0080     E  	mov rb,a
  33  0027  1F00     E  	clr rc
  33  0028  340A        	clr c
  33  0029  1A80     E  	rlc rb
  33  002A  1A80     E  	rlc rc
  33  002B  0F00     R  	mov a,low offset _TAB_TonLimit
  33  002C  0300     E  	add a,rb
  33  002D  0083        	mov mp,a
  33  002E  0F00     R  	mov a,high offset _TAB_TonLimit
  33  002F  1300     E  	adc a,rc
"File: 5-12.c        Assembler  Version HGASM0202      Page 14

  33  0030  0084        	mov sbp,a
  33  0031              	fcall _Crom2Prom
  33  0038  0080     R  	mov _main_2[8],a
  33  0039              	fcall _Crom2PromNext
  33  0040  0080     R  	mov _main_2[9],a
  35  0041              #line 35 "C:\Users\YVTC\Desktop\單晶片微控制器(一)\0515\5-12.c"
  35  0041  0F32        	mov a,50
  35  0042              	fcall _PAUSE
  34  0049              #line 34 "C:\Users\YVTC\Desktop\單晶片微控制器(一)\0515\5-12.c"
  34  0049  0F14        	mov a,20
  34  004A  0080     R  	mov _main_2[6],a
  34  004B  1F00     R  	clr _main_2[7]
  34  004C  2800     R  	jmp _L33
  34  004D              _L38:
  38  004D              #line 38 "C:\Users\YVTC\Desktop\單晶片微控制器(一)\0515\5-12.c"
  38  004D  0700     R  	mov a,_main_2[5]
  38  004E  0080     E  	mov rb,a
  38  004F  1F00     E  	clr rc
  38  0050  340A        	clr c
  38  0051  1A80     E  	rlc rb
  38  0052  1A80     E  	rlc rc
  38  0053  0F00     R  	mov a,low offset _TAB_TonStep
  38  0054  0300     E  	add a,rb
  38  0055  0083        	mov mp,a
  38  0056  0F00     R  	mov a,high offset _TAB_TonStep
  38  0057  1300     E  	adc a,rc
  38  0058  0084        	mov sbp,a
  38  0059              	fcall _Crom2Prom
  38  0060  0080     E  	mov rb,a
  38  0061              	fcall _Crom2PromNext
  38  0068  0080     E  	mov rc,a
  38  0069  0700     E  	mov a,rb
  38  006A  0380     R  	addm a,_main_2[6]
  38  006B  0700     E  	mov a,rc
  38  006C  1380     R  	adcm a,_main_2[7]
  39  006D              #line 39 "C:\Users\YVTC\Desktop\單晶片微控制器(一)\0515\5-12.c"
  39  006D  0700     R  	mov a,_main_2[8]
  39  006E  0200     R  	sub a,_main_2[6]
  39  006F  0700     R  	mov a,_main_2[9]
  39  0070  1200     R  	sbc a,_main_2[7]
  39  0071  3C0A        	sz c
  39  0072  2800     R  	jmp _L37
  40  0073              #line 40 "C:\Users\YVTC\Desktop\單晶片微控制器(一)\0515\5-12.c"
  40  0073  0F14        	mov a,20
  40  0074  0080     R  	mov _main_2[6],a
  40  0075  1F00     R  	clr _main_2[7]
  40  0076              _L37:
  41  0076              #line 41 "C:\Users\YVTC\Desktop\單晶片微控制器(一)\0515\5-12.c"
  41  0076  0F32        	mov a,50
  41  0077              	fcall _PAUSE
  41  007E              _L36:
  37  007E              #line 37 "C:\Users\YVTC\Desktop\單晶片微控制器(一)\0515\5-12.c"
  37  007E  3BA2        	snz [34].7
  37  007F  2800     R  	jmp _L38
  43  0080              #line 43 "C:\Users\YVTC\Desktop\單晶片微控制器(一)\0515\5-12.c"
  43  0080  35DE        	clr [94].3
  44  0081              #line 44 "C:\Users\YVTC\Desktop\單晶片微控制器(一)\0515\5-12.c"
  44  0081  075E        	mov a,[94]
  44  0082  0EF8        	and a,248
  44  0083  0080     E  	mov ra,a
"File: 5-12.c        Assembler  Version HGASM0202      Page 15

  44  0084  0700     R  	mov a,_main_2[5]
  44  0085  0500     E  	or a,ra
  44  0086  00DE        	mov [94],a
  45  0087              #line 45 "C:\Users\YVTC\Desktop\單晶片微控制器(一)\0515\5-12.c"
  45  0087  0700     R  	mov a,_main_2[6]
  45  0088  00E2        	mov [98],a
  45  0089  0700     R  	mov a,_main_2[7]
  45  008A  00E3        	mov [99],a
  46  008B              #line 46 "C:\Users\YVTC\Desktop\單晶片微控制器(一)\0515\5-12.c"
  46  008B  31DE        	set [94].3
  47  008C              #line 47 "C:\Users\YVTC\Desktop\單晶片微控制器(一)\0515\5-12.c"
  47  008C  0F40        	mov a,64
  47  008D  00D2        	mov [82],a
  48  008E              #line 48 "C:\Users\YVTC\Desktop\單晶片微控制器(一)\0515\5-12.c"
  48  008E              	fcall _Measure
  49  0095              #line 49 "C:\Users\YVTC\Desktop\單晶片微控制器(一)\0515\5-12.c"
  49  0095  0F00     R  	mov a,low offset _main_2
  49  0096  0080     E  	mov rc,a
  49  0097  0F00     R  	mov a,high offset _main_2
  49  0098  0080     E  	mov rd,a
  49  0099  0F04        	mov a,4
  49  009A  0300     E  	add a,rc
  49  009B  0080     R  	mov _WordHex2ASCII_2[2],a
  49  009C  0F00        	mov a,0
  49  009D  1300     E  	adc a,rd
  49  009E  0080     R  	mov _WordHex2ASCII_2[3],a
  49  009F  0700     E  	mov a,ra
  49  00A0  0080     R  	mov _WordHex2ASCII_2[0],a
  49  00A1  0700     E  	mov a,rb
  49  00A2  0080     R  	mov _WordHex2ASCII_2[1],a
  49  00A3              	fcall _WordHex2ASCII
  50  00AA              #line 50 "C:\Users\YVTC\Desktop\單晶片微控制器(一)\0515\5-12.c"
  50  00AA  0F87        	mov a,135
  50  00AB  0080     R  	mov _LCMWrite_2[0],a
  50  00AC  0F00        	mov a,0
  50  00AD              	fcall _LCMWrite
  51  00B4              #line 51 "C:\Users\YVTC\Desktop\單晶片微控制器(一)\0515\5-12.c"
  51  00B4  0F00     R  	mov a,low offset _main_2
  51  00B5  0080     E  	mov ra,a
  51  00B6  0F00     R  	mov a,high offset _main_2
  51  00B7  0080     E  	mov rb,a
  51  00B8  0F03        	mov a,3
  51  00B9  0300     E  	add a,ra
  51  00BA  0080     R  	mov _DisplayDigit_2[0],a
  51  00BB  0F00        	mov a,0
  51  00BC  1300     E  	adc a,rb
  51  00BD  0080     R  	mov _DisplayDigit_2[1],a
  51  00BE              	fcall _DisplayDigit
  52  00C5              #line 52 "C:\Users\YVTC\Desktop\單晶片微控制器(一)\0515\5-12.c"
  52  00C5  0F60        	mov a,96
  52  00C6  00D2        	mov [82],a
  52  00C7              _L40:
  53  00C7              #line 53 "C:\Users\YVTC\Desktop\單晶片微控制器(一)\0515\5-12.c"
  53  00C7  3D9A        	sz [26].3
  53  00C8  2800     R  	jmp _L40
  54  00C9              #line 54 "C:\Users\YVTC\Desktop\單晶片微控制器(一)\0515\5-12.c"
  54  00C9              	fcall _Measure
  55  00D0              #line 55 "C:\Users\YVTC\Desktop\單晶片微控制器(一)\0515\5-12.c"
  55  00D0  0F00     R  	mov a,low offset _main_2
  55  00D1  0080     E  	mov rc,a
"File: 5-12.c        Assembler  Version HGASM0202      Page 16

  55  00D2  0F00     R  	mov a,high offset _main_2
  55  00D3  0080     E  	mov rd,a
  55  00D4  0F04        	mov a,4
  55  00D5  0300     E  	add a,rc
  55  00D6  0080     R  	mov _WordHex2ASCII_2[2],a
  55  00D7  0F00        	mov a,0
  55  00D8  1300     E  	adc a,rd
  55  00D9  0080     R  	mov _WordHex2ASCII_2[3],a
  55  00DA  0700     E  	mov a,ra
  55  00DB  0080     R  	mov _WordHex2ASCII_2[0],a
  55  00DC  0700     E  	mov a,rb
  55  00DD  0080     R  	mov _WordHex2ASCII_2[1],a
  55  00DE              	fcall _WordHex2ASCII
  56  00E5              #line 56 "C:\Users\YVTC\Desktop\單晶片微控制器(一)\0515\5-12.c"
  56  00E5  0FC7        	mov a,199
  56  00E6  0080     R  	mov _LCMWrite_2[0],a
  56  00E7  0F00        	mov a,0
  56  00E8              	fcall _LCMWrite
  57  00EF              #line 57 "C:\Users\YVTC\Desktop\單晶片微控制器(一)\0515\5-12.c"
  57  00EF  0F00     R  	mov a,low offset _main_2
  57  00F0  0080     E  	mov ra,a
  57  00F1  0F00     R  	mov a,high offset _main_2
  57  00F2  0080     E  	mov rb,a
  57  00F3  0F03        	mov a,3
  57  00F4  0300     E  	add a,ra
  57  00F5  0080     R  	mov _DisplayDigit_2[0],a
  57  00F6  0F00        	mov a,0
  57  00F7  1300     E  	adc a,rb
  57  00F8  0080     R  	mov _DisplayDigit_2[1],a
  57  00F9              	fcall _DisplayDigit
  58  0100              #line 58 "C:\Users\YVTC\Desktop\單晶片微控制器(一)\0515\5-12.c"
  58  0100  2800     R  	jmp _L33
  58  0101  2800     R  	jmp $
  58  0102              _main endp
  58  0102              
  58  0102              @dummy endp
  58  0102              
  58  0102              #line 58 "C:\Users\YVTC\Desktop\單晶片微控制器(一)\0515\5-12.c"
  58  0102              #pragma debug scope 1 1
  58  0102              public _TAB_TonStep
  58  0000              @crom	.section 'crom'
   9  0000              #line 9 "C:\Users\YVTC\Desktop\單晶片微控制器(一)\0515\5-12.c"
   9  0000              @crom	.section	'crom'
   9  0000              _TAB_TonStep:
   9  0000              #pragma debug array 45 12 8 1
   9  0000              #pragma debug array 45 12 8 1
   9  0000              #pragma debug variable 45 1 _TAB_TonStep "TAB_TonStep"
   9  0000  0028        	dc 40
   9  0001  000A        	dc 10
   9  0002  000A        	dc 10
   9  0003  0014        	dc 20
   9  0004  0014        	dc 20
   9  0005  001E        	dc 30
   9  0006  001E        	dc 30
   9  0007  0028        	dc 40
   9  0008              public _TAB_TonLimit
   8  0008              #line 8 "C:\Users\YVTC\Desktop\單晶片微控制器(一)\0515\5-12.c"
   8  0008              @crom	.section	'crom'
   8  0008              _TAB_TonLimit:
   8  0008              #pragma debug variable 45 1 _TAB_TonLimit "TAB_TonLimit"
"File: 5-12.c        Assembler  Version HGASM0202      Page 17

   8  0008  03FF        	dc 1023
   8  0009  007F        	dc 127
   8  000A  00FF        	dc 255
   8  000B  017F        	dc 383
   8  000C  01FF        	dc 511
   8  000D  027F        	dc 639
   8  000E  02FF        	dc 767
   8  000F  037F        	dc 895
   8  0010              public _String2
   7  0010              #line 7 "C:\Users\YVTC\Desktop\單晶片微控制器(一)\0515\5-12.c"
   7  0010              @crom	.section	'crom'
   7  0010              _String2:
   7  0010              #pragma debug array 46 8 15 1
   7  0010              #pragma debug array 46 8 15 1
   7  0010              #pragma debug variable 46 1 _String2 "String2"
   7  0010              	db 020h,020h,020h,054h,06fh,06eh,03dh,020h,020h,020h
   7  0015              	db 020h,020h,075h,053h,00h
   7  0018              public _String1
   6  0018              #line 6 "C:\Users\YVTC\Desktop\單晶片微控制器(一)\0515\5-12.c"
   6  0018              @crom	.section	'crom'
   6  0018              _String1:
   6  0018              #pragma debug variable 46 1 _String1 "String1"
   6  0018              	db 050h,065h,072h,069h,06fh,064h,03dh,020h,020h,020h
   6  001D              	db 020h,020h,075h,053h,00h
   6  001F              #pragma debug struct_end
   6  001F              #pragma debug struct_end
   6  001F              #pragma debug union_end
   6  001F              #pragma debug union_end
   6  001F              #pragma debug variable 48 1 ___pc "__pc" 1
   6  001F              #pragma debug struct_end
   6  001F              #pragma debug struct_end
   6  001F              #pragma debug union_end
   6  001F              #pragma debug union_end
   6  001F              #pragma debug variable 50 1 ___pepu "__pepu" 1
   6  001F              #pragma debug struct_end
   6  001F              #pragma debug struct_end
   6  001F              #pragma debug union_end
   6  001F              #pragma debug union_end
   6  001F              #pragma debug variable 52 1 ___pe "__pe" 1
   6  001F              #pragma debug struct_end
   6  001F              #pragma debug struct_end
   6  001F              #pragma debug union_end
   6  001F              #pragma debug union_end
   6  001F              #pragma debug variable 54 1 ___pec "__pec" 1
   6  001F              #pragma debug struct_end
   6  001F              #pragma debug struct_end
   6  001F              #pragma debug union_end
   6  001F              #pragma debug union_end
   6  001F              #pragma debug variable 56 1 ___pg "__pg" 1
   6  001F              #pragma debug struct_end
   6  001F              #pragma debug struct_end
   6  001F              #pragma debug union_end
   6  001F              #pragma debug union_end
   6  001F              #pragma debug variable 58 1 ___pgc "__pgc" 1
   6  001F              #pragma debug struct_end
   6  001F              #pragma debug struct_end
   6  001F              #pragma debug union_end
   6  001F              #pragma debug union_end
   6  001F              #pragma debug variable 60 1 ___ph "__ph" 1
   6  001F              #pragma debug struct_end
"File: 5-12.c        Assembler  Version HGASM0202      Page 18

   6  001F              #pragma debug struct_end
   6  001F              #pragma debug union_end
   6  001F              #pragma debug union_end
   6  001F              #pragma debug variable 62 1 ___phc "__phc" 1
   6  001F              #pragma debug struct_end
   6  001F              #pragma debug struct_end
   6  001F              #pragma debug union_end
   6  001F              #pragma debug union_end
   6  001F              #pragma debug variable 64 1 ___mfi0 "__mfi0" 1
   6  001F              #pragma debug struct_end
   6  001F              #pragma debug struct_end
   6  001F              #pragma debug union_end
   6  001F              #pragma debug union_end
   6  001F              #pragma debug variable 66 1 ___wdtc "__wdtc" 1
   6  001F              #pragma debug struct_end
   6  001F              #pragma debug struct_end
   6  001F              #pragma debug union_end
   6  001F              #pragma debug union_end
   6  001F              #pragma debug variable 68 1 ___tm2c0 "__tm2c0" 1
   6  001F              #pragma debug struct_end
   6  001F              #pragma debug struct_end
   6  001F              #pragma debug union_end
   6  001F              #pragma debug union_end
   6  001F              #pragma debug variable 70 1 ___tm2c1 "__tm2c1" 1
   6  001F              #pragma debug variable 8 1 ___tm2al "__tm2al" 1
   6  001F              #pragma debug variable 8 1 ___tm2ah "__tm2ah" 1
   6  001F              #pragma debug struct_end
   6  001F              #pragma debug struct_end
   6  001F              #pragma debug union_end
   6  001F              #pragma debug union_end
   6  001F              #pragma debug variable 72 1 ___tm0c0 "__tm0c0" 1
   6  001F              #pragma debug struct_end
   6  001F              #pragma debug struct_end
   6  001F              #pragma debug union_end
   6  001F              #pragma debug union_end
   6  001F              #pragma debug variable 74 1 ___tm0c1 "__tm0c1" 1
   6  001F              #pragma debug variable 8 1 ___tm0al "__tm0al" 1
   6  001F              #pragma debug variable 8 1 ___tm0ah "__tm0ah" 1
   6  001F              #pragma debug struct_end
   6  001F              #pragma debug struct_end
   6  001F              #pragma debug union_end
   6  001F              #pragma debug union_end
   6  001F              #pragma debug variable 76 1 ___ifs2 "__ifs2" 1
   6  001F              #pragma debug struct_end
   6  001F              #pragma debug struct_end
   6  001F              #pragma debug union_end
   6  001F              #pragma debug union_end
   6  001F              #pragma debug variable 78 1 ___pcs3 "__pcs3" 1
  17  001F              #line 17 "C:\Users\YVTC\Desktop\單晶片微控制器(一)\0515\5-12.c"
  17  0000              @code .section at 0 'code'
  17  0000  1F0B        	clr bp
  17  0001  2800     R  	jmp _main_startup1
  17  0002              
  17  0002              extern _builtin_holtek_udivmodhi4_2:byte
  17  0002              extern _builtin_holtek_udivmodhi4:near
  17  0002              extern _builtin_holtek_divmodhi4:near
  17  0002              
  17  0002              ; 
  17  0002              ; Generated by holtek-gcc v3.18, Tue May 15 14:04:42 2018
  17  0002              ; Rebuild 126
"File: 5-12.c        Assembler  Version HGASM0202      Page 19

  17  0002              ; end of file


        0 Errors, 0