"File: 5-4.c         Assembler  Version HGASM0202      Page 1


   1  0000              ; Generated by holtek-gcc v3.18, Tue Apr 17 11:10:56 2018
   2  0000              ; 
   3  0000              ; Configuration:
   4  0000              ;       with long instruction
   5  0000              ;       Multi-ROM, Multi-RAM
   6  0000              ;       bits_per_rom_unit:16
   7  0000              ;       with mp1
   8  0000              ;       with tbhp, address(0x9)
   9  0000              ;          Use tabrd-const
  10  0000              ;       
  11  0000              ; SFR address of long-instruction arch:
  12  0000              ;    mp0 = -1,1,0
  13  0000              ;    mp1 = 4,3,2
  14  0000              ;    mp2 = 14,13,12
  15  0000              ;    tbp = 9,7,8
  16  0000              ;    acc = 5
  17  0000              ;    pcl = 6
  18  0000              ;    status = 10
  19  0000              ;    bp = 11
  20  0000              ;    intc = 48
  21  0000              ;       
  22  0000              ;       
  23  0000              ; use 'tabrdc' instead of 'tabrd'
  24  0000              ;       
  25  0000              
  26  0000              #pragma translator "holtek-gcc 4.6.4" "3.18" "build 20130711"
  27  0000              ; Rebuild 126
  28  0000              
  29  0000              ir equ [2]
  30  0000              mp equ [3]
  31  0000              sbp equ [4]
  32  0000              acc equ [5]
  33  0000              bp equ [11]
  34  0000              tblp equ [7]
  35  0000              tbhp equ [9]
  36  0000              status equ [10]
  37  0000              c equ [10].0
  38  0000              ac equ [10].1
  39  0000              z equ [10].2
  40  0000              ov equ [10].3
  41  0000              cz equ [10].6
  42  0000              sc equ [10].7
  43  0000              intc equ [48]
  44  0000              
  45  0000              extern ra:byte
  46  0000              extern rb:byte
  47  0000              extern rc:byte
  48  0000              extern rd:byte
  49  0000              extern re:byte
  50  0000              extern rf:byte
  51  0000              extern rg:byte
  52  0000              extern rh:byte
  53  0000              extern _Crom2Prom:near
  54  0000              extern _Crom2PromNext:near
  55  0000              
  56  0000              RAMBANK 0 @BITDATASEC, @BITDATASEC1
  57  0000              @HCCINIT	.section 'data'
  58  0000              @HCCINIT0	.section 'data'
  59  0000              @BITDATASEC	 .section 'data'
"File: 5-4.ASM       Assembler  Version HGASM0202      Page 2

  60  0000              @BITDATASEC1	 .section 'data'
  61  0000              
  62  0000              #pragma debug scope 1 1
  63  0000              	extern __DELAY3:near
  64  0000              	extern __DELAYX3:near
  65  0000              	extern __DELAYX6:near
  66  0000              	extern __DELAYY5:near
  67  0000              	extern __DELAYY3:near
  68  0000              	extern _builtin_holtek_delay_2:byte
  69  0000              ___pd equ [30]
  70  0000              ___pe equ [34]
  71  0000              public _ISR_TB0
  72  0000              #pragma debug scope 2 1

  46  0000              #line 46 "C:\Users\YVTC\Desktop\單晶片微控制器(一)\0417\5-4.c"
  46  0000              rombank 0 @ISR_TB0_code
  46  0000              @ISR_TB0_code .section at 36 'code'
  46  0000  0080     E  	mov r1,a
  46  0001  070B        	mov a,bp
  46  0002  1F0B        	clr bp
  46  0003  2800     R  	jmp _ISR_TB0
  46  0004              ROMBANK 0 _ISR_TB0
  46  0004              #pragma debug scope 1 1
  46  0004              @dummy36 endp
  46  0004              #pragma debug scope 3 1
  46  0000              _ISR_TB0 .section 'code'
  46  0000              _ISR_TB0 proc
  46  0000  0080     E  	mov r2,a
  46  0001  070A        	mov a, status
  46  0002  0080     E  	mov r3,a
  46  0003  0703        	mov a,mp
  46  0004  0080     E  	mov r4,a
  46  0005  0704        	mov a,sbp
  46  0006  0080     E  	mov r5,a
  46  0007  0707        	mov a,tblp
  46  0008  0080     E  	mov r6,a
  46  0009  0709        	mov a,tbhp
  46  000A  0080     E  	mov r7,a
  46  000B  0F06        	mov a,6
  46  000C  009E        	mov [30],a
  47  000D              #line 47 "C:\Users\YVTC\Desktop\單晶片微控制器(一)\0417\5-4.c"
  47  000D  0700     R  	mov a,_ScanCode[0]
  47  000E  0080     E  	mov ra,a
  47  000F  0700     E  	mov a,ra
  47  0010  00A2        	mov [34],a
  47  0011  0700     R  	mov a,_ptr[0]
  47  0012  0080     E  	mov rb,a
  47  0013  0700     R  	mov a,_ptr[1]
  47  0014  0080     E  	mov rc,a
  47  0015  0F01        	mov a,1
  47  0016  0300     E  	add a,rb
  47  0017  0080     R  	mov _ptr[0],a
  47  0018  0F00        	mov a,0
  47  0019  1300     E  	adc a,rc
  47  001A  0080     R  	mov _ptr[1],a
  47  001B  0700     E  	mov a,rb
  47  001C  0083        	mov mp,a
  47  001D  0700     E  	mov a,rc
  47  001E  0084        	mov sbp,a
  47  001F              	fcall _Crom2Prom
"File: 5-4.c         Assembler  Version HGASM0202      Page 3

  47  0026  009E        	mov [30],a
  48  0027              #line 48 "C:\Users\YVTC\Desktop\單晶片微控制器(一)\0417\5-4.c"
  48  0027  0700     E  	mov a,ra
  48  0028  0380     E  	addm a,ra
  49  0029              #line 49 "C:\Users\YVTC\Desktop\單晶片微控制器(一)\0417\5-4.c"
  49  0029  1E00     E  	snz ra
  49  002A  2800     R  	jmp _L2
  48  002B              #line 48 "C:\Users\YVTC\Desktop\單晶片微控制器(一)\0417\5-4.c"
  48  002B  0700     E  	mov a,ra
  48  002C  0080     R  	mov _ScanCode[0],a
  48  002D  2800     R  	jmp _L1
  48  002E              _L2:
  50  002E              #line 50 "C:\Users\YVTC\Desktop\單晶片微控制器(一)\0417\5-4.c"
  50  002E  0F01        	mov a,1
  50  002F  0080     R  	mov _ScanCode[0],a
  51  0030              #line 51 "C:\Users\YVTC\Desktop\單晶片微控制器(一)\0417\5-4.c"
  51  0030  0F00     R  	mov a,low offset _Buffer
  51  0031  0080     R  	mov _ptr[0],a
  51  0032  0F00     R  	mov a,high offset _Buffer
  51  0033  0080     R  	mov _ptr[1],a
  51  0034              _L1:
  51  0034  0700     E  	mov a,r2
  51  0035  008B        	mov bp,a
  51  0036  0700     E  	mov a,r3
  51  0037  008A        	mov status,a
  51  0038  0700     E  	mov a,r4
  51  0039  0083        	mov mp,a
  51  003A  0700     E  	mov a,r5
  51  003B  0084        	mov sbp,a
  51  003C  0700     E  	mov a,r6
  51  003D  0087        	mov tblp,a
  51  003E  0700     E  	mov a,r7
  51  003F  0089        	mov tbhp,a
  51  0040  1D05        	tabrdc acc
  51  0041  0700     E  	mov a,r1
  51  0042  0004        	reti
  51  0043              _ISR_TB0 endp
  51  0043              
  51  0043              #line 51 "C:\Users\YVTC\Desktop\單晶片微控制器(一)\0417\5-4.c"
  51  0043              #pragma debug scope 1 1
  51  0043              public _PAUSE
  51  0043              #pragma debug scope 4 1
  55  0043              #line 55 "C:\Users\YVTC\Desktop\單晶片微控制器(一)\0417\5-4.c"
  55  0000              _PAUSE .section 'code'
  55  0000              _PAUSE proc
  55  0000  00              local _PAUSE_2 db 1 dup(?)	; 0,1
  55  0000  0080     R  	mov _PAUSE_2[0],a
  55  0001              #pragma debug variable 8 4 _PAUSE_2+0 "i"
  56  0001              #line 56 "C:\Users\YVTC\Desktop\單晶片微控制器(一)\0417\5-4.c"
  56  0001  1F00     E  	clr ra
  56  0002  2800     R  	jmp _L6
  56  0003              _L7:
  56  0003              #line 56 "C:\Users\YVTC\Desktop\單晶片微控制器(一)\0417\5-4.c"
  56  0003              ;# 56 "C:\Users\YVTC\Desktop\單晶片微控制器(一)\0417\5-4.c" 1
  56  0003              	IF 20000>263690
  56  0003              ;# 56 "C:\Users\YVTC\Desktop\單晶片微控制器(一)\0417\5-4.c" 1
  56  0003              	ERRMESSAGE 'the value 20000of the argument exceeds the maxinum 263690'
  56  0003              	ENDIF
  56  0003              ;# 56 "C:\Users\YVTC\Desktop\單晶片微控制器(一)\0417\5-4.c" 1
  56  0003              	IF 20000<0
"File: 5-4.c         Assembler  Version HGASM0202      Page 4

  56  0003              ;# 56 "C:\Users\YVTC\Desktop\單晶片微控制器(一)\0417\5-4.c" 1
  56  0003              	ERRMESSAGE 'the value 20000 of the argument exceeds the mininum 0'
  56  0003              	ENDIF
  56  0003              ;# 56 "C:\Users\YVTC\Desktop\單晶片微控制器(一)\0417\5-4.c" 1
  56  0003              	IF 20000==0
  56  0003              ;# 56 "C:\Users\YVTC\Desktop\單晶片微控制器(一)\0417\5-4.c" 1
  56  0003              	JMP $
  56  0003              	ENDIF
  56  0003              ;# 56 "C:\Users\YVTC\Desktop\單晶片微控制器(一)\0417\5-4.c" 1
  56  0003              	IF (20000>=1) AND (20000<( 4 + __PBP__ * 2))
  56  0003              ;# 56 "C:\Users\YVTC\Desktop\單晶片微控制器(一)\0417\5-4.c" 1
  56  0003              	NOP
  56  0003              	ENDIF
  56  0003              ;# 56 "C:\Users\YVTC\Desktop\單晶片微控制器(一)\0417\5-4.c" 1
  56  0003              	IF (20000>=2) AND (20000<( 4 + __PBP__ * 2))
  56  0003              ;# 56 "C:\Users\YVTC\Desktop\單晶片微控制器(一)\0417\5-4.c" 1
  56  0003              	NOP
  56  0003              	ENDIF
  56  0003              ;# 56 "C:\Users\YVTC\Desktop\單晶片微控制器(一)\0417\5-4.c" 1
  56  0003              	IF (20000>=3) AND (20000<( 4 + __PBP__ * 2))
  56  0003              ;# 56 "C:\Users\YVTC\Desktop\單晶片微控制器(一)\0417\5-4.c" 1
  56  0003              	NOP
  56  0003              	ENDIF
  56  0003              ;# 56 "C:\Users\YVTC\Desktop\單晶片微控制器(一)\0417\5-4.c" 1
  56  0003              	IF (20000>=4) AND (20000<( 4 + __PBP__ * 2)) AND ( __PBP__ > 0 )
  56  0003              ;# 56 "C:\Users\YVTC\Desktop\單晶片微控制器(一)\0417\5-4.c" 1
  56  0003              	NOP
  56  0003              	ENDIF
  56  0003              ;# 56 "C:\Users\YVTC\Desktop\單晶片微控制器(一)\0417\5-4.c" 1
  56  0003              	IF (20000>=5) AND (20000<( 4 + __PBP__ * 2)) AND ( __PBP__ > 0 )
  56  0003              ;# 56 "C:\Users\YVTC\Desktop\單晶片微控制器(一)\0417\5-4.c" 1
  56  0003              	NOP
  56  0003              	ENDIF
  56  0003              ;# 56 "C:\Users\YVTC\Desktop\單晶片微控制器(一)\0417\5-4.c" 1
  56  0003              	IF (20000>=6) AND (20000<( 4 + __PBP__ * 2))  AND ( __PBP__ > 1 )
  56  0003              ;# 56 "C:\Users\YVTC\Desktop\單晶片微控制器(一)\0417\5-4.c" 1
  56  0003              	NOP
  56  0003              	ENDIF
  56  0003              ;# 56 "C:\Users\YVTC\Desktop\單晶片微控制器(一)\0417\5-4.c" 1
  56  0003              	IF (20000>=7) AND (20000<( 4 + __PBP__ * 2))  AND ( __PBP__ > 1 )
  56  0003              ;# 56 "C:\Users\YVTC\Desktop\單晶片微控制器(一)\0417\5-4.c" 1
  56  0003              	NOP
  56  0003              	ENDIF
  56  0003              ;# 56 "C:\Users\YVTC\Desktop\單晶片微控制器(一)\0417\5-4.c" 1
  56  0003              	IF (20000>=8) AND (20000<( 4 + __PBP__ * 2))  AND ( __PBP__ > 2 )
  56  0003              ;# 56 "C:\Users\YVTC\Desktop\單晶片微控制器(一)\0417\5-4.c" 1
  56  0003              	NOP
  56  0003              	ENDIF
  56  0003              ;# 56 "C:\Users\YVTC\Desktop\單晶片微控制器(一)\0417\5-4.c" 1
  56  0003              	IF (20000==9)  AND ( __PBP__ > 2 )
  56  0003              ;# 56 "C:\Users\YVTC\Desktop\單晶片微控制器(一)\0417\5-4.c" 1
  56  0003              	NOP
  56  0003              	ENDIF
  56  0003              ;# 56 "C:\Users\YVTC\Desktop\單晶片微控制器(一)\0417\5-4.c" 1
  56  0003              	IF (20000< ( 8 + __PBP__ * 2)) AND (20000>( 3 + __PBP__ * 2))
  56  0003              ;# 56 "C:\Users\YVTC\Desktop\單晶片微控制器(一)\0417\5-4.c" 1
  56  0003              	fcall __DELAY3 + ( 7 + __PBP__ * 2) -20000
  56  0003              	ENDIF
  56  0003              ;# 56 "C:\Users\YVTC\Desktop\單晶片微控制器(一)\0417\5-4.c" 1
  56  0003              	IF (20000< ( 0404h + __PBP__ * 2)) AND (20000>( 7 + __PBP__ * 2))
"File: 5-4.c         Assembler  Version HGASM0202      Page 5

  56  0003              ;# 56 "C:\Users\YVTC\Desktop\單晶片微控制器(一)\0417\5-4.c" 1
  56  0003              	MOV A,(20000-( 4 + __PBP__ * 2))/4
  56  0003              ;# 56 "C:\Users\YVTC\Desktop\單晶片微控制器(一)\0417\5-4.c" 1
  56  0003              	fcall __DELAYX3 + 3 -((20000-( 4 + __PBP__ * 2)) MOD 4) 
  56  0003              	ENDIF
  56  0003              ;# 56 "C:\Users\YVTC\Desktop\單晶片微控制器(一)\0417\5-4.c" 1
  56  0003              	IF (20000< ( 040bh + __PBP__ * 2)) AND (20000> ( 0403h + __PBP__ * 2))
  56  0003              ;# 56 "C:\Users\YVTC\Desktop\單晶片微控制器(一)\0417\5-4.c" 1
  56  0003              	MOV A,0 
  56  0003              ;# 56 "C:\Users\YVTC\Desktop\單晶片微控制器(一)\0417\5-4.c" 1
  56  0003              	fcall __DELAYX6 + ( 040ah + __PBP__ * 2) -20000
  56  0003              	ENDIF
  56  0003              ;# 56 "C:\Users\YVTC\Desktop\單晶片微控制器(一)\0417\5-4.c" 1
  56  0003              	IF (20000 >= ( 040bh + __PBP__ * 2)) AND ((((20000-( 9 + __PBP__ * 2))%0402h)/4+1)>256)
  56  0003              ;# 56 "C:\Users\YVTC\Desktop\單晶片微控制器(一)\0417\5-4.c" 1
  56  0003              	MOV A,(20000-( 9 + __PBP__ * 2))/0402h
  56  0003              ;# 56 "C:\Users\YVTC\Desktop\單晶片微控制器(一)\0417\5-4.c" 1
  56  0003              	MOV _builtin_holtek_delay_2,A
  56  0003              ;# 56 "C:\Users\YVTC\Desktop\單晶片微控制器(一)\0417\5-4.c" 1
  56  0003              	MOV A,0
  56  0003              ;# 56 "C:\Users\YVTC\Desktop\單晶片微控制器(一)\0417\5-4.c" 1
  56  0003              	fcall __DELAYY5 +5- (((20000-( 9 + __PBP__ * 2))%0402h)%6) 
  56  0003              	ENDIF
  56  0003              ;# 56 "C:\Users\YVTC\Desktop\單晶片微控制器(一)\0417\5-4.c" 1
  56  0003              	IF (20000 >= ( 040bh + __PBP__ * 2)) AND ((((20000-( 9 + __PBP__ * 2))%0402h)/4+1)<=256)
  56  0003              ;# 56 "C:\Users\YVTC\Desktop\單晶片微控制器(一)\0417\5-4.c" 1
  56  0003  0F13        	MOV A,(20000-( 9 + __PBP__ * 2))/0402h
  56  0004              ;# 56 "C:\Users\YVTC\Desktop\單晶片微控制器(一)\0417\5-4.c" 1
  56  0004  0080     E  	MOV _builtin_holtek_delay_2,A
  56  0005              ;# 56 "C:\Users\YVTC\Desktop\單晶片微控制器(一)\0417\5-4.c" 1
  56  0005  0F7C        	MOV A,((20000-( 9 + __PBP__ * 2))%0402h)/4+1
  56  0006              ;# 56 "C:\Users\YVTC\Desktop\單晶片微控制器(一)\0417\5-4.c" 1
  56  0006              	fcall __DELAYY3 +3-(((20000-( 9 + __PBP__ * 2))%0402h)%4) 
  56  000D              	ENDIF
  56  000D  1480     E  	inc ra
  56  000E              _L6:
  56  000E  0700     E  	mov a,ra
  56  000F  0200     R  	sub a,_PAUSE_2[0]
  56  0010  390A        	snz z
  56  0011  2800     R  	jmp _L7
  56  0012  0003        	ret
  56  0013              _PAUSE endp
  56  0013              #line 56 "C:\Users\YVTC\Desktop\單晶片微控制器(一)\0417\5-4.c"
  56  0013              #pragma debug scope 1 1
  56  0013              ___wdtc equ [62]
  56  0013              ___pec equ [35]
  56  0013              ___pdc equ [31]
  56  0013              ___psc0 equ [100]
  56  0013              ___tbc0 equ [101]
  56  0013              ___intc2 equ [50]
  56  0013              ___intc0 equ [48]
  56  0013              public _main
  56  0013              #pragma debug scope 5 1
  12  0013              #line 12 "C:\Users\YVTC\Desktop\單晶片微控制器(一)\0417\5-4.c"
  12  0013              IFDEF WITH_DEFAULT_STARTUP
  12  0013              extern _main_initial0:near
  12  0013              extern _main_startup:near
  12  0013              ENDIF
  12  0013              
  12  0013              ROMBANK 0 @start
"File: 5-4.c         Assembler  Version HGASM0202      Page 6

  12  0000              @start .section com_l 'code'
  12  0000              _main_startup1:
  12  0000              @start .section com_e 'code'
  12  0000  0F00     R  	mov a,bank _main
  12  0001  008B        	mov bp,a
  12  0002  2800     R  	jmp _main
  12  0003              
  12  0000              _main .section 'code'
  12  0000              _main proc
  13  0000              #line 13 "C:\Users\YVTC\Desktop\單晶片微控制器(一)\0417\5-4.c"
  13  0000  0FAF        	mov a,175
  13  0001  00BE        	mov [62],a
  14  0002              #line 14 "C:\Users\YVTC\Desktop\單晶片微控制器(一)\0417\5-4.c"
  14  0002  1F22        	clr [34]
  14  0003  1F23        	clr [35]
  15  0004              #line 15 "C:\Users\YVTC\Desktop\單晶片微控制器(一)\0417\5-4.c"
  15  0004  1F1E        	clr [30]
  15  0005  1F1F        	clr [31]
  16  0006              #line 16 "C:\Users\YVTC\Desktop\單晶片微控制器(一)\0417\5-4.c"
  16  0006  0F01        	mov a,1
  16  0007  00E4        	mov [100],a
  16  0008  0F04        	mov a,4
  16  0009  00E5        	mov [101],a
  17  000A              #line 17 "C:\Users\YVTC\Desktop\單晶片微控制器(一)\0417\5-4.c"
  17  000A  0F00     R  	mov a,low offset _Buffer
  17  000B  0080     R  	mov _ptr[0],a
  17  000C  0F00     R  	mov a,high offset _Buffer
  17  000D  0080     R  	mov _ptr[1],a
  17  000E  0F01        	mov a,1
  17  000F  0080     R  	mov _ScanCode[0],a
  18  0010              #line 18 "C:\Users\YVTC\Desktop\單晶片微控制器(一)\0417\5-4.c"
  18  0010  30B2        	set [50].1
  18  0011  3030        	set [48].0
  18  0012  0F10        	mov a,16
  18  0013  0080     E  	mov rf,a
  19  0014              #line 19 "C:\Users\YVTC\Desktop\單晶片微控制器(一)\0417\5-4.c"
  19  0014  1F00     E  	clr ra
  19  0015              _L12:
  20  0015              #line 20 "C:\Users\YVTC\Desktop\單晶片微控制器(一)\0417\5-4.c"
  20  0015  0700     R  	mov a,_ptr[0]
  20  0016  0080     E  	mov rb,a
  20  0017  0700     R  	mov a,_ptr[1]
  20  0018  0080     E  	mov rc,a
  20  0019  0F01        	mov a,1
  20  001A  0300     E  	add a,rb
  20  001B  0080     R  	mov _ptr[0],a
  20  001C  0F00        	mov a,0
  20  001D  1300     E  	adc a,rc
  20  001E  0080     R  	mov _ptr[1],a
  20  001F  0F07        	mov a,7
  20  0020  0200     E  	sub a,ra
  20  0021  3C0A        	sz c
  20  0022  2800     R  	jmp _L9
  20  0023  0700     E  	mov a,rb
  20  0024  0083        	mov mp,a
  20  0025  0700     E  	mov a,rc
  20  0026  0084        	mov sbp,a
  20  0027  0F00        	mov a,0
  20  0028  0082        	mov ir,a
  20  0029  2800     R  	jmp _L10
"File: 5-4.c         Assembler  Version HGASM0202      Page 7

  20  002A              _L9:
  20  002A  0700     E  	mov a,ra
  20  002B  0080     E  	mov rd,a
  20  002C  1F00     E  	clr re
  20  002D  0F07        	mov a,7
  20  002E  0280     E  	subm a,rd
  20  002F  0F00        	mov a,0
  20  0030  1280     E  	sbcm a,re
  20  0031  0F00     R  	mov a,low offset _TAB
  20  0032  0300     E  	add a,rd
  20  0033  0083        	mov mp,a
  20  0034  0F00     R  	mov a,high offset _TAB
  20  0035  1300     E  	adc a,re
  20  0036  0084        	mov sbp,a
  20  0037              	fcall _Crom2Prom
  20  003E  0080     E  	mov rd,a
  20  003F  0700     E  	mov a,rb
  20  0040  0083        	mov mp,a
  20  0041  0700     E  	mov a,rc
  20  0042  0084        	mov sbp,a
  20  0043  0700     E  	mov a,rd
  20  0044  0082        	mov ir,a
  20  0045              _L10:
  19  0045              #line 19 "C:\Users\YVTC\Desktop\單晶片微控制器(一)\0417\5-4.c"
  19  0045  1480     E  	inc ra
  19  0046  1780     E  	sdz rf
  19  0047  2800     R  	jmp _L12
  19  0048              _L17:
  23  0048              #line 23 "C:\Users\YVTC\Desktop\單晶片微控制器(一)\0417\5-4.c"
  23  0048  0F00     R  	mov a,low offset _Buffer
  23  0049  0080     R  	mov _ptr[0],a
  23  004A  0F00     R  	mov a,high offset _Buffer
  23  004B  0080     R  	mov _ptr[1],a
  24  004C              #line 24 "C:\Users\YVTC\Desktop\單晶片微控制器(一)\0417\5-4.c"
  24  004C  33E5        	set [101].7
  24  004D  0F64        	mov a,100
  24  004E              	fcall _PAUSE
  24  0055              _L14:
  25  0055              #line 25 "C:\Users\YVTC\Desktop\單晶片微控制器(一)\0417\5-4.c"
  25  0055  0700     R  	mov a,_ptr[0]
  25  0056  0080     E  	mov rb,a
  25  0057  0700     R  	mov a,_ptr[1]
  25  0058  0080     E  	mov rc,a
  25  0059  0700     E  	mov a,rb
  25  005A  0A00     R  	sub a,low offset _Buffer
  25  005B  0700     E  	mov a,rc
  25  005C  0800     R  	sbc a,high offset _Buffer
  25  005D  3B0A        	snz cz
  25  005E  2800     R  	jmp _L14
  26  005F              #line 26 "C:\Users\YVTC\Desktop\單晶片微控制器(一)\0417\5-4.c"
  26  005F  37E5        	clr [101].7
  26  0060  1F1E        	clr [30]
  28  0061              #line 28 "C:\Users\YVTC\Desktop\單晶片微控制器(一)\0417\5-4.c"
  28  0061  0F0F        	mov a,15
  28  0062  0300     E  	add a,rb
  28  0063  0080     R  	mov _ptr[0],a
  28  0064  0F00        	mov a,0
  28  0065  1300     E  	adc a,rc
  28  0066  0080     R  	mov _ptr[1],a
  40  0067              #line 40 "C:\Users\YVTC\Desktop\單晶片微控制器(一)\0417\5-4.c"
"File: 5-4.c         Assembler  Version HGASM0202      Page 8

  40  0067  0700     R  	mov a,_ptr[0]
  40  0068  0083        	mov mp,a
  40  0069  0700     R  	mov a,_ptr[1]
  40  006A  0084        	mov sbp,a
  40  006B              	fcall _Crom2Prom
  40  0072  0080     E  	mov rf,a
  40  0073  0F0F        	mov a,15
  40  0074  0080     E  	mov ra,a
  40  0075              _L16:
  41  0075              #line 41 "C:\Users\YVTC\Desktop\單晶片微控制器(一)\0417\5-4.c"
  41  0075  0700     R  	mov a,_ptr[0]
  41  0076  0080     E  	mov rd,a
  41  0077  0700     R  	mov a,_ptr[1]
  41  0078  0080     E  	mov re,a
  41  0079  0FFF        	mov a,255
  41  007A  0300     R  	add a,_ptr[0]
  41  007B  0080     E  	mov rb,a
  41  007C  0FFF        	mov a,255
  41  007D  1300     R  	adc a,_ptr[1]
  41  007E  0080     E  	mov rc,a
  41  007F  0700     E  	mov a,rb
  41  0080  0080     R  	mov _ptr[0],a
  41  0081  0700     E  	mov a,rc
  41  0082  0080     R  	mov _ptr[1],a
  41  0083  0700     E  	mov a,rb
  41  0084  0083        	mov mp,a
  41  0085  0700     E  	mov a,rc
  41  0086  0084        	mov sbp,a
  41  0087              	fcall _Crom2Prom
  41  008E  0080     E  	mov rb,a
  41  008F  0700     E  	mov a,rd
  41  0090  0083        	mov mp,a
  41  0091  0700     E  	mov a,re
  41  0092  0084        	mov sbp,a
  41  0093  0700     E  	mov a,rb
  41  0094  0082        	mov ir,a
  41  0095  1780     E  	sdz ra
  41  0096  2800     R  	jmp _L16
  42  0097              #line 42 "C:\Users\YVTC\Desktop\單晶片微控制器(一)\0417\5-4.c"
  42  0097  0700     R  	mov a,_ptr[0]
  42  0098  0083        	mov mp,a
  42  0099  0700     R  	mov a,_ptr[1]
  42  009A  0084        	mov sbp,a
  42  009B  0700     E  	mov a,rf
  42  009C  0082        	mov ir,a
  43  009D              #line 43 "C:\Users\YVTC\Desktop\單晶片微控制器(一)\0417\5-4.c"
  43  009D  2800     R  	jmp _L17
  43  009E  2800     R  	jmp $
  43  009F              _main endp
  43  009F              
  43  009F              @dummy endp
  43  009F              
  43  009F              #line 43 "C:\Users\YVTC\Desktop\單晶片微控制器(一)\0417\5-4.c"
  43  009F              #pragma debug scope 1 1
  10  009F              #line 10 "C:\Users\YVTC\Desktop\單晶片微控制器(一)\0417\5-4.c"
  10  009F              public _ptr
  10  0000              @HCCINIT0_ptr .section 'data'
  10  0000  0002[       _ptr	db 2 dup(0)
            00
            ]
"File: 5-4.c         Assembler  Version HGASM0202      Page 9

  10  0002              #pragma debug pointer 42 8 1
  10  0002              #pragma debug pointer 42 8 1
  10  0002              #pragma debug variable 42 1 _ptr "ptr"
  10  0002              
  10  0000              @HCCINIT .section 'data'
   9  0000              #line 9 "C:\Users\YVTC\Desktop\單晶片微控制器(一)\0417\5-4.c"
   9  0000              public _Buffer
   9  0000              @HCCINIT0_Buffer .section 'data'
   9  0000  0010[       _Buffer	db 16 dup(0)
            00
            ]
   9  0010              #pragma debug array 43 8 16 1
   9  0010              #pragma debug array 43 8 16 1
   9  0010              #pragma debug variable 43 1 _Buffer "Buffer"
   9  0010              
   9  0000              @HCCINIT .section 'data'
   9  0000              #line 9 "C:\Users\YVTC\Desktop\單晶片微控制器(一)\0417\5-4.c"
   9  0000              public _ScanCode
   9  0000              @HCCINIT0_ScanCode .section 'data'
   9  0000              _ScanCode	db 0
   9  0001              #pragma debug variable 8 1 _ScanCode "ScanCode"
   9  0001              
   9  0000              @HCCINIT .section 'data'
   9  0000              public _TAB
   9  0000              @crom	.section 'crom'
   6  0000              #line 6 "C:\Users\YVTC\Desktop\單晶片微控制器(一)\0417\5-4.c"
   6  0000              @crom	.section	'crom'
   6  0000              _TAB:
   6  0000              #pragma debug array 44 8 8 1
   6  0000              #pragma debug array 44 8 8 1
   6  0000              #pragma debug variable 44 1 _TAB "TAB"
   6  0000              	db 24
   6  0001              	db 24
   6  0001              	db 60
   6  0002              	db 126
   6  0002              	db -1
   6  0003              	db 24
   6  0003              	db 24
   6  0004              	db 24
   6  0004              #pragma debug struct_end
   6  0004              #pragma debug struct_end
   6  0004              #pragma debug union_end
   6  0004              #pragma debug union_end
   6  0004              #pragma debug variable 46 1 ___pd "__pd" 1
   6  0004              #pragma debug struct_end
   6  0004              #pragma debug struct_end
   6  0004              #pragma debug union_end
   6  0004              #pragma debug union_end
   6  0004              #pragma debug variable 48 1 ___pdc "__pdc" 1
   6  0004              #pragma debug struct_end
   6  0004              #pragma debug struct_end
   6  0004              #pragma debug union_end
   6  0004              #pragma debug union_end
   6  0004              #pragma debug variable 50 1 ___pe "__pe" 1
   6  0004              #pragma debug struct_end
   6  0004              #pragma debug struct_end
   6  0004              #pragma debug union_end
   6  0004              #pragma debug union_end
   6  0004              #pragma debug variable 52 1 ___pec "__pec" 1
   6  0004              #pragma debug struct_end
"File: 5-4.c         Assembler  Version HGASM0202      Page 10

   6  0004              #pragma debug struct_end
   6  0004              #pragma debug union_end
   6  0004              #pragma debug union_end
   6  0004              #pragma debug variable 54 1 ___intc0 "__intc0" 1
   6  0004              #pragma debug struct_end
   6  0004              #pragma debug struct_end
   6  0004              #pragma debug union_end
   6  0004              #pragma debug union_end
   6  0004              #pragma debug variable 56 1 ___intc2 "__intc2" 1
   6  0004              #pragma debug struct_end
   6  0004              #pragma debug struct_end
   6  0004              #pragma debug union_end
   6  0004              #pragma debug union_end
   6  0004              #pragma debug variable 58 1 ___wdtc "__wdtc" 1
   6  0004              #pragma debug struct_end
   6  0004              #pragma debug struct_end
   6  0004              #pragma debug union_end
   6  0004              #pragma debug union_end
   6  0004              #pragma debug variable 60 1 ___psc0 "__psc0" 1
   6  0004              #pragma debug struct_end
   6  0004              #pragma debug struct_end
   6  0004              #pragma debug union_end
   6  0004              #pragma debug union_end
   6  0004              #pragma debug variable 62 1 ___tbc0 "__tbc0" 1
   6  0004              extern r1:byte
   6  0004              extern r2:byte
   6  0004              extern r3:byte
   6  0004              extern r4:byte
   6  0004              extern r5:byte
   6  0004              extern r6:byte
   6  0004              extern r7:byte
  12  0004              #line 12 "C:\Users\YVTC\Desktop\單晶片微控制器(一)\0417\5-4.c"
  12  0000              @code .section at 0 'code'
  12  0000  1F0B        	clr bp
  12  0001  2800     R  	jmp _main_startup1
  12  0002              
  12  0002              
  12  0002              ; 
  12  0002              ; Generated by holtek-gcc v3.18, Tue Apr 17 11:10:56 2018
  12  0002              ; Rebuild 126
  12  0002              ; end of file


        0 Errors, 0