"File: 5-5-1.c       Assembler  Version HGASM0202      Page 1


   1  0000              ; Generated by holtek-gcc v3.18, Tue May 08 10:53:19 2018
   2  0000              ; 
   3  0000              ; Configuration:
   4  0000              ;       with long instruction
   5  0000              ;       Multi-ROM, Multi-RAM
   6  0000              ;       bits_per_rom_unit:16
   7  0000              ;       with mp1
   8  0000              ;       with tbhp, address(0x9)
   9  0000              ;          Use tabrd-const
  10  0000              ;       
  11  0000              ; SFR address of long-instruction arch:
  12  0000              ;    mp0 = -1,1,0
  13  0000              ;    mp1 = 4,3,2
  14  0000              ;    mp2 = 14,13,12
  15  0000              ;    tbp = 9,7,8
  16  0000              ;    acc = 5
  17  0000              ;    pcl = 6
  18  0000              ;    status = 10
  19  0000              ;    bp = 11
  20  0000              ;    intc = 48
  21  0000              ;       
  22  0000              ;       
  23  0000              ; use 'tabrdc' instead of 'tabrd'
  24  0000              ;       
  25  0000              
  26  0000              #pragma translator "holtek-gcc 4.6.4" "3.18" "build 20130711"
  27  0000              ; Rebuild 126
  28  0000              
  29  0000              ir equ [2]
  30  0000              mp equ [3]
  31  0000              sbp equ [4]
  32  0000              acc equ [5]
  33  0000              bp equ [11]
  34  0000              tblp equ [7]
  35  0000              tbhp equ [9]
  36  0000              status equ [10]
  37  0000              c equ [10].0
  38  0000              ac equ [10].1
  39  0000              z equ [10].2
  40  0000              ov equ [10].3
  41  0000              cz equ [10].6
  42  0000              sc equ [10].7
  43  0000              intc equ [48]
  44  0000              
  45  0000              extern ra:byte
  46  0000              extern rb:byte
  47  0000              extern rc:byte
  48  0000              extern rd:byte
  49  0000              extern re:byte
  50  0000              extern rf:byte
  51  0000              extern rg:byte
  52  0000              extern rh:byte
  53  0000              extern _Crom2Prom:near
  54  0000              extern _Crom2PromNext:near
  55  0000              
  56  0000              RAMBANK 0 @BITDATASEC, @BITDATASEC1
  57  0000              @HCCINIT	.section 'data'
  58  0000              @HCCINIT0	.section 'data'
  59  0000              @BITDATASEC	 .section 'data'
"File: 5-5-1.ASM     Assembler  Version HGASM0202      Page 2

  60  0000              @BITDATASEC1	 .section 'data'
  61  0000              
  62  0000              #pragma debug scope 1 1
  63  0000              	extern __DELAY3:near
  64  0000              	extern __DELAYX3:near
  65  0000              	extern __DELAYX6:near
  66  0000              	extern __DELAYY5:near
  67  0000              	extern __DELAYY3:near
  68  0000              	extern _builtin_holtek_delay_2:byte
  69  0000              ___mfi0 equ [52]
  70  0000              ___pcs0 equ [360]
  71  0000              ___pcs3 equ [363]
  72  0000              ___pd equ [30]
  73  0000              ___pe equ [34]
  74  0000              ___pc equ [26]
  75  0000              public _ISR_STM
  76  0000              #pragma debug scope 2 1

  90  0000              #line 90 "C:\Users\YVTC\Desktop\單晶片微控制器(一)\0508\5-5-1.c"
  90  0000              rombank 0 @ISR_STM_code
  90  0000              @ISR_STM_code .section at 20 'code'
  90  0000  0080     E  	mov r1,a
  90  0001  070B        	mov a,bp
  90  0002  1F0B        	clr bp
  90  0003  2800     R  	jmp _ISR_STM
  90  0004              ROMBANK 0 _ISR_STM
  90  0004              #pragma debug scope 1 1
  90  0004              @dummy20 endp
  90  0004              #pragma debug scope 3 1
  90  0000              _ISR_STM .section 'code'
  90  0000              _ISR_STM proc
  90  0000  00          local _ISR_STM_2 db 1 dup(?)
  90  0000  0080     E  	mov r2,a
  90  0001  070A        	mov a, status
  90  0002  0080     E  	mov r3,a
  90  0003  0703        	mov a,mp
  90  0004  0080     E  	mov r4,a
  90  0005  0704        	mov a,sbp
  90  0006  0080     E  	mov r5,a
  90  0007  0707        	mov a,tblp
  90  0008  0080     E  	mov r6,a
  90  0009  0709        	mov a,tbhp
  90  000A  0080     E  	mov r7,a
  91  000B              #line 91 "C:\Users\YVTC\Desktop\單晶片微控制器(一)\0508\5-5-1.c"
  91  000B  37B4        	clr [52].7
  92  000C              #line 92 "C:\Users\YVTC\Desktop\單晶片微控制器(一)\0508\5-5-1.c"
  92  000C  1080     R  	sz _PhaseCount[0]
  92  000D  2800     R  	jmp _L2
  92  000E              #line 92 "C:\Users\YVTC\Desktop\單晶片微控制器(一)\0508\5-5-1.c"
  92  000E  0F04        	mov a,4
  92  000F  0080     E  	mov ra,a
  92  0010  1F00     E  	clr rf
  92  0011              _L6:
  94  0011              #line 94 "C:\Users\YVTC\Desktop\單晶片微控制器(一)\0508\5-5-1.c"
  94  0011  0700     E  	mov a,rf
  94  0012  0080     E  	mov rd,a
  94  0013  1F00     E  	clr re
  94  0014  0F00     R  	mov a,low offset _DisBuffer
  94  0015  0300     E  	add a,rd
  94  0016  0080     E  	mov rb,a
"File: 5-5-1.c       Assembler  Version HGASM0202      Page 3

  94  0017  0F00     R  	mov a,high offset _DisBuffer
  94  0018  1300     E  	adc a,re
  94  0019  0080     E  	mov rc,a
  94  001A  0700     E  	mov a,rb
  94  001B  0083        	mov mp,a
  94  001C  0700     E  	mov a,rc
  94  001D  0084        	mov sbp,a
  94  001E              	fcall _Crom2Prom
  94  0025  0080     R  	mov _ISR_STM_2[0],a
  94  0026  0700     R  	mov a,_ISR_STM_2[0]
  94  0027  0E80        	and a,128
  94  0028  0080     E  	mov rg,a
  94  0029  0700     E  	mov a,rg
  94  002A  0082        	mov ir,a
  95  002B              #line 95 "C:\Users\YVTC\Desktop\單晶片微控制器(一)\0508\5-5-1.c"
  95  002B              	fcall _Crom2Prom
  95  0032  0080     E  	mov rg,a
  95  0033  0F00     R  	mov a,low offset _Digit
  95  0034  0300     E  	add a,rd
  95  0035  0083        	mov mp,a
  95  0036  0F00     R  	mov a,high offset _Digit
  95  0037  1300     E  	adc a,re
  95  0038  0084        	mov sbp,a
  95  0039              	fcall _Crom2Prom
  95  0040  0080     E  	mov rd,a
  95  0041  0F00     R  	mov a,low offset _TransSegment
  95  0042  0300     E  	add a,rd
  95  0043  0083        	mov mp,a
  95  0044  0F00     R  	mov a,high offset _TransSegment
  95  0045  1F04        	clr sbp
  95  0046  1384        	adcm a,sbp
  95  0047              	fcall _Crom2Prom
  95  004E  0080     E  	mov rd,a
  95  004F  0700     E  	mov a,rg
  95  0050  0580     E  	orm a,rd
  95  0051  0700     E  	mov a,rb
  95  0052  0083        	mov mp,a
  95  0053  0700     E  	mov a,rc
  95  0054  0084        	mov sbp,a
  95  0055  0700     E  	mov a,rd
  95  0056  0082        	mov ir,a
  93  0057              #line 93 "C:\Users\YVTC\Desktop\單晶片微控制器(一)\0508\5-5-1.c"
  93  0057  1480     E  	inc rf
  93  0058  1780     E  	sdz ra
  93  0059  2800     R  	jmp _L6
  93  005A              _L8:
 103  005A              #line 103 "C:\Users\YVTC\Desktop\單晶片微控制器(一)\0508\5-5-1.c"
 103  005A  0F33        	mov a,51
 103  005B  80E8 0001   	lmov [360],a
 103  005D  0F33        	mov a,51
 103  005E  80EB 0001   	lmov [363],a
 103  0060  1F1E        	clr [30]
 103  0061  3422        	clr [34].0
 104  0062              #line 104 "C:\Users\YVTC\Desktop\單晶片微控制器(一)\0508\5-5-1.c"
 104  0062  3800     R  	snz _DisBuffer[0].0
 104  0063  2800     R  	jmp _L5
 104  0064  301E        	set [30].0
 104  0065  2800     R  	jmp _L5
 104  0066              _L2:
  99  0066              #line 99 "C:\Users\YVTC\Desktop\單晶片微控制器(一)\0508\5-5-1.c"
"File: 5-5-1.c       Assembler  Version HGASM0202      Page 4

  99  0066  3C00     R  	sz _PhaseCount[0].0
  99  0067  2800     R  	jmp _L7
 100  0068              #line 100 "C:\Users\YVTC\Desktop\單晶片微控制器(一)\0508\5-5-1.c"
 100  0068              ;# 100 "C:\Users\YVTC\Desktop\單晶片微控制器(一)\0508\5-5-1.c" 1
 100  0068  1980     R  	rr _DisBuffer[0]
 100  0069              ;# 100 "C:\Users\YVTC\Desktop\單晶片微控制器(一)\0508\5-5-1.c" 1
 100  0069  1980     R  	rr _DisBuffer[1]
 100  006A              ;# 100 "C:\Users\YVTC\Desktop\單晶片微控制器(一)\0508\5-5-1.c" 1
 100  006A  1980     R  	rr _DisBuffer[2]
 100  006B              ;# 100 "C:\Users\YVTC\Desktop\單晶片微控制器(一)\0508\5-5-1.c" 1
 100  006B  1980     R  	rr _DisBuffer[3]
 100  006C              ;# 100 "C:\Users\YVTC\Desktop\單晶片微控制器(一)\0508\5-5-1.c" 1
 100  006C  1980     R  	rr _DisBuffer[4]
 100  006D              _L7:
  92  006D              #line 92 "C:\Users\YVTC\Desktop\單晶片微控制器(一)\0508\5-5-1.c"
  92  006D  0F05        	mov a,5
  92  006E  0080     E  	mov ra,a
  92  006F  1F00     E  	clr rb
  92  0070              _L9:
 101  0070              #line 101 "C:\Users\YVTC\Desktop\單晶片微控制器(一)\0508\5-5-1.c"
 101  0070  0F00     R  	mov a,low offset _DisBuffer
 101  0071  0300     E  	add a,rb
 101  0072  0083        	mov mp,a
 101  0073  0F00     R  	mov a,high offset _DisBuffer
 101  0074  1F04        	clr sbp
 101  0075  1384        	adcm a,sbp
 101  0076              	fcall _Crom2Prom
 101  007D  0080     R  	mov _ISR_STM_2[0],a
 101  007E  0100     R  	cpla _ISR_STM_2[0]
 101  007F  0080     E  	mov rc,a
 101  0080  0700     E  	mov a,rc
 101  0081  0082        	mov ir,a
 101  0082  1480     E  	inc rb
 101  0083  1780     E  	sdz ra
 101  0084  2800     R  	jmp _L9
 101  0085  2800     R  	jmp _L8
 101  0086              _L5:
 105  0086              #line 105 "C:\Users\YVTC\Desktop\單晶片微控制器(一)\0508\5-5-1.c"
 105  0086  3800     R  	snz _DisBuffer[0].4
 105  0087  2800     R  	jmp _L10
 105  0088  309E        	set [30].1
 105  0089              _L10:
 106  0089              #line 106 "C:\Users\YVTC\Desktop\單晶片微控制器(一)\0508\5-5-1.c"
 106  0089  3800     R  	snz _DisBuffer[1].0
 106  008A  2800     R  	jmp _L11
 106  008B  311E        	set [30].2
 106  008C              _L11:
 107  008C              #line 107 "C:\Users\YVTC\Desktop\單晶片微控制器(一)\0508\5-5-1.c"
 107  008C  3800     R  	snz _DisBuffer[1].4
 107  008D  2800     R  	jmp _L12
 107  008E  319E        	set [30].3
 107  008F              _L12:
 108  008F              #line 108 "C:\Users\YVTC\Desktop\單晶片微控制器(一)\0508\5-5-1.c"
 108  008F  3800     R  	snz _DisBuffer[2].0
 108  0090  2800     R  	jmp _L13
 108  0091  321E        	set [30].4
 108  0092              _L13:
 109  0092              #line 109 "C:\Users\YVTC\Desktop\單晶片微控制器(一)\0508\5-5-1.c"
 109  0092  3800     R  	snz _DisBuffer[2].4
 109  0093  2800     R  	jmp _L14
"File: 5-5-1.c       Assembler  Version HGASM0202      Page 5

 109  0094  329E        	set [30].5
 109  0095              _L14:
 110  0095              #line 110 "C:\Users\YVTC\Desktop\單晶片微控制器(一)\0508\5-5-1.c"
 110  0095  3800     R  	snz _DisBuffer[3].0
 110  0096  2800     R  	jmp _L15
 110  0097  331E        	set [30].6
 110  0098              _L15:
 111  0098              #line 111 "C:\Users\YVTC\Desktop\單晶片微控制器(一)\0508\5-5-1.c"
 111  0098  3800     R  	snz _DisBuffer[3].4
 111  0099  2800     R  	jmp _L16
 111  009A  339E        	set [30].7
 111  009B              _L16:
 112  009B              #line 112 "C:\Users\YVTC\Desktop\單晶片微控制器(一)\0508\5-5-1.c"
 112  009B  3800     R  	snz _DisBuffer[4].0
 112  009C  2800     R  	jmp _L17
 112  009D  3022        	set [34].0
 112  009E              _L17:
 113  009E              #line 113 "C:\Users\YVTC\Desktop\單晶片微控制器(一)\0508\5-5-1.c"
 113  009E  0700     R  	mov a,_PhaseCount[0]
 113  009F  0080     R  	mov _ISR_STM_2[0],a
 113  00A0  1400     R  	inca _ISR_STM_2[0]
 113  00A1  0080     R  	mov _PhaseCount[0],a
 113  00A2  0700     R  	mov a,_ISR_STM_2[0]
 113  00A3  0A00        	sub a,0
 113  00A4  3D0A        	sz z
 113  00A5  2800     R  	jmp _L19
 113  00A6  0A01        	sub a,(1)-(0)
 113  00A7  3D0A        	sz z
 113  00A8  2800     R  	jmp _L20
 113  00A9  0700     R  	mov a,_ISR_STM_2[0]
 113  00AA  0A02        	sub a,2
 113  00AB  3D0A        	sz z
 113  00AC  2800     R  	jmp _L21
 113  00AD  0A01        	sub a,(3)-(2)
 113  00AE  3D0A        	sz z
 113  00AF  2800     R  	jmp _L22
 113  00B0  0700     R  	mov a,_ISR_STM_2[0]
 113  00B1  0A04        	sub a,4
 113  00B2  3D0A        	sz z
 113  00B3  2800     R  	jmp _L23
 113  00B4  0A01        	sub a,(5)-(4)
 113  00B5  3D0A        	sz z
 113  00B6  2800     R  	jmp _L24
 113  00B7  0700     R  	mov a,_ISR_STM_2[0]
 113  00B8  0A06        	sub a,6
 113  00B9  3D0A        	sz z
 113  00BA  2800     R  	jmp _L25
 113  00BB  0700     R  	mov a,_ISR_STM_2[0]
 113  00BC  0A07        	sub a,7
 113  00BD  390A        	snz z
 113  00BE  2800     R  	jmp _L18
 148  00BF              #line 148 "C:\Users\YVTC\Desktop\單晶片微控制器(一)\0508\5-5-1.c"
 148  00BF  0F03        	mov a,3
 148  00C0  80EB 0001   	lmov [363],a
 148  00C2  339A        	set [26].7
 148  00C3  0F05        	mov a,5
 148  00C4  0080     E  	mov ra,a
 151  00C5              #line 151 "C:\Users\YVTC\Desktop\單晶片微控制器(一)\0508\5-5-1.c"
 151  00C5  1F00     E  	clr rf
 151  00C6  2800     R  	jmp _L38
"File: 5-5-1.c       Assembler  Version HGASM0202      Page 6

 151  00C7              _L19:
 114  00C7              #line 114 "C:\Users\YVTC\Desktop\單晶片微控制器(一)\0508\5-5-1.c"
 114  00C7  1E00     R  	snz _FG_HalfSec[0]
 114  00C8  2800     R  	jmp _L28
 115  00C9              #line 115 "C:\Users\YVTC\Desktop\單晶片微控制器(一)\0508\5-5-1.c"
 115  00C9  1F00     R  	clr _FG_HalfSec[0]
 115  00CA  0F80        	mov a,128
 115  00CB  0380     R  	addm a,_DisBuffer[0]
 116  00CC              #line 116 "C:\Users\YVTC\Desktop\單晶片微控制器(一)\0508\5-5-1.c"
 116  00CC  0700     R  	mov a,_FG_Second[0]
 116  00CD  0C01        	xor a,1
 116  00CE  0080     E  	mov ra,a
 116  00CF  0700     E  	mov a,ra
 116  00D0  0080     R  	mov _FG_Second[0],a
 117  00D1              #line 117 "C:\Users\YVTC\Desktop\單晶片微控制器(一)\0508\5-5-1.c"
 117  00D1  1080     E  	sz ra
 117  00D2  2800     R  	jmp _L28
 118  00D3              #line 118 "C:\Users\YVTC\Desktop\單晶片微控制器(一)\0508\5-5-1.c"
 118  00D3  3400     R  	clr _DisBuffer[1].7
 119  00D4              #line 119 "C:\Users\YVTC\Desktop\單晶片微控制器(一)\0508\5-5-1.c"
 119  00D4  3800     R  	snz _DisBuffer[4].0
 119  00D5  2800     R  	jmp _L30
 119  00D6  0F10        	mov a,16
 119  00D7  0080     R  	mov _DisBuffer[4],a
 119  00D8  2800     R  	jmp _L31
 119  00D9              _L30:
 120  00D9              #line 120 "C:\Users\YVTC\Desktop\單晶片微控制器(一)\0508\5-5-1.c"
 120  00D9              ;# 120 "C:\Users\YVTC\Desktop\單晶片微控制器(一)\0508\5-5-1.c" 1
 120  00D9  1980     R  	rr _DisBuffer[4]
 120  00DA              _L31:
 121  00DA              #line 121 "C:\Users\YVTC\Desktop\單晶片微控制器(一)\0508\5-5-1.c"
 121  00DA  1400     R  	inca _Second[0]
 121  00DB  0080     E  	mov ra,a
 121  00DC  0700     E  	mov a,ra
 121  00DD  0080     R  	mov _Second[0],a
 121  00DE  0700     E  	mov a,ra
 121  00DF  0A3C        	sub a,60
 121  00E0  390A        	snz z
 121  00E1  2800     R  	jmp _L28
 122  00E2              #line 122 "C:\Users\YVTC\Desktop\單晶片微控制器(一)\0508\5-5-1.c"
 122  00E2  1F00     R  	clr _Second[0]
 123  00E3              #line 123 "C:\Users\YVTC\Desktop\單晶片微控制器(一)\0508\5-5-1.c"
 123  00E3  1400     R  	inca _Time[1]
 123  00E4  0080     E  	mov ra,a
 123  00E5  0700     E  	mov a,ra
 123  00E6  0080     R  	mov _Time[1],a
 123  00E7  0700     E  	mov a,ra
 123  00E8  0A3C        	sub a,60
 123  00E9  390A        	snz z
 123  00EA  2800     R  	jmp _L28
 124  00EB              #line 124 "C:\Users\YVTC\Desktop\單晶片微控制器(一)\0508\5-5-1.c"
 124  00EB  1F00     R  	clr _Time[1]
 125  00EC              #line 125 "C:\Users\YVTC\Desktop\單晶片微控制器(一)\0508\5-5-1.c"
 125  00EC  1400     R  	inca _Time[0]
 125  00ED  0080     E  	mov ra,a
 125  00EE  0700     E  	mov a,ra
 125  00EF  0080     R  	mov _Time[0],a
 125  00F0  0700     E  	mov a,ra
 125  00F1  0A18        	sub a,24
 125  00F2  390A        	snz z
"File: 5-5-1.c       Assembler  Version HGASM0202      Page 7

 125  00F3  2800     R  	jmp _L28
 125  00F4  1F00     R  	clr _Time[0]
 125  00F5              _L28:
 130  00F5              #line 130 "C:\Users\YVTC\Desktop\單晶片微控制器(一)\0508\5-5-1.c"
 130  00F5  1E00     R  	snz _FG_Adj[0]
 130  00F6  2800     R  	jmp _L32
 131  00F7              #line 131 "C:\Users\YVTC\Desktop\單晶片微控制器(一)\0508\5-5-1.c"
 131  00F7  1E00     R  	snz _FG_Alarm[0]
 131  00F8  2800     R  	jmp _L33
 131  00F9  3000     R  	set _DisBuffer[1].7
 131  00FA  2800     R  	jmp _L34
 131  00FB              _L33:
 132  00FB              #line 132 "C:\Users\YVTC\Desktop\單晶片微控制器(一)\0508\5-5-1.c"
 132  00FB  3400     R  	clr _DisBuffer[1].7
 132  00FC              _L34:
 133  00FC              #line 133 "C:\Users\YVTC\Desktop\單晶片微控制器(一)\0508\5-5-1.c"
 133  00FC  1E00     R  	snz _FG_State[0]
 133  00FD  2800     R  	jmp _L35
 134  00FE              #line 134 "C:\Users\YVTC\Desktop\單晶片微控制器(一)\0508\5-5-1.c"
 134  00FE  1E00     R  	snz _FG_Select[0]
 134  00FF  2800     R  	jmp _L36
 134  0100  0F0C        	mov a,12
 134  0101  0080     R  	mov _DisBuffer[4],a
 134  0102  2800     R  	jmp _L32
 134  0103              _L36:
 135  0103              #line 135 "C:\Users\YVTC\Desktop\單晶片微控制器(一)\0508\5-5-1.c"
 135  0103  0F03        	mov a,3
 135  0104  0080     R  	mov _DisBuffer[4],a
 135  0105  2800     R  	jmp _L32
 135  0106              _L35:
 137  0106              #line 137 "C:\Users\YVTC\Desktop\單晶片微控制器(一)\0508\5-5-1.c"
 137  0106  0F0F        	mov a,15
 137  0107  0080     R  	mov _DisBuffer[4],a
 137  0108              _L32:
 139  0108              #line 139 "C:\Users\YVTC\Desktop\單晶片微控制器(一)\0508\5-5-1.c"
 139  0108  0700     R  	mov a,_ptr[0]
 139  0109  0080     E  	mov rb,a
 139  010A  0700     R  	mov a,_ptr[1]
 139  010B  0080     E  	mov rc,a
 139  010C  0700     E  	mov a,rb
 139  010D  0083        	mov mp,a
 139  010E  0700     E  	mov a,rc
 139  010F  0084        	mov sbp,a
 139  0110              	fcall _Crom2Prom
 139  0117  0080     R  	mov _ISR_STM_2[0],a
 139  0118  1F00     E  	clr _builtin_holtek_udivmodqi4_2[3]
 139  0119  0700     R  	mov a,_ISR_STM_2[0]
 139  011A  0080     E  	mov _builtin_holtek_udivmodqi4_2[0],a
 139  011B  0F0A        	mov a,10
 139  011C  0080     E  	mov _builtin_holtek_udivmodqi4_2[1],a
 139  011D              	fcall _builtin_holtek_udivmodqi4
 139  0124  0700     E  	mov a,_builtin_holtek_udivmodqi4_2[0]
 139  0125  0080     R  	mov _Digit[0],a
 139  0126              	fcall _Crom2Prom
 139  012D  0080     E  	mov ra,a
 139  012E  1F00     E  	clr _builtin_holtek_udivmodqi4_2[3]
 139  012F  0700     E  	mov a,ra
 139  0130  0080     E  	mov _builtin_holtek_udivmodqi4_2[0],a
 139  0131  0F0A        	mov a,10
 139  0132  0080     E  	mov _builtin_holtek_udivmodqi4_2[1],a
"File: 5-5-1.c       Assembler  Version HGASM0202      Page 8

 139  0133              	fcall _builtin_holtek_udivmodqi4
 139  013A  0700     E  	mov a,_builtin_holtek_udivmodqi4_2[2]
 139  013B  0080     R  	mov _Digit[1],a
 140  013C              #line 140 "C:\Users\YVTC\Desktop\單晶片微控制器(一)\0508\5-5-1.c"
 140  013C  0F01        	mov a,1
 140  013D  0300     E  	add a,rb
 140  013E  0083        	mov mp,a
 140  013F  0F00        	mov a,0
 140  0140  1300     E  	adc a,rc
 140  0141  0084        	mov sbp,a
 140  0142              	fcall _Crom2Prom
 140  0149  0080     R  	mov _ISR_STM_2[0],a
 140  014A  1F00     E  	clr _builtin_holtek_udivmodqi4_2[3]
 140  014B  0700     R  	mov a,_ISR_STM_2[0]
 140  014C  0080     E  	mov _builtin_holtek_udivmodqi4_2[0],a
 140  014D  0F0A        	mov a,10
 140  014E  0080     E  	mov _builtin_holtek_udivmodqi4_2[1],a
 140  014F              	fcall _builtin_holtek_udivmodqi4
 140  0156  0700     E  	mov a,_builtin_holtek_udivmodqi4_2[0]
 140  0157  0080     R  	mov _Digit[2],a
 140  0158              	fcall _Crom2Prom
 140  015F  0080     E  	mov ra,a
 140  0160  1F00     E  	clr _builtin_holtek_udivmodqi4_2[3]
 140  0161  0700     E  	mov a,ra
 140  0162  0080     E  	mov _builtin_holtek_udivmodqi4_2[0],a
 140  0163  0F0A        	mov a,10
 140  0164  0080     E  	mov _builtin_holtek_udivmodqi4_2[1],a
 140  0165              	fcall _builtin_holtek_udivmodqi4
 140  016C  0700     E  	mov a,_builtin_holtek_udivmodqi4_2[2]
 140  016D  0080     R  	mov _Digit[3],a
 141  016E              #line 141 "C:\Users\YVTC\Desktop\單晶片微控制器(一)\0508\5-5-1.c"
 141  016E  0F30        	mov a,48
 141  016F  80E8 0001   	lmov [360],a
 141  0171  341A        	clr [26].0
 141  0172  2800     R  	jmp _L18
 141  0173              _L20:
 142  0173              #line 142 "C:\Users\YVTC\Desktop\單晶片微控制器(一)\0508\5-5-1.c"
 142  0173  0F30        	mov a,48
 142  0174  80E8 0001   	lmov [360],a
 142  0176  301A        	set [26].0
 142  0177  2800     R  	jmp _L18
 142  0178              _L21:
 143  0178              #line 143 "C:\Users\YVTC\Desktop\單晶片微控制器(一)\0508\5-5-1.c"
 143  0178  0F03        	mov a,3
 143  0179  80E8 0001   	lmov [360],a
 143  017B  349A        	clr [26].1
 143  017C  2800     R  	jmp _L18
 143  017D              _L22:
 144  017D              #line 144 "C:\Users\YVTC\Desktop\單晶片微控制器(一)\0508\5-5-1.c"
 144  017D  0F03        	mov a,3
 144  017E  80E8 0001   	lmov [360],a
 144  0180  309A        	set [26].1
 144  0181  2800     R  	jmp _L18
 144  0182              _L23:
 145  0182              #line 145 "C:\Users\YVTC\Desktop\單晶片微控制器(一)\0508\5-5-1.c"
 145  0182  0F30        	mov a,48
 145  0183  80EB 0001   	lmov [363],a
 145  0185  371A        	clr [26].6
 145  0186  2800     R  	jmp _L18
 145  0187              _L24:
"File: 5-5-1.c       Assembler  Version HGASM0202      Page 9

 146  0187              #line 146 "C:\Users\YVTC\Desktop\單晶片微控制器(一)\0508\5-5-1.c"
 146  0187  0F30        	mov a,48
 146  0188  80EB 0001   	lmov [363],a
 146  018A  331A        	set [26].6
 146  018B  2800     R  	jmp _L18
 146  018C              _L25:
 147  018C              #line 147 "C:\Users\YVTC\Desktop\單晶片微控制器(一)\0508\5-5-1.c"
 147  018C  0F03        	mov a,3
 147  018D  80EB 0001   	lmov [363],a
 147  018F  379A        	clr [26].7
 147  0190  2800     R  	jmp _L18
 147  0191              _L38:
 152  0191              #line 152 "C:\Users\YVTC\Desktop\單晶片微控制器(一)\0508\5-5-1.c"
 152  0191  0700     E  	mov a,rf
 152  0192  0080     E  	mov rb,a
 152  0193  1F00     E  	clr rc
 152  0194  0F00     R  	mov a,low offset _DisBuffer
 152  0195  0300     E  	add a,rb
 152  0196  0080     E  	mov rd,a
 152  0197  0F00     R  	mov a,high offset _DisBuffer
 152  0198  1300     E  	adc a,rc
 152  0199  0080     E  	mov re,a
 152  019A  0700     E  	mov a,rd
 152  019B  0083        	mov mp,a
 152  019C  0700     E  	mov a,re
 152  019D  0084        	mov sbp,a
 152  019E              ;# 152 "C:\Users\YVTC\Desktop\單晶片微控制器(一)\0508\5-5-1.c" 1
 152  019E  1982        	rr ir
 153  019F              #line 153 "C:\Users\YVTC\Desktop\單晶片微控制器(一)\0508\5-5-1.c"
 153  019F  0F00     R  	mov a,low offset _DisBuffer
 153  01A0  0300     E  	add a,rb
 153  01A1  0080     E  	mov rd,a
 153  01A2  0F00     R  	mov a,high offset _DisBuffer
 153  01A3  1300     E  	adc a,rc
 153  01A4  0080     E  	mov re,a
 153  01A5  0700     E  	mov a,rd
 153  01A6  0083        	mov mp,a
 153  01A7  0700     E  	mov a,re
 153  01A8  0084        	mov sbp,a
 153  01A9              ;# 153 "C:\Users\YVTC\Desktop\單晶片微控制器(一)\0508\5-5-1.c" 1
 153  01A9  1182        	swap ir
 154  01AA              #line 154 "C:\Users\YVTC\Desktop\單晶片微控制器(一)\0508\5-5-1.c"
 154  01AA  0F00     R  	mov a,low offset _DisBuffer
 154  01AB  0300     E  	add a,rb
 154  01AC  0083        	mov mp,a
 154  01AD  0F00     R  	mov a,high offset _DisBuffer
 154  01AE  1300     E  	adc a,rc
 154  01AF  0084        	mov sbp,a
 154  01B0              	fcall _Crom2Prom
 154  01B7  0080     R  	mov _ISR_STM_2[0],a
 154  01B8  0100     R  	cpla _ISR_STM_2[0]
 154  01B9  0080     E  	mov rb,a
 154  01BA  0700     E  	mov a,rb
 154  01BB  0082        	mov ir,a
 151  01BC              #line 151 "C:\Users\YVTC\Desktop\單晶片微控制器(一)\0508\5-5-1.c"
 151  01BC  1480     E  	inc rf
 151  01BD  1780     E  	sdz ra
 151  01BE  2800     R  	jmp _L38
 164  01BF              #line 164 "C:\Users\YVTC\Desktop\單晶片微控制器(一)\0508\5-5-1.c"
 164  01BF  1F00     R  	clr _PhaseCount[0]
"File: 5-5-1.c       Assembler  Version HGASM0202      Page 10

 164  01C0              _L18:
 166  01C0              #line 166 "C:\Users\YVTC\Desktop\單晶片微控制器(一)\0508\5-5-1.c"
 166  01C0  1500     R  	deca _SecCounter[0]
 166  01C1  0080     E  	mov ra,a
 166  01C2  0700     E  	mov a,ra
 166  01C3  0080     R  	mov _SecCounter[0],a
 166  01C4  1080     E  	sz ra
 166  01C5  2800     R  	jmp _L1
 167  01C6              #line 167 "C:\Users\YVTC\Desktop\單晶片微控制器(一)\0508\5-5-1.c"
 167  01C6  0F7D        	mov a,125
 167  01C7  0080     R  	mov _SecCounter[0],a
 167  01C8  0F01        	mov a,1
 167  01C9  0080     R  	mov _FG_HalfSec[0],a
 167  01CA              _L1:
 167  01CA  0700     E  	mov a,r2
 167  01CB  008B        	mov bp,a
 167  01CC  0700     E  	mov a,r3
 167  01CD  008A        	mov status,a
 167  01CE  0700     E  	mov a,r4
 167  01CF  0083        	mov mp,a
 167  01D0  0700     E  	mov a,r5
 167  01D1  0084        	mov sbp,a
 167  01D2  0700     E  	mov a,r6
 167  01D3  0087        	mov tblp,a
 167  01D4  0700     E  	mov a,r7
 167  01D5  0089        	mov tbhp,a
 167  01D6  1D05        	tabrdc acc
 167  01D7  0700     E  	mov a,r1
 167  01D8  0004        	reti
 167  01D9              _ISR_STM endp
 167  01D9              
 167  01D9              #line 167 "C:\Users\YVTC\Desktop\單晶片微控制器(一)\0508\5-5-1.c"
 167  01D9              #pragma debug scope 1 1
 167  01D9              public _PAUSE
 167  01D9              #pragma debug scope 4 1
 170  01D9              #line 170 "C:\Users\YVTC\Desktop\單晶片微控制器(一)\0508\5-5-1.c"
 170  0000              _PAUSE .section 'code'
 170  0000              _PAUSE proc
 170  0000  00              local _PAUSE_2 db 1 dup(?)	; 0,1
 170  0000  0080     R  	mov _PAUSE_2[0],a
 170  0001              #pragma debug variable 8 4 _PAUSE_2+0 "i"
 171  0001              #line 171 "C:\Users\YVTC\Desktop\單晶片微控制器(一)\0508\5-5-1.c"
 171  0001  1F00     E  	clr ra
 171  0002  2800     R  	jmp _L69
 171  0003              _L70:
 171  0003              #line 171 "C:\Users\YVTC\Desktop\單晶片微控制器(一)\0508\5-5-1.c"
 171  0003              ;# 171 "C:\Users\YVTC\Desktop\單晶片微控制器(一)\0508\5-5-1.c" 1
 171  0003              	IF 20000>263690
 171  0003              ;# 171 "C:\Users\YVTC\Desktop\單晶片微控制器(一)\0508\5-5-1.c" 1
 171  0003              	ERRMESSAGE 'the value 20000of the argument exceeds the maxinum 263690'
 171  0003              	ENDIF
 171  0003              ;# 171 "C:\Users\YVTC\Desktop\單晶片微控制器(一)\0508\5-5-1.c" 1
 171  0003              	IF 20000<0
 171  0003              ;# 171 "C:\Users\YVTC\Desktop\單晶片微控制器(一)\0508\5-5-1.c" 1
 171  0003              	ERRMESSAGE 'the value 20000 of the argument exceeds the mininum 0'
 171  0003              	ENDIF
 171  0003              ;# 171 "C:\Users\YVTC\Desktop\單晶片微控制器(一)\0508\5-5-1.c" 1
 171  0003              	IF 20000==0
 171  0003              ;# 171 "C:\Users\YVTC\Desktop\單晶片微控制器(一)\0508\5-5-1.c" 1
 171  0003              	JMP $
"File: 5-5-1.c       Assembler  Version HGASM0202      Page 11

 171  0003              	ENDIF
 171  0003              ;# 171 "C:\Users\YVTC\Desktop\單晶片微控制器(一)\0508\5-5-1.c" 1
 171  0003              	IF (20000>=1) AND (20000<( 4 + __PBP__ * 2))
 171  0003              ;# 171 "C:\Users\YVTC\Desktop\單晶片微控制器(一)\0508\5-5-1.c" 1
 171  0003              	NOP
 171  0003              	ENDIF
 171  0003              ;# 171 "C:\Users\YVTC\Desktop\單晶片微控制器(一)\0508\5-5-1.c" 1
 171  0003              	IF (20000>=2) AND (20000<( 4 + __PBP__ * 2))
 171  0003              ;# 171 "C:\Users\YVTC\Desktop\單晶片微控制器(一)\0508\5-5-1.c" 1
 171  0003              	NOP
 171  0003              	ENDIF
 171  0003              ;# 171 "C:\Users\YVTC\Desktop\單晶片微控制器(一)\0508\5-5-1.c" 1
 171  0003              	IF (20000>=3) AND (20000<( 4 + __PBP__ * 2))
 171  0003              ;# 171 "C:\Users\YVTC\Desktop\單晶片微控制器(一)\0508\5-5-1.c" 1
 171  0003              	NOP
 171  0003              	ENDIF
 171  0003              ;# 171 "C:\Users\YVTC\Desktop\單晶片微控制器(一)\0508\5-5-1.c" 1
 171  0003              	IF (20000>=4) AND (20000<( 4 + __PBP__ * 2)) AND ( __PBP__ > 0 )
 171  0003              ;# 171 "C:\Users\YVTC\Desktop\單晶片微控制器(一)\0508\5-5-1.c" 1
 171  0003              	NOP
 171  0003              	ENDIF
 171  0003              ;# 171 "C:\Users\YVTC\Desktop\單晶片微控制器(一)\0508\5-5-1.c" 1
 171  0003              	IF (20000>=5) AND (20000<( 4 + __PBP__ * 2)) AND ( __PBP__ > 0 )
 171  0003              ;# 171 "C:\Users\YVTC\Desktop\單晶片微控制器(一)\0508\5-5-1.c" 1
 171  0003              	NOP
 171  0003              	ENDIF
 171  0003              ;# 171 "C:\Users\YVTC\Desktop\單晶片微控制器(一)\0508\5-5-1.c" 1
 171  0003              	IF (20000>=6) AND (20000<( 4 + __PBP__ * 2))  AND ( __PBP__ > 1 )
 171  0003              ;# 171 "C:\Users\YVTC\Desktop\單晶片微控制器(一)\0508\5-5-1.c" 1
 171  0003              	NOP
 171  0003              	ENDIF
 171  0003              ;# 171 "C:\Users\YVTC\Desktop\單晶片微控制器(一)\0508\5-5-1.c" 1
 171  0003              	IF (20000>=7) AND (20000<( 4 + __PBP__ * 2))  AND ( __PBP__ > 1 )
 171  0003              ;# 171 "C:\Users\YVTC\Desktop\單晶片微控制器(一)\0508\5-5-1.c" 1
 171  0003              	NOP
 171  0003              	ENDIF
 171  0003              ;# 171 "C:\Users\YVTC\Desktop\單晶片微控制器(一)\0508\5-5-1.c" 1
 171  0003              	IF (20000>=8) AND (20000<( 4 + __PBP__ * 2))  AND ( __PBP__ > 2 )
 171  0003              ;# 171 "C:\Users\YVTC\Desktop\單晶片微控制器(一)\0508\5-5-1.c" 1
 171  0003              	NOP
 171  0003              	ENDIF
 171  0003              ;# 171 "C:\Users\YVTC\Desktop\單晶片微控制器(一)\0508\5-5-1.c" 1
 171  0003              	IF (20000==9)  AND ( __PBP__ > 2 )
 171  0003              ;# 171 "C:\Users\YVTC\Desktop\單晶片微控制器(一)\0508\5-5-1.c" 1
 171  0003              	NOP
 171  0003              	ENDIF
 171  0003              ;# 171 "C:\Users\YVTC\Desktop\單晶片微控制器(一)\0508\5-5-1.c" 1
 171  0003              	IF (20000< ( 8 + __PBP__ * 2)) AND (20000>( 3 + __PBP__ * 2))
 171  0003              ;# 171 "C:\Users\YVTC\Desktop\單晶片微控制器(一)\0508\5-5-1.c" 1
 171  0003              	fcall __DELAY3 + ( 7 + __PBP__ * 2) -20000
 171  0003              	ENDIF
 171  0003              ;# 171 "C:\Users\YVTC\Desktop\單晶片微控制器(一)\0508\5-5-1.c" 1
 171  0003              	IF (20000< ( 0404h + __PBP__ * 2)) AND (20000>( 7 + __PBP__ * 2))
 171  0003              ;# 171 "C:\Users\YVTC\Desktop\單晶片微控制器(一)\0508\5-5-1.c" 1
 171  0003              	MOV A,(20000-( 4 + __PBP__ * 2))/4
 171  0003              ;# 171 "C:\Users\YVTC\Desktop\單晶片微控制器(一)\0508\5-5-1.c" 1
 171  0003              	fcall __DELAYX3 + 3 -((20000-( 4 + __PBP__ * 2)) MOD 4) 
 171  0003              	ENDIF
 171  0003              ;# 171 "C:\Users\YVTC\Desktop\單晶片微控制器(一)\0508\5-5-1.c" 1
 171  0003              	IF (20000< ( 040bh + __PBP__ * 2)) AND (20000> ( 0403h + __PBP__ * 2))
"File: 5-5-1.c       Assembler  Version HGASM0202      Page 12

 171  0003              ;# 171 "C:\Users\YVTC\Desktop\單晶片微控制器(一)\0508\5-5-1.c" 1
 171  0003              	MOV A,0 
 171  0003              ;# 171 "C:\Users\YVTC\Desktop\單晶片微控制器(一)\0508\5-5-1.c" 1
 171  0003              	fcall __DELAYX6 + ( 040ah + __PBP__ * 2) -20000
 171  0003              	ENDIF
 171  0003              ;# 171 "C:\Users\YVTC\Desktop\單晶片微控制器(一)\0508\5-5-1.c" 1
 171  0003              	IF (20000 >= ( 040bh + __PBP__ * 2)) AND ((((20000-( 9 + __PBP__ * 2))%0402h)/4+1)>256)
 171  0003              ;# 171 "C:\Users\YVTC\Desktop\單晶片微控制器(一)\0508\5-5-1.c" 1
 171  0003              	MOV A,(20000-( 9 + __PBP__ * 2))/0402h
 171  0003              ;# 171 "C:\Users\YVTC\Desktop\單晶片微控制器(一)\0508\5-5-1.c" 1
 171  0003              	MOV _builtin_holtek_delay_2,A
 171  0003              ;# 171 "C:\Users\YVTC\Desktop\單晶片微控制器(一)\0508\5-5-1.c" 1
 171  0003              	MOV A,0
 171  0003              ;# 171 "C:\Users\YVTC\Desktop\單晶片微控制器(一)\0508\5-5-1.c" 1
 171  0003              	fcall __DELAYY5 +5- (((20000-( 9 + __PBP__ * 2))%0402h)%6) 
 171  0003              	ENDIF
 171  0003              ;# 171 "C:\Users\YVTC\Desktop\單晶片微控制器(一)\0508\5-5-1.c" 1
 171  0003              	IF (20000 >= ( 040bh + __PBP__ * 2)) AND ((((20000-( 9 + __PBP__ * 2))%0402h)/4+1)<=256)
 171  0003              ;# 171 "C:\Users\YVTC\Desktop\單晶片微控制器(一)\0508\5-5-1.c" 1
 171  0003  0F13        	MOV A,(20000-( 9 + __PBP__ * 2))/0402h
 171  0004              ;# 171 "C:\Users\YVTC\Desktop\單晶片微控制器(一)\0508\5-5-1.c" 1
 171  0004  0080     E  	MOV _builtin_holtek_delay_2,A
 171  0005              ;# 171 "C:\Users\YVTC\Desktop\單晶片微控制器(一)\0508\5-5-1.c" 1
 171  0005  0F7C        	MOV A,((20000-( 9 + __PBP__ * 2))%0402h)/4+1
 171  0006              ;# 171 "C:\Users\YVTC\Desktop\單晶片微控制器(一)\0508\5-5-1.c" 1
 171  0006              	fcall __DELAYY3 +3-(((20000-( 9 + __PBP__ * 2))%0402h)%4) 
 171  000D              	ENDIF
 171  000D  1480     E  	inc ra
 171  000E              _L69:
 171  000E  0700     E  	mov a,ra
 171  000F  0200     R  	sub a,_PAUSE_2[0]
 171  0010  390A        	snz z
 171  0011  2800     R  	jmp _L70
 171  0012  0003        	ret
 171  0013              _PAUSE endp
 171  0013              #line 171 "C:\Users\YVTC\Desktop\單晶片微控制器(一)\0508\5-5-1.c"
 171  0013              #pragma debug scope 1 1
 171  0013              ___wdtc equ [62]
 171  0013              ___pec equ [35]
 171  0013              ___pcc equ [27]
 171  0013              ___pepu equ [33]
 171  0013              ___pdc equ [31]
 171  0013              ___scomc equ [127]
 171  0013              ___intc1 equ [49]
 171  0013              ___tm2c0 equ [81]
 171  0013              ___tm2c1 equ [82]
 171  0013              ___tm2al equ [85]
 171  0013              ___tm2ah equ [86]
 171  0013              ___intc0 equ [48]
 171  0013              public _main
 171  0013              #pragma debug scope 5 1
  21  0013              #line 21 "C:\Users\YVTC\Desktop\單晶片微控制器(一)\0508\5-5-1.c"
  21  0013              IFDEF WITH_DEFAULT_STARTUP
  21  0013              extern _main_initial0:near
  21  0013              extern _main_startup:near
  21  0013              ENDIF
  21  0013              
  21  0013              ROMBANK 0 @start
  21  0000              @start .section com_l 'code'
  21  0000              _main_startup1:
"File: 5-5-1.c       Assembler  Version HGASM0202      Page 13

  21  0000              @start .section com_e 'code'
  21  0000  0F00     R  	mov a,bank _main
  21  0001  008B        	mov bp,a
  21  0002  2800     R  	jmp _main
  21  0003              
  21  0000              _main .section 'code'
  21  0000              _main proc
  21  0000  00              local _main_2 db 1 dup(?)
  22  0001              #line 22 "C:\Users\YVTC\Desktop\單晶片微控制器(一)\0508\5-5-1.c"
  22  0000  0FAF        	mov a,175
  22  0001  00BE        	mov [62],a
  23  0002              #line 23 "C:\Users\YVTC\Desktop\單晶片微控制器(一)\0508\5-5-1.c"
  23  0002  3123        	set [35].2
  23  0003  31A3        	set [35].3
  23  0004  369B        	clr [27].5
  24  0005              #line 24 "C:\Users\YVTC\Desktop\單晶片微控制器(一)\0508\5-5-1.c"
  24  0005  3121        	set [33].2
  24  0006  31A1        	set [33].3
  24  0007  369A        	clr [26].5
  25  0008              #line 25 "C:\Users\YVTC\Desktop\單晶片微控制器(一)\0508\5-5-1.c"
  25  0008  1F1F        	clr [31]
  25  0009  3423        	clr [35].0
  26  000A              #line 26 "C:\Users\YVTC\Desktop\單晶片微控制器(一)\0508\5-5-1.c"
  26  000A  341B        	clr [27].0
  26  000B  349B        	clr [27].1
  26  000C  371B        	clr [27].6
  26  000D  379B        	clr [27].7
  27  000E              #line 27 "C:\Users\YVTC\Desktop\單晶片微控制器(一)\0508\5-5-1.c"
  27  000E  0F7F        	mov a,127
  27  000F  00FF        	mov [127],a
  28  0010              #line 28 "C:\Users\YVTC\Desktop\單晶片微控制器(一)\0508\5-5-1.c"
  28  0010  30B1        	set [49].1
  28  0011  31B4        	set [52].3
  29  0012              #line 29 "C:\Users\YVTC\Desktop\單晶片微控制器(一)\0508\5-5-1.c"
  29  0012  1F51        	clr [81]
  29  0013  0FC1        	mov a,193
  29  0014  00D2        	mov [82],a
  30  0015              #line 30 "C:\Users\YVTC\Desktop\單晶片微控制器(一)\0508\5-5-1.c"
  30  0015  0F40        	mov a,64
  30  0016  00D5        	mov [85],a
  30  0017  0F1F        	mov a,31
  30  0018  00D6        	mov [86],a
  31  0019              #line 31 "C:\Users\YVTC\Desktop\單晶片微控制器(一)\0508\5-5-1.c"
  31  0019  37B4        	clr [52].7
  31  001A  36B1        	clr [49].5
  31  001B  3030        	set [48].0
  32  001C              #line 32 "C:\Users\YVTC\Desktop\單晶片微控制器(一)\0508\5-5-1.c"
  32  001C  1F00     R  	clr _FG_HalfSec[0]
  32  001D  1F00     R  	clr _FG_Second[0]
  33  001E              #line 33 "C:\Users\YVTC\Desktop\單晶片微控制器(一)\0508\5-5-1.c"
  33  001E  1F00     R  	clr _FG_Adj[0]
  34  001F              #line 34 "C:\Users\YVTC\Desktop\單晶片微控制器(一)\0508\5-5-1.c"
  34  001F  1F00     R  	clr _Second[0]
  34  0020  0F7D        	mov a,125
  34  0021  0080     R  	mov _SecCounter[0],a
  34  0022  1F00     R  	clr _PhaseCount[0]
  35  0023              #line 35 "C:\Users\YVTC\Desktop\單晶片微控制器(一)\0508\5-5-1.c"
  35  0023  1F00     R  	clr _Time[1]
  35  0024  1F00     R  	clr _Time[0]
  36  0025              #line 36 "C:\Users\YVTC\Desktop\單晶片微控制器(一)\0508\5-5-1.c"
"File: 5-5-1.c       Assembler  Version HGASM0202      Page 14

  36  0025  1F00     R  	clr _Alarm[1]
  36  0026  0F0C        	mov a,12
  36  0027  0080     R  	mov _Alarm[0],a
  37  0028              #line 37 "C:\Users\YVTC\Desktop\單晶片微控制器(一)\0508\5-5-1.c"
  37  0028  1F00     R  	clr _DisBuffer[0]
  37  0029  1F00     R  	clr _DisBuffer[1]
  37  002A  1F00     R  	clr _DisBuffer[2]
  37  002B  1F00     R  	clr _DisBuffer[3]
  37  002C  1F00     R  	clr _DisBuffer[4]
  38  002D              #line 38 "C:\Users\YVTC\Desktop\單晶片微控制器(一)\0508\5-5-1.c"
  38  002D  1F00     R  	clr _Digit[0]
  38  002E  1F00     R  	clr _Digit[1]
  38  002F  1F00     R  	clr _Digit[2]
  38  0030  1F00     R  	clr _Digit[3]
  39  0031              #line 39 "C:\Users\YVTC\Desktop\單晶片微控制器(一)\0508\5-5-1.c"
  39  0031  0F08        	mov a,8
  39  0032  0080     R  	mov _DisBuffer[4],a
  40  0033              #line 40 "C:\Users\YVTC\Desktop\單晶片微控制器(一)\0508\5-5-1.c"
  40  0033  0F00     R  	mov a,low offset _Time
  40  0034  0080     R  	mov _ptr[0],a
  40  0035  0F00     R  	mov a,high offset _Time
  40  0036  0080     R  	mov _ptr[1],a
  40  0037  31D1        	set [81].3
  40  0038              _L72:
  42  0038              #line 42 "C:\Users\YVTC\Desktop\單晶片微控制器(一)\0508\5-5-1.c"
  42  0038  1F00     E  	clr ra
  42  0039  3D22        	sz [34].2
  42  003A  1480     E  	inc ra
  42  003B  1F00     E  	clr rb
  42  003C  3DA2        	sz [34].3
  42  003D  1480     E  	inc rb
  42  003E  0700     E  	mov a,rb
  42  003F  0580     E  	orm a,ra
  42  0040  1080     E  	sz ra
  42  0041  2800     R  	jmp _L73
  43  0042              #line 43 "C:\Users\YVTC\Desktop\單晶片微控制器(一)\0508\5-5-1.c"
  43  0042  0F01        	mov a,1
  43  0043  0080     R  	mov _FG_Adj[0],a
  43  0044  1F00     R  	clr _FG_State[0]
  43  0045  1F00     R  	clr _FG_Alarm[0]
  44  0046              #line 44 "C:\Users\YVTC\Desktop\單晶片微控制器(一)\0508\5-5-1.c"
  44  0046  0F14        	mov a,20
  44  0047              	fcall _PAUSE
  44  004E              _L76:
  45  004E              #line 45 "C:\Users\YVTC\Desktop\單晶片微控制器(一)\0508\5-5-1.c"
  45  004E  1F00     E  	clr ra
  45  004F  3D22        	sz [34].2
  45  0050  1480     E  	inc ra
  45  0051  1F00     E  	clr rb
  45  0052  3DA2        	sz [34].3
  45  0053  1480     E  	inc rb
  45  0054  0700     E  	mov a,rb
  45  0055  0680     E  	andm a,ra
  45  0056  1E00     E  	snz ra
  45  0057  2800     R  	jmp _L76
  45  0058              _L78:
  46  0058              #line 46 "C:\Users\YVTC\Desktop\單晶片微控制器(一)\0508\5-5-1.c"
  46  0058  39A2        	snz [34].3
  46  0059  2800     R  	jmp _L110
  47  005A              #line 47 "C:\Users\YVTC\Desktop\單晶片微控制器(一)\0508\5-5-1.c"
"File: 5-5-1.c       Assembler  Version HGASM0202      Page 15

  47  005A  3D22        	sz [34].2
  47  005B  2800     R  	jmp _L78
  48  005C              #line 48 "C:\Users\YVTC\Desktop\單晶片微控制器(一)\0508\5-5-1.c"
  48  005C  0700     R  	mov a,_FG_Alarm[0]
  48  005D  0C01        	xor a,1
  48  005E  0080     E  	mov ra,a
  48  005F  0700     E  	mov a,ra
  48  0060  0080     R  	mov _FG_Alarm[0],a
  49  0061              #line 49 "C:\Users\YVTC\Desktop\單晶片微控制器(一)\0508\5-5-1.c"
  49  0061  1E00     E  	snz ra
  49  0062  2800     R  	jmp _L79
  49  0063  0F00     R  	mov a,low offset _Alarm
  49  0064  0080     R  	mov _ptr[0],a
  49  0065  0F00     R  	mov a,high offset _Alarm
  49  0066  0080     R  	mov _ptr[1],a
  49  0067  2800     R  	jmp _L80
  49  0068              _L79:
  50  0068              #line 50 "C:\Users\YVTC\Desktop\單晶片微控制器(一)\0508\5-5-1.c"
  50  0068  0F00     R  	mov a,low offset _Time
  50  0069  0080     R  	mov _ptr[0],a
  50  006A  0F00     R  	mov a,high offset _Time
  50  006B  0080     R  	mov _ptr[1],a
  50  006C              _L80:
  51  006C              #line 51 "C:\Users\YVTC\Desktop\單晶片微控制器(一)\0508\5-5-1.c"
  51  006C  0F19        	mov a,25
  51  006D              	fcall _PAUSE
  51  0074  2800     R  	jmp _L78
  51  0075              _L110:
  54  0075              #line 54 "C:\Users\YVTC\Desktop\單晶片微控制器(一)\0508\5-5-1.c"
  54  0075  1F00     R  	clr _FG_Select[0]
  54  0076  0F01        	mov a,1
  54  0077  0080     R  	mov _FG_State[0],a
  54  0078  0F0A        	mov a,10
  54  0079              	fcall _PAUSE
  54  0080              _L83:
  55  0080              #line 55 "C:\Users\YVTC\Desktop\單晶片微控制器(一)\0508\5-5-1.c"
  55  0080  39A2        	snz [34].3
  55  0081  2800     R  	jmp _L83
  55  0082  0F0A        	mov a,10
  55  0083              _L108:
  59  0083              #line 59 "C:\Users\YVTC\Desktop\單晶片微控制器(一)\0508\5-5-1.c"
  59  0083              	fcall _PAUSE
  59  008A              _L86:
  56  008A              #line 56 "C:\Users\YVTC\Desktop\單晶片微控制器(一)\0508\5-5-1.c"
  56  008A  39A2        	snz [34].3
  56  008B  2800     R  	jmp _L111
  57  008C              #line 57 "C:\Users\YVTC\Desktop\單晶片微控制器(一)\0508\5-5-1.c"
  57  008C  3D22        	sz [34].2
  57  008D  2800     R  	jmp _L86
  58  008E              #line 58 "C:\Users\YVTC\Desktop\單晶片微控制器(一)\0508\5-5-1.c"
  58  008E  0700     R  	mov a,_ptr[0]
  58  008F  0083        	mov mp,a
  58  0090  0700     R  	mov a,_ptr[1]
  58  0091  0084        	mov sbp,a
  58  0092              	fcall _Crom2Prom
  58  0099  0080     R  	mov _main_2[0],a
  58  009A  1400     R  	inca _main_2[0]
  58  009B  0080     E  	mov ra,a
  58  009C  0F17        	mov a,23
  58  009D  0200     E  	sub a,ra
"File: 5-5-1.c       Assembler  Version HGASM0202      Page 16

  58  009E  380A        	snz c
  58  009F  2800     R  	jmp _L87
  58  00A0  0700     E  	mov a,ra
  58  00A1  0082        	mov ir,a
  58  00A2  2800     R  	jmp _L88
  58  00A3              _L87:
  58  00A3  0F00        	mov a,0
  58  00A4  0082        	mov ir,a
  58  00A5              _L88:
  59  00A5              #line 59 "C:\Users\YVTC\Desktop\單晶片微控制器(一)\0508\5-5-1.c"
  59  00A5  0F28        	mov a,40
  59  00A6  2800     R  	jmp _L108
  59  00A7              _L111:
  62  00A7              #line 62 "C:\Users\YVTC\Desktop\單晶片微控制器(一)\0508\5-5-1.c"
  62  00A7  0F01        	mov a,1
  62  00A8  0080     R  	mov _FG_Select[0],a
  63  00A9              #line 63 "C:\Users\YVTC\Desktop\單晶片微控制器(一)\0508\5-5-1.c"
  63  00A9  0F0A        	mov a,10
  63  00AA              	fcall _PAUSE
  63  00B1              _L91:
  63  00B1  39A2        	snz [34].3
  63  00B2  2800     R  	jmp _L91
  63  00B3  0F0A        	mov a,10
  63  00B4              _L109:
  67  00B4              #line 67 "C:\Users\YVTC\Desktop\單晶片微控制器(一)\0508\5-5-1.c"
  67  00B4              	fcall _PAUSE
  67  00BB              _L94:
  64  00BB              #line 64 "C:\Users\YVTC\Desktop\單晶片微控制器(一)\0508\5-5-1.c"
  64  00BB  39A2        	snz [34].3
  64  00BC  2800     R  	jmp _L112
  65  00BD              #line 65 "C:\Users\YVTC\Desktop\單晶片微控制器(一)\0508\5-5-1.c"
  65  00BD  3D22        	sz [34].2
  65  00BE  2800     R  	jmp _L94
  66  00BF              #line 66 "C:\Users\YVTC\Desktop\單晶片微控制器(一)\0508\5-5-1.c"
  66  00BF  0F01        	mov a,1
  66  00C0  0300     R  	add a,_ptr[0]
  66  00C1  0083        	mov mp,a
  66  00C2  0F00        	mov a,0
  66  00C3  1300     R  	adc a,_ptr[1]
  66  00C4  0084        	mov sbp,a
  66  00C5              	fcall _Crom2Prom
  66  00CC  0080     R  	mov _main_2[0],a
  66  00CD  1400     R  	inca _main_2[0]
  66  00CE  0080     E  	mov ra,a
  66  00CF  0F3B        	mov a,59
  66  00D0  0200     E  	sub a,ra
  66  00D1  380A        	snz c
  66  00D2  2800     R  	jmp _L95
  66  00D3  0700     E  	mov a,ra
  66  00D4  0082        	mov ir,a
  66  00D5  2800     R  	jmp _L96
  66  00D6              _L95:
  66  00D6  0F00        	mov a,0
  66  00D7  0082        	mov ir,a
  66  00D8              _L96:
  67  00D8              #line 67 "C:\Users\YVTC\Desktop\單晶片微控制器(一)\0508\5-5-1.c"
  67  00D8  0F14        	mov a,20
  67  00D9  2800     R  	jmp _L109
  67  00DA              _L112:
  70  00DA              #line 70 "C:\Users\YVTC\Desktop\單晶片微控制器(一)\0508\5-5-1.c"
"File: 5-5-1.c       Assembler  Version HGASM0202      Page 17

  70  00DA  0F19        	mov a,25
  70  00DB              	fcall _PAUSE
  71  00E2              #line 71 "C:\Users\YVTC\Desktop\單晶片微控制器(一)\0508\5-5-1.c"
  71  00E2  0F00     R  	mov a,low offset _Time
  71  00E3  0080     R  	mov _ptr[0],a
  71  00E4  0F00     R  	mov a,high offset _Time
  71  00E5  0080     R  	mov _ptr[1],a
  71  00E6  1F00     R  	clr _FG_Adj[0]
  71  00E7  1F00     R  	clr _FG_Alarm[0]
  71  00E8              _L73:
  73  00E8              #line 73 "C:\Users\YVTC\Desktop\單晶片微控制器(一)\0508\5-5-1.c"
  73  00E8  0700     R  	mov a,_Time[0]
  73  00E9  0200     R  	sub a,_Alarm[0]
  73  00EA  390A        	snz z
  73  00EB  2800     R  	jmp _L72
  73  00EC  0700     R  	mov a,_Time[1]
  73  00ED  0200     R  	sub a,_Alarm[1]
  73  00EE  390A        	snz z
  73  00EF  2800     R  	jmp _L72
  73  00F0              _L103:
  75  00F0              #line 75 "C:\Users\YVTC\Desktop\單晶片微控制器(一)\0508\5-5-1.c"
  75  00F0  1F00     E  	clr ra
  75  00F1  3D22        	sz [34].2
  75  00F2  1480     E  	inc ra
  75  00F3  1F00     E  	clr rb
  75  00F4  3DA2        	sz [34].3
  75  00F5  1480     E  	inc rb
  75  00F6  0700     E  	mov a,rb
  75  00F7  0680     E  	andm a,ra
  75  00F8  1E00     E  	snz ra
  75  00F9  2800     R  	jmp _L113
  75  00FA  0F96        	mov a,150
  75  00FB  0080     E  	mov ra,a
  75  00FC              _L105:
  77  00FC              #line 77 "C:\Users\YVTC\Desktop\單晶片微控制器(一)\0508\5-5-1.c"
  77  00FC  329A        	set [26].5
  77  00FD              ;# 77 "C:\Users\YVTC\Desktop\單晶片微控制器(一)\0508\5-5-1.c" 1
  77  00FD              	IF 100>263690
  77  00FD              ;# 77 "C:\Users\YVTC\Desktop\單晶片微控制器(一)\0508\5-5-1.c" 1
  77  00FD              	ERRMESSAGE 'the value 100of the argument exceeds the maxinum 263690'
  77  00FD              	ENDIF
  77  00FD              ;# 77 "C:\Users\YVTC\Desktop\單晶片微控制器(一)\0508\5-5-1.c" 1
  77  00FD              	IF 100<0
  77  00FD              ;# 77 "C:\Users\YVTC\Desktop\單晶片微控制器(一)\0508\5-5-1.c" 1
  77  00FD              	ERRMESSAGE 'the value 100 of the argument exceeds the mininum 0'
  77  00FD              	ENDIF
  77  00FD              ;# 77 "C:\Users\YVTC\Desktop\單晶片微控制器(一)\0508\5-5-1.c" 1
  77  00FD              	IF 100==0
  77  00FD              ;# 77 "C:\Users\YVTC\Desktop\單晶片微控制器(一)\0508\5-5-1.c" 1
  77  00FD              	JMP $
  77  00FD              	ENDIF
  77  00FD              ;# 77 "C:\Users\YVTC\Desktop\單晶片微控制器(一)\0508\5-5-1.c" 1
  77  00FD              	IF (100>=1) AND (100<( 4 + __PBP__ * 2))
  77  00FD              ;# 77 "C:\Users\YVTC\Desktop\單晶片微控制器(一)\0508\5-5-1.c" 1
  77  00FD              	NOP
  77  00FD              	ENDIF
  77  00FD              ;# 77 "C:\Users\YVTC\Desktop\單晶片微控制器(一)\0508\5-5-1.c" 1
  77  00FD              	IF (100>=2) AND (100<( 4 + __PBP__ * 2))
  77  00FD              ;# 77 "C:\Users\YVTC\Desktop\單晶片微控制器(一)\0508\5-5-1.c" 1
  77  00FD              	NOP
"File: 5-5-1.c       Assembler  Version HGASM0202      Page 18

  77  00FD              	ENDIF
  77  00FD              ;# 77 "C:\Users\YVTC\Desktop\單晶片微控制器(一)\0508\5-5-1.c" 1
  77  00FD              	IF (100>=3) AND (100<( 4 + __PBP__ * 2))
  77  00FD              ;# 77 "C:\Users\YVTC\Desktop\單晶片微控制器(一)\0508\5-5-1.c" 1
  77  00FD              	NOP
  77  00FD              	ENDIF
  77  00FD              ;# 77 "C:\Users\YVTC\Desktop\單晶片微控制器(一)\0508\5-5-1.c" 1
  77  00FD              	IF (100>=4) AND (100<( 4 + __PBP__ * 2)) AND ( __PBP__ > 0 )
  77  00FD              ;# 77 "C:\Users\YVTC\Desktop\單晶片微控制器(一)\0508\5-5-1.c" 1
  77  00FD              	NOP
  77  00FD              	ENDIF
  77  00FD              ;# 77 "C:\Users\YVTC\Desktop\單晶片微控制器(一)\0508\5-5-1.c" 1
  77  00FD              	IF (100>=5) AND (100<( 4 + __PBP__ * 2)) AND ( __PBP__ > 0 )
  77  00FD              ;# 77 "C:\Users\YVTC\Desktop\單晶片微控制器(一)\0508\5-5-1.c" 1
  77  00FD              	NOP
  77  00FD              	ENDIF
  77  00FD              ;# 77 "C:\Users\YVTC\Desktop\單晶片微控制器(一)\0508\5-5-1.c" 1
  77  00FD              	IF (100>=6) AND (100<( 4 + __PBP__ * 2))  AND ( __PBP__ > 1 )
  77  00FD              ;# 77 "C:\Users\YVTC\Desktop\單晶片微控制器(一)\0508\5-5-1.c" 1
  77  00FD              	NOP
  77  00FD              	ENDIF
  77  00FD              ;# 77 "C:\Users\YVTC\Desktop\單晶片微控制器(一)\0508\5-5-1.c" 1
  77  00FD              	IF (100>=7) AND (100<( 4 + __PBP__ * 2))  AND ( __PBP__ > 1 )
  77  00FD              ;# 77 "C:\Users\YVTC\Desktop\單晶片微控制器(一)\0508\5-5-1.c" 1
  77  00FD              	NOP
  77  00FD              	ENDIF
  77  00FD              ;# 77 "C:\Users\YVTC\Desktop\單晶片微控制器(一)\0508\5-5-1.c" 1
  77  00FD              	IF (100>=8) AND (100<( 4 + __PBP__ * 2))  AND ( __PBP__ > 2 )
  77  00FD              ;# 77 "C:\Users\YVTC\Desktop\單晶片微控制器(一)\0508\5-5-1.c" 1
  77  00FD              	NOP
  77  00FD              	ENDIF
  77  00FD              ;# 77 "C:\Users\YVTC\Desktop\單晶片微控制器(一)\0508\5-5-1.c" 1
  77  00FD              	IF (100==9)  AND ( __PBP__ > 2 )
  77  00FD              ;# 77 "C:\Users\YVTC\Desktop\單晶片微控制器(一)\0508\5-5-1.c" 1
  77  00FD              	NOP
  77  00FD              	ENDIF
  77  00FD              ;# 77 "C:\Users\YVTC\Desktop\單晶片微控制器(一)\0508\5-5-1.c" 1
  77  00FD              	IF (100< ( 8 + __PBP__ * 2)) AND (100>( 3 + __PBP__ * 2))
  77  00FD              ;# 77 "C:\Users\YVTC\Desktop\單晶片微控制器(一)\0508\5-5-1.c" 1
  77  00FD              	fcall __DELAY3 + ( 7 + __PBP__ * 2) -100
  77  00FD              	ENDIF
  77  00FD              ;# 77 "C:\Users\YVTC\Desktop\單晶片微控制器(一)\0508\5-5-1.c" 1
  77  00FD              	IF (100< ( 0404h + __PBP__ * 2)) AND (100>( 7 + __PBP__ * 2))
  77  00FD              ;# 77 "C:\Users\YVTC\Desktop\單晶片微控制器(一)\0508\5-5-1.c" 1
  77  00FD  0F17        	MOV A,(100-( 4 + __PBP__ * 2))/4
  77  00FE              ;# 77 "C:\Users\YVTC\Desktop\單晶片微控制器(一)\0508\5-5-1.c" 1
  77  00FE              	fcall __DELAYX3 + 3 -((100-( 4 + __PBP__ * 2)) MOD 4) 
  77  0105              	ENDIF
  77  0105              ;# 77 "C:\Users\YVTC\Desktop\單晶片微控制器(一)\0508\5-5-1.c" 1
  77  0105              	IF (100< ( 040bh + __PBP__ * 2)) AND (100> ( 0403h + __PBP__ * 2))
  77  0105              ;# 77 "C:\Users\YVTC\Desktop\單晶片微控制器(一)\0508\5-5-1.c" 1
  77  0105              	MOV A,0 
  77  0105              ;# 77 "C:\Users\YVTC\Desktop\單晶片微控制器(一)\0508\5-5-1.c" 1
  77  0105              	fcall __DELAYX6 + ( 040ah + __PBP__ * 2) -100
  77  0105              	ENDIF
  77  0105              ;# 77 "C:\Users\YVTC\Desktop\單晶片微控制器(一)\0508\5-5-1.c" 1
  77  0105              	IF (100 >= ( 040bh + __PBP__ * 2)) AND ((((100-( 9 + __PBP__ * 2))%0402h)/4+1)>256)
  77  0105              ;# 77 "C:\Users\YVTC\Desktop\單晶片微控制器(一)\0508\5-5-1.c" 1
  77  0105              	MOV A,(100-( 9 + __PBP__ * 2))/0402h
  77  0105              ;# 77 "C:\Users\YVTC\Desktop\單晶片微控制器(一)\0508\5-5-1.c" 1
"File: 5-5-1.c       Assembler  Version HGASM0202      Page 19

  77  0105              	MOV _builtin_holtek_delay_2,A
  77  0105              ;# 77 "C:\Users\YVTC\Desktop\單晶片微控制器(一)\0508\5-5-1.c" 1
  77  0105              	MOV A,0
  77  0105              ;# 77 "C:\Users\YVTC\Desktop\單晶片微控制器(一)\0508\5-5-1.c" 1
  77  0105              	fcall __DELAYY5 +5- (((100-( 9 + __PBP__ * 2))%0402h)%6) 
  77  0105              	ENDIF
  77  0105              ;# 77 "C:\Users\YVTC\Desktop\單晶片微控制器(一)\0508\5-5-1.c" 1
  77  0105              	IF (100 >= ( 040bh + __PBP__ * 2)) AND ((((100-( 9 + __PBP__ * 2))%0402h)/4+1)<=256)
  77  0105              ;# 77 "C:\Users\YVTC\Desktop\單晶片微控制器(一)\0508\5-5-1.c" 1
  77  0105              	MOV A,(100-( 9 + __PBP__ * 2))/0402h
  77  0105              ;# 77 "C:\Users\YVTC\Desktop\單晶片微控制器(一)\0508\5-5-1.c" 1
  77  0105              	MOV _builtin_holtek_delay_2,A
  77  0105              ;# 77 "C:\Users\YVTC\Desktop\單晶片微控制器(一)\0508\5-5-1.c" 1
  77  0105              	MOV A,((100-( 9 + __PBP__ * 2))%0402h)/4+1
  77  0105              ;# 77 "C:\Users\YVTC\Desktop\單晶片微控制器(一)\0508\5-5-1.c" 1
  77  0105              	fcall __DELAYY3 +3-(((100-( 9 + __PBP__ * 2))%0402h)%4) 
  77  0105              	ENDIF
  78  0105              #line 78 "C:\Users\YVTC\Desktop\單晶片微控制器(一)\0508\5-5-1.c"
  78  0105  369A        	clr [26].5
  78  0106              ;# 78 "C:\Users\YVTC\Desktop\單晶片微控制器(一)\0508\5-5-1.c" 1
  78  0106              	IF 100>263690
  78  0106              ;# 78 "C:\Users\YVTC\Desktop\單晶片微控制器(一)\0508\5-5-1.c" 1
  78  0106              	ERRMESSAGE 'the value 100of the argument exceeds the maxinum 263690'
  78  0106              	ENDIF
  78  0106              ;# 78 "C:\Users\YVTC\Desktop\單晶片微控制器(一)\0508\5-5-1.c" 1
  78  0106              	IF 100<0
  78  0106              ;# 78 "C:\Users\YVTC\Desktop\單晶片微控制器(一)\0508\5-5-1.c" 1
  78  0106              	ERRMESSAGE 'the value 100 of the argument exceeds the mininum 0'
  78  0106              	ENDIF
  78  0106              ;# 78 "C:\Users\YVTC\Desktop\單晶片微控制器(一)\0508\5-5-1.c" 1
  78  0106              	IF 100==0
  78  0106              ;# 78 "C:\Users\YVTC\Desktop\單晶片微控制器(一)\0508\5-5-1.c" 1
  78  0106              	JMP $
  78  0106              	ENDIF
  78  0106              ;# 78 "C:\Users\YVTC\Desktop\單晶片微控制器(一)\0508\5-5-1.c" 1
  78  0106              	IF (100>=1) AND (100<( 4 + __PBP__ * 2))
  78  0106              ;# 78 "C:\Users\YVTC\Desktop\單晶片微控制器(一)\0508\5-5-1.c" 1
  78  0106              	NOP
  78  0106              	ENDIF
  78  0106              ;# 78 "C:\Users\YVTC\Desktop\單晶片微控制器(一)\0508\5-5-1.c" 1
  78  0106              	IF (100>=2) AND (100<( 4 + __PBP__ * 2))
  78  0106              ;# 78 "C:\Users\YVTC\Desktop\單晶片微控制器(一)\0508\5-5-1.c" 1
  78  0106              	NOP
  78  0106              	ENDIF
  78  0106              ;# 78 "C:\Users\YVTC\Desktop\單晶片微控制器(一)\0508\5-5-1.c" 1
  78  0106              	IF (100>=3) AND (100<( 4 + __PBP__ * 2))
  78  0106              ;# 78 "C:\Users\YVTC\Desktop\單晶片微控制器(一)\0508\5-5-1.c" 1
  78  0106              	NOP
  78  0106              	ENDIF
  78  0106              ;# 78 "C:\Users\YVTC\Desktop\單晶片微控制器(一)\0508\5-5-1.c" 1
  78  0106              	IF (100>=4) AND (100<( 4 + __PBP__ * 2)) AND ( __PBP__ > 0 )
  78  0106              ;# 78 "C:\Users\YVTC\Desktop\單晶片微控制器(一)\0508\5-5-1.c" 1
  78  0106              	NOP
  78  0106              	ENDIF
  78  0106              ;# 78 "C:\Users\YVTC\Desktop\單晶片微控制器(一)\0508\5-5-1.c" 1
  78  0106              	IF (100>=5) AND (100<( 4 + __PBP__ * 2)) AND ( __PBP__ > 0 )
  78  0106              ;# 78 "C:\Users\YVTC\Desktop\單晶片微控制器(一)\0508\5-5-1.c" 1
  78  0106              	NOP
  78  0106              	ENDIF
  78  0106              ;# 78 "C:\Users\YVTC\Desktop\單晶片微控制器(一)\0508\5-5-1.c" 1
"File: 5-5-1.c       Assembler  Version HGASM0202      Page 20

  78  0106              	IF (100>=6) AND (100<( 4 + __PBP__ * 2))  AND ( __PBP__ > 1 )
  78  0106              ;# 78 "C:\Users\YVTC\Desktop\單晶片微控制器(一)\0508\5-5-1.c" 1
  78  0106              	NOP
  78  0106              	ENDIF
  78  0106              ;# 78 "C:\Users\YVTC\Desktop\單晶片微控制器(一)\0508\5-5-1.c" 1
  78  0106              	IF (100>=7) AND (100<( 4 + __PBP__ * 2))  AND ( __PBP__ > 1 )
  78  0106              ;# 78 "C:\Users\YVTC\Desktop\單晶片微控制器(一)\0508\5-5-1.c" 1
  78  0106              	NOP
  78  0106              	ENDIF
  78  0106              ;# 78 "C:\Users\YVTC\Desktop\單晶片微控制器(一)\0508\5-5-1.c" 1
  78  0106              	IF (100>=8) AND (100<( 4 + __PBP__ * 2))  AND ( __PBP__ > 2 )
  78  0106              ;# 78 "C:\Users\YVTC\Desktop\單晶片微控制器(一)\0508\5-5-1.c" 1
  78  0106              	NOP
  78  0106              	ENDIF
  78  0106              ;# 78 "C:\Users\YVTC\Desktop\單晶片微控制器(一)\0508\5-5-1.c" 1
  78  0106              	IF (100==9)  AND ( __PBP__ > 2 )
  78  0106              ;# 78 "C:\Users\YVTC\Desktop\單晶片微控制器(一)\0508\5-5-1.c" 1
  78  0106              	NOP
  78  0106              	ENDIF
  78  0106              ;# 78 "C:\Users\YVTC\Desktop\單晶片微控制器(一)\0508\5-5-1.c" 1
  78  0106              	IF (100< ( 8 + __PBP__ * 2)) AND (100>( 3 + __PBP__ * 2))
  78  0106              ;# 78 "C:\Users\YVTC\Desktop\單晶片微控制器(一)\0508\5-5-1.c" 1
  78  0106              	fcall __DELAY3 + ( 7 + __PBP__ * 2) -100
  78  0106              	ENDIF
  78  0106              ;# 78 "C:\Users\YVTC\Desktop\單晶片微控制器(一)\0508\5-5-1.c" 1
  78  0106              	IF (100< ( 0404h + __PBP__ * 2)) AND (100>( 7 + __PBP__ * 2))
  78  0106              ;# 78 "C:\Users\YVTC\Desktop\單晶片微控制器(一)\0508\5-5-1.c" 1
  78  0106  0F17        	MOV A,(100-( 4 + __PBP__ * 2))/4
  78  0107              ;# 78 "C:\Users\YVTC\Desktop\單晶片微控制器(一)\0508\5-5-1.c" 1
  78  0107              	fcall __DELAYX3 + 3 -((100-( 4 + __PBP__ * 2)) MOD 4) 
  78  010E              	ENDIF
  78  010E              ;# 78 "C:\Users\YVTC\Desktop\單晶片微控制器(一)\0508\5-5-1.c" 1
  78  010E              	IF (100< ( 040bh + __PBP__ * 2)) AND (100> ( 0403h + __PBP__ * 2))
  78  010E              ;# 78 "C:\Users\YVTC\Desktop\單晶片微控制器(一)\0508\5-5-1.c" 1
  78  010E              	MOV A,0 
  78  010E              ;# 78 "C:\Users\YVTC\Desktop\單晶片微控制器(一)\0508\5-5-1.c" 1
  78  010E              	fcall __DELAYX6 + ( 040ah + __PBP__ * 2) -100
  78  010E              	ENDIF
  78  010E              ;# 78 "C:\Users\YVTC\Desktop\單晶片微控制器(一)\0508\5-5-1.c" 1
  78  010E              	IF (100 >= ( 040bh + __PBP__ * 2)) AND ((((100-( 9 + __PBP__ * 2))%0402h)/4+1)>256)
  78  010E              ;# 78 "C:\Users\YVTC\Desktop\單晶片微控制器(一)\0508\5-5-1.c" 1
  78  010E              	MOV A,(100-( 9 + __PBP__ * 2))/0402h
  78  010E              ;# 78 "C:\Users\YVTC\Desktop\單晶片微控制器(一)\0508\5-5-1.c" 1
  78  010E              	MOV _builtin_holtek_delay_2,A
  78  010E              ;# 78 "C:\Users\YVTC\Desktop\單晶片微控制器(一)\0508\5-5-1.c" 1
  78  010E              	MOV A,0
  78  010E              ;# 78 "C:\Users\YVTC\Desktop\單晶片微控制器(一)\0508\5-5-1.c" 1
  78  010E              	fcall __DELAYY5 +5- (((100-( 9 + __PBP__ * 2))%0402h)%6) 
  78  010E              	ENDIF
  78  010E              ;# 78 "C:\Users\YVTC\Desktop\單晶片微控制器(一)\0508\5-5-1.c" 1
  78  010E              	IF (100 >= ( 040bh + __PBP__ * 2)) AND ((((100-( 9 + __PBP__ * 2))%0402h)/4+1)<=256)
  78  010E              ;# 78 "C:\Users\YVTC\Desktop\單晶片微控制器(一)\0508\5-5-1.c" 1
  78  010E              	MOV A,(100-( 9 + __PBP__ * 2))/0402h
  78  010E              ;# 78 "C:\Users\YVTC\Desktop\單晶片微控制器(一)\0508\5-5-1.c" 1
  78  010E              	MOV _builtin_holtek_delay_2,A
  78  010E              ;# 78 "C:\Users\YVTC\Desktop\單晶片微控制器(一)\0508\5-5-1.c" 1
  78  010E              	MOV A,((100-( 9 + __PBP__ * 2))%0402h)/4+1
  78  010E              ;# 78 "C:\Users\YVTC\Desktop\單晶片微控制器(一)\0508\5-5-1.c" 1
  78  010E              	fcall __DELAYY3 +3-(((100-( 9 + __PBP__ * 2))%0402h)%4) 
  78  010E              	ENDIF
"File: 5-5-1.c       Assembler  Version HGASM0202      Page 21

  78  010E  1780     E  	sdz ra
  78  010F  2800     R  	jmp _L105
  76  0110              #line 76 "C:\Users\YVTC\Desktop\單晶片微控制器(一)\0508\5-5-1.c"
  76  0110  0FC8        	mov a,200
  76  0111  0080     E  	mov ra,a
  76  0112              _L104:
  81  0112              #line 81 "C:\Users\YVTC\Desktop\單晶片微控制器(一)\0508\5-5-1.c"
  81  0112  329A        	set [26].5
  81  0113              ;# 81 "C:\Users\YVTC\Desktop\單晶片微控制器(一)\0508\5-5-1.c" 1
  81  0113              	IF 150>263690
  81  0113              ;# 81 "C:\Users\YVTC\Desktop\單晶片微控制器(一)\0508\5-5-1.c" 1
  81  0113              	ERRMESSAGE 'the value 150of the argument exceeds the maxinum 263690'
  81  0113              	ENDIF
  81  0113              ;# 81 "C:\Users\YVTC\Desktop\單晶片微控制器(一)\0508\5-5-1.c" 1
  81  0113              	IF 150<0
  81  0113              ;# 81 "C:\Users\YVTC\Desktop\單晶片微控制器(一)\0508\5-5-1.c" 1
  81  0113              	ERRMESSAGE 'the value 150 of the argument exceeds the mininum 0'
  81  0113              	ENDIF
  81  0113              ;# 81 "C:\Users\YVTC\Desktop\單晶片微控制器(一)\0508\5-5-1.c" 1
  81  0113              	IF 150==0
  81  0113              ;# 81 "C:\Users\YVTC\Desktop\單晶片微控制器(一)\0508\5-5-1.c" 1
  81  0113              	JMP $
  81  0113              	ENDIF
  81  0113              ;# 81 "C:\Users\YVTC\Desktop\單晶片微控制器(一)\0508\5-5-1.c" 1
  81  0113              	IF (150>=1) AND (150<( 4 + __PBP__ * 2))
  81  0113              ;# 81 "C:\Users\YVTC\Desktop\單晶片微控制器(一)\0508\5-5-1.c" 1
  81  0113              	NOP
  81  0113              	ENDIF
  81  0113              ;# 81 "C:\Users\YVTC\Desktop\單晶片微控制器(一)\0508\5-5-1.c" 1
  81  0113              	IF (150>=2) AND (150<( 4 + __PBP__ * 2))
  81  0113              ;# 81 "C:\Users\YVTC\Desktop\單晶片微控制器(一)\0508\5-5-1.c" 1
  81  0113              	NOP
  81  0113              	ENDIF
  81  0113              ;# 81 "C:\Users\YVTC\Desktop\單晶片微控制器(一)\0508\5-5-1.c" 1
  81  0113              	IF (150>=3) AND (150<( 4 + __PBP__ * 2))
  81  0113              ;# 81 "C:\Users\YVTC\Desktop\單晶片微控制器(一)\0508\5-5-1.c" 1
  81  0113              	NOP
  81  0113              	ENDIF
  81  0113              ;# 81 "C:\Users\YVTC\Desktop\單晶片微控制器(一)\0508\5-5-1.c" 1
  81  0113              	IF (150>=4) AND (150<( 4 + __PBP__ * 2)) AND ( __PBP__ > 0 )
  81  0113              ;# 81 "C:\Users\YVTC\Desktop\單晶片微控制器(一)\0508\5-5-1.c" 1
  81  0113              	NOP
  81  0113              	ENDIF
  81  0113              ;# 81 "C:\Users\YVTC\Desktop\單晶片微控制器(一)\0508\5-5-1.c" 1
  81  0113              	IF (150>=5) AND (150<( 4 + __PBP__ * 2)) AND ( __PBP__ > 0 )
  81  0113              ;# 81 "C:\Users\YVTC\Desktop\單晶片微控制器(一)\0508\5-5-1.c" 1
  81  0113              	NOP
  81  0113              	ENDIF
  81  0113              ;# 81 "C:\Users\YVTC\Desktop\單晶片微控制器(一)\0508\5-5-1.c" 1
  81  0113              	IF (150>=6) AND (150<( 4 + __PBP__ * 2))  AND ( __PBP__ > 1 )
  81  0113              ;# 81 "C:\Users\YVTC\Desktop\單晶片微控制器(一)\0508\5-5-1.c" 1
  81  0113              	NOP
  81  0113              	ENDIF
  81  0113              ;# 81 "C:\Users\YVTC\Desktop\單晶片微控制器(一)\0508\5-5-1.c" 1
  81  0113              	IF (150>=7) AND (150<( 4 + __PBP__ * 2))  AND ( __PBP__ > 1 )
  81  0113              ;# 81 "C:\Users\YVTC\Desktop\單晶片微控制器(一)\0508\5-5-1.c" 1
  81  0113              	NOP
  81  0113              	ENDIF
  81  0113              ;# 81 "C:\Users\YVTC\Desktop\單晶片微控制器(一)\0508\5-5-1.c" 1
  81  0113              	IF (150>=8) AND (150<( 4 + __PBP__ * 2))  AND ( __PBP__ > 2 )
"File: 5-5-1.c       Assembler  Version HGASM0202      Page 22

  81  0113              ;# 81 "C:\Users\YVTC\Desktop\單晶片微控制器(一)\0508\5-5-1.c" 1
  81  0113              	NOP
  81  0113              	ENDIF
  81  0113              ;# 81 "C:\Users\YVTC\Desktop\單晶片微控制器(一)\0508\5-5-1.c" 1
  81  0113              	IF (150==9)  AND ( __PBP__ > 2 )
  81  0113              ;# 81 "C:\Users\YVTC\Desktop\單晶片微控制器(一)\0508\5-5-1.c" 1
  81  0113              	NOP
  81  0113              	ENDIF
  81  0113              ;# 81 "C:\Users\YVTC\Desktop\單晶片微控制器(一)\0508\5-5-1.c" 1
  81  0113              	IF (150< ( 8 + __PBP__ * 2)) AND (150>( 3 + __PBP__ * 2))
  81  0113              ;# 81 "C:\Users\YVTC\Desktop\單晶片微控制器(一)\0508\5-5-1.c" 1
  81  0113              	fcall __DELAY3 + ( 7 + __PBP__ * 2) -150
  81  0113              	ENDIF
  81  0113              ;# 81 "C:\Users\YVTC\Desktop\單晶片微控制器(一)\0508\5-5-1.c" 1
  81  0113              	IF (150< ( 0404h + __PBP__ * 2)) AND (150>( 7 + __PBP__ * 2))
  81  0113              ;# 81 "C:\Users\YVTC\Desktop\單晶片微控制器(一)\0508\5-5-1.c" 1
  81  0113  0F23        	MOV A,(150-( 4 + __PBP__ * 2))/4
  81  0114              ;# 81 "C:\Users\YVTC\Desktop\單晶片微控制器(一)\0508\5-5-1.c" 1
  81  0114              	fcall __DELAYX3 + 3 -((150-( 4 + __PBP__ * 2)) MOD 4) 
  81  011B              	ENDIF
  81  011B              ;# 81 "C:\Users\YVTC\Desktop\單晶片微控制器(一)\0508\5-5-1.c" 1
  81  011B              	IF (150< ( 040bh + __PBP__ * 2)) AND (150> ( 0403h + __PBP__ * 2))
  81  011B              ;# 81 "C:\Users\YVTC\Desktop\單晶片微控制器(一)\0508\5-5-1.c" 1
  81  011B              	MOV A,0 
  81  011B              ;# 81 "C:\Users\YVTC\Desktop\單晶片微控制器(一)\0508\5-5-1.c" 1
  81  011B              	fcall __DELAYX6 + ( 040ah + __PBP__ * 2) -150
  81  011B              	ENDIF
  81  011B              ;# 81 "C:\Users\YVTC\Desktop\單晶片微控制器(一)\0508\5-5-1.c" 1
  81  011B              	IF (150 >= ( 040bh + __PBP__ * 2)) AND ((((150-( 9 + __PBP__ * 2))%0402h)/4+1)>256)
  81  011B              ;# 81 "C:\Users\YVTC\Desktop\單晶片微控制器(一)\0508\5-5-1.c" 1
  81  011B              	MOV A,(150-( 9 + __PBP__ * 2))/0402h
  81  011B              ;# 81 "C:\Users\YVTC\Desktop\單晶片微控制器(一)\0508\5-5-1.c" 1
  81  011B              	MOV _builtin_holtek_delay_2,A
  81  011B              ;# 81 "C:\Users\YVTC\Desktop\單晶片微控制器(一)\0508\5-5-1.c" 1
  81  011B              	MOV A,0
  81  011B              ;# 81 "C:\Users\YVTC\Desktop\單晶片微控制器(一)\0508\5-5-1.c" 1
  81  011B              	fcall __DELAYY5 +5- (((150-( 9 + __PBP__ * 2))%0402h)%6) 
  81  011B              	ENDIF
  81  011B              ;# 81 "C:\Users\YVTC\Desktop\單晶片微控制器(一)\0508\5-5-1.c" 1
  81  011B              	IF (150 >= ( 040bh + __PBP__ * 2)) AND ((((150-( 9 + __PBP__ * 2))%0402h)/4+1)<=256)
  81  011B              ;# 81 "C:\Users\YVTC\Desktop\單晶片微控制器(一)\0508\5-5-1.c" 1
  81  011B              	MOV A,(150-( 9 + __PBP__ * 2))/0402h
  81  011B              ;# 81 "C:\Users\YVTC\Desktop\單晶片微控制器(一)\0508\5-5-1.c" 1
  81  011B              	MOV _builtin_holtek_delay_2,A
  81  011B              ;# 81 "C:\Users\YVTC\Desktop\單晶片微控制器(一)\0508\5-5-1.c" 1
  81  011B              	MOV A,((150-( 9 + __PBP__ * 2))%0402h)/4+1
  81  011B              ;# 81 "C:\Users\YVTC\Desktop\單晶片微控制器(一)\0508\5-5-1.c" 1
  81  011B              	fcall __DELAYY3 +3-(((150-( 9 + __PBP__ * 2))%0402h)%4) 
  81  011B              	ENDIF
  82  011B              #line 82 "C:\Users\YVTC\Desktop\單晶片微控制器(一)\0508\5-5-1.c"
  82  011B  369A        	clr [26].5
  82  011C              ;# 82 "C:\Users\YVTC\Desktop\單晶片微控制器(一)\0508\5-5-1.c" 1
  82  011C              	IF 150>263690
  82  011C              ;# 82 "C:\Users\YVTC\Desktop\單晶片微控制器(一)\0508\5-5-1.c" 1
  82  011C              	ERRMESSAGE 'the value 150of the argument exceeds the maxinum 263690'
  82  011C              	ENDIF
  82  011C              ;# 82 "C:\Users\YVTC\Desktop\單晶片微控制器(一)\0508\5-5-1.c" 1
  82  011C              	IF 150<0
  82  011C              ;# 82 "C:\Users\YVTC\Desktop\單晶片微控制器(一)\0508\5-5-1.c" 1
  82  011C              	ERRMESSAGE 'the value 150 of the argument exceeds the mininum 0'
"File: 5-5-1.c       Assembler  Version HGASM0202      Page 23

  82  011C              	ENDIF
  82  011C              ;# 82 "C:\Users\YVTC\Desktop\單晶片微控制器(一)\0508\5-5-1.c" 1
  82  011C              	IF 150==0
  82  011C              ;# 82 "C:\Users\YVTC\Desktop\單晶片微控制器(一)\0508\5-5-1.c" 1
  82  011C              	JMP $
  82  011C              	ENDIF
  82  011C              ;# 82 "C:\Users\YVTC\Desktop\單晶片微控制器(一)\0508\5-5-1.c" 1
  82  011C              	IF (150>=1) AND (150<( 4 + __PBP__ * 2))
  82  011C              ;# 82 "C:\Users\YVTC\Desktop\單晶片微控制器(一)\0508\5-5-1.c" 1
  82  011C              	NOP
  82  011C              	ENDIF
  82  011C              ;# 82 "C:\Users\YVTC\Desktop\單晶片微控制器(一)\0508\5-5-1.c" 1
  82  011C              	IF (150>=2) AND (150<( 4 + __PBP__ * 2))
  82  011C              ;# 82 "C:\Users\YVTC\Desktop\單晶片微控制器(一)\0508\5-5-1.c" 1
  82  011C              	NOP
  82  011C              	ENDIF
  82  011C              ;# 82 "C:\Users\YVTC\Desktop\單晶片微控制器(一)\0508\5-5-1.c" 1
  82  011C              	IF (150>=3) AND (150<( 4 + __PBP__ * 2))
  82  011C              ;# 82 "C:\Users\YVTC\Desktop\單晶片微控制器(一)\0508\5-5-1.c" 1
  82  011C              	NOP
  82  011C              	ENDIF
  82  011C              ;# 82 "C:\Users\YVTC\Desktop\單晶片微控制器(一)\0508\5-5-1.c" 1
  82  011C              	IF (150>=4) AND (150<( 4 + __PBP__ * 2)) AND ( __PBP__ > 0 )
  82  011C              ;# 82 "C:\Users\YVTC\Desktop\單晶片微控制器(一)\0508\5-5-1.c" 1
  82  011C              	NOP
  82  011C              	ENDIF
  82  011C              ;# 82 "C:\Users\YVTC\Desktop\單晶片微控制器(一)\0508\5-5-1.c" 1
  82  011C              	IF (150>=5) AND (150<( 4 + __PBP__ * 2)) AND ( __PBP__ > 0 )
  82  011C              ;# 82 "C:\Users\YVTC\Desktop\單晶片微控制器(一)\0508\5-5-1.c" 1
  82  011C              	NOP
  82  011C              	ENDIF
  82  011C              ;# 82 "C:\Users\YVTC\Desktop\單晶片微控制器(一)\0508\5-5-1.c" 1
  82  011C              	IF (150>=6) AND (150<( 4 + __PBP__ * 2))  AND ( __PBP__ > 1 )
  82  011C              ;# 82 "C:\Users\YVTC\Desktop\單晶片微控制器(一)\0508\5-5-1.c" 1
  82  011C              	NOP
  82  011C              	ENDIF
  82  011C              ;# 82 "C:\Users\YVTC\Desktop\單晶片微控制器(一)\0508\5-5-1.c" 1
  82  011C              	IF (150>=7) AND (150<( 4 + __PBP__ * 2))  AND ( __PBP__ > 1 )
  82  011C              ;# 82 "C:\Users\YVTC\Desktop\單晶片微控制器(一)\0508\5-5-1.c" 1
  82  011C              	NOP
  82  011C              	ENDIF
  82  011C              ;# 82 "C:\Users\YVTC\Desktop\單晶片微控制器(一)\0508\5-5-1.c" 1
  82  011C              	IF (150>=8) AND (150<( 4 + __PBP__ * 2))  AND ( __PBP__ > 2 )
  82  011C              ;# 82 "C:\Users\YVTC\Desktop\單晶片微控制器(一)\0508\5-5-1.c" 1
  82  011C              	NOP
  82  011C              	ENDIF
  82  011C              ;# 82 "C:\Users\YVTC\Desktop\單晶片微控制器(一)\0508\5-5-1.c" 1
  82  011C              	IF (150==9)  AND ( __PBP__ > 2 )
  82  011C              ;# 82 "C:\Users\YVTC\Desktop\單晶片微控制器(一)\0508\5-5-1.c" 1
  82  011C              	NOP
  82  011C              	ENDIF
  82  011C              ;# 82 "C:\Users\YVTC\Desktop\單晶片微控制器(一)\0508\5-5-1.c" 1
  82  011C              	IF (150< ( 8 + __PBP__ * 2)) AND (150>( 3 + __PBP__ * 2))
  82  011C              ;# 82 "C:\Users\YVTC\Desktop\單晶片微控制器(一)\0508\5-5-1.c" 1
  82  011C              	fcall __DELAY3 + ( 7 + __PBP__ * 2) -150
  82  011C              	ENDIF
  82  011C              ;# 82 "C:\Users\YVTC\Desktop\單晶片微控制器(一)\0508\5-5-1.c" 1
  82  011C              	IF (150< ( 0404h + __PBP__ * 2)) AND (150>( 7 + __PBP__ * 2))
  82  011C              ;# 82 "C:\Users\YVTC\Desktop\單晶片微控制器(一)\0508\5-5-1.c" 1
  82  011C  0F23        	MOV A,(150-( 4 + __PBP__ * 2))/4
"File: 5-5-1.c       Assembler  Version HGASM0202      Page 24

  82  011D              ;# 82 "C:\Users\YVTC\Desktop\單晶片微控制器(一)\0508\5-5-1.c" 1
  82  011D              	fcall __DELAYX3 + 3 -((150-( 4 + __PBP__ * 2)) MOD 4) 
  82  0124              	ENDIF
  82  0124              ;# 82 "C:\Users\YVTC\Desktop\單晶片微控制器(一)\0508\5-5-1.c" 1
  82  0124              	IF (150< ( 040bh + __PBP__ * 2)) AND (150> ( 0403h + __PBP__ * 2))
  82  0124              ;# 82 "C:\Users\YVTC\Desktop\單晶片微控制器(一)\0508\5-5-1.c" 1
  82  0124              	MOV A,0 
  82  0124              ;# 82 "C:\Users\YVTC\Desktop\單晶片微控制器(一)\0508\5-5-1.c" 1
  82  0124              	fcall __DELAYX6 + ( 040ah + __PBP__ * 2) -150
  82  0124              	ENDIF
  82  0124              ;# 82 "C:\Users\YVTC\Desktop\單晶片微控制器(一)\0508\5-5-1.c" 1
  82  0124              	IF (150 >= ( 040bh + __PBP__ * 2)) AND ((((150-( 9 + __PBP__ * 2))%0402h)/4+1)>256)
  82  0124              ;# 82 "C:\Users\YVTC\Desktop\單晶片微控制器(一)\0508\5-5-1.c" 1
  82  0124              	MOV A,(150-( 9 + __PBP__ * 2))/0402h
  82  0124              ;# 82 "C:\Users\YVTC\Desktop\單晶片微控制器(一)\0508\5-5-1.c" 1
  82  0124              	MOV _builtin_holtek_delay_2,A
  82  0124              ;# 82 "C:\Users\YVTC\Desktop\單晶片微控制器(一)\0508\5-5-1.c" 1
  82  0124              	MOV A,0
  82  0124              ;# 82 "C:\Users\YVTC\Desktop\單晶片微控制器(一)\0508\5-5-1.c" 1
  82  0124              	fcall __DELAYY5 +5- (((150-( 9 + __PBP__ * 2))%0402h)%6) 
  82  0124              	ENDIF
  82  0124              ;# 82 "C:\Users\YVTC\Desktop\單晶片微控制器(一)\0508\5-5-1.c" 1
  82  0124              	IF (150 >= ( 040bh + __PBP__ * 2)) AND ((((150-( 9 + __PBP__ * 2))%0402h)/4+1)<=256)
  82  0124              ;# 82 "C:\Users\YVTC\Desktop\單晶片微控制器(一)\0508\5-5-1.c" 1
  82  0124              	MOV A,(150-( 9 + __PBP__ * 2))/0402h
  82  0124              ;# 82 "C:\Users\YVTC\Desktop\單晶片微控制器(一)\0508\5-5-1.c" 1
  82  0124              	MOV _builtin_holtek_delay_2,A
  82  0124              ;# 82 "C:\Users\YVTC\Desktop\單晶片微控制器(一)\0508\5-5-1.c" 1
  82  0124              	MOV A,((150-( 9 + __PBP__ * 2))%0402h)/4+1
  82  0124              ;# 82 "C:\Users\YVTC\Desktop\單晶片微控制器(一)\0508\5-5-1.c" 1
  82  0124              	fcall __DELAYY3 +3-(((150-( 9 + __PBP__ * 2))%0402h)%4) 
  82  0124              	ENDIF
  82  0124  1780     E  	sdz ra
  82  0125  2800     R  	jmp _L104
  82  0126  2800     R  	jmp _L103
  82  0127              _L113:
  85  0127              #line 85 "C:\Users\YVTC\Desktop\單晶片微控制器(一)\0508\5-5-1.c"
  85  0127  0FC8        	mov a,200
  85  0128              	fcall _PAUSE
  85  012F  2800     R  	jmp _L72
  85  0130  2800     R  	jmp $
  85  0131              _main endp
  85  0131              
  85  0131              @dummy endp
  85  0131              
  85  0131              #line 85 "C:\Users\YVTC\Desktop\單晶片微控制器(一)\0508\5-5-1.c"
  85  0131              #pragma debug scope 1 1
  18  0131              #line 18 "C:\Users\YVTC\Desktop\單晶片微控制器(一)\0508\5-5-1.c"
  18  0131              public _ptr
  18  0000              @HCCINIT0_ptr .section 'data'
  18  0000  0002[       _ptr	db 2 dup(0)
            00
            ]
  18  0002              #pragma debug struct_end
  18  0002              #pragma debug struct_end
  18  0002              #pragma debug pointer 43 42 1
  18  0002              #pragma debug pointer 43 42 1
  18  0002              #pragma debug variable 43 1 _ptr "ptr"
  18  0002              
  18  0000              @HCCINIT .section 'data'
"File: 5-5-1.c       Assembler  Version HGASM0202      Page 25

  17  0000              #line 17 "C:\Users\YVTC\Desktop\單晶片微控制器(一)\0508\5-5-1.c"
  17  0000              public _Alarm
  17  0000              @HCCINIT0_Alarm .section 'data'
  17  0000  0002[       _Alarm	db 2 dup(0)
            00
            ]
  17  0002              #pragma debug variable 42 1 _Alarm "Alarm"
  17  0002              
  17  0000              @HCCINIT .section 'data'
  17  0000              #line 17 "C:\Users\YVTC\Desktop\單晶片微控制器(一)\0508\5-5-1.c"
  17  0000              public _Time
  17  0000              @HCCINIT0_Time .section 'data'
  17  0000  0002[       _Time	db 2 dup(0)
            00
            ]
  17  0002              #pragma debug variable 42 1 _Time "Time"
  17  0002              
  17  0000              @HCCINIT .section 'data'
  13  0000              #line 13 "C:\Users\YVTC\Desktop\單晶片微控制器(一)\0508\5-5-1.c"
  13  0000              public _FG_State
  13  0000              @HCCINIT0_FG_State .section 'data'
  13  0000              _FG_State	db 0
  13  0001              #pragma debug variable 8 1 _FG_State "FG_State"
  13  0001              
  13  0000              @HCCINIT .section 'data'
  13  0000              #line 13 "C:\Users\YVTC\Desktop\單晶片微控制器(一)\0508\5-5-1.c"
  13  0000              public _FG_Select
  13  0000              @HCCINIT0_FG_Select .section 'data'
  13  0000              _FG_Select	db 0
  13  0001              #pragma debug variable 8 1 _FG_Select "FG_Select"
  13  0001              
  13  0000              @HCCINIT .section 'data'
  13  0000              #line 13 "C:\Users\YVTC\Desktop\單晶片微控制器(一)\0508\5-5-1.c"
  13  0000              public _FG_Alarm
  13  0000              @HCCINIT0_FG_Alarm .section 'data'
  13  0000              _FG_Alarm	db 0
  13  0001              #pragma debug variable 8 1 _FG_Alarm "FG_Alarm"
  13  0001              
  13  0000              @HCCINIT .section 'data'
  13  0000              #line 13 "C:\Users\YVTC\Desktop\單晶片微控制器(一)\0508\5-5-1.c"
  13  0000              public _FG_Adj
  13  0000              @HCCINIT0_FG_Adj .section 'data'
  13  0000              _FG_Adj	db 0
  13  0001              #pragma debug variable 8 1 _FG_Adj "FG_Adj"
  13  0001              
  13  0000              @HCCINIT .section 'data'
  13  0000              #line 13 "C:\Users\YVTC\Desktop\單晶片微控制器(一)\0508\5-5-1.c"
  13  0000              public _FG_Second
  13  0000              @HCCINIT0_FG_Second .section 'data'
  13  0000              _FG_Second	db 0
  13  0001              #pragma debug variable 8 1 _FG_Second "FG_Second"
  13  0001              
  13  0000              @HCCINIT .section 'data'
  13  0000              #line 13 "C:\Users\YVTC\Desktop\單晶片微控制器(一)\0508\5-5-1.c"
  13  0000              public _FG_HalfSec
  13  0000              @HCCINIT0_FG_HalfSec .section 'data'
  13  0000              _FG_HalfSec	db 0
  13  0001              #pragma debug variable 8 1 _FG_HalfSec "FG_HalfSec"
  13  0001              
  13  0000              @HCCINIT .section 'data'
"File: 5-5-1.c       Assembler  Version HGASM0202      Page 26

  12  0000              #line 12 "C:\Users\YVTC\Desktop\單晶片微控制器(一)\0508\5-5-1.c"
  12  0000              public _Second
  12  0000              @HCCINIT0_Second .section 'data'
  12  0000              _Second	db 0
  12  0001              #pragma debug variable 8 1 _Second "Second"
  12  0001              
  12  0000              @HCCINIT .section 'data'
  11  0000              #line 11 "C:\Users\YVTC\Desktop\單晶片微控制器(一)\0508\5-5-1.c"
  11  0000              public _SecCounter
  11  0000              @HCCINIT0_SecCounter .section 'data'
  11  0000              _SecCounter	db 0
  11  0001              #pragma debug variable 8 1 _SecCounter "SecCounter"
  11  0001              
  11  0000              @HCCINIT .section 'data'
  11  0000              #line 11 "C:\Users\YVTC\Desktop\單晶片微控制器(一)\0508\5-5-1.c"
  11  0000              public _PhaseCount
  11  0000              @HCCINIT0_PhaseCount .section 'data'
  11  0000              _PhaseCount	db 0
  11  0001              #pragma debug variable 8 1 _PhaseCount "PhaseCount"
  11  0001              
  11  0000              @HCCINIT .section 'data'
  10  0000              #line 10 "C:\Users\YVTC\Desktop\單晶片微控制器(一)\0508\5-5-1.c"
  10  0000              public _Digit
  10  0000              @HCCINIT0_Digit .section 'data'
  10  0000  0004[       _Digit	db 4 dup(0)
            00
            ]
  10  0004              #pragma debug array 44 8 4 1
  10  0004              #pragma debug array 44 8 4 1
  10  0004              #pragma debug variable 44 1 _Digit "Digit"
  10  0004              
  10  0000              @HCCINIT .section 'data'
  10  0000              #line 10 "C:\Users\YVTC\Desktop\單晶片微控制器(一)\0508\5-5-1.c"
  10  0000              public _DisBuffer
  10  0000              @HCCINIT0_DisBuffer .section 'data'
  10  0000  0005[       _DisBuffer	db 5 dup(0)
            00
            ]
  10  0005              #pragma debug array 45 8 5 1
  10  0005              #pragma debug array 45 8 5 1
  10  0005              #pragma debug variable 45 1 _DisBuffer "DisBuffer"
  10  0005              
  10  0000              @HCCINIT .section 'data'
  10  0000              public _TransSegment
  10  0000              @crom	.section 'crom'
   6  0000              #line 6 "C:\Users\YVTC\Desktop\單晶片微控制器(一)\0508\5-5-1.c"
   6  0000              @crom	.section	'crom'
   6  0000              _TransSegment:
   6  0000              #pragma debug array 46 8 17 1
   6  0000              #pragma debug array 46 8 17 1
   6  0000              #pragma debug variable 46 1 _TransSegment "TransSegment"
   6  0000              	db 123
   6  0001              	db 48
   6  0001              	db 93
   6  0002              	db 117
   6  0002              	db 54
   6  0003              	db 103
   6  0003              	db 111
   6  0004              	db 49
   6  0004              	db 127
"File: 5-5-1.c       Assembler  Version HGASM0202      Page 27

   6  0005              	db 119
   6  0005              	db 63
   6  0006              	db 110
   6  0006              	db 76
   6  0007              	db 124
   6  0007              	db 79
   6  0008              	db 15
   6  0008              	db 0
   6  0009              #pragma debug struct_end
   6  0009              #pragma debug struct_end
   6  0009              #pragma debug union_end
   6  0009              #pragma debug union_end
   6  0009              #pragma debug variable 48 1 ___pc "__pc" 1
   6  0009              #pragma debug struct_end
   6  0009              #pragma debug struct_end
   6  0009              #pragma debug union_end
   6  0009              #pragma debug union_end
   6  0009              #pragma debug variable 50 1 ___pcc "__pcc" 1
   6  0009              #pragma debug struct_end
   6  0009              #pragma debug struct_end
   6  0009              #pragma debug union_end
   6  0009              #pragma debug union_end
   6  0009              #pragma debug variable 52 1 ___pd "__pd" 1
   6  0009              #pragma debug struct_end
   6  0009              #pragma debug struct_end
   6  0009              #pragma debug union_end
   6  0009              #pragma debug union_end
   6  0009              #pragma debug variable 54 1 ___pdc "__pdc" 1
   6  0009              #pragma debug struct_end
   6  0009              #pragma debug struct_end
   6  0009              #pragma debug union_end
   6  0009              #pragma debug union_end
   6  0009              #pragma debug variable 56 1 ___pepu "__pepu" 1
   6  0009              #pragma debug struct_end
   6  0009              #pragma debug struct_end
   6  0009              #pragma debug union_end
   6  0009              #pragma debug union_end
   6  0009              #pragma debug variable 58 1 ___pe "__pe" 1
   6  0009              #pragma debug struct_end
   6  0009              #pragma debug struct_end
   6  0009              #pragma debug union_end
   6  0009              #pragma debug union_end
   6  0009              #pragma debug variable 60 1 ___pec "__pec" 1
   6  0009              #pragma debug struct_end
   6  0009              #pragma debug struct_end
   6  0009              #pragma debug union_end
   6  0009              #pragma debug union_end
   6  0009              #pragma debug variable 62 1 ___intc0 "__intc0" 1
   6  0009              #pragma debug struct_end
   6  0009              #pragma debug struct_end
   6  0009              #pragma debug union_end
   6  0009              #pragma debug union_end
   6  0009              #pragma debug variable 64 1 ___intc1 "__intc1" 1
   6  0009              #pragma debug struct_end
   6  0009              #pragma debug struct_end
   6  0009              #pragma debug union_end
   6  0009              #pragma debug union_end
   6  0009              #pragma debug variable 66 1 ___mfi0 "__mfi0" 1
   6  0009              #pragma debug struct_end
   6  0009              #pragma debug struct_end
"File: 5-5-1.c       Assembler  Version HGASM0202      Page 28

   6  0009              #pragma debug union_end
   6  0009              #pragma debug union_end
   6  0009              #pragma debug variable 68 1 ___wdtc "__wdtc" 1
   6  0009              #pragma debug struct_end
   6  0009              #pragma debug struct_end
   6  0009              #pragma debug union_end
   6  0009              #pragma debug union_end
   6  0009              #pragma debug variable 70 1 ___tm2c0 "__tm2c0" 1
   6  0009              #pragma debug struct_end
   6  0009              #pragma debug struct_end
   6  0009              #pragma debug union_end
   6  0009              #pragma debug union_end
   6  0009              #pragma debug variable 72 1 ___tm2c1 "__tm2c1" 1
   6  0009              #pragma debug variable 8 1 ___tm2al "__tm2al" 1
   6  0009              #pragma debug variable 8 1 ___tm2ah "__tm2ah" 1
   6  0009              #pragma debug struct_end
   6  0009              #pragma debug struct_end
   6  0009              #pragma debug union_end
   6  0009              #pragma debug union_end
   6  0009              #pragma debug variable 74 1 ___scomc "__scomc" 1
   6  0009              #pragma debug struct_end
   6  0009              #pragma debug struct_end
   6  0009              #pragma debug union_end
   6  0009              #pragma debug union_end
   6  0009              #pragma debug variable 76 1 ___pcs0 "__pcs0" 1
   6  0009              #pragma debug struct_end
   6  0009              #pragma debug struct_end
   6  0009              #pragma debug union_end
   6  0009              #pragma debug union_end
   6  0009              #pragma debug variable 78 1 ___pcs3 "__pcs3" 1
   6  0009              extern r1:byte
   6  0009              extern r2:byte
   6  0009              extern r3:byte
   6  0009              extern r4:byte
   6  0009              extern r5:byte
   6  0009              extern r6:byte
   6  0009              extern r7:byte
  21  0009              #line 21 "C:\Users\YVTC\Desktop\單晶片微控制器(一)\0508\5-5-1.c"
  21  0000              @code .section at 0 'code'
  21  0000  1F0B        	clr bp
  21  0001  2800     R  	jmp _main_startup1
  21  0002              
  21  0002              extern _builtin_holtek_udivmodqi4_2:byte
  21  0002              extern _builtin_holtek_udivmodqi4:near
  21  0002              
  21  0002              ; 
  21  0002              ; Generated by holtek-gcc v3.18, Tue May 08 10:53:19 2018
  21  0002              ; Rebuild 126
  21  0002              ; end of file


        0 Errors, 0