"File: 5-5-1Modify.c  Assembler  Version HGASM0202      Page 1


   1  0000              ; Generated by holtek-gcc v3.18, Tue May 08 11:13:52 2018
   2  0000              ; 
   3  0000              ; Configuration:
   4  0000              ;       with long instruction
   5  0000              ;       Multi-ROM, Multi-RAM
   6  0000              ;       bits_per_rom_unit:16
   7  0000              ;       with mp1
   8  0000              ;       with tbhp, address(0x9)
   9  0000              ;          Use tabrd-const
  10  0000              ;       
  11  0000              ; SFR address of long-instruction arch:
  12  0000              ;    mp0 = -1,1,0
  13  0000              ;    mp1 = 4,3,2
  14  0000              ;    mp2 = 14,13,12
  15  0000              ;    tbp = 9,7,8
  16  0000              ;    acc = 5
  17  0000              ;    pcl = 6
  18  0000              ;    status = 10
  19  0000              ;    bp = 11
  20  0000              ;    intc = 48
  21  0000              ;       
  22  0000              ;       
  23  0000              ; use 'tabrdc' instead of 'tabrd'
  24  0000              ;       
  25  0000              
  26  0000              #pragma translator "holtek-gcc 4.6.4" "3.18" "build 20130711"
  27  0000              ; Rebuild 126
  28  0000              
  29  0000              ir equ [2]
  30  0000              mp equ [3]
  31  0000              sbp equ [4]
  32  0000              acc equ [5]
  33  0000              bp equ [11]
  34  0000              tblp equ [7]
  35  0000              tbhp equ [9]
  36  0000              status equ [10]
  37  0000              c equ [10].0
  38  0000              ac equ [10].1
  39  0000              z equ [10].2
  40  0000              ov equ [10].3
  41  0000              cz equ [10].6
  42  0000              sc equ [10].7
  43  0000              intc equ [48]
  44  0000              
  45  0000              extern ra:byte
  46  0000              extern rb:byte
  47  0000              extern rc:byte
  48  0000              extern rd:byte
  49  0000              extern re:byte
  50  0000              extern rf:byte
  51  0000              extern rg:byte
  52  0000              extern rh:byte
  53  0000              extern _Crom2Prom:near
  54  0000              extern _Crom2PromNext:near
  55  0000              
  56  0000              RAMBANK 0 @BITDATASEC, @BITDATASEC1
  57  0000              @HCCINIT	.section 'data'
  58  0000              @HCCINIT0	.section 'data'
  59  0000              @BITDATASEC	 .section 'data'
"File: 5-5-1Modify.ASM  Assembler  Version HGASM0202      Page 2

  60  0000              @BITDATASEC1	 .section 'data'
  61  0000              
  62  0000              #pragma debug scope 1 1
  63  0000              	extern __DELAY3:near
  64  0000              	extern __DELAYX3:near
  65  0000              	extern __DELAYX6:near
  66  0000              	extern __DELAYY5:near
  67  0000              	extern __DELAYY3:near
  68  0000              	extern _builtin_holtek_delay_2:byte
  69  0000              ___mfi0 equ [52]
  70  0000              ___pcs0 equ [360]
  71  0000              ___pcs3 equ [363]
  72  0000              ___pd equ [30]
  73  0000              ___pe equ [34]
  74  0000              ___pc equ [26]
  75  0000              public _ISR_STM
  76  0000              #pragma debug scope 2 1

  89  0000              #line 89 "C:\Users\YVTC\Desktop\單晶片微控制器(一)\0508\5-5-1Modify.c"
  89  0000              rombank 0 @ISR_STM_code
  89  0000              @ISR_STM_code .section at 20 'code'
  89  0000  0080     E  	mov r1,a
  89  0001  070B        	mov a,bp
  89  0002  1F0B        	clr bp
  89  0003  2800     R  	jmp _ISR_STM
  89  0004              ROMBANK 0 _ISR_STM
  89  0004              #pragma debug scope 1 1
  89  0004              @dummy20 endp
  89  0004              #pragma debug scope 3 1
  89  0000              _ISR_STM .section 'code'
  89  0000              _ISR_STM proc
  89  0000  00          local _ISR_STM_2 db 1 dup(?)
  89  0000  0080     E  	mov r2,a
  89  0001  070A        	mov a, status
  89  0002  0080     E  	mov r3,a
  89  0003  0703        	mov a,mp
  89  0004  0080     E  	mov r4,a
  89  0005  0704        	mov a,sbp
  89  0006  0080     E  	mov r5,a
  89  0007  0707        	mov a,tblp
  89  0008  0080     E  	mov r6,a
  89  0009  0709        	mov a,tbhp
  89  000A  0080     E  	mov r7,a
  90  000B              #line 90 "C:\Users\YVTC\Desktop\單晶片微控制器(一)\0508\5-5-1Modify.c"
  90  000B  37B4        	clr [52].7
  91  000C              #line 91 "C:\Users\YVTC\Desktop\單晶片微控制器(一)\0508\5-5-1Modify.c"
  91  000C  1080     R  	sz _PhaseCount[0]
  91  000D  2800     R  	jmp _L2
  91  000E              #line 91 "C:\Users\YVTC\Desktop\單晶片微控制器(一)\0508\5-5-1Modify.c"
  91  000E  0F04        	mov a,4
  91  000F  0080     E  	mov ra,a
  91  0010  1F00     E  	clr rf
  91  0011              _L6:
  93  0011              #line 93 "C:\Users\YVTC\Desktop\單晶片微控制器(一)\0508\5-5-1Modify.c"
  93  0011  0700     E  	mov a,rf
  93  0012  0080     E  	mov rd,a
  93  0013  1F00     E  	clr re
  93  0014  0F00     R  	mov a,low offset _DisBuffer
  93  0015  0300     E  	add a,rd
  93  0016  0080     E  	mov rb,a
"File: 5-5-1Modify.c  Assembler  Version HGASM0202      Page 3

  93  0017  0F00     R  	mov a,high offset _DisBuffer
  93  0018  1300     E  	adc a,re
  93  0019  0080     E  	mov rc,a
  93  001A  0700     E  	mov a,rb
  93  001B  0083        	mov mp,a
  93  001C  0700     E  	mov a,rc
  93  001D  0084        	mov sbp,a
  93  001E              	fcall _Crom2Prom
  93  0025  0080     R  	mov _ISR_STM_2[0],a
  93  0026  0700     R  	mov a,_ISR_STM_2[0]
  93  0027  0E80        	and a,128
  93  0028  0080     E  	mov rg,a
  93  0029  0700     E  	mov a,rg
  93  002A  0082        	mov ir,a
  94  002B              #line 94 "C:\Users\YVTC\Desktop\單晶片微控制器(一)\0508\5-5-1Modify.c"
  94  002B              	fcall _Crom2Prom
  94  0032  0080     E  	mov rg,a
  94  0033  0F00     R  	mov a,low offset _Digit
  94  0034  0300     E  	add a,rd
  94  0035  0083        	mov mp,a
  94  0036  0F00     R  	mov a,high offset _Digit
  94  0037  1300     E  	adc a,re
  94  0038  0084        	mov sbp,a
  94  0039              	fcall _Crom2Prom
  94  0040  0080     E  	mov rd,a
  94  0041  0F00     R  	mov a,low offset _TransSegment
  94  0042  0300     E  	add a,rd
  94  0043  0083        	mov mp,a
  94  0044  0F00     R  	mov a,high offset _TransSegment
  94  0045  1F04        	clr sbp
  94  0046  1384        	adcm a,sbp
  94  0047              	fcall _Crom2Prom
  94  004E  0080     E  	mov rd,a
  94  004F  0700     E  	mov a,rg
  94  0050  0580     E  	orm a,rd
  94  0051  0700     E  	mov a,rb
  94  0052  0083        	mov mp,a
  94  0053  0700     E  	mov a,rc
  94  0054  0084        	mov sbp,a
  94  0055  0700     E  	mov a,rd
  94  0056  0082        	mov ir,a
  92  0057              #line 92 "C:\Users\YVTC\Desktop\單晶片微控制器(一)\0508\5-5-1Modify.c"
  92  0057  1480     E  	inc rf
  92  0058  1780     E  	sdz ra
  92  0059  2800     R  	jmp _L6
  92  005A              _L8:
 102  005A              #line 102 "C:\Users\YVTC\Desktop\單晶片微控制器(一)\0508\5-5-1Modify.c"
 102  005A  0F33        	mov a,51
 102  005B  80E8 0001   	lmov [360],a
 102  005D  0F33        	mov a,51
 102  005E  80EB 0001   	lmov [363],a
 102  0060  1F1E        	clr [30]
 102  0061  3422        	clr [34].0
 103  0062              #line 103 "C:\Users\YVTC\Desktop\單晶片微控制器(一)\0508\5-5-1Modify.c"
 103  0062  3800     R  	snz _DisBuffer[0].0
 103  0063  2800     R  	jmp _L5
 103  0064  301E        	set [30].0
 103  0065  2800     R  	jmp _L5
 103  0066              _L2:
  98  0066              #line 98 "C:\Users\YVTC\Desktop\單晶片微控制器(一)\0508\5-5-1Modify.c"
"File: 5-5-1Modify.c  Assembler  Version HGASM0202      Page 4

  98  0066  3C00     R  	sz _PhaseCount[0].0
  98  0067  2800     R  	jmp _L7
  99  0068              #line 99 "C:\Users\YVTC\Desktop\單晶片微控制器(一)\0508\5-5-1Modify.c"
  99  0068              ;# 99 "C:\Users\YVTC\Desktop\單晶片微控制器(一)\0508\5-5-1Modify.c" 1
  99  0068  1980     R  	rr _DisBuffer[0]
  99  0069              ;# 99 "C:\Users\YVTC\Desktop\單晶片微控制器(一)\0508\5-5-1Modify.c" 1
  99  0069  1980     R  	rr _DisBuffer[1]
  99  006A              ;# 99 "C:\Users\YVTC\Desktop\單晶片微控制器(一)\0508\5-5-1Modify.c" 1
  99  006A  1980     R  	rr _DisBuffer[2]
  99  006B              ;# 99 "C:\Users\YVTC\Desktop\單晶片微控制器(一)\0508\5-5-1Modify.c" 1
  99  006B  1980     R  	rr _DisBuffer[3]
  99  006C              ;# 99 "C:\Users\YVTC\Desktop\單晶片微控制器(一)\0508\5-5-1Modify.c" 1
  99  006C  1980     R  	rr _DisBuffer[4]
  99  006D              _L7:
  91  006D              #line 91 "C:\Users\YVTC\Desktop\單晶片微控制器(一)\0508\5-5-1Modify.c"
  91  006D  0F05        	mov a,5
  91  006E  0080     E  	mov ra,a
  91  006F  1F00     E  	clr rb
  91  0070              _L9:
 100  0070              #line 100 "C:\Users\YVTC\Desktop\單晶片微控制器(一)\0508\5-5-1Modify.c"
 100  0070  0F00     R  	mov a,low offset _DisBuffer
 100  0071  0300     E  	add a,rb
 100  0072  0083        	mov mp,a
 100  0073  0F00     R  	mov a,high offset _DisBuffer
 100  0074  1F04        	clr sbp
 100  0075  1384        	adcm a,sbp
 100  0076              	fcall _Crom2Prom
 100  007D  0080     R  	mov _ISR_STM_2[0],a
 100  007E  0100     R  	cpla _ISR_STM_2[0]
 100  007F  0080     E  	mov rc,a
 100  0080  0700     E  	mov a,rc
 100  0081  0082        	mov ir,a
 100  0082  1480     E  	inc rb
 100  0083  1780     E  	sdz ra
 100  0084  2800     R  	jmp _L9
 100  0085  2800     R  	jmp _L8
 100  0086              _L5:
 104  0086              #line 104 "C:\Users\YVTC\Desktop\單晶片微控制器(一)\0508\5-5-1Modify.c"
 104  0086  3800     R  	snz _DisBuffer[0].4
 104  0087  2800     R  	jmp _L10
 104  0088  309E        	set [30].1
 104  0089              _L10:
 105  0089              #line 105 "C:\Users\YVTC\Desktop\單晶片微控制器(一)\0508\5-5-1Modify.c"
 105  0089  3800     R  	snz _DisBuffer[1].0
 105  008A  2800     R  	jmp _L11
 105  008B  311E        	set [30].2
 105  008C              _L11:
 106  008C              #line 106 "C:\Users\YVTC\Desktop\單晶片微控制器(一)\0508\5-5-1Modify.c"
 106  008C  3800     R  	snz _DisBuffer[1].4
 106  008D  2800     R  	jmp _L12
 106  008E  319E        	set [30].3
 106  008F              _L12:
 107  008F              #line 107 "C:\Users\YVTC\Desktop\單晶片微控制器(一)\0508\5-5-1Modify.c"
 107  008F  3800     R  	snz _DisBuffer[2].0
 107  0090  2800     R  	jmp _L13
 107  0091  321E        	set [30].4
 107  0092              _L13:
 108  0092              #line 108 "C:\Users\YVTC\Desktop\單晶片微控制器(一)\0508\5-5-1Modify.c"
 108  0092  3800     R  	snz _DisBuffer[2].4
 108  0093  2800     R  	jmp _L14
"File: 5-5-1Modify.c  Assembler  Version HGASM0202      Page 5

 108  0094  329E        	set [30].5
 108  0095              _L14:
 109  0095              #line 109 "C:\Users\YVTC\Desktop\單晶片微控制器(一)\0508\5-5-1Modify.c"
 109  0095  3800     R  	snz _DisBuffer[3].0
 109  0096  2800     R  	jmp _L15
 109  0097  331E        	set [30].6
 109  0098              _L15:
 110  0098              #line 110 "C:\Users\YVTC\Desktop\單晶片微控制器(一)\0508\5-5-1Modify.c"
 110  0098  3800     R  	snz _DisBuffer[3].4
 110  0099  2800     R  	jmp _L16
 110  009A  339E        	set [30].7
 110  009B              _L16:
 111  009B              #line 111 "C:\Users\YVTC\Desktop\單晶片微控制器(一)\0508\5-5-1Modify.c"
 111  009B  3800     R  	snz _DisBuffer[4].0
 111  009C  2800     R  	jmp _L17
 111  009D  3022        	set [34].0
 111  009E              _L17:
 112  009E              #line 112 "C:\Users\YVTC\Desktop\單晶片微控制器(一)\0508\5-5-1Modify.c"
 112  009E  0700     R  	mov a,_PhaseCount[0]
 112  009F  0080     R  	mov _ISR_STM_2[0],a
 112  00A0  1400     R  	inca _ISR_STM_2[0]
 112  00A1  0080     R  	mov _PhaseCount[0],a
 112  00A2  0700     R  	mov a,_ISR_STM_2[0]
 112  00A3  0A00        	sub a,0
 112  00A4  3D0A        	sz z
 112  00A5  2800     R  	jmp _L19
 112  00A6  0A01        	sub a,(1)-(0)
 112  00A7  3D0A        	sz z
 112  00A8  2800     R  	jmp _L20
 112  00A9  0700     R  	mov a,_ISR_STM_2[0]
 112  00AA  0A02        	sub a,2
 112  00AB  3D0A        	sz z
 112  00AC  2800     R  	jmp _L21
 112  00AD  0A01        	sub a,(3)-(2)
 112  00AE  3D0A        	sz z
 112  00AF  2800     R  	jmp _L22
 112  00B0  0700     R  	mov a,_ISR_STM_2[0]
 112  00B1  0A04        	sub a,4
 112  00B2  3D0A        	sz z
 112  00B3  2800     R  	jmp _L23
 112  00B4  0A01        	sub a,(5)-(4)
 112  00B5  3D0A        	sz z
 112  00B6  2800     R  	jmp _L24
 112  00B7  0700     R  	mov a,_ISR_STM_2[0]
 112  00B8  0A06        	sub a,6
 112  00B9  3D0A        	sz z
 112  00BA  2800     R  	jmp _L25
 112  00BB  0700     R  	mov a,_ISR_STM_2[0]
 112  00BC  0A07        	sub a,7
 112  00BD  390A        	snz z
 112  00BE  2800     R  	jmp _L18
 147  00BF              #line 147 "C:\Users\YVTC\Desktop\單晶片微控制器(一)\0508\5-5-1Modify.c"
 147  00BF  0F03        	mov a,3
 147  00C0  80EB 0001   	lmov [363],a
 147  00C2  339A        	set [26].7
 147  00C3  0F05        	mov a,5
 147  00C4  0080     E  	mov ra,a
 148  00C5              #line 148 "C:\Users\YVTC\Desktop\單晶片微控制器(一)\0508\5-5-1Modify.c"
 148  00C5  1F00     E  	clr rf
 148  00C6  2800     R  	jmp _L38
"File: 5-5-1Modify.c  Assembler  Version HGASM0202      Page 6

 148  00C7              _L19:
 113  00C7              #line 113 "C:\Users\YVTC\Desktop\單晶片微控制器(一)\0508\5-5-1Modify.c"
 113  00C7  1E00     R  	snz _FG_HalfSec[0]
 113  00C8  2800     R  	jmp _L28
 114  00C9              #line 114 "C:\Users\YVTC\Desktop\單晶片微控制器(一)\0508\5-5-1Modify.c"
 114  00C9  1F00     R  	clr _FG_HalfSec[0]
 114  00CA  0F80        	mov a,128
 114  00CB  0380     R  	addm a,_DisBuffer[0]
 115  00CC              #line 115 "C:\Users\YVTC\Desktop\單晶片微控制器(一)\0508\5-5-1Modify.c"
 115  00CC  0F01        	mov a,1
 115  00CD  0480     R  	xorm a,_FG_Second[0]
 116  00CE              #line 116 "C:\Users\YVTC\Desktop\單晶片微控制器(一)\0508\5-5-1Modify.c"
 116  00CE  1080     R  	sz _FG_Second[0]
 116  00CF  2800     R  	jmp _L28
 117  00D0              #line 117 "C:\Users\YVTC\Desktop\單晶片微控制器(一)\0508\5-5-1Modify.c"
 117  00D0  3400     R  	clr _DisBuffer[1].7
 118  00D1              #line 118 "C:\Users\YVTC\Desktop\單晶片微控制器(一)\0508\5-5-1Modify.c"
 118  00D1  3800     R  	snz _DisBuffer[4].0
 118  00D2  2800     R  	jmp _L30
 118  00D3  0F10        	mov a,16
 118  00D4  0080     R  	mov _DisBuffer[4],a
 118  00D5  2800     R  	jmp _L31
 118  00D6              _L30:
 119  00D6              #line 119 "C:\Users\YVTC\Desktop\單晶片微控制器(一)\0508\5-5-1Modify.c"
 119  00D6              ;# 119 "C:\Users\YVTC\Desktop\單晶片微控制器(一)\0508\5-5-1Modify.c" 1
 119  00D6  1980     R  	rr _DisBuffer[4]
 119  00D7              _L31:
 120  00D7              #line 120 "C:\Users\YVTC\Desktop\單晶片微控制器(一)\0508\5-5-1Modify.c"
 120  00D7  1400     R  	inca _Second[0]
 120  00D8  0080     E  	mov ra,a
 120  00D9  0700     E  	mov a,ra
 120  00DA  0080     R  	mov _Second[0],a
 120  00DB  0700     E  	mov a,ra
 120  00DC  0A3C        	sub a,60
 120  00DD  390A        	snz z
 120  00DE  2800     R  	jmp _L28
 121  00DF              #line 121 "C:\Users\YVTC\Desktop\單晶片微控制器(一)\0508\5-5-1Modify.c"
 121  00DF  1F00     R  	clr _Second[0]
 122  00E0              #line 122 "C:\Users\YVTC\Desktop\單晶片微控制器(一)\0508\5-5-1Modify.c"
 122  00E0  1400     R  	inca _Time[1]
 122  00E1  0080     E  	mov ra,a
 122  00E2  0700     E  	mov a,ra
 122  00E3  0080     R  	mov _Time[1],a
 122  00E4  0700     E  	mov a,ra
 122  00E5  0A3C        	sub a,60
 122  00E6  390A        	snz z
 122  00E7  2800     R  	jmp _L28
 123  00E8              #line 123 "C:\Users\YVTC\Desktop\單晶片微控制器(一)\0508\5-5-1Modify.c"
 123  00E8  1F00     R  	clr _Time[1]
 124  00E9              #line 124 "C:\Users\YVTC\Desktop\單晶片微控制器(一)\0508\5-5-1Modify.c"
 124  00E9  1400     R  	inca _Time[0]
 124  00EA  0080     E  	mov ra,a
 124  00EB  0700     E  	mov a,ra
 124  00EC  0080     R  	mov _Time[0],a
 124  00ED  0700     E  	mov a,ra
 124  00EE  0A18        	sub a,24
 124  00EF  390A        	snz z
 124  00F0  2800     R  	jmp _L28
 124  00F1  1F00     R  	clr _Time[0]
 124  00F2              _L28:
"File: 5-5-1Modify.c  Assembler  Version HGASM0202      Page 7

 129  00F2              #line 129 "C:\Users\YVTC\Desktop\單晶片微控制器(一)\0508\5-5-1Modify.c"
 129  00F2  1E00     R  	snz _FG_Adj[0]
 129  00F3  2800     R  	jmp _L32
 130  00F4              #line 130 "C:\Users\YVTC\Desktop\單晶片微控制器(一)\0508\5-5-1Modify.c"
 130  00F4  1E00     R  	snz _FG_Alarm[0]
 130  00F5  2800     R  	jmp _L33
 130  00F6  3000     R  	set _DisBuffer[1].7
 130  00F7  2800     R  	jmp _L34
 130  00F8              _L33:
 131  00F8              #line 131 "C:\Users\YVTC\Desktop\單晶片微控制器(一)\0508\5-5-1Modify.c"
 131  00F8  3400     R  	clr _DisBuffer[1].7
 131  00F9              _L34:
 132  00F9              #line 132 "C:\Users\YVTC\Desktop\單晶片微控制器(一)\0508\5-5-1Modify.c"
 132  00F9  1E00     R  	snz _FG_State[0]
 132  00FA  2800     R  	jmp _L35
 133  00FB              #line 133 "C:\Users\YVTC\Desktop\單晶片微控制器(一)\0508\5-5-1Modify.c"
 133  00FB  1E00     R  	snz _FG_Select[0]
 133  00FC  2800     R  	jmp _L36
 133  00FD  0F0C        	mov a,12
 133  00FE  0080     R  	mov _DisBuffer[4],a
 133  00FF  2800     R  	jmp _L32
 133  0100              _L36:
 134  0100              #line 134 "C:\Users\YVTC\Desktop\單晶片微控制器(一)\0508\5-5-1Modify.c"
 134  0100  0F03        	mov a,3
 134  0101  0080     R  	mov _DisBuffer[4],a
 134  0102  2800     R  	jmp _L32
 134  0103              _L35:
 136  0103              #line 136 "C:\Users\YVTC\Desktop\單晶片微控制器(一)\0508\5-5-1Modify.c"
 136  0103  0F0F        	mov a,15
 136  0104  0080     R  	mov _DisBuffer[4],a
 136  0105              _L32:
 138  0105              #line 138 "C:\Users\YVTC\Desktop\單晶片微控制器(一)\0508\5-5-1Modify.c"
 138  0105  0700     R  	mov a,_ptr[0]
 138  0106  0080     E  	mov rb,a
 138  0107  0700     R  	mov a,_ptr[1]
 138  0108  0080     E  	mov rc,a
 138  0109  0700     E  	mov a,rb
 138  010A  0083        	mov mp,a
 138  010B  0700     E  	mov a,rc
 138  010C  0084        	mov sbp,a
 138  010D              	fcall _Crom2Prom
 138  0114  0080     R  	mov _ISR_STM_2[0],a
 138  0115  1F00     E  	clr _builtin_holtek_udivmodqi4_2[3]
 138  0116  0700     R  	mov a,_ISR_STM_2[0]
 138  0117  0080     E  	mov _builtin_holtek_udivmodqi4_2[0],a
 138  0118  0F0A        	mov a,10
 138  0119  0080     E  	mov _builtin_holtek_udivmodqi4_2[1],a
 138  011A              	fcall _builtin_holtek_udivmodqi4
 138  0121  0700     E  	mov a,_builtin_holtek_udivmodqi4_2[0]
 138  0122  0080     R  	mov _Digit[0],a
 138  0123              	fcall _Crom2Prom
 138  012A  0080     E  	mov ra,a
 138  012B  1F00     E  	clr _builtin_holtek_udivmodqi4_2[3]
 138  012C  0700     E  	mov a,ra
 138  012D  0080     E  	mov _builtin_holtek_udivmodqi4_2[0],a
 138  012E  0F0A        	mov a,10
 138  012F  0080     E  	mov _builtin_holtek_udivmodqi4_2[1],a
 138  0130              	fcall _builtin_holtek_udivmodqi4
 138  0137  0700     E  	mov a,_builtin_holtek_udivmodqi4_2[2]
 138  0138  0080     R  	mov _Digit[1],a
"File: 5-5-1Modify.c  Assembler  Version HGASM0202      Page 8

 139  0139              #line 139 "C:\Users\YVTC\Desktop\單晶片微控制器(一)\0508\5-5-1Modify.c"
 139  0139  0F01        	mov a,1
 139  013A  0300     E  	add a,rb
 139  013B  0083        	mov mp,a
 139  013C  0F00        	mov a,0
 139  013D  1300     E  	adc a,rc
 139  013E  0084        	mov sbp,a
 139  013F              	fcall _Crom2Prom
 139  0146  0080     R  	mov _ISR_STM_2[0],a
 139  0147  1F00     E  	clr _builtin_holtek_udivmodqi4_2[3]
 139  0148  0700     R  	mov a,_ISR_STM_2[0]
 139  0149  0080     E  	mov _builtin_holtek_udivmodqi4_2[0],a
 139  014A  0F0A        	mov a,10
 139  014B  0080     E  	mov _builtin_holtek_udivmodqi4_2[1],a
 139  014C              	fcall _builtin_holtek_udivmodqi4
 139  0153  0700     E  	mov a,_builtin_holtek_udivmodqi4_2[0]
 139  0154  0080     R  	mov _Digit[2],a
 139  0155              	fcall _Crom2Prom
 139  015C  0080     E  	mov ra,a
 139  015D  1F00     E  	clr _builtin_holtek_udivmodqi4_2[3]
 139  015E  0700     E  	mov a,ra
 139  015F  0080     E  	mov _builtin_holtek_udivmodqi4_2[0],a
 139  0160  0F0A        	mov a,10
 139  0161  0080     E  	mov _builtin_holtek_udivmodqi4_2[1],a
 139  0162              	fcall _builtin_holtek_udivmodqi4
 139  0169  0700     E  	mov a,_builtin_holtek_udivmodqi4_2[2]
 139  016A  0080     R  	mov _Digit[3],a
 140  016B              #line 140 "C:\Users\YVTC\Desktop\單晶片微控制器(一)\0508\5-5-1Modify.c"
 140  016B  0F30        	mov a,48
 140  016C  80E8 0001   	lmov [360],a
 140  016E  341A        	clr [26].0
 140  016F  2800     R  	jmp _L18
 140  0170              _L20:
 141  0170              #line 141 "C:\Users\YVTC\Desktop\單晶片微控制器(一)\0508\5-5-1Modify.c"
 141  0170  0F30        	mov a,48
 141  0171  80E8 0001   	lmov [360],a
 141  0173  301A        	set [26].0
 141  0174  2800     R  	jmp _L18
 141  0175              _L21:
 142  0175              #line 142 "C:\Users\YVTC\Desktop\單晶片微控制器(一)\0508\5-5-1Modify.c"
 142  0175  0F03        	mov a,3
 142  0176  80E8 0001   	lmov [360],a
 142  0178  349A        	clr [26].1
 142  0179  2800     R  	jmp _L18
 142  017A              _L22:
 143  017A              #line 143 "C:\Users\YVTC\Desktop\單晶片微控制器(一)\0508\5-5-1Modify.c"
 143  017A  0F03        	mov a,3
 143  017B  80E8 0001   	lmov [360],a
 143  017D  309A        	set [26].1
 143  017E  2800     R  	jmp _L18
 143  017F              _L23:
 144  017F              #line 144 "C:\Users\YVTC\Desktop\單晶片微控制器(一)\0508\5-5-1Modify.c"
 144  017F  0F30        	mov a,48
 144  0180  80EB 0001   	lmov [363],a
 144  0182  371A        	clr [26].6
 144  0183  2800     R  	jmp _L18
 144  0184              _L24:
 145  0184              #line 145 "C:\Users\YVTC\Desktop\單晶片微控制器(一)\0508\5-5-1Modify.c"
 145  0184  0F30        	mov a,48
 145  0185  80EB 0001   	lmov [363],a
"File: 5-5-1Modify.c  Assembler  Version HGASM0202      Page 9

 145  0187  331A        	set [26].6
 145  0188  2800     R  	jmp _L18
 145  0189              _L25:
 146  0189              #line 146 "C:\Users\YVTC\Desktop\單晶片微控制器(一)\0508\5-5-1Modify.c"
 146  0189  0F03        	mov a,3
 146  018A  80EB 0001   	lmov [363],a
 146  018C  379A        	clr [26].7
 146  018D  2800     R  	jmp _L18
 146  018E              _L38:
 149  018E              #line 149 "C:\Users\YVTC\Desktop\單晶片微控制器(一)\0508\5-5-1Modify.c"
 149  018E  0700     E  	mov a,rf
 149  018F  0080     E  	mov rb,a
 149  0190  1F00     E  	clr rc
 149  0191  0F00     R  	mov a,low offset _DisBuffer
 149  0192  0300     E  	add a,rb
 149  0193  0080     E  	mov rd,a
 149  0194  0F00     R  	mov a,high offset _DisBuffer
 149  0195  1300     E  	adc a,rc
 149  0196  0080     E  	mov re,a
 149  0197  0700     E  	mov a,rd
 149  0198  0083        	mov mp,a
 149  0199  0700     E  	mov a,re
 149  019A  0084        	mov sbp,a
 149  019B              ;# 149 "C:\Users\YVTC\Desktop\單晶片微控制器(一)\0508\5-5-1Modify.c" 1
 149  019B  1982        	rr ir
 150  019C              #line 150 "C:\Users\YVTC\Desktop\單晶片微控制器(一)\0508\5-5-1Modify.c"
 150  019C  0F00     R  	mov a,low offset _DisBuffer
 150  019D  0300     E  	add a,rb
 150  019E  0080     E  	mov rd,a
 150  019F  0F00     R  	mov a,high offset _DisBuffer
 150  01A0  1300     E  	adc a,rc
 150  01A1  0080     E  	mov re,a
 150  01A2  0700     E  	mov a,rd
 150  01A3  0083        	mov mp,a
 150  01A4  0700     E  	mov a,re
 150  01A5  0084        	mov sbp,a
 150  01A6              ;# 150 "C:\Users\YVTC\Desktop\單晶片微控制器(一)\0508\5-5-1Modify.c" 1
 150  01A6  1182        	swap ir
 151  01A7              #line 151 "C:\Users\YVTC\Desktop\單晶片微控制器(一)\0508\5-5-1Modify.c"
 151  01A7  0F00     R  	mov a,low offset _DisBuffer
 151  01A8  0300     E  	add a,rb
 151  01A9  0083        	mov mp,a
 151  01AA  0F00     R  	mov a,high offset _DisBuffer
 151  01AB  1300     E  	adc a,rc
 151  01AC  0084        	mov sbp,a
 151  01AD              	fcall _Crom2Prom
 151  01B4  0080     R  	mov _ISR_STM_2[0],a
 151  01B5  0100     R  	cpla _ISR_STM_2[0]
 151  01B6  0080     E  	mov rb,a
 151  01B7  0700     E  	mov a,rb
 151  01B8  0082        	mov ir,a
 148  01B9              #line 148 "C:\Users\YVTC\Desktop\單晶片微控制器(一)\0508\5-5-1Modify.c"
 148  01B9  1480     E  	inc rf
 148  01BA  1780     E  	sdz ra
 148  01BB  2800     R  	jmp _L38
 153  01BC              #line 153 "C:\Users\YVTC\Desktop\單晶片微控制器(一)\0508\5-5-1Modify.c"
 153  01BC  1F00     R  	clr _PhaseCount[0]
 153  01BD              _L18:
 155  01BD              #line 155 "C:\Users\YVTC\Desktop\單晶片微控制器(一)\0508\5-5-1Modify.c"
 155  01BD  1500     R  	deca _SecCounter[0]
"File: 5-5-1Modify.c  Assembler  Version HGASM0202      Page 10

 155  01BE  0080     E  	mov ra,a
 155  01BF  0700     E  	mov a,ra
 155  01C0  0080     R  	mov _SecCounter[0],a
 155  01C1  1080     E  	sz ra
 155  01C2  2800     R  	jmp _L1
 156  01C3              #line 156 "C:\Users\YVTC\Desktop\單晶片微控制器(一)\0508\5-5-1Modify.c"
 156  01C3  0F7D        	mov a,125
 156  01C4  0080     R  	mov _SecCounter[0],a
 156  01C5  0F01        	mov a,1
 156  01C6  0080     R  	mov _FG_HalfSec[0],a
 156  01C7              _L1:
 156  01C7  0700     E  	mov a,r2
 156  01C8  008B        	mov bp,a
 156  01C9  0700     E  	mov a,r3
 156  01CA  008A        	mov status,a
 156  01CB  0700     E  	mov a,r4
 156  01CC  0083        	mov mp,a
 156  01CD  0700     E  	mov a,r5
 156  01CE  0084        	mov sbp,a
 156  01CF  0700     E  	mov a,r6
 156  01D0  0087        	mov tblp,a
 156  01D1  0700     E  	mov a,r7
 156  01D2  0089        	mov tbhp,a
 156  01D3  1D05        	tabrdc acc
 156  01D4  0700     E  	mov a,r1
 156  01D5  0004        	reti
 156  01D6              _ISR_STM endp
 156  01D6              
 156  01D6              #line 156 "C:\Users\YVTC\Desktop\單晶片微控制器(一)\0508\5-5-1Modify.c"
 156  01D6              #pragma debug scope 1 1
 156  01D6              public _PAUSE
 156  01D6              #pragma debug scope 4 1
 159  01D6              #line 159 "C:\Users\YVTC\Desktop\單晶片微控制器(一)\0508\5-5-1Modify.c"
 159  0000              _PAUSE .section 'code'
 159  0000              _PAUSE proc
 159  0000  00              local _PAUSE_2 db 1 dup(?)	; 0,1
 159  0000  0080     R  	mov _PAUSE_2[0],a
 159  0001              #pragma debug variable 8 4 _PAUSE_2+0 "i"
 160  0001              #line 160 "C:\Users\YVTC\Desktop\單晶片微控制器(一)\0508\5-5-1Modify.c"
 160  0001  1F00     E  	clr ra
 160  0002  2800     R  	jmp _L72
 160  0003              _L73:
 160  0003              #line 160 "C:\Users\YVTC\Desktop\單晶片微控制器(一)\0508\5-5-1Modify.c"
 160  0003              ;# 160 "C:\Users\YVTC\Desktop\單晶片微控制器(一)\0508\5-5-1Modify.c" 1
 160  0003              	IF 20000>263690
 160  0003              ;# 160 "C:\Users\YVTC\Desktop\單晶片微控制器(一)\0508\5-5-1Modify.c" 1
 160  0003              	ERRMESSAGE 'the value 20000of the argument exceeds the maxinum 263690'
 160  0003              	ENDIF
 160  0003              ;# 160 "C:\Users\YVTC\Desktop\單晶片微控制器(一)\0508\5-5-1Modify.c" 1
 160  0003              	IF 20000<0
 160  0003              ;# 160 "C:\Users\YVTC\Desktop\單晶片微控制器(一)\0508\5-5-1Modify.c" 1
 160  0003              	ERRMESSAGE 'the value 20000 of the argument exceeds the mininum 0'
 160  0003              	ENDIF
 160  0003              ;# 160 "C:\Users\YVTC\Desktop\單晶片微控制器(一)\0508\5-5-1Modify.c" 1
 160  0003              	IF 20000==0
 160  0003              ;# 160 "C:\Users\YVTC\Desktop\單晶片微控制器(一)\0508\5-5-1Modify.c" 1
 160  0003              	JMP $
 160  0003              	ENDIF
 160  0003              ;# 160 "C:\Users\YVTC\Desktop\單晶片微控制器(一)\0508\5-5-1Modify.c" 1
 160  0003              	IF (20000>=1) AND (20000<( 4 + __PBP__ * 2))
"File: 5-5-1Modify.c  Assembler  Version HGASM0202      Page 11

 160  0003              ;# 160 "C:\Users\YVTC\Desktop\單晶片微控制器(一)\0508\5-5-1Modify.c" 1
 160  0003              	NOP
 160  0003              	ENDIF
 160  0003              ;# 160 "C:\Users\YVTC\Desktop\單晶片微控制器(一)\0508\5-5-1Modify.c" 1
 160  0003              	IF (20000>=2) AND (20000<( 4 + __PBP__ * 2))
 160  0003              ;# 160 "C:\Users\YVTC\Desktop\單晶片微控制器(一)\0508\5-5-1Modify.c" 1
 160  0003              	NOP
 160  0003              	ENDIF
 160  0003              ;# 160 "C:\Users\YVTC\Desktop\單晶片微控制器(一)\0508\5-5-1Modify.c" 1
 160  0003              	IF (20000>=3) AND (20000<( 4 + __PBP__ * 2))
 160  0003              ;# 160 "C:\Users\YVTC\Desktop\單晶片微控制器(一)\0508\5-5-1Modify.c" 1
 160  0003              	NOP
 160  0003              	ENDIF
 160  0003              ;# 160 "C:\Users\YVTC\Desktop\單晶片微控制器(一)\0508\5-5-1Modify.c" 1
 160  0003              	IF (20000>=4) AND (20000<( 4 + __PBP__ * 2)) AND ( __PBP__ > 0 )
 160  0003              ;# 160 "C:\Users\YVTC\Desktop\單晶片微控制器(一)\0508\5-5-1Modify.c" 1
 160  0003              	NOP
 160  0003              	ENDIF
 160  0003              ;# 160 "C:\Users\YVTC\Desktop\單晶片微控制器(一)\0508\5-5-1Modify.c" 1
 160  0003              	IF (20000>=5) AND (20000<( 4 + __PBP__ * 2)) AND ( __PBP__ > 0 )
 160  0003              ;# 160 "C:\Users\YVTC\Desktop\單晶片微控制器(一)\0508\5-5-1Modify.c" 1
 160  0003              	NOP
 160  0003              	ENDIF
 160  0003              ;# 160 "C:\Users\YVTC\Desktop\單晶片微控制器(一)\0508\5-5-1Modify.c" 1
 160  0003              	IF (20000>=6) AND (20000<( 4 + __PBP__ * 2))  AND ( __PBP__ > 1 )
 160  0003              ;# 160 "C:\Users\YVTC\Desktop\單晶片微控制器(一)\0508\5-5-1Modify.c" 1
 160  0003              	NOP
 160  0003              	ENDIF
 160  0003              ;# 160 "C:\Users\YVTC\Desktop\單晶片微控制器(一)\0508\5-5-1Modify.c" 1
 160  0003              	IF (20000>=7) AND (20000<( 4 + __PBP__ * 2))  AND ( __PBP__ > 1 )
 160  0003              ;# 160 "C:\Users\YVTC\Desktop\單晶片微控制器(一)\0508\5-5-1Modify.c" 1
 160  0003              	NOP
 160  0003              	ENDIF
 160  0003              ;# 160 "C:\Users\YVTC\Desktop\單晶片微控制器(一)\0508\5-5-1Modify.c" 1
 160  0003              	IF (20000>=8) AND (20000<( 4 + __PBP__ * 2))  AND ( __PBP__ > 2 )
 160  0003              ;# 160 "C:\Users\YVTC\Desktop\單晶片微控制器(一)\0508\5-5-1Modify.c" 1
 160  0003              	NOP
 160  0003              	ENDIF
 160  0003              ;# 160 "C:\Users\YVTC\Desktop\單晶片微控制器(一)\0508\5-5-1Modify.c" 1
 160  0003              	IF (20000==9)  AND ( __PBP__ > 2 )
 160  0003              ;# 160 "C:\Users\YVTC\Desktop\單晶片微控制器(一)\0508\5-5-1Modify.c" 1
 160  0003              	NOP
 160  0003              	ENDIF
 160  0003              ;# 160 "C:\Users\YVTC\Desktop\單晶片微控制器(一)\0508\5-5-1Modify.c" 1
 160  0003              	IF (20000< ( 8 + __PBP__ * 2)) AND (20000>( 3 + __PBP__ * 2))
 160  0003              ;# 160 "C:\Users\YVTC\Desktop\單晶片微控制器(一)\0508\5-5-1Modify.c" 1
 160  0003              	fcall __DELAY3 + ( 7 + __PBP__ * 2) -20000
 160  0003              	ENDIF
 160  0003              ;# 160 "C:\Users\YVTC\Desktop\單晶片微控制器(一)\0508\5-5-1Modify.c" 1
 160  0003              	IF (20000< ( 0404h + __PBP__ * 2)) AND (20000>( 7 + __PBP__ * 2))
 160  0003              ;# 160 "C:\Users\YVTC\Desktop\單晶片微控制器(一)\0508\5-5-1Modify.c" 1
 160  0003              	MOV A,(20000-( 4 + __PBP__ * 2))/4
 160  0003              ;# 160 "C:\Users\YVTC\Desktop\單晶片微控制器(一)\0508\5-5-1Modify.c" 1
 160  0003              	fcall __DELAYX3 + 3 -((20000-( 4 + __PBP__ * 2)) MOD 4) 
 160  0003              	ENDIF
 160  0003              ;# 160 "C:\Users\YVTC\Desktop\單晶片微控制器(一)\0508\5-5-1Modify.c" 1
 160  0003              	IF (20000< ( 040bh + __PBP__ * 2)) AND (20000> ( 0403h + __PBP__ * 2))
 160  0003              ;# 160 "C:\Users\YVTC\Desktop\單晶片微控制器(一)\0508\5-5-1Modify.c" 1
 160  0003              	MOV A,0 
 160  0003              ;# 160 "C:\Users\YVTC\Desktop\單晶片微控制器(一)\0508\5-5-1Modify.c" 1
"File: 5-5-1Modify.c  Assembler  Version HGASM0202      Page 12

 160  0003              	fcall __DELAYX6 + ( 040ah + __PBP__ * 2) -20000
 160  0003              	ENDIF
 160  0003              ;# 160 "C:\Users\YVTC\Desktop\單晶片微控制器(一)\0508\5-5-1Modify.c" 1
 160  0003              	IF (20000 >= ( 040bh + __PBP__ * 2)) AND ((((20000-( 9 + __PBP__ * 2))%0402h)/4+1)>256)
 160  0003              ;# 160 "C:\Users\YVTC\Desktop\單晶片微控制器(一)\0508\5-5-1Modify.c" 1
 160  0003              	MOV A,(20000-( 9 + __PBP__ * 2))/0402h
 160  0003              ;# 160 "C:\Users\YVTC\Desktop\單晶片微控制器(一)\0508\5-5-1Modify.c" 1
 160  0003              	MOV _builtin_holtek_delay_2,A
 160  0003              ;# 160 "C:\Users\YVTC\Desktop\單晶片微控制器(一)\0508\5-5-1Modify.c" 1
 160  0003              	MOV A,0
 160  0003              ;# 160 "C:\Users\YVTC\Desktop\單晶片微控制器(一)\0508\5-5-1Modify.c" 1
 160  0003              	fcall __DELAYY5 +5- (((20000-( 9 + __PBP__ * 2))%0402h)%6) 
 160  0003              	ENDIF
 160  0003              ;# 160 "C:\Users\YVTC\Desktop\單晶片微控制器(一)\0508\5-5-1Modify.c" 1
 160  0003              	IF (20000 >= ( 040bh + __PBP__ * 2)) AND ((((20000-( 9 + __PBP__ * 2))%0402h)/4+1)<=256)
 160  0003              ;# 160 "C:\Users\YVTC\Desktop\單晶片微控制器(一)\0508\5-5-1Modify.c" 1
 160  0003  0F13        	MOV A,(20000-( 9 + __PBP__ * 2))/0402h
 160  0004              ;# 160 "C:\Users\YVTC\Desktop\單晶片微控制器(一)\0508\5-5-1Modify.c" 1
 160  0004  0080     E  	MOV _builtin_holtek_delay_2,A
 160  0005              ;# 160 "C:\Users\YVTC\Desktop\單晶片微控制器(一)\0508\5-5-1Modify.c" 1
 160  0005  0F7C        	MOV A,((20000-( 9 + __PBP__ * 2))%0402h)/4+1
 160  0006              ;# 160 "C:\Users\YVTC\Desktop\單晶片微控制器(一)\0508\5-5-1Modify.c" 1
 160  0006              	fcall __DELAYY3 +3-(((20000-( 9 + __PBP__ * 2))%0402h)%4) 
 160  000D              	ENDIF
 160  000D  1480     E  	inc ra
 160  000E              _L72:
 160  000E  0700     E  	mov a,ra
 160  000F  0200     R  	sub a,_PAUSE_2[0]
 160  0010  390A        	snz z
 160  0011  2800     R  	jmp _L73
 160  0012  0003        	ret
 160  0013              _PAUSE endp
 160  0013              #line 160 "C:\Users\YVTC\Desktop\單晶片微控制器(一)\0508\5-5-1Modify.c"
 160  0013              #pragma debug scope 1 1
 160  0013              ___wdtc equ [62]
 160  0013              ___pec equ [35]
 160  0013              ___pcc equ [27]
 160  0013              ___pepu equ [33]
 160  0013              ___pdc equ [31]
 160  0013              ___scomc equ [127]
 160  0013              ___intc1 equ [49]
 160  0013              ___tm0c0 equ [94]
 160  0013              ___tm0c1 equ [95]
 160  0013              ___pcs2 equ [362]
 160  0013              ___tm2c0 equ [81]
 160  0013              ___tm2c1 equ [82]
 160  0013              ___tm2al equ [85]
 160  0013              ___tm2ah equ [86]
 160  0013              ___intc0 equ [48]
 160  0013              ___tm0al equ [98]
 160  0013              ___tm0ah equ [99]
 160  0013              public _main
 160  0013              #pragma debug scope 5 1
  22  0013              #line 22 "C:\Users\YVTC\Desktop\單晶片微控制器(一)\0508\5-5-1Modify.c"
  22  0013              IFDEF WITH_DEFAULT_STARTUP
  22  0013              extern _main_initial0:near
  22  0013              extern _main_startup:near
  22  0013              ENDIF
  22  0013              
  22  0013              ROMBANK 0 @start
"File: 5-5-1Modify.c  Assembler  Version HGASM0202      Page 13

  22  0000              @start .section com_l 'code'
  22  0000              _main_startup1:
  22  0000              @start .section com_e 'code'
  22  0000  0F00     R  	mov a,bank _main
  22  0001  008B        	mov bp,a
  22  0002  2800     R  	jmp _main
  22  0003              
  22  0000              _main .section 'code'
  22  0000              _main proc
  22  0000  00              local _main_2 db 1 dup(?)
  23  0001              #line 23 "C:\Users\YVTC\Desktop\單晶片微控制器(一)\0508\5-5-1Modify.c"
  23  0000  0FAF        	mov a,175
  23  0001  00BE        	mov [62],a
  24  0002              #line 24 "C:\Users\YVTC\Desktop\單晶片微控制器(一)\0508\5-5-1Modify.c"
  24  0002  3123        	set [35].2
  24  0003  31A3        	set [35].3
  24  0004  369B        	clr [27].5
  25  0005              #line 25 "C:\Users\YVTC\Desktop\單晶片微控制器(一)\0508\5-5-1Modify.c"
  25  0005  3121        	set [33].2
  25  0006  31A1        	set [33].3
  25  0007  369A        	clr [26].5
  26  0008              #line 26 "C:\Users\YVTC\Desktop\單晶片微控制器(一)\0508\5-5-1Modify.c"
  26  0008  1F1F        	clr [31]
  26  0009  3423        	clr [35].0
  27  000A              #line 27 "C:\Users\YVTC\Desktop\單晶片微控制器(一)\0508\5-5-1Modify.c"
  27  000A  341B        	clr [27].0
  27  000B  349B        	clr [27].1
  27  000C  371B        	clr [27].6
  27  000D  379B        	clr [27].7
  28  000E              #line 28 "C:\Users\YVTC\Desktop\單晶片微控制器(一)\0508\5-5-1Modify.c"
  28  000E  0F7F        	mov a,127
  28  000F  00FF        	mov [127],a
  29  0010              #line 29 "C:\Users\YVTC\Desktop\單晶片微控制器(一)\0508\5-5-1Modify.c"
  29  0010  30B1        	set [49].1
  29  0011  31B4        	set [52].3
  30  0012              #line 30 "C:\Users\YVTC\Desktop\單晶片微控制器(一)\0508\5-5-1Modify.c"
  30  0012  1F5E        	clr [94]
  30  0013  0F31        	mov a,49
  30  0014  00DF        	mov [95],a
  30  0015  0F20        	mov a,32
  30  0016  80EA 0001   	lmov [362],a
  31  0018              #line 31 "C:\Users\YVTC\Desktop\單晶片微控制器(一)\0508\5-5-1Modify.c"
  31  0018  1F51        	clr [81]
  31  0019  0FC1        	mov a,193
  31  001A  00D2        	mov [82],a
  32  001B              #line 32 "C:\Users\YVTC\Desktop\單晶片微控制器(一)\0508\5-5-1Modify.c"
  32  001B  0F40        	mov a,64
  32  001C  00D5        	mov [85],a
  32  001D  0F1F        	mov a,31
  32  001E  00D6        	mov [86],a
  33  001F              #line 33 "C:\Users\YVTC\Desktop\單晶片微控制器(一)\0508\5-5-1Modify.c"
  33  001F  37B4        	clr [52].7
  33  0020  36B1        	clr [49].5
  33  0021  3030        	set [48].0
  34  0022              #line 34 "C:\Users\YVTC\Desktop\單晶片微控制器(一)\0508\5-5-1Modify.c"
  34  0022  1F00     R  	clr _FG_HalfSec[0]
  34  0023  1F00     R  	clr _FG_Second[0]
  35  0024              #line 35 "C:\Users\YVTC\Desktop\單晶片微控制器(一)\0508\5-5-1Modify.c"
  35  0024  1F00     R  	clr _FG_Adj[0]
  36  0025              #line 36 "C:\Users\YVTC\Desktop\單晶片微控制器(一)\0508\5-5-1Modify.c"
"File: 5-5-1Modify.c  Assembler  Version HGASM0202      Page 14

  36  0025  1F00     R  	clr _Second[0]
  36  0026  0F7D        	mov a,125
  36  0027  0080     R  	mov _SecCounter[0],a
  36  0028  1F00     R  	clr _PhaseCount[0]
  37  0029              #line 37 "C:\Users\YVTC\Desktop\單晶片微控制器(一)\0508\5-5-1Modify.c"
  37  0029  1F00     R  	clr _Time[1]
  37  002A  1F00     R  	clr _Time[0]
  38  002B              #line 38 "C:\Users\YVTC\Desktop\單晶片微控制器(一)\0508\5-5-1Modify.c"
  38  002B  1F00     R  	clr _Alarm[1]
  38  002C  0F0C        	mov a,12
  38  002D  0080     R  	mov _Alarm[0],a
  39  002E              #line 39 "C:\Users\YVTC\Desktop\單晶片微控制器(一)\0508\5-5-1Modify.c"
  39  002E  1F00     R  	clr _DisBuffer[0]
  39  002F  1F00     R  	clr _DisBuffer[1]
  39  0030  1F00     R  	clr _DisBuffer[2]
  39  0031  1F00     R  	clr _DisBuffer[3]
  39  0032  1F00     R  	clr _DisBuffer[4]
  40  0033              #line 40 "C:\Users\YVTC\Desktop\單晶片微控制器(一)\0508\5-5-1Modify.c"
  40  0033  1F00     R  	clr _Digit[0]
  40  0034  1F00     R  	clr _Digit[1]
  40  0035  1F00     R  	clr _Digit[2]
  40  0036  1F00     R  	clr _Digit[3]
  41  0037              #line 41 "C:\Users\YVTC\Desktop\單晶片微控制器(一)\0508\5-5-1Modify.c"
  41  0037  0F08        	mov a,8
  41  0038  0080     R  	mov _DisBuffer[4],a
  42  0039              #line 42 "C:\Users\YVTC\Desktop\單晶片微控制器(一)\0508\5-5-1Modify.c"
  42  0039  0F00     R  	mov a,low offset _Time
  42  003A  0080     R  	mov _ptr[0],a
  42  003B  0F00     R  	mov a,high offset _Time
  42  003C  0080     R  	mov _ptr[1],a
  42  003D  31D1        	set [81].3
  42  003E              _L75:
  44  003E              #line 44 "C:\Users\YVTC\Desktop\單晶片微控制器(一)\0508\5-5-1Modify.c"
  44  003E  1F00     E  	clr ra
  44  003F  3D22        	sz [34].2
  44  0040  1480     E  	inc ra
  44  0041  1F00     E  	clr rb
  44  0042  3DA2        	sz [34].3
  44  0043  1480     E  	inc rb
  44  0044  0700     E  	mov a,rb
  44  0045  0580     E  	orm a,ra
  44  0046  1080     E  	sz ra
  44  0047  2800     R  	jmp _L76
  45  0048              #line 45 "C:\Users\YVTC\Desktop\單晶片微控制器(一)\0508\5-5-1Modify.c"
  45  0048  0F01        	mov a,1
  45  0049  0080     R  	mov _FG_Adj[0],a
  45  004A  1F00     R  	clr _FG_State[0]
  45  004B  1F00     R  	clr _FG_Alarm[0]
  46  004C              #line 46 "C:\Users\YVTC\Desktop\單晶片微控制器(一)\0508\5-5-1Modify.c"
  46  004C  0F14        	mov a,20
  46  004D              	fcall _PAUSE
  46  0054              _L79:
  47  0054              #line 47 "C:\Users\YVTC\Desktop\單晶片微控制器(一)\0508\5-5-1Modify.c"
  47  0054  1F00     E  	clr ra
  47  0055  3D22        	sz [34].2
  47  0056  1480     E  	inc ra
  47  0057  1F00     E  	clr rb
  47  0058  3DA2        	sz [34].3
  47  0059  1480     E  	inc rb
  47  005A  0700     E  	mov a,rb
"File: 5-5-1Modify.c  Assembler  Version HGASM0202      Page 15

  47  005B  0680     E  	andm a,ra
  47  005C  1E00     E  	snz ra
  47  005D  2800     R  	jmp _L79
  47  005E              _L81:
  48  005E              #line 48 "C:\Users\YVTC\Desktop\單晶片微控制器(一)\0508\5-5-1Modify.c"
  48  005E  39A2        	snz [34].3
  48  005F  2800     R  	jmp _L110
  49  0060              #line 49 "C:\Users\YVTC\Desktop\單晶片微控制器(一)\0508\5-5-1Modify.c"
  49  0060  3D22        	sz [34].2
  49  0061  2800     R  	jmp _L81
  50  0062              #line 50 "C:\Users\YVTC\Desktop\單晶片微控制器(一)\0508\5-5-1Modify.c"
  50  0062  0F01        	mov a,1
  50  0063  0480     R  	xorm a,_FG_Alarm[0]
  51  0064              #line 51 "C:\Users\YVTC\Desktop\單晶片微控制器(一)\0508\5-5-1Modify.c"
  51  0064  1E00     R  	snz _FG_Alarm[0]
  51  0065  2800     R  	jmp _L82
  51  0066  0F00     R  	mov a,low offset _Alarm
  51  0067  0080     R  	mov _ptr[0],a
  51  0068  0F00     R  	mov a,high offset _Alarm
  51  0069  0080     R  	mov _ptr[1],a
  51  006A  2800     R  	jmp _L83
  51  006B              _L82:
  52  006B              #line 52 "C:\Users\YVTC\Desktop\單晶片微控制器(一)\0508\5-5-1Modify.c"
  52  006B  0F00     R  	mov a,low offset _Time
  52  006C  0080     R  	mov _ptr[0],a
  52  006D  0F00     R  	mov a,high offset _Time
  52  006E  0080     R  	mov _ptr[1],a
  52  006F              _L83:
  53  006F              #line 53 "C:\Users\YVTC\Desktop\單晶片微控制器(一)\0508\5-5-1Modify.c"
  53  006F  0F19        	mov a,25
  53  0070              	fcall _PAUSE
  53  0077  2800     R  	jmp _L81
  53  0078              _L110:
  56  0078              #line 56 "C:\Users\YVTC\Desktop\單晶片微控制器(一)\0508\5-5-1Modify.c"
  56  0078  1F00     R  	clr _FG_Select[0]
  56  0079  0F01        	mov a,1
  56  007A  0080     R  	mov _FG_State[0],a
  56  007B  0F0A        	mov a,10
  56  007C              	fcall _PAUSE
  56  0083              _L86:
  57  0083              #line 57 "C:\Users\YVTC\Desktop\單晶片微控制器(一)\0508\5-5-1Modify.c"
  57  0083  39A2        	snz [34].3
  57  0084  2800     R  	jmp _L86
  57  0085  0F0A        	mov a,10
  57  0086              _L108:
  61  0086              #line 61 "C:\Users\YVTC\Desktop\單晶片微控制器(一)\0508\5-5-1Modify.c"
  61  0086              	fcall _PAUSE
  61  008D              _L89:
  58  008D              #line 58 "C:\Users\YVTC\Desktop\單晶片微控制器(一)\0508\5-5-1Modify.c"
  58  008D  39A2        	snz [34].3
  58  008E  2800     R  	jmp _L111
  59  008F              #line 59 "C:\Users\YVTC\Desktop\單晶片微控制器(一)\0508\5-5-1Modify.c"
  59  008F  3D22        	sz [34].2
  59  0090  2800     R  	jmp _L89
  60  0091              #line 60 "C:\Users\YVTC\Desktop\單晶片微控制器(一)\0508\5-5-1Modify.c"
  60  0091  0700     R  	mov a,_ptr[0]
  60  0092  0083        	mov mp,a
  60  0093  0700     R  	mov a,_ptr[1]
  60  0094  0084        	mov sbp,a
  60  0095              	fcall _Crom2Prom
"File: 5-5-1Modify.c  Assembler  Version HGASM0202      Page 16

  60  009C  0080     R  	mov _main_2[0],a
  60  009D  1400     R  	inca _main_2[0]
  60  009E  0080     E  	mov ra,a
  60  009F  0F17        	mov a,23
  60  00A0  0200     E  	sub a,ra
  60  00A1  380A        	snz c
  60  00A2  2800     R  	jmp _L90
  60  00A3  0700     E  	mov a,ra
  60  00A4  0082        	mov ir,a
  60  00A5  2800     R  	jmp _L91
  60  00A6              _L90:
  60  00A6  0F00        	mov a,0
  60  00A7  0082        	mov ir,a
  60  00A8              _L91:
  61  00A8              #line 61 "C:\Users\YVTC\Desktop\單晶片微控制器(一)\0508\5-5-1Modify.c"
  61  00A8  0F28        	mov a,40
  61  00A9  2800     R  	jmp _L108
  61  00AA              _L111:
  64  00AA              #line 64 "C:\Users\YVTC\Desktop\單晶片微控制器(一)\0508\5-5-1Modify.c"
  64  00AA  0F01        	mov a,1
  64  00AB  0080     R  	mov _FG_Select[0],a
  65  00AC              #line 65 "C:\Users\YVTC\Desktop\單晶片微控制器(一)\0508\5-5-1Modify.c"
  65  00AC  0F0A        	mov a,10
  65  00AD              	fcall _PAUSE
  65  00B4              _L94:
  65  00B4  39A2        	snz [34].3
  65  00B5  2800     R  	jmp _L94
  65  00B6  0F0A        	mov a,10
  65  00B7              _L109:
  69  00B7              #line 69 "C:\Users\YVTC\Desktop\單晶片微控制器(一)\0508\5-5-1Modify.c"
  69  00B7              	fcall _PAUSE
  69  00BE              _L97:
  66  00BE              #line 66 "C:\Users\YVTC\Desktop\單晶片微控制器(一)\0508\5-5-1Modify.c"
  66  00BE  39A2        	snz [34].3
  66  00BF  2800     R  	jmp _L112
  67  00C0              #line 67 "C:\Users\YVTC\Desktop\單晶片微控制器(一)\0508\5-5-1Modify.c"
  67  00C0  3D22        	sz [34].2
  67  00C1  2800     R  	jmp _L97
  68  00C2              #line 68 "C:\Users\YVTC\Desktop\單晶片微控制器(一)\0508\5-5-1Modify.c"
  68  00C2  0F01        	mov a,1
  68  00C3  0300     R  	add a,_ptr[0]
  68  00C4  0083        	mov mp,a
  68  00C5  0F00        	mov a,0
  68  00C6  1300     R  	adc a,_ptr[1]
  68  00C7  0084        	mov sbp,a
  68  00C8              	fcall _Crom2Prom
  68  00CF  0080     R  	mov _main_2[0],a
  68  00D0  1400     R  	inca _main_2[0]
  68  00D1  0080     E  	mov ra,a
  68  00D2  0F3B        	mov a,59
  68  00D3  0200     E  	sub a,ra
  68  00D4  380A        	snz c
  68  00D5  2800     R  	jmp _L98
  68  00D6  0700     E  	mov a,ra
  68  00D7  0082        	mov ir,a
  68  00D8  2800     R  	jmp _L99
  68  00D9              _L98:
  68  00D9  0F00        	mov a,0
  68  00DA  0082        	mov ir,a
  68  00DB              _L99:
"File: 5-5-1Modify.c  Assembler  Version HGASM0202      Page 17

  69  00DB              #line 69 "C:\Users\YVTC\Desktop\單晶片微控制器(一)\0508\5-5-1Modify.c"
  69  00DB  0F14        	mov a,20
  69  00DC  2800     R  	jmp _L109
  69  00DD              _L112:
  72  00DD              #line 72 "C:\Users\YVTC\Desktop\單晶片微控制器(一)\0508\5-5-1Modify.c"
  72  00DD  0F19        	mov a,25
  72  00DE              	fcall _PAUSE
  73  00E5              #line 73 "C:\Users\YVTC\Desktop\單晶片微控制器(一)\0508\5-5-1Modify.c"
  73  00E5  0F00     R  	mov a,low offset _Time
  73  00E6  0080     R  	mov _ptr[0],a
  73  00E7  0F00     R  	mov a,high offset _Time
  73  00E8  0080     R  	mov _ptr[1],a
  73  00E9  1F00     R  	clr _FG_Adj[0]
  73  00EA  1F00     R  	clr _FG_Alarm[0]
  73  00EB              _L76:
  75  00EB              #line 75 "C:\Users\YVTC\Desktop\單晶片微控制器(一)\0508\5-5-1Modify.c"
  75  00EB  0700     R  	mov a,_Time[0]
  75  00EC  0200     R  	sub a,_Alarm[0]
  75  00ED  390A        	snz z
  75  00EE  2800     R  	jmp _L101
  75  00EF  0700     R  	mov a,_Time[1]
  75  00F0  0200     R  	sub a,_Alarm[1]
  75  00F1  390A        	snz z
  75  00F2  2800     R  	jmp _L101
  75  00F3              _L104:
  76  00F3              #line 76 "C:\Users\YVTC\Desktop\單晶片微控制器(一)\0508\5-5-1Modify.c"
  76  00F3  1E00     R  	snz _FG_OK[0]
  76  00F4  2800     R  	jmp _L75
  77  00F5              #line 77 "C:\Users\YVTC\Desktop\單晶片微控制器(一)\0508\5-5-1Modify.c"
  77  00F5  0FF4        	mov a,244
  77  00F6  00E2        	mov [98],a
  77  00F7  0F01        	mov a,1
  77  00F8  00E3        	mov [99],a
  78  00F9              #line 78 "C:\Users\YVTC\Desktop\單晶片微控制器(一)\0508\5-5-1Modify.c"
  78  00F9  31DE        	set [94].3
  78  00FA  0F0A        	mov a,10
  78  00FB              	fcall _PAUSE
  78  0102  35DE        	clr [94].3
  79  0103              #line 79 "C:\Users\YVTC\Desktop\單晶片微控制器(一)\0508\5-5-1Modify.c"
  79  0103  0FE8        	mov a,232
  79  0104  00E2        	mov [98],a
  79  0105  0F03        	mov a,3
  79  0106  00E3        	mov [99],a
  80  0107              #line 80 "C:\Users\YVTC\Desktop\單晶片微控制器(一)\0508\5-5-1Modify.c"
  80  0107  31DE        	set [94].3
  80  0108  0F0A        	mov a,10
  80  0109              	fcall _PAUSE
  80  0110  35DE        	clr [94].3
  81  0111              #line 81 "C:\Users\YVTC\Desktop\單晶片微控制器(一)\0508\5-5-1Modify.c"
  81  0111  1F00     E  	clr ra
  81  0112  3D22        	sz [34].2
  81  0113  1480     E  	inc ra
  81  0114  1F00     E  	clr rb
  81  0115  3DA2        	sz [34].3
  81  0116  1480     E  	inc rb
  81  0117  0700     E  	mov a,rb
  81  0118  0680     E  	andm a,ra
  81  0119  1080     E  	sz ra
  81  011A  2800     R  	jmp _L104
  81  011B  1F00     R  	clr _FG_OK[0]
"File: 5-5-1Modify.c  Assembler  Version HGASM0202      Page 18

  81  011C  2800     R  	jmp _L104
  81  011D              _L101:
  85  011D              #line 85 "C:\Users\YVTC\Desktop\單晶片微控制器(一)\0508\5-5-1Modify.c"
  85  011D  0F01        	mov a,1
  85  011E  0080     R  	mov _FG_OK[0],a
  85  011F  2800     R  	jmp _L75
  85  0120  2800     R  	jmp $
  85  0121              _main endp
  85  0121              
  85  0121              @dummy endp
  85  0121              
  85  0121              #line 85 "C:\Users\YVTC\Desktop\單晶片微控制器(一)\0508\5-5-1Modify.c"
  85  0121              #pragma debug scope 1 1
  19  0121              #line 19 "C:\Users\YVTC\Desktop\單晶片微控制器(一)\0508\5-5-1Modify.c"
  19  0121              public _ptr
  19  0000              @HCCINIT0_ptr .section 'data'
  19  0000  0002[       _ptr	db 2 dup(0)
            00
            ]
  19  0002              #pragma debug struct_end
  19  0002              #pragma debug struct_end
  19  0002              #pragma debug pointer 43 42 1
  19  0002              #pragma debug pointer 43 42 1
  19  0002              #pragma debug variable 43 1 _ptr "ptr"
  19  0002              
  19  0000              @HCCINIT .section 'data'
  18  0000              #line 18 "C:\Users\YVTC\Desktop\單晶片微控制器(一)\0508\5-5-1Modify.c"
  18  0000              public _Alarm
  18  0000              @HCCINIT0_Alarm .section 'data'
  18  0000  0002[       _Alarm	db 2 dup(0)
            00
            ]
  18  0002              #pragma debug variable 42 1 _Alarm "Alarm"
  18  0002              
  18  0000              @HCCINIT .section 'data'
  18  0000              #line 18 "C:\Users\YVTC\Desktop\單晶片微控制器(一)\0508\5-5-1Modify.c"
  18  0000              public _Time
  18  0000              @HCCINIT0_Time .section 'data'
  18  0000  0002[       _Time	db 2 dup(0)
            00
            ]
  18  0002              #pragma debug variable 42 1 _Time "Time"
  18  0002              
  18  0000              @HCCINIT .section 'data'
  14  0000              #line 14 "C:\Users\YVTC\Desktop\單晶片微控制器(一)\0508\5-5-1Modify.c"
  14  0000              public _FG_OK
  14  0000              @HCCINIT0_FG_OK .section 'data'
  14  0000              _FG_OK	db 0
  14  0001              #pragma debug variable 8 1 _FG_OK "FG_OK"
  14  0001              
  14  0000              @HCCINIT .section 'data'
  14  0000              #line 14 "C:\Users\YVTC\Desktop\單晶片微控制器(一)\0508\5-5-1Modify.c"
  14  0000              public _FG_State
  14  0000              @HCCINIT0_FG_State .section 'data'
  14  0000              _FG_State	db 0
  14  0001              #pragma debug variable 8 1 _FG_State "FG_State"
  14  0001              
  14  0000              @HCCINIT .section 'data'
  14  0000              #line 14 "C:\Users\YVTC\Desktop\單晶片微控制器(一)\0508\5-5-1Modify.c"
  14  0000              public _FG_Select
"File: 5-5-1Modify.c  Assembler  Version HGASM0202      Page 19

  14  0000              @HCCINIT0_FG_Select .section 'data'
  14  0000              _FG_Select	db 0
  14  0001              #pragma debug variable 8 1 _FG_Select "FG_Select"
  14  0001              
  14  0000              @HCCINIT .section 'data'
  14  0000              #line 14 "C:\Users\YVTC\Desktop\單晶片微控制器(一)\0508\5-5-1Modify.c"
  14  0000              public _FG_Alarm
  14  0000              @HCCINIT0_FG_Alarm .section 'data'
  14  0000              _FG_Alarm	db 0
  14  0001              #pragma debug variable 8 1 _FG_Alarm "FG_Alarm"
  14  0001              
  14  0000              @HCCINIT .section 'data'
  14  0000              #line 14 "C:\Users\YVTC\Desktop\單晶片微控制器(一)\0508\5-5-1Modify.c"
  14  0000              public _FG_Adj
  14  0000              @HCCINIT0_FG_Adj .section 'data'
  14  0000              _FG_Adj	db 0
  14  0001              #pragma debug variable 8 1 _FG_Adj "FG_Adj"
  14  0001              
  14  0000              @HCCINIT .section 'data'
  14  0000              #line 14 "C:\Users\YVTC\Desktop\單晶片微控制器(一)\0508\5-5-1Modify.c"
  14  0000              public _FG_Second
  14  0000              @HCCINIT0_FG_Second .section 'data'
  14  0000              _FG_Second	db 0
  14  0001              #pragma debug variable 8 1 _FG_Second "FG_Second"
  14  0001              
  14  0000              @HCCINIT .section 'data'
  14  0000              #line 14 "C:\Users\YVTC\Desktop\單晶片微控制器(一)\0508\5-5-1Modify.c"
  14  0000              public _FG_HalfSec
  14  0000              @HCCINIT0_FG_HalfSec .section 'data'
  14  0000              _FG_HalfSec	db 0
  14  0001              #pragma debug variable 8 1 _FG_HalfSec "FG_HalfSec"
  14  0001              
  14  0000              @HCCINIT .section 'data'
  13  0000              #line 13 "C:\Users\YVTC\Desktop\單晶片微控制器(一)\0508\5-5-1Modify.c"
  13  0000              public _Second
  13  0000              @HCCINIT0_Second .section 'data'
  13  0000              _Second	db 0
  13  0001              #pragma debug variable 8 1 _Second "Second"
  13  0001              
  13  0000              @HCCINIT .section 'data'
  12  0000              #line 12 "C:\Users\YVTC\Desktop\單晶片微控制器(一)\0508\5-5-1Modify.c"
  12  0000              public _SecCounter
  12  0000              @HCCINIT0_SecCounter .section 'data'
  12  0000              _SecCounter	db 0
  12  0001              #pragma debug variable 8 1 _SecCounter "SecCounter"
  12  0001              
  12  0000              @HCCINIT .section 'data'
  12  0000              #line 12 "C:\Users\YVTC\Desktop\單晶片微控制器(一)\0508\5-5-1Modify.c"
  12  0000              public _PhaseCount
  12  0000              @HCCINIT0_PhaseCount .section 'data'
  12  0000              _PhaseCount	db 0
  12  0001              #pragma debug variable 8 1 _PhaseCount "PhaseCount"
  12  0001              
  12  0000              @HCCINIT .section 'data'
  11  0000              #line 11 "C:\Users\YVTC\Desktop\單晶片微控制器(一)\0508\5-5-1Modify.c"
  11  0000              public _Digit
  11  0000              @HCCINIT0_Digit .section 'data'
  11  0000  0004[       _Digit	db 4 dup(0)
            00
            ]
"File: 5-5-1Modify.c  Assembler  Version HGASM0202      Page 20

  11  0004              #pragma debug array 44 8 4 1
  11  0004              #pragma debug array 44 8 4 1
  11  0004              #pragma debug variable 44 1 _Digit "Digit"
  11  0004              
  11  0000              @HCCINIT .section 'data'
  11  0000              #line 11 "C:\Users\YVTC\Desktop\單晶片微控制器(一)\0508\5-5-1Modify.c"
  11  0000              public _DisBuffer
  11  0000              @HCCINIT0_DisBuffer .section 'data'
  11  0000  0005[       _DisBuffer	db 5 dup(0)
            00
            ]
  11  0005              #pragma debug array 45 8 5 1
  11  0005              #pragma debug array 45 8 5 1
  11  0005              #pragma debug variable 45 1 _DisBuffer "DisBuffer"
  11  0005              
  11  0000              @HCCINIT .section 'data'
  11  0000              public _TransSegment
  11  0000              @crom	.section 'crom'
   7  0000              #line 7 "C:\Users\YVTC\Desktop\單晶片微控制器(一)\0508\5-5-1Modify.c"
   7  0000              @crom	.section	'crom'
   7  0000              _TransSegment:
   7  0000              #pragma debug array 46 8 17 1
   7  0000              #pragma debug array 46 8 17 1
   7  0000              #pragma debug variable 46 1 _TransSegment "TransSegment"
   7  0000              	db 123
   7  0001              	db 48
   7  0001              	db 93
   7  0002              	db 117
   7  0002              	db 54
   7  0003              	db 103
   7  0003              	db 111
   7  0004              	db 49
   7  0004              	db 127
   7  0005              	db 119
   7  0005              	db 63
   7  0006              	db 110
   7  0006              	db 76
   7  0007              	db 124
   7  0007              	db 79
   7  0008              	db 15
   7  0008              	db 0
   7  0009              #pragma debug struct_end
   7  0009              #pragma debug struct_end
   7  0009              #pragma debug union_end
   7  0009              #pragma debug union_end
   7  0009              #pragma debug variable 48 1 ___pc "__pc" 1
   7  0009              #pragma debug struct_end
   7  0009              #pragma debug struct_end
   7  0009              #pragma debug union_end
   7  0009              #pragma debug union_end
   7  0009              #pragma debug variable 50 1 ___pcc "__pcc" 1
   7  0009              #pragma debug struct_end
   7  0009              #pragma debug struct_end
   7  0009              #pragma debug union_end
   7  0009              #pragma debug union_end
   7  0009              #pragma debug variable 52 1 ___pd "__pd" 1
   7  0009              #pragma debug struct_end
   7  0009              #pragma debug struct_end
   7  0009              #pragma debug union_end
   7  0009              #pragma debug union_end
"File: 5-5-1Modify.c  Assembler  Version HGASM0202      Page 21

   7  0009              #pragma debug variable 54 1 ___pdc "__pdc" 1
   7  0009              #pragma debug struct_end
   7  0009              #pragma debug struct_end
   7  0009              #pragma debug union_end
   7  0009              #pragma debug union_end
   7  0009              #pragma debug variable 56 1 ___pepu "__pepu" 1
   7  0009              #pragma debug struct_end
   7  0009              #pragma debug struct_end
   7  0009              #pragma debug union_end
   7  0009              #pragma debug union_end
   7  0009              #pragma debug variable 58 1 ___pe "__pe" 1
   7  0009              #pragma debug struct_end
   7  0009              #pragma debug struct_end
   7  0009              #pragma debug union_end
   7  0009              #pragma debug union_end
   7  0009              #pragma debug variable 60 1 ___pec "__pec" 1
   7  0009              #pragma debug struct_end
   7  0009              #pragma debug struct_end
   7  0009              #pragma debug union_end
   7  0009              #pragma debug union_end
   7  0009              #pragma debug variable 62 1 ___intc0 "__intc0" 1
   7  0009              #pragma debug struct_end
   7  0009              #pragma debug struct_end
   7  0009              #pragma debug union_end
   7  0009              #pragma debug union_end
   7  0009              #pragma debug variable 64 1 ___intc1 "__intc1" 1
   7  0009              #pragma debug struct_end
   7  0009              #pragma debug struct_end
   7  0009              #pragma debug union_end
   7  0009              #pragma debug union_end
   7  0009              #pragma debug variable 66 1 ___mfi0 "__mfi0" 1
   7  0009              #pragma debug struct_end
   7  0009              #pragma debug struct_end
   7  0009              #pragma debug union_end
   7  0009              #pragma debug union_end
   7  0009              #pragma debug variable 68 1 ___wdtc "__wdtc" 1
   7  0009              #pragma debug struct_end
   7  0009              #pragma debug struct_end
   7  0009              #pragma debug union_end
   7  0009              #pragma debug union_end
   7  0009              #pragma debug variable 70 1 ___tm2c0 "__tm2c0" 1
   7  0009              #pragma debug struct_end
   7  0009              #pragma debug struct_end
   7  0009              #pragma debug union_end
   7  0009              #pragma debug union_end
   7  0009              #pragma debug variable 72 1 ___tm2c1 "__tm2c1" 1
   7  0009              #pragma debug variable 8 1 ___tm2al "__tm2al" 1
   7  0009              #pragma debug variable 8 1 ___tm2ah "__tm2ah" 1
   7  0009              #pragma debug struct_end
   7  0009              #pragma debug struct_end
   7  0009              #pragma debug union_end
   7  0009              #pragma debug union_end
   7  0009              #pragma debug variable 74 1 ___tm0c0 "__tm0c0" 1
   7  0009              #pragma debug struct_end
   7  0009              #pragma debug struct_end
   7  0009              #pragma debug union_end
   7  0009              #pragma debug union_end
   7  0009              #pragma debug variable 76 1 ___tm0c1 "__tm0c1" 1
   7  0009              #pragma debug variable 8 1 ___tm0al "__tm0al" 1
   7  0009              #pragma debug variable 8 1 ___tm0ah "__tm0ah" 1
"File: 5-5-1Modify.c  Assembler  Version HGASM0202      Page 22

   7  0009              #pragma debug struct_end
   7  0009              #pragma debug struct_end
   7  0009              #pragma debug union_end
   7  0009              #pragma debug union_end
   7  0009              #pragma debug variable 78 1 ___scomc "__scomc" 1
   7  0009              #pragma debug struct_end
   7  0009              #pragma debug struct_end
   7  0009              #pragma debug union_end
   7  0009              #pragma debug union_end
   7  0009              #pragma debug variable 80 1 ___pcs0 "__pcs0" 1
   7  0009              #pragma debug struct_end
   7  0009              #pragma debug struct_end
   7  0009              #pragma debug union_end
   7  0009              #pragma debug union_end
   7  0009              #pragma debug variable 82 1 ___pcs2 "__pcs2" 1
   7  0009              #pragma debug struct_end
   7  0009              #pragma debug struct_end
   7  0009              #pragma debug union_end
   7  0009              #pragma debug union_end
   7  0009              #pragma debug variable 84 1 ___pcs3 "__pcs3" 1
   7  0009              extern r1:byte
   7  0009              extern r2:byte
   7  0009              extern r3:byte
   7  0009              extern r4:byte
   7  0009              extern r5:byte
   7  0009              extern r6:byte
   7  0009              extern r7:byte
  22  0009              #line 22 "C:\Users\YVTC\Desktop\單晶片微控制器(一)\0508\5-5-1Modify.c"
  22  0000              @code .section at 0 'code'
  22  0000  1F0B        	clr bp
  22  0001  2800     R  	jmp _main_startup1
  22  0002              
  22  0002              extern _builtin_holtek_udivmodqi4_2:byte
  22  0002              extern _builtin_holtek_udivmodqi4:near
  22  0002              
  22  0002              ; 
  22  0002              ; Generated by holtek-gcc v3.18, Tue May 08 11:13:52 2018
  22  0002              ; Rebuild 126
  22  0002              ; end of file


        0 Errors, 0