"File: 5-5.c         Assembler  Version HGASM0202      Page 1


   1  0000              ; Generated by holtek-gcc v3.18, Tue Apr 24 15:37:30 2018
   2  0000              ; 
   3  0000              ; Configuration:
   4  0000              ;       with long instruction
   5  0000              ;       Multi-ROM, Multi-RAM
   6  0000              ;       bits_per_rom_unit:16
   7  0000              ;       with mp1
   8  0000              ;       with tbhp, address(0x9)
   9  0000              ;          Use tabrd-const
  10  0000              ;       
  11  0000              ; SFR address of long-instruction arch:
  12  0000              ;    mp0 = -1,1,0
  13  0000              ;    mp1 = 4,3,2
  14  0000              ;    mp2 = 14,13,12
  15  0000              ;    tbp = 9,7,8
  16  0000              ;    acc = 5
  17  0000              ;    pcl = 6
  18  0000              ;    status = 10
  19  0000              ;    bp = 11
  20  0000              ;    intc = 48
  21  0000              ;       
  22  0000              ;       
  23  0000              ; use 'tabrdc' instead of 'tabrd'
  24  0000              ;       
  25  0000              
  26  0000              #pragma translator "holtek-gcc 4.6.4" "3.18" "build 20130711"
  27  0000              ; Rebuild 126
  28  0000              
  29  0000              ir equ [2]
  30  0000              mp equ [3]
  31  0000              sbp equ [4]
  32  0000              acc equ [5]
  33  0000              bp equ [11]
  34  0000              tblp equ [7]
  35  0000              tbhp equ [9]
  36  0000              status equ [10]
  37  0000              c equ [10].0
  38  0000              ac equ [10].1
  39  0000              z equ [10].2
  40  0000              ov equ [10].3
  41  0000              cz equ [10].6
  42  0000              sc equ [10].7
  43  0000              intc equ [48]
  44  0000              
  45  0000              extern ra:byte
  46  0000              extern rb:byte
  47  0000              extern rc:byte
  48  0000              extern rd:byte
  49  0000              extern re:byte
  50  0000              extern rf:byte
  51  0000              extern rg:byte
  52  0000              extern rh:byte
  53  0000              extern _Crom2Prom:near
  54  0000              extern _Crom2PromNext:near
  55  0000              
  56  0000              RAMBANK 0 @BITDATASEC, @BITDATASEC1
  57  0000              @HCCINIT	.section 'data'
  58  0000              @HCCINIT0	.section 'data'
  59  0000              @BITDATASEC	 .section 'data'
"File: 5-5.ASM       Assembler  Version HGASM0202      Page 2

  60  0000              @BITDATASEC1	 .section 'data'
  61  0000              
  62  0000              #pragma debug scope 1 1
  63  0000              	extern __DELAY3:near
  64  0000              	extern __DELAYX3:near
  65  0000              	extern __DELAYX6:near
  66  0000              	extern __DELAYY5:near
  67  0000              	extern __DELAYY3:near
  68  0000              	extern _builtin_holtek_delay_2:byte
  69  0000              ___wdtc equ [62]
  70  0000              ___pdc equ [31]
  71  0000              ___pec equ [35]
  72  0000              ___pcc equ [27]
  73  0000              ___scomc equ [127]
  74  0000              ___intc1 equ [49]
  75  0000              ___mfi0 equ [52]
  76  0000              ___tm2c0 equ [81]
  77  0000              ___tm2c1 equ [82]
  78  0000              ___tm2al equ [85]
  79  0000              ___tm2ah equ [86]
  80  0000              ___intc0 equ [48]
  81  0000              public _main
  82  0000              #pragma debug scope 2 1

  14  0000              #line 14 "C:\Users\YVTC\Desktop\單晶片微控制器(一)\0424\5-5.c"
  14  0000              IFDEF WITH_DEFAULT_STARTUP
  14  0000              extern _main_initial0:near
  14  0000              extern _main_startup:near
  14  0000              ENDIF
  14  0000              
  14  0000              ROMBANK 0 @start
  14  0000              @start .section com_l 'code'
  14  0000              _main_startup1:
  14  0000              @start .section com_e 'code'
  14  0000  0F00     R  	mov a,bank _main
  14  0001  008B        	mov bp,a
  14  0002  2800     R  	jmp _main
  14  0003              
  14  0000              _main .section 'code'
  14  0000              _main proc
  15  0000              #line 15 "C:\Users\YVTC\Desktop\單晶片微控制器(一)\0424\5-5.c"
  15  0000  0FAF        	mov a,175
  15  0001  00BE        	mov [62],a
  16  0002              #line 16 "C:\Users\YVTC\Desktop\單晶片微控制器(一)\0424\5-5.c"
  16  0002  1F1F        	clr [31]
  16  0003  3423        	clr [35].0
  17  0004              #line 17 "C:\Users\YVTC\Desktop\單晶片微控制器(一)\0424\5-5.c"
  17  0004  341B        	clr [27].0
  17  0005  349B        	clr [27].1
  17  0006  371B        	clr [27].6
  17  0007  379B        	clr [27].7
  18  0008              #line 18 "C:\Users\YVTC\Desktop\單晶片微控制器(一)\0424\5-5.c"
  18  0008  0F1F        	mov a,31
  18  0009  00FF        	mov [127],a
  19  000A              #line 19 "C:\Users\YVTC\Desktop\單晶片微控制器(一)\0424\5-5.c"
  19  000A  30B1        	set [49].1
  19  000B  31B4        	set [52].3
  20  000C              #line 20 "C:\Users\YVTC\Desktop\單晶片微控制器(一)\0424\5-5.c"
  20  000C  1F51        	clr [81]
  20  000D  0FC1        	mov a,193
"File: 5-5.c         Assembler  Version HGASM0202      Page 3

  20  000E  00D2        	mov [82],a
  21  000F              #line 21 "C:\Users\YVTC\Desktop\單晶片微控制器(一)\0424\5-5.c"
  21  000F  0F40        	mov a,64
  21  0010  00D5        	mov [85],a
  21  0011  0F1F        	mov a,31
  21  0012  00D6        	mov [86],a
  22  0013              #line 22 "C:\Users\YVTC\Desktop\單晶片微控制器(一)\0424\5-5.c"
  22  0013  37B4        	clr [52].7
  22  0014  36B1        	clr [49].5
  22  0015  3030        	set [48].0
  23  0016              #line 23 "C:\Users\YVTC\Desktop\單晶片微控制器(一)\0424\5-5.c"
  23  0016  0F7D        	mov a,125
  23  0017  0080     R  	mov _SecCounter[0],a
  23  0018  1F00     R  	clr _FG_HalfSec[0]
  24  0019              #line 24 "C:\Users\YVTC\Desktop\單晶片微控制器(一)\0424\5-5.c"
  24  0019  1F00     R  	clr _PhaseCount[0]
  25  001A              #line 25 "C:\Users\YVTC\Desktop\單晶片微控制器(一)\0424\5-5.c"
  25  001A  1F00     R  	clr _DisBuffer[0]
  25  001B  1F00     R  	clr _DisBuffer[1]
  25  001C  1F00     R  	clr _DisBuffer[2]
  25  001D  1F00     R  	clr _DisBuffer[3]
  25  001E  1F00     R  	clr _DisBuffer[4]
  26  001F              #line 26 "C:\Users\YVTC\Desktop\單晶片微控制器(一)\0424\5-5.c"
  26  001F  1F00     R  	clr _Digit[0]
  26  0020  1F00     R  	clr _Digit[1]
  26  0021  1F00     R  	clr _Digit[2]
  26  0022  1F00     R  	clr _Digit[3]
  27  0023              #line 27 "C:\Users\YVTC\Desktop\單晶片微控制器(一)\0424\5-5.c"
  27  0023  3000     R  	set _DisBuffer[0].7
  27  0024  3000     R  	set _DisBuffer[2].7
  28  0025              #line 28 "C:\Users\YVTC\Desktop\單晶片微控制器(一)\0424\5-5.c"
  28  0025  31D1        	set [81].3
  14  0026              #line 14 "C:\Users\YVTC\Desktop\單晶片微控制器(一)\0424\5-5.c"
  14  0026  1F00     E  	clr rb
  14  0027  1F00     E  	clr ra
  14  0028              _L3:
  31  0028              #line 31 "C:\Users\YVTC\Desktop\單晶片微控制器(一)\0424\5-5.c"
  31  0028  1E00     R  	snz _FG_HalfSec[0]
  31  0029  2800     R  	jmp _L3
  32  002A              #line 32 "C:\Users\YVTC\Desktop\單晶片微控制器(一)\0424\5-5.c"
  32  002A  1F00     R  	clr _FG_HalfSec[0]
  32  002B              _L5:
  33  002B              #line 33 "C:\Users\YVTC\Desktop\單晶片微控制器(一)\0424\5-5.c"
  33  002B  1080     R  	sz _PhaseCount[0]
  33  002C  2800     R  	jmp _L5
  34  002D              #line 34 "C:\Users\YVTC\Desktop\單晶片微控制器(一)\0424\5-5.c"
  34  002D  0F80        	mov a,128
  34  002E  0380     R  	addm a,_DisBuffer[0]
  34  002F              _L7:
  31  002F              #line 31 "C:\Users\YVTC\Desktop\單晶片微控制器(一)\0424\5-5.c"
  31  002F  1E00     R  	snz _FG_HalfSec[0]
  31  0030  2800     R  	jmp _L7
  32  0031              #line 32 "C:\Users\YVTC\Desktop\單晶片微控制器(一)\0424\5-5.c"
  32  0031  1F00     R  	clr _FG_HalfSec[0]
  32  0032              _L9:
  33  0032              #line 33 "C:\Users\YVTC\Desktop\單晶片微控制器(一)\0424\5-5.c"
  33  0032  1080     R  	sz _PhaseCount[0]
  33  0033  2800     R  	jmp _L9
  34  0034              #line 34 "C:\Users\YVTC\Desktop\單晶片微控制器(一)\0424\5-5.c"
  34  0034  0F80        	mov a,128
"File: 5-5.c         Assembler  Version HGASM0202      Page 4

  34  0035  0380     R  	addm a,_DisBuffer[0]
  36  0036              #line 36 "C:\Users\YVTC\Desktop\單晶片微控制器(一)\0424\5-5.c"
  36  0036  1480     E  	inc ra
  36  0037  0700     E  	mov a,ra
  36  0038  0A3C        	sub a,60
  36  0039  390A        	snz z
  36  003A  2800     R  	jmp _L10
  38  003B              #line 38 "C:\Users\YVTC\Desktop\單晶片微控制器(一)\0424\5-5.c"
  38  003B  1480     E  	inc rb
  38  003C  0700     E  	mov a,rb
  38  003D  0A0F        	sub a,15
  38  003E  390A        	snz z
  38  003F  2800     R  	jmp _L11
  40  0040              #line 40 "C:\Users\YVTC\Desktop\單晶片微控制器(一)\0424\5-5.c"
  40  0040  0F80        	mov a,128
  40  0041  0380     R  	addm a,_DisBuffer[2]
  40  0042  0F80        	mov a,128
  40  0043  0380     R  	addm a,_DisBuffer[3]
  39  0044              #line 39 "C:\Users\YVTC\Desktop\單晶片微控制器(一)\0424\5-5.c"
  39  0044  1F00     E  	clr rb
  39  0045              _L11:
  42  0045              #line 42 "C:\Users\YVTC\Desktop\單晶片微控制器(一)\0424\5-5.c"
  42  0045  1F00     E  	clr _builtin_holtek_udivmodqi4_2[3]
  42  0046  0700     E  	mov a,rb
  42  0047  0080     E  	mov _builtin_holtek_udivmodqi4_2[0],a
  42  0048  0F0A        	mov a,10
  42  0049  0080     E  	mov _builtin_holtek_udivmodqi4_2[1],a
  42  004A              	fcall _builtin_holtek_udivmodqi4
  42  0051  0700     E  	mov a,_builtin_holtek_udivmodqi4_2[0]
  42  0052  0080     R  	mov _Digit[0],a
  42  0053  1F00     E  	clr _builtin_holtek_udivmodqi4_2[3]
  42  0054  0700     E  	mov a,rb
  42  0055  0080     E  	mov _builtin_holtek_udivmodqi4_2[0],a
  42  0056  0F0A        	mov a,10
  42  0057  0080     E  	mov _builtin_holtek_udivmodqi4_2[1],a
  42  0058              	fcall _builtin_holtek_udivmodqi4
  42  005F  0700     E  	mov a,_builtin_holtek_udivmodqi4_2[2]
  42  0060  0080     R  	mov _Digit[1],a
  37  0061              #line 37 "C:\Users\YVTC\Desktop\單晶片微控制器(一)\0424\5-5.c"
  37  0061  1F00     E  	clr ra
  37  0062              _L10:
  44  0062              #line 44 "C:\Users\YVTC\Desktop\單晶片微控制器(一)\0424\5-5.c"
  44  0062  1F00     E  	clr _builtin_holtek_udivmodqi4_2[3]
  44  0063  0700     E  	mov a,ra
  44  0064  0080     E  	mov _builtin_holtek_udivmodqi4_2[0],a
  44  0065  0F0A        	mov a,10
  44  0066  0080     E  	mov _builtin_holtek_udivmodqi4_2[1],a
  44  0067              	fcall _builtin_holtek_udivmodqi4
  44  006E  0700     E  	mov a,_builtin_holtek_udivmodqi4_2[0]
  44  006F  0080     R  	mov _Digit[2],a
  44  0070  1F00     E  	clr _builtin_holtek_udivmodqi4_2[3]
  44  0071  0700     E  	mov a,ra
  44  0072  0080     E  	mov _builtin_holtek_udivmodqi4_2[0],a
  44  0073  0F0A        	mov a,10
  44  0074  0080     E  	mov _builtin_holtek_udivmodqi4_2[1],a
  44  0075              	fcall _builtin_holtek_udivmodqi4
  44  007C  0700     E  	mov a,_builtin_holtek_udivmodqi4_2[2]
  44  007D  0080     R  	mov _Digit[3],a
  45  007E              #line 45 "C:\Users\YVTC\Desktop\單晶片微控制器(一)\0424\5-5.c"
  45  007E  2800     R  	jmp _L3
"File: 5-5.c         Assembler  Version HGASM0202      Page 5

  45  007F  2800     R  	jmp $
  45  0080              _main endp
  45  0080              
  45  0080              @dummy endp
  45  0080              
  45  0080              #line 45 "C:\Users\YVTC\Desktop\單晶片微控制器(一)\0424\5-5.c"
  45  0080              #pragma debug scope 1 1
  45  0080              ___pcs0 equ [360]
  45  0080              ___pcs3 equ [363]
  45  0080              ___pd equ [30]
  45  0080              ___pe equ [34]
  45  0080              ___pc equ [26]
  45  0080              public _ISR_STM
  45  0080              #pragma debug scope 3 1
  48  0080              #line 48 "C:\Users\YVTC\Desktop\單晶片微控制器(一)\0424\5-5.c"
  48  0080              rombank 0 @ISR_STM_code
  48  0000              @ISR_STM_code .section at 20 'code'
  48  0000  0080     E  	mov r1,a
  48  0001  070B        	mov a,bp
  48  0002  1F0B        	clr bp
  48  0003  2800     R  	jmp _ISR_STM
  48  0004              ROMBANK 0 _ISR_STM
  48  0004              #pragma debug scope 1 1
  48  0004              @dummy20 endp
  48  0004              #pragma debug scope 4 1
  48  0000              _ISR_STM .section 'code'
  48  0000              _ISR_STM proc
  48  0000  00          local _ISR_STM_2 db 1 dup(?)
  48  0000  0080     E  	mov r2,a
  48  0001  070A        	mov a, status
  48  0002  0080     E  	mov r3,a
  48  0003  0703        	mov a,mp
  48  0004  0080     E  	mov r4,a
  48  0005  0704        	mov a,sbp
  48  0006  0080     E  	mov r5,a
  48  0007  0707        	mov a,tblp
  48  0008  0080     E  	mov r6,a
  48  0009  0709        	mov a,tbhp
  48  000A  0080     E  	mov r7,a
  49  000B              #line 49 "C:\Users\YVTC\Desktop\單晶片微控制器(一)\0424\5-5.c"
  49  000B  37B4        	clr [52].7
  50  000C              #line 50 "C:\Users\YVTC\Desktop\單晶片微控制器(一)\0424\5-5.c"
  50  000C  1080     R  	sz _PhaseCount[0]
  50  000D  2800     R  	jmp _L15
  50  000E              #line 50 "C:\Users\YVTC\Desktop\單晶片微控制器(一)\0424\5-5.c"
  50  000E  0F04        	mov a,4
  50  000F  0080     E  	mov ra,a
  50  0010  1F00     E  	clr rf
  50  0011              _L19:
  52  0011              #line 52 "C:\Users\YVTC\Desktop\單晶片微控制器(一)\0424\5-5.c"
  52  0011  0700     E  	mov a,rf
  52  0012  0080     E  	mov rd,a
  52  0013  1F00     E  	clr re
  52  0014  0F00     R  	mov a,low offset _DisBuffer
  52  0015  0300     E  	add a,rd
  52  0016  0080     E  	mov rb,a
  52  0017  0F00     R  	mov a,high offset _DisBuffer
  52  0018  1300     E  	adc a,re
  52  0019  0080     E  	mov rc,a
  52  001A  0700     E  	mov a,rb
"File: 5-5.c         Assembler  Version HGASM0202      Page 6

  52  001B  0083        	mov mp,a
  52  001C  0700     E  	mov a,rc
  52  001D  0084        	mov sbp,a
  52  001E              	fcall _Crom2Prom
  52  0025  0080     R  	mov _ISR_STM_2[0],a
  52  0026  0700     R  	mov a,_ISR_STM_2[0]
  52  0027  0E80        	and a,128
  52  0028  0080     E  	mov rg,a
  52  0029  0700     E  	mov a,rg
  52  002A  0082        	mov ir,a
  53  002B              #line 53 "C:\Users\YVTC\Desktop\單晶片微控制器(一)\0424\5-5.c"
  53  002B              	fcall _Crom2Prom
  53  0032  0080     E  	mov rg,a
  53  0033  0F00     R  	mov a,low offset _Digit
  53  0034  0300     E  	add a,rd
  53  0035  0083        	mov mp,a
  53  0036  0F00     R  	mov a,high offset _Digit
  53  0037  1300     E  	adc a,re
  53  0038  0084        	mov sbp,a
  53  0039              	fcall _Crom2Prom
  53  0040  0080     E  	mov rd,a
  53  0041  0F00     R  	mov a,low offset _TransSegment
  53  0042  0300     E  	add a,rd
  53  0043  0083        	mov mp,a
  53  0044  0F00     R  	mov a,high offset _TransSegment
  53  0045  1F04        	clr sbp
  53  0046  1384        	adcm a,sbp
  53  0047              	fcall _Crom2Prom
  53  004E  0080     E  	mov rd,a
  53  004F  0700     E  	mov a,rg
  53  0050  0580     E  	orm a,rd
  53  0051  0700     E  	mov a,rb
  53  0052  0083        	mov mp,a
  53  0053  0700     E  	mov a,rc
  53  0054  0084        	mov sbp,a
  53  0055  0700     E  	mov a,rd
  53  0056  0082        	mov ir,a
  51  0057              #line 51 "C:\Users\YVTC\Desktop\單晶片微控制器(一)\0424\5-5.c"
  51  0057  1480     E  	inc rf
  51  0058  1780     E  	sdz ra
  51  0059  2800     R  	jmp _L19
  51  005A              _L21:
  61  005A              #line 61 "C:\Users\YVTC\Desktop\單晶片微控制器(一)\0424\5-5.c"
  61  005A  0F33        	mov a,51
  61  005B  80E8 0001   	lmov [360],a
  61  005D  0F33        	mov a,51
  61  005E  80EB 0001   	lmov [363],a
  61  0060  1F1E        	clr [30]
  61  0061  3422        	clr [34].0
  62  0062              #line 62 "C:\Users\YVTC\Desktop\單晶片微控制器(一)\0424\5-5.c"
  62  0062  3800     R  	snz _DisBuffer[0].0
  62  0063  2800     R  	jmp _L18
  62  0064  301E        	set [30].0
  62  0065  2800     R  	jmp _L18
  62  0066              _L15:
  57  0066              #line 57 "C:\Users\YVTC\Desktop\單晶片微控制器(一)\0424\5-5.c"
  57  0066  3C00     R  	sz _PhaseCount[0].0
  57  0067  2800     R  	jmp _L20
  58  0068              #line 58 "C:\Users\YVTC\Desktop\單晶片微控制器(一)\0424\5-5.c"
  58  0068              ;# 58 "C:\Users\YVTC\Desktop\單晶片微控制器(一)\0424\5-5.c" 1
"File: 5-5.c         Assembler  Version HGASM0202      Page 7

  58  0068  1980     R  	rr _DisBuffer[0]
  58  0069              ;# 58 "C:\Users\YVTC\Desktop\單晶片微控制器(一)\0424\5-5.c" 1
  58  0069  1980     R  	rr _DisBuffer[1]
  58  006A              ;# 58 "C:\Users\YVTC\Desktop\單晶片微控制器(一)\0424\5-5.c" 1
  58  006A  1980     R  	rr _DisBuffer[2]
  58  006B              ;# 58 "C:\Users\YVTC\Desktop\單晶片微控制器(一)\0424\5-5.c" 1
  58  006B  1980     R  	rr _DisBuffer[3]
  58  006C              ;# 58 "C:\Users\YVTC\Desktop\單晶片微控制器(一)\0424\5-5.c" 1
  58  006C  1980     R  	rr _DisBuffer[4]
  58  006D              _L20:
  50  006D              #line 50 "C:\Users\YVTC\Desktop\單晶片微控制器(一)\0424\5-5.c"
  50  006D  0F05        	mov a,5
  50  006E  0080     E  	mov ra,a
  50  006F  1F00     E  	clr rb
  50  0070              _L22:
  59  0070              #line 59 "C:\Users\YVTC\Desktop\單晶片微控制器(一)\0424\5-5.c"
  59  0070  0F00     R  	mov a,low offset _DisBuffer
  59  0071  0300     E  	add a,rb
  59  0072  0083        	mov mp,a
  59  0073  0F00     R  	mov a,high offset _DisBuffer
  59  0074  1F04        	clr sbp
  59  0075  1384        	adcm a,sbp
  59  0076              	fcall _Crom2Prom
  59  007D  0080     R  	mov _ISR_STM_2[0],a
  59  007E  0100     R  	cpla _ISR_STM_2[0]
  59  007F  0080     E  	mov rc,a
  59  0080  0700     E  	mov a,rc
  59  0081  0082        	mov ir,a
  59  0082  1480     E  	inc rb
  59  0083  1780     E  	sdz ra
  59  0084  2800     R  	jmp _L22
  59  0085  2800     R  	jmp _L21
  59  0086              _L18:
  63  0086              #line 63 "C:\Users\YVTC\Desktop\單晶片微控制器(一)\0424\5-5.c"
  63  0086  3800     R  	snz _DisBuffer[0].4
  63  0087  2800     R  	jmp _L23
  63  0088  309E        	set [30].1
  63  0089              _L23:
  64  0089              #line 64 "C:\Users\YVTC\Desktop\單晶片微控制器(一)\0424\5-5.c"
  64  0089  3800     R  	snz _DisBuffer[1].0
  64  008A  2800     R  	jmp _L24
  64  008B  311E        	set [30].2
  64  008C              _L24:
  65  008C              #line 65 "C:\Users\YVTC\Desktop\單晶片微控制器(一)\0424\5-5.c"
  65  008C  3800     R  	snz _DisBuffer[1].4
  65  008D  2800     R  	jmp _L25
  65  008E  319E        	set [30].3
  65  008F              _L25:
  66  008F              #line 66 "C:\Users\YVTC\Desktop\單晶片微控制器(一)\0424\5-5.c"
  66  008F  3800     R  	snz _DisBuffer[2].0
  66  0090  2800     R  	jmp _L26
  66  0091  321E        	set [30].4
  66  0092              _L26:
  67  0092              #line 67 "C:\Users\YVTC\Desktop\單晶片微控制器(一)\0424\5-5.c"
  67  0092  3800     R  	snz _DisBuffer[2].4
  67  0093  2800     R  	jmp _L27
  67  0094  329E        	set [30].5
  67  0095              _L27:
  68  0095              #line 68 "C:\Users\YVTC\Desktop\單晶片微控制器(一)\0424\5-5.c"
  68  0095  3800     R  	snz _DisBuffer[3].0
"File: 5-5.c         Assembler  Version HGASM0202      Page 8

  68  0096  2800     R  	jmp _L28
  68  0097  331E        	set [30].6
  68  0098              _L28:
  69  0098              #line 69 "C:\Users\YVTC\Desktop\單晶片微控制器(一)\0424\5-5.c"
  69  0098  3800     R  	snz _DisBuffer[3].4
  69  0099  2800     R  	jmp _L29
  69  009A  339E        	set [30].7
  69  009B              _L29:
  70  009B              #line 70 "C:\Users\YVTC\Desktop\單晶片微控制器(一)\0424\5-5.c"
  70  009B  3800     R  	snz _DisBuffer[4].0
  70  009C  2800     R  	jmp _L30
  70  009D  3022        	set [34].0
  70  009E              _L30:
  71  009E              #line 71 "C:\Users\YVTC\Desktop\單晶片微控制器(一)\0424\5-5.c"
  71  009E  0700     R  	mov a,_PhaseCount[0]
  71  009F  0080     R  	mov _ISR_STM_2[0],a
  71  00A0  1400     R  	inca _ISR_STM_2[0]
  71  00A1  0080     R  	mov _PhaseCount[0],a
  71  00A2  0700     R  	mov a,_ISR_STM_2[0]
  71  00A3  0A00        	sub a,0
  71  00A4  3D0A        	sz z
  71  00A5  2800     R  	jmp _L32
  71  00A6  0A01        	sub a,(1)-(0)
  71  00A7  3D0A        	sz z
  71  00A8  2800     R  	jmp _L33
  71  00A9  0700     R  	mov a,_ISR_STM_2[0]
  71  00AA  0A02        	sub a,2
  71  00AB  3D0A        	sz z
  71  00AC  2800     R  	jmp _L34
  71  00AD  0A01        	sub a,(3)-(2)
  71  00AE  3D0A        	sz z
  71  00AF  2800     R  	jmp _L35
  71  00B0  0700     R  	mov a,_ISR_STM_2[0]
  71  00B1  0A04        	sub a,4
  71  00B2  3D0A        	sz z
  71  00B3  2800     R  	jmp _L36
  71  00B4  0A01        	sub a,(5)-(4)
  71  00B5  3D0A        	sz z
  71  00B6  2800     R  	jmp _L37
  71  00B7  0700     R  	mov a,_ISR_STM_2[0]
  71  00B8  0A06        	sub a,6
  71  00B9  3D0A        	sz z
  71  00BA  2800     R  	jmp _L38
  71  00BB  0700     R  	mov a,_ISR_STM_2[0]
  71  00BC  0A07        	sub a,7
  71  00BD  390A        	snz z
  71  00BE  2800     R  	jmp _L31
  79  00BF              #line 79 "C:\Users\YVTC\Desktop\單晶片微控制器(一)\0424\5-5.c"
  79  00BF  0F03        	mov a,3
  79  00C0  80EB 0001   	lmov [363],a
  79  00C2  339A        	set [26].7
  79  00C3  0F05        	mov a,5
  79  00C4  0080     E  	mov ra,a
  81  00C5              #line 81 "C:\Users\YVTC\Desktop\單晶片微控制器(一)\0424\5-5.c"
  81  00C5  1F00     E  	clr rf
  81  00C6  2800     R  	jmp _L41
  81  00C7              _L32:
  72  00C7              #line 72 "C:\Users\YVTC\Desktop\單晶片微控制器(一)\0424\5-5.c"
  72  00C7  0F30        	mov a,48
  72  00C8  80E8 0001   	lmov [360],a
"File: 5-5.c         Assembler  Version HGASM0202      Page 9

  72  00CA  341A        	clr [26].0
  72  00CB  2800     R  	jmp _L31
  72  00CC              _L33:
  73  00CC              #line 73 "C:\Users\YVTC\Desktop\單晶片微控制器(一)\0424\5-5.c"
  73  00CC  0F30        	mov a,48
  73  00CD  80E8 0001   	lmov [360],a
  73  00CF  301A        	set [26].0
  73  00D0  2800     R  	jmp _L31
  73  00D1              _L34:
  74  00D1              #line 74 "C:\Users\YVTC\Desktop\單晶片微控制器(一)\0424\5-5.c"
  74  00D1  0F03        	mov a,3
  74  00D2  80E8 0001   	lmov [360],a
  74  00D4  349A        	clr [26].1
  74  00D5  2800     R  	jmp _L31
  74  00D6              _L35:
  75  00D6              #line 75 "C:\Users\YVTC\Desktop\單晶片微控制器(一)\0424\5-5.c"
  75  00D6  0F03        	mov a,3
  75  00D7  80E8 0001   	lmov [360],a
  75  00D9  309A        	set [26].1
  75  00DA  2800     R  	jmp _L31
  75  00DB              _L36:
  76  00DB              #line 76 "C:\Users\YVTC\Desktop\單晶片微控制器(一)\0424\5-5.c"
  76  00DB  0F30        	mov a,48
  76  00DC  80EB 0001   	lmov [363],a
  76  00DE  371A        	clr [26].6
  76  00DF  2800     R  	jmp _L31
  76  00E0              _L37:
  77  00E0              #line 77 "C:\Users\YVTC\Desktop\單晶片微控制器(一)\0424\5-5.c"
  77  00E0  0F30        	mov a,48
  77  00E1  80EB 0001   	lmov [363],a
  77  00E3  331A        	set [26].6
  77  00E4  2800     R  	jmp _L31
  77  00E5              _L38:
  78  00E5              #line 78 "C:\Users\YVTC\Desktop\單晶片微控制器(一)\0424\5-5.c"
  78  00E5  0F03        	mov a,3
  78  00E6  80EB 0001   	lmov [363],a
  78  00E8  379A        	clr [26].7
  78  00E9  2800     R  	jmp _L31
  78  00EA              _L41:
  82  00EA              #line 82 "C:\Users\YVTC\Desktop\單晶片微控制器(一)\0424\5-5.c"
  82  00EA  0700     E  	mov a,rf
  82  00EB  0080     E  	mov rb,a
  82  00EC  1F00     E  	clr rc
  82  00ED  0F00     R  	mov a,low offset _DisBuffer
  82  00EE  0300     E  	add a,rb
  82  00EF  0080     E  	mov rd,a
  82  00F0  0F00     R  	mov a,high offset _DisBuffer
  82  00F1  1300     E  	adc a,rc
  82  00F2  0080     E  	mov re,a
  82  00F3  0700     E  	mov a,rd
  82  00F4  0083        	mov mp,a
  82  00F5  0700     E  	mov a,re
  82  00F6  0084        	mov sbp,a
  82  00F7              ;# 82 "C:\Users\YVTC\Desktop\單晶片微控制器(一)\0424\5-5.c" 1
  82  00F7  1982        	rr ir
  83  00F8              #line 83 "C:\Users\YVTC\Desktop\單晶片微控制器(一)\0424\5-5.c"
  83  00F8  0F00     R  	mov a,low offset _DisBuffer
  83  00F9  0300     E  	add a,rb
  83  00FA  0080     E  	mov rd,a
  83  00FB  0F00     R  	mov a,high offset _DisBuffer
"File: 5-5.c         Assembler  Version HGASM0202      Page 10

  83  00FC  1300     E  	adc a,rc
  83  00FD  0080     E  	mov re,a
  83  00FE  0700     E  	mov a,rd
  83  00FF  0083        	mov mp,a
  83  0100  0700     E  	mov a,re
  83  0101  0084        	mov sbp,a
  83  0102              ;# 83 "C:\Users\YVTC\Desktop\單晶片微控制器(一)\0424\5-5.c" 1
  83  0102  1182        	swap ir
  84  0103              #line 84 "C:\Users\YVTC\Desktop\單晶片微控制器(一)\0424\5-5.c"
  84  0103  0F00     R  	mov a,low offset _DisBuffer
  84  0104  0300     E  	add a,rb
  84  0105  0083        	mov mp,a
  84  0106  0F00     R  	mov a,high offset _DisBuffer
  84  0107  1300     E  	adc a,rc
  84  0108  0084        	mov sbp,a
  84  0109              	fcall _Crom2Prom
  84  0110  0080     R  	mov _ISR_STM_2[0],a
  84  0111  0100     R  	cpla _ISR_STM_2[0]
  84  0112  0080     E  	mov rb,a
  84  0113  0700     E  	mov a,rb
  84  0114  0082        	mov ir,a
  81  0115              #line 81 "C:\Users\YVTC\Desktop\單晶片微控制器(一)\0424\5-5.c"
  81  0115  1480     E  	inc rf
  81  0116  1780     E  	sdz ra
  81  0117  2800     R  	jmp _L41
  94  0118              #line 94 "C:\Users\YVTC\Desktop\單晶片微控制器(一)\0424\5-5.c"
  94  0118  1F00     R  	clr _PhaseCount[0]
  94  0119              _L31:
  96  0119              #line 96 "C:\Users\YVTC\Desktop\單晶片微控制器(一)\0424\5-5.c"
  96  0119  1500     R  	deca _SecCounter[0]
  96  011A  0080     E  	mov ra,a
  96  011B  0700     E  	mov a,ra
  96  011C  0080     R  	mov _SecCounter[0],a
  96  011D  1080     E  	sz ra
  96  011E  2800     R  	jmp _L14
  97  011F              #line 97 "C:\Users\YVTC\Desktop\單晶片微控制器(一)\0424\5-5.c"
  97  011F  0F7D        	mov a,125
  97  0120  0080     R  	mov _SecCounter[0],a
  97  0121  0F01        	mov a,1
  97  0122  0080     R  	mov _FG_HalfSec[0],a
  97  0123              _L14:
  97  0123  0700     E  	mov a,r2
  97  0124  008B        	mov bp,a
  97  0125  0700     E  	mov a,r3
  97  0126  008A        	mov status,a
  97  0127  0700     E  	mov a,r4
  97  0128  0083        	mov mp,a
  97  0129  0700     E  	mov a,r5
  97  012A  0084        	mov sbp,a
  97  012B  0700     E  	mov a,r6
  97  012C  0087        	mov tblp,a
  97  012D  0700     E  	mov a,r7
  97  012E  0089        	mov tbhp,a
  97  012F  1D05        	tabrdc acc
  97  0130  0700     E  	mov a,r1
  97  0131  0004        	reti
  97  0132              _ISR_STM endp
  97  0132              
  97  0132              #line 97 "C:\Users\YVTC\Desktop\單晶片微控制器(一)\0424\5-5.c"
  97  0132              #pragma debug scope 1 1
"File: 5-5.c         Assembler  Version HGASM0202      Page 11

  12  0132              #line 12 "C:\Users\YVTC\Desktop\單晶片微控制器(一)\0424\5-5.c"
  12  0132              public _FG_HalfSec
  12  0000              @HCCINIT0_FG_HalfSec .section 'data'
  12  0000              _FG_HalfSec	db 0
  12  0001              #pragma debug variable 8 1 _FG_HalfSec "FG_HalfSec"
  12  0001              
  12  0000              @HCCINIT .section 'data'
  11  0000              #line 11 "C:\Users\YVTC\Desktop\單晶片微控制器(一)\0424\5-5.c"
  11  0000              public _SecCounter
  11  0000              @HCCINIT0_SecCounter .section 'data'
  11  0000              _SecCounter	db 0
  11  0001              #pragma debug variable 8 1 _SecCounter "SecCounter"
  11  0001              
  11  0000              @HCCINIT .section 'data'
  11  0000              #line 11 "C:\Users\YVTC\Desktop\單晶片微控制器(一)\0424\5-5.c"
  11  0000              public _PhaseCount
  11  0000              @HCCINIT0_PhaseCount .section 'data'
  11  0000              _PhaseCount	db 0
  11  0001              #pragma debug variable 8 1 _PhaseCount "PhaseCount"
  11  0001              
  11  0000              @HCCINIT .section 'data'
  10  0000              #line 10 "C:\Users\YVTC\Desktop\單晶片微控制器(一)\0424\5-5.c"
  10  0000              public _Digit
  10  0000              @HCCINIT0_Digit .section 'data'
  10  0000  0004[       _Digit	db 4 dup(0)
            00
            ]
  10  0004              #pragma debug array 42 8 4 1
  10  0004              #pragma debug array 42 8 4 1
  10  0004              #pragma debug variable 42 1 _Digit "Digit"
  10  0004              
  10  0000              @HCCINIT .section 'data'
  10  0000              #line 10 "C:\Users\YVTC\Desktop\單晶片微控制器(一)\0424\5-5.c"
  10  0000              public _DisBuffer
  10  0000              @HCCINIT0_DisBuffer .section 'data'
  10  0000  0005[       _DisBuffer	db 5 dup(0)
            00
            ]
  10  0005              #pragma debug array 43 8 5 1
  10  0005              #pragma debug array 43 8 5 1
  10  0005              #pragma debug variable 43 1 _DisBuffer "DisBuffer"
  10  0005              
  10  0000              @HCCINIT .section 'data'
  10  0000              public _TransSegment
  10  0000              @crom	.section 'crom'
   6  0000              #line 6 "C:\Users\YVTC\Desktop\單晶片微控制器(一)\0424\5-5.c"
   6  0000              @crom	.section	'crom'
   6  0000              _TransSegment:
   6  0000              #pragma debug array 44 8 17 1
   6  0000              #pragma debug array 44 8 17 1
   6  0000              #pragma debug variable 44 1 _TransSegment "TransSegment"
   6  0000              	db 123
   6  0001              	db 48
   6  0001              	db 93
   6  0002              	db 117
   6  0002              	db 54
   6  0003              	db 103
   6  0003              	db 111
   6  0004              	db 49
   6  0004              	db 127
"File: 5-5.c         Assembler  Version HGASM0202      Page 12

   6  0005              	db 119
   6  0005              	db 63
   6  0006              	db 110
   6  0006              	db 76
   6  0007              	db 124
   6  0007              	db 79
   6  0008              	db 15
   6  0008              	db 0
   6  0009              #pragma debug struct_end
   6  0009              #pragma debug struct_end
   6  0009              #pragma debug union_end
   6  0009              #pragma debug union_end
   6  0009              #pragma debug variable 46 1 ___pc "__pc" 1
   6  0009              #pragma debug struct_end
   6  0009              #pragma debug struct_end
   6  0009              #pragma debug union_end
   6  0009              #pragma debug union_end
   6  0009              #pragma debug variable 48 1 ___pcc "__pcc" 1
   6  0009              #pragma debug struct_end
   6  0009              #pragma debug struct_end
   6  0009              #pragma debug union_end
   6  0009              #pragma debug union_end
   6  0009              #pragma debug variable 50 1 ___pd "__pd" 1
   6  0009              #pragma debug struct_end
   6  0009              #pragma debug struct_end
   6  0009              #pragma debug union_end
   6  0009              #pragma debug union_end
   6  0009              #pragma debug variable 52 1 ___pdc "__pdc" 1
   6  0009              #pragma debug struct_end
   6  0009              #pragma debug struct_end
   6  0009              #pragma debug union_end
   6  0009              #pragma debug union_end
   6  0009              #pragma debug variable 54 1 ___pe "__pe" 1
   6  0009              #pragma debug struct_end
   6  0009              #pragma debug struct_end
   6  0009              #pragma debug union_end
   6  0009              #pragma debug union_end
   6  0009              #pragma debug variable 56 1 ___pec "__pec" 1
   6  0009              #pragma debug struct_end
   6  0009              #pragma debug struct_end
   6  0009              #pragma debug union_end
   6  0009              #pragma debug union_end
   6  0009              #pragma debug variable 58 1 ___intc0 "__intc0" 1
   6  0009              #pragma debug struct_end
   6  0009              #pragma debug struct_end
   6  0009              #pragma debug union_end
   6  0009              #pragma debug union_end
   6  0009              #pragma debug variable 60 1 ___intc1 "__intc1" 1
   6  0009              #pragma debug struct_end
   6  0009              #pragma debug struct_end
   6  0009              #pragma debug union_end
   6  0009              #pragma debug union_end
   6  0009              #pragma debug variable 62 1 ___mfi0 "__mfi0" 1
   6  0009              #pragma debug struct_end
   6  0009              #pragma debug struct_end
   6  0009              #pragma debug union_end
   6  0009              #pragma debug union_end
   6  0009              #pragma debug variable 64 1 ___wdtc "__wdtc" 1
   6  0009              #pragma debug struct_end
   6  0009              #pragma debug struct_end
"File: 5-5.c         Assembler  Version HGASM0202      Page 13

   6  0009              #pragma debug union_end
   6  0009              #pragma debug union_end
   6  0009              #pragma debug variable 66 1 ___tm2c0 "__tm2c0" 1
   6  0009              #pragma debug struct_end
   6  0009              #pragma debug struct_end
   6  0009              #pragma debug union_end
   6  0009              #pragma debug union_end
   6  0009              #pragma debug variable 68 1 ___tm2c1 "__tm2c1" 1
   6  0009              #pragma debug variable 8 1 ___tm2al "__tm2al" 1
   6  0009              #pragma debug variable 8 1 ___tm2ah "__tm2ah" 1
   6  0009              #pragma debug struct_end
   6  0009              #pragma debug struct_end
   6  0009              #pragma debug union_end
   6  0009              #pragma debug union_end
   6  0009              #pragma debug variable 70 1 ___scomc "__scomc" 1
   6  0009              #pragma debug struct_end
   6  0009              #pragma debug struct_end
   6  0009              #pragma debug union_end
   6  0009              #pragma debug union_end
   6  0009              #pragma debug variable 72 1 ___pcs0 "__pcs0" 1
   6  0009              #pragma debug struct_end
   6  0009              #pragma debug struct_end
   6  0009              #pragma debug union_end
   6  0009              #pragma debug union_end
   6  0009              #pragma debug variable 74 1 ___pcs3 "__pcs3" 1
   6  0009              extern r1:byte
   6  0009              extern r2:byte
   6  0009              extern r3:byte
   6  0009              extern r4:byte
   6  0009              extern r5:byte
   6  0009              extern r6:byte
   6  0009              extern r7:byte
  14  0009              #line 14 "C:\Users\YVTC\Desktop\單晶片微控制器(一)\0424\5-5.c"
  14  0000              @code .section at 0 'code'
  14  0000  1F0B        	clr bp
  14  0001  2800     R  	jmp _main_startup1
  14  0002              
  14  0002              extern _builtin_holtek_udivmodqi4_2:byte
  14  0002              extern _builtin_holtek_udivmodqi4:near
  14  0002              
  14  0002              ; 
  14  0002              ; Generated by holtek-gcc v3.18, Tue Apr 24 15:37:30 2018
  14  0002              ; Rebuild 126
  14  0002              ; end of file


        0 Errors, 0