"File: 5-6.c         Assembler  Version HGASM0202      Page 1


   1  0000              ; Generated by holtek-gcc v3.18, Tue May 22 15:23:52 2018
   2  0000              ; 
   3  0000              ; Configuration:
   4  0000              ;       with long instruction
   5  0000              ;       Multi-ROM, Multi-RAM
   6  0000              ;       bits_per_rom_unit:16
   7  0000              ;       with mp1
   8  0000              ;       with tbhp, address(0x9)
   9  0000              ;          Use tabrd-const
  10  0000              ;       
  11  0000              ; SFR address of long-instruction arch:
  12  0000              ;    mp0 = -1,1,0
  13  0000              ;    mp1 = 4,3,2
  14  0000              ;    mp2 = 14,13,12
  15  0000              ;    tbp = 9,7,8
  16  0000              ;    acc = 5
  17  0000              ;    pcl = 6
  18  0000              ;    status = 10
  19  0000              ;    bp = 11
  20  0000              ;    intc = 48
  21  0000              ;       
  22  0000              ;       
  23  0000              ; use 'tabrdc' instead of 'tabrd'
  24  0000              ;       
  25  0000              
  26  0000              #pragma translator "holtek-gcc 4.6.4" "3.18" "build 20130711"
  27  0000              ; Rebuild 126
  28  0000              
  29  0000              ir equ [2]
  30  0000              mp equ [3]
  31  0000              sbp equ [4]
  32  0000              acc equ [5]
  33  0000              bp equ [11]
  34  0000              tblp equ [7]
  35  0000              tbhp equ [9]
  36  0000              status equ [10]
  37  0000              c equ [10].0
  38  0000              ac equ [10].1
  39  0000              z equ [10].2
  40  0000              ov equ [10].3
  41  0000              cz equ [10].6
  42  0000              sc equ [10].7
  43  0000              intc equ [48]
  44  0000              
  45  0000              extern ra:byte
  46  0000              extern rb:byte
  47  0000              extern rc:byte
  48  0000              extern rd:byte
  49  0000              extern re:byte
  50  0000              extern rf:byte
  51  0000              extern rg:byte
  52  0000              extern rh:byte
  53  0000              extern _Crom2Prom:near
  54  0000              extern _Crom2PromNext:near
  55  0000              
  56  0000              RAMBANK 0 @BITDATASEC, @BITDATASEC1
  57  0000              @HCCINIT	.section 'data'
  58  0000              @HCCINIT0	.section 'data'
  59  0000              @BITDATASEC	 .section 'data'
"File: 5-6.ASM       Assembler  Version HGASM0202      Page 2

  60  0000              @BITDATASEC1	 .section 'data'
  61  0000              
  62  0000              #pragma debug scope 1 1
  63  0000              	extern __DELAY3:near
  64  0000              	extern __DELAYX3:near
  65  0000              	extern __DELAYX6:near
  66  0000              	extern __DELAYY5:near
  67  0000              	extern __DELAYY3:near
  68  0000              	extern _builtin_holtek_delay_2:byte
  69  0000              ___pgc equ [43]
  70  0000              ___ph equ [46]
  71  0000              ___pg equ [42]
  72  0000              public _LCMWrite
  73  0000              #pragma debug scope 2 1

  36  0000              #line 36 "C:\Users\YVTC\Desktop\單晶片微控制器(一)\0508\5-6.c"
  36  0000              _LCMWrite .section 'code'
  36  0000              _LCMWrite proc
  36  0000              public _LCMWrite_2
  36  0000  0002[           local _LCMWrite_2 db 2 dup(?)	; 1,1
            00
            ]
  36  0000  0080     R  	mov _LCMWrite_2[1],a
  36  0001              #pragma debug variable 8 2 _LCMWrite_2+1 "DCFlag"
  36  0001              #pragma debug variable 8 2 _LCMWrite_2+0 "CD"
  37  0001              #line 37 "C:\Users\YVTC\Desktop\單晶片微控制器(一)\0508\5-6.c"
  37  0001  1FAB        	set [43]
  38  0002              #line 38 "C:\Users\YVTC\Desktop\單晶片微控制器(一)\0508\5-6.c"
  38  0002  342E        	clr [46].0
  38  0003  30AE        	set [46].1
  39  0004              #line 39 "C:\Users\YVTC\Desktop\單晶片微控制器(一)\0508\5-6.c"
  39  0004              ;# 39 "C:\Users\YVTC\Desktop\單晶片微控制器(一)\0508\5-6.c" 1
  39  0004  0000        	nop
  39  0005              _L3:
  41  0005              #line 41 "C:\Users\YVTC\Desktop\單晶片微控制器(一)\0508\5-6.c"
  41  0005  312E        	set [46].2
  41  0006              ;# 41 "C:\Users\YVTC\Desktop\單晶片微控制器(一)\0508\5-6.c" 1
  41  0006  0000        	nop
  42  0007              #line 42 "C:\Users\YVTC\Desktop\單晶片微控制器(一)\0508\5-6.c"
  42  0007  072A        	mov a,[42]
  42  0008  0080     E  	mov ra,a
  43  0009              #line 43 "C:\Users\YVTC\Desktop\單晶片微控制器(一)\0508\5-6.c"
  43  0009  352E        	clr [46].2
  44  000A              #line 44 "C:\Users\YVTC\Desktop\單晶片微控制器(一)\0508\5-6.c"
  44  000A  3C00     E  	sz ra.7
  44  000B  2800     R  	jmp _L3
  45  000C              #line 45 "C:\Users\YVTC\Desktop\單晶片微控制器(一)\0508\5-6.c"
  45  000C  1F2B        	clr [43]
  46  000D              #line 46 "C:\Users\YVTC\Desktop\單晶片微控制器(一)\0508\5-6.c"
  46  000D  34AE        	clr [46].1
  47  000E              #line 47 "C:\Users\YVTC\Desktop\單晶片微控制器(一)\0508\5-6.c"
  47  000E  0700     R  	mov a,_LCMWrite_2[1]
  47  000F  0E01        	and a,1
  47  0010  0080     E  	mov rb,a
  47  0011  342E        	clr [46].0
  47  0012  0700     E  	mov a,rb
  47  0013  05AE        	orm a,[46]
  48  0014              #line 48 "C:\Users\YVTC\Desktop\單晶片微控制器(一)\0508\5-6.c"
  48  0014  0700     R  	mov a,_LCMWrite_2[0]
  48  0015  00AA        	mov [42],a
"File: 5-6.c         Assembler  Version HGASM0202      Page 3

  49  0016              #line 49 "C:\Users\YVTC\Desktop\單晶片微控制器(一)\0508\5-6.c"
  49  0016  312E        	set [46].2
  49  0017              ;# 49 "C:\Users\YVTC\Desktop\單晶片微控制器(一)\0508\5-6.c" 1
  49  0017  0000        	nop
  49  0018  352E        	clr [46].2
  51  0019              #line 51 "C:\Users\YVTC\Desktop\單晶片微控制器(一)\0508\5-6.c"
  51  0019  0700     E  	mov a,ra
  51  001A  0003        	ret
  51  001B              _LCMWrite endp
  51  001B              #line 51 "C:\Users\YVTC\Desktop\單晶片微控制器(一)\0508\5-6.c"
  51  001B              #pragma debug scope 1 1
  51  001B              ___phc equ [47]
  51  001B              public _LCMInit
  51  001B              #pragma debug scope 3 1
  27  001B              #line 27 "C:\Users\YVTC\Desktop\單晶片微控制器(一)\0508\5-6.c"
  27  0000              _LCMInit .section 'code'
  27  0000              _LCMInit proc
  27  0000  352E        	clr [46].2
  27  0001  34AE        	clr [46].1
  27  0002  342E        	clr [46].0
  28  0003              #line 28 "C:\Users\YVTC\Desktop\單晶片微控制器(一)\0508\5-6.c"
  28  0003  352F        	clr [47].2
  28  0004  34AF        	clr [47].1
  28  0005  342F        	clr [47].0
  29  0006              #line 29 "C:\Users\YVTC\Desktop\單晶片微控制器(一)\0508\5-6.c"
  29  0006              ;# 29 "C:\Users\YVTC\Desktop\單晶片微控制器(一)\0508\5-6.c" 1
  29  0006              	IF 40000>263690
  29  0006              ;# 29 "C:\Users\YVTC\Desktop\單晶片微控制器(一)\0508\5-6.c" 1
  29  0006              	ERRMESSAGE 'the value 40000of the argument exceeds the maxinum 263690'
  29  0006              	ENDIF
  29  0006              ;# 29 "C:\Users\YVTC\Desktop\單晶片微控制器(一)\0508\5-6.c" 1
  29  0006              	IF 40000<0
  29  0006              ;# 29 "C:\Users\YVTC\Desktop\單晶片微控制器(一)\0508\5-6.c" 1
  29  0006              	ERRMESSAGE 'the value 40000 of the argument exceeds the mininum 0'
  29  0006              	ENDIF
  29  0006              ;# 29 "C:\Users\YVTC\Desktop\單晶片微控制器(一)\0508\5-6.c" 1
  29  0006              	IF 40000==0
  29  0006              ;# 29 "C:\Users\YVTC\Desktop\單晶片微控制器(一)\0508\5-6.c" 1
  29  0006              	JMP $
  29  0006              	ENDIF
  29  0006              ;# 29 "C:\Users\YVTC\Desktop\單晶片微控制器(一)\0508\5-6.c" 1
  29  0006              	IF (40000>=1) AND (40000<( 4 + __PBP__ * 2))
  29  0006              ;# 29 "C:\Users\YVTC\Desktop\單晶片微控制器(一)\0508\5-6.c" 1
  29  0006              	NOP
  29  0006              	ENDIF
  29  0006              ;# 29 "C:\Users\YVTC\Desktop\單晶片微控制器(一)\0508\5-6.c" 1
  29  0006              	IF (40000>=2) AND (40000<( 4 + __PBP__ * 2))
  29  0006              ;# 29 "C:\Users\YVTC\Desktop\單晶片微控制器(一)\0508\5-6.c" 1
  29  0006              	NOP
  29  0006              	ENDIF
  29  0006              ;# 29 "C:\Users\YVTC\Desktop\單晶片微控制器(一)\0508\5-6.c" 1
  29  0006              	IF (40000>=3) AND (40000<( 4 + __PBP__ * 2))
  29  0006              ;# 29 "C:\Users\YVTC\Desktop\單晶片微控制器(一)\0508\5-6.c" 1
  29  0006              	NOP
  29  0006              	ENDIF
  29  0006              ;# 29 "C:\Users\YVTC\Desktop\單晶片微控制器(一)\0508\5-6.c" 1
  29  0006              	IF (40000>=4) AND (40000<( 4 + __PBP__ * 2)) AND ( __PBP__ > 0 )
  29  0006              ;# 29 "C:\Users\YVTC\Desktop\單晶片微控制器(一)\0508\5-6.c" 1
  29  0006              	NOP
  29  0006              	ENDIF
"File: 5-6.c         Assembler  Version HGASM0202      Page 4

  29  0006              ;# 29 "C:\Users\YVTC\Desktop\單晶片微控制器(一)\0508\5-6.c" 1
  29  0006              	IF (40000>=5) AND (40000<( 4 + __PBP__ * 2)) AND ( __PBP__ > 0 )
  29  0006              ;# 29 "C:\Users\YVTC\Desktop\單晶片微控制器(一)\0508\5-6.c" 1
  29  0006              	NOP
  29  0006              	ENDIF
  29  0006              ;# 29 "C:\Users\YVTC\Desktop\單晶片微控制器(一)\0508\5-6.c" 1
  29  0006              	IF (40000>=6) AND (40000<( 4 + __PBP__ * 2))  AND ( __PBP__ > 1 )
  29  0006              ;# 29 "C:\Users\YVTC\Desktop\單晶片微控制器(一)\0508\5-6.c" 1
  29  0006              	NOP
  29  0006              	ENDIF
  29  0006              ;# 29 "C:\Users\YVTC\Desktop\單晶片微控制器(一)\0508\5-6.c" 1
  29  0006              	IF (40000>=7) AND (40000<( 4 + __PBP__ * 2))  AND ( __PBP__ > 1 )
  29  0006              ;# 29 "C:\Users\YVTC\Desktop\單晶片微控制器(一)\0508\5-6.c" 1
  29  0006              	NOP
  29  0006              	ENDIF
  29  0006              ;# 29 "C:\Users\YVTC\Desktop\單晶片微控制器(一)\0508\5-6.c" 1
  29  0006              	IF (40000>=8) AND (40000<( 4 + __PBP__ * 2))  AND ( __PBP__ > 2 )
  29  0006              ;# 29 "C:\Users\YVTC\Desktop\單晶片微控制器(一)\0508\5-6.c" 1
  29  0006              	NOP
  29  0006              	ENDIF
  29  0006              ;# 29 "C:\Users\YVTC\Desktop\單晶片微控制器(一)\0508\5-6.c" 1
  29  0006              	IF (40000==9)  AND ( __PBP__ > 2 )
  29  0006              ;# 29 "C:\Users\YVTC\Desktop\單晶片微控制器(一)\0508\5-6.c" 1
  29  0006              	NOP
  29  0006              	ENDIF
  29  0006              ;# 29 "C:\Users\YVTC\Desktop\單晶片微控制器(一)\0508\5-6.c" 1
  29  0006              	IF (40000< ( 8 + __PBP__ * 2)) AND (40000>( 3 + __PBP__ * 2))
  29  0006              ;# 29 "C:\Users\YVTC\Desktop\單晶片微控制器(一)\0508\5-6.c" 1
  29  0006              	fcall __DELAY3 + ( 7 + __PBP__ * 2) -40000
  29  0006              	ENDIF
  29  0006              ;# 29 "C:\Users\YVTC\Desktop\單晶片微控制器(一)\0508\5-6.c" 1
  29  0006              	IF (40000< ( 0404h + __PBP__ * 2)) AND (40000>( 7 + __PBP__ * 2))
  29  0006              ;# 29 "C:\Users\YVTC\Desktop\單晶片微控制器(一)\0508\5-6.c" 1
  29  0006              	MOV A,(40000-( 4 + __PBP__ * 2))/4
  29  0006              ;# 29 "C:\Users\YVTC\Desktop\單晶片微控制器(一)\0508\5-6.c" 1
  29  0006              	fcall __DELAYX3 + 3 -((40000-( 4 + __PBP__ * 2)) MOD 4) 
  29  0006              	ENDIF
  29  0006              ;# 29 "C:\Users\YVTC\Desktop\單晶片微控制器(一)\0508\5-6.c" 1
  29  0006              	IF (40000< ( 040bh + __PBP__ * 2)) AND (40000> ( 0403h + __PBP__ * 2))
  29  0006              ;# 29 "C:\Users\YVTC\Desktop\單晶片微控制器(一)\0508\5-6.c" 1
  29  0006              	MOV A,0 
  29  0006              ;# 29 "C:\Users\YVTC\Desktop\單晶片微控制器(一)\0508\5-6.c" 1
  29  0006              	fcall __DELAYX6 + ( 040ah + __PBP__ * 2) -40000
  29  0006              	ENDIF
  29  0006              ;# 29 "C:\Users\YVTC\Desktop\單晶片微控制器(一)\0508\5-6.c" 1
  29  0006              	IF (40000 >= ( 040bh + __PBP__ * 2)) AND ((((40000-( 9 + __PBP__ * 2))%0402h)/4+1)>256)
  29  0006              ;# 29 "C:\Users\YVTC\Desktop\單晶片微控制器(一)\0508\5-6.c" 1
  29  0006              	MOV A,(40000-( 9 + __PBP__ * 2))/0402h
  29  0006              ;# 29 "C:\Users\YVTC\Desktop\單晶片微控制器(一)\0508\5-6.c" 1
  29  0006              	MOV _builtin_holtek_delay_2,A
  29  0006              ;# 29 "C:\Users\YVTC\Desktop\單晶片微控制器(一)\0508\5-6.c" 1
  29  0006              	MOV A,0
  29  0006              ;# 29 "C:\Users\YVTC\Desktop\單晶片微控制器(一)\0508\5-6.c" 1
  29  0006              	fcall __DELAYY5 +5- (((40000-( 9 + __PBP__ * 2))%0402h)%6) 
  29  0006              	ENDIF
  29  0006              ;# 29 "C:\Users\YVTC\Desktop\單晶片微控制器(一)\0508\5-6.c" 1
  29  0006              	IF (40000 >= ( 040bh + __PBP__ * 2)) AND ((((40000-( 9 + __PBP__ * 2))%0402h)/4+1)<=256)
  29  0006              ;# 29 "C:\Users\YVTC\Desktop\單晶片微控制器(一)\0508\5-6.c" 1
  29  0006  0F26        	MOV A,(40000-( 9 + __PBP__ * 2))/0402h
  29  0007              ;# 29 "C:\Users\YVTC\Desktop\單晶片微控制器(一)\0508\5-6.c" 1
"File: 5-6.c         Assembler  Version HGASM0202      Page 5

  29  0007  0080     E  	MOV _builtin_holtek_delay_2,A
  29  0008              ;# 29 "C:\Users\YVTC\Desktop\單晶片微控制器(一)\0508\5-6.c" 1
  29  0008  0FFA        	MOV A,((40000-( 9 + __PBP__ * 2))%0402h)/4+1
  29  0009              ;# 29 "C:\Users\YVTC\Desktop\單晶片微控制器(一)\0508\5-6.c" 1
  29  0009              	fcall __DELAYY3 +3-(((40000-( 9 + __PBP__ * 2))%0402h)%4) 
  29  0010              	ENDIF
  30  0010              #line 30 "C:\Users\YVTC\Desktop\單晶片微控制器(一)\0508\5-6.c"
  30  0010  0F38        	mov a,56
  30  0011  0080     R  	mov _LCMWrite_2[0],a
  30  0012  0F00        	mov a,0
  30  0013              	fcall _LCMWrite
  31  001A              #line 31 "C:\Users\YVTC\Desktop\單晶片微控制器(一)\0508\5-6.c"
  31  001A  0F0F        	mov a,15
  31  001B  0080     R  	mov _LCMWrite_2[0],a
  31  001C  0F00        	mov a,0
  31  001D              	fcall _LCMWrite
  32  0024              #line 32 "C:\Users\YVTC\Desktop\單晶片微控制器(一)\0508\5-6.c"
  32  0024  0F06        	mov a,6
  32  0025  0080     R  	mov _LCMWrite_2[0],a
  32  0026  0F00        	mov a,0
  32  0027              	fcall _LCMWrite
  33  002E              #line 33 "C:\Users\YVTC\Desktop\單晶片微控制器(一)\0508\5-6.c"
  33  002E  0F01        	mov a,1
  33  002F  0080     R  	mov _LCMWrite_2[0],a
  33  0030  0F00        	mov a,0
  33  0031              	fcall _LCMWrite
  33  0038  0003        	ret
  33  0039              _LCMInit endp
  33  0039              #line 33 "C:\Users\YVTC\Desktop\單晶片微控制器(一)\0508\5-6.c"
  33  0039              #pragma debug scope 1 1
  33  0039              public _PAUSE
  33  0039              #pragma debug scope 4 1
  53  0039              #line 53 "C:\Users\YVTC\Desktop\單晶片微控制器(一)\0508\5-6.c"
  53  0000              _PAUSE .section 'code'
  53  0000              _PAUSE proc
  53  0000  00              local _PAUSE_2 db 1 dup(?)	; 0,1
  53  0000  0080     R  	mov _PAUSE_2[0],a
  53  0001              #pragma debug variable 8 4 _PAUSE_2+0 "i"
  54  0001              #line 54 "C:\Users\YVTC\Desktop\單晶片微控制器(一)\0508\5-6.c"
  54  0001  1F00     E  	clr ra
  54  0002  2800     R  	jmp _L7
  54  0003              _L8:
  54  0003              #line 54 "C:\Users\YVTC\Desktop\單晶片微控制器(一)\0508\5-6.c"
  54  0003              ;# 54 "C:\Users\YVTC\Desktop\單晶片微控制器(一)\0508\5-6.c" 1
  54  0003              	IF 20000>263690
  54  0003              ;# 54 "C:\Users\YVTC\Desktop\單晶片微控制器(一)\0508\5-6.c" 1
  54  0003              	ERRMESSAGE 'the value 20000of the argument exceeds the maxinum 263690'
  54  0003              	ENDIF
  54  0003              ;# 54 "C:\Users\YVTC\Desktop\單晶片微控制器(一)\0508\5-6.c" 1
  54  0003              	IF 20000<0
  54  0003              ;# 54 "C:\Users\YVTC\Desktop\單晶片微控制器(一)\0508\5-6.c" 1
  54  0003              	ERRMESSAGE 'the value 20000 of the argument exceeds the mininum 0'
  54  0003              	ENDIF
  54  0003              ;# 54 "C:\Users\YVTC\Desktop\單晶片微控制器(一)\0508\5-6.c" 1
  54  0003              	IF 20000==0
  54  0003              ;# 54 "C:\Users\YVTC\Desktop\單晶片微控制器(一)\0508\5-6.c" 1
  54  0003              	JMP $
  54  0003              	ENDIF
  54  0003              ;# 54 "C:\Users\YVTC\Desktop\單晶片微控制器(一)\0508\5-6.c" 1
  54  0003              	IF (20000>=1) AND (20000<( 4 + __PBP__ * 2))
"File: 5-6.c         Assembler  Version HGASM0202      Page 6

  54  0003              ;# 54 "C:\Users\YVTC\Desktop\單晶片微控制器(一)\0508\5-6.c" 1
  54  0003              	NOP
  54  0003              	ENDIF
  54  0003              ;# 54 "C:\Users\YVTC\Desktop\單晶片微控制器(一)\0508\5-6.c" 1
  54  0003              	IF (20000>=2) AND (20000<( 4 + __PBP__ * 2))
  54  0003              ;# 54 "C:\Users\YVTC\Desktop\單晶片微控制器(一)\0508\5-6.c" 1
  54  0003              	NOP
  54  0003              	ENDIF
  54  0003              ;# 54 "C:\Users\YVTC\Desktop\單晶片微控制器(一)\0508\5-6.c" 1
  54  0003              	IF (20000>=3) AND (20000<( 4 + __PBP__ * 2))
  54  0003              ;# 54 "C:\Users\YVTC\Desktop\單晶片微控制器(一)\0508\5-6.c" 1
  54  0003              	NOP
  54  0003              	ENDIF
  54  0003              ;# 54 "C:\Users\YVTC\Desktop\單晶片微控制器(一)\0508\5-6.c" 1
  54  0003              	IF (20000>=4) AND (20000<( 4 + __PBP__ * 2)) AND ( __PBP__ > 0 )
  54  0003              ;# 54 "C:\Users\YVTC\Desktop\單晶片微控制器(一)\0508\5-6.c" 1
  54  0003              	NOP
  54  0003              	ENDIF
  54  0003              ;# 54 "C:\Users\YVTC\Desktop\單晶片微控制器(一)\0508\5-6.c" 1
  54  0003              	IF (20000>=5) AND (20000<( 4 + __PBP__ * 2)) AND ( __PBP__ > 0 )
  54  0003              ;# 54 "C:\Users\YVTC\Desktop\單晶片微控制器(一)\0508\5-6.c" 1
  54  0003              	NOP
  54  0003              	ENDIF
  54  0003              ;# 54 "C:\Users\YVTC\Desktop\單晶片微控制器(一)\0508\5-6.c" 1
  54  0003              	IF (20000>=6) AND (20000<( 4 + __PBP__ * 2))  AND ( __PBP__ > 1 )
  54  0003              ;# 54 "C:\Users\YVTC\Desktop\單晶片微控制器(一)\0508\5-6.c" 1
  54  0003              	NOP
  54  0003              	ENDIF
  54  0003              ;# 54 "C:\Users\YVTC\Desktop\單晶片微控制器(一)\0508\5-6.c" 1
  54  0003              	IF (20000>=7) AND (20000<( 4 + __PBP__ * 2))  AND ( __PBP__ > 1 )
  54  0003              ;# 54 "C:\Users\YVTC\Desktop\單晶片微控制器(一)\0508\5-6.c" 1
  54  0003              	NOP
  54  0003              	ENDIF
  54  0003              ;# 54 "C:\Users\YVTC\Desktop\單晶片微控制器(一)\0508\5-6.c" 1
  54  0003              	IF (20000>=8) AND (20000<( 4 + __PBP__ * 2))  AND ( __PBP__ > 2 )
  54  0003              ;# 54 "C:\Users\YVTC\Desktop\單晶片微控制器(一)\0508\5-6.c" 1
  54  0003              	NOP
  54  0003              	ENDIF
  54  0003              ;# 54 "C:\Users\YVTC\Desktop\單晶片微控制器(一)\0508\5-6.c" 1
  54  0003              	IF (20000==9)  AND ( __PBP__ > 2 )
  54  0003              ;# 54 "C:\Users\YVTC\Desktop\單晶片微控制器(一)\0508\5-6.c" 1
  54  0003              	NOP
  54  0003              	ENDIF
  54  0003              ;# 54 "C:\Users\YVTC\Desktop\單晶片微控制器(一)\0508\5-6.c" 1
  54  0003              	IF (20000< ( 8 + __PBP__ * 2)) AND (20000>( 3 + __PBP__ * 2))
  54  0003              ;# 54 "C:\Users\YVTC\Desktop\單晶片微控制器(一)\0508\5-6.c" 1
  54  0003              	fcall __DELAY3 + ( 7 + __PBP__ * 2) -20000
  54  0003              	ENDIF
  54  0003              ;# 54 "C:\Users\YVTC\Desktop\單晶片微控制器(一)\0508\5-6.c" 1
  54  0003              	IF (20000< ( 0404h + __PBP__ * 2)) AND (20000>( 7 + __PBP__ * 2))
  54  0003              ;# 54 "C:\Users\YVTC\Desktop\單晶片微控制器(一)\0508\5-6.c" 1
  54  0003              	MOV A,(20000-( 4 + __PBP__ * 2))/4
  54  0003              ;# 54 "C:\Users\YVTC\Desktop\單晶片微控制器(一)\0508\5-6.c" 1
  54  0003              	fcall __DELAYX3 + 3 -((20000-( 4 + __PBP__ * 2)) MOD 4) 
  54  0003              	ENDIF
  54  0003              ;# 54 "C:\Users\YVTC\Desktop\單晶片微控制器(一)\0508\5-6.c" 1
  54  0003              	IF (20000< ( 040bh + __PBP__ * 2)) AND (20000> ( 0403h + __PBP__ * 2))
  54  0003              ;# 54 "C:\Users\YVTC\Desktop\單晶片微控制器(一)\0508\5-6.c" 1
  54  0003              	MOV A,0 
  54  0003              ;# 54 "C:\Users\YVTC\Desktop\單晶片微控制器(一)\0508\5-6.c" 1
"File: 5-6.c         Assembler  Version HGASM0202      Page 7

  54  0003              	fcall __DELAYX6 + ( 040ah + __PBP__ * 2) -20000
  54  0003              	ENDIF
  54  0003              ;# 54 "C:\Users\YVTC\Desktop\單晶片微控制器(一)\0508\5-6.c" 1
  54  0003              	IF (20000 >= ( 040bh + __PBP__ * 2)) AND ((((20000-( 9 + __PBP__ * 2))%0402h)/4+1)>256)
  54  0003              ;# 54 "C:\Users\YVTC\Desktop\單晶片微控制器(一)\0508\5-6.c" 1
  54  0003              	MOV A,(20000-( 9 + __PBP__ * 2))/0402h
  54  0003              ;# 54 "C:\Users\YVTC\Desktop\單晶片微控制器(一)\0508\5-6.c" 1
  54  0003              	MOV _builtin_holtek_delay_2,A
  54  0003              ;# 54 "C:\Users\YVTC\Desktop\單晶片微控制器(一)\0508\5-6.c" 1
  54  0003              	MOV A,0
  54  0003              ;# 54 "C:\Users\YVTC\Desktop\單晶片微控制器(一)\0508\5-6.c" 1
  54  0003              	fcall __DELAYY5 +5- (((20000-( 9 + __PBP__ * 2))%0402h)%6) 
  54  0003              	ENDIF
  54  0003              ;# 54 "C:\Users\YVTC\Desktop\單晶片微控制器(一)\0508\5-6.c" 1
  54  0003              	IF (20000 >= ( 040bh + __PBP__ * 2)) AND ((((20000-( 9 + __PBP__ * 2))%0402h)/4+1)<=256)
  54  0003              ;# 54 "C:\Users\YVTC\Desktop\單晶片微控制器(一)\0508\5-6.c" 1
  54  0003  0F13        	MOV A,(20000-( 9 + __PBP__ * 2))/0402h
  54  0004              ;# 54 "C:\Users\YVTC\Desktop\單晶片微控制器(一)\0508\5-6.c" 1
  54  0004  0080     E  	MOV _builtin_holtek_delay_2,A
  54  0005              ;# 54 "C:\Users\YVTC\Desktop\單晶片微控制器(一)\0508\5-6.c" 1
  54  0005  0F7C        	MOV A,((20000-( 9 + __PBP__ * 2))%0402h)/4+1
  54  0006              ;# 54 "C:\Users\YVTC\Desktop\單晶片微控制器(一)\0508\5-6.c" 1
  54  0006              	fcall __DELAYY3 +3-(((20000-( 9 + __PBP__ * 2))%0402h)%4) 
  54  000D              	ENDIF
  54  000D  1480     E  	inc ra
  54  000E              _L7:
  54  000E  0700     E  	mov a,ra
  54  000F  0200     R  	sub a,_PAUSE_2[0]
  54  0010  390A        	snz z
  54  0011  2800     R  	jmp _L8
  54  0012  0003        	ret
  54  0013              _PAUSE endp
  54  0013              #line 54 "C:\Users\YVTC\Desktop\單晶片微控制器(一)\0508\5-6.c"
  54  0013              #pragma debug scope 1 1
  54  0013              ___wdtc equ [62]
  54  0013              public _main
  54  0013              #pragma debug scope 5 1
  11  0013              #line 11 "C:\Users\YVTC\Desktop\單晶片微控制器(一)\0508\5-6.c"
  11  0013              IFDEF WITH_DEFAULT_STARTUP
  11  0013              extern _main_initial0:near
  11  0013              extern _main_startup:near
  11  0013              ENDIF
  11  0013              
  11  0013              ROMBANK 0 @start
  11  0000              @start .section com_l 'code'
  11  0000              _main_startup1:
  11  0000              @start .section com_e 'code'
  11  0000  0F00     R  	mov a,bank _main
  11  0001  008B        	mov bp,a
  11  0002  2800     R  	jmp _main
  11  0003              
  11  0000              _main .section 'code'
  11  0000              _main proc
  11  0000  00              local _main_2 db 1 dup(?)
  11  0001              #pragma debug variable 8 5 _main_2+0 "i"
  12  0001              #line 12 "C:\Users\YVTC\Desktop\單晶片微控制器(一)\0508\5-6.c"
  12  0000  0FAF        	mov a,175
  12  0001  00BE        	mov [62],a
  13  0002              #line 13 "C:\Users\YVTC\Desktop\單晶片微控制器(一)\0508\5-6.c"
  13  0002              	fcall _LCMInit
"File: 5-6.c         Assembler  Version HGASM0202      Page 8

  13  0009              _L11:
  16  0009              #line 16 "C:\Users\YVTC\Desktop\單晶片微控制器(一)\0508\5-6.c"
  16  0009  0F01        	mov a,1
  16  000A  0080     R  	mov _LCMWrite_2[0],a
  16  000B  0F00        	mov a,0
  16  000C              	fcall _LCMWrite
  17  0013              #line 17 "C:\Users\YVTC\Desktop\單晶片微控制器(一)\0508\5-6.c"
  17  0013  1F00     R  	clr _main_2[0]
  17  0014              _L12:
  18  0014              #line 18 "C:\Users\YVTC\Desktop\單晶片微控制器(一)\0508\5-6.c"
  18  0014  0700     R  	mov a,_main_2[0]
  18  0015  0B80        	add a,128
  18  0016  0080     R  	mov _LCMWrite_2[0],a
  18  0017  0F00        	mov a,0
  18  0018              	fcall _LCMWrite
  19  001F              #line 19 "C:\Users\YVTC\Desktop\單晶片微控制器(一)\0508\5-6.c"
  19  001F  0F31        	mov a,49
  19  0020  0080     R  	mov _LCMWrite_2[0],a
  19  0021  0F01        	mov a,1
  19  0022              	fcall _LCMWrite
  19  0029  0F0A        	mov a,10
  19  002A              	fcall _PAUSE
  20  0031              #line 20 "C:\Users\YVTC\Desktop\單晶片微控制器(一)\0508\5-6.c"
  20  0031  0700     R  	mov a,_main_2[0]
  20  0032  0BC0        	add a,192
  20  0033  0080     R  	mov _LCMWrite_2[0],a
  20  0034  0F00        	mov a,0
  20  0035              	fcall _LCMWrite
  21  003C              #line 21 "C:\Users\YVTC\Desktop\單晶片微控制器(一)\0508\5-6.c"
  21  003C  0F32        	mov a,50
  21  003D  0080     R  	mov _LCMWrite_2[0],a
  21  003E  0F01        	mov a,1
  21  003F              	fcall _LCMWrite
  21  0046  0F0A        	mov a,10
  21  0047              	fcall _PAUSE
  17  004E              #line 17 "C:\Users\YVTC\Desktop\單晶片微控制器(一)\0508\5-6.c"
  17  004E  1480     R  	inc _main_2[0]
  17  004F  0700     R  	mov a,_main_2[0]
  17  0050  0A14        	sub a,20
  17  0051  390A        	snz z
  17  0052  2800     R  	jmp _L12
  17  0053  2800     R  	jmp _L11
  17  0054  2800     R  	jmp $
  17  0055              _main endp
  17  0055              
  17  0055              @dummy endp
  17  0055              
  17  0055              #line 17 "C:\Users\YVTC\Desktop\單晶片微控制器(一)\0508\5-6.c"
  17  0055              #pragma debug scope 1 1
  17  0055              #pragma debug struct_end
  17  0055              #pragma debug struct_end
  17  0055              #pragma debug union_end
  17  0055              #pragma debug union_end
  17  0055              #pragma debug variable 43 1 ___pg "__pg" 1
  17  0055              #pragma debug struct_end
  17  0055              #pragma debug struct_end
  17  0055              #pragma debug union_end
  17  0055              #pragma debug union_end
  17  0055              #pragma debug variable 45 1 ___pgc "__pgc" 1
  17  0055              #pragma debug struct_end
"File: 5-6.c         Assembler  Version HGASM0202      Page 9

  17  0055              #pragma debug struct_end
  17  0055              #pragma debug union_end
  17  0055              #pragma debug union_end
  17  0055              #pragma debug variable 47 1 ___ph "__ph" 1
  17  0055              #pragma debug struct_end
  17  0055              #pragma debug struct_end
  17  0055              #pragma debug union_end
  17  0055              #pragma debug union_end
  17  0055              #pragma debug variable 49 1 ___phc "__phc" 1
  17  0055              #pragma debug struct_end
  17  0055              #pragma debug struct_end
  17  0055              #pragma debug union_end
  17  0055              #pragma debug union_end
  17  0055              #pragma debug variable 51 1 ___wdtc "__wdtc" 1
  11  0055              #line 11 "C:\Users\YVTC\Desktop\單晶片微控制器(一)\0508\5-6.c"
  11  0000              @code .section at 0 'code'
  11  0000  1F0B        	clr bp
  11  0001  2800     R  	jmp _main_startup1
  11  0002              
  11  0002              
  11  0002              ; 
  11  0002              ; Generated by holtek-gcc v3.18, Tue May 22 15:23:52 2018
  11  0002              ; Rebuild 126
  11  0002              ; end of file


        0 Errors, 0