"File: 5-8.c         Assembler  Version HGASM0202      Page 1


   1  0000              ; Generated by holtek-gcc v3.18, Tue May 15 10:02:46 2018
   2  0000              ; 
   3  0000              ; Configuration:
   4  0000              ;       with long instruction
   5  0000              ;       Multi-ROM, Multi-RAM
   6  0000              ;       bits_per_rom_unit:16
   7  0000              ;       with mp1
   8  0000              ;       with tbhp, address(0x9)
   9  0000              ;          Use tabrd-const
  10  0000              ;       
  11  0000              ; SFR address of long-instruction arch:
  12  0000              ;    mp0 = -1,1,0
  13  0000              ;    mp1 = 4,3,2
  14  0000              ;    mp2 = 14,13,12
  15  0000              ;    tbp = 9,7,8
  16  0000              ;    acc = 5
  17  0000              ;    pcl = 6
  18  0000              ;    status = 10
  19  0000              ;    bp = 11
  20  0000              ;    intc = 48
  21  0000              ;       
  22  0000              ;       
  23  0000              ; use 'tabrdc' instead of 'tabrd'
  24  0000              ;       
  25  0000              
  26  0000              #pragma translator "holtek-gcc 4.6.4" "3.18" "build 20130711"
  27  0000              ; Rebuild 126
  28  0000              
  29  0000              ir equ [2]
  30  0000              mp equ [3]
  31  0000              sbp equ [4]
  32  0000              acc equ [5]
  33  0000              bp equ [11]
  34  0000              tblp equ [7]
  35  0000              tbhp equ [9]
  36  0000              status equ [10]
  37  0000              c equ [10].0
  38  0000              ac equ [10].1
  39  0000              z equ [10].2
  40  0000              ov equ [10].3
  41  0000              cz equ [10].6
  42  0000              sc equ [10].7
  43  0000              intc equ [48]
  44  0000              
  45  0000              extern ra:byte
  46  0000              extern rb:byte
  47  0000              extern rc:byte
  48  0000              extern rd:byte
  49  0000              extern re:byte
  50  0000              extern rf:byte
  51  0000              extern rg:byte
  52  0000              extern rh:byte
  53  0000              extern _Crom2Prom:near
  54  0000              extern _Crom2PromNext:near
  55  0000              
  56  0000              RAMBANK 0 @BITDATASEC, @BITDATASEC1
  57  0000              @HCCINIT	.section 'data'
  58  0000              @HCCINIT0	.section 'data'
  59  0000              @BITDATASEC	 .section 'data'
"File: 5-8.ASM       Assembler  Version HGASM0202      Page 2

  60  0000              @BITDATASEC1	 .section 'data'
  61  0000              
  62  0000              #pragma debug scope 1 1
  63  0000              	extern __DELAY3:near
  64  0000              	extern __DELAYX3:near
  65  0000              	extern __DELAYX6:near
  66  0000              	extern __DELAYY5:near
  67  0000              	extern __DELAYY3:near
  68  0000              	extern _builtin_holtek_delay_2:byte
  69  0000              ___pgc equ [43]
  70  0000              ___ph equ [46]
  71  0000              ___pg equ [42]
  72  0000              public _LCMWrite
  73  0000              #pragma debug scope 2 1

  46  0000              #line 46 "C:\Users\YVTC\Desktop\單晶片微控制器(一)\0515\5-8.c"
  46  0000              _LCMWrite .section 'code'
  46  0000              _LCMWrite proc
  46  0000              public _LCMWrite_2
  46  0000  0002[           local _LCMWrite_2 db 2 dup(?)	; 1,1
            00
            ]
  46  0000  0080     R  	mov _LCMWrite_2[1],a
  46  0001              #pragma debug variable 8 2 _LCMWrite_2+1 "DCFlag"
  46  0001              #pragma debug variable 8 2 _LCMWrite_2+0 "CD"
  47  0001              #line 47 "C:\Users\YVTC\Desktop\單晶片微控制器(一)\0515\5-8.c"
  47  0001  1FAB        	set [43]
  48  0002              #line 48 "C:\Users\YVTC\Desktop\單晶片微控制器(一)\0515\5-8.c"
  48  0002  342E        	clr [46].0
  48  0003  30AE        	set [46].1
  49  0004              #line 49 "C:\Users\YVTC\Desktop\單晶片微控制器(一)\0515\5-8.c"
  49  0004              ;# 49 "C:\Users\YVTC\Desktop\單晶片微控制器(一)\0515\5-8.c" 1
  49  0004  0000        	nop
  49  0005              _L3:
  51  0005              #line 51 "C:\Users\YVTC\Desktop\單晶片微控制器(一)\0515\5-8.c"
  51  0005  312E        	set [46].2
  51  0006              ;# 51 "C:\Users\YVTC\Desktop\單晶片微控制器(一)\0515\5-8.c" 1
  51  0006  0000        	nop
  52  0007              #line 52 "C:\Users\YVTC\Desktop\單晶片微控制器(一)\0515\5-8.c"
  52  0007  072A        	mov a,[42]
  52  0008  0080     E  	mov ra,a
  53  0009              #line 53 "C:\Users\YVTC\Desktop\單晶片微控制器(一)\0515\5-8.c"
  53  0009  352E        	clr [46].2
  54  000A              #line 54 "C:\Users\YVTC\Desktop\單晶片微控制器(一)\0515\5-8.c"
  54  000A  3C00     E  	sz ra.7
  54  000B  2800     R  	jmp _L3
  55  000C              #line 55 "C:\Users\YVTC\Desktop\單晶片微控制器(一)\0515\5-8.c"
  55  000C  1F2B        	clr [43]
  56  000D              #line 56 "C:\Users\YVTC\Desktop\單晶片微控制器(一)\0515\5-8.c"
  56  000D  34AE        	clr [46].1
  57  000E              #line 57 "C:\Users\YVTC\Desktop\單晶片微控制器(一)\0515\5-8.c"
  57  000E  0700     R  	mov a,_LCMWrite_2[1]
  57  000F  0E01        	and a,1
  57  0010  0080     E  	mov rb,a
  57  0011  342E        	clr [46].0
  57  0012  0700     E  	mov a,rb
  57  0013  05AE        	orm a,[46]
  58  0014              #line 58 "C:\Users\YVTC\Desktop\單晶片微控制器(一)\0515\5-8.c"
  58  0014  0700     R  	mov a,_LCMWrite_2[0]
  58  0015  00AA        	mov [42],a
"File: 5-8.c         Assembler  Version HGASM0202      Page 3

  59  0016              #line 59 "C:\Users\YVTC\Desktop\單晶片微控制器(一)\0515\5-8.c"
  59  0016  312E        	set [46].2
  59  0017              ;# 59 "C:\Users\YVTC\Desktop\單晶片微控制器(一)\0515\5-8.c" 1
  59  0017  0000        	nop
  59  0018  352E        	clr [46].2
  61  0019              #line 61 "C:\Users\YVTC\Desktop\單晶片微控制器(一)\0515\5-8.c"
  61  0019  0700     E  	mov a,ra
  61  001A  0003        	ret
  61  001B              _LCMWrite endp
  61  001B              #line 61 "C:\Users\YVTC\Desktop\單晶片微控制器(一)\0515\5-8.c"
  61  001B              #pragma debug scope 1 1
  61  001B              ___phc equ [47]
  61  001B              public _LCMInit
  61  001B              #pragma debug scope 3 1
  37  001B              #line 37 "C:\Users\YVTC\Desktop\單晶片微控制器(一)\0515\5-8.c"
  37  0000              _LCMInit .section 'code'
  37  0000              _LCMInit proc
  37  0000  352E        	clr [46].2
  37  0001  34AE        	clr [46].1
  37  0002  342E        	clr [46].0
  38  0003              #line 38 "C:\Users\YVTC\Desktop\單晶片微控制器(一)\0515\5-8.c"
  38  0003  352F        	clr [47].2
  38  0004  34AF        	clr [47].1
  38  0005  342F        	clr [47].0
  39  0006              #line 39 "C:\Users\YVTC\Desktop\單晶片微控制器(一)\0515\5-8.c"
  39  0006              ;# 39 "C:\Users\YVTC\Desktop\單晶片微控制器(一)\0515\5-8.c" 1
  39  0006              	IF 50000>263690
  39  0006              ;# 39 "C:\Users\YVTC\Desktop\單晶片微控制器(一)\0515\5-8.c" 1
  39  0006              	ERRMESSAGE 'the value 50000of the argument exceeds the maxinum 263690'
  39  0006              	ENDIF
  39  0006              ;# 39 "C:\Users\YVTC\Desktop\單晶片微控制器(一)\0515\5-8.c" 1
  39  0006              	IF 50000<0
  39  0006              ;# 39 "C:\Users\YVTC\Desktop\單晶片微控制器(一)\0515\5-8.c" 1
  39  0006              	ERRMESSAGE 'the value 50000 of the argument exceeds the mininum 0'
  39  0006              	ENDIF
  39  0006              ;# 39 "C:\Users\YVTC\Desktop\單晶片微控制器(一)\0515\5-8.c" 1
  39  0006              	IF 50000==0
  39  0006              ;# 39 "C:\Users\YVTC\Desktop\單晶片微控制器(一)\0515\5-8.c" 1
  39  0006              	JMP $
  39  0006              	ENDIF
  39  0006              ;# 39 "C:\Users\YVTC\Desktop\單晶片微控制器(一)\0515\5-8.c" 1
  39  0006              	IF (50000>=1) AND (50000<( 4 + __PBP__ * 2))
  39  0006              ;# 39 "C:\Users\YVTC\Desktop\單晶片微控制器(一)\0515\5-8.c" 1
  39  0006              	NOP
  39  0006              	ENDIF
  39  0006              ;# 39 "C:\Users\YVTC\Desktop\單晶片微控制器(一)\0515\5-8.c" 1
  39  0006              	IF (50000>=2) AND (50000<( 4 + __PBP__ * 2))
  39  0006              ;# 39 "C:\Users\YVTC\Desktop\單晶片微控制器(一)\0515\5-8.c" 1
  39  0006              	NOP
  39  0006              	ENDIF
  39  0006              ;# 39 "C:\Users\YVTC\Desktop\單晶片微控制器(一)\0515\5-8.c" 1
  39  0006              	IF (50000>=3) AND (50000<( 4 + __PBP__ * 2))
  39  0006              ;# 39 "C:\Users\YVTC\Desktop\單晶片微控制器(一)\0515\5-8.c" 1
  39  0006              	NOP
  39  0006              	ENDIF
  39  0006              ;# 39 "C:\Users\YVTC\Desktop\單晶片微控制器(一)\0515\5-8.c" 1
  39  0006              	IF (50000>=4) AND (50000<( 4 + __PBP__ * 2)) AND ( __PBP__ > 0 )
  39  0006              ;# 39 "C:\Users\YVTC\Desktop\單晶片微控制器(一)\0515\5-8.c" 1
  39  0006              	NOP
  39  0006              	ENDIF
"File: 5-8.c         Assembler  Version HGASM0202      Page 4

  39  0006              ;# 39 "C:\Users\YVTC\Desktop\單晶片微控制器(一)\0515\5-8.c" 1
  39  0006              	IF (50000>=5) AND (50000<( 4 + __PBP__ * 2)) AND ( __PBP__ > 0 )
  39  0006              ;# 39 "C:\Users\YVTC\Desktop\單晶片微控制器(一)\0515\5-8.c" 1
  39  0006              	NOP
  39  0006              	ENDIF
  39  0006              ;# 39 "C:\Users\YVTC\Desktop\單晶片微控制器(一)\0515\5-8.c" 1
  39  0006              	IF (50000>=6) AND (50000<( 4 + __PBP__ * 2))  AND ( __PBP__ > 1 )
  39  0006              ;# 39 "C:\Users\YVTC\Desktop\單晶片微控制器(一)\0515\5-8.c" 1
  39  0006              	NOP
  39  0006              	ENDIF
  39  0006              ;# 39 "C:\Users\YVTC\Desktop\單晶片微控制器(一)\0515\5-8.c" 1
  39  0006              	IF (50000>=7) AND (50000<( 4 + __PBP__ * 2))  AND ( __PBP__ > 1 )
  39  0006              ;# 39 "C:\Users\YVTC\Desktop\單晶片微控制器(一)\0515\5-8.c" 1
  39  0006              	NOP
  39  0006              	ENDIF
  39  0006              ;# 39 "C:\Users\YVTC\Desktop\單晶片微控制器(一)\0515\5-8.c" 1
  39  0006              	IF (50000>=8) AND (50000<( 4 + __PBP__ * 2))  AND ( __PBP__ > 2 )
  39  0006              ;# 39 "C:\Users\YVTC\Desktop\單晶片微控制器(一)\0515\5-8.c" 1
  39  0006              	NOP
  39  0006              	ENDIF
  39  0006              ;# 39 "C:\Users\YVTC\Desktop\單晶片微控制器(一)\0515\5-8.c" 1
  39  0006              	IF (50000==9)  AND ( __PBP__ > 2 )
  39  0006              ;# 39 "C:\Users\YVTC\Desktop\單晶片微控制器(一)\0515\5-8.c" 1
  39  0006              	NOP
  39  0006              	ENDIF
  39  0006              ;# 39 "C:\Users\YVTC\Desktop\單晶片微控制器(一)\0515\5-8.c" 1
  39  0006              	IF (50000< ( 8 + __PBP__ * 2)) AND (50000>( 3 + __PBP__ * 2))
  39  0006              ;# 39 "C:\Users\YVTC\Desktop\單晶片微控制器(一)\0515\5-8.c" 1
  39  0006              	fcall __DELAY3 + ( 7 + __PBP__ * 2) -50000
  39  0006              	ENDIF
  39  0006              ;# 39 "C:\Users\YVTC\Desktop\單晶片微控制器(一)\0515\5-8.c" 1
  39  0006              	IF (50000< ( 0404h + __PBP__ * 2)) AND (50000>( 7 + __PBP__ * 2))
  39  0006              ;# 39 "C:\Users\YVTC\Desktop\單晶片微控制器(一)\0515\5-8.c" 1
  39  0006              	MOV A,(50000-( 4 + __PBP__ * 2))/4
  39  0006              ;# 39 "C:\Users\YVTC\Desktop\單晶片微控制器(一)\0515\5-8.c" 1
  39  0006              	fcall __DELAYX3 + 3 -((50000-( 4 + __PBP__ * 2)) MOD 4) 
  39  0006              	ENDIF
  39  0006              ;# 39 "C:\Users\YVTC\Desktop\單晶片微控制器(一)\0515\5-8.c" 1
  39  0006              	IF (50000< ( 040bh + __PBP__ * 2)) AND (50000> ( 0403h + __PBP__ * 2))
  39  0006              ;# 39 "C:\Users\YVTC\Desktop\單晶片微控制器(一)\0515\5-8.c" 1
  39  0006              	MOV A,0 
  39  0006              ;# 39 "C:\Users\YVTC\Desktop\單晶片微控制器(一)\0515\5-8.c" 1
  39  0006              	fcall __DELAYX6 + ( 040ah + __PBP__ * 2) -50000
  39  0006              	ENDIF
  39  0006              ;# 39 "C:\Users\YVTC\Desktop\單晶片微控制器(一)\0515\5-8.c" 1
  39  0006              	IF (50000 >= ( 040bh + __PBP__ * 2)) AND ((((50000-( 9 + __PBP__ * 2))%0402h)/4+1)>256)
  39  0006              ;# 39 "C:\Users\YVTC\Desktop\單晶片微控制器(一)\0515\5-8.c" 1
  39  0006              	MOV A,(50000-( 9 + __PBP__ * 2))/0402h
  39  0006              ;# 39 "C:\Users\YVTC\Desktop\單晶片微控制器(一)\0515\5-8.c" 1
  39  0006              	MOV _builtin_holtek_delay_2,A
  39  0006              ;# 39 "C:\Users\YVTC\Desktop\單晶片微控制器(一)\0515\5-8.c" 1
  39  0006              	MOV A,0
  39  0006              ;# 39 "C:\Users\YVTC\Desktop\單晶片微控制器(一)\0515\5-8.c" 1
  39  0006              	fcall __DELAYY5 +5- (((50000-( 9 + __PBP__ * 2))%0402h)%6) 
  39  0006              	ENDIF
  39  0006              ;# 39 "C:\Users\YVTC\Desktop\單晶片微控制器(一)\0515\5-8.c" 1
  39  0006              	IF (50000 >= ( 040bh + __PBP__ * 2)) AND ((((50000-( 9 + __PBP__ * 2))%0402h)/4+1)<=256)
  39  0006              ;# 39 "C:\Users\YVTC\Desktop\單晶片微控制器(一)\0515\5-8.c" 1
  39  0006  0F30        	MOV A,(50000-( 9 + __PBP__ * 2))/0402h
  39  0007              ;# 39 "C:\Users\YVTC\Desktop\單晶片微控制器(一)\0515\5-8.c" 1
"File: 5-8.c         Assembler  Version HGASM0202      Page 5

  39  0007  0080     E  	MOV _builtin_holtek_delay_2,A
  39  0008              ;# 39 "C:\Users\YVTC\Desktop\單晶片微控制器(一)\0515\5-8.c" 1
  39  0008  0FB9        	MOV A,((50000-( 9 + __PBP__ * 2))%0402h)/4+1
  39  0009              ;# 39 "C:\Users\YVTC\Desktop\單晶片微控制器(一)\0515\5-8.c" 1
  39  0009              	fcall __DELAYY3 +3-(((50000-( 9 + __PBP__ * 2))%0402h)%4) 
  39  0010              	ENDIF
  40  0010              #line 40 "C:\Users\YVTC\Desktop\單晶片微控制器(一)\0515\5-8.c"
  40  0010  0F38        	mov a,56
  40  0011  0080     R  	mov _LCMWrite_2[0],a
  40  0012  0F00        	mov a,0
  40  0013              	fcall _LCMWrite
  41  001A              #line 41 "C:\Users\YVTC\Desktop\單晶片微控制器(一)\0515\5-8.c"
  41  001A  0F0F        	mov a,15
  41  001B  0080     R  	mov _LCMWrite_2[0],a
  41  001C  0F00        	mov a,0
  41  001D              	fcall _LCMWrite
  42  0024              #line 42 "C:\Users\YVTC\Desktop\單晶片微控制器(一)\0515\5-8.c"
  42  0024  0F06        	mov a,6
  42  0025  0080     R  	mov _LCMWrite_2[0],a
  42  0026  0F00        	mov a,0
  42  0027              	fcall _LCMWrite
  43  002E              #line 43 "C:\Users\YVTC\Desktop\單晶片微控制器(一)\0515\5-8.c"
  43  002E  0F01        	mov a,1
  43  002F  0080     R  	mov _LCMWrite_2[0],a
  43  0030  0F00        	mov a,0
  43  0031              	fcall _LCMWrite
  43  0038  0003        	ret
  43  0039              _LCMInit endp
  43  0039              #line 43 "C:\Users\YVTC\Desktop\單晶片微控制器(一)\0515\5-8.c"
  43  0039              #pragma debug scope 1 1
  43  0039              ___pec equ [35]
  43  0039              ___pepu equ [33]
  43  0039              ___pe equ [34]
  43  0039              public _ScanKey
  43  0039              #pragma debug scope 4 1
  63  0039              #line 63 "C:\Users\YVTC\Desktop\單晶片微控制器(一)\0515\5-8.c"
  63  0000              _ScanKey .section 'code'
  63  0000              _ScanKey proc
  64  0000              #line 64 "C:\Users\YVTC\Desktop\單晶片微控制器(一)\0515\5-8.c"
  64  0000  0FF0        	mov a,240
  64  0001  00A3        	mov [35],a
  64  0002  0FF0        	mov a,240
  64  0003  00A1        	mov [33],a
  65  0004              #line 65 "C:\Users\YVTC\Desktop\單晶片微控制器(一)\0515\5-8.c"
  65  0004  0FFE        	mov a,254
  65  0005  00A2        	mov [34],a
  63  0006              #line 63 "C:\Users\YVTC\Desktop\單晶片微控制器(一)\0515\5-8.c"
  63  0006  1F00     E  	clr ra
  63  0007              _L11:
  67  0007              #line 67 "C:\Users\YVTC\Desktop\單晶片微控制器(一)\0515\5-8.c"
  67  0007  3BA2        	snz [34].7
  67  0008  2800     R  	jmp _L7
  69  0009              #line 69 "C:\Users\YVTC\Desktop\單晶片微控制器(一)\0515\5-8.c"
  69  0009  3F22        	sz [34].6
  69  000A  2800     R  	jmp _L8
  68  000B              #line 68 "C:\Users\YVTC\Desktop\單晶片微控制器(一)\0515\5-8.c"
  68  000B  1480     E  	inc ra
  68  000C  2800     R  	jmp _L7
  68  000D              _L8:
  71  000D              #line 71 "C:\Users\YVTC\Desktop\單晶片微控制器(一)\0515\5-8.c"
"File: 5-8.c         Assembler  Version HGASM0202      Page 6

  71  000D  3EA2        	sz [34].5
  71  000E  2800     R  	jmp _L9
  70  000F              #line 70 "C:\Users\YVTC\Desktop\單晶片微控制器(一)\0515\5-8.c"
  70  000F  0F02        	mov a,2
  70  0010  0380     E  	addm a,ra
  70  0011  2800     R  	jmp _L7
  70  0012              _L9:
  73  0012              #line 73 "C:\Users\YVTC\Desktop\單晶片微控制器(一)\0515\5-8.c"
  73  0012  3E22        	sz [34].4
  73  0013  2800     R  	jmp _L10
  72  0014              #line 72 "C:\Users\YVTC\Desktop\單晶片微控制器(一)\0515\5-8.c"
  72  0014  0F03        	mov a,3
  72  0015  0380     E  	addm a,ra
  72  0016  2800     R  	jmp _L7
  72  0017              _L10:
  74  0017              #line 74 "C:\Users\YVTC\Desktop\單晶片微控制器(一)\0515\5-8.c"
  74  0017  0F04        	mov a,4
  74  0018  0380     E  	addm a,ra
  75  0019              #line 75 "C:\Users\YVTC\Desktop\單晶片微控制器(一)\0515\5-8.c"
  75  0019  0722        	mov a,[34]
  75  001A  03A2        	addm a,[34]
  75  001B  3022        	set [34].0
  66  001C              #line 66 "C:\Users\YVTC\Desktop\單晶片微控制器(一)\0515\5-8.c"
  66  001C  0700     E  	mov a,ra
  66  001D  0A10        	sub a,16
  66  001E  390A        	snz z
  66  001F  2800     R  	jmp _L11
  66  0020              _L7:
  78  0020              #line 78 "C:\Users\YVTC\Desktop\單晶片微控制器(一)\0515\5-8.c"
  78  0020  0700     E  	mov a,ra
  78  0021  0003        	ret
  78  0022              _ScanKey endp
  78  0022              #line 78 "C:\Users\YVTC\Desktop\單晶片微控制器(一)\0515\5-8.c"
  78  0022              #pragma debug scope 1 1
  78  0022              public _PAUSE
  78  0022              #pragma debug scope 5 1
  80  0022              #line 80 "C:\Users\YVTC\Desktop\單晶片微控制器(一)\0515\5-8.c"
  80  0000              _PAUSE .section 'code'
  80  0000              _PAUSE proc
  80  0000  00              local _PAUSE_2 db 1 dup(?)	; 0,1
  80  0000  0080     R  	mov _PAUSE_2[0],a
  80  0001              #pragma debug variable 8 5 _PAUSE_2+0 "i"
  81  0001              #line 81 "C:\Users\YVTC\Desktop\單晶片微控制器(一)\0515\5-8.c"
  81  0001  1F00     E  	clr ra
  81  0002  2800     R  	jmp _L16
  81  0003              _L17:
  81  0003              #line 81 "C:\Users\YVTC\Desktop\單晶片微控制器(一)\0515\5-8.c"
  81  0003              ;# 81 "C:\Users\YVTC\Desktop\單晶片微控制器(一)\0515\5-8.c" 1
  81  0003              	IF 20000>263690
  81  0003              ;# 81 "C:\Users\YVTC\Desktop\單晶片微控制器(一)\0515\5-8.c" 1
  81  0003              	ERRMESSAGE 'the value 20000of the argument exceeds the maxinum 263690'
  81  0003              	ENDIF
  81  0003              ;# 81 "C:\Users\YVTC\Desktop\單晶片微控制器(一)\0515\5-8.c" 1
  81  0003              	IF 20000<0
  81  0003              ;# 81 "C:\Users\YVTC\Desktop\單晶片微控制器(一)\0515\5-8.c" 1
  81  0003              	ERRMESSAGE 'the value 20000 of the argument exceeds the mininum 0'
  81  0003              	ENDIF
  81  0003              ;# 81 "C:\Users\YVTC\Desktop\單晶片微控制器(一)\0515\5-8.c" 1
  81  0003              	IF 20000==0
  81  0003              ;# 81 "C:\Users\YVTC\Desktop\單晶片微控制器(一)\0515\5-8.c" 1
"File: 5-8.c         Assembler  Version HGASM0202      Page 7

  81  0003              	JMP $
  81  0003              	ENDIF
  81  0003              ;# 81 "C:\Users\YVTC\Desktop\單晶片微控制器(一)\0515\5-8.c" 1
  81  0003              	IF (20000>=1) AND (20000<( 4 + __PBP__ * 2))
  81  0003              ;# 81 "C:\Users\YVTC\Desktop\單晶片微控制器(一)\0515\5-8.c" 1
  81  0003              	NOP
  81  0003              	ENDIF
  81  0003              ;# 81 "C:\Users\YVTC\Desktop\單晶片微控制器(一)\0515\5-8.c" 1
  81  0003              	IF (20000>=2) AND (20000<( 4 + __PBP__ * 2))
  81  0003              ;# 81 "C:\Users\YVTC\Desktop\單晶片微控制器(一)\0515\5-8.c" 1
  81  0003              	NOP
  81  0003              	ENDIF
  81  0003              ;# 81 "C:\Users\YVTC\Desktop\單晶片微控制器(一)\0515\5-8.c" 1
  81  0003              	IF (20000>=3) AND (20000<( 4 + __PBP__ * 2))
  81  0003              ;# 81 "C:\Users\YVTC\Desktop\單晶片微控制器(一)\0515\5-8.c" 1
  81  0003              	NOP
  81  0003              	ENDIF
  81  0003              ;# 81 "C:\Users\YVTC\Desktop\單晶片微控制器(一)\0515\5-8.c" 1
  81  0003              	IF (20000>=4) AND (20000<( 4 + __PBP__ * 2)) AND ( __PBP__ > 0 )
  81  0003              ;# 81 "C:\Users\YVTC\Desktop\單晶片微控制器(一)\0515\5-8.c" 1
  81  0003              	NOP
  81  0003              	ENDIF
  81  0003              ;# 81 "C:\Users\YVTC\Desktop\單晶片微控制器(一)\0515\5-8.c" 1
  81  0003              	IF (20000>=5) AND (20000<( 4 + __PBP__ * 2)) AND ( __PBP__ > 0 )
  81  0003              ;# 81 "C:\Users\YVTC\Desktop\單晶片微控制器(一)\0515\5-8.c" 1
  81  0003              	NOP
  81  0003              	ENDIF
  81  0003              ;# 81 "C:\Users\YVTC\Desktop\單晶片微控制器(一)\0515\5-8.c" 1
  81  0003              	IF (20000>=6) AND (20000<( 4 + __PBP__ * 2))  AND ( __PBP__ > 1 )
  81  0003              ;# 81 "C:\Users\YVTC\Desktop\單晶片微控制器(一)\0515\5-8.c" 1
  81  0003              	NOP
  81  0003              	ENDIF
  81  0003              ;# 81 "C:\Users\YVTC\Desktop\單晶片微控制器(一)\0515\5-8.c" 1
  81  0003              	IF (20000>=7) AND (20000<( 4 + __PBP__ * 2))  AND ( __PBP__ > 1 )
  81  0003              ;# 81 "C:\Users\YVTC\Desktop\單晶片微控制器(一)\0515\5-8.c" 1
  81  0003              	NOP
  81  0003              	ENDIF
  81  0003              ;# 81 "C:\Users\YVTC\Desktop\單晶片微控制器(一)\0515\5-8.c" 1
  81  0003              	IF (20000>=8) AND (20000<( 4 + __PBP__ * 2))  AND ( __PBP__ > 2 )
  81  0003              ;# 81 "C:\Users\YVTC\Desktop\單晶片微控制器(一)\0515\5-8.c" 1
  81  0003              	NOP
  81  0003              	ENDIF
  81  0003              ;# 81 "C:\Users\YVTC\Desktop\單晶片微控制器(一)\0515\5-8.c" 1
  81  0003              	IF (20000==9)  AND ( __PBP__ > 2 )
  81  0003              ;# 81 "C:\Users\YVTC\Desktop\單晶片微控制器(一)\0515\5-8.c" 1
  81  0003              	NOP
  81  0003              	ENDIF
  81  0003              ;# 81 "C:\Users\YVTC\Desktop\單晶片微控制器(一)\0515\5-8.c" 1
  81  0003              	IF (20000< ( 8 + __PBP__ * 2)) AND (20000>( 3 + __PBP__ * 2))
  81  0003              ;# 81 "C:\Users\YVTC\Desktop\單晶片微控制器(一)\0515\5-8.c" 1
  81  0003              	fcall __DELAY3 + ( 7 + __PBP__ * 2) -20000
  81  0003              	ENDIF
  81  0003              ;# 81 "C:\Users\YVTC\Desktop\單晶片微控制器(一)\0515\5-8.c" 1
  81  0003              	IF (20000< ( 0404h + __PBP__ * 2)) AND (20000>( 7 + __PBP__ * 2))
  81  0003              ;# 81 "C:\Users\YVTC\Desktop\單晶片微控制器(一)\0515\5-8.c" 1
  81  0003              	MOV A,(20000-( 4 + __PBP__ * 2))/4
  81  0003              ;# 81 "C:\Users\YVTC\Desktop\單晶片微控制器(一)\0515\5-8.c" 1
  81  0003              	fcall __DELAYX3 + 3 -((20000-( 4 + __PBP__ * 2)) MOD 4) 
  81  0003              	ENDIF
  81  0003              ;# 81 "C:\Users\YVTC\Desktop\單晶片微控制器(一)\0515\5-8.c" 1
"File: 5-8.c         Assembler  Version HGASM0202      Page 8

  81  0003              	IF (20000< ( 040bh + __PBP__ * 2)) AND (20000> ( 0403h + __PBP__ * 2))
  81  0003              ;# 81 "C:\Users\YVTC\Desktop\單晶片微控制器(一)\0515\5-8.c" 1
  81  0003              	MOV A,0 
  81  0003              ;# 81 "C:\Users\YVTC\Desktop\單晶片微控制器(一)\0515\5-8.c" 1
  81  0003              	fcall __DELAYX6 + ( 040ah + __PBP__ * 2) -20000
  81  0003              	ENDIF
  81  0003              ;# 81 "C:\Users\YVTC\Desktop\單晶片微控制器(一)\0515\5-8.c" 1
  81  0003              	IF (20000 >= ( 040bh + __PBP__ * 2)) AND ((((20000-( 9 + __PBP__ * 2))%0402h)/4+1)>256)
  81  0003              ;# 81 "C:\Users\YVTC\Desktop\單晶片微控制器(一)\0515\5-8.c" 1
  81  0003              	MOV A,(20000-( 9 + __PBP__ * 2))/0402h
  81  0003              ;# 81 "C:\Users\YVTC\Desktop\單晶片微控制器(一)\0515\5-8.c" 1
  81  0003              	MOV _builtin_holtek_delay_2,A
  81  0003              ;# 81 "C:\Users\YVTC\Desktop\單晶片微控制器(一)\0515\5-8.c" 1
  81  0003              	MOV A,0
  81  0003              ;# 81 "C:\Users\YVTC\Desktop\單晶片微控制器(一)\0515\5-8.c" 1
  81  0003              	fcall __DELAYY5 +5- (((20000-( 9 + __PBP__ * 2))%0402h)%6) 
  81  0003              	ENDIF
  81  0003              ;# 81 "C:\Users\YVTC\Desktop\單晶片微控制器(一)\0515\5-8.c" 1
  81  0003              	IF (20000 >= ( 040bh + __PBP__ * 2)) AND ((((20000-( 9 + __PBP__ * 2))%0402h)/4+1)<=256)
  81  0003              ;# 81 "C:\Users\YVTC\Desktop\單晶片微控制器(一)\0515\5-8.c" 1
  81  0003  0F13        	MOV A,(20000-( 9 + __PBP__ * 2))/0402h
  81  0004              ;# 81 "C:\Users\YVTC\Desktop\單晶片微控制器(一)\0515\5-8.c" 1
  81  0004  0080     E  	MOV _builtin_holtek_delay_2,A
  81  0005              ;# 81 "C:\Users\YVTC\Desktop\單晶片微控制器(一)\0515\5-8.c" 1
  81  0005  0F7C        	MOV A,((20000-( 9 + __PBP__ * 2))%0402h)/4+1
  81  0006              ;# 81 "C:\Users\YVTC\Desktop\單晶片微控制器(一)\0515\5-8.c" 1
  81  0006              	fcall __DELAYY3 +3-(((20000-( 9 + __PBP__ * 2))%0402h)%4) 
  81  000D              	ENDIF
  81  000D  1480     E  	inc ra
  81  000E              _L16:
  81  000E  0700     E  	mov a,ra
  81  000F  0200     R  	sub a,_PAUSE_2[0]
  81  0010  390A        	snz z
  81  0011  2800     R  	jmp _L17
  81  0012  0003        	ret
  81  0013              _PAUSE endp
  81  0013              #line 81 "C:\Users\YVTC\Desktop\單晶片微控制器(一)\0515\5-8.c"
  81  0013              #pragma debug scope 1 1
  81  0013              ___wdtc equ [62]
  81  0013              public _main
  81  0013              #pragma debug scope 6 1
  11  0013              #line 11 "C:\Users\YVTC\Desktop\單晶片微控制器(一)\0515\5-8.c"
  11  0013              IFDEF WITH_DEFAULT_STARTUP
  11  0013              extern _main_initial0:near
  11  0013              extern _main_startup:near
  11  0013              ENDIF
  11  0013              
  11  0013              ROMBANK 0 @start
  11  0000              @start .section com_l 'code'
  11  0000              _main_startup1:
  11  0000              @start .section com_e 'code'
  11  0000  0F00     R  	mov a,bank _main
  11  0001  008B        	mov bp,a
  11  0002  2800     R  	jmp _main
  11  0003              
  11  0000              _main .section 'code'
  11  0000              _main proc
  11  0000  0002[           local _main_2 db 2 dup(?)
            00
            ]
"File: 5-8.c         Assembler  Version HGASM0202      Page 9

  11  0002              #pragma debug variable 8 6 _main_2+1 "AC"
  11  0002              #pragma debug variable 8 6 _main_2+0 "i"
  12  0002              #line 12 "C:\Users\YVTC\Desktop\單晶片微控制器(一)\0515\5-8.c"
  12  0000  0FAF        	mov a,175
  12  0001  00BE        	mov [62],a
  13  0002              #line 13 "C:\Users\YVTC\Desktop\單晶片微控制器(一)\0515\5-8.c"
  13  0002              	fcall _LCMInit
  15  0009              #line 15 "C:\Users\YVTC\Desktop\單晶片微控制器(一)\0515\5-8.c"
  15  0009  0F01        	mov a,1
  15  000A  0080     R  	mov _main_2[0],a
  11  000B              #line 11 "C:\Users\YVTC\Desktop\單晶片微控制器(一)\0515\5-8.c"
  11  000B  1F00     R  	clr _main_2[1]
  11  000C              _L19:
  15  000C              #line 15 "C:\Users\YVTC\Desktop\單晶片微控制器(一)\0515\5-8.c"
  15  000C  0F14        	mov a,20
  15  000D  0200     R  	sub a,_main_2[0]
  15  000E  380A        	snz c
  15  000F  2800     R  	jmp _L36
  15  0010              _L35:
  16  0010              #line 16 "C:\Users\YVTC\Desktop\單晶片微控制器(一)\0515\5-8.c"
  16  0010              	fcall _ScanKey
  16  0017  0080     R  	mov _main_2[1],a
  16  0018  0700     R  	mov a,_main_2[1]
  16  0019  0A10        	sub a,16
  16  001A  3D0A        	sz z
  16  001B  2800     R  	jmp _L35
  17  001C              #line 17 "C:\Users\YVTC\Desktop\單晶片微控制器(一)\0515\5-8.c"
  17  001C  0F05        	mov a,5
  17  001D              	fcall _PAUSE
  17  0024              _L23:
  18  0024              #line 18 "C:\Users\YVTC\Desktop\單晶片微控制器(一)\0515\5-8.c"
  18  0024              	fcall _ScanKey
  18  002B  0080     E  	mov ra,a
  18  002C  0700     E  	mov a,ra
  18  002D  0A10        	sub a,16
  18  002E  390A        	snz z
  18  002F  2800     R  	jmp _L23
  19  0030              #line 19 "C:\Users\YVTC\Desktop\單晶片微控制器(一)\0515\5-8.c"
  19  0030  0F05        	mov a,5
  19  0031              	fcall _PAUSE
  20  0038              #line 20 "C:\Users\YVTC\Desktop\單晶片微控制器(一)\0515\5-8.c"
  20  0038  0F09        	mov a,9
  20  0039  0200     R  	sub a,_main_2[1]
  20  003A  3C0A        	sz c
  20  003B  2800     R  	jmp _L33
  20  003C  0F37        	mov a,55
  20  003D  0080     E  	mov ra,a
  20  003E  2800     R  	jmp _L24
  20  003F              _L33:
  20  003F  0F30        	mov a,48
  20  0040  0080     E  	mov ra,a
  20  0041              _L24:
  21  0041              #line 21 "C:\Users\YVTC\Desktop\單晶片微控制器(一)\0515\5-8.c"
  21  0041  0700     E  	mov a,ra
  21  0042  0300     R  	add a,_main_2[1]
  21  0043  0080     R  	mov _LCMWrite_2[0],a
  21  0044  0F01        	mov a,1
  21  0045              	fcall _LCMWrite
  21  004C  0080     R  	mov _main_2[1],a
  15  004D              #line 15 "C:\Users\YVTC\Desktop\單晶片微控制器(一)\0515\5-8.c"
"File: 5-8.c         Assembler  Version HGASM0202      Page 10

  15  004D  1480     R  	inc _main_2[0]
  15  004E  2800     R  	jmp _L19
  15  004F              _L36:
  23  004F              #line 23 "C:\Users\YVTC\Desktop\單晶片微控制器(一)\0515\5-8.c"
  23  004F  0FC0        	mov a,192
  23  0050  0080     R  	mov _LCMWrite_2[0],a
  23  0051  0F00        	mov a,0
  23  0052              	fcall _LCMWrite
  23  0059              _L27:
  24  0059              #line 24 "C:\Users\YVTC\Desktop\單晶片微控制器(一)\0515\5-8.c"
  24  0059              	fcall _ScanKey
  24  0060  0080     R  	mov _main_2[0],a
  24  0061  0700     R  	mov a,_main_2[0]
  24  0062  0A10        	sub a,16
  24  0063  3D0A        	sz z
  24  0064  2800     R  	jmp _L27
  25  0065              #line 25 "C:\Users\YVTC\Desktop\單晶片微控制器(一)\0515\5-8.c"
  25  0065  0F05        	mov a,5
  25  0066              	fcall _PAUSE
  25  006D              _L29:
  26  006D              #line 26 "C:\Users\YVTC\Desktop\單晶片微控制器(一)\0515\5-8.c"
  26  006D              	fcall _ScanKey
  26  0074  0080     E  	mov ra,a
  26  0075  0700     E  	mov a,ra
  26  0076  0A10        	sub a,16
  26  0077  390A        	snz z
  26  0078  2800     R  	jmp _L29
  27  0079              #line 27 "C:\Users\YVTC\Desktop\單晶片微控制器(一)\0515\5-8.c"
  27  0079  0F05        	mov a,5
  27  007A              	fcall _PAUSE
  28  0081              #line 28 "C:\Users\YVTC\Desktop\單晶片微控制器(一)\0515\5-8.c"
  28  0081  0F25        	mov a,37
  28  0082  0200     R  	sub a,_main_2[1]
  28  0083  3C0A        	sz c
  28  0084  2800     R  	jmp _L30
  29  0085              #line 29 "C:\Users\YVTC\Desktop\單晶片微控制器(一)\0515\5-8.c"
  29  0085  0F01        	mov a,1
  29  0086  0080     R  	mov _LCMWrite_2[0],a
  29  0087  0F00        	mov a,0
  29  0088              	fcall _LCMWrite
  30  008F              #line 30 "C:\Users\YVTC\Desktop\單晶片微控制器(一)\0515\5-8.c"
  30  008F              ;# 30 "C:\Users\YVTC\Desktop\單晶片微控制器(一)\0515\5-8.c" 1
  30  008F              	IF 4000>263690
  30  008F              ;# 30 "C:\Users\YVTC\Desktop\單晶片微控制器(一)\0515\5-8.c" 1
  30  008F              	ERRMESSAGE 'the value 4000of the argument exceeds the maxinum 263690'
  30  008F              	ENDIF
  30  008F              ;# 30 "C:\Users\YVTC\Desktop\單晶片微控制器(一)\0515\5-8.c" 1
  30  008F              	IF 4000<0
  30  008F              ;# 30 "C:\Users\YVTC\Desktop\單晶片微控制器(一)\0515\5-8.c" 1
  30  008F              	ERRMESSAGE 'the value 4000 of the argument exceeds the mininum 0'
  30  008F              	ENDIF
  30  008F              ;# 30 "C:\Users\YVTC\Desktop\單晶片微控制器(一)\0515\5-8.c" 1
  30  008F              	IF 4000==0
  30  008F              ;# 30 "C:\Users\YVTC\Desktop\單晶片微控制器(一)\0515\5-8.c" 1
  30  008F              	JMP $
  30  008F              	ENDIF
  30  008F              ;# 30 "C:\Users\YVTC\Desktop\單晶片微控制器(一)\0515\5-8.c" 1
  30  008F              	IF (4000>=1) AND (4000<( 4 + __PBP__ * 2))
  30  008F              ;# 30 "C:\Users\YVTC\Desktop\單晶片微控制器(一)\0515\5-8.c" 1
  30  008F              	NOP
"File: 5-8.c         Assembler  Version HGASM0202      Page 11

  30  008F              	ENDIF
  30  008F              ;# 30 "C:\Users\YVTC\Desktop\單晶片微控制器(一)\0515\5-8.c" 1
  30  008F              	IF (4000>=2) AND (4000<( 4 + __PBP__ * 2))
  30  008F              ;# 30 "C:\Users\YVTC\Desktop\單晶片微控制器(一)\0515\5-8.c" 1
  30  008F              	NOP
  30  008F              	ENDIF
  30  008F              ;# 30 "C:\Users\YVTC\Desktop\單晶片微控制器(一)\0515\5-8.c" 1
  30  008F              	IF (4000>=3) AND (4000<( 4 + __PBP__ * 2))
  30  008F              ;# 30 "C:\Users\YVTC\Desktop\單晶片微控制器(一)\0515\5-8.c" 1
  30  008F              	NOP
  30  008F              	ENDIF
  30  008F              ;# 30 "C:\Users\YVTC\Desktop\單晶片微控制器(一)\0515\5-8.c" 1
  30  008F              	IF (4000>=4) AND (4000<( 4 + __PBP__ * 2)) AND ( __PBP__ > 0 )
  30  008F              ;# 30 "C:\Users\YVTC\Desktop\單晶片微控制器(一)\0515\5-8.c" 1
  30  008F              	NOP
  30  008F              	ENDIF
  30  008F              ;# 30 "C:\Users\YVTC\Desktop\單晶片微控制器(一)\0515\5-8.c" 1
  30  008F              	IF (4000>=5) AND (4000<( 4 + __PBP__ * 2)) AND ( __PBP__ > 0 )
  30  008F              ;# 30 "C:\Users\YVTC\Desktop\單晶片微控制器(一)\0515\5-8.c" 1
  30  008F              	NOP
  30  008F              	ENDIF
  30  008F              ;# 30 "C:\Users\YVTC\Desktop\單晶片微控制器(一)\0515\5-8.c" 1
  30  008F              	IF (4000>=6) AND (4000<( 4 + __PBP__ * 2))  AND ( __PBP__ > 1 )
  30  008F              ;# 30 "C:\Users\YVTC\Desktop\單晶片微控制器(一)\0515\5-8.c" 1
  30  008F              	NOP
  30  008F              	ENDIF
  30  008F              ;# 30 "C:\Users\YVTC\Desktop\單晶片微控制器(一)\0515\5-8.c" 1
  30  008F              	IF (4000>=7) AND (4000<( 4 + __PBP__ * 2))  AND ( __PBP__ > 1 )
  30  008F              ;# 30 "C:\Users\YVTC\Desktop\單晶片微控制器(一)\0515\5-8.c" 1
  30  008F              	NOP
  30  008F              	ENDIF
  30  008F              ;# 30 "C:\Users\YVTC\Desktop\單晶片微控制器(一)\0515\5-8.c" 1
  30  008F              	IF (4000>=8) AND (4000<( 4 + __PBP__ * 2))  AND ( __PBP__ > 2 )
  30  008F              ;# 30 "C:\Users\YVTC\Desktop\單晶片微控制器(一)\0515\5-8.c" 1
  30  008F              	NOP
  30  008F              	ENDIF
  30  008F              ;# 30 "C:\Users\YVTC\Desktop\單晶片微控制器(一)\0515\5-8.c" 1
  30  008F              	IF (4000==9)  AND ( __PBP__ > 2 )
  30  008F              ;# 30 "C:\Users\YVTC\Desktop\單晶片微控制器(一)\0515\5-8.c" 1
  30  008F              	NOP
  30  008F              	ENDIF
  30  008F              ;# 30 "C:\Users\YVTC\Desktop\單晶片微控制器(一)\0515\5-8.c" 1
  30  008F              	IF (4000< ( 8 + __PBP__ * 2)) AND (4000>( 3 + __PBP__ * 2))
  30  008F              ;# 30 "C:\Users\YVTC\Desktop\單晶片微控制器(一)\0515\5-8.c" 1
  30  008F              	fcall __DELAY3 + ( 7 + __PBP__ * 2) -4000
  30  008F              	ENDIF
  30  008F              ;# 30 "C:\Users\YVTC\Desktop\單晶片微控制器(一)\0515\5-8.c" 1
  30  008F              	IF (4000< ( 0404h + __PBP__ * 2)) AND (4000>( 7 + __PBP__ * 2))
  30  008F              ;# 30 "C:\Users\YVTC\Desktop\單晶片微控制器(一)\0515\5-8.c" 1
  30  008F              	MOV A,(4000-( 4 + __PBP__ * 2))/4
  30  008F              ;# 30 "C:\Users\YVTC\Desktop\單晶片微控制器(一)\0515\5-8.c" 1
  30  008F              	fcall __DELAYX3 + 3 -((4000-( 4 + __PBP__ * 2)) MOD 4) 
  30  008F              	ENDIF
  30  008F              ;# 30 "C:\Users\YVTC\Desktop\單晶片微控制器(一)\0515\5-8.c" 1
  30  008F              	IF (4000< ( 040bh + __PBP__ * 2)) AND (4000> ( 0403h + __PBP__ * 2))
  30  008F              ;# 30 "C:\Users\YVTC\Desktop\單晶片微控制器(一)\0515\5-8.c" 1
  30  008F              	MOV A,0 
  30  008F              ;# 30 "C:\Users\YVTC\Desktop\單晶片微控制器(一)\0515\5-8.c" 1
  30  008F              	fcall __DELAYX6 + ( 040ah + __PBP__ * 2) -4000
  30  008F              	ENDIF
"File: 5-8.c         Assembler  Version HGASM0202      Page 12

  30  008F              ;# 30 "C:\Users\YVTC\Desktop\單晶片微控制器(一)\0515\5-8.c" 1
  30  008F              	IF (4000 >= ( 040bh + __PBP__ * 2)) AND ((((4000-( 9 + __PBP__ * 2))%0402h)/4+1)>256)
  30  008F              ;# 30 "C:\Users\YVTC\Desktop\單晶片微控制器(一)\0515\5-8.c" 1
  30  008F              	MOV A,(4000-( 9 + __PBP__ * 2))/0402h
  30  008F              ;# 30 "C:\Users\YVTC\Desktop\單晶片微控制器(一)\0515\5-8.c" 1
  30  008F              	MOV _builtin_holtek_delay_2,A
  30  008F              ;# 30 "C:\Users\YVTC\Desktop\單晶片微控制器(一)\0515\5-8.c" 1
  30  008F              	MOV A,0
  30  008F              ;# 30 "C:\Users\YVTC\Desktop\單晶片微控制器(一)\0515\5-8.c" 1
  30  008F              	fcall __DELAYY5 +5- (((4000-( 9 + __PBP__ * 2))%0402h)%6) 
  30  008F              	ENDIF
  30  008F              ;# 30 "C:\Users\YVTC\Desktop\單晶片微控制器(一)\0515\5-8.c" 1
  30  008F              	IF (4000 >= ( 040bh + __PBP__ * 2)) AND ((((4000-( 9 + __PBP__ * 2))%0402h)/4+1)<=256)
  30  008F              ;# 30 "C:\Users\YVTC\Desktop\單晶片微控制器(一)\0515\5-8.c" 1
  30  008F  0F03        	MOV A,(4000-( 9 + __PBP__ * 2))/0402h
  30  0090              ;# 30 "C:\Users\YVTC\Desktop\單晶片微控制器(一)\0515\5-8.c" 1
  30  0090  0080     E  	MOV _builtin_holtek_delay_2,A
  30  0091              ;# 30 "C:\Users\YVTC\Desktop\單晶片微控制器(一)\0515\5-8.c" 1
  30  0091  0FE4        	MOV A,((4000-( 9 + __PBP__ * 2))%0402h)/4+1
  30  0092              ;# 30 "C:\Users\YVTC\Desktop\單晶片微控制器(一)\0515\5-8.c" 1
  30  0092              	fcall __DELAYY3 +3-(((4000-( 9 + __PBP__ * 2))%0402h)%4) 
  30  0099              	ENDIF
  30  0099              _L30:
  32  0099              #line 32 "C:\Users\YVTC\Desktop\單晶片微控制器(一)\0515\5-8.c"
  32  0099  0F09        	mov a,9
  32  009A  0200     R  	sub a,_main_2[0]
  32  009B  3C0A        	sz c
  32  009C  2800     R  	jmp _L34
  32  009D  0F37        	mov a,55
  32  009E  0080     E  	mov ra,a
  32  009F  2800     R  	jmp _L31
  32  00A0              _L34:
  32  00A0  0F30        	mov a,48
  32  00A1  0080     E  	mov ra,a
  32  00A2              _L31:
  33  00A2              #line 33 "C:\Users\YVTC\Desktop\單晶片微控制器(一)\0515\5-8.c"
  33  00A2  0700     E  	mov a,ra
  33  00A3  0300     R  	add a,_main_2[0]
  33  00A4  0080     R  	mov _LCMWrite_2[0],a
  33  00A5  0F01        	mov a,1
  33  00A6              	fcall _LCMWrite
  15  00AD              #line 15 "C:\Users\YVTC\Desktop\單晶片微控制器(一)\0515\5-8.c"
  15  00AD  0F01        	mov a,1
  15  00AE  0080     R  	mov _main_2[0],a
  34  00AF              #line 34 "C:\Users\YVTC\Desktop\單晶片微控制器(一)\0515\5-8.c"
  34  00AF  2800     R  	jmp _L35
  34  00B0  2800     R  	jmp $
  34  00B1              _main endp
  34  00B1              
  34  00B1              @dummy endp
  34  00B1              
  34  00B1              #line 34 "C:\Users\YVTC\Desktop\單晶片微控制器(一)\0515\5-8.c"
  34  00B1              #pragma debug scope 1 1
  34  00B1              #pragma debug struct_end
  34  00B1              #pragma debug struct_end
  34  00B1              #pragma debug union_end
  34  00B1              #pragma debug union_end
  34  00B1              #pragma debug variable 43 1 ___pepu "__pepu" 1
  34  00B1              #pragma debug struct_end
  34  00B1              #pragma debug struct_end
"File: 5-8.c         Assembler  Version HGASM0202      Page 13

  34  00B1              #pragma debug union_end
  34  00B1              #pragma debug union_end
  34  00B1              #pragma debug variable 45 1 ___pe "__pe" 1
  34  00B1              #pragma debug struct_end
  34  00B1              #pragma debug struct_end
  34  00B1              #pragma debug union_end
  34  00B1              #pragma debug union_end
  34  00B1              #pragma debug variable 47 1 ___pec "__pec" 1
  34  00B1              #pragma debug struct_end
  34  00B1              #pragma debug struct_end
  34  00B1              #pragma debug union_end
  34  00B1              #pragma debug union_end
  34  00B1              #pragma debug variable 49 1 ___pg "__pg" 1
  34  00B1              #pragma debug struct_end
  34  00B1              #pragma debug struct_end
  34  00B1              #pragma debug union_end
  34  00B1              #pragma debug union_end
  34  00B1              #pragma debug variable 51 1 ___pgc "__pgc" 1
  34  00B1              #pragma debug struct_end
  34  00B1              #pragma debug struct_end
  34  00B1              #pragma debug union_end
  34  00B1              #pragma debug union_end
  34  00B1              #pragma debug variable 53 1 ___ph "__ph" 1
  34  00B1              #pragma debug struct_end
  34  00B1              #pragma debug struct_end
  34  00B1              #pragma debug union_end
  34  00B1              #pragma debug union_end
  34  00B1              #pragma debug variable 55 1 ___phc "__phc" 1
  34  00B1              #pragma debug struct_end
  34  00B1              #pragma debug struct_end
  34  00B1              #pragma debug union_end
  34  00B1              #pragma debug union_end
  34  00B1              #pragma debug variable 57 1 ___wdtc "__wdtc" 1
  11  00B1              #line 11 "C:\Users\YVTC\Desktop\單晶片微控制器(一)\0515\5-8.c"
  11  0000              @code .section at 0 'code'
  11  0000  1F0B        	clr bp
  11  0001  2800     R  	jmp _main_startup1
  11  0002              
  11  0002              
  11  0002              ; 
  11  0002              ; Generated by holtek-gcc v3.18, Tue May 15 10:02:46 2018
  11  0002              ; Rebuild 126
  11  0002              ; end of file


        0 Errors, 0