"File: 5-9.c         Assembler  Version HGASM0202      Page 1


   1  0000              ; Generated by holtek-gcc v3.18, Tue May 15 10:44:56 2018
   2  0000              ; 
   3  0000              ; Configuration:
   4  0000              ;       with long instruction
   5  0000              ;       Multi-ROM, Multi-RAM
   6  0000              ;       bits_per_rom_unit:16
   7  0000              ;       with mp1
   8  0000              ;       with tbhp, address(0x9)
   9  0000              ;          Use tabrd-const
  10  0000              ;       
  11  0000              ; SFR address of long-instruction arch:
  12  0000              ;    mp0 = -1,1,0
  13  0000              ;    mp1 = 4,3,2
  14  0000              ;    mp2 = 14,13,12
  15  0000              ;    tbp = 9,7,8
  16  0000              ;    acc = 5
  17  0000              ;    pcl = 6
  18  0000              ;    status = 10
  19  0000              ;    bp = 11
  20  0000              ;    intc = 48
  21  0000              ;       
  22  0000              ;       
  23  0000              ; use 'tabrdc' instead of 'tabrd'
  24  0000              ;       
  25  0000              
  26  0000              #pragma translator "holtek-gcc 4.6.4" "3.18" "build 20130711"
  27  0000              ; Rebuild 126
  28  0000              
  29  0000              ir equ [2]
  30  0000              mp equ [3]
  31  0000              sbp equ [4]
  32  0000              acc equ [5]
  33  0000              bp equ [11]
  34  0000              tblp equ [7]
  35  0000              tbhp equ [9]
  36  0000              status equ [10]
  37  0000              c equ [10].0
  38  0000              ac equ [10].1
  39  0000              z equ [10].2
  40  0000              ov equ [10].3
  41  0000              cz equ [10].6
  42  0000              sc equ [10].7
  43  0000              intc equ [48]
  44  0000              
  45  0000              extern ra:byte
  46  0000              extern rb:byte
  47  0000              extern rc:byte
  48  0000              extern rd:byte
  49  0000              extern re:byte
  50  0000              extern rf:byte
  51  0000              extern rg:byte
  52  0000              extern rh:byte
  53  0000              extern _Crom2Prom:near
  54  0000              extern _Crom2PromNext:near
  55  0000              
  56  0000              RAMBANK 0 @BITDATASEC, @BITDATASEC1
  57  0000              @HCCINIT	.section 'data'
  58  0000              @HCCINIT0	.section 'data'
  59  0000              @BITDATASEC	 .section 'data'
"File: 5-9.ASM       Assembler  Version HGASM0202      Page 2

  60  0000              @BITDATASEC1	 .section 'data'
  61  0000              
  62  0000              #pragma debug scope 1 1
  63  0000              	extern __DELAY3:near
  64  0000              	extern __DELAYX3:near
  65  0000              	extern __DELAYX6:near
  66  0000              	extern __DELAYY5:near
  67  0000              	extern __DELAYY3:near
  68  0000              	extern _builtin_holtek_delay_2:byte
  69  0000              ___pgc equ [43]
  70  0000              ___ph equ [46]
  71  0000              ___pg equ [42]
  72  0000              public _LCMRead
  73  0000              #pragma debug scope 2 1

  68  0000              #line 68 "C:\Users\YVTC\Desktop\單晶片微控制器(一)\0515\5-9.c"
  68  0000              _LCMRead .section 'code'
  68  0000              _LCMRead proc
  68  0000              public _LCMRead_2
  68  0000  0002[           local _LCMRead_2 db 2 dup(?)	; 2,0
            00
            ]
  68  0002              #pragma debug pointer 42 8 2
  68  0002              #pragma debug pointer 42 8 2
  68  0002              #pragma debug variable 42 2 _LCMRead_2+0 "ptr"
  69  0002              #line 69 "C:\Users\YVTC\Desktop\單晶片微控制器(一)\0515\5-9.c"
  69  0000  1FAB        	set [43]
  70  0001              #line 70 "C:\Users\YVTC\Desktop\單晶片微控制器(一)\0515\5-9.c"
  70  0001  342E        	clr [46].0
  70  0002  30AE        	set [46].1
  71  0003              #line 71 "C:\Users\YVTC\Desktop\單晶片微控制器(一)\0515\5-9.c"
  71  0003              ;# 71 "C:\Users\YVTC\Desktop\單晶片微控制器(一)\0515\5-9.c" 1
  71  0003  0000        	nop
  71  0004              _L3:
  73  0004              #line 73 "C:\Users\YVTC\Desktop\單晶片微控制器(一)\0515\5-9.c"
  73  0004  312E        	set [46].2
  73  0005              ;# 73 "C:\Users\YVTC\Desktop\單晶片微控制器(一)\0515\5-9.c" 1
  73  0005  0000        	nop
  74  0006              #line 74 "C:\Users\YVTC\Desktop\單晶片微控制器(一)\0515\5-9.c"
  74  0006  072A        	mov a,[42]
  74  0007  0080     E  	mov ra,a
  75  0008              #line 75 "C:\Users\YVTC\Desktop\單晶片微控制器(一)\0515\5-9.c"
  75  0008  352E        	clr [46].2
  76  0009              #line 76 "C:\Users\YVTC\Desktop\單晶片微控制器(一)\0515\5-9.c"
  76  0009  3C00     E  	sz ra.7
  76  000A  2800     R  	jmp _L3
  77  000B              #line 77 "C:\Users\YVTC\Desktop\單晶片微控制器(一)\0515\5-9.c"
  77  000B              ;# 77 "C:\Users\YVTC\Desktop\單晶片微控制器(一)\0515\5-9.c" 1
  77  000B              	IF 1000>263690
  77  000B              ;# 77 "C:\Users\YVTC\Desktop\單晶片微控制器(一)\0515\5-9.c" 1
  77  000B              	ERRMESSAGE 'the value 1000of the argument exceeds the maxinum 263690'
  77  000B              	ENDIF
  77  000B              ;# 77 "C:\Users\YVTC\Desktop\單晶片微控制器(一)\0515\5-9.c" 1
  77  000B              	IF 1000<0
  77  000B              ;# 77 "C:\Users\YVTC\Desktop\單晶片微控制器(一)\0515\5-9.c" 1
  77  000B              	ERRMESSAGE 'the value 1000 of the argument exceeds the mininum 0'
  77  000B              	ENDIF
  77  000B              ;# 77 "C:\Users\YVTC\Desktop\單晶片微控制器(一)\0515\5-9.c" 1
  77  000B              	IF 1000==0
  77  000B              ;# 77 "C:\Users\YVTC\Desktop\單晶片微控制器(一)\0515\5-9.c" 1
"File: 5-9.c         Assembler  Version HGASM0202      Page 3

  77  000B              	JMP $
  77  000B              	ENDIF
  77  000B              ;# 77 "C:\Users\YVTC\Desktop\單晶片微控制器(一)\0515\5-9.c" 1
  77  000B              	IF (1000>=1) AND (1000<( 4 + __PBP__ * 2))
  77  000B              ;# 77 "C:\Users\YVTC\Desktop\單晶片微控制器(一)\0515\5-9.c" 1
  77  000B              	NOP
  77  000B              	ENDIF
  77  000B              ;# 77 "C:\Users\YVTC\Desktop\單晶片微控制器(一)\0515\5-9.c" 1
  77  000B              	IF (1000>=2) AND (1000<( 4 + __PBP__ * 2))
  77  000B              ;# 77 "C:\Users\YVTC\Desktop\單晶片微控制器(一)\0515\5-9.c" 1
  77  000B              	NOP
  77  000B              	ENDIF
  77  000B              ;# 77 "C:\Users\YVTC\Desktop\單晶片微控制器(一)\0515\5-9.c" 1
  77  000B              	IF (1000>=3) AND (1000<( 4 + __PBP__ * 2))
  77  000B              ;# 77 "C:\Users\YVTC\Desktop\單晶片微控制器(一)\0515\5-9.c" 1
  77  000B              	NOP
  77  000B              	ENDIF
  77  000B              ;# 77 "C:\Users\YVTC\Desktop\單晶片微控制器(一)\0515\5-9.c" 1
  77  000B              	IF (1000>=4) AND (1000<( 4 + __PBP__ * 2)) AND ( __PBP__ > 0 )
  77  000B              ;# 77 "C:\Users\YVTC\Desktop\單晶片微控制器(一)\0515\5-9.c" 1
  77  000B              	NOP
  77  000B              	ENDIF
  77  000B              ;# 77 "C:\Users\YVTC\Desktop\單晶片微控制器(一)\0515\5-9.c" 1
  77  000B              	IF (1000>=5) AND (1000<( 4 + __PBP__ * 2)) AND ( __PBP__ > 0 )
  77  000B              ;# 77 "C:\Users\YVTC\Desktop\單晶片微控制器(一)\0515\5-9.c" 1
  77  000B              	NOP
  77  000B              	ENDIF
  77  000B              ;# 77 "C:\Users\YVTC\Desktop\單晶片微控制器(一)\0515\5-9.c" 1
  77  000B              	IF (1000>=6) AND (1000<( 4 + __PBP__ * 2))  AND ( __PBP__ > 1 )
  77  000B              ;# 77 "C:\Users\YVTC\Desktop\單晶片微控制器(一)\0515\5-9.c" 1
  77  000B              	NOP
  77  000B              	ENDIF
  77  000B              ;# 77 "C:\Users\YVTC\Desktop\單晶片微控制器(一)\0515\5-9.c" 1
  77  000B              	IF (1000>=7) AND (1000<( 4 + __PBP__ * 2))  AND ( __PBP__ > 1 )
  77  000B              ;# 77 "C:\Users\YVTC\Desktop\單晶片微控制器(一)\0515\5-9.c" 1
  77  000B              	NOP
  77  000B              	ENDIF
  77  000B              ;# 77 "C:\Users\YVTC\Desktop\單晶片微控制器(一)\0515\5-9.c" 1
  77  000B              	IF (1000>=8) AND (1000<( 4 + __PBP__ * 2))  AND ( __PBP__ > 2 )
  77  000B              ;# 77 "C:\Users\YVTC\Desktop\單晶片微控制器(一)\0515\5-9.c" 1
  77  000B              	NOP
  77  000B              	ENDIF
  77  000B              ;# 77 "C:\Users\YVTC\Desktop\單晶片微控制器(一)\0515\5-9.c" 1
  77  000B              	IF (1000==9)  AND ( __PBP__ > 2 )
  77  000B              ;# 77 "C:\Users\YVTC\Desktop\單晶片微控制器(一)\0515\5-9.c" 1
  77  000B              	NOP
  77  000B              	ENDIF
  77  000B              ;# 77 "C:\Users\YVTC\Desktop\單晶片微控制器(一)\0515\5-9.c" 1
  77  000B              	IF (1000< ( 8 + __PBP__ * 2)) AND (1000>( 3 + __PBP__ * 2))
  77  000B              ;# 77 "C:\Users\YVTC\Desktop\單晶片微控制器(一)\0515\5-9.c" 1
  77  000B              	fcall __DELAY3 + ( 7 + __PBP__ * 2) -1000
  77  000B              	ENDIF
  77  000B              ;# 77 "C:\Users\YVTC\Desktop\單晶片微控制器(一)\0515\5-9.c" 1
  77  000B              	IF (1000< ( 0404h + __PBP__ * 2)) AND (1000>( 7 + __PBP__ * 2))
  77  000B              ;# 77 "C:\Users\YVTC\Desktop\單晶片微控制器(一)\0515\5-9.c" 1
  77  000B  0FF8        	MOV A,(1000-( 4 + __PBP__ * 2))/4
  77  000C              ;# 77 "C:\Users\YVTC\Desktop\單晶片微控制器(一)\0515\5-9.c" 1
  77  000C              	fcall __DELAYX3 + 3 -((1000-( 4 + __PBP__ * 2)) MOD 4) 
  77  0013              	ENDIF
  77  0013              ;# 77 "C:\Users\YVTC\Desktop\單晶片微控制器(一)\0515\5-9.c" 1
"File: 5-9.c         Assembler  Version HGASM0202      Page 4

  77  0013              	IF (1000< ( 040bh + __PBP__ * 2)) AND (1000> ( 0403h + __PBP__ * 2))
  77  0013              ;# 77 "C:\Users\YVTC\Desktop\單晶片微控制器(一)\0515\5-9.c" 1
  77  0013              	MOV A,0 
  77  0013              ;# 77 "C:\Users\YVTC\Desktop\單晶片微控制器(一)\0515\5-9.c" 1
  77  0013              	fcall __DELAYX6 + ( 040ah + __PBP__ * 2) -1000
  77  0013              	ENDIF
  77  0013              ;# 77 "C:\Users\YVTC\Desktop\單晶片微控制器(一)\0515\5-9.c" 1
  77  0013              	IF (1000 >= ( 040bh + __PBP__ * 2)) AND ((((1000-( 9 + __PBP__ * 2))%0402h)/4+1)>256)
  77  0013              ;# 77 "C:\Users\YVTC\Desktop\單晶片微控制器(一)\0515\5-9.c" 1
  77  0013              	MOV A,(1000-( 9 + __PBP__ * 2))/0402h
  77  0013              ;# 77 "C:\Users\YVTC\Desktop\單晶片微控制器(一)\0515\5-9.c" 1
  77  0013              	MOV _builtin_holtek_delay_2,A
  77  0013              ;# 77 "C:\Users\YVTC\Desktop\單晶片微控制器(一)\0515\5-9.c" 1
  77  0013              	MOV A,0
  77  0013              ;# 77 "C:\Users\YVTC\Desktop\單晶片微控制器(一)\0515\5-9.c" 1
  77  0013              	fcall __DELAYY5 +5- (((1000-( 9 + __PBP__ * 2))%0402h)%6) 
  77  0013              	ENDIF
  77  0013              ;# 77 "C:\Users\YVTC\Desktop\單晶片微控制器(一)\0515\5-9.c" 1
  77  0013              	IF (1000 >= ( 040bh + __PBP__ * 2)) AND ((((1000-( 9 + __PBP__ * 2))%0402h)/4+1)<=256)
  77  0013              ;# 77 "C:\Users\YVTC\Desktop\單晶片微控制器(一)\0515\5-9.c" 1
  77  0013              	MOV A,(1000-( 9 + __PBP__ * 2))/0402h
  77  0013              ;# 77 "C:\Users\YVTC\Desktop\單晶片微控制器(一)\0515\5-9.c" 1
  77  0013              	MOV _builtin_holtek_delay_2,A
  77  0013              ;# 77 "C:\Users\YVTC\Desktop\單晶片微控制器(一)\0515\5-9.c" 1
  77  0013              	MOV A,((1000-( 9 + __PBP__ * 2))%0402h)/4+1
  77  0013              ;# 77 "C:\Users\YVTC\Desktop\單晶片微控制器(一)\0515\5-9.c" 1
  77  0013              	fcall __DELAYY3 +3-(((1000-( 9 + __PBP__ * 2))%0402h)%4) 
  77  0013              	ENDIF
  78  0013              #line 78 "C:\Users\YVTC\Desktop\單晶片微控制器(一)\0515\5-9.c"
  78  0013  302E        	set [46].0
  78  0014  30AE        	set [46].1
  78  0015              ;# 78 "C:\Users\YVTC\Desktop\單晶片微控制器(一)\0515\5-9.c" 1
  78  0015  0000        	nop
  78  0016              ;# 78 "C:\Users\YVTC\Desktop\單晶片微控制器(一)\0515\5-9.c" 1
  78  0016  0000        	nop
  79  0017              #line 79 "C:\Users\YVTC\Desktop\單晶片微控制器(一)\0515\5-9.c"
  79  0017  312E        	set [46].2
  79  0018              ;# 79 "C:\Users\YVTC\Desktop\單晶片微控制器(一)\0515\5-9.c" 1
  79  0018  0000        	nop
  79  0019              ;# 79 "C:\Users\YVTC\Desktop\單晶片微控制器(一)\0515\5-9.c" 1
  79  0019  0000        	nop
  79  001A              ;# 79 "C:\Users\YVTC\Desktop\單晶片微控制器(一)\0515\5-9.c" 1
  79  001A  0000        	nop
  80  001B              #line 80 "C:\Users\YVTC\Desktop\單晶片微控制器(一)\0515\5-9.c"
  80  001B  0700     R  	mov a,_LCMRead_2[0]
  80  001C  0083        	mov mp,a
  80  001D  0700     R  	mov a,_LCMRead_2[1]
  80  001E  0084        	mov sbp,a
  80  001F  072A        	mov a,[42]
  80  0020  0082        	mov ir,a
  80  0021              ;# 80 "C:\Users\YVTC\Desktop\單晶片微控制器(一)\0515\5-9.c" 1
  80  0021  0000        	nop
  80  0022              ;# 80 "C:\Users\YVTC\Desktop\單晶片微控制器(一)\0515\5-9.c" 1
  80  0022  0000        	nop
  81  0023              #line 81 "C:\Users\YVTC\Desktop\單晶片微控制器(一)\0515\5-9.c"
  81  0023  352E        	clr [46].2
  83  0024              #line 83 "C:\Users\YVTC\Desktop\單晶片微控制器(一)\0515\5-9.c"
  83  0024  0700     E  	mov a,ra
  83  0025  0003        	ret
  83  0026              _LCMRead endp
"File: 5-9.c         Assembler  Version HGASM0202      Page 5

  83  0026              #line 83 "C:\Users\YVTC\Desktop\單晶片微控制器(一)\0515\5-9.c"
  83  0026              #pragma debug scope 1 1
  83  0026              public _LCMWrite
  83  0026              #pragma debug scope 3 1
  94  0026              #line 94 "C:\Users\YVTC\Desktop\單晶片微控制器(一)\0515\5-9.c"
  94  0000              _LCMWrite .section 'code'
  94  0000              _LCMWrite proc
  94  0000              public _LCMWrite_2
  94  0000  0002[           local _LCMWrite_2 db 2 dup(?)	; 1,1
            00
            ]
  94  0000  0080     R  	mov _LCMWrite_2[1],a
  94  0001              #pragma debug variable 8 3 _LCMWrite_2+1 "DCFlag"
  94  0001              #pragma debug variable 8 3 _LCMWrite_2+0 "CD"
  95  0001              #line 95 "C:\Users\YVTC\Desktop\單晶片微控制器(一)\0515\5-9.c"
  95  0001  1FAB        	set [43]
  96  0002              #line 96 "C:\Users\YVTC\Desktop\單晶片微控制器(一)\0515\5-9.c"
  96  0002  342E        	clr [46].0
  96  0003  30AE        	set [46].1
  97  0004              #line 97 "C:\Users\YVTC\Desktop\單晶片微控制器(一)\0515\5-9.c"
  97  0004              ;# 97 "C:\Users\YVTC\Desktop\單晶片微控制器(一)\0515\5-9.c" 1
  97  0004  0000        	nop
  97  0005              _L7:
  99  0005              #line 99 "C:\Users\YVTC\Desktop\單晶片微控制器(一)\0515\5-9.c"
  99  0005  312E        	set [46].2
  99  0006              ;# 99 "C:\Users\YVTC\Desktop\單晶片微控制器(一)\0515\5-9.c" 1
  99  0006  0000        	nop
 100  0007              #line 100 "C:\Users\YVTC\Desktop\單晶片微控制器(一)\0515\5-9.c"
 100  0007  072A        	mov a,[42]
 100  0008  0080     E  	mov ra,a
 101  0009              #line 101 "C:\Users\YVTC\Desktop\單晶片微控制器(一)\0515\5-9.c"
 101  0009  352E        	clr [46].2
 102  000A              #line 102 "C:\Users\YVTC\Desktop\單晶片微控制器(一)\0515\5-9.c"
 102  000A  3C00     E  	sz ra.7
 102  000B  2800     R  	jmp _L7
 103  000C              #line 103 "C:\Users\YVTC\Desktop\單晶片微控制器(一)\0515\5-9.c"
 103  000C  1F2B        	clr [43]
 104  000D              #line 104 "C:\Users\YVTC\Desktop\單晶片微控制器(一)\0515\5-9.c"
 104  000D  34AE        	clr [46].1
 105  000E              #line 105 "C:\Users\YVTC\Desktop\單晶片微控制器(一)\0515\5-9.c"
 105  000E  0700     R  	mov a,_LCMWrite_2[1]
 105  000F  0E01        	and a,1
 105  0010  0080     E  	mov rb,a
 105  0011  342E        	clr [46].0
 105  0012  0700     E  	mov a,rb
 105  0013  05AE        	orm a,[46]
 106  0014              #line 106 "C:\Users\YVTC\Desktop\單晶片微控制器(一)\0515\5-9.c"
 106  0014  0700     R  	mov a,_LCMWrite_2[0]
 106  0015  00AA        	mov [42],a
 107  0016              #line 107 "C:\Users\YVTC\Desktop\單晶片微控制器(一)\0515\5-9.c"
 107  0016  312E        	set [46].2
 107  0017              ;# 107 "C:\Users\YVTC\Desktop\單晶片微控制器(一)\0515\5-9.c" 1
 107  0017  0000        	nop
 107  0018  352E        	clr [46].2
 109  0019              #line 109 "C:\Users\YVTC\Desktop\單晶片微控制器(一)\0515\5-9.c"
 109  0019  0700     E  	mov a,ra
 109  001A  0003        	ret
 109  001B              _LCMWrite endp
 109  001B              #line 109 "C:\Users\YVTC\Desktop\單晶片微控制器(一)\0515\5-9.c"
 109  001B              #pragma debug scope 1 1
"File: 5-9.c         Assembler  Version HGASM0202      Page 6

 109  001B              ___phc equ [47]
 109  001B              public _LCMInit
 109  001B              #pragma debug scope 4 1
  85  001B              #line 85 "C:\Users\YVTC\Desktop\單晶片微控制器(一)\0515\5-9.c"
  85  0000              _LCMInit .section 'code'
  85  0000              _LCMInit proc
  85  0000  352E        	clr [46].2
  85  0001  34AE        	clr [46].1
  85  0002  342E        	clr [46].0
  86  0003              #line 86 "C:\Users\YVTC\Desktop\單晶片微控制器(一)\0515\5-9.c"
  86  0003  352F        	clr [47].2
  86  0004  34AF        	clr [47].1
  86  0005  342F        	clr [47].0
  87  0006              #line 87 "C:\Users\YVTC\Desktop\單晶片微控制器(一)\0515\5-9.c"
  87  0006              ;# 87 "C:\Users\YVTC\Desktop\單晶片微控制器(一)\0515\5-9.c" 1
  87  0006              	IF 80000>263690
  87  0006              ;# 87 "C:\Users\YVTC\Desktop\單晶片微控制器(一)\0515\5-9.c" 1
  87  0006              	ERRMESSAGE 'the value 80000of the argument exceeds the maxinum 263690'
  87  0006              	ENDIF
  87  0006              ;# 87 "C:\Users\YVTC\Desktop\單晶片微控制器(一)\0515\5-9.c" 1
  87  0006              	IF 80000<0
  87  0006              ;# 87 "C:\Users\YVTC\Desktop\單晶片微控制器(一)\0515\5-9.c" 1
  87  0006              	ERRMESSAGE 'the value 80000 of the argument exceeds the mininum 0'
  87  0006              	ENDIF
  87  0006              ;# 87 "C:\Users\YVTC\Desktop\單晶片微控制器(一)\0515\5-9.c" 1
  87  0006              	IF 80000==0
  87  0006              ;# 87 "C:\Users\YVTC\Desktop\單晶片微控制器(一)\0515\5-9.c" 1
  87  0006              	JMP $
  87  0006              	ENDIF
  87  0006              ;# 87 "C:\Users\YVTC\Desktop\單晶片微控制器(一)\0515\5-9.c" 1
  87  0006              	IF (80000>=1) AND (80000<( 4 + __PBP__ * 2))
  87  0006              ;# 87 "C:\Users\YVTC\Desktop\單晶片微控制器(一)\0515\5-9.c" 1
  87  0006              	NOP
  87  0006              	ENDIF
  87  0006              ;# 87 "C:\Users\YVTC\Desktop\單晶片微控制器(一)\0515\5-9.c" 1
  87  0006              	IF (80000>=2) AND (80000<( 4 + __PBP__ * 2))
  87  0006              ;# 87 "C:\Users\YVTC\Desktop\單晶片微控制器(一)\0515\5-9.c" 1
  87  0006              	NOP
  87  0006              	ENDIF
  87  0006              ;# 87 "C:\Users\YVTC\Desktop\單晶片微控制器(一)\0515\5-9.c" 1
  87  0006              	IF (80000>=3) AND (80000<( 4 + __PBP__ * 2))
  87  0006              ;# 87 "C:\Users\YVTC\Desktop\單晶片微控制器(一)\0515\5-9.c" 1
  87  0006              	NOP
  87  0006              	ENDIF
  87  0006              ;# 87 "C:\Users\YVTC\Desktop\單晶片微控制器(一)\0515\5-9.c" 1
  87  0006              	IF (80000>=4) AND (80000<( 4 + __PBP__ * 2)) AND ( __PBP__ > 0 )
  87  0006              ;# 87 "C:\Users\YVTC\Desktop\單晶片微控制器(一)\0515\5-9.c" 1
  87  0006              	NOP
  87  0006              	ENDIF
  87  0006              ;# 87 "C:\Users\YVTC\Desktop\單晶片微控制器(一)\0515\5-9.c" 1
  87  0006              	IF (80000>=5) AND (80000<( 4 + __PBP__ * 2)) AND ( __PBP__ > 0 )
  87  0006              ;# 87 "C:\Users\YVTC\Desktop\單晶片微控制器(一)\0515\5-9.c" 1
  87  0006              	NOP
  87  0006              	ENDIF
  87  0006              ;# 87 "C:\Users\YVTC\Desktop\單晶片微控制器(一)\0515\5-9.c" 1
  87  0006              	IF (80000>=6) AND (80000<( 4 + __PBP__ * 2))  AND ( __PBP__ > 1 )
  87  0006              ;# 87 "C:\Users\YVTC\Desktop\單晶片微控制器(一)\0515\5-9.c" 1
  87  0006              	NOP
  87  0006              	ENDIF
  87  0006              ;# 87 "C:\Users\YVTC\Desktop\單晶片微控制器(一)\0515\5-9.c" 1
"File: 5-9.c         Assembler  Version HGASM0202      Page 7

  87  0006              	IF (80000>=7) AND (80000<( 4 + __PBP__ * 2))  AND ( __PBP__ > 1 )
  87  0006              ;# 87 "C:\Users\YVTC\Desktop\單晶片微控制器(一)\0515\5-9.c" 1
  87  0006              	NOP
  87  0006              	ENDIF
  87  0006              ;# 87 "C:\Users\YVTC\Desktop\單晶片微控制器(一)\0515\5-9.c" 1
  87  0006              	IF (80000>=8) AND (80000<( 4 + __PBP__ * 2))  AND ( __PBP__ > 2 )
  87  0006              ;# 87 "C:\Users\YVTC\Desktop\單晶片微控制器(一)\0515\5-9.c" 1
  87  0006              	NOP
  87  0006              	ENDIF
  87  0006              ;# 87 "C:\Users\YVTC\Desktop\單晶片微控制器(一)\0515\5-9.c" 1
  87  0006              	IF (80000==9)  AND ( __PBP__ > 2 )
  87  0006              ;# 87 "C:\Users\YVTC\Desktop\單晶片微控制器(一)\0515\5-9.c" 1
  87  0006              	NOP
  87  0006              	ENDIF
  87  0006              ;# 87 "C:\Users\YVTC\Desktop\單晶片微控制器(一)\0515\5-9.c" 1
  87  0006              	IF (80000< ( 8 + __PBP__ * 2)) AND (80000>( 3 + __PBP__ * 2))
  87  0006              ;# 87 "C:\Users\YVTC\Desktop\單晶片微控制器(一)\0515\5-9.c" 1
  87  0006              	fcall __DELAY3 + ( 7 + __PBP__ * 2) -80000
  87  0006              	ENDIF
  87  0006              ;# 87 "C:\Users\YVTC\Desktop\單晶片微控制器(一)\0515\5-9.c" 1
  87  0006              	IF (80000< ( 0404h + __PBP__ * 2)) AND (80000>( 7 + __PBP__ * 2))
  87  0006              ;# 87 "C:\Users\YVTC\Desktop\單晶片微控制器(一)\0515\5-9.c" 1
  87  0006              	MOV A,(80000-( 4 + __PBP__ * 2))/4
  87  0006              ;# 87 "C:\Users\YVTC\Desktop\單晶片微控制器(一)\0515\5-9.c" 1
  87  0006              	fcall __DELAYX3 + 3 -((80000-( 4 + __PBP__ * 2)) MOD 4) 
  87  0006              	ENDIF
  87  0006              ;# 87 "C:\Users\YVTC\Desktop\單晶片微控制器(一)\0515\5-9.c" 1
  87  0006              	IF (80000< ( 040bh + __PBP__ * 2)) AND (80000> ( 0403h + __PBP__ * 2))
  87  0006              ;# 87 "C:\Users\YVTC\Desktop\單晶片微控制器(一)\0515\5-9.c" 1
  87  0006              	MOV A,0 
  87  0006              ;# 87 "C:\Users\YVTC\Desktop\單晶片微控制器(一)\0515\5-9.c" 1
  87  0006              	fcall __DELAYX6 + ( 040ah + __PBP__ * 2) -80000
  87  0006              	ENDIF
  87  0006              ;# 87 "C:\Users\YVTC\Desktop\單晶片微控制器(一)\0515\5-9.c" 1
  87  0006              	IF (80000 >= ( 040bh + __PBP__ * 2)) AND ((((80000-( 9 + __PBP__ * 2))%0402h)/4+1)>256)
  87  0006              ;# 87 "C:\Users\YVTC\Desktop\單晶片微控制器(一)\0515\5-9.c" 1
  87  0006              	MOV A,(80000-( 9 + __PBP__ * 2))/0402h
  87  0006              ;# 87 "C:\Users\YVTC\Desktop\單晶片微控制器(一)\0515\5-9.c" 1
  87  0006              	MOV _builtin_holtek_delay_2,A
  87  0006              ;# 87 "C:\Users\YVTC\Desktop\單晶片微控制器(一)\0515\5-9.c" 1
  87  0006              	MOV A,0
  87  0006              ;# 87 "C:\Users\YVTC\Desktop\單晶片微控制器(一)\0515\5-9.c" 1
  87  0006              	fcall __DELAYY5 +5- (((80000-( 9 + __PBP__ * 2))%0402h)%6) 
  87  0006              	ENDIF
  87  0006              ;# 87 "C:\Users\YVTC\Desktop\單晶片微控制器(一)\0515\5-9.c" 1
  87  0006              	IF (80000 >= ( 040bh + __PBP__ * 2)) AND ((((80000-( 9 + __PBP__ * 2))%0402h)/4+1)<=256)
  87  0006              ;# 87 "C:\Users\YVTC\Desktop\單晶片微控制器(一)\0515\5-9.c" 1
  87  0006  0F4D        	MOV A,(80000-( 9 + __PBP__ * 2))/0402h
  87  0007              ;# 87 "C:\Users\YVTC\Desktop\單晶片微控制器(一)\0515\5-9.c" 1
  87  0007  0080     E  	MOV _builtin_holtek_delay_2,A
  87  0008              ;# 87 "C:\Users\YVTC\Desktop\單晶片微控制器(一)\0515\5-9.c" 1
  87  0008  0FF7        	MOV A,((80000-( 9 + __PBP__ * 2))%0402h)/4+1
  87  0009              ;# 87 "C:\Users\YVTC\Desktop\單晶片微控制器(一)\0515\5-9.c" 1
  87  0009              	fcall __DELAYY3 +3-(((80000-( 9 + __PBP__ * 2))%0402h)%4) 
  87  0010              	ENDIF
  88  0010              #line 88 "C:\Users\YVTC\Desktop\單晶片微控制器(一)\0515\5-9.c"
  88  0010  0F38        	mov a,56
  88  0011  0080     R  	mov _LCMWrite_2[0],a
  88  0012  0F00        	mov a,0
  88  0013              	fcall _LCMWrite
"File: 5-9.c         Assembler  Version HGASM0202      Page 8

  89  001A              #line 89 "C:\Users\YVTC\Desktop\單晶片微控制器(一)\0515\5-9.c"
  89  001A  0F0C        	mov a,12
  89  001B  0080     R  	mov _LCMWrite_2[0],a
  89  001C  0F00        	mov a,0
  89  001D              	fcall _LCMWrite
  90  0024              #line 90 "C:\Users\YVTC\Desktop\單晶片微控制器(一)\0515\5-9.c"
  90  0024  0F06        	mov a,6
  90  0025  0080     R  	mov _LCMWrite_2[0],a
  90  0026  0F00        	mov a,0
  90  0027              	fcall _LCMWrite
  91  002E              #line 91 "C:\Users\YVTC\Desktop\單晶片微控制器(一)\0515\5-9.c"
  91  002E  0F01        	mov a,1
  91  002F  0080     R  	mov _LCMWrite_2[0],a
  91  0030  0F00        	mov a,0
  91  0031              	fcall _LCMWrite
  91  0038  0003        	ret
  91  0039              _LCMInit endp
  91  0039              #line 91 "C:\Users\YVTC\Desktop\單晶片微控制器(一)\0515\5-9.c"
  91  0039              #pragma debug scope 1 1
  91  0039              public _PAUSE
  91  0039              #pragma debug scope 5 1
 111  0039              #line 111 "C:\Users\YVTC\Desktop\單晶片微控制器(一)\0515\5-9.c"
 111  0000              _PAUSE .section 'code'
 111  0000              _PAUSE proc
 111  0000  00              local _PAUSE_2 db 1 dup(?)	; 0,1
 111  0000  0080     R  	mov _PAUSE_2[0],a
 111  0001              #pragma debug variable 8 5 _PAUSE_2+0 "i"
 112  0001              #line 112 "C:\Users\YVTC\Desktop\單晶片微控制器(一)\0515\5-9.c"
 112  0001  1F00     E  	clr ra
 112  0002  2800     R  	jmp _L10
 112  0003              _L11:
 112  0003              #line 112 "C:\Users\YVTC\Desktop\單晶片微控制器(一)\0515\5-9.c"
 112  0003              ;# 112 "C:\Users\YVTC\Desktop\單晶片微控制器(一)\0515\5-9.c" 1
 112  0003              	IF 20000>263690
 112  0003              ;# 112 "C:\Users\YVTC\Desktop\單晶片微控制器(一)\0515\5-9.c" 1
 112  0003              	ERRMESSAGE 'the value 20000of the argument exceeds the maxinum 263690'
 112  0003              	ENDIF
 112  0003              ;# 112 "C:\Users\YVTC\Desktop\單晶片微控制器(一)\0515\5-9.c" 1
 112  0003              	IF 20000<0
 112  0003              ;# 112 "C:\Users\YVTC\Desktop\單晶片微控制器(一)\0515\5-9.c" 1
 112  0003              	ERRMESSAGE 'the value 20000 of the argument exceeds the mininum 0'
 112  0003              	ENDIF
 112  0003              ;# 112 "C:\Users\YVTC\Desktop\單晶片微控制器(一)\0515\5-9.c" 1
 112  0003              	IF 20000==0
 112  0003              ;# 112 "C:\Users\YVTC\Desktop\單晶片微控制器(一)\0515\5-9.c" 1
 112  0003              	JMP $
 112  0003              	ENDIF
 112  0003              ;# 112 "C:\Users\YVTC\Desktop\單晶片微控制器(一)\0515\5-9.c" 1
 112  0003              	IF (20000>=1) AND (20000<( 4 + __PBP__ * 2))
 112  0003              ;# 112 "C:\Users\YVTC\Desktop\單晶片微控制器(一)\0515\5-9.c" 1
 112  0003              	NOP
 112  0003              	ENDIF
 112  0003              ;# 112 "C:\Users\YVTC\Desktop\單晶片微控制器(一)\0515\5-9.c" 1
 112  0003              	IF (20000>=2) AND (20000<( 4 + __PBP__ * 2))
 112  0003              ;# 112 "C:\Users\YVTC\Desktop\單晶片微控制器(一)\0515\5-9.c" 1
 112  0003              	NOP
 112  0003              	ENDIF
 112  0003              ;# 112 "C:\Users\YVTC\Desktop\單晶片微控制器(一)\0515\5-9.c" 1
 112  0003              	IF (20000>=3) AND (20000<( 4 + __PBP__ * 2))
 112  0003              ;# 112 "C:\Users\YVTC\Desktop\單晶片微控制器(一)\0515\5-9.c" 1
"File: 5-9.c         Assembler  Version HGASM0202      Page 9

 112  0003              	NOP
 112  0003              	ENDIF
 112  0003              ;# 112 "C:\Users\YVTC\Desktop\單晶片微控制器(一)\0515\5-9.c" 1
 112  0003              	IF (20000>=4) AND (20000<( 4 + __PBP__ * 2)) AND ( __PBP__ > 0 )
 112  0003              ;# 112 "C:\Users\YVTC\Desktop\單晶片微控制器(一)\0515\5-9.c" 1
 112  0003              	NOP
 112  0003              	ENDIF
 112  0003              ;# 112 "C:\Users\YVTC\Desktop\單晶片微控制器(一)\0515\5-9.c" 1
 112  0003              	IF (20000>=5) AND (20000<( 4 + __PBP__ * 2)) AND ( __PBP__ > 0 )
 112  0003              ;# 112 "C:\Users\YVTC\Desktop\單晶片微控制器(一)\0515\5-9.c" 1
 112  0003              	NOP
 112  0003              	ENDIF
 112  0003              ;# 112 "C:\Users\YVTC\Desktop\單晶片微控制器(一)\0515\5-9.c" 1
 112  0003              	IF (20000>=6) AND (20000<( 4 + __PBP__ * 2))  AND ( __PBP__ > 1 )
 112  0003              ;# 112 "C:\Users\YVTC\Desktop\單晶片微控制器(一)\0515\5-9.c" 1
 112  0003              	NOP
 112  0003              	ENDIF
 112  0003              ;# 112 "C:\Users\YVTC\Desktop\單晶片微控制器(一)\0515\5-9.c" 1
 112  0003              	IF (20000>=7) AND (20000<( 4 + __PBP__ * 2))  AND ( __PBP__ > 1 )
 112  0003              ;# 112 "C:\Users\YVTC\Desktop\單晶片微控制器(一)\0515\5-9.c" 1
 112  0003              	NOP
 112  0003              	ENDIF
 112  0003              ;# 112 "C:\Users\YVTC\Desktop\單晶片微控制器(一)\0515\5-9.c" 1
 112  0003              	IF (20000>=8) AND (20000<( 4 + __PBP__ * 2))  AND ( __PBP__ > 2 )
 112  0003              ;# 112 "C:\Users\YVTC\Desktop\單晶片微控制器(一)\0515\5-9.c" 1
 112  0003              	NOP
 112  0003              	ENDIF
 112  0003              ;# 112 "C:\Users\YVTC\Desktop\單晶片微控制器(一)\0515\5-9.c" 1
 112  0003              	IF (20000==9)  AND ( __PBP__ > 2 )
 112  0003              ;# 112 "C:\Users\YVTC\Desktop\單晶片微控制器(一)\0515\5-9.c" 1
 112  0003              	NOP
 112  0003              	ENDIF
 112  0003              ;# 112 "C:\Users\YVTC\Desktop\單晶片微控制器(一)\0515\5-9.c" 1
 112  0003              	IF (20000< ( 8 + __PBP__ * 2)) AND (20000>( 3 + __PBP__ * 2))
 112  0003              ;# 112 "C:\Users\YVTC\Desktop\單晶片微控制器(一)\0515\5-9.c" 1
 112  0003              	fcall __DELAY3 + ( 7 + __PBP__ * 2) -20000
 112  0003              	ENDIF
 112  0003              ;# 112 "C:\Users\YVTC\Desktop\單晶片微控制器(一)\0515\5-9.c" 1
 112  0003              	IF (20000< ( 0404h + __PBP__ * 2)) AND (20000>( 7 + __PBP__ * 2))
 112  0003              ;# 112 "C:\Users\YVTC\Desktop\單晶片微控制器(一)\0515\5-9.c" 1
 112  0003              	MOV A,(20000-( 4 + __PBP__ * 2))/4
 112  0003              ;# 112 "C:\Users\YVTC\Desktop\單晶片微控制器(一)\0515\5-9.c" 1
 112  0003              	fcall __DELAYX3 + 3 -((20000-( 4 + __PBP__ * 2)) MOD 4) 
 112  0003              	ENDIF
 112  0003              ;# 112 "C:\Users\YVTC\Desktop\單晶片微控制器(一)\0515\5-9.c" 1
 112  0003              	IF (20000< ( 040bh + __PBP__ * 2)) AND (20000> ( 0403h + __PBP__ * 2))
 112  0003              ;# 112 "C:\Users\YVTC\Desktop\單晶片微控制器(一)\0515\5-9.c" 1
 112  0003              	MOV A,0 
 112  0003              ;# 112 "C:\Users\YVTC\Desktop\單晶片微控制器(一)\0515\5-9.c" 1
 112  0003              	fcall __DELAYX6 + ( 040ah + __PBP__ * 2) -20000
 112  0003              	ENDIF
 112  0003              ;# 112 "C:\Users\YVTC\Desktop\單晶片微控制器(一)\0515\5-9.c" 1
 112  0003              	IF (20000 >= ( 040bh + __PBP__ * 2)) AND ((((20000-( 9 + __PBP__ * 2))%0402h)/4+1)>256)
 112  0003              ;# 112 "C:\Users\YVTC\Desktop\單晶片微控制器(一)\0515\5-9.c" 1
 112  0003              	MOV A,(20000-( 9 + __PBP__ * 2))/0402h
 112  0003              ;# 112 "C:\Users\YVTC\Desktop\單晶片微控制器(一)\0515\5-9.c" 1
 112  0003              	MOV _builtin_holtek_delay_2,A
 112  0003              ;# 112 "C:\Users\YVTC\Desktop\單晶片微控制器(一)\0515\5-9.c" 1
 112  0003              	MOV A,0
 112  0003              ;# 112 "C:\Users\YVTC\Desktop\單晶片微控制器(一)\0515\5-9.c" 1
"File: 5-9.c         Assembler  Version HGASM0202      Page 10

 112  0003              	fcall __DELAYY5 +5- (((20000-( 9 + __PBP__ * 2))%0402h)%6) 
 112  0003              	ENDIF
 112  0003              ;# 112 "C:\Users\YVTC\Desktop\單晶片微控制器(一)\0515\5-9.c" 1
 112  0003              	IF (20000 >= ( 040bh + __PBP__ * 2)) AND ((((20000-( 9 + __PBP__ * 2))%0402h)/4+1)<=256)
 112  0003              ;# 112 "C:\Users\YVTC\Desktop\單晶片微控制器(一)\0515\5-9.c" 1
 112  0003  0F13        	MOV A,(20000-( 9 + __PBP__ * 2))/0402h
 112  0004              ;# 112 "C:\Users\YVTC\Desktop\單晶片微控制器(一)\0515\5-9.c" 1
 112  0004  0080     E  	MOV _builtin_holtek_delay_2,A
 112  0005              ;# 112 "C:\Users\YVTC\Desktop\單晶片微控制器(一)\0515\5-9.c" 1
 112  0005  0F7C        	MOV A,((20000-( 9 + __PBP__ * 2))%0402h)/4+1
 112  0006              ;# 112 "C:\Users\YVTC\Desktop\單晶片微控制器(一)\0515\5-9.c" 1
 112  0006              	fcall __DELAYY3 +3-(((20000-( 9 + __PBP__ * 2))%0402h)%4) 
 112  000D              	ENDIF
 112  000D  1480     E  	inc ra
 112  000E              _L10:
 112  000E  0700     E  	mov a,ra
 112  000F  0200     R  	sub a,_PAUSE_2[0]
 112  0010  390A        	snz z
 112  0011  2800     R  	jmp _L11
 112  0012  0003        	ret
 112  0013              _PAUSE endp
 112  0013              #line 112 "C:\Users\YVTC\Desktop\單晶片微控制器(一)\0515\5-9.c"
 112  0013              #pragma debug scope 1 1
 112  0013              ___wdtc equ [62]
 112  0013              ___pe equ [34]
 112  0013              ___pepu equ [33]
 112  0013              ___tm0c1 equ [95]
 112  0013              ___tm0c0 equ [94]
 112  0013              ___tm0dh equ [97]
 112  0013              ___tm0dl equ [96]
 112  0013              public _main
 112  0013              #pragma debug scope 6 1
  13  0013              #line 13 "C:\Users\YVTC\Desktop\單晶片微控制器(一)\0515\5-9.c"
  13  0013              IFDEF WITH_DEFAULT_STARTUP
  13  0013              extern _main_initial0:near
  13  0013              extern _main_startup:near
  13  0013              ENDIF
  13  0013              
  13  0013              ROMBANK 0 @start
  13  0000              @start .section com_l 'code'
  13  0000              _main_startup1:
  13  0000              @start .section com_e 'code'
  13  0000  0F00     R  	mov a,bank _main
  13  0001  008B        	mov bp,a
  13  0002  2800     R  	jmp _main
  13  0003              
  13  0000              _main .section 'code'
  13  0000              _main proc
  13  0000  0004[           local _main_2 db 4 dup(?)
            00
            ]
  13  0004              #pragma debug variable 8 6 _main_2+3 "i"
  13  0004              #pragma debug variable 8 6 _main_2+2 "Random"
  13  0004              #pragma debug variable 8 6 _main_2+1 "temp"
  13  0004              #pragma debug variable 8 6 _main_2+0 "Factor"
  13  0000  0F08        	mov a,8
  13  0001  0080     R  	mov _main_2[0],a
  14  0002              #line 14 "C:\Users\YVTC\Desktop\單晶片微控制器(一)\0515\5-9.c"
  14  0002  0FAF        	mov a,175
  14  0003  00BE        	mov [62],a
"File: 5-9.c         Assembler  Version HGASM0202      Page 11

  15  0004              #line 15 "C:\Users\YVTC\Desktop\單晶片微控制器(一)\0515\5-9.c"
  15  0004  32A2        	set [34].5
  15  0005  3322        	set [34].6
  15  0006  33A2        	set [34].7
  16  0007              #line 16 "C:\Users\YVTC\Desktop\單晶片微控制器(一)\0515\5-9.c"
  16  0007  32A1        	set [33].5
  16  0008  3321        	set [33].6
  16  0009  33A1        	set [33].7
  17  000A              #line 17 "C:\Users\YVTC\Desktop\單晶片微控制器(一)\0515\5-9.c"
  17  000A  0FC0        	mov a,192
  17  000B  00DF        	mov [95],a
  18  000C              #line 18 "C:\Users\YVTC\Desktop\單晶片微控制器(一)\0515\5-9.c"
  18  000C  0F18        	mov a,24
  18  000D  00DE        	mov [94],a
  19  000E              #line 19 "C:\Users\YVTC\Desktop\單晶片微控制器(一)\0515\5-9.c"
  19  000E              	fcall _LCMInit
  19  0015              _L34:
  21  0015              #line 21 "C:\Users\YVTC\Desktop\單晶片微控制器(一)\0515\5-9.c"
  21  0015  0F01        	mov a,1
  21  0016  0080     R  	mov _LCMWrite_2[0],a
  21  0017  0F00        	mov a,0
  21  0018              	fcall _LCMWrite
  22  001F              #line 22 "C:\Users\YVTC\Desktop\單晶片微控制器(一)\0515\5-9.c"
  22  001F              ;# 22 "C:\Users\YVTC\Desktop\單晶片微控制器(一)\0515\5-9.c" 1
  22  001F              	IF 2000>263690
  22  001F              ;# 22 "C:\Users\YVTC\Desktop\單晶片微控制器(一)\0515\5-9.c" 1
  22  001F              	ERRMESSAGE 'the value 2000of the argument exceeds the maxinum 263690'
  22  001F              	ENDIF
  22  001F              ;# 22 "C:\Users\YVTC\Desktop\單晶片微控制器(一)\0515\5-9.c" 1
  22  001F              	IF 2000<0
  22  001F              ;# 22 "C:\Users\YVTC\Desktop\單晶片微控制器(一)\0515\5-9.c" 1
  22  001F              	ERRMESSAGE 'the value 2000 of the argument exceeds the mininum 0'
  22  001F              	ENDIF
  22  001F              ;# 22 "C:\Users\YVTC\Desktop\單晶片微控制器(一)\0515\5-9.c" 1
  22  001F              	IF 2000==0
  22  001F              ;# 22 "C:\Users\YVTC\Desktop\單晶片微控制器(一)\0515\5-9.c" 1
  22  001F              	JMP $
  22  001F              	ENDIF
  22  001F              ;# 22 "C:\Users\YVTC\Desktop\單晶片微控制器(一)\0515\5-9.c" 1
  22  001F              	IF (2000>=1) AND (2000<( 4 + __PBP__ * 2))
  22  001F              ;# 22 "C:\Users\YVTC\Desktop\單晶片微控制器(一)\0515\5-9.c" 1
  22  001F              	NOP
  22  001F              	ENDIF
  22  001F              ;# 22 "C:\Users\YVTC\Desktop\單晶片微控制器(一)\0515\5-9.c" 1
  22  001F              	IF (2000>=2) AND (2000<( 4 + __PBP__ * 2))
  22  001F              ;# 22 "C:\Users\YVTC\Desktop\單晶片微控制器(一)\0515\5-9.c" 1
  22  001F              	NOP
  22  001F              	ENDIF
  22  001F              ;# 22 "C:\Users\YVTC\Desktop\單晶片微控制器(一)\0515\5-9.c" 1
  22  001F              	IF (2000>=3) AND (2000<( 4 + __PBP__ * 2))
  22  001F              ;# 22 "C:\Users\YVTC\Desktop\單晶片微控制器(一)\0515\5-9.c" 1
  22  001F              	NOP
  22  001F              	ENDIF
  22  001F              ;# 22 "C:\Users\YVTC\Desktop\單晶片微控制器(一)\0515\5-9.c" 1
  22  001F              	IF (2000>=4) AND (2000<( 4 + __PBP__ * 2)) AND ( __PBP__ > 0 )
  22  001F              ;# 22 "C:\Users\YVTC\Desktop\單晶片微控制器(一)\0515\5-9.c" 1
  22  001F              	NOP
  22  001F              	ENDIF
  22  001F              ;# 22 "C:\Users\YVTC\Desktop\單晶片微控制器(一)\0515\5-9.c" 1
  22  001F              	IF (2000>=5) AND (2000<( 4 + __PBP__ * 2)) AND ( __PBP__ > 0 )
"File: 5-9.c         Assembler  Version HGASM0202      Page 12

  22  001F              ;# 22 "C:\Users\YVTC\Desktop\單晶片微控制器(一)\0515\5-9.c" 1
  22  001F              	NOP
  22  001F              	ENDIF
  22  001F              ;# 22 "C:\Users\YVTC\Desktop\單晶片微控制器(一)\0515\5-9.c" 1
  22  001F              	IF (2000>=6) AND (2000<( 4 + __PBP__ * 2))  AND ( __PBP__ > 1 )
  22  001F              ;# 22 "C:\Users\YVTC\Desktop\單晶片微控制器(一)\0515\5-9.c" 1
  22  001F              	NOP
  22  001F              	ENDIF
  22  001F              ;# 22 "C:\Users\YVTC\Desktop\單晶片微控制器(一)\0515\5-9.c" 1
  22  001F              	IF (2000>=7) AND (2000<( 4 + __PBP__ * 2))  AND ( __PBP__ > 1 )
  22  001F              ;# 22 "C:\Users\YVTC\Desktop\單晶片微控制器(一)\0515\5-9.c" 1
  22  001F              	NOP
  22  001F              	ENDIF
  22  001F              ;# 22 "C:\Users\YVTC\Desktop\單晶片微控制器(一)\0515\5-9.c" 1
  22  001F              	IF (2000>=8) AND (2000<( 4 + __PBP__ * 2))  AND ( __PBP__ > 2 )
  22  001F              ;# 22 "C:\Users\YVTC\Desktop\單晶片微控制器(一)\0515\5-9.c" 1
  22  001F              	NOP
  22  001F              	ENDIF
  22  001F              ;# 22 "C:\Users\YVTC\Desktop\單晶片微控制器(一)\0515\5-9.c" 1
  22  001F              	IF (2000==9)  AND ( __PBP__ > 2 )
  22  001F              ;# 22 "C:\Users\YVTC\Desktop\單晶片微控制器(一)\0515\5-9.c" 1
  22  001F              	NOP
  22  001F              	ENDIF
  22  001F              ;# 22 "C:\Users\YVTC\Desktop\單晶片微控制器(一)\0515\5-9.c" 1
  22  001F              	IF (2000< ( 8 + __PBP__ * 2)) AND (2000>( 3 + __PBP__ * 2))
  22  001F              ;# 22 "C:\Users\YVTC\Desktop\單晶片微控制器(一)\0515\5-9.c" 1
  22  001F              	fcall __DELAY3 + ( 7 + __PBP__ * 2) -2000
  22  001F              	ENDIF
  22  001F              ;# 22 "C:\Users\YVTC\Desktop\單晶片微控制器(一)\0515\5-9.c" 1
  22  001F              	IF (2000< ( 0404h + __PBP__ * 2)) AND (2000>( 7 + __PBP__ * 2))
  22  001F              ;# 22 "C:\Users\YVTC\Desktop\單晶片微控制器(一)\0515\5-9.c" 1
  22  001F              	MOV A,(2000-( 4 + __PBP__ * 2))/4
  22  001F              ;# 22 "C:\Users\YVTC\Desktop\單晶片微控制器(一)\0515\5-9.c" 1
  22  001F              	fcall __DELAYX3 + 3 -((2000-( 4 + __PBP__ * 2)) MOD 4) 
  22  001F              	ENDIF
  22  001F              ;# 22 "C:\Users\YVTC\Desktop\單晶片微控制器(一)\0515\5-9.c" 1
  22  001F              	IF (2000< ( 040bh + __PBP__ * 2)) AND (2000> ( 0403h + __PBP__ * 2))
  22  001F              ;# 22 "C:\Users\YVTC\Desktop\單晶片微控制器(一)\0515\5-9.c" 1
  22  001F              	MOV A,0 
  22  001F              ;# 22 "C:\Users\YVTC\Desktop\單晶片微控制器(一)\0515\5-9.c" 1
  22  001F              	fcall __DELAYX6 + ( 040ah + __PBP__ * 2) -2000
  22  001F              	ENDIF
  22  001F              ;# 22 "C:\Users\YVTC\Desktop\單晶片微控制器(一)\0515\5-9.c" 1
  22  001F              	IF (2000 >= ( 040bh + __PBP__ * 2)) AND ((((2000-( 9 + __PBP__ * 2))%0402h)/4+1)>256)
  22  001F              ;# 22 "C:\Users\YVTC\Desktop\單晶片微控制器(一)\0515\5-9.c" 1
  22  001F              	MOV A,(2000-( 9 + __PBP__ * 2))/0402h
  22  001F              ;# 22 "C:\Users\YVTC\Desktop\單晶片微控制器(一)\0515\5-9.c" 1
  22  001F              	MOV _builtin_holtek_delay_2,A
  22  001F              ;# 22 "C:\Users\YVTC\Desktop\單晶片微控制器(一)\0515\5-9.c" 1
  22  001F              	MOV A,0
  22  001F              ;# 22 "C:\Users\YVTC\Desktop\單晶片微控制器(一)\0515\5-9.c" 1
  22  001F              	fcall __DELAYY5 +5- (((2000-( 9 + __PBP__ * 2))%0402h)%6) 
  22  001F              	ENDIF
  22  001F              ;# 22 "C:\Users\YVTC\Desktop\單晶片微控制器(一)\0515\5-9.c" 1
  22  001F              	IF (2000 >= ( 040bh + __PBP__ * 2)) AND ((((2000-( 9 + __PBP__ * 2))%0402h)/4+1)<=256)
  22  001F              ;# 22 "C:\Users\YVTC\Desktop\單晶片微控制器(一)\0515\5-9.c" 1
  22  001F  0F01        	MOV A,(2000-( 9 + __PBP__ * 2))/0402h
  22  0020              ;# 22 "C:\Users\YVTC\Desktop\單晶片微控制器(一)\0515\5-9.c" 1
  22  0020  0080     E  	MOV _builtin_holtek_delay_2,A
  22  0021              ;# 22 "C:\Users\YVTC\Desktop\單晶片微控制器(一)\0515\5-9.c" 1
"File: 5-9.c         Assembler  Version HGASM0202      Page 13

  22  0021  0FF1        	MOV A,((2000-( 9 + __PBP__ * 2))%0402h)/4+1
  22  0022              ;# 22 "C:\Users\YVTC\Desktop\單晶片微控制器(一)\0515\5-9.c" 1
  22  0022              	fcall __DELAYY3 +3-(((2000-( 9 + __PBP__ * 2))%0402h)%4) 
  22  0029              	ENDIF
  23  0029              #line 23 "C:\Users\YVTC\Desktop\單晶片微控制器(一)\0515\5-9.c"
  23  0029  0FC0        	mov a,192
  23  002A  0080     R  	mov _LCMWrite_2[0],a
  23  002B  0F00        	mov a,0
  23  002C              	fcall _LCMWrite
  23  0033  1F00     R  	clr _main_2[3]
  23  0034              _L13:
  24  0034              #line 24 "C:\Users\YVTC\Desktop\單晶片微控制器(一)\0515\5-9.c"
  24  0034  0F00     R  	mov a,low offset _Str02F
  24  0035  0300     R  	add a,_main_2[3]
  24  0036  0083        	mov mp,a
  24  0037  0F00     R  	mov a,high offset _Str02F
  24  0038  1F04        	clr sbp
  24  0039  1384        	adcm a,sbp
  24  003A              	fcall _Crom2Prom
  24  0041  0080     E  	mov ra,a
  24  0042  1E00     E  	snz ra
  24  0043  2800     R  	jmp _L36
  25  0044              #line 25 "C:\Users\YVTC\Desktop\單晶片微控制器(一)\0515\5-9.c"
  25  0044  0700     R  	mov a,_main_2[3]
  25  0045  0080     E  	mov ra,a
  25  0046  1400     E  	inca ra
  25  0047  0080     R  	mov _main_2[3],a
  25  0048  0F00     R  	mov a,low offset _Str02F
  25  0049  0300     E  	add a,ra
  25  004A  0083        	mov mp,a
  25  004B  0F00     R  	mov a,high offset _Str02F
  25  004C  1F04        	clr sbp
  25  004D  1384        	adcm a,sbp
  25  004E              	fcall _Crom2Prom
  25  0055  0080     R  	mov _LCMWrite_2[0],a
  25  0056  0F01        	mov a,1
  25  0057              	fcall _LCMWrite
  25  005E  2800     R  	jmp _L13
  25  005F              _L36:
  26  005F              #line 26 "C:\Users\YVTC\Desktop\單晶片微控制器(一)\0515\5-9.c"
  26  005F  0760        	mov a,[96]
  26  0060  0461        	xor a,[97]
  26  0061  0080     E  	mov ra,a
  26  0062  0700     E  	mov a,ra
  26  0063  0E0F        	and a,15
  26  0064  0080     R  	mov _main_2[2],a
  27  0065              #line 27 "C:\Users\YVTC\Desktop\單晶片微控制器(一)\0515\5-9.c"
  27  0065  0F00     R  	mov a,low offset _Str02F
  27  0066  0300     R  	add a,_main_2[2]
  27  0067  0083        	mov mp,a
  27  0068  0F00     R  	mov a,high offset _Str02F
  27  0069  1F04        	clr sbp
  27  006A  1384        	adcm a,sbp
  27  006B              	fcall _Crom2Prom
  27  0072  0080     R  	mov _main_2[2],a
  28  0073              #line 28 "C:\Users\YVTC\Desktop\單晶片微控制器(一)\0515\5-9.c"
  28  0073  0F87        	mov a,135
  28  0074  0080     R  	mov _LCMWrite_2[0],a
  28  0075  0F00        	mov a,0
  28  0076              	fcall _LCMWrite
"File: 5-9.c         Assembler  Version HGASM0202      Page 14

  29  007D              #line 29 "C:\Users\YVTC\Desktop\單晶片微控制器(一)\0515\5-9.c"
  29  007D  0700     R  	mov a,_main_2[2]
  29  007E  0080     R  	mov _LCMWrite_2[0],a
  29  007F  0F01        	mov a,1
  29  0080              	fcall _LCMWrite
  29  0087              _L35:
  30  0087              #line 30 "C:\Users\YVTC\Desktop\單晶片微控制器(一)\0515\5-9.c"
  30  0087  0FC0        	mov a,192
  30  0088  0080     R  	mov _main_2[3],a
  30  0089              _L28:
  32  0089              #line 32 "C:\Users\YVTC\Desktop\單晶片微控制器(一)\0515\5-9.c"
  32  0089  0700     R  	mov a,_main_2[3]
  32  008A  0080     R  	mov _LCMWrite_2[0],a
  32  008B  0F00        	mov a,0
  32  008C              	fcall _LCMWrite
  33  0093              #line 33 "C:\Users\YVTC\Desktop\單晶片微控制器(一)\0515\5-9.c"
  33  0093  0F00     R  	mov a,low offset _main_2
  33  0094  0080     E  	mov ra,a
  33  0095  0F00     R  	mov a,high offset _main_2
  33  0096  0080     E  	mov rb,a
  33  0097  0F01        	mov a,1
  33  0098  0300     E  	add a,ra
  33  0099  0080     R  	mov _LCMRead_2[0],a
  33  009A  0F00        	mov a,0
  33  009B  1300     E  	adc a,rb
  33  009C  0080     R  	mov _LCMRead_2[1],a
  33  009D              	fcall _LCMRead
  34  00A4              #line 34 "C:\Users\YVTC\Desktop\單晶片微控制器(一)\0515\5-9.c"
  34  00A4  0700     R  	mov a,_main_2[3]
  34  00A5  0080     R  	mov _LCMWrite_2[0],a
  34  00A6  0F00        	mov a,0
  34  00A7              	fcall _LCMWrite
  34  00AE  1F80     R  	set _LCMWrite_2[0]
  34  00AF  0F01        	mov a,1
  34  00B0              	fcall _LCMWrite
  35  00B7              #line 35 "C:\Users\YVTC\Desktop\單晶片微控制器(一)\0515\5-9.c"
  35  00B7  0700     R  	mov a,_main_2[0]
  35  00B8  0080     E  	mov ra,a
  35  00B9  0700     E  	mov a,ra
  35  00BA              	fcall _PAUSE
  36  00C1              #line 36 "C:\Users\YVTC\Desktop\單晶片微控制器(一)\0515\5-9.c"
  36  00C1  0700     R  	mov a,_main_2[3]
  36  00C2  0080     R  	mov _LCMWrite_2[0],a
  36  00C3  0F00        	mov a,0
  36  00C4              	fcall _LCMWrite
  36  00CB  0700     R  	mov a,_main_2[1]
  36  00CC  0080     R  	mov _LCMWrite_2[0],a
  36  00CD  0F01        	mov a,1
  36  00CE              	fcall _LCMWrite
  37  00D5              #line 37 "C:\Users\YVTC\Desktop\單晶片微控制器(一)\0515\5-9.c"
  37  00D5  3EA2        	sz [34].5
  37  00D6  2800     R  	jmp _L15
  38  00D7              #line 38 "C:\Users\YVTC\Desktop\單晶片微控制器(一)\0515\5-9.c"
  38  00D7  1500     R  	deca _main_2[0]
  38  00D8  0080     E  	mov ra,a
  38  00D9  0700     E  	mov a,ra
  38  00DA  0080     R  	mov _main_2[0],a
  38  00DB  0F01        	mov a,1
  38  00DC  0200     E  	sub a,ra
  38  00DD  380A        	snz c
"File: 5-9.c         Assembler  Version HGASM0202      Page 15

  38  00DE  2800     R  	jmp _L17
  38  00DF  0F02        	mov a,2
  38  00E0  0080     R  	mov _main_2[0],a
  38  00E1              _L17:
  39  00E1              #line 39 "C:\Users\YVTC\Desktop\單晶片微控制器(一)\0515\5-9.c"
  39  00E1  0F0A        	mov a,10
  39  00E2              	fcall _PAUSE
  39  00E9  2800     R  	jmp _L18
  39  00EA              _L15:
  41  00EA              #line 41 "C:\Users\YVTC\Desktop\單晶片微控制器(一)\0515\5-9.c"
  41  00EA  3F22        	sz [34].6
  41  00EB  2800     R  	jmp _L19
  42  00EC              #line 42 "C:\Users\YVTC\Desktop\單晶片微控制器(一)\0515\5-9.c"
  42  00EC  1400     R  	inca _main_2[0]
  42  00ED  0080     E  	mov ra,a
  42  00EE  0700     E  	mov a,ra
  42  00EF  0080     R  	mov _main_2[0],a
  42  00F0  0F63        	mov a,99
  42  00F1  0200     E  	sub a,ra
  42  00F2  3C0A        	sz c
  42  00F3  2800     R  	jmp _L17
  42  00F4  0F64        	mov a,100
  42  00F5  0080     R  	mov _main_2[0],a
  42  00F6  2800     R  	jmp _L17
  42  00F7              _L19:
  45  00F7              #line 45 "C:\Users\YVTC\Desktop\單晶片微控制器(一)\0515\5-9.c"
  45  00F7  3FA2        	sz [34].7
  45  00F8  2800     R  	jmp _L18
  46  00F9              #line 46 "C:\Users\YVTC\Desktop\單晶片微控制器(一)\0515\5-9.c"
  46  00F9  0700     R  	mov a,_main_2[1]
  46  00FA  0200     R  	sub a,_main_2[2]
  46  00FB  390A        	snz z
  46  00FC  2800     R  	jmp _L21
  47  00FD              #line 47 "C:\Users\YVTC\Desktop\單晶片微控制器(一)\0515\5-9.c"
  47  00FD  0F8A        	mov a,138
  47  00FE  0080     R  	mov _LCMWrite_2[0],a
  47  00FF  0F00        	mov a,0
  47  0100              	fcall _LCMWrite
  47  0107  1F00     R  	clr _main_2[3]
  47  0108              _L22:
  48  0108              #line 48 "C:\Users\YVTC\Desktop\單晶片微控制器(一)\0515\5-9.c"
  48  0108  0F00     R  	mov a,low offset _Str2
  48  0109  0300     R  	add a,_main_2[3]
  48  010A  0083        	mov mp,a
  48  010B  0F00     R  	mov a,high offset _Str2
  48  010C  1F04        	clr sbp
  48  010D  1384        	adcm a,sbp
  48  010E              	fcall _Crom2Prom
  48  0115  0080     E  	mov ra,a
  48  0116  1E00     E  	snz ra
  48  0117  2800     R  	jmp _L24
  49  0118              #line 49 "C:\Users\YVTC\Desktop\單晶片微控制器(一)\0515\5-9.c"
  49  0118  0700     R  	mov a,_main_2[3]
  49  0119  0080     E  	mov ra,a
  49  011A  1400     E  	inca ra
  49  011B  0080     R  	mov _main_2[3],a
  49  011C  0F00     R  	mov a,low offset _Str2
  49  011D  0300     E  	add a,ra
  49  011E  0083        	mov mp,a
  49  011F  0F00     R  	mov a,high offset _Str2
"File: 5-9.c         Assembler  Version HGASM0202      Page 16

  49  0120  1F04        	clr sbp
  49  0121  1384        	adcm a,sbp
  49  0122              	fcall _Crom2Prom
  49  0129  0080     R  	mov _LCMWrite_2[0],a
  49  012A  0F01        	mov a,1
  49  012B              	fcall _LCMWrite
  49  0132  2800     R  	jmp _L22
  49  0133              _L21:
  52  0133              #line 52 "C:\Users\YVTC\Desktop\單晶片微控制器(一)\0515\5-9.c"
  52  0133  0F80        	mov a,128
  52  0134  0080     R  	mov _LCMWrite_2[0],a
  52  0135  0F00        	mov a,0
  52  0136              	fcall _LCMWrite
  52  013D  1F00     R  	clr _main_2[3]
  52  013E              _L25:
  53  013E              #line 53 "C:\Users\YVTC\Desktop\單晶片微控制器(一)\0515\5-9.c"
  53  013E  0F00     R  	mov a,low offset _Str1
  53  013F  0300     R  	add a,_main_2[3]
  53  0140  0083        	mov mp,a
  53  0141  0F00     R  	mov a,high offset _Str1
  53  0142  1F04        	clr sbp
  53  0143  1384        	adcm a,sbp
  53  0144              	fcall _Crom2Prom
  53  014B  0080     E  	mov ra,a
  53  014C  1E00     E  	snz ra
  53  014D  2800     R  	jmp _L24
  54  014E              #line 54 "C:\Users\YVTC\Desktop\單晶片微控制器(一)\0515\5-9.c"
  54  014E  0700     R  	mov a,_main_2[3]
  54  014F  0080     E  	mov ra,a
  54  0150  1400     E  	inca ra
  54  0151  0080     R  	mov _main_2[3],a
  54  0152  0F00     R  	mov a,low offset _Str1
  54  0153  0300     E  	add a,ra
  54  0154  0083        	mov mp,a
  54  0155  0F00     R  	mov a,high offset _Str1
  54  0156  1F04        	clr sbp
  54  0157  1384        	adcm a,sbp
  54  0158              	fcall _Crom2Prom
  54  015F  0080     R  	mov _LCMWrite_2[0],a
  54  0160  0F01        	mov a,1
  54  0161              	fcall _LCMWrite
  54  0168  2800     R  	jmp _L25
  54  0169              _L18:
  58  0169              #line 58 "C:\Users\YVTC\Desktop\單晶片微控制器(一)\0515\5-9.c"
  58  0169  1400     R  	inca _main_2[3]
  58  016A  0080     E  	mov ra,a
  58  016B  0700     E  	mov a,ra
  58  016C  0080     R  	mov _main_2[3],a
  58  016D  0FD3        	mov a,211
  58  016E  0200     E  	sub a,ra
  58  016F  3C0A        	sz c
  58  0170  2800     R  	jmp _L28
  58  0171  2800     R  	jmp _L35
  58  0172              _L24:
  60  0172              #line 60 "C:\Users\YVTC\Desktop\單晶片微控制器(一)\0515\5-9.c"
  60  0172  0F64        	mov a,100
  60  0173              	fcall _PAUSE
  60  017A              _L31:
  61  017A              #line 61 "C:\Users\YVTC\Desktop\單晶片微控制器(一)\0515\5-9.c"
  61  017A  1F00     E  	clr ra
"File: 5-9.c         Assembler  Version HGASM0202      Page 17

  61  017B  3EA2        	sz [34].5
  61  017C  1480     E  	inc ra
  61  017D  1F00     E  	clr rc
  61  017E  3F22        	sz [34].6
  61  017F  1480     E  	inc rc
  61  0180  1822        	rla [34]
  61  0181  0E01        	and a,1
  61  0182  0080     E  	mov rb,a
  61  0183  0700     E  	mov a,rc
  61  0184  0680     E  	andm a,ra
  61  0185  0700     E  	mov a,rb
  61  0186  0680     E  	andm a,ra
  61  0187  1080     E  	sz ra
  61  0188  2800     R  	jmp _L31
  62  0189              #line 62 "C:\Users\YVTC\Desktop\單晶片微控制器(一)\0515\5-9.c"
  62  0189  0F0A        	mov a,10
  62  018A              	fcall _PAUSE
  62  0191              _L33:
  63  0191              #line 63 "C:\Users\YVTC\Desktop\單晶片微控制器(一)\0515\5-9.c"
  63  0191  1F00     E  	clr ra
  63  0192  3EA2        	sz [34].5
  63  0193  1480     E  	inc ra
  63  0194  1F00     E  	clr rc
  63  0195  3F22        	sz [34].6
  63  0196  1480     E  	inc rc
  63  0197  1822        	rla [34]
  63  0198  0E01        	and a,1
  63  0199  0080     E  	mov rb,a
  63  019A  0700     E  	mov a,rc
  63  019B  0680     E  	andm a,ra
  63  019C  0700     E  	mov a,rb
  63  019D  0680     E  	andm a,ra
  63  019E  1E00     E  	snz ra
  63  019F  2800     R  	jmp _L33
  64  01A0              #line 64 "C:\Users\YVTC\Desktop\單晶片微控制器(一)\0515\5-9.c"
  64  01A0  0F0A        	mov a,10
  64  01A1              	fcall _PAUSE
  65  01A8              #line 65 "C:\Users\YVTC\Desktop\單晶片微控制器(一)\0515\5-9.c"
  65  01A8  2800     R  	jmp _L34
  65  01A9  2800     R  	jmp $
  65  01AA              _main endp
  65  01AA              
  65  01AA              @dummy endp
  65  01AA              
  65  01AA              #line 65 "C:\Users\YVTC\Desktop\單晶片微控制器(一)\0515\5-9.c"
  65  01AA              #pragma debug scope 1 1
  65  01AA              public _Str02F
  65  0000              @crom	.section 'crom'
   7  0000              #line 7 "C:\Users\YVTC\Desktop\單晶片微控制器(一)\0515\5-9.c"
   7  0000              @crom	.section	'crom'
   7  0000              _Str02F:
   7  0000              #pragma debug array 43 8 17 1
   7  0000              #pragma debug array 43 8 17 1
   7  0000              #pragma debug variable 43 1 _Str02F "Str02F"
   7  0000              	db 030h,031h,032h,033h,034h,035h,036h,037h,038h,039h
   7  0005              	db 041h,042h,043h,044h,045h,046h,00h
   7  0009              public _Str2
   6  0009              #line 6 "C:\Users\YVTC\Desktop\單晶片微控制器(一)\0515\5-9.c"
   6  0009              @crom	.section	'crom'
   6  0009              _Str2:
"File: 5-9.c         Assembler  Version HGASM0202      Page 18

   6  0009              #pragma debug array 44 8 7 1
   6  0009              #pragma debug array 44 8 7 1
   6  0009              #pragma debug variable 44 1 _Str2 "Str2"
   6  0009              	db 042h,049h,04eh,047h,04fh,021h,00h
   6  000C              public _Str1
   6  000C              #line 6 "C:\Users\YVTC\Desktop\單晶片微控制器(一)\0515\5-9.c"
   6  000C              @crom	.section	'crom'
   6  000C              _Str1:
   6  000C              #pragma debug variable 44 1 _Str1 "Str1"
   6  000C              	db 04dh,049h,053h,053h,021h,021h,00h
   6  0010              #pragma debug struct_end
   6  0010              #pragma debug struct_end
   6  0010              #pragma debug union_end
   6  0010              #pragma debug union_end
   6  0010              #pragma debug variable 46 1 ___pepu "__pepu" 1
   6  0010              #pragma debug struct_end
   6  0010              #pragma debug struct_end
   6  0010              #pragma debug union_end
   6  0010              #pragma debug union_end
   6  0010              #pragma debug variable 48 1 ___pe "__pe" 1
   6  0010              #pragma debug struct_end
   6  0010              #pragma debug struct_end
   6  0010              #pragma debug union_end
   6  0010              #pragma debug union_end
   6  0010              #pragma debug variable 50 1 ___pg "__pg" 1
   6  0010              #pragma debug struct_end
   6  0010              #pragma debug struct_end
   6  0010              #pragma debug union_end
   6  0010              #pragma debug union_end
   6  0010              #pragma debug variable 52 1 ___pgc "__pgc" 1
   6  0010              #pragma debug struct_end
   6  0010              #pragma debug struct_end
   6  0010              #pragma debug union_end
   6  0010              #pragma debug union_end
   6  0010              #pragma debug variable 54 1 ___ph "__ph" 1
   6  0010              #pragma debug struct_end
   6  0010              #pragma debug struct_end
   6  0010              #pragma debug union_end
   6  0010              #pragma debug union_end
   6  0010              #pragma debug variable 56 1 ___phc "__phc" 1
   6  0010              #pragma debug struct_end
   6  0010              #pragma debug struct_end
   6  0010              #pragma debug union_end
   6  0010              #pragma debug union_end
   6  0010              #pragma debug variable 58 1 ___wdtc "__wdtc" 1
   6  0010              #pragma debug struct_end
   6  0010              #pragma debug struct_end
   6  0010              #pragma debug union_end
   6  0010              #pragma debug union_end
   6  0010              #pragma debug variable 60 1 ___tm0c0 "__tm0c0" 1
   6  0010              #pragma debug struct_end
   6  0010              #pragma debug struct_end
   6  0010              #pragma debug union_end
   6  0010              #pragma debug union_end
   6  0010              #pragma debug variable 62 1 ___tm0c1 "__tm0c1" 1
   6  0010              #pragma debug variable 8 1 ___tm0dl "__tm0dl" 1
   6  0010              #pragma debug variable 8 1 ___tm0dh "__tm0dh" 1
  13  0010              #line 13 "C:\Users\YVTC\Desktop\單晶片微控制器(一)\0515\5-9.c"
  13  0000              @code .section at 0 'code'
  13  0000  1F0B        	clr bp
"File: 5-9.c         Assembler  Version HGASM0202      Page 19

  13  0001  2800     R  	jmp _main_startup1
  13  0002              
  13  0002              
  13  0002              ; 
  13  0002              ; Generated by holtek-gcc v3.18, Tue May 15 10:44:56 2018
  13  0002              ; Rebuild 126
  13  0002              ; end of file


        0 Errors, 0