"File: ADC.c         Assembler  Version HGASM0202      Page 1


   1  0000              ; Generated by holtek-gcc v3.18, Tue May 08 11:51:52 2018
   2  0000              ; 
   3  0000              ; Configuration:
   4  0000              ;       with long instruction
   5  0000              ;       Multi-ROM, Multi-RAM
   6  0000              ;       bits_per_rom_unit:16
   7  0000              ;       with mp1
   8  0000              ;       with tbhp, address(0x9)
   9  0000              ;          Use tabrd-const
  10  0000              ;       
  11  0000              ; SFR address of long-instruction arch:
  12  0000              ;    mp0 = -1,1,0
  13  0000              ;    mp1 = 4,3,2
  14  0000              ;    mp2 = 14,13,12
  15  0000              ;    tbp = 9,7,8
  16  0000              ;    acc = 5
  17  0000              ;    pcl = 6
  18  0000              ;    status = 10
  19  0000              ;    bp = 11
  20  0000              ;    intc = 48
  21  0000              ;       
  22  0000              ;       
  23  0000              ; use 'tabrdc' instead of 'tabrd'
  24  0000              ;       
  25  0000              
  26  0000              #pragma translator "holtek-gcc 4.6.4" "3.18" "build 20130711"
  27  0000              ; Rebuild 126
  28  0000              
  29  0000              ir equ [2]
  30  0000              mp equ [3]
  31  0000              sbp equ [4]
  32  0000              acc equ [5]
  33  0000              bp equ [11]
  34  0000              tblp equ [7]
  35  0000              tbhp equ [9]
  36  0000              status equ [10]
  37  0000              c equ [10].0
  38  0000              ac equ [10].1
  39  0000              z equ [10].2
  40  0000              ov equ [10].3
  41  0000              cz equ [10].6
  42  0000              sc equ [10].7
  43  0000              intc equ [48]
  44  0000              
  45  0000              extern ra:byte
  46  0000              extern rb:byte
  47  0000              extern rc:byte
  48  0000              extern rd:byte
  49  0000              extern re:byte
  50  0000              extern rf:byte
  51  0000              extern rg:byte
  52  0000              extern rh:byte
  53  0000              extern _Crom2Prom:near
  54  0000              extern _Crom2PromNext:near
  55  0000              
  56  0000              RAMBANK 0 @BITDATASEC, @BITDATASEC1
  57  0000              @HCCINIT	.section 'data'
  58  0000              @HCCINIT0	.section 'data'
  59  0000              @BITDATASEC	 .section 'data'
"File: ADC.ASM       Assembler  Version HGASM0202      Page 2

  60  0000              @BITDATASEC1	 .section 'data'
  61  0000              
  62  0000              #pragma debug scope 1 1
  63  0000              	extern __DELAY3:near
  64  0000              	extern __DELAYX3:near
  65  0000              	extern __DELAYX6:near
  66  0000              	extern __DELAYY5:near
  67  0000              	extern __DELAYY3:near
  68  0000              	extern _builtin_holtek_delay_2:byte
  69  0000              ___mfi0 equ [52]
  70  0000              ___pcs0 equ [360]
  71  0000              ___pcs3 equ [363]
  72  0000              ___pd equ [30]
  73  0000              ___pe equ [34]
  74  0000              ___pc equ [26]
  75  0000              public _ISR_STM
  76  0000              #pragma debug scope 2 1

  38  0000              #line 38 "C:\Users\YVTC\Desktop\單晶片微控制器(一)\0508\ADC.c"
  38  0000              rombank 0 @ISR_STM_code
  38  0000              @ISR_STM_code .section at 20 'code'
  38  0000  0080     E  	mov r1,a
  38  0001  070B        	mov a,bp
  38  0002  1F0B        	clr bp
  38  0003  2800     R  	jmp _ISR_STM
  38  0004              ROMBANK 0 _ISR_STM
  38  0004              #pragma debug scope 1 1
  38  0004              @dummy20 endp
  38  0004              #pragma debug scope 3 1
  38  0000              _ISR_STM .section 'code'
  38  0000              _ISR_STM proc
  38  0000  00          local _ISR_STM_2 db 1 dup(?)
  38  0000  0080     E  	mov r2,a
  38  0001  070A        	mov a, status
  38  0002  0080     E  	mov r3,a
  38  0003  0703        	mov a,mp
  38  0004  0080     E  	mov r4,a
  38  0005  0704        	mov a,sbp
  38  0006  0080     E  	mov r5,a
  38  0007  0707        	mov a,tblp
  38  0008  0080     E  	mov r6,a
  38  0009  0709        	mov a,tbhp
  38  000A  0080     E  	mov r7,a
  39  000B              #line 39 "C:\Users\YVTC\Desktop\單晶片微控制器(一)\0508\ADC.c"
  39  000B  37B4        	clr [52].7
  40  000C              #line 40 "C:\Users\YVTC\Desktop\單晶片微控制器(一)\0508\ADC.c"
  40  000C  1080     R  	sz _PhaseCount[0]
  40  000D  2800     R  	jmp _L2
  43  000E              #line 43 "C:\Users\YVTC\Desktop\單晶片微控制器(一)\0508\ADC.c"
  43  000E  1F00     E  	clr _builtin_holtek_udivmodhi4_2[6]
  43  000F  0700     R  	mov a,_Result[0]  
  43  0010  0080     E  	mov _builtin_holtek_udivmodhi4_2[0],a  
  43  0011  0700     R  	mov a,_Result[1]  
  43  0012  0080     E  	mov _builtin_holtek_udivmodhi4_2[1],a
  43  0013  0FE8        	mov a,232  
  43  0014  0080     E  	mov _builtin_holtek_udivmodhi4_2[2],a  
  43  0015  0F03        	mov a,3  
  43  0016  0080     E  	mov _builtin_holtek_udivmodhi4_2[3],a
  43  0017              	fcall _builtin_holtek_udivmodhi4
  43  001E  0700     E  	mov a,_builtin_holtek_udivmodhi4_2[0]  
"File: ADC.c         Assembler  Version HGASM0202      Page 3

  43  001F  0080     E  	mov rb,a  
  43  0020  0700     E  	mov a,_builtin_holtek_udivmodhi4_2[1]  
  43  0021  0080     E  	mov rc,a
  43  0022  0700     E  	mov a,rb
  43  0023  0080     R  	mov _Digit[0],a
  43  0024  1F00     E  	clr _builtin_holtek_udivmodhi4_2[6]
  43  0025  0700     R  	mov a,_Result[0]  
  43  0026  0080     E  	mov _builtin_holtek_udivmodhi4_2[0],a  
  43  0027  0700     R  	mov a,_Result[1]  
  43  0028  0080     E  	mov _builtin_holtek_udivmodhi4_2[1],a
  43  0029  0FE8        	mov a,232  
  43  002A  0080     E  	mov _builtin_holtek_udivmodhi4_2[2],a  
  43  002B  0F03        	mov a,3  
  43  002C  0080     E  	mov _builtin_holtek_udivmodhi4_2[3],a
  43  002D              	fcall _builtin_holtek_udivmodhi4
  43  0034  0700     E  	mov a,_builtin_holtek_udivmodhi4_2[4]  
  43  0035  0080     E  	mov rb,a  
  43  0036  0700     E  	mov a,_builtin_holtek_udivmodhi4_2[5]  
  43  0037  0080     E  	mov rc,a
  44  0038              #line 44 "C:\Users\YVTC\Desktop\單晶片微控制器(一)\0508\ADC.c"
  44  0038  1F00     E  	clr _builtin_holtek_udivmodhi4_2[6]
  44  0039  0700     E  	mov a,rb  
  44  003A  0080     E  	mov _builtin_holtek_udivmodhi4_2[0],a  
  44  003B  0700     E  	mov a,rc  
  44  003C  0080     E  	mov _builtin_holtek_udivmodhi4_2[1],a
  44  003D  0F64        	mov a,100  
  44  003E  0080     E  	mov _builtin_holtek_udivmodhi4_2[2],a  
  44  003F  1F00     E  	clr _builtin_holtek_udivmodhi4_2[3]
  44  0040              	fcall _builtin_holtek_udivmodhi4
  44  0047  0700     E  	mov a,_builtin_holtek_udivmodhi4_2[0]  
  44  0048  0080     E  	mov rb,a  
  44  0049  0700     E  	mov a,_builtin_holtek_udivmodhi4_2[1]  
  44  004A  0080     E  	mov rc,a
  44  004B  0700     E  	mov a,rb
  44  004C  0080     R  	mov _Digit[1],a
  44  004D  1F00     E  	clr _builtin_holtek_udivmodhi4_2[6]
  44  004E  0700     R  	mov a,_Result[0]  
  44  004F  0080     E  	mov _builtin_holtek_udivmodhi4_2[0],a  
  44  0050  0700     R  	mov a,_Result[1]  
  44  0051  0080     E  	mov _builtin_holtek_udivmodhi4_2[1],a
  44  0052  0F64        	mov a,100  
  44  0053  0080     E  	mov _builtin_holtek_udivmodhi4_2[2],a  
  44  0054  1F00     E  	clr _builtin_holtek_udivmodhi4_2[3]
  44  0055              	fcall _builtin_holtek_udivmodhi4
  44  005C  0700     E  	mov a,_builtin_holtek_udivmodhi4_2[4]  
  44  005D  0080     E  	mov rb,a  
  44  005E  0700     E  	mov a,_builtin_holtek_udivmodhi4_2[5]  
  44  005F  0080     E  	mov rc,a
  45  0060              #line 45 "C:\Users\YVTC\Desktop\單晶片微控制器(一)\0508\ADC.c"
  45  0060  1F00     E  	clr _builtin_holtek_udivmodhi4_2[6]
  45  0061  0700     E  	mov a,rb  
  45  0062  0080     E  	mov _builtin_holtek_udivmodhi4_2[0],a  
  45  0063  0700     E  	mov a,rc  
  45  0064  0080     E  	mov _builtin_holtek_udivmodhi4_2[1],a
  45  0065  0F0A        	mov a,10  
  45  0066  0080     E  	mov _builtin_holtek_udivmodhi4_2[2],a  
  45  0067  1F00     E  	clr _builtin_holtek_udivmodhi4_2[3]
  45  0068              	fcall _builtin_holtek_udivmodhi4
  45  006F  0700     E  	mov a,_builtin_holtek_udivmodhi4_2[0]  
  45  0070  0080     E  	mov rd,a  
"File: ADC.c         Assembler  Version HGASM0202      Page 4

  45  0071  0700     E  	mov a,_builtin_holtek_udivmodhi4_2[1]  
  45  0072  0080     E  	mov re,a
  45  0073  0700     E  	mov a,rd
  45  0074  0080     R  	mov _Digit[2],a
  45  0075  1F00     E  	clr _builtin_holtek_udivmodhi4_2[6]
  45  0076  0700     E  	mov a,rb  
  45  0077  0080     E  	mov _builtin_holtek_udivmodhi4_2[0],a  
  45  0078  0700     E  	mov a,rc  
  45  0079  0080     E  	mov _builtin_holtek_udivmodhi4_2[1],a
  45  007A  0F0A        	mov a,10  
  45  007B  0080     E  	mov _builtin_holtek_udivmodhi4_2[2],a  
  45  007C  1F00     E  	clr _builtin_holtek_udivmodhi4_2[3]
  45  007D              	fcall _builtin_holtek_udivmodhi4
  45  0084  0700     E  	mov a,_builtin_holtek_udivmodhi4_2[4]  
  45  0085  0080     E  	mov rb,a  
  45  0086  0700     E  	mov a,_builtin_holtek_udivmodhi4_2[5]  
  45  0087  0080     E  	mov rc,a
  45  0088  0700     E  	mov a,rb
  45  0089  0080     R  	mov _Digit[3],a
  45  008A  0F04        	mov a,4
  45  008B  0080     E  	mov ra,a
  53  008C              #line 53 "C:\Users\YVTC\Desktop\單晶片微控制器(一)\0508\ADC.c"
  53  008C  1F00     E  	clr rd
  53  008D              _L4:
  54  008D              #line 54 "C:\Users\YVTC\Desktop\單晶片微控制器(一)\0508\ADC.c"
  54  008D  0700     E  	mov a,rd
  54  008E  0080     E  	mov rb,a
  54  008F  1F00     E  	clr rc
  54  0090  0F00     R  	mov a,low offset _Digit
  54  0091  0300     E  	add a,rb
  54  0092  0083        	mov mp,a
  54  0093  0F00     R  	mov a,high offset _Digit
  54  0094  1300     E  	adc a,rc
  54  0095  0084        	mov sbp,a
  54  0096              	fcall _Crom2Prom
  54  009D  0080     E  	mov re,a
  54  009E  0F00     R  	mov a,low offset _TransSegment
  54  009F  0300     E  	add a,re
  54  00A0  0083        	mov mp,a
  54  00A1  0F00     R  	mov a,high offset _TransSegment
  54  00A2  1F04        	clr sbp
  54  00A3  1384        	adcm a,sbp
  54  00A4              	fcall _Crom2Prom
  54  00AB  0080     E  	mov re,a
  54  00AC  0F00     R  	mov a,low offset _DisBuffer
  54  00AD  0300     E  	add a,rb
  54  00AE  0083        	mov mp,a
  54  00AF  0F00     R  	mov a,high offset _DisBuffer
  54  00B0  1300     E  	adc a,rc
  54  00B1  0084        	mov sbp,a
  54  00B2  0700     E  	mov a,re
  54  00B3  0082        	mov ir,a
  53  00B4              #line 53 "C:\Users\YVTC\Desktop\單晶片微控制器(一)\0508\ADC.c"
  53  00B4  1480     E  	inc rd
  53  00B5  1780     E  	sdz ra
  53  00B6  2800     R  	jmp _L4
  55  00B7              #line 55 "C:\Users\YVTC\Desktop\單晶片微控制器(一)\0508\ADC.c"
  55  00B7  1F00     R  	clr _DisBuffer[4]
  55  00B8  2800     R  	jmp _L5
  55  00B9              _L2:
"File: ADC.c         Assembler  Version HGASM0202      Page 5

  58  00B9              #line 58 "C:\Users\YVTC\Desktop\單晶片微控制器(一)\0508\ADC.c"
  58  00B9  3C00     R  	sz _PhaseCount[0].0
  58  00BA  2800     R  	jmp _L6
  59  00BB              #line 59 "C:\Users\YVTC\Desktop\單晶片微控制器(一)\0508\ADC.c"
  59  00BB              ;# 59 "C:\Users\YVTC\Desktop\單晶片微控制器(一)\0508\ADC.c" 1
  59  00BB  1980     R  	rr _DisBuffer[0]
  59  00BC              ;# 59 "C:\Users\YVTC\Desktop\單晶片微控制器(一)\0508\ADC.c" 1
  59  00BC  1980     R  	rr _DisBuffer[1]
  59  00BD              ;# 59 "C:\Users\YVTC\Desktop\單晶片微控制器(一)\0508\ADC.c" 1
  59  00BD  1980     R  	rr _DisBuffer[2]
  59  00BE              ;# 59 "C:\Users\YVTC\Desktop\單晶片微控制器(一)\0508\ADC.c" 1
  59  00BE  1980     R  	rr _DisBuffer[3]
  59  00BF              ;# 59 "C:\Users\YVTC\Desktop\單晶片微控制器(一)\0508\ADC.c" 1
  59  00BF  1980     R  	rr _DisBuffer[4]
  59  00C0              _L6:
  53  00C0              #line 53 "C:\Users\YVTC\Desktop\單晶片微控制器(一)\0508\ADC.c"
  53  00C0  0F05        	mov a,5
  53  00C1  0080     E  	mov ra,a
  53  00C2  1F00     E  	clr rb
  53  00C3              _L7:
  60  00C3              #line 60 "C:\Users\YVTC\Desktop\單晶片微控制器(一)\0508\ADC.c"
  60  00C3  0F00     R  	mov a,low offset _DisBuffer
  60  00C4  0300     E  	add a,rb
  60  00C5  0083        	mov mp,a
  60  00C6  0F00     R  	mov a,high offset _DisBuffer
  60  00C7  1F04        	clr sbp
  60  00C8  1384        	adcm a,sbp
  60  00C9              	fcall _Crom2Prom
  60  00D0  0080     R  	mov _ISR_STM_2[0],a
  60  00D1  0100     R  	cpla _ISR_STM_2[0]
  60  00D2  0080     E  	mov rc,a
  60  00D3  0700     E  	mov a,rc
  60  00D4  0082        	mov ir,a
  60  00D5  1480     E  	inc rb
  60  00D6  1780     E  	sdz ra
  60  00D7  2800     R  	jmp _L7
  60  00D8              _L5:
  62  00D8              #line 62 "C:\Users\YVTC\Desktop\單晶片微控制器(一)\0508\ADC.c"
  62  00D8  0F33        	mov a,51
  62  00D9  80E8 0001   	lmov [360],a
  62  00DB  0F33        	mov a,51
  62  00DC  80EB 0001   	lmov [363],a
  62  00DE  1F1E        	clr [30]
  62  00DF  3422        	clr [34].0
  63  00E0              #line 63 "C:\Users\YVTC\Desktop\單晶片微控制器(一)\0508\ADC.c"
  63  00E0  3800     R  	snz _DisBuffer[0].0
  63  00E1  2800     R  	jmp _L8
  63  00E2  301E        	set [30].0
  63  00E3              _L8:
  64  00E3              #line 64 "C:\Users\YVTC\Desktop\單晶片微控制器(一)\0508\ADC.c"
  64  00E3  3800     R  	snz _DisBuffer[0].4
  64  00E4  2800     R  	jmp _L9
  64  00E5  309E        	set [30].1
  64  00E6              _L9:
  65  00E6              #line 65 "C:\Users\YVTC\Desktop\單晶片微控制器(一)\0508\ADC.c"
  65  00E6  3800     R  	snz _DisBuffer[1].0
  65  00E7  2800     R  	jmp _L10
  65  00E8  311E        	set [30].2
  65  00E9              _L10:
  66  00E9              #line 66 "C:\Users\YVTC\Desktop\單晶片微控制器(一)\0508\ADC.c"
"File: ADC.c         Assembler  Version HGASM0202      Page 6

  66  00E9  3800     R  	snz _DisBuffer[1].4
  66  00EA  2800     R  	jmp _L11
  66  00EB  319E        	set [30].3
  66  00EC              _L11:
  67  00EC              #line 67 "C:\Users\YVTC\Desktop\單晶片微控制器(一)\0508\ADC.c"
  67  00EC  3800     R  	snz _DisBuffer[2].0
  67  00ED  2800     R  	jmp _L12
  67  00EE  321E        	set [30].4
  67  00EF              _L12:
  68  00EF              #line 68 "C:\Users\YVTC\Desktop\單晶片微控制器(一)\0508\ADC.c"
  68  00EF  3800     R  	snz _DisBuffer[2].4
  68  00F0  2800     R  	jmp _L13
  68  00F1  329E        	set [30].5
  68  00F2              _L13:
  69  00F2              #line 69 "C:\Users\YVTC\Desktop\單晶片微控制器(一)\0508\ADC.c"
  69  00F2  3800     R  	snz _DisBuffer[3].0
  69  00F3  2800     R  	jmp _L14
  69  00F4  331E        	set [30].6
  69  00F5              _L14:
  70  00F5              #line 70 "C:\Users\YVTC\Desktop\單晶片微控制器(一)\0508\ADC.c"
  70  00F5  3800     R  	snz _DisBuffer[3].4
  70  00F6  2800     R  	jmp _L15
  70  00F7  339E        	set [30].7
  70  00F8              _L15:
  71  00F8              #line 71 "C:\Users\YVTC\Desktop\單晶片微控制器(一)\0508\ADC.c"
  71  00F8  3800     R  	snz _DisBuffer[4].0
  71  00F9  2800     R  	jmp _L16
  71  00FA  3022        	set [34].0
  71  00FB              _L16:
  72  00FB              #line 72 "C:\Users\YVTC\Desktop\單晶片微控制器(一)\0508\ADC.c"
  72  00FB  0700     R  	mov a,_PhaseCount[0]
  72  00FC  0080     R  	mov _ISR_STM_2[0],a
  72  00FD  1400     R  	inca _ISR_STM_2[0]
  72  00FE  0080     R  	mov _PhaseCount[0],a
  72  00FF  0700     R  	mov a,_ISR_STM_2[0]
  72  0100  0A00        	sub a,0
  72  0101  3D0A        	sz z
  72  0102  2800     R  	jmp _L18
  72  0103  0A01        	sub a,(1)-(0)
  72  0104  3D0A        	sz z
  72  0105  2800     R  	jmp _L19
  72  0106  0700     R  	mov a,_ISR_STM_2[0]
  72  0107  0A02        	sub a,2
  72  0108  3D0A        	sz z
  72  0109  2800     R  	jmp _L20
  72  010A  0A01        	sub a,(3)-(2)
  72  010B  3D0A        	sz z
  72  010C  2800     R  	jmp _L21
  72  010D  0700     R  	mov a,_ISR_STM_2[0]
  72  010E  0A04        	sub a,4
  72  010F  3D0A        	sz z
  72  0110  2800     R  	jmp _L22
  72  0111  0A01        	sub a,(5)-(4)
  72  0112  3D0A        	sz z
  72  0113  2800     R  	jmp _L23
  72  0114  0700     R  	mov a,_ISR_STM_2[0]
  72  0115  0A06        	sub a,6
  72  0116  3D0A        	sz z
  72  0117  2800     R  	jmp _L24
  72  0118  0700     R  	mov a,_ISR_STM_2[0]
"File: ADC.c         Assembler  Version HGASM0202      Page 7

  72  0119  0A07        	sub a,7
  72  011A  390A        	snz z
  72  011B  2800     R  	jmp _L1
  80  011C              #line 80 "C:\Users\YVTC\Desktop\單晶片微控制器(一)\0508\ADC.c"
  80  011C  0F03        	mov a,3
  80  011D  80EB 0001   	lmov [363],a
  80  011F  339A        	set [26].7
  80  0120  1F00     R  	clr _PhaseCount[0]
  80  0121  2800     R  	jmp _L1
  80  0122              _L18:
  73  0122              #line 73 "C:\Users\YVTC\Desktop\單晶片微控制器(一)\0508\ADC.c"
  73  0122  0F30        	mov a,48
  73  0123  80E8 0001   	lmov [360],a
  73  0125  341A        	clr [26].0
  73  0126  2800     R  	jmp _L1
  73  0127              _L19:
  74  0127              #line 74 "C:\Users\YVTC\Desktop\單晶片微控制器(一)\0508\ADC.c"
  74  0127  0F30        	mov a,48
  74  0128  80E8 0001   	lmov [360],a
  74  012A  301A        	set [26].0
  74  012B  2800     R  	jmp _L1
  74  012C              _L20:
  75  012C              #line 75 "C:\Users\YVTC\Desktop\單晶片微控制器(一)\0508\ADC.c"
  75  012C  0F03        	mov a,3
  75  012D  80E8 0001   	lmov [360],a
  75  012F  349A        	clr [26].1
  75  0130  2800     R  	jmp _L1
  75  0131              _L21:
  76  0131              #line 76 "C:\Users\YVTC\Desktop\單晶片微控制器(一)\0508\ADC.c"
  76  0131  0F03        	mov a,3
  76  0132  80E8 0001   	lmov [360],a
  76  0134  309A        	set [26].1
  76  0135  2800     R  	jmp _L1
  76  0136              _L22:
  77  0136              #line 77 "C:\Users\YVTC\Desktop\單晶片微控制器(一)\0508\ADC.c"
  77  0136  0F30        	mov a,48
  77  0137  80EB 0001   	lmov [363],a
  77  0139  371A        	clr [26].6
  77  013A  2800     R  	jmp _L1
  77  013B              _L23:
  78  013B              #line 78 "C:\Users\YVTC\Desktop\單晶片微控制器(一)\0508\ADC.c"
  78  013B  0F30        	mov a,48
  78  013C  80EB 0001   	lmov [363],a
  78  013E  331A        	set [26].6
  78  013F  2800     R  	jmp _L1
  78  0140              _L24:
  79  0140              #line 79 "C:\Users\YVTC\Desktop\單晶片微控制器(一)\0508\ADC.c"
  79  0140  0F03        	mov a,3
  79  0141  80EB 0001   	lmov [363],a
  79  0143  379A        	clr [26].7
  79  0144              _L1:
  79  0144  0700     E  	mov a,r2
  79  0145  008B        	mov bp,a
  79  0146  0700     E  	mov a,r3
  79  0147  008A        	mov status,a
  79  0148  0700     E  	mov a,r4
  79  0149  0083        	mov mp,a
  79  014A  0700     E  	mov a,r5
  79  014B  0084        	mov sbp,a
  79  014C  0700     E  	mov a,r6
"File: ADC.c         Assembler  Version HGASM0202      Page 8

  79  014D  0087        	mov tblp,a
  79  014E  0700     E  	mov a,r7
  79  014F  0089        	mov tbhp,a
  79  0150  1D05        	tabrdc acc
  79  0151  0700     E  	mov a,r1
  79  0152  0004        	reti
  79  0153              _ISR_STM endp
  79  0153              
  79  0153              #line 79 "C:\Users\YVTC\Desktop\單晶片微控制器(一)\0508\ADC.c"
  79  0153              #pragma debug scope 1 1
  79  0153              ___adrh equ [107]
  79  0153              ___adrl equ [106]
  79  0153              public _ISR_ADC
  79  0153              #pragma debug scope 4 1
  84  0153              #line 84 "C:\Users\YVTC\Desktop\單晶片微控制器(一)\0508\ADC.c"
  84  0153              rombank 0 @ISR_ADC_code
  84  0000              @ISR_ADC_code .section at 28 'code'
  84  0000  0080     E  	mov r1,a
  84  0001  070B        	mov a,bp
  84  0002  1F0B        	clr bp
  84  0003  2800     R  	jmp _ISR_ADC
  84  0004              ROMBANK 0 _ISR_ADC
  84  0004              #pragma debug scope 1 1
  84  0004              @dummy28 endp
  84  0004              #pragma debug scope 5 1
  84  0000              _ISR_ADC .section 'code'
  84  0000              _ISR_ADC proc
  84  0000  0080     E  	mov r2,a
  84  0001  070A        	mov a, status
  84  0002  0080     E  	mov r3,a
  85  0003              #line 85 "C:\Users\YVTC\Desktop\單晶片微控制器(一)\0508\ADC.c"
  85  0003  076B        	mov a,[107]
  85  0004  0080     R  	mov _Result[0],a
  85  0005  1F00     R  	clr _Result[1]
  85  0006  0700     R  	mov a,_Result[0]
  85  0007  0080     E  	mov rc,a
  85  0008  1F00     E  	clr rb
  85  0009  076A        	mov a,[106]
  85  000A  0300     E  	add a,rb
  85  000B  0080     R  	mov _Result[0],a
  85  000C  1F05        	clr acc
  85  000D  1300     E  	adc a,rc
  85  000E  0080     R  	mov _Result[1],a
  85  000F  0700     E  	mov a,r2
  85  0010  008B        	mov bp,a
  85  0011  0700     E  	mov a,r3
  85  0012  008A        	mov status,a
  85  0013  0700     E  	mov a,r1
  85  0014  0004        	reti
  85  0015              _ISR_ADC endp
  85  0015              
  85  0015              #line 85 "C:\Users\YVTC\Desktop\單晶片微控制器(一)\0508\ADC.c"
  85  0015              #pragma debug scope 1 1
  85  0015              public _Delayms
  85  0015              #pragma debug scope 6 1
  88  0015              #line 88 "C:\Users\YVTC\Desktop\單晶片微控制器(一)\0508\ADC.c"
  88  0000              _Delayms .section 'code'
  88  0000              _Delayms proc
  88  0000  00              local _Delayms_2 db 1 dup(?)	; 0,1
  88  0000  0080     R  	mov _Delayms_2[0],a
"File: ADC.c         Assembler  Version HGASM0202      Page 9

  88  0001              #pragma debug variable 8 6 _Delayms_2+0 "delay"
  89  0001              #line 89 "C:\Users\YVTC\Desktop\單晶片微控制器(一)\0508\ADC.c"
  89  0001  1F00     E  	clr ra
  89  0002  2800     R  	jmp _L59
  89  0003              _L60:
  89  0003              #line 89 "C:\Users\YVTC\Desktop\單晶片微控制器(一)\0508\ADC.c"
  89  0003              ;# 89 "C:\Users\YVTC\Desktop\單晶片微控制器(一)\0508\ADC.c" 1
  89  0003              	IF 2000>263690
  89  0003              ;# 89 "C:\Users\YVTC\Desktop\單晶片微控制器(一)\0508\ADC.c" 1
  89  0003              	ERRMESSAGE 'the value 2000of the argument exceeds the maxinum 263690'
  89  0003              	ENDIF
  89  0003              ;# 89 "C:\Users\YVTC\Desktop\單晶片微控制器(一)\0508\ADC.c" 1
  89  0003              	IF 2000<0
  89  0003              ;# 89 "C:\Users\YVTC\Desktop\單晶片微控制器(一)\0508\ADC.c" 1
  89  0003              	ERRMESSAGE 'the value 2000 of the argument exceeds the mininum 0'
  89  0003              	ENDIF
  89  0003              ;# 89 "C:\Users\YVTC\Desktop\單晶片微控制器(一)\0508\ADC.c" 1
  89  0003              	IF 2000==0
  89  0003              ;# 89 "C:\Users\YVTC\Desktop\單晶片微控制器(一)\0508\ADC.c" 1
  89  0003              	JMP $
  89  0003              	ENDIF
  89  0003              ;# 89 "C:\Users\YVTC\Desktop\單晶片微控制器(一)\0508\ADC.c" 1
  89  0003              	IF (2000>=1) AND (2000<( 4 + __PBP__ * 2))
  89  0003              ;# 89 "C:\Users\YVTC\Desktop\單晶片微控制器(一)\0508\ADC.c" 1
  89  0003              	NOP
  89  0003              	ENDIF
  89  0003              ;# 89 "C:\Users\YVTC\Desktop\單晶片微控制器(一)\0508\ADC.c" 1
  89  0003              	IF (2000>=2) AND (2000<( 4 + __PBP__ * 2))
  89  0003              ;# 89 "C:\Users\YVTC\Desktop\單晶片微控制器(一)\0508\ADC.c" 1
  89  0003              	NOP
  89  0003              	ENDIF
  89  0003              ;# 89 "C:\Users\YVTC\Desktop\單晶片微控制器(一)\0508\ADC.c" 1
  89  0003              	IF (2000>=3) AND (2000<( 4 + __PBP__ * 2))
  89  0003              ;# 89 "C:\Users\YVTC\Desktop\單晶片微控制器(一)\0508\ADC.c" 1
  89  0003              	NOP
  89  0003              	ENDIF
  89  0003              ;# 89 "C:\Users\YVTC\Desktop\單晶片微控制器(一)\0508\ADC.c" 1
  89  0003              	IF (2000>=4) AND (2000<( 4 + __PBP__ * 2)) AND ( __PBP__ > 0 )
  89  0003              ;# 89 "C:\Users\YVTC\Desktop\單晶片微控制器(一)\0508\ADC.c" 1
  89  0003              	NOP
  89  0003              	ENDIF
  89  0003              ;# 89 "C:\Users\YVTC\Desktop\單晶片微控制器(一)\0508\ADC.c" 1
  89  0003              	IF (2000>=5) AND (2000<( 4 + __PBP__ * 2)) AND ( __PBP__ > 0 )
  89  0003              ;# 89 "C:\Users\YVTC\Desktop\單晶片微控制器(一)\0508\ADC.c" 1
  89  0003              	NOP
  89  0003              	ENDIF
  89  0003              ;# 89 "C:\Users\YVTC\Desktop\單晶片微控制器(一)\0508\ADC.c" 1
  89  0003              	IF (2000>=6) AND (2000<( 4 + __PBP__ * 2))  AND ( __PBP__ > 1 )
  89  0003              ;# 89 "C:\Users\YVTC\Desktop\單晶片微控制器(一)\0508\ADC.c" 1
  89  0003              	NOP
  89  0003              	ENDIF
  89  0003              ;# 89 "C:\Users\YVTC\Desktop\單晶片微控制器(一)\0508\ADC.c" 1
  89  0003              	IF (2000>=7) AND (2000<( 4 + __PBP__ * 2))  AND ( __PBP__ > 1 )
  89  0003              ;# 89 "C:\Users\YVTC\Desktop\單晶片微控制器(一)\0508\ADC.c" 1
  89  0003              	NOP
  89  0003              	ENDIF
  89  0003              ;# 89 "C:\Users\YVTC\Desktop\單晶片微控制器(一)\0508\ADC.c" 1
  89  0003              	IF (2000>=8) AND (2000<( 4 + __PBP__ * 2))  AND ( __PBP__ > 2 )
  89  0003              ;# 89 "C:\Users\YVTC\Desktop\單晶片微控制器(一)\0508\ADC.c" 1
  89  0003              	NOP
"File: ADC.c         Assembler  Version HGASM0202      Page 10

  89  0003              	ENDIF
  89  0003              ;# 89 "C:\Users\YVTC\Desktop\單晶片微控制器(一)\0508\ADC.c" 1
  89  0003              	IF (2000==9)  AND ( __PBP__ > 2 )
  89  0003              ;# 89 "C:\Users\YVTC\Desktop\單晶片微控制器(一)\0508\ADC.c" 1
  89  0003              	NOP
  89  0003              	ENDIF
  89  0003              ;# 89 "C:\Users\YVTC\Desktop\單晶片微控制器(一)\0508\ADC.c" 1
  89  0003              	IF (2000< ( 8 + __PBP__ * 2)) AND (2000>( 3 + __PBP__ * 2))
  89  0003              ;# 89 "C:\Users\YVTC\Desktop\單晶片微控制器(一)\0508\ADC.c" 1
  89  0003              	fcall __DELAY3 + ( 7 + __PBP__ * 2) -2000
  89  0003              	ENDIF
  89  0003              ;# 89 "C:\Users\YVTC\Desktop\單晶片微控制器(一)\0508\ADC.c" 1
  89  0003              	IF (2000< ( 0404h + __PBP__ * 2)) AND (2000>( 7 + __PBP__ * 2))
  89  0003              ;# 89 "C:\Users\YVTC\Desktop\單晶片微控制器(一)\0508\ADC.c" 1
  89  0003              	MOV A,(2000-( 4 + __PBP__ * 2))/4
  89  0003              ;# 89 "C:\Users\YVTC\Desktop\單晶片微控制器(一)\0508\ADC.c" 1
  89  0003              	fcall __DELAYX3 + 3 -((2000-( 4 + __PBP__ * 2)) MOD 4) 
  89  0003              	ENDIF
  89  0003              ;# 89 "C:\Users\YVTC\Desktop\單晶片微控制器(一)\0508\ADC.c" 1
  89  0003              	IF (2000< ( 040bh + __PBP__ * 2)) AND (2000> ( 0403h + __PBP__ * 2))
  89  0003              ;# 89 "C:\Users\YVTC\Desktop\單晶片微控制器(一)\0508\ADC.c" 1
  89  0003              	MOV A,0 
  89  0003              ;# 89 "C:\Users\YVTC\Desktop\單晶片微控制器(一)\0508\ADC.c" 1
  89  0003              	fcall __DELAYX6 + ( 040ah + __PBP__ * 2) -2000
  89  0003              	ENDIF
  89  0003              ;# 89 "C:\Users\YVTC\Desktop\單晶片微控制器(一)\0508\ADC.c" 1
  89  0003              	IF (2000 >= ( 040bh + __PBP__ * 2)) AND ((((2000-( 9 + __PBP__ * 2))%0402h)/4+1)>256)
  89  0003              ;# 89 "C:\Users\YVTC\Desktop\單晶片微控制器(一)\0508\ADC.c" 1
  89  0003              	MOV A,(2000-( 9 + __PBP__ * 2))/0402h
  89  0003              ;# 89 "C:\Users\YVTC\Desktop\單晶片微控制器(一)\0508\ADC.c" 1
  89  0003              	MOV _builtin_holtek_delay_2,A
  89  0003              ;# 89 "C:\Users\YVTC\Desktop\單晶片微控制器(一)\0508\ADC.c" 1
  89  0003              	MOV A,0
  89  0003              ;# 89 "C:\Users\YVTC\Desktop\單晶片微控制器(一)\0508\ADC.c" 1
  89  0003              	fcall __DELAYY5 +5- (((2000-( 9 + __PBP__ * 2))%0402h)%6) 
  89  0003              	ENDIF
  89  0003              ;# 89 "C:\Users\YVTC\Desktop\單晶片微控制器(一)\0508\ADC.c" 1
  89  0003              	IF (2000 >= ( 040bh + __PBP__ * 2)) AND ((((2000-( 9 + __PBP__ * 2))%0402h)/4+1)<=256)
  89  0003              ;# 89 "C:\Users\YVTC\Desktop\單晶片微控制器(一)\0508\ADC.c" 1
  89  0003  0F01        	MOV A,(2000-( 9 + __PBP__ * 2))/0402h
  89  0004              ;# 89 "C:\Users\YVTC\Desktop\單晶片微控制器(一)\0508\ADC.c" 1
  89  0004  0080     E  	MOV _builtin_holtek_delay_2,A
  89  0005              ;# 89 "C:\Users\YVTC\Desktop\單晶片微控制器(一)\0508\ADC.c" 1
  89  0005  0FF1        	MOV A,((2000-( 9 + __PBP__ * 2))%0402h)/4+1
  89  0006              ;# 89 "C:\Users\YVTC\Desktop\單晶片微控制器(一)\0508\ADC.c" 1
  89  0006              	fcall __DELAYY3 +3-(((2000-( 9 + __PBP__ * 2))%0402h)%4) 
  89  000D              	ENDIF
  89  000D  1480     E  	inc ra
  89  000E              _L59:
  89  000E  0700     E  	mov a,ra
  89  000F  0200     R  	sub a,_Delayms_2[0]
  89  0010  390A        	snz z
  89  0011  2800     R  	jmp _L60
  89  0012  0003        	ret
  89  0013              _Delayms endp
  89  0013              #line 89 "C:\Users\YVTC\Desktop\單晶片微控制器(一)\0508\ADC.c"
  89  0013              #pragma debug scope 1 1
  89  0013              ___wdtc equ [62]
  89  0013              ___adcr0 equ [104]
  89  0013              ___adcr1 equ [105]
"File: ADC.c         Assembler  Version HGASM0202      Page 11

  89  0013              ___pas2 equ [354]
  89  0013              ___pdc equ [31]
  89  0013              ___pec equ [35]
  89  0013              ___pcc equ [27]
  89  0013              ___scomc equ [127]
  89  0013              ___intc1 equ [49]
  89  0013              ___tm2c0 equ [81]
  89  0013              ___tm2c1 equ [82]
  89  0013              ___tm2al equ [85]
  89  0013              ___tm2ah equ [86]
  89  0013              ___intc0 equ [48]
  89  0013              public _main
  89  0013              #pragma debug scope 7 1
  17  0013              #line 17 "C:\Users\YVTC\Desktop\單晶片微控制器(一)\0508\ADC.c"
  17  0013              IFDEF WITH_DEFAULT_STARTUP
  17  0013              extern _main_initial0:near
  17  0013              extern _main_startup:near
  17  0013              ENDIF
  17  0013              
  17  0013              ROMBANK 0 @start
  17  0000              @start .section com_l 'code'
  17  0000              _main_startup1:
  17  0000              @start .section com_e 'code'
  17  0000  0F00     R  	mov a,bank _main
  17  0001  008B        	mov bp,a
  17  0002  2800     R  	jmp _main
  17  0003              
  17  0000              _main .section 'code'
  17  0000              _main proc
  18  0000              #line 18 "C:\Users\YVTC\Desktop\單晶片微控制器(一)\0508\ADC.c"
  18  0000  0FAF        	mov a,175
  18  0001  00BE        	mov [62],a
  19  0002              #line 19 "C:\Users\YVTC\Desktop\單晶片微控制器(一)\0508\ADC.c"
  19  0002  0F04        	mov a,4
  19  0003  00E8        	mov [104],a
  20  0004              #line 20 "C:\Users\YVTC\Desktop\單晶片微控制器(一)\0508\ADC.c"
  20  0004  0F24        	mov a,36
  20  0005  00E9        	mov [105],a
  21  0006              #line 21 "C:\Users\YVTC\Desktop\單晶片微控制器(一)\0508\ADC.c"
  21  0006  0F03        	mov a,3
  21  0007  80E2 0001   	lmov [354],a
  22  0009              #line 22 "C:\Users\YVTC\Desktop\單晶片微控制器(一)\0508\ADC.c"
  22  0009  1F1F        	clr [31]
  22  000A  3423        	clr [35].0
  23  000B              #line 23 "C:\Users\YVTC\Desktop\單晶片微控制器(一)\0508\ADC.c"
  23  000B  341B        	clr [27].0
  23  000C  349B        	clr [27].1
  23  000D  371B        	clr [27].6
  23  000E  379B        	clr [27].7
  24  000F              #line 24 "C:\Users\YVTC\Desktop\單晶片微控制器(一)\0508\ADC.c"
  24  000F  0F7F        	mov a,127
  24  0010  00FF        	mov [127],a
  25  0011              #line 25 "C:\Users\YVTC\Desktop\單晶片微控制器(一)\0508\ADC.c"
  25  0011  30B1        	set [49].1
  25  0012  31B4        	set [52].3
  26  0013              #line 26 "C:\Users\YVTC\Desktop\單晶片微控制器(一)\0508\ADC.c"
  26  0013  1F51        	clr [81]
  26  0014  0FC1        	mov a,193
  26  0015  00D2        	mov [82],a
  27  0016              #line 27 "C:\Users\YVTC\Desktop\單晶片微控制器(一)\0508\ADC.c"
"File: ADC.c         Assembler  Version HGASM0202      Page 12

  27  0016  0F40        	mov a,64
  27  0017  00D5        	mov [85],a
  27  0018  0F1F        	mov a,31
  27  0019  00D6        	mov [86],a
  28  001A              #line 28 "C:\Users\YVTC\Desktop\單晶片微控制器(一)\0508\ADC.c"
  28  001A  37B4        	clr [52].7
  28  001B  36B1        	clr [49].5
  28  001C  31B1        	set [49].3
  28  001D  3030        	set [48].0
  29  001E              #line 29 "C:\Users\YVTC\Desktop\單晶片微控制器(一)\0508\ADC.c"
  29  001E  1F00     R  	clr _DisBuffer[0]
  29  001F  1F00     R  	clr _DisBuffer[1]
  29  0020  1F00     R  	clr _DisBuffer[2]
  29  0021  1F00     R  	clr _DisBuffer[3]
  29  0022  1F00     R  	clr _DisBuffer[4]
  30  0023              #line 30 "C:\Users\YVTC\Desktop\單晶片微控制器(一)\0508\ADC.c"
  30  0023  1F00     R  	clr _Digit[0]
  30  0024  1F00     R  	clr _Digit[1]
  30  0025  1F00     R  	clr _Digit[2]
  30  0026  1F00     R  	clr _Digit[3]
  31  0027              #line 31 "C:\Users\YVTC\Desktop\單晶片微控制器(一)\0508\ADC.c"
  31  0027  31D1        	set [81].3
  31  0028              _L62:
  33  0028              #line 33 "C:\Users\YVTC\Desktop\單晶片微控制器(一)\0508\ADC.c"
  33  0028  33E8        	set [104].7
  33  0029  37E8        	clr [104].7
  34  002A              #line 34 "C:\Users\YVTC\Desktop\單晶片微控制器(一)\0508\ADC.c"
  34  002A  0F64        	mov a,100
  34  002B              	fcall _Delayms
  34  0032  2800     R  	jmp _L62
  34  0033  2800     R  	jmp $
  34  0034              _main endp
  34  0034              
  34  0034              @dummy endp
  34  0034              
  34  0034              #line 34 "C:\Users\YVTC\Desktop\單晶片微控制器(一)\0508\ADC.c"
  34  0034              #pragma debug scope 1 1
  14  0034              #line 14 "C:\Users\YVTC\Desktop\單晶片微控制器(一)\0508\ADC.c"
  14  0034              public _Result
  14  0000              @HCCINIT0_Result .section 'data'
  14  0000  0002[       _Result	db 2 dup(0)
            00
            ]
  14  0002              #pragma debug variable 10 1 _Result "Result"
  14  0002              
  14  0000              @HCCINIT .section 'data'
  13  0000              #line 13 "C:\Users\YVTC\Desktop\單晶片微控制器(一)\0508\ADC.c"
  13  0000              public _PhaseCount
  13  0000              @HCCINIT0_PhaseCount .section 'data'
  13  0000              _PhaseCount	db 0
  13  0001              #pragma debug variable 8 1 _PhaseCount "PhaseCount"
  13  0001              
  13  0000              @HCCINIT .section 'data'
  12  0000              #line 12 "C:\Users\YVTC\Desktop\單晶片微控制器(一)\0508\ADC.c"
  12  0000              public _Digit
  12  0000              @HCCINIT0_Digit .section 'data'
  12  0000  0004[       _Digit	db 4 dup(0)
            00
            ]
  12  0004              #pragma debug array 42 8 4 1
"File: ADC.c         Assembler  Version HGASM0202      Page 13

  12  0004              #pragma debug array 42 8 4 1
  12  0004              #pragma debug variable 42 1 _Digit "Digit"
  12  0004              
  12  0000              @HCCINIT .section 'data'
  12  0000              #line 12 "C:\Users\YVTC\Desktop\單晶片微控制器(一)\0508\ADC.c"
  12  0000              public _DisBuffer
  12  0000              @HCCINIT0_DisBuffer .section 'data'
  12  0000  0005[       _DisBuffer	db 5 dup(0)
            00
            ]
  12  0005              #pragma debug array 43 8 5 1
  12  0005              #pragma debug array 43 8 5 1
  12  0005              #pragma debug variable 43 1 _DisBuffer "DisBuffer"
  12  0005              
  12  0000              @HCCINIT .section 'data'
  12  0000              public _TransSegment
  12  0000              @crom	.section 'crom'
   7  0000              #line 7 "C:\Users\YVTC\Desktop\單晶片微控制器(一)\0508\ADC.c"
   7  0000              @crom	.section	'crom'
   7  0000              _TransSegment:
   7  0000              #pragma debug array 44 8 17 1
   7  0000              #pragma debug array 44 8 17 1
   7  0000              #pragma debug variable 44 1 _TransSegment "TransSegment"
   7  0000              	db 123
   7  0001              	db 48
   7  0001              	db 93
   7  0002              	db 117
   7  0002              	db 54
   7  0003              	db 103
   7  0003              	db 111
   7  0004              	db 49
   7  0004              	db 127
   7  0005              	db 119
   7  0005              	db 63
   7  0006              	db 110
   7  0006              	db 76
   7  0007              	db 124
   7  0007              	db 79
   7  0008              	db 15
   7  0008              	db 0
   7  0009              #pragma debug struct_end
   7  0009              #pragma debug struct_end
   7  0009              #pragma debug union_end
   7  0009              #pragma debug union_end
   7  0009              #pragma debug variable 46 1 ___pc "__pc" 1
   7  0009              #pragma debug struct_end
   7  0009              #pragma debug struct_end
   7  0009              #pragma debug union_end
   7  0009              #pragma debug union_end
   7  0009              #pragma debug variable 48 1 ___pcc "__pcc" 1
   7  0009              #pragma debug struct_end
   7  0009              #pragma debug struct_end
   7  0009              #pragma debug union_end
   7  0009              #pragma debug union_end
   7  0009              #pragma debug variable 50 1 ___pd "__pd" 1
   7  0009              #pragma debug struct_end
   7  0009              #pragma debug struct_end
   7  0009              #pragma debug union_end
   7  0009              #pragma debug union_end
   7  0009              #pragma debug variable 52 1 ___pdc "__pdc" 1
"File: ADC.c         Assembler  Version HGASM0202      Page 14

   7  0009              #pragma debug struct_end
   7  0009              #pragma debug struct_end
   7  0009              #pragma debug union_end
   7  0009              #pragma debug union_end
   7  0009              #pragma debug variable 54 1 ___pe "__pe" 1
   7  0009              #pragma debug struct_end
   7  0009              #pragma debug struct_end
   7  0009              #pragma debug union_end
   7  0009              #pragma debug union_end
   7  0009              #pragma debug variable 56 1 ___pec "__pec" 1
   7  0009              #pragma debug struct_end
   7  0009              #pragma debug struct_end
   7  0009              #pragma debug union_end
   7  0009              #pragma debug union_end
   7  0009              #pragma debug variable 58 1 ___intc0 "__intc0" 1
   7  0009              #pragma debug struct_end
   7  0009              #pragma debug struct_end
   7  0009              #pragma debug union_end
   7  0009              #pragma debug union_end
   7  0009              #pragma debug variable 60 1 ___intc1 "__intc1" 1
   7  0009              #pragma debug struct_end
   7  0009              #pragma debug struct_end
   7  0009              #pragma debug union_end
   7  0009              #pragma debug union_end
   7  0009              #pragma debug variable 62 1 ___mfi0 "__mfi0" 1
   7  0009              #pragma debug struct_end
   7  0009              #pragma debug struct_end
   7  0009              #pragma debug union_end
   7  0009              #pragma debug union_end
   7  0009              #pragma debug variable 64 1 ___wdtc "__wdtc" 1
   7  0009              #pragma debug struct_end
   7  0009              #pragma debug struct_end
   7  0009              #pragma debug union_end
   7  0009              #pragma debug union_end
   7  0009              #pragma debug variable 66 1 ___tm2c0 "__tm2c0" 1
   7  0009              #pragma debug struct_end
   7  0009              #pragma debug struct_end
   7  0009              #pragma debug union_end
   7  0009              #pragma debug union_end
   7  0009              #pragma debug variable 68 1 ___tm2c1 "__tm2c1" 1
   7  0009              #pragma debug variable 8 1 ___tm2al "__tm2al" 1
   7  0009              #pragma debug variable 8 1 ___tm2ah "__tm2ah" 1
   7  0009              #pragma debug struct_end
   7  0009              #pragma debug struct_end
   7  0009              #pragma debug union_end
   7  0009              #pragma debug union_end
   7  0009              #pragma debug variable 70 1 ___adcr0 "__adcr0" 1
   7  0009              #pragma debug struct_end
   7  0009              #pragma debug struct_end
   7  0009              #pragma debug union_end
   7  0009              #pragma debug union_end
   7  0009              #pragma debug variable 72 1 ___adcr1 "__adcr1" 1
   7  0009              #pragma debug variable 8 1 ___adrl "__adrl" 1
   7  0009              #pragma debug variable 8 1 ___adrh "__adrh" 1
   7  0009              #pragma debug struct_end
   7  0009              #pragma debug struct_end
   7  0009              #pragma debug union_end
   7  0009              #pragma debug union_end
   7  0009              #pragma debug variable 74 1 ___scomc "__scomc" 1
   7  0009              #pragma debug struct_end
"File: ADC.c         Assembler  Version HGASM0202      Page 15

   7  0009              #pragma debug struct_end
   7  0009              #pragma debug union_end
   7  0009              #pragma debug union_end
   7  0009              #pragma debug variable 76 1 ___pas2 "__pas2" 1
   7  0009              #pragma debug struct_end
   7  0009              #pragma debug struct_end
   7  0009              #pragma debug union_end
   7  0009              #pragma debug union_end
   7  0009              #pragma debug variable 78 1 ___pcs0 "__pcs0" 1
   7  0009              #pragma debug struct_end
   7  0009              #pragma debug struct_end
   7  0009              #pragma debug union_end
   7  0009              #pragma debug union_end
   7  0009              #pragma debug variable 80 1 ___pcs3 "__pcs3" 1
   7  0009              extern r1:byte
   7  0009              extern r2:byte
   7  0009              extern r3:byte
   7  0009              extern r4:byte
   7  0009              extern r5:byte
   7  0009              extern r6:byte
   7  0009              extern r7:byte
  17  0009              #line 17 "C:\Users\YVTC\Desktop\單晶片微控制器(一)\0508\ADC.c"
  17  0000              @code .section at 0 'code'
  17  0000  1F0B        	clr bp
  17  0001  2800     R  	jmp _main_startup1
  17  0002              
  17  0002              extern _builtin_holtek_udivmodhi4_2:byte
  17  0002              extern _builtin_holtek_udivmodhi4:near
  17  0002              
  17  0002              ; 
  17  0002              ; Generated by holtek-gcc v3.18, Tue May 08 11:51:52 2018
  17  0002              ; Rebuild 126
  17  0002              ; end of file


        0 Errors, 0