"File: H4-11_1.c     Assembler  Version HGASM0202      Page 1


   1  0000              ; Generated by holtek-gcc v3.18, Tue Mar 20 15:37:07 2018
   2  0000              ; 
   3  0000              ; Configuration:
   4  0000              ;       with long instruction
   5  0000              ;       Multi-ROM, Multi-RAM
   6  0000              ;       bits_per_rom_unit:16
   7  0000              ;       with mp1
   8  0000              ;       with tbhp, address(0x9)
   9  0000              ;          Use tabrd-const
  10  0000              ;       
  11  0000              ; SFR address of long-instruction arch:
  12  0000              ;    mp0 = -1,1,0
  13  0000              ;    mp1 = 4,3,2
  14  0000              ;    mp2 = 14,13,12
  15  0000              ;    tbp = 9,7,8
  16  0000              ;    acc = 5
  17  0000              ;    pcl = 6
  18  0000              ;    status = 10
  19  0000              ;    bp = 11
  20  0000              ;    intc = 48
  21  0000              ;       
  22  0000              ;       
  23  0000              ; use 'tabrdc' instead of 'tabrd'
  24  0000              ;       
  25  0000              
  26  0000              #pragma translator "holtek-gcc 4.6.4" "3.18" "build 20130711"
  27  0000              ; Rebuild 126
  28  0000              
  29  0000              ir equ [2]
  30  0000              mp equ [3]
  31  0000              sbp equ [4]
  32  0000              acc equ [5]
  33  0000              bp equ [11]
  34  0000              tblp equ [7]
  35  0000              tbhp equ [9]
  36  0000              status equ [10]
  37  0000              c equ [10].0
  38  0000              ac equ [10].1
  39  0000              z equ [10].2
  40  0000              ov equ [10].3
  41  0000              cz equ [10].6
  42  0000              sc equ [10].7
  43  0000              intc equ [48]
  44  0000              
  45  0000              extern ra:byte
  46  0000              extern rb:byte
  47  0000              extern rc:byte
  48  0000              extern rd:byte
  49  0000              extern re:byte
  50  0000              extern rf:byte
  51  0000              extern rg:byte
  52  0000              extern rh:byte
  53  0000              extern _Crom2Prom:near
  54  0000              extern _Crom2PromNext:near
  55  0000              
  56  0000              RAMBANK 0 @BITDATASEC, @BITDATASEC1
  57  0000              @HCCINIT	.section 'data'
  58  0000              @HCCINIT0	.section 'data'
  59  0000              @BITDATASEC	 .section 'data'
"File: H4-11_1.ASM   Assembler  Version HGASM0202      Page 2

  60  0000              @BITDATASEC1	 .section 'data'
  61  0000              
  62  0000              #pragma debug scope 1 1
  63  0000              	extern __DELAY3:near
  64  0000              	extern __DELAYX3:near
  65  0000              	extern __DELAYX6:near
  66  0000              	extern __DELAYY5:near
  67  0000              	extern __DELAYY3:near
  68  0000              	extern _builtin_holtek_delay_2:byte
  69  0000              ___adrh equ [107]
  70  0000              ___pc equ [26]
  71  0000              public _ISR_ADC
  72  0000              #pragma debug scope 2 1

  22  0000              #line 22 "C:\Users\YVTC\Desktop\單晶片微控制器(一)\0320\H4-11_1.c"
  22  0000              rombank 0 @ISR_ADC_code
  22  0000              @ISR_ADC_code .section at 28 'code'
  22  0000  0080     E  	mov r1,a
  22  0001  070B        	mov a,bp
  22  0002  1F0B        	clr bp
  22  0003  2800     R  	jmp _ISR_ADC
  22  0004              ROMBANK 0 _ISR_ADC
  22  0004              #pragma debug scope 1 1
  22  0004              @dummy28 endp
  22  0004              #pragma debug scope 3 1
  22  0000              _ISR_ADC .section 'code'
  22  0000              _ISR_ADC proc
  22  0000  0080     E  	mov r2,a
  22  0001  070A        	mov a, status
  22  0002  0080     E  	mov r3,a
  22  0003  0703        	mov a,mp
  22  0004  0080     E  	mov r4,a
  22  0005  0704        	mov a,sbp
  22  0006  0080     E  	mov r5,a
  22  0007  0707        	mov a,tblp
  22  0008  0080     E  	mov r6,a
  22  0009  0709        	mov a,tbhp
  22  000A  0080     E  	mov r7,a
  22  000B  1E6B        	snz [107]
  22  000C  2800     R  	jmp _L2
  22  000D              #line 22 "C:\Users\YVTC\Desktop\單晶片微控制器(一)\0320\H4-11_1.c"
  22  000D  116B        	swapa [107]
  22  000E  1985        	rr acc
  22  000F  0E07        	and a,07h
  22  0010  0080     E  	mov rb,a
  22  0011  1F00     E  	clr rc
  22  0012  0F00     R  	mov a,low offset _TabLed
  22  0013  0300     E  	add a,rb
  22  0014  0083        	mov mp,a
  22  0015  0F00     R  	mov a,high offset _TabLed
  22  0016  1300     E  	adc a,rc
  22  0017  0084        	mov sbp,a
  22  0018              	fcall _Crom2Prom
  22  001F  0080     E  	mov ra,a
  22  0020  0100     E  	cpla ra
  22  0021  009A        	mov [26],a
  22  0022  2800     R  	jmp _L1
  22  0023              _L2:
  23  0023              #line 23 "C:\Users\YVTC\Desktop\單晶片微控制器(一)\0320\H4-11_1.c"
  23  0023  016B        	cpla [107]
"File: H4-11_1.c     Assembler  Version HGASM0202      Page 3

  23  0024  009A        	mov [26],a
  23  0025              _L1:
  23  0025  0700     E  	mov a,r2
  23  0026  008B        	mov bp,a
  23  0027  0700     E  	mov a,r3
  23  0028  008A        	mov status,a
  23  0029  0700     E  	mov a,r4
  23  002A  0083        	mov mp,a
  23  002B  0700     E  	mov a,r5
  23  002C  0084        	mov sbp,a
  23  002D  0700     E  	mov a,r6
  23  002E  0087        	mov tblp,a
  23  002F  0700     E  	mov a,r7
  23  0030  0089        	mov tbhp,a
  23  0031  1D05        	tabrdc acc
  23  0032  0700     E  	mov a,r1
  23  0033  0004        	reti
  23  0034              _ISR_ADC endp
  23  0034              
  23  0034              #line 23 "C:\Users\YVTC\Desktop\單晶片微控制器(一)\0320\H4-11_1.c"
  23  0034              #pragma debug scope 1 1
  23  0034              public _PAUSE
  23  0034              #pragma debug scope 4 1
  34  0034              #line 34 "C:\Users\YVTC\Desktop\單晶片微控制器(一)\0320\H4-11_1.c"
  34  0000              _PAUSE .section 'code'
  34  0000              _PAUSE proc
  34  0000  00              local _PAUSE_2 db 1 dup(?)	; 0,1
  34  0000  0080     R  	mov _PAUSE_2[0],a
  34  0001              #pragma debug variable 8 4 _PAUSE_2+0 "i"
  35  0001              #line 35 "C:\Users\YVTC\Desktop\單晶片微控制器(一)\0320\H4-11_1.c"
  35  0001  1F00     E  	clr ra
  35  0002  2800     R  	jmp _L6
  35  0003              _L7:
  35  0003              #line 35 "C:\Users\YVTC\Desktop\單晶片微控制器(一)\0320\H4-11_1.c"
  35  0003              ;# 35 "C:\Users\YVTC\Desktop\單晶片微控制器(一)\0320\H4-11_1.c" 1
  35  0003              	IF 20000>263690
  35  0003              ;# 35 "C:\Users\YVTC\Desktop\單晶片微控制器(一)\0320\H4-11_1.c" 1
  35  0003              	ERRMESSAGE 'the value 20000of the argument exceeds the maxinum 263690'
  35  0003              	ENDIF
  35  0003              ;# 35 "C:\Users\YVTC\Desktop\單晶片微控制器(一)\0320\H4-11_1.c" 1
  35  0003              	IF 20000<0
  35  0003              ;# 35 "C:\Users\YVTC\Desktop\單晶片微控制器(一)\0320\H4-11_1.c" 1
  35  0003              	ERRMESSAGE 'the value 20000 of the argument exceeds the mininum 0'
  35  0003              	ENDIF
  35  0003              ;# 35 "C:\Users\YVTC\Desktop\單晶片微控制器(一)\0320\H4-11_1.c" 1
  35  0003              	IF 20000==0
  35  0003              ;# 35 "C:\Users\YVTC\Desktop\單晶片微控制器(一)\0320\H4-11_1.c" 1
  35  0003              	JMP $
  35  0003              	ENDIF
  35  0003              ;# 35 "C:\Users\YVTC\Desktop\單晶片微控制器(一)\0320\H4-11_1.c" 1
  35  0003              	IF (20000>=1) AND (20000<( 4 + __PBP__ * 2))
  35  0003              ;# 35 "C:\Users\YVTC\Desktop\單晶片微控制器(一)\0320\H4-11_1.c" 1
  35  0003              	NOP
  35  0003              	ENDIF
  35  0003              ;# 35 "C:\Users\YVTC\Desktop\單晶片微控制器(一)\0320\H4-11_1.c" 1
  35  0003              	IF (20000>=2) AND (20000<( 4 + __PBP__ * 2))
  35  0003              ;# 35 "C:\Users\YVTC\Desktop\單晶片微控制器(一)\0320\H4-11_1.c" 1
  35  0003              	NOP
  35  0003              	ENDIF
  35  0003              ;# 35 "C:\Users\YVTC\Desktop\單晶片微控制器(一)\0320\H4-11_1.c" 1
"File: H4-11_1.c     Assembler  Version HGASM0202      Page 4

  35  0003              	IF (20000>=3) AND (20000<( 4 + __PBP__ * 2))
  35  0003              ;# 35 "C:\Users\YVTC\Desktop\單晶片微控制器(一)\0320\H4-11_1.c" 1
  35  0003              	NOP
  35  0003              	ENDIF
  35  0003              ;# 35 "C:\Users\YVTC\Desktop\單晶片微控制器(一)\0320\H4-11_1.c" 1
  35  0003              	IF (20000>=4) AND (20000<( 4 + __PBP__ * 2)) AND ( __PBP__ > 0 )
  35  0003              ;# 35 "C:\Users\YVTC\Desktop\單晶片微控制器(一)\0320\H4-11_1.c" 1
  35  0003              	NOP
  35  0003              	ENDIF
  35  0003              ;# 35 "C:\Users\YVTC\Desktop\單晶片微控制器(一)\0320\H4-11_1.c" 1
  35  0003              	IF (20000>=5) AND (20000<( 4 + __PBP__ * 2)) AND ( __PBP__ > 0 )
  35  0003              ;# 35 "C:\Users\YVTC\Desktop\單晶片微控制器(一)\0320\H4-11_1.c" 1
  35  0003              	NOP
  35  0003              	ENDIF
  35  0003              ;# 35 "C:\Users\YVTC\Desktop\單晶片微控制器(一)\0320\H4-11_1.c" 1
  35  0003              	IF (20000>=6) AND (20000<( 4 + __PBP__ * 2))  AND ( __PBP__ > 1 )
  35  0003              ;# 35 "C:\Users\YVTC\Desktop\單晶片微控制器(一)\0320\H4-11_1.c" 1
  35  0003              	NOP
  35  0003              	ENDIF
  35  0003              ;# 35 "C:\Users\YVTC\Desktop\單晶片微控制器(一)\0320\H4-11_1.c" 1
  35  0003              	IF (20000>=7) AND (20000<( 4 + __PBP__ * 2))  AND ( __PBP__ > 1 )
  35  0003              ;# 35 "C:\Users\YVTC\Desktop\單晶片微控制器(一)\0320\H4-11_1.c" 1
  35  0003              	NOP
  35  0003              	ENDIF
  35  0003              ;# 35 "C:\Users\YVTC\Desktop\單晶片微控制器(一)\0320\H4-11_1.c" 1
  35  0003              	IF (20000>=8) AND (20000<( 4 + __PBP__ * 2))  AND ( __PBP__ > 2 )
  35  0003              ;# 35 "C:\Users\YVTC\Desktop\單晶片微控制器(一)\0320\H4-11_1.c" 1
  35  0003              	NOP
  35  0003              	ENDIF
  35  0003              ;# 35 "C:\Users\YVTC\Desktop\單晶片微控制器(一)\0320\H4-11_1.c" 1
  35  0003              	IF (20000==9)  AND ( __PBP__ > 2 )
  35  0003              ;# 35 "C:\Users\YVTC\Desktop\單晶片微控制器(一)\0320\H4-11_1.c" 1
  35  0003              	NOP
  35  0003              	ENDIF
  35  0003              ;# 35 "C:\Users\YVTC\Desktop\單晶片微控制器(一)\0320\H4-11_1.c" 1
  35  0003              	IF (20000< ( 8 + __PBP__ * 2)) AND (20000>( 3 + __PBP__ * 2))
  35  0003              ;# 35 "C:\Users\YVTC\Desktop\單晶片微控制器(一)\0320\H4-11_1.c" 1
  35  0003              	fcall __DELAY3 + ( 7 + __PBP__ * 2) -20000
  35  0003              	ENDIF
  35  0003              ;# 35 "C:\Users\YVTC\Desktop\單晶片微控制器(一)\0320\H4-11_1.c" 1
  35  0003              	IF (20000< ( 0404h + __PBP__ * 2)) AND (20000>( 7 + __PBP__ * 2))
  35  0003              ;# 35 "C:\Users\YVTC\Desktop\單晶片微控制器(一)\0320\H4-11_1.c" 1
  35  0003              	MOV A,(20000-( 4 + __PBP__ * 2))/4
  35  0003              ;# 35 "C:\Users\YVTC\Desktop\單晶片微控制器(一)\0320\H4-11_1.c" 1
  35  0003              	fcall __DELAYX3 + 3 -((20000-( 4 + __PBP__ * 2)) MOD 4) 
  35  0003              	ENDIF
  35  0003              ;# 35 "C:\Users\YVTC\Desktop\單晶片微控制器(一)\0320\H4-11_1.c" 1
  35  0003              	IF (20000< ( 040bh + __PBP__ * 2)) AND (20000> ( 0403h + __PBP__ * 2))
  35  0003              ;# 35 "C:\Users\YVTC\Desktop\單晶片微控制器(一)\0320\H4-11_1.c" 1
  35  0003              	MOV A,0 
  35  0003              ;# 35 "C:\Users\YVTC\Desktop\單晶片微控制器(一)\0320\H4-11_1.c" 1
  35  0003              	fcall __DELAYX6 + ( 040ah + __PBP__ * 2) -20000
  35  0003              	ENDIF
  35  0003              ;# 35 "C:\Users\YVTC\Desktop\單晶片微控制器(一)\0320\H4-11_1.c" 1
  35  0003              	IF (20000 >= ( 040bh + __PBP__ * 2)) AND ((((20000-( 9 + __PBP__ * 2))%0402h)/4+1)>256)
  35  0003              ;# 35 "C:\Users\YVTC\Desktop\單晶片微控制器(一)\0320\H4-11_1.c" 1
  35  0003              	MOV A,(20000-( 9 + __PBP__ * 2))/0402h
  35  0003              ;# 35 "C:\Users\YVTC\Desktop\單晶片微控制器(一)\0320\H4-11_1.c" 1
  35  0003              	MOV _builtin_holtek_delay_2,A
  35  0003              ;# 35 "C:\Users\YVTC\Desktop\單晶片微控制器(一)\0320\H4-11_1.c" 1
"File: H4-11_1.c     Assembler  Version HGASM0202      Page 5

  35  0003              	MOV A,0
  35  0003              ;# 35 "C:\Users\YVTC\Desktop\單晶片微控制器(一)\0320\H4-11_1.c" 1
  35  0003              	fcall __DELAYY5 +5- (((20000-( 9 + __PBP__ * 2))%0402h)%6) 
  35  0003              	ENDIF
  35  0003              ;# 35 "C:\Users\YVTC\Desktop\單晶片微控制器(一)\0320\H4-11_1.c" 1
  35  0003              	IF (20000 >= ( 040bh + __PBP__ * 2)) AND ((((20000-( 9 + __PBP__ * 2))%0402h)/4+1)<=256)
  35  0003              ;# 35 "C:\Users\YVTC\Desktop\單晶片微控制器(一)\0320\H4-11_1.c" 1
  35  0003  0F13        	MOV A,(20000-( 9 + __PBP__ * 2))/0402h
  35  0004              ;# 35 "C:\Users\YVTC\Desktop\單晶片微控制器(一)\0320\H4-11_1.c" 1
  35  0004  0080     E  	MOV _builtin_holtek_delay_2,A
  35  0005              ;# 35 "C:\Users\YVTC\Desktop\單晶片微控制器(一)\0320\H4-11_1.c" 1
  35  0005  0F7C        	MOV A,((20000-( 9 + __PBP__ * 2))%0402h)/4+1
  35  0006              ;# 35 "C:\Users\YVTC\Desktop\單晶片微控制器(一)\0320\H4-11_1.c" 1
  35  0006              	fcall __DELAYY3 +3-(((20000-( 9 + __PBP__ * 2))%0402h)%4) 
  35  000D              	ENDIF
  35  000D  1480     E  	inc ra
  35  000E              _L6:
  35  000E  0700     E  	mov a,ra
  35  000F  0200     R  	sub a,_PAUSE_2[0]
  35  0010  390A        	snz z
  35  0011  2800     R  	jmp _L7
  35  0012  0003        	ret
  35  0013              _PAUSE endp
  35  0013              #line 35 "C:\Users\YVTC\Desktop\單晶片微控制器(一)\0320\H4-11_1.c"
  35  0013              #pragma debug scope 1 1
  35  0013              ___wdtc equ [62]
  35  0013              ___pcc equ [27]
  35  0013              ___pas2 equ [354]
  35  0013              ___adcr0 equ [104]
  35  0013              ___adcr1 equ [105]
  35  0013              ___intc1 equ [49]
  35  0013              ___intc0 equ [48]
  35  0013              public _main
  35  0013              #pragma debug scope 5 1
  10  0013              #line 10 "C:\Users\YVTC\Desktop\單晶片微控制器(一)\0320\H4-11_1.c"
  10  0013              IFDEF WITH_DEFAULT_STARTUP
  10  0013              extern _main_initial0:near
  10  0013              extern _main_startup:near
  10  0013              ENDIF
  10  0013              
  10  0013              ROMBANK 0 @start
  10  0000              @start .section com_l 'code'
  10  0000              _main_startup1:
  10  0000              @start .section com_e 'code'
  10  0000  0F00     R  	mov a,bank _main
  10  0001  008B        	mov bp,a
  10  0002  2800     R  	jmp _main
  10  0003              
  10  0000              _main .section 'code'
  10  0000              _main proc
  10  0000  0FAF        	mov a,175
  10  0001  00BE        	mov [62],a
  11  0002              #line 11 "C:\Users\YVTC\Desktop\單晶片微控制器(一)\0320\H4-11_1.c"
  11  0002  1F1B        	clr [27]
  12  0003              #line 12 "C:\Users\YVTC\Desktop\單晶片微控制器(一)\0320\H4-11_1.c"
  12  0003  0F03        	mov a,3
  12  0004  80E2 0001   	lmov [354],a
  13  0006              #line 13 "C:\Users\YVTC\Desktop\單晶片微控制器(一)\0320\H4-11_1.c"
  13  0006  0F04        	mov a,4
  13  0007  00E8        	mov [104],a
"File: H4-11_1.c     Assembler  Version HGASM0202      Page 6

  14  0008              #line 14 "C:\Users\YVTC\Desktop\單晶片微控制器(一)\0320\H4-11_1.c"
  14  0008  0F06        	mov a,6
  14  0009  00E9        	mov [105],a
  15  000A              #line 15 "C:\Users\YVTC\Desktop\單晶片微控制器(一)\0320\H4-11_1.c"
  15  000A  31B1        	set [49].3
  15  000B  3030        	set [48].0
  15  000C              _L9:
  17  000C              #line 17 "C:\Users\YVTC\Desktop\單晶片微控制器(一)\0320\H4-11_1.c"
  17  000C  33E8        	set [104].7
  17  000D  37E8        	clr [104].7
  18  000E              #line 18 "C:\Users\YVTC\Desktop\單晶片微控制器(一)\0320\H4-11_1.c"
  18  000E  0F05        	mov a,5
  18  000F              	fcall _PAUSE
  18  0016  2800     R  	jmp _L9
  18  0017  2800     R  	jmp $
  18  0018              _main endp
  18  0018              
  18  0018              @dummy endp
  18  0018              
  18  0018              #line 18 "C:\Users\YVTC\Desktop\單晶片微控制器(一)\0320\H4-11_1.c"
  18  0018              #pragma debug scope 1 1
  18  0018              public _TabLed
  18  0000              @crom	.section 'crom'
   7  0000              #line 7 "C:\Users\YVTC\Desktop\單晶片微控制器(一)\0320\H4-11_1.c"
   7  0000              @crom	.section	'crom'
   7  0000              _TabLed:
   7  0000              #pragma debug array 42 8 8 1
   7  0000              #pragma debug array 42 8 8 1
   7  0000              #pragma debug variable 42 1 _TabLed "TabLed"
   7  0000              	db 1
   7  0001              	db 3
   7  0001              	db 7
   7  0002              	db 15
   7  0002              	db 31
   7  0003              	db 63
   7  0003              	db 127
   7  0004              	db -1
   7  0004              #pragma debug struct_end
   7  0004              #pragma debug struct_end
   7  0004              #pragma debug union_end
   7  0004              #pragma debug union_end
   7  0004              #pragma debug variable 44 1 ___pc "__pc" 1
   7  0004              #pragma debug struct_end
   7  0004              #pragma debug struct_end
   7  0004              #pragma debug union_end
   7  0004              #pragma debug union_end
   7  0004              #pragma debug variable 46 1 ___pcc "__pcc" 1
   7  0004              #pragma debug struct_end
   7  0004              #pragma debug struct_end
   7  0004              #pragma debug union_end
   7  0004              #pragma debug union_end
   7  0004              #pragma debug variable 48 1 ___intc0 "__intc0" 1
   7  0004              #pragma debug struct_end
   7  0004              #pragma debug struct_end
   7  0004              #pragma debug union_end
   7  0004              #pragma debug union_end
   7  0004              #pragma debug variable 50 1 ___intc1 "__intc1" 1
   7  0004              #pragma debug struct_end
   7  0004              #pragma debug struct_end
   7  0004              #pragma debug union_end
"File: H4-11_1.c     Assembler  Version HGASM0202      Page 7

   7  0004              #pragma debug union_end
   7  0004              #pragma debug variable 52 1 ___wdtc "__wdtc" 1
   7  0004              #pragma debug struct_end
   7  0004              #pragma debug struct_end
   7  0004              #pragma debug union_end
   7  0004              #pragma debug union_end
   7  0004              #pragma debug variable 54 1 ___adcr0 "__adcr0" 1
   7  0004              #pragma debug struct_end
   7  0004              #pragma debug struct_end
   7  0004              #pragma debug union_end
   7  0004              #pragma debug union_end
   7  0004              #pragma debug variable 56 1 ___adcr1 "__adcr1" 1
   7  0004              #pragma debug variable 8 1 ___adrh "__adrh" 1
   7  0004              #pragma debug struct_end
   7  0004              #pragma debug struct_end
   7  0004              #pragma debug union_end
   7  0004              #pragma debug union_end
   7  0004              #pragma debug variable 58 1 ___pas2 "__pas2" 1
   7  0004              extern r1:byte
   7  0004              extern r2:byte
   7  0004              extern r3:byte
   7  0004              extern r4:byte
   7  0004              extern r5:byte
   7  0004              extern r6:byte
   7  0004              extern r7:byte
  10  0004              #line 10 "C:\Users\YVTC\Desktop\單晶片微控制器(一)\0320\H4-11_1.c"
  10  0000              @code .section at 0 'code'
  10  0000  1F0B        	clr bp
  10  0001  2800     R  	jmp _main_startup1
  10  0002              
  10  0002              
  10  0002              ; 
  10  0002              ; Generated by holtek-gcc v3.18, Tue Mar 20 15:37:07 2018
  10  0002              ; Rebuild 126
  10  0002              ; end of file


        0 Errors, 0