"File: H4-4_2.c      Assembler  Version HGASM0202      Page 1


   1  0000              ; Generated by holtek-gcc v3.18, Tue Mar 06 14:06:46 2018
   2  0000              ; 
   3  0000              ; Configuration:
   4  0000              ;       with long instruction
   5  0000              ;       Multi-ROM, Multi-RAM
   6  0000              ;       bits_per_rom_unit:16
   7  0000              ;       with mp1
   8  0000              ;       with tbhp, address(0x9)
   9  0000              ;          Use tabrd-const
  10  0000              ;       
  11  0000              ; SFR address of long-instruction arch:
  12  0000              ;    mp0 = -1,1,0
  13  0000              ;    mp1 = 4,3,2
  14  0000              ;    mp2 = 14,13,12
  15  0000              ;    tbp = 9,7,8
  16  0000              ;    acc = 5
  17  0000              ;    pcl = 6
  18  0000              ;    status = 10
  19  0000              ;    bp = 11
  20  0000              ;    intc = 48
  21  0000              ;       
  22  0000              ;       
  23  0000              ; use 'tabrdc' instead of 'tabrd'
  24  0000              ;       
  25  0000              
  26  0000              #pragma translator "holtek-gcc 4.6.4" "3.18" "build 20130711"
  27  0000              ; Rebuild 126
  28  0000              
  29  0000              ir equ [2]
  30  0000              mp equ [3]
  31  0000              sbp equ [4]
  32  0000              acc equ [5]
  33  0000              bp equ [11]
  34  0000              tblp equ [7]
  35  0000              tbhp equ [9]
  36  0000              status equ [10]
  37  0000              c equ [10].0
  38  0000              ac equ [10].1
  39  0000              z equ [10].2
  40  0000              ov equ [10].3
  41  0000              cz equ [10].6
  42  0000              sc equ [10].7
  43  0000              intc equ [48]
  44  0000              
  45  0000              extern ra:byte
  46  0000              extern rb:byte
  47  0000              extern rc:byte
  48  0000              extern rd:byte
  49  0000              extern re:byte
  50  0000              extern rf:byte
  51  0000              extern rg:byte
  52  0000              extern rh:byte
  53  0000              extern _Crom2Prom:near
  54  0000              extern _Crom2PromNext:near
  55  0000              
  56  0000              RAMBANK 0 @BITDATASEC, @BITDATASEC1
  57  0000              @HCCINIT	.section 'data'
  58  0000              @HCCINIT0	.section 'data'
  59  0000              @BITDATASEC	 .section 'data'
"File: H4-4_2.ASM    Assembler  Version HGASM0202      Page 2

  60  0000              @BITDATASEC1	 .section 'data'
  61  0000              
  62  0000              #pragma debug scope 1 1
  63  0000              	extern __DELAY3:near
  64  0000              	extern __DELAYX3:near
  65  0000              	extern __DELAYX6:near
  66  0000              	extern __DELAYY5:near
  67  0000              	extern __DELAYY3:near
  68  0000              	extern _builtin_holtek_delay_2:byte
  69  0000              ___wdtc equ [62]
  70  0000              ___pdc equ [31]
  71  0000              ___pec equ [35]
  72  0000              ___pepu equ [33]
  73  0000              ___pe equ [34]
  74  0000              ___pd equ [30]
  75  0000              public _main
  76  0000              #pragma debug scope 2 1

   9  0000              #line 9 "C:\Users\YVTC\Desktop\單晶片微控制器(一)\0306\H4-4_2.c"
   9  0000              IFDEF WITH_DEFAULT_STARTUP
   9  0000              extern _main_initial0:near
   9  0000              extern _main_startup:near
   9  0000              ENDIF
   9  0000              
   9  0000              ROMBANK 0 @start
   9  0000              @start .section com_l 'code'
   9  0000              _main_startup1:
   9  0000              @start .section com_e 'code'
   9  0000  0F00     R  	mov a,bank _main
   9  0001  008B        	mov bp,a
   9  0002  2800     R  	jmp _main
   9  0003              
   9  0000              _main .section 'code'
   9  0000              _main proc
  10  0000              #line 10 "C:\Users\YVTC\Desktop\單晶片微控制器(一)\0306\H4-4_2.c"
  10  0000  0FAF        	mov a,175
  10  0001  00BE        	mov [62],a
  11  0002              #line 11 "C:\Users\YVTC\Desktop\單晶片微控制器(一)\0306\H4-4_2.c"
  11  0002  1F1F        	clr [31]
  12  0003              #line 12 "C:\Users\YVTC\Desktop\單晶片微控制器(一)\0306\H4-4_2.c"
  12  0003  0F0F        	mov a,15
  12  0004  05A3        	orm a,[35]
  13  0005              #line 13 "C:\Users\YVTC\Desktop\單晶片微控制器(一)\0306\H4-4_2.c"
  13  0005  0F0F        	mov a,15
  13  0006  05A1        	orm a,[33]
  15  0007              #line 15 "C:\Users\YVTC\Desktop\單晶片微控制器(一)\0306\H4-4_2.c"
  15  0007  1F00     E  	clr ra
  15  0008              _L2:
  16  0008              #line 16 "C:\Users\YVTC\Desktop\單晶片微控制器(一)\0306\H4-4_2.c"
  16  0008  3C00     E  	sz ra.0
  16  0009  2800     R  	jmp _L3
  16  000A  3822        	snz [34].0
  16  000B  2800     R  	jmp _L3
  16  000C  1480     E  	inc ra
  16  000D              _L3:
  17  000D              #line 17 "C:\Users\YVTC\Desktop\單晶片微控制器(一)\0306\H4-4_2.c"
  17  000D  3800     E  	snz ra.0
  17  000E  2800     R  	jmp _L4
  17  000F  3C22        	sz [34].0
  17  0010  2800     R  	jmp _L4
"File: H4-4_2.c      Assembler  Version HGASM0202      Page 3

  17  0011  1480     E  	inc ra
  17  0012              _L4:
  19  0012              #line 19 "C:\Users\YVTC\Desktop\單晶片微控制器(一)\0306\H4-4_2.c"
  19  0012  0F09        	mov a,9
  19  0013  0200     E  	sub a,ra
  19  0014  3C0A        	sz c
  19  0015  2800     R  	jmp _L5
  19  0016              _L10:
  15  0016              #line 15 "C:\Users\YVTC\Desktop\單晶片微控制器(一)\0306\H4-4_2.c"
  15  0016  1480     E  	inc ra
  15  0017  0F09        	mov a,9
  15  0018  0200     E  	sub a,ra
  15  0019  3C0A        	sz c
  15  001A  2800     R  	jmp _L2
  15  001B  1F00     E  	clr ra
  15  001C  2800     R  	jmp _L2
  15  001D              _L5:
  20  001D              #line 20 "C:\Users\YVTC\Desktop\單晶片微控制器(一)\0306\H4-4_2.c"
  20  001D  0F00     R  	mov a,low offset _SEG_TAB
  20  001E  0300     E  	add a,ra
  20  001F  0083        	mov mp,a
  20  0020  0F00     R  	mov a,high offset _SEG_TAB
  20  0021  1F04        	clr sbp
  20  0022  1384        	adcm a,sbp
  20  0023              	fcall _Crom2Prom
  20  002A  009E        	mov [30],a
  21  002B              #line 21 "C:\Users\YVTC\Desktop\單晶片微控制器(一)\0306\H4-4_2.c"
  21  002B  0722        	mov a,[34]
  21  002C  0E0F        	and a,15
  21  002D  0080     E  	mov rb,a
  21  002E  0700     E  	mov a,rb
  21  002F  0300     E  	add a,rb
  21  0030  0080     E  	mov rc,a
  21  0031  0700     E  	mov a,rc
  21  0032  0380     E  	addm a,rc
  21  0033  0700     E  	mov a,rb
  21  0034  0380     E  	addm a,rc
  22  0035              #line 22 "C:\Users\YVTC\Desktop\單晶片微控制器(一)\0306\H4-4_2.c"
  22  0035  1F00     E  	clr rb
  22  0036              _L8:
  22  0036  0700     E  	mov a,rb
  22  0037  0200     E  	sub a,rc
  22  0038  3D0A        	sz z
  22  0039  2800     R  	jmp _L10
  22  003A              ;# 22 "C:\Users\YVTC\Desktop\單晶片微控制器(一)\0306\H4-4_2.c" 1
  22  003A              	IF 20000>263690
  22  003A              ;# 22 "C:\Users\YVTC\Desktop\單晶片微控制器(一)\0306\H4-4_2.c" 1
  22  003A              	ERRMESSAGE 'the value 20000of the argument exceeds the maxinum 263690'
  22  003A              	ENDIF
  22  003A              ;# 22 "C:\Users\YVTC\Desktop\單晶片微控制器(一)\0306\H4-4_2.c" 1
  22  003A              	IF 20000<0
  22  003A              ;# 22 "C:\Users\YVTC\Desktop\單晶片微控制器(一)\0306\H4-4_2.c" 1
  22  003A              	ERRMESSAGE 'the value 20000 of the argument exceeds the mininum 0'
  22  003A              	ENDIF
  22  003A              ;# 22 "C:\Users\YVTC\Desktop\單晶片微控制器(一)\0306\H4-4_2.c" 1
  22  003A              	IF 20000==0
  22  003A              ;# 22 "C:\Users\YVTC\Desktop\單晶片微控制器(一)\0306\H4-4_2.c" 1
  22  003A              	JMP $
  22  003A              	ENDIF
  22  003A              ;# 22 "C:\Users\YVTC\Desktop\單晶片微控制器(一)\0306\H4-4_2.c" 1
"File: H4-4_2.c      Assembler  Version HGASM0202      Page 4

  22  003A              	IF (20000>=1) AND (20000<( 4 + __PBP__ * 2))
  22  003A              ;# 22 "C:\Users\YVTC\Desktop\單晶片微控制器(一)\0306\H4-4_2.c" 1
  22  003A              	NOP
  22  003A              	ENDIF
  22  003A              ;# 22 "C:\Users\YVTC\Desktop\單晶片微控制器(一)\0306\H4-4_2.c" 1
  22  003A              	IF (20000>=2) AND (20000<( 4 + __PBP__ * 2))
  22  003A              ;# 22 "C:\Users\YVTC\Desktop\單晶片微控制器(一)\0306\H4-4_2.c" 1
  22  003A              	NOP
  22  003A              	ENDIF
  22  003A              ;# 22 "C:\Users\YVTC\Desktop\單晶片微控制器(一)\0306\H4-4_2.c" 1
  22  003A              	IF (20000>=3) AND (20000<( 4 + __PBP__ * 2))
  22  003A              ;# 22 "C:\Users\YVTC\Desktop\單晶片微控制器(一)\0306\H4-4_2.c" 1
  22  003A              	NOP
  22  003A              	ENDIF
  22  003A              ;# 22 "C:\Users\YVTC\Desktop\單晶片微控制器(一)\0306\H4-4_2.c" 1
  22  003A              	IF (20000>=4) AND (20000<( 4 + __PBP__ * 2)) AND ( __PBP__ > 0 )
  22  003A              ;# 22 "C:\Users\YVTC\Desktop\單晶片微控制器(一)\0306\H4-4_2.c" 1
  22  003A              	NOP
  22  003A              	ENDIF
  22  003A              ;# 22 "C:\Users\YVTC\Desktop\單晶片微控制器(一)\0306\H4-4_2.c" 1
  22  003A              	IF (20000>=5) AND (20000<( 4 + __PBP__ * 2)) AND ( __PBP__ > 0 )
  22  003A              ;# 22 "C:\Users\YVTC\Desktop\單晶片微控制器(一)\0306\H4-4_2.c" 1
  22  003A              	NOP
  22  003A              	ENDIF
  22  003A              ;# 22 "C:\Users\YVTC\Desktop\單晶片微控制器(一)\0306\H4-4_2.c" 1
  22  003A              	IF (20000>=6) AND (20000<( 4 + __PBP__ * 2))  AND ( __PBP__ > 1 )
  22  003A              ;# 22 "C:\Users\YVTC\Desktop\單晶片微控制器(一)\0306\H4-4_2.c" 1
  22  003A              	NOP
  22  003A              	ENDIF
  22  003A              ;# 22 "C:\Users\YVTC\Desktop\單晶片微控制器(一)\0306\H4-4_2.c" 1
  22  003A              	IF (20000>=7) AND (20000<( 4 + __PBP__ * 2))  AND ( __PBP__ > 1 )
  22  003A              ;# 22 "C:\Users\YVTC\Desktop\單晶片微控制器(一)\0306\H4-4_2.c" 1
  22  003A              	NOP
  22  003A              	ENDIF
  22  003A              ;# 22 "C:\Users\YVTC\Desktop\單晶片微控制器(一)\0306\H4-4_2.c" 1
  22  003A              	IF (20000>=8) AND (20000<( 4 + __PBP__ * 2))  AND ( __PBP__ > 2 )
  22  003A              ;# 22 "C:\Users\YVTC\Desktop\單晶片微控制器(一)\0306\H4-4_2.c" 1
  22  003A              	NOP
  22  003A              	ENDIF
  22  003A              ;# 22 "C:\Users\YVTC\Desktop\單晶片微控制器(一)\0306\H4-4_2.c" 1
  22  003A              	IF (20000==9)  AND ( __PBP__ > 2 )
  22  003A              ;# 22 "C:\Users\YVTC\Desktop\單晶片微控制器(一)\0306\H4-4_2.c" 1
  22  003A              	NOP
  22  003A              	ENDIF
  22  003A              ;# 22 "C:\Users\YVTC\Desktop\單晶片微控制器(一)\0306\H4-4_2.c" 1
  22  003A              	IF (20000< ( 8 + __PBP__ * 2)) AND (20000>( 3 + __PBP__ * 2))
  22  003A              ;# 22 "C:\Users\YVTC\Desktop\單晶片微控制器(一)\0306\H4-4_2.c" 1
  22  003A              	fcall __DELAY3 + ( 7 + __PBP__ * 2) -20000
  22  003A              	ENDIF
  22  003A              ;# 22 "C:\Users\YVTC\Desktop\單晶片微控制器(一)\0306\H4-4_2.c" 1
  22  003A              	IF (20000< ( 0404h + __PBP__ * 2)) AND (20000>( 7 + __PBP__ * 2))
  22  003A              ;# 22 "C:\Users\YVTC\Desktop\單晶片微控制器(一)\0306\H4-4_2.c" 1
  22  003A              	MOV A,(20000-( 4 + __PBP__ * 2))/4
  22  003A              ;# 22 "C:\Users\YVTC\Desktop\單晶片微控制器(一)\0306\H4-4_2.c" 1
  22  003A              	fcall __DELAYX3 + 3 -((20000-( 4 + __PBP__ * 2)) MOD 4) 
  22  003A              	ENDIF
  22  003A              ;# 22 "C:\Users\YVTC\Desktop\單晶片微控制器(一)\0306\H4-4_2.c" 1
  22  003A              	IF (20000< ( 040bh + __PBP__ * 2)) AND (20000> ( 0403h + __PBP__ * 2))
  22  003A              ;# 22 "C:\Users\YVTC\Desktop\單晶片微控制器(一)\0306\H4-4_2.c" 1
  22  003A              	MOV A,0 
"File: H4-4_2.c      Assembler  Version HGASM0202      Page 5

  22  003A              ;# 22 "C:\Users\YVTC\Desktop\單晶片微控制器(一)\0306\H4-4_2.c" 1
  22  003A              	fcall __DELAYX6 + ( 040ah + __PBP__ * 2) -20000
  22  003A              	ENDIF
  22  003A              ;# 22 "C:\Users\YVTC\Desktop\單晶片微控制器(一)\0306\H4-4_2.c" 1
  22  003A              	IF (20000 >= ( 040bh + __PBP__ * 2)) AND ((((20000-( 9 + __PBP__ * 2))%0402h)/4+1)>256)
  22  003A              ;# 22 "C:\Users\YVTC\Desktop\單晶片微控制器(一)\0306\H4-4_2.c" 1
  22  003A              	MOV A,(20000-( 9 + __PBP__ * 2))/0402h
  22  003A              ;# 22 "C:\Users\YVTC\Desktop\單晶片微控制器(一)\0306\H4-4_2.c" 1
  22  003A              	MOV _builtin_holtek_delay_2,A
  22  003A              ;# 22 "C:\Users\YVTC\Desktop\單晶片微控制器(一)\0306\H4-4_2.c" 1
  22  003A              	MOV A,0
  22  003A              ;# 22 "C:\Users\YVTC\Desktop\單晶片微控制器(一)\0306\H4-4_2.c" 1
  22  003A              	fcall __DELAYY5 +5- (((20000-( 9 + __PBP__ * 2))%0402h)%6) 
  22  003A              	ENDIF
  22  003A              ;# 22 "C:\Users\YVTC\Desktop\單晶片微控制器(一)\0306\H4-4_2.c" 1
  22  003A              	IF (20000 >= ( 040bh + __PBP__ * 2)) AND ((((20000-( 9 + __PBP__ * 2))%0402h)/4+1)<=256)
  22  003A              ;# 22 "C:\Users\YVTC\Desktop\單晶片微控制器(一)\0306\H4-4_2.c" 1
  22  003A  0F13        	MOV A,(20000-( 9 + __PBP__ * 2))/0402h
  22  003B              ;# 22 "C:\Users\YVTC\Desktop\單晶片微控制器(一)\0306\H4-4_2.c" 1
  22  003B  0080     E  	MOV _builtin_holtek_delay_2,A
  22  003C              ;# 22 "C:\Users\YVTC\Desktop\單晶片微控制器(一)\0306\H4-4_2.c" 1
  22  003C  0F7C        	MOV A,((20000-( 9 + __PBP__ * 2))%0402h)/4+1
  22  003D              ;# 22 "C:\Users\YVTC\Desktop\單晶片微控制器(一)\0306\H4-4_2.c" 1
  22  003D              	fcall __DELAYY3 +3-(((20000-( 9 + __PBP__ * 2))%0402h)%4) 
  22  0044              	ENDIF
  22  0044  1480     E  	inc rb
  22  0045  2800     R  	jmp _L8
  22  0046  2800     R  	jmp $
  22  0047              _main endp
  22  0047              
  22  0047              @dummy endp
  22  0047              
  22  0047              #line 22 "C:\Users\YVTC\Desktop\單晶片微控制器(一)\0306\H4-4_2.c"
  22  0047              #pragma debug scope 1 1
  22  0047              public _SEG_TAB
  22  0000              @crom	.section 'crom'
   6  0000              #line 6 "C:\Users\YVTC\Desktop\單晶片微控制器(一)\0306\H4-4_2.c"
   6  0000              @crom	.section	'crom'
   6  0000              _SEG_TAB:
   6  0000              #pragma debug array 42 8 10 1
   6  0000              #pragma debug array 42 8 10 1
   6  0000              #pragma debug variable 42 1 _SEG_TAB "SEG_TAB"
   6  0000              	db 63
   6  0001              	db 6
   6  0001              	db 91
   6  0002              	db 79
   6  0002              	db 102
   6  0003              	db 109
   6  0003              	db 125
   6  0004              	db 7
   6  0004              	db 127
   6  0005              	db 103
   6  0005              #pragma debug struct_end
   6  0005              #pragma debug struct_end
   6  0005              #pragma debug union_end
   6  0005              #pragma debug union_end
   6  0005              #pragma debug variable 44 1 ___pd "__pd" 1
   6  0005              #pragma debug struct_end
   6  0005              #pragma debug struct_end
   6  0005              #pragma debug union_end
"File: H4-4_2.c      Assembler  Version HGASM0202      Page 6

   6  0005              #pragma debug union_end
   6  0005              #pragma debug variable 46 1 ___pdc "__pdc" 1
   6  0005              #pragma debug struct_end
   6  0005              #pragma debug struct_end
   6  0005              #pragma debug union_end
   6  0005              #pragma debug union_end
   6  0005              #pragma debug variable 48 1 ___pepu "__pepu" 1
   6  0005              #pragma debug struct_end
   6  0005              #pragma debug struct_end
   6  0005              #pragma debug union_end
   6  0005              #pragma debug union_end
   6  0005              #pragma debug variable 50 1 ___pe "__pe" 1
   6  0005              #pragma debug struct_end
   6  0005              #pragma debug struct_end
   6  0005              #pragma debug union_end
   6  0005              #pragma debug union_end
   6  0005              #pragma debug variable 52 1 ___pec "__pec" 1
   6  0005              #pragma debug struct_end
   6  0005              #pragma debug struct_end
   6  0005              #pragma debug union_end
   6  0005              #pragma debug union_end
   6  0005              #pragma debug variable 54 1 ___wdtc "__wdtc" 1
   9  0005              #line 9 "C:\Users\YVTC\Desktop\單晶片微控制器(一)\0306\H4-4_2.c"
   9  0000              @code .section at 0 'code'
   9  0000  1F0B        	clr bp
   9  0001  2800     R  	jmp _main_startup1
   9  0002              
   9  0002              
   9  0002              ; 
   9  0002              ; Generated by holtek-gcc v3.18, Tue Mar 06 14:06:47 2018
   9  0002              ; Rebuild 126
   9  0002              ; end of file


        0 Errors, 0