"File: H5-2_3.c      Assembler  Version HGASM0202      Page 1


   1  0000              ; Generated by holtek-gcc v3.18, Tue Apr 10 16:05:36 2018
   2  0000              ; 
   3  0000              ; Configuration:
   4  0000              ;       with long instruction
   5  0000              ;       Multi-ROM, Multi-RAM
   6  0000              ;       bits_per_rom_unit:16
   7  0000              ;       with mp1
   8  0000              ;       with tbhp, address(0x9)
   9  0000              ;          Use tabrd-const
  10  0000              ;       
  11  0000              ; SFR address of long-instruction arch:
  12  0000              ;    mp0 = -1,1,0
  13  0000              ;    mp1 = 4,3,2
  14  0000              ;    mp2 = 14,13,12
  15  0000              ;    tbp = 9,7,8
  16  0000              ;    acc = 5
  17  0000              ;    pcl = 6
  18  0000              ;    status = 10
  19  0000              ;    bp = 11
  20  0000              ;    intc = 48
  21  0000              ;       
  22  0000              ;       
  23  0000              ; use 'tabrdc' instead of 'tabrd'
  24  0000              ;       
  25  0000              
  26  0000              #pragma translator "holtek-gcc 4.6.4" "3.18" "build 20130711"
  27  0000              ; Rebuild 126
  28  0000              
  29  0000              ir equ [2]
  30  0000              mp equ [3]
  31  0000              sbp equ [4]
  32  0000              acc equ [5]
  33  0000              bp equ [11]
  34  0000              tblp equ [7]
  35  0000              tbhp equ [9]
  36  0000              status equ [10]
  37  0000              c equ [10].0
  38  0000              ac equ [10].1
  39  0000              z equ [10].2
  40  0000              ov equ [10].3
  41  0000              cz equ [10].6
  42  0000              sc equ [10].7
  43  0000              intc equ [48]
  44  0000              
  45  0000              extern ra:byte
  46  0000              extern rb:byte
  47  0000              extern rc:byte
  48  0000              extern rd:byte
  49  0000              extern re:byte
  50  0000              extern rf:byte
  51  0000              extern rg:byte
  52  0000              extern rh:byte
  53  0000              extern _Crom2Prom:near
  54  0000              extern _Crom2PromNext:near
  55  0000              
  56  0000              RAMBANK 0 @BITDATASEC, @BITDATASEC1
  57  0000              @HCCINIT	.section 'data'
  58  0000              @HCCINIT0	.section 'data'
  59  0000              @BITDATASEC	 .section 'data'
"File: H5-2_3.ASM    Assembler  Version HGASM0202      Page 2

  60  0000              @BITDATASEC1	 .section 'data'
  61  0000              
  62  0000              #pragma debug scope 1 1
  63  0000              	extern __DELAY3:near
  64  0000              	extern __DELAYX3:near
  65  0000              	extern __DELAYX6:near
  66  0000              	extern __DELAYY5:near
  67  0000              	extern __DELAYY3:near
  68  0000              	extern _builtin_holtek_delay_2:byte
  69  0000              ___wdtc equ [62]
  70  0000              ___pd equ [30]
  71  0000              ___pdc equ [31]
  72  0000              ___pe equ [34]
  73  0000              ___pec equ [35]
  74  0000              ___tm2c0 equ [81]
  75  0000              ___tm2c1 equ [82]
  76  0000              ___tm2al equ [85]
  77  0000              ___tm2ah equ [86]
  78  0000              ___ifs0 equ [328]
  79  0000              ___papu equ [17]
  80  0000              ___integ equ [57]
  81  0000              ___intc0 equ [48]
  82  0000              ___intc1 equ [49]
  83  0000              ___mfi0 equ [52]
  84  0000              public _main
  85  0000              #pragma debug scope 2 1

  13  0000              #line 13 "C:\Users\YVTC\Desktop\單晶片微控制器(一)\0327\H5-2_3.c"
  13  0000              IFDEF WITH_DEFAULT_STARTUP
  13  0000              extern _main_initial0:near
  13  0000              extern _main_startup:near
  13  0000              ENDIF
  13  0000              
  13  0000              ROMBANK 0 @start
  13  0000              @start .section com_l 'code'
  13  0000              _main_startup1:
  13  0000              @start .section com_e 'code'
  13  0000  0F00     R  	mov a,bank _main
  13  0001  008B        	mov bp,a
  13  0002  2800     R  	jmp _main
  13  0003              
  13  0000              _main .section 'code'
  13  0000              _main proc
  15  0000              #line 15 "C:\Users\YVTC\Desktop\單晶片微控制器(一)\0327\H5-2_3.c"
  15  0000  0FAF        	mov a,175
  15  0001  00BE        	mov [62],a
  16  0002              #line 16 "C:\Users\YVTC\Desktop\單晶片微控制器(一)\0327\H5-2_3.c"
  16  0002  1F1E        	clr [30]
  16  0003  1F1F        	clr [31]
  17  0004              #line 17 "C:\Users\YVTC\Desktop\單晶片微控制器(一)\0327\H5-2_3.c"
  17  0004  0FF0        	mov a,240
  17  0005  06A2        	andm a,[34]
  17  0006  0FF0        	mov a,240
  17  0007  06A3        	andm a,[35]
  18  0008              #line 18 "C:\Users\YVTC\Desktop\單晶片微控制器(一)\0327\H5-2_3.c"
  18  0008  1F51        	clr [81]
  19  0009              #line 19 "C:\Users\YVTC\Desktop\單晶片微控制器(一)\0327\H5-2_3.c"
  19  0009  0FC1        	mov a,193
  19  000A  00D2        	mov [82],a
  20  000B              #line 20 "C:\Users\YVTC\Desktop\單晶片微控制器(一)\0327\H5-2_3.c"
"File: H5-2_3.c      Assembler  Version HGASM0202      Page 3

  20  000B  0F10        	mov a,16
  20  000C  00D5        	mov [85],a
  20  000D  0F27        	mov a,39
  20  000E  00D6        	mov [86],a
  21  000F              #line 21 "C:\Users\YVTC\Desktop\單晶片微控制器(一)\0327\H5-2_3.c"
  21  000F  9F48 0001   	lclr [328]
  22  0011              #line 22 "C:\Users\YVTC\Desktop\單晶片微控制器(一)\0327\H5-2_3.c"
  22  0011  3191        	set [17].3
  23  0012              #line 23 "C:\Users\YVTC\Desktop\單晶片微控制器(一)\0327\H5-2_3.c"
  23  0012  0F02        	mov a,2
  23  0013  00B9        	mov [57],a
  24  0014              #line 24 "C:\Users\YVTC\Desktop\單晶片微控制器(一)\0327\H5-2_3.c"
  24  0014  30B0        	set [48].1
  25  0015              #line 25 "C:\Users\YVTC\Desktop\單晶片微控制器(一)\0327\H5-2_3.c"
  25  0015  0FC8        	mov a,200
  25  0016  0080     R  	mov _R100ms[0],a
  25  0017  1F00     R  	clr _FG_100ms[0]
  26  0018              #line 26 "C:\Users\YVTC\Desktop\單晶片微控制器(一)\0327\H5-2_3.c"
  26  0018  0F00     R  	mov a,low offset _Digit
  26  0019  0080     R  	mov _ptr[0],a
  26  001A  0F00     R  	mov a,high offset _Digit
  26  001B  0080     R  	mov _ptr[1],a
  26  001C  0F80        	mov a,128
  26  001D  0080     R  	mov _ScanCode[0],a
  27  001E              #line 27 "C:\Users\YVTC\Desktop\單晶片微控制器(一)\0327\H5-2_3.c"
  27  001E  1F00     R  	clr _Digit[0]
  27  001F  1F00     R  	clr _Digit[1]
  27  0020  1F00     R  	clr _Digit[2]
  27  0021  1F00     R  	clr _Digit[3]
  29  0022              #line 29 "C:\Users\YVTC\Desktop\單晶片微控制器(一)\0327\H5-2_3.c"
  29  0022  0F05        	mov a,5
  29  0023  0080     R  	mov _Digit[1],a
  29  0024  0F08        	mov a,8
  29  0025  0080     R  	mov _Digit[0],a
  30  0026              #line 30 "C:\Users\YVTC\Desktop\單晶片微控制器(一)\0327\H5-2_3.c"
  30  0026  0F02        	mov a,2
  30  0027  0080     R  	mov _Digit[3],a
  30  0028  0F03        	mov a,3
  30  0029  0080     R  	mov _Digit[2],a
  35  002A              #line 35 "C:\Users\YVTC\Desktop\單晶片微控制器(一)\0327\H5-2_3.c"
  35  002A  30B1        	set [49].1
  35  002B  31B4        	set [52].3
  36  002C              #line 36 "C:\Users\YVTC\Desktop\單晶片微控制器(一)\0327\H5-2_3.c"
  36  002C  3030        	set [48].0
  36  002D  31D1        	set [81].3
  36  002E  1F00     R  	clr _FG_GoStop[0]
  14  002F              #line 14 "C:\Users\YVTC\Desktop\單晶片微控制器(一)\0327\H5-2_3.c"
  14  002F  0F17        	mov a,23
  14  0030  0080     E  	mov rb,a
  14  0031  0F3A        	mov a,58
  14  0032  0080     E  	mov ra,a
  14  0033              _L3:
  38  0033              #line 38 "C:\Users\YVTC\Desktop\單晶片微控制器(一)\0327\H5-2_3.c"
  38  0033  1E00     R  	snz _FG_100ms[0]
  38  0034  2800     R  	jmp _L3
  39  0035              #line 39 "C:\Users\YVTC\Desktop\單晶片微控制器(一)\0327\H5-2_3.c"
  39  0035  1F00     R  	clr _FG_100ms[0]
  54  0036              #line 54 "C:\Users\YVTC\Desktop\單晶片微控制器(一)\0327\H5-2_3.c"
  54  0036  1480     E  	inc ra
  54  0037  0700     E  	mov a,ra
"File: H5-2_3.c      Assembler  Version HGASM0202      Page 4

  54  0038  0A3C        	sub a,60
  54  0039  390A        	snz z
  54  003A  2800     R  	jmp _L4
  56  003B              #line 56 "C:\Users\YVTC\Desktop\單晶片微控制器(一)\0327\H5-2_3.c"
  56  003B  1480     E  	inc rb
  56  003C  0700     E  	mov a,rb
  56  003D  0A18        	sub a,24
  56  003E  390A        	snz z
  56  003F  2800     R  	jmp _L7
  56  0040  1F00     E  	clr rb
  56  0041              _L7:
  55  0041              #line 55 "C:\Users\YVTC\Desktop\單晶片微控制器(一)\0327\H5-2_3.c"
  55  0041  1F00     E  	clr ra
  55  0042              _L4:
  58  0042              #line 58 "C:\Users\YVTC\Desktop\單晶片微控制器(一)\0327\H5-2_3.c"
  58  0042  1F00     E  	clr _builtin_holtek_udivmodqi4_2[3]
  58  0043  0700     E  	mov a,ra
  58  0044  0080     E  	mov _builtin_holtek_udivmodqi4_2[0],a
  58  0045  0F0A        	mov a,10
  58  0046  0080     E  	mov _builtin_holtek_udivmodqi4_2[1],a
  58  0047              	fcall _builtin_holtek_udivmodqi4
  58  004E  0700     E  	mov a,_builtin_holtek_udivmodqi4_2[0]
  58  004F  0080     R  	mov _Digit[1],a
  58  0050  1F00     E  	clr _builtin_holtek_udivmodqi4_2[3]
  58  0051  0700     E  	mov a,ra
  58  0052  0080     E  	mov _builtin_holtek_udivmodqi4_2[0],a
  58  0053  0F0A        	mov a,10
  58  0054  0080     E  	mov _builtin_holtek_udivmodqi4_2[1],a
  58  0055              	fcall _builtin_holtek_udivmodqi4
  58  005C  0700     E  	mov a,_builtin_holtek_udivmodqi4_2[2]
  58  005D  0080     R  	mov _Digit[0],a
  59  005E              #line 59 "C:\Users\YVTC\Desktop\單晶片微控制器(一)\0327\H5-2_3.c"
  59  005E  1F00     E  	clr _builtin_holtek_udivmodqi4_2[3]
  59  005F  0700     E  	mov a,rb
  59  0060  0080     E  	mov _builtin_holtek_udivmodqi4_2[0],a
  59  0061  0F0A        	mov a,10
  59  0062  0080     E  	mov _builtin_holtek_udivmodqi4_2[1],a
  59  0063              	fcall _builtin_holtek_udivmodqi4
  59  006A  0700     E  	mov a,_builtin_holtek_udivmodqi4_2[0]
  59  006B  0080     R  	mov _Digit[3],a
  59  006C  1F00     E  	clr _builtin_holtek_udivmodqi4_2[3]
  59  006D  0700     E  	mov a,rb
  59  006E  0080     E  	mov _builtin_holtek_udivmodqi4_2[0],a
  59  006F  0F0A        	mov a,10
  59  0070  0080     E  	mov _builtin_holtek_udivmodqi4_2[1],a
  59  0071              	fcall _builtin_holtek_udivmodqi4
  59  0078  0700     E  	mov a,_builtin_holtek_udivmodqi4_2[2]
  59  0079  0080     R  	mov _Digit[2],a
  60  007A              #line 60 "C:\Users\YVTC\Desktop\單晶片微控制器(一)\0327\H5-2_3.c"
  60  007A  2800     R  	jmp _L3
  60  007B  2800     R  	jmp $
  60  007C              _main endp
  60  007C              
  60  007C              @dummy endp
  60  007C              
  60  007C              #line 60 "C:\Users\YVTC\Desktop\單晶片微控制器(一)\0327\H5-2_3.c"
  60  007C              #pragma debug scope 1 1
  60  007C              public _ISR_ExtInt0
  60  007C              #pragma debug scope 3 1
  63  007C              #line 63 "C:\Users\YVTC\Desktop\單晶片微控制器(一)\0327\H5-2_3.c"
"File: H5-2_3.c      Assembler  Version HGASM0202      Page 5

  63  007C              rombank 0 @ISR_ExtInt0_code
  63  0000              @ISR_ExtInt0_code .section at 4 'code'
  63  0000  0080     E  	mov r1,a
  63  0001  070B        	mov a,bp
  63  0002  1F0B        	clr bp
  63  0003  2800     R  	jmp _ISR_ExtInt0
  63  0004              ROMBANK 0 _ISR_ExtInt0
  63  0004              #pragma debug scope 1 1
  63  0004              @dummy4 endp
  63  0004              #pragma debug scope 4 1
  63  0000              _ISR_ExtInt0 .section 'code'
  63  0000              _ISR_ExtInt0 proc
  63  0000  0080     E  	mov r2,a
  63  0001  070A        	mov a, status
  63  0002  0080     E  	mov r3,a
  63  0003  0F01        	mov a,1
  63  0004  0480     R  	xorm a,_FG_GoStop[0]
  64  0005              #line 64 "C:\Users\YVTC\Desktop\單晶片微控制器(一)\0327\H5-2_3.c"
  64  0005  3630        	clr [48].4
  64  0006  0700     E  	mov a,r2
  64  0007  008B        	mov bp,a
  64  0008  0700     E  	mov a,r3
  64  0009  008A        	mov status,a
  64  000A  0700     E  	mov a,r1
  64  000B  0004        	reti
  64  000C              _ISR_ExtInt0 endp
  64  000C              
  64  000C              #line 64 "C:\Users\YVTC\Desktop\單晶片微控制器(一)\0327\H5-2_3.c"
  64  000C              #pragma debug scope 1 1
  64  000C              public _ISR_STM
  64  000C              #pragma debug scope 5 1
  67  000C              #line 67 "C:\Users\YVTC\Desktop\單晶片微控制器(一)\0327\H5-2_3.c"
  67  000C              rombank 0 @ISR_STM_code
  67  0000              @ISR_STM_code .section at 20 'code'
  67  0000  0080     E  	mov r1,a
  67  0001  070B        	mov a,bp
  67  0002  1F0B        	clr bp
  67  0003  2800     R  	jmp _ISR_STM
  67  0004              ROMBANK 0 _ISR_STM
  67  0004              #pragma debug scope 1 1
  67  0004              @dummy20 endp
  67  0004              #pragma debug scope 6 1
  67  0000              _ISR_STM .section 'code'
  67  0000              _ISR_STM proc
  67  0000  0080     E  	mov r2,a
  67  0001  070A        	mov a, status
  67  0002  0080     E  	mov r3,a
  67  0003  0703        	mov a,mp
  67  0004  0080     E  	mov r4,a
  67  0005  0704        	mov a,sbp
  67  0006  0080     E  	mov r5,a
  67  0007  0707        	mov a,tblp
  67  0008  0080     E  	mov r6,a
  67  0009  0709        	mov a,tbhp
  67  000A  0080     E  	mov r7,a
  68  000B              #line 68 "C:\Users\YVTC\Desktop\單晶片微控制器(一)\0327\H5-2_3.c"
  68  000B  1F1E        	clr [30]
  69  000C              #line 69 "C:\Users\YVTC\Desktop\單晶片微控制器(一)\0327\H5-2_3.c"
  69  000C              ;# 69 "C:\Users\YVTC\Desktop\單晶片微控制器(一)\0327\H5-2_3.c" 1
  69  000C  1880     R  	rl _ScanCode[0]
"File: H5-2_3.c      Assembler  Version HGASM0202      Page 6

  70  000D              #line 70 "C:\Users\YVTC\Desktop\單晶片微控制器(一)\0327\H5-2_3.c"
  70  000D  0700     R  	mov a,_ScanCode[0]
  70  000E  0A10        	sub a,16
  70  000F  390A        	snz z
  70  0010  2800     R  	jmp _L11
  71  0011              #line 71 "C:\Users\YVTC\Desktop\單晶片微控制器(一)\0327\H5-2_3.c"
  71  0011  0F01        	mov a,1
  71  0012  0080     R  	mov _ScanCode[0],a
  71  0013  0F00     R  	mov a,low offset _Digit
  71  0014  0080     R  	mov _ptr[0],a
  71  0015  0F00     R  	mov a,high offset _Digit
  71  0016  0080     R  	mov _ptr[1],a
  71  0017              _L11:
  73  0017              #line 73 "C:\Users\YVTC\Desktop\單晶片微控制器(一)\0327\H5-2_3.c"
  73  0017  0700     R  	mov a,_ScanCode[0]
  73  0018  00A2        	mov [34],a
  73  0019  0700     R  	mov a,_ptr[0]
  73  001A  0080     E  	mov rb,a
  73  001B  0700     R  	mov a,_ptr[1]
  73  001C  0080     E  	mov rc,a
  76  001D              #line 76 "C:\Users\YVTC\Desktop\單晶片微控制器(一)\0327\H5-2_3.c"
  76  001D  0F63        	mov a,99
  76  001E  0200     R  	sub a,_R100ms[0]
  76  001F  380A        	snz c
  76  0020  2800     R  	jmp _L12
  76  0021  0F01        	mov a,1
  76  0022  0300     E  	add a,rb
  76  0023  0080     R  	mov _ptr[0],a
  76  0024  0F00        	mov a,0
  76  0025  1300     E  	adc a,rc
  76  0026  0080     R  	mov _ptr[1],a
  76  0027  0700     E  	mov a,rb
  76  0028  0083        	mov mp,a
  76  0029  0700     E  	mov a,rc
  76  002A  0084        	mov sbp,a
  76  002B              	fcall _Crom2Prom
  76  0032  0080     E  	mov ra,a
  76  0033  0F00     R  	mov a,low offset _SEG_TAB
  76  0034  0300     E  	add a,ra
  76  0035  0083        	mov mp,a
  76  0036  0F00     R  	mov a,high offset _SEG_TAB
  76  0037  1F04        	clr sbp
  76  0038  1384        	adcm a,sbp
  76  0039              	fcall _Crom2Prom
  76  0040  009E        	mov [30],a
  76  0041  2800     R  	jmp _L13
  76  0042              _L12:
  77  0042              #line 77 "C:\Users\YVTC\Desktop\單晶片微控制器(一)\0327\H5-2_3.c"
  77  0042  0F01        	mov a,1
  77  0043  0300     E  	add a,rb
  77  0044  0080     R  	mov _ptr[0],a
  77  0045  0F00        	mov a,0
  77  0046  1300     E  	adc a,rc
  77  0047  0080     R  	mov _ptr[1],a
  77  0048  0700     E  	mov a,rb
  77  0049  0083        	mov mp,a
  77  004A  0700     E  	mov a,rc
  77  004B  0084        	mov sbp,a
  77  004C              	fcall _Crom2Prom
  77  0053  0080     E  	mov ra,a
"File: H5-2_3.c      Assembler  Version HGASM0202      Page 7

  77  0054  0F00     R  	mov a,low offset _SEG_TAB
  77  0055  0300     E  	add a,ra
  77  0056  0083        	mov mp,a
  77  0057  0F00     R  	mov a,high offset _SEG_TAB
  77  0058  1F04        	clr sbp
  77  0059  1384        	adcm a,sbp
  77  005A              	fcall _Crom2Prom
  77  0061  0080     E  	mov ra,a
  77  0062  3000     E  	set ra.7
  77  0063  0700     E  	mov a,ra
  77  0064  009E        	mov [30],a
  77  0065              _L13:
  84  0065              #line 84 "C:\Users\YVTC\Desktop\單晶片微控制器(一)\0327\H5-2_3.c"
  84  0065  1500     R  	deca _R100ms[0]
  84  0066  0080     E  	mov ra,a
  84  0067  0700     E  	mov a,ra
  84  0068  0080     R  	mov _R100ms[0],a
  84  0069  1080     E  	sz ra
  84  006A  2800     R  	jmp _L15
  86  006B              #line 86 "C:\Users\YVTC\Desktop\單晶片微控制器(一)\0327\H5-2_3.c"
  86  006B  0FC8        	mov a,200
  86  006C  0080     R  	mov _R100ms[0],a
  87  006D              #line 87 "C:\Users\YVTC\Desktop\單晶片微控制器(一)\0327\H5-2_3.c"
  87  006D  1400     R  	inca ___sec_2624[0]
  87  006E  0080     E  	mov ra,a
  87  006F  0700     E  	mov a,ra
  87  0070  0080     R  	mov ___sec_2624[0],a
  87  0071  0700     E  	mov a,ra
  87  0072  0A3C        	sub a,60
  87  0073  390A        	snz z
  87  0074  2800     R  	jmp _L15
  88  0075              #line 88 "C:\Users\YVTC\Desktop\單晶片微控制器(一)\0327\H5-2_3.c"
  88  0075  1F00     R  	clr ___sec_2624[0]
  89  0076              #line 89 "C:\Users\YVTC\Desktop\單晶片微控制器(一)\0327\H5-2_3.c"
  89  0076  0F01        	mov a,1
  89  0077  0080     R  	mov _FG_100ms[0],a
  89  0078              _L15:
  93  0078              #line 93 "C:\Users\YVTC\Desktop\單晶片微控制器(一)\0327\H5-2_3.c"
  93  0078  37B4        	clr [52].7
  93  0079  0700     E  	mov a,r2
  93  007A  008B        	mov bp,a
  93  007B  0700     E  	mov a,r3
  93  007C  008A        	mov status,a
  93  007D  0700     E  	mov a,r4
  93  007E  0083        	mov mp,a
  93  007F  0700     E  	mov a,r5
  93  0080  0084        	mov sbp,a
  93  0081  0700     E  	mov a,r6
  93  0082  0087        	mov tblp,a
  93  0083  0700     E  	mov a,r7
  93  0084  0089        	mov tbhp,a
  93  0085  1D05        	tabrdc acc
  93  0086  0700     E  	mov a,r1
  93  0087  0004        	reti
  93  0088              _ISR_STM endp
  93  0088              
  93  0088              #line 93 "C:\Users\YVTC\Desktop\單晶片微控制器(一)\0327\H5-2_3.c"
  93  0088              #pragma debug scope 1 1
  93  0000              @HCCINIT0___sec_2624 .section 'data'
  93  0000              ___sec_2624	db 0
"File: H5-2_3.c      Assembler  Version HGASM0202      Page 8

  93  0001              #pragma debug variable 8 6 ___sec_2624 "sec"
  93  0001              
  93  0000              @HCCINIT .section 'data'
  11  0000              #line 11 "C:\Users\YVTC\Desktop\單晶片微控制器(一)\0327\H5-2_3.c"
  11  0000              public _Digit
  11  0000              @HCCINIT0_Digit .section 'data'
  11  0000  0004[       _Digit	db 4 dup(0)
            00
            ]
  11  0004              #pragma debug array 42 8 4 1
  11  0004              #pragma debug array 42 8 4 1
  11  0004              #pragma debug variable 42 1 _Digit "Digit"
  11  0004              
  11  0000              @HCCINIT .section 'data'
  11  0000              #line 11 "C:\Users\YVTC\Desktop\單晶片微控制器(一)\0327\H5-2_3.c"
  11  0000              public _ScanCode
  11  0000              @HCCINIT0_ScanCode .section 'data'
  11  0000              _ScanCode	db 0
  11  0001              #pragma debug variable 8 1 _ScanCode "ScanCode"
  11  0001              
  11  0000              @HCCINIT .section 'data'
  11  0000              #line 11 "C:\Users\YVTC\Desktop\單晶片微控制器(一)\0327\H5-2_3.c"
  11  0000              public _R100ms
  11  0000              @HCCINIT0_R100ms .section 'data'
  11  0000              _R100ms	db 0
  11  0001              #pragma debug variable 8 1 _R100ms "R100ms"
  11  0001              
  11  0000              @HCCINIT .section 'data'
  11  0000              #line 11 "C:\Users\YVTC\Desktop\單晶片微控制器(一)\0327\H5-2_3.c"
  11  0000              public _ptr
  11  0000              @HCCINIT0_ptr .section 'data'
  11  0000  0002[       _ptr	db 2 dup(0)
            00
            ]
  11  0002              #pragma debug pointer 43 8 1
  11  0002              #pragma debug pointer 43 8 1
  11  0002              #pragma debug variable 43 1 _ptr "ptr"
  11  0002              
  11  0000              @HCCINIT .section 'data'
  10  0000              #line 10 "C:\Users\YVTC\Desktop\單晶片微控制器(一)\0327\H5-2_3.c"
  10  0000              public _FG_GoStop
  10  0000              @HCCINIT0_FG_GoStop .section 'data'
  10  0000              _FG_GoStop	db 0
  10  0001              #pragma debug variable 8 1 _FG_GoStop "FG_GoStop"
  10  0001              
  10  0000              @HCCINIT .section 'data'
  10  0000              #line 10 "C:\Users\YVTC\Desktop\單晶片微控制器(一)\0327\H5-2_3.c"
  10  0000              public _FG_100ms
  10  0000              @HCCINIT0_FG_100ms .section 'data'
  10  0000              _FG_100ms	db 0
  10  0001              #pragma debug variable 8 1 _FG_100ms "FG_100ms"
  10  0001              
  10  0000              @HCCINIT .section 'data'
  10  0000              public _SEG_TAB
  10  0000              @crom	.section 'crom'
   6  0000              #line 6 "C:\Users\YVTC\Desktop\單晶片微控制器(一)\0327\H5-2_3.c"
   6  0000              @crom	.section	'crom'
   6  0000              _SEG_TAB:
   6  0000              #pragma debug array 44 8 10 1
   6  0000              #pragma debug array 44 8 10 1
"File: H5-2_3.c      Assembler  Version HGASM0202      Page 9

   6  0000              #pragma debug variable 44 1 _SEG_TAB "SEG_TAB"
   6  0000              	db 63
   6  0001              	db 6
   6  0001              	db 91
   6  0002              	db 79
   6  0002              	db 102
   6  0003              	db 109
   6  0003              	db 125
   6  0004              	db 7
   6  0004              	db 127
   6  0005              	db 103
   6  0005              #pragma debug struct_end
   6  0005              #pragma debug struct_end
   6  0005              #pragma debug union_end
   6  0005              #pragma debug union_end
   6  0005              #pragma debug variable 46 1 ___papu "__papu" 1
   6  0005              #pragma debug struct_end
   6  0005              #pragma debug struct_end
   6  0005              #pragma debug union_end
   6  0005              #pragma debug union_end
   6  0005              #pragma debug variable 48 1 ___pd "__pd" 1
   6  0005              #pragma debug struct_end
   6  0005              #pragma debug struct_end
   6  0005              #pragma debug union_end
   6  0005              #pragma debug union_end
   6  0005              #pragma debug variable 50 1 ___pdc "__pdc" 1
   6  0005              #pragma debug struct_end
   6  0005              #pragma debug struct_end
   6  0005              #pragma debug union_end
   6  0005              #pragma debug union_end
   6  0005              #pragma debug variable 52 1 ___pe "__pe" 1
   6  0005              #pragma debug struct_end
   6  0005              #pragma debug struct_end
   6  0005              #pragma debug union_end
   6  0005              #pragma debug union_end
   6  0005              #pragma debug variable 54 1 ___pec "__pec" 1
   6  0005              #pragma debug struct_end
   6  0005              #pragma debug struct_end
   6  0005              #pragma debug union_end
   6  0005              #pragma debug union_end
   6  0005              #pragma debug variable 56 1 ___intc0 "__intc0" 1
   6  0005              #pragma debug struct_end
   6  0005              #pragma debug struct_end
   6  0005              #pragma debug union_end
   6  0005              #pragma debug union_end
   6  0005              #pragma debug variable 58 1 ___intc1 "__intc1" 1
   6  0005              #pragma debug struct_end
   6  0005              #pragma debug struct_end
   6  0005              #pragma debug union_end
   6  0005              #pragma debug union_end
   6  0005              #pragma debug variable 60 1 ___mfi0 "__mfi0" 1
   6  0005              #pragma debug struct_end
   6  0005              #pragma debug struct_end
   6  0005              #pragma debug union_end
   6  0005              #pragma debug union_end
   6  0005              #pragma debug variable 62 1 ___integ "__integ" 1
   6  0005              #pragma debug struct_end
   6  0005              #pragma debug struct_end
   6  0005              #pragma debug union_end
   6  0005              #pragma debug union_end
"File: H5-2_3.c      Assembler  Version HGASM0202      Page 10

   6  0005              #pragma debug variable 64 1 ___wdtc "__wdtc" 1
   6  0005              #pragma debug struct_end
   6  0005              #pragma debug struct_end
   6  0005              #pragma debug union_end
   6  0005              #pragma debug union_end
   6  0005              #pragma debug variable 66 1 ___tm2c0 "__tm2c0" 1
   6  0005              #pragma debug struct_end
   6  0005              #pragma debug struct_end
   6  0005              #pragma debug union_end
   6  0005              #pragma debug union_end
   6  0005              #pragma debug variable 68 1 ___tm2c1 "__tm2c1" 1
   6  0005              #pragma debug variable 8 1 ___tm2al "__tm2al" 1
   6  0005              #pragma debug variable 8 1 ___tm2ah "__tm2ah" 1
   6  0005              #pragma debug struct_end
   6  0005              #pragma debug struct_end
   6  0005              #pragma debug union_end
   6  0005              #pragma debug union_end
   6  0005              #pragma debug variable 70 1 ___ifs0 "__ifs0" 1
   6  0005              extern r1:byte
   6  0005              extern r2:byte
   6  0005              extern r3:byte
   6  0005              extern r4:byte
   6  0005              extern r5:byte
   6  0005              extern r6:byte
   6  0005              extern r7:byte
  13  0005              #line 13 "C:\Users\YVTC\Desktop\單晶片微控制器(一)\0327\H5-2_3.c"
  13  0000              @code .section at 0 'code'
  13  0000  1F0B        	clr bp
  13  0001  2800     R  	jmp _main_startup1
  13  0002              
  13  0002              extern _builtin_holtek_udivmodqi4_2:byte
  13  0002              extern _builtin_holtek_udivmodqi4:near
  13  0002              
  13  0002              ; 
  13  0002              ; Generated by holtek-gcc v3.18, Tue Apr 10 16:05:36 2018
  13  0002              ; Rebuild 126
  13  0002              ; end of file


        0 Errors, 0