"File: H5-4Ext.c     Assembler  Version HGASM0202      Page 1


   1  0000              ; Generated by holtek-gcc v3.18, Tue Apr 17 11:05:53 2018
   2  0000              ; 
   3  0000              ; Configuration:
   4  0000              ;       with long instruction
   5  0000              ;       Multi-ROM, Multi-RAM
   6  0000              ;       bits_per_rom_unit:16
   7  0000              ;       with mp1
   8  0000              ;       with tbhp, address(0x9)
   9  0000              ;          Use tabrd-const
  10  0000              ;       
  11  0000              ; SFR address of long-instruction arch:
  12  0000              ;    mp0 = -1,1,0
  13  0000              ;    mp1 = 4,3,2
  14  0000              ;    mp2 = 14,13,12
  15  0000              ;    tbp = 9,7,8
  16  0000              ;    acc = 5
  17  0000              ;    pcl = 6
  18  0000              ;    status = 10
  19  0000              ;    bp = 11
  20  0000              ;    intc = 48
  21  0000              ;       
  22  0000              ;       
  23  0000              ; use 'tabrdc' instead of 'tabrd'
  24  0000              ;       
  25  0000              
  26  0000              #pragma translator "holtek-gcc 4.6.4" "3.18" "build 20130711"
  27  0000              ; Rebuild 126
  28  0000              
  29  0000              ir equ [2]
  30  0000              mp equ [3]
  31  0000              sbp equ [4]
  32  0000              acc equ [5]
  33  0000              bp equ [11]
  34  0000              tblp equ [7]
  35  0000              tbhp equ [9]
  36  0000              status equ [10]
  37  0000              c equ [10].0
  38  0000              ac equ [10].1
  39  0000              z equ [10].2
  40  0000              ov equ [10].3
  41  0000              cz equ [10].6
  42  0000              sc equ [10].7
  43  0000              intc equ [48]
  44  0000              
  45  0000              extern ra:byte
  46  0000              extern rb:byte
  47  0000              extern rc:byte
  48  0000              extern rd:byte
  49  0000              extern re:byte
  50  0000              extern rf:byte
  51  0000              extern rg:byte
  52  0000              extern rh:byte
  53  0000              extern _Crom2Prom:near
  54  0000              extern _Crom2PromNext:near
  55  0000              
  56  0000              RAMBANK 0 @BITDATASEC, @BITDATASEC1
  57  0000              @HCCINIT	.section 'data'
  58  0000              @HCCINIT0	.section 'data'
  59  0000              @BITDATASEC	 .section 'data'
"File: H5-4Ext.ASM   Assembler  Version HGASM0202      Page 2

  60  0000              @BITDATASEC1	 .section 'data'
  61  0000              
  62  0000              #pragma debug scope 1 1
  63  0000              	extern __DELAY3:near
  64  0000              	extern __DELAYX3:near
  65  0000              	extern __DELAYX6:near
  66  0000              	extern __DELAYY5:near
  67  0000              	extern __DELAYY3:near
  68  0000              	extern _builtin_holtek_delay_2:byte
  69  0000              ___pd equ [30]
  70  0000              ___pe equ [34]
  71  0000              public _ISR_TB0
  72  0000              #pragma debug scope 2 1

  49  0000              #line 49 "C:\Users\YVTC\Desktop\單晶片微控制器(一)\0417\H5-4Ext.c"
  49  0000              rombank 0 @ISR_TB0_code
  49  0000              @ISR_TB0_code .section at 36 'code'
  49  0000  0080     E  	mov r1,a
  49  0001  070B        	mov a,bp
  49  0002  1F0B        	clr bp
  49  0003  2800     R  	jmp _ISR_TB0
  49  0004              ROMBANK 0 _ISR_TB0
  49  0004              #pragma debug scope 1 1
  49  0004              @dummy36 endp
  49  0004              #pragma debug scope 3 1
  49  0000              _ISR_TB0 .section 'code'
  49  0000              _ISR_TB0 proc
  49  0000  0080     E  	mov r2,a
  49  0001  070A        	mov a, status
  49  0002  0080     E  	mov r3,a
  49  0003  0703        	mov a,mp
  49  0004  0080     E  	mov r4,a
  49  0005  0704        	mov a,sbp
  49  0006  0080     E  	mov r5,a
  49  0007  0707        	mov a,tblp
  49  0008  0080     E  	mov r6,a
  49  0009  0709        	mov a,tbhp
  49  000A  0080     E  	mov r7,a
  49  000B  1F1E        	clr [30]
  50  000C              #line 50 "C:\Users\YVTC\Desktop\單晶片微控制器(一)\0417\H5-4Ext.c"
  50  000C  0700     R  	mov a,_ScanCode[0]
  50  000D  0080     E  	mov ra,a
  50  000E  0700     E  	mov a,ra
  50  000F  00A2        	mov [34],a
  50  0010  0700     R  	mov a,_ptr[0]
  50  0011  0080     E  	mov rb,a
  50  0012  0700     R  	mov a,_ptr[1]
  50  0013  0080     E  	mov rc,a
  50  0014  0F01        	mov a,1
  50  0015  0300     E  	add a,rb
  50  0016  0080     R  	mov _ptr[0],a
  50  0017  0F00        	mov a,0
  50  0018  1300     E  	adc a,rc
  50  0019  0080     R  	mov _ptr[1],a
  50  001A  0700     E  	mov a,rb
  50  001B  0083        	mov mp,a
  50  001C  0700     E  	mov a,rc
  50  001D  0084        	mov sbp,a
  50  001E              	fcall _Crom2Prom
  50  0025  009E        	mov [30],a
"File: H5-4Ext.c     Assembler  Version HGASM0202      Page 3

  51  0026              #line 51 "C:\Users\YVTC\Desktop\單晶片微控制器(一)\0417\H5-4Ext.c"
  51  0026  0700     E  	mov a,ra
  51  0027  0380     E  	addm a,ra
  52  0028              #line 52 "C:\Users\YVTC\Desktop\單晶片微控制器(一)\0417\H5-4Ext.c"
  52  0028  1E00     E  	snz ra
  52  0029  2800     R  	jmp _L2
  51  002A              #line 51 "C:\Users\YVTC\Desktop\單晶片微控制器(一)\0417\H5-4Ext.c"
  51  002A  0700     E  	mov a,ra
  51  002B  0080     R  	mov _ScanCode[0],a
  51  002C  2800     R  	jmp _L1
  51  002D              _L2:
  53  002D              #line 53 "C:\Users\YVTC\Desktop\單晶片微控制器(一)\0417\H5-4Ext.c"
  53  002D  0F01        	mov a,1
  53  002E  0080     R  	mov _ScanCode[0],a
  54  002F              #line 54 "C:\Users\YVTC\Desktop\單晶片微控制器(一)\0417\H5-4Ext.c"
  54  002F  0F00     R  	mov a,low offset _Buffer
  54  0030  0080     R  	mov _ptr[0],a
  54  0031  0F00     R  	mov a,high offset _Buffer
  54  0032  0080     R  	mov _ptr[1],a
  54  0033              _L1:
  54  0033  0700     E  	mov a,r2
  54  0034  008B        	mov bp,a
  54  0035  0700     E  	mov a,r3
  54  0036  008A        	mov status,a
  54  0037  0700     E  	mov a,r4
  54  0038  0083        	mov mp,a
  54  0039  0700     E  	mov a,r5
  54  003A  0084        	mov sbp,a
  54  003B  0700     E  	mov a,r6
  54  003C  0087        	mov tblp,a
  54  003D  0700     E  	mov a,r7
  54  003E  0089        	mov tbhp,a
  54  003F  1D05        	tabrdc acc
  54  0040  0700     E  	mov a,r1
  54  0041  0004        	reti
  54  0042              _ISR_TB0 endp
  54  0042              
  54  0042              #line 54 "C:\Users\YVTC\Desktop\單晶片微控制器(一)\0417\H5-4Ext.c"
  54  0042              #pragma debug scope 1 1
  54  0042              public _PAUSE
  54  0042              #pragma debug scope 4 1
  58  0042              #line 58 "C:\Users\YVTC\Desktop\單晶片微控制器(一)\0417\H5-4Ext.c"
  58  0000              _PAUSE .section 'code'
  58  0000              _PAUSE proc
  58  0000  00              local _PAUSE_2 db 1 dup(?)	; 0,1
  58  0000  0080     R  	mov _PAUSE_2[0],a
  58  0001              #pragma debug variable 8 4 _PAUSE_2+0 "i"
  59  0001              #line 59 "C:\Users\YVTC\Desktop\單晶片微控制器(一)\0417\H5-4Ext.c"
  59  0001  1F00     E  	clr ra
  59  0002  2800     R  	jmp _L6
  59  0003              _L7:
  59  0003              #line 59 "C:\Users\YVTC\Desktop\單晶片微控制器(一)\0417\H5-4Ext.c"
  59  0003              ;# 59 "C:\Users\YVTC\Desktop\單晶片微控制器(一)\0417\H5-4Ext.c" 1
  59  0003              	IF 20000>263690
  59  0003              ;# 59 "C:\Users\YVTC\Desktop\單晶片微控制器(一)\0417\H5-4Ext.c" 1
  59  0003              	ERRMESSAGE 'the value 20000of the argument exceeds the maxinum 263690'
  59  0003              	ENDIF
  59  0003              ;# 59 "C:\Users\YVTC\Desktop\單晶片微控制器(一)\0417\H5-4Ext.c" 1
  59  0003              	IF 20000<0
  59  0003              ;# 59 "C:\Users\YVTC\Desktop\單晶片微控制器(一)\0417\H5-4Ext.c" 1
"File: H5-4Ext.c     Assembler  Version HGASM0202      Page 4

  59  0003              	ERRMESSAGE 'the value 20000 of the argument exceeds the mininum 0'
  59  0003              	ENDIF
  59  0003              ;# 59 "C:\Users\YVTC\Desktop\單晶片微控制器(一)\0417\H5-4Ext.c" 1
  59  0003              	IF 20000==0
  59  0003              ;# 59 "C:\Users\YVTC\Desktop\單晶片微控制器(一)\0417\H5-4Ext.c" 1
  59  0003              	JMP $
  59  0003              	ENDIF
  59  0003              ;# 59 "C:\Users\YVTC\Desktop\單晶片微控制器(一)\0417\H5-4Ext.c" 1
  59  0003              	IF (20000>=1) AND (20000<( 4 + __PBP__ * 2))
  59  0003              ;# 59 "C:\Users\YVTC\Desktop\單晶片微控制器(一)\0417\H5-4Ext.c" 1
  59  0003              	NOP
  59  0003              	ENDIF
  59  0003              ;# 59 "C:\Users\YVTC\Desktop\單晶片微控制器(一)\0417\H5-4Ext.c" 1
  59  0003              	IF (20000>=2) AND (20000<( 4 + __PBP__ * 2))
  59  0003              ;# 59 "C:\Users\YVTC\Desktop\單晶片微控制器(一)\0417\H5-4Ext.c" 1
  59  0003              	NOP
  59  0003              	ENDIF
  59  0003              ;# 59 "C:\Users\YVTC\Desktop\單晶片微控制器(一)\0417\H5-4Ext.c" 1
  59  0003              	IF (20000>=3) AND (20000<( 4 + __PBP__ * 2))
  59  0003              ;# 59 "C:\Users\YVTC\Desktop\單晶片微控制器(一)\0417\H5-4Ext.c" 1
  59  0003              	NOP
  59  0003              	ENDIF
  59  0003              ;# 59 "C:\Users\YVTC\Desktop\單晶片微控制器(一)\0417\H5-4Ext.c" 1
  59  0003              	IF (20000>=4) AND (20000<( 4 + __PBP__ * 2)) AND ( __PBP__ > 0 )
  59  0003              ;# 59 "C:\Users\YVTC\Desktop\單晶片微控制器(一)\0417\H5-4Ext.c" 1
  59  0003              	NOP
  59  0003              	ENDIF
  59  0003              ;# 59 "C:\Users\YVTC\Desktop\單晶片微控制器(一)\0417\H5-4Ext.c" 1
  59  0003              	IF (20000>=5) AND (20000<( 4 + __PBP__ * 2)) AND ( __PBP__ > 0 )
  59  0003              ;# 59 "C:\Users\YVTC\Desktop\單晶片微控制器(一)\0417\H5-4Ext.c" 1
  59  0003              	NOP
  59  0003              	ENDIF
  59  0003              ;# 59 "C:\Users\YVTC\Desktop\單晶片微控制器(一)\0417\H5-4Ext.c" 1
  59  0003              	IF (20000>=6) AND (20000<( 4 + __PBP__ * 2))  AND ( __PBP__ > 1 )
  59  0003              ;# 59 "C:\Users\YVTC\Desktop\單晶片微控制器(一)\0417\H5-4Ext.c" 1
  59  0003              	NOP
  59  0003              	ENDIF
  59  0003              ;# 59 "C:\Users\YVTC\Desktop\單晶片微控制器(一)\0417\H5-4Ext.c" 1
  59  0003              	IF (20000>=7) AND (20000<( 4 + __PBP__ * 2))  AND ( __PBP__ > 1 )
  59  0003              ;# 59 "C:\Users\YVTC\Desktop\單晶片微控制器(一)\0417\H5-4Ext.c" 1
  59  0003              	NOP
  59  0003              	ENDIF
  59  0003              ;# 59 "C:\Users\YVTC\Desktop\單晶片微控制器(一)\0417\H5-4Ext.c" 1
  59  0003              	IF (20000>=8) AND (20000<( 4 + __PBP__ * 2))  AND ( __PBP__ > 2 )
  59  0003              ;# 59 "C:\Users\YVTC\Desktop\單晶片微控制器(一)\0417\H5-4Ext.c" 1
  59  0003              	NOP
  59  0003              	ENDIF
  59  0003              ;# 59 "C:\Users\YVTC\Desktop\單晶片微控制器(一)\0417\H5-4Ext.c" 1
  59  0003              	IF (20000==9)  AND ( __PBP__ > 2 )
  59  0003              ;# 59 "C:\Users\YVTC\Desktop\單晶片微控制器(一)\0417\H5-4Ext.c" 1
  59  0003              	NOP
  59  0003              	ENDIF
  59  0003              ;# 59 "C:\Users\YVTC\Desktop\單晶片微控制器(一)\0417\H5-4Ext.c" 1
  59  0003              	IF (20000< ( 8 + __PBP__ * 2)) AND (20000>( 3 + __PBP__ * 2))
  59  0003              ;# 59 "C:\Users\YVTC\Desktop\單晶片微控制器(一)\0417\H5-4Ext.c" 1
  59  0003              	fcall __DELAY3 + ( 7 + __PBP__ * 2) -20000
  59  0003              	ENDIF
  59  0003              ;# 59 "C:\Users\YVTC\Desktop\單晶片微控制器(一)\0417\H5-4Ext.c" 1
  59  0003              	IF (20000< ( 0404h + __PBP__ * 2)) AND (20000>( 7 + __PBP__ * 2))
  59  0003              ;# 59 "C:\Users\YVTC\Desktop\單晶片微控制器(一)\0417\H5-4Ext.c" 1
"File: H5-4Ext.c     Assembler  Version HGASM0202      Page 5

  59  0003              	MOV A,(20000-( 4 + __PBP__ * 2))/4
  59  0003              ;# 59 "C:\Users\YVTC\Desktop\單晶片微控制器(一)\0417\H5-4Ext.c" 1
  59  0003              	fcall __DELAYX3 + 3 -((20000-( 4 + __PBP__ * 2)) MOD 4) 
  59  0003              	ENDIF
  59  0003              ;# 59 "C:\Users\YVTC\Desktop\單晶片微控制器(一)\0417\H5-4Ext.c" 1
  59  0003              	IF (20000< ( 040bh + __PBP__ * 2)) AND (20000> ( 0403h + __PBP__ * 2))
  59  0003              ;# 59 "C:\Users\YVTC\Desktop\單晶片微控制器(一)\0417\H5-4Ext.c" 1
  59  0003              	MOV A,0 
  59  0003              ;# 59 "C:\Users\YVTC\Desktop\單晶片微控制器(一)\0417\H5-4Ext.c" 1
  59  0003              	fcall __DELAYX6 + ( 040ah + __PBP__ * 2) -20000
  59  0003              	ENDIF
  59  0003              ;# 59 "C:\Users\YVTC\Desktop\單晶片微控制器(一)\0417\H5-4Ext.c" 1
  59  0003              	IF (20000 >= ( 040bh + __PBP__ * 2)) AND ((((20000-( 9 + __PBP__ * 2))%0402h)/4+1)>256)
  59  0003              ;# 59 "C:\Users\YVTC\Desktop\單晶片微控制器(一)\0417\H5-4Ext.c" 1
  59  0003              	MOV A,(20000-( 9 + __PBP__ * 2))/0402h
  59  0003              ;# 59 "C:\Users\YVTC\Desktop\單晶片微控制器(一)\0417\H5-4Ext.c" 1
  59  0003              	MOV _builtin_holtek_delay_2,A
  59  0003              ;# 59 "C:\Users\YVTC\Desktop\單晶片微控制器(一)\0417\H5-4Ext.c" 1
  59  0003              	MOV A,0
  59  0003              ;# 59 "C:\Users\YVTC\Desktop\單晶片微控制器(一)\0417\H5-4Ext.c" 1
  59  0003              	fcall __DELAYY5 +5- (((20000-( 9 + __PBP__ * 2))%0402h)%6) 
  59  0003              	ENDIF
  59  0003              ;# 59 "C:\Users\YVTC\Desktop\單晶片微控制器(一)\0417\H5-4Ext.c" 1
  59  0003              	IF (20000 >= ( 040bh + __PBP__ * 2)) AND ((((20000-( 9 + __PBP__ * 2))%0402h)/4+1)<=256)
  59  0003              ;# 59 "C:\Users\YVTC\Desktop\單晶片微控制器(一)\0417\H5-4Ext.c" 1
  59  0003  0F13        	MOV A,(20000-( 9 + __PBP__ * 2))/0402h
  59  0004              ;# 59 "C:\Users\YVTC\Desktop\單晶片微控制器(一)\0417\H5-4Ext.c" 1
  59  0004  0080     E  	MOV _builtin_holtek_delay_2,A
  59  0005              ;# 59 "C:\Users\YVTC\Desktop\單晶片微控制器(一)\0417\H5-4Ext.c" 1
  59  0005  0F7C        	MOV A,((20000-( 9 + __PBP__ * 2))%0402h)/4+1
  59  0006              ;# 59 "C:\Users\YVTC\Desktop\單晶片微控制器(一)\0417\H5-4Ext.c" 1
  59  0006              	fcall __DELAYY3 +3-(((20000-( 9 + __PBP__ * 2))%0402h)%4) 
  59  000D              	ENDIF
  59  000D  1480     E  	inc ra
  59  000E              _L6:
  59  000E  0700     E  	mov a,ra
  59  000F  0200     R  	sub a,_PAUSE_2[0]
  59  0010  390A        	snz z
  59  0011  2800     R  	jmp _L7
  59  0012  0003        	ret
  59  0013              _PAUSE endp
  59  0013              #line 59 "C:\Users\YVTC\Desktop\單晶片微控制器(一)\0417\H5-4Ext.c"
  59  0013              #pragma debug scope 1 1
  59  0013              ___wdtc equ [62]
  59  0013              ___pec equ [35]
  59  0013              ___pdc equ [31]
  59  0013              ___psc0 equ [100]
  59  0013              ___tbc0 equ [101]
  59  0013              ___intc2 equ [50]
  59  0013              ___intc0 equ [48]
  59  0013              public _main
  59  0013              #pragma debug scope 5 1
  21  0013              #line 21 "C:\Users\YVTC\Desktop\單晶片微控制器(一)\0417\H5-4Ext.c"
  21  0013              IFDEF WITH_DEFAULT_STARTUP
  21  0013              extern _main_initial0:near
  21  0013              extern _main_startup:near
  21  0013              ENDIF
  21  0013              
  21  0013              ROMBANK 0 @start
  21  0000              @start .section com_l 'code'
"File: H5-4Ext.c     Assembler  Version HGASM0202      Page 6

  21  0000              _main_startup1:
  21  0000              @start .section com_e 'code'
  21  0000  0F00     R  	mov a,bank _main
  21  0001  008B        	mov bp,a
  21  0002  2800     R  	jmp _main
  21  0003              
  21  0000              _main .section 'code'
  21  0000              _main proc
  21  0000  0002[           local _main_2 db 2 dup(?)
            00
            ]
  21  0002              #pragma debug variable 8 5 _main_2+0 "k"
  22  0002              #line 22 "C:\Users\YVTC\Desktop\單晶片微控制器(一)\0417\H5-4Ext.c"
  22  0000  0FAF        	mov a,175
  22  0001  00BE        	mov [62],a
  23  0002              #line 23 "C:\Users\YVTC\Desktop\單晶片微控制器(一)\0417\H5-4Ext.c"
  23  0002  1F22        	clr [34]
  23  0003  1F23        	clr [35]
  24  0004              #line 24 "C:\Users\YVTC\Desktop\單晶片微控制器(一)\0417\H5-4Ext.c"
  24  0004  1F1E        	clr [30]
  24  0005  1F1F        	clr [31]
  25  0006              #line 25 "C:\Users\YVTC\Desktop\單晶片微控制器(一)\0417\H5-4Ext.c"
  25  0006  0F01        	mov a,1
  25  0007  00E4        	mov [100],a
  25  0008  0F04        	mov a,4
  25  0009  00E5        	mov [101],a
  26  000A              #line 26 "C:\Users\YVTC\Desktop\單晶片微控制器(一)\0417\H5-4Ext.c"
  26  000A  0F00     R  	mov a,low offset _Buffer
  26  000B  0080     R  	mov _ptr[0],a
  26  000C  0F00     R  	mov a,high offset _Buffer
  26  000D  0080     R  	mov _ptr[1],a
  26  000E  0F01        	mov a,1
  26  000F  0080     R  	mov _ScanCode[0],a
  27  0010              #line 27 "C:\Users\YVTC\Desktop\單晶片微控制器(一)\0417\H5-4Ext.c"
  27  0010  30B2        	set [50].1
  27  0011  3030        	set [48].0
  27  0012              _L21:
  29  0012              #line 29 "C:\Users\YVTC\Desktop\單晶片微控制器(一)\0417\H5-4Ext.c"
  29  0012  1F00     R  	clr _main_2[0]
  29  0013              _L9:
  21  0013              #line 21 "C:\Users\YVTC\Desktop\單晶片微控制器(一)\0417\H5-4Ext.c"
  21  0013  0F10        	mov a,16
  21  0014  0080     E  	mov rh,a
  21  0015  1F00     E  	clr ra
  32  0016              #line 32 "C:\Users\YVTC\Desktop\單晶片微控制器(一)\0417\H5-4Ext.c"
  32  0016  0700     R  	mov a,_main_2[0]
  32  0017  0080     E  	mov rd,a
  32  0018  1F00     E  	clr re
  32  0019  0F03        	mov a,3
  32  001A              _LI1:
  32  001A  340A        	clr c
  32  001B  1A80     E  	rlc rd
  32  001C  1A80     E  	rlc re
  32  001D  1785        	sdz acc
  32  001E  2800     R  	jmp _LI1
  32  001F              _L20:
  31  001F              #line 31 "C:\Users\YVTC\Desktop\單晶片微控制器(一)\0417\H5-4Ext.c"
  31  001F  0F07        	mov a,7
  31  0020  0200     E  	sub a,ra
  31  0021  380A        	snz c
"File: H5-4Ext.c     Assembler  Version HGASM0202      Page 7

  31  0022  2800     R  	jmp _L10
  31  0023  0F00     R  	mov a,low offset _Buffer
  31  0024  0300     E  	add a,ra
  31  0025  0083        	mov mp,a
  31  0026  0F00     R  	mov a,high offset _Buffer
  31  0027  1F04        	clr sbp
  31  0028  1384        	adcm a,sbp
  31  0029  0F00        	mov a,0
  31  002A  0082        	mov ir,a
  31  002B  2800     R  	jmp _L11
  31  002C              _L10:
  32  002C              #line 32 "C:\Users\YVTC\Desktop\單晶片微控制器(一)\0417\H5-4Ext.c"
  32  002C  0700     E  	mov a,ra
  32  002D  0080     E  	mov rb,a
  32  002E  1F00     E  	clr rc
  32  002F  0700     E  	mov a,rb
  32  0030  0300     E  	add a,rd
  32  0031  0080     E  	mov rf,a
  32  0032  0700     E  	mov a,rc
  32  0033  1300     E  	adc a,re
  32  0034  0080     E  	mov rg,a
  32  0035  0F00     R  	mov a,low (offset _TAB-8)
  32  0036  0300     E  	add a,rf
  32  0037  0083        	mov mp,a
  32  0038  0F00     R  	mov a,high (offset _TAB-8)
  32  0039  1300     E  	adc a,rg
  32  003A  0084        	mov sbp,a
  32  003B              	fcall _Crom2Prom
  32  0042  0080     E  	mov rf,a
  32  0043  0F00     R  	mov a,low offset _Buffer
  32  0044  0300     E  	add a,rb
  32  0045  0083        	mov mp,a
  32  0046  0F00     R  	mov a,high offset _Buffer
  32  0047  1300     E  	adc a,rc
  32  0048  0084        	mov sbp,a
  32  0049  0700     E  	mov a,rf
  32  004A  0082        	mov ir,a
  32  004B              _L11:
  30  004B              #line 30 "C:\Users\YVTC\Desktop\單晶片微控制器(一)\0417\H5-4Ext.c"
  30  004B  1480     E  	inc ra
  30  004C  1780     E  	sdz rh
  30  004D  2800     R  	jmp _L20
  30  004E  0F10        	mov a,16
  30  004F  0080     R  	mov _main_2[1],a
  30  0050              _L18:
  36  0050              #line 36 "C:\Users\YVTC\Desktop\單晶片微控制器(一)\0417\H5-4Ext.c"
  36  0050  0F00     R  	mov a,low offset _Buffer
  36  0051  0080     R  	mov _ptr[0],a
  36  0052  0F00     R  	mov a,high offset _Buffer
  36  0053  0080     R  	mov _ptr[1],a
  37  0054              #line 37 "C:\Users\YVTC\Desktop\單晶片微控制器(一)\0417\H5-4Ext.c"
  37  0054  33E5        	set [101].7
  37  0055  0F0A        	mov a,10
  37  0056              	fcall _PAUSE
  37  005D              _L14:
  38  005D              #line 38 "C:\Users\YVTC\Desktop\單晶片微控制器(一)\0417\H5-4Ext.c"
  38  005D  0700     R  	mov a,_ptr[0]
  38  005E  0A00     R  	sub a,low offset _Buffer
  38  005F  0700     R  	mov a,_ptr[1]
  38  0060  0800     R  	sbc a,high offset _Buffer
"File: H5-4Ext.c     Assembler  Version HGASM0202      Page 8

  38  0061  3B0A        	snz cz
  38  0062  2800     R  	jmp _L14
  39  0063              #line 39 "C:\Users\YVTC\Desktop\單晶片微控制器(一)\0417\H5-4Ext.c"
  39  0063  37E5        	clr [101].7
  39  0064  1F1E        	clr [30]
  41  0065              #line 41 "C:\Users\YVTC\Desktop\單晶片微控制器(一)\0417\H5-4Ext.c"
  41  0065  0700     R  	mov a,_Buffer[0]
  41  0066  0080     E  	mov re,a
  41  0067  0F0F        	mov a,15
  41  0068  0080     E  	mov ra,a
  42  0069              #line 42 "C:\Users\YVTC\Desktop\單晶片微控制器(一)\0417\H5-4Ext.c"
  42  0069  1F00     E  	clr rd
  42  006A              _L16:
  42  006A  0700     E  	mov a,rd
  42  006B  0080     E  	mov rb,a
  42  006C  1F00     E  	clr rc
  42  006D  0F00     R  	mov a,low (offset _Buffer+1)
  42  006E  0300     E  	add a,rb
  42  006F  0083        	mov mp,a
  42  0070  0F00     R  	mov a,high (offset _Buffer+1)
  42  0071  1300     E  	adc a,rc
  42  0072  0084        	mov sbp,a
  42  0073              	fcall _Crom2Prom
  42  007A  0080     E  	mov rf,a
  42  007B  0F00     R  	mov a,low offset _Buffer
  42  007C  0300     E  	add a,rb
  42  007D  0083        	mov mp,a
  42  007E  0F00     R  	mov a,high offset _Buffer
  42  007F  1300     E  	adc a,rc
  42  0080  0084        	mov sbp,a
  42  0081  0700     E  	mov a,rf
  42  0082  0082        	mov ir,a
  42  0083  1480     E  	inc rd
  42  0084  1780     E  	sdz ra
  42  0085  2800     R  	jmp _L16
  43  0086              #line 43 "C:\Users\YVTC\Desktop\單晶片微控制器(一)\0417\H5-4Ext.c"
  43  0086  0700     E  	mov a,re
  43  0087  0080     R  	mov _Buffer[15],a
  43  0088  1780     R  	sdz _main_2[1]
  43  0089  2800     R  	jmp _L18
  29  008A              #line 29 "C:\Users\YVTC\Desktop\單晶片微控制器(一)\0417\H5-4Ext.c"
  29  008A  1480     R  	inc _main_2[0]
  29  008B  0F09        	mov a,9
  29  008C  0200     R  	sub a,_main_2[0]
  29  008D  380A        	snz c
  29  008E  2800     R  	jmp _L21
  29  008F  2800     R  	jmp _L9
  29  0090  2800     R  	jmp $
  29  0091              _main endp
  29  0091              
  29  0091              @dummy endp
  29  0091              
  29  0091              #line 29 "C:\Users\YVTC\Desktop\單晶片微控制器(一)\0417\H5-4Ext.c"
  29  0091              #pragma debug scope 1 1
  19  0091              #line 19 "C:\Users\YVTC\Desktop\單晶片微控制器(一)\0417\H5-4Ext.c"
  19  0091              public _ptr
  19  0000              @HCCINIT0_ptr .section 'data'
  19  0000  0002[       _ptr	db 2 dup(0)
            00
            ]
"File: H5-4Ext.c     Assembler  Version HGASM0202      Page 9

  19  0002              #pragma debug pointer 42 8 1
  19  0002              #pragma debug pointer 42 8 1
  19  0002              #pragma debug variable 42 1 _ptr "ptr"
  19  0002              
  19  0000              @HCCINIT .section 'data'
  18  0000              #line 18 "C:\Users\YVTC\Desktop\單晶片微控制器(一)\0417\H5-4Ext.c"
  18  0000              public _Buffer
  18  0000              @HCCINIT0_Buffer .section 'data'
  18  0000  0010[       _Buffer	db 16 dup(0)
            00
            ]
  18  0010              #pragma debug array 43 8 16 1
  18  0010              #pragma debug array 43 8 16 1
  18  0010              #pragma debug variable 43 1 _Buffer "Buffer"
  18  0010              
  18  0000              @HCCINIT .section 'data'
  18  0000              #line 18 "C:\Users\YVTC\Desktop\單晶片微控制器(一)\0417\H5-4Ext.c"
  18  0000              public _ScanCode
  18  0000              @HCCINIT0_ScanCode .section 'data'
  18  0000              _ScanCode	db 0
  18  0001              #pragma debug variable 8 1 _ScanCode "ScanCode"
  18  0001              
  18  0000              @HCCINIT .section 'data'
  18  0000              public _TAB
  18  0000              @crom	.section 'crom'
   6  0000              #line 6 "C:\Users\YVTC\Desktop\單晶片微控制器(一)\0417\H5-4Ext.c"
   6  0000              @crom	.section	'crom'
   6  0000              _TAB:
   6  0000              #pragma debug array 44 8 8 1
   6  0000              #pragma debug array 44 8 8 1
   6  0000              #pragma debug array 45 44 10 1
   6  0000              #pragma debug array 45 44 10 1
   6  0000              #pragma debug variable 45 1 _TAB "TAB"
   6  0000              	db 28
   6  0001              	db 34
   6  0001              	db 50
   6  0002              	db 42
   6  0002              	db 38
   6  0003              	db 34
   6  0003              	db 28
   6  0004              	db 0
   6  0004              	db 8
   6  0005              	db 12
   6  0005              	db 8
   6  0006              	db 8
   6  0006              	db 8
   6  0007              	db 8
   6  0007              	db 28
   6  0008              	db 0
   6  0008              	db 28
   6  0009              	db 34
   6  0009              	db 32
   6  000A              	db 16
   6  000A              	db 8
   6  000B              	db 4
   6  000B              	db 62
   6  000C              	db 0
   6  000C              	db 62
   6  000D              	db 16
   6  000D              	db 8
"File: H5-4Ext.c     Assembler  Version HGASM0202      Page 10

   6  000E              	db 16
   6  000E              	db 32
   6  000F              	db 34
   6  000F              	db 28
   6  0010              	db 0
   6  0010              	db 16
   6  0011              	db 24
   6  0011              	db 20
   6  0012              	db 18
   6  0012              	db 62
   6  0013              	db 16
   6  0013              	db 16
   6  0014              	db 0
   6  0014              	db 62
   6  0015              	db 2
   6  0015              	db 30
   6  0016              	db 32
   6  0016              	db 32
   6  0017              	db 34
   6  0017              	db 28
   6  0018              	db 0
   6  0018              	db 24
   6  0019              	db 4
   6  0019              	db 2
   6  001A              	db 30
   6  001A              	db 34
   6  001B              	db 34
   6  001B              	db 28
   6  001C              	db 0
   6  001C              	db 62
   6  001D              	db 32
   6  001D              	db 16
   6  001E              	db 8
   6  001E              	db 4
   6  001F              	db 4
   6  001F              	db 4
   6  0020              	db 0
   6  0020              	db 28
   6  0021              	db 34
   6  0021              	db 34
   6  0022              	db 28
   6  0022              	db 34
   6  0023              	db 34
   6  0023              	db 28
   6  0024              	db 0
   6  0024              	db 28
   6  0025              	db 34
   6  0025              	db 34
   6  0026              	db 60
   6  0026              	db 32
   6  0027              	db 16
   6  0027              	db 12
   6  0028              	db 0
   6  0028              #pragma debug struct_end
   6  0028              #pragma debug struct_end
   6  0028              #pragma debug union_end
   6  0028              #pragma debug union_end
   6  0028              #pragma debug variable 47 1 ___pd "__pd" 1
   6  0028              #pragma debug struct_end
   6  0028              #pragma debug struct_end
"File: H5-4Ext.c     Assembler  Version HGASM0202      Page 11

   6  0028              #pragma debug union_end
   6  0028              #pragma debug union_end
   6  0028              #pragma debug variable 49 1 ___pdc "__pdc" 1
   6  0028              #pragma debug struct_end
   6  0028              #pragma debug struct_end
   6  0028              #pragma debug union_end
   6  0028              #pragma debug union_end
   6  0028              #pragma debug variable 51 1 ___pe "__pe" 1
   6  0028              #pragma debug struct_end
   6  0028              #pragma debug struct_end
   6  0028              #pragma debug union_end
   6  0028              #pragma debug union_end
   6  0028              #pragma debug variable 53 1 ___pec "__pec" 1
   6  0028              #pragma debug struct_end
   6  0028              #pragma debug struct_end
   6  0028              #pragma debug union_end
   6  0028              #pragma debug union_end
   6  0028              #pragma debug variable 55 1 ___intc0 "__intc0" 1
   6  0028              #pragma debug struct_end
   6  0028              #pragma debug struct_end
   6  0028              #pragma debug union_end
   6  0028              #pragma debug union_end
   6  0028              #pragma debug variable 57 1 ___intc2 "__intc2" 1
   6  0028              #pragma debug struct_end
   6  0028              #pragma debug struct_end
   6  0028              #pragma debug union_end
   6  0028              #pragma debug union_end
   6  0028              #pragma debug variable 59 1 ___wdtc "__wdtc" 1
   6  0028              #pragma debug struct_end
   6  0028              #pragma debug struct_end
   6  0028              #pragma debug union_end
   6  0028              #pragma debug union_end
   6  0028              #pragma debug variable 61 1 ___psc0 "__psc0" 1
   6  0028              #pragma debug struct_end
   6  0028              #pragma debug struct_end
   6  0028              #pragma debug union_end
   6  0028              #pragma debug union_end
   6  0028              #pragma debug variable 63 1 ___tbc0 "__tbc0" 1
   6  0028              extern r1:byte
   6  0028              extern r2:byte
   6  0028              extern r3:byte
   6  0028              extern r4:byte
   6  0028              extern r5:byte
   6  0028              extern r6:byte
   6  0028              extern r7:byte
  21  0028              #line 21 "C:\Users\YVTC\Desktop\單晶片微控制器(一)\0417\H5-4Ext.c"
  21  0000              @code .section at 0 'code'
  21  0000  1F0B        	clr bp
  21  0001  2800     R  	jmp _main_startup1
  21  0002              
  21  0002              
  21  0002              ; 
  21  0002              ; Generated by holtek-gcc v3.18, Tue Apr 17 11:05:53 2018
  21  0002              ; Rebuild 126
  21  0002              ; end of file


        0 Errors, 0