"File: H5-8_1.c      Assembler  Version HGASM0202      Page 1


   1  0000              ; Generated by holtek-gcc v3.18, Tue May 15 10:05:47 2018
   2  0000              ; 
   3  0000              ; Configuration:
   4  0000              ;       with long instruction
   5  0000              ;       Multi-ROM, Multi-RAM
   6  0000              ;       bits_per_rom_unit:16
   7  0000              ;       with mp1
   8  0000              ;       with tbhp, address(0x9)
   9  0000              ;          Use tabrd-const
  10  0000              ;       
  11  0000              ; SFR address of long-instruction arch:
  12  0000              ;    mp0 = -1,1,0
  13  0000              ;    mp1 = 4,3,2
  14  0000              ;    mp2 = 14,13,12
  15  0000              ;    tbp = 9,7,8
  16  0000              ;    acc = 5
  17  0000              ;    pcl = 6
  18  0000              ;    status = 10
  19  0000              ;    bp = 11
  20  0000              ;    intc = 48
  21  0000              ;       
  22  0000              ;       
  23  0000              ; use 'tabrdc' instead of 'tabrd'
  24  0000              ;       
  25  0000              
  26  0000              #pragma translator "holtek-gcc 4.6.4" "3.18" "build 20130711"
  27  0000              ; Rebuild 126
  28  0000              
  29  0000              ir equ [2]
  30  0000              mp equ [3]
  31  0000              sbp equ [4]
  32  0000              acc equ [5]
  33  0000              bp equ [11]
  34  0000              tblp equ [7]
  35  0000              tbhp equ [9]
  36  0000              status equ [10]
  37  0000              c equ [10].0
  38  0000              ac equ [10].1
  39  0000              z equ [10].2
  40  0000              ov equ [10].3
  41  0000              cz equ [10].6
  42  0000              sc equ [10].7
  43  0000              intc equ [48]
  44  0000              
  45  0000              extern ra:byte
  46  0000              extern rb:byte
  47  0000              extern rc:byte
  48  0000              extern rd:byte
  49  0000              extern re:byte
  50  0000              extern rf:byte
  51  0000              extern rg:byte
  52  0000              extern rh:byte
  53  0000              extern _Crom2Prom:near
  54  0000              extern _Crom2PromNext:near
  55  0000              
  56  0000              RAMBANK 0 @BITDATASEC, @BITDATASEC1
  57  0000              @HCCINIT	.section 'data'
  58  0000              @HCCINIT0	.section 'data'
  59  0000              @BITDATASEC	 .section 'data'
"File: H5-8_1.ASM    Assembler  Version HGASM0202      Page 2

  60  0000              @BITDATASEC1	 .section 'data'
  61  0000              
  62  0000              #pragma debug scope 1 1
  63  0000              	extern __DELAY3:near
  64  0000              	extern __DELAYX3:near
  65  0000              	extern __DELAYX6:near
  66  0000              	extern __DELAYY5:near
  67  0000              	extern __DELAYY3:near
  68  0000              	extern _builtin_holtek_delay_2:byte
  69  0000              ___pgc equ [43]
  70  0000              ___ph equ [46]
  71  0000              ___pg equ [42]
  72  0000              public _LCMWrite
  73  0000              #pragma debug scope 2 1

  40  0000              #line 40 "C:\Users\YVTC\Desktop\單晶片微控制器(一)\0515\H5-8_1.c"
  40  0000              _LCMWrite .section 'code'
  40  0000              _LCMWrite proc
  40  0000              public _LCMWrite_2
  40  0000  0002[           local _LCMWrite_2 db 2 dup(?)	; 1,1
            00
            ]
  40  0000  0080     R  	mov _LCMWrite_2[1],a
  40  0001              #pragma debug variable 8 2 _LCMWrite_2+1 "DCFlag"
  40  0001              #pragma debug variable 8 2 _LCMWrite_2+0 "CD"
  41  0001              #line 41 "C:\Users\YVTC\Desktop\單晶片微控制器(一)\0515\H5-8_1.c"
  41  0001  1FAB        	set [43]
  42  0002              #line 42 "C:\Users\YVTC\Desktop\單晶片微控制器(一)\0515\H5-8_1.c"
  42  0002  342E        	clr [46].0
  42  0003  30AE        	set [46].1
  43  0004              #line 43 "C:\Users\YVTC\Desktop\單晶片微控制器(一)\0515\H5-8_1.c"
  43  0004              ;# 43 "C:\Users\YVTC\Desktop\單晶片微控制器(一)\0515\H5-8_1.c" 1
  43  0004  0000        	nop
  43  0005              _L3:
  45  0005              #line 45 "C:\Users\YVTC\Desktop\單晶片微控制器(一)\0515\H5-8_1.c"
  45  0005  312E        	set [46].2
  45  0006              ;# 45 "C:\Users\YVTC\Desktop\單晶片微控制器(一)\0515\H5-8_1.c" 1
  45  0006  0000        	nop
  46  0007              #line 46 "C:\Users\YVTC\Desktop\單晶片微控制器(一)\0515\H5-8_1.c"
  46  0007  072A        	mov a,[42]
  46  0008  0080     E  	mov ra,a
  47  0009              #line 47 "C:\Users\YVTC\Desktop\單晶片微控制器(一)\0515\H5-8_1.c"
  47  0009  352E        	clr [46].2
  48  000A              #line 48 "C:\Users\YVTC\Desktop\單晶片微控制器(一)\0515\H5-8_1.c"
  48  000A  3C00     E  	sz ra.7
  48  000B  2800     R  	jmp _L3
  49  000C              #line 49 "C:\Users\YVTC\Desktop\單晶片微控制器(一)\0515\H5-8_1.c"
  49  000C  1F2B        	clr [43]
  50  000D              #line 50 "C:\Users\YVTC\Desktop\單晶片微控制器(一)\0515\H5-8_1.c"
  50  000D  34AE        	clr [46].1
  51  000E              #line 51 "C:\Users\YVTC\Desktop\單晶片微控制器(一)\0515\H5-8_1.c"
  51  000E  0700     R  	mov a,_LCMWrite_2[1]
  51  000F  0E01        	and a,1
  51  0010  0080     E  	mov rb,a
  51  0011  342E        	clr [46].0
  51  0012  0700     E  	mov a,rb
  51  0013  05AE        	orm a,[46]
  52  0014              #line 52 "C:\Users\YVTC\Desktop\單晶片微控制器(一)\0515\H5-8_1.c"
  52  0014  0700     R  	mov a,_LCMWrite_2[0]
  52  0015  00AA        	mov [42],a
"File: H5-8_1.c      Assembler  Version HGASM0202      Page 3

  53  0016              #line 53 "C:\Users\YVTC\Desktop\單晶片微控制器(一)\0515\H5-8_1.c"
  53  0016  312E        	set [46].2
  53  0017              ;# 53 "C:\Users\YVTC\Desktop\單晶片微控制器(一)\0515\H5-8_1.c" 1
  53  0017  0000        	nop
  53  0018  352E        	clr [46].2
  55  0019              #line 55 "C:\Users\YVTC\Desktop\單晶片微控制器(一)\0515\H5-8_1.c"
  55  0019  0700     E  	mov a,ra
  55  001A  0003        	ret
  55  001B              _LCMWrite endp
  55  001B              #line 55 "C:\Users\YVTC\Desktop\單晶片微控制器(一)\0515\H5-8_1.c"
  55  001B              #pragma debug scope 1 1
  55  001B              ___phc equ [47]
  55  001B              public _LCMInit
  55  001B              #pragma debug scope 3 1
  31  001B              #line 31 "C:\Users\YVTC\Desktop\單晶片微控制器(一)\0515\H5-8_1.c"
  31  0000              _LCMInit .section 'code'
  31  0000              _LCMInit proc
  31  0000  352E        	clr [46].2
  31  0001  34AE        	clr [46].1
  31  0002  342E        	clr [46].0
  32  0003              #line 32 "C:\Users\YVTC\Desktop\單晶片微控制器(一)\0515\H5-8_1.c"
  32  0003  352F        	clr [47].2
  32  0004  34AF        	clr [47].1
  32  0005  342F        	clr [47].0
  33  0006              #line 33 "C:\Users\YVTC\Desktop\單晶片微控制器(一)\0515\H5-8_1.c"
  33  0006              ;# 33 "C:\Users\YVTC\Desktop\單晶片微控制器(一)\0515\H5-8_1.c" 1
  33  0006              	IF 50000>263690
  33  0006              ;# 33 "C:\Users\YVTC\Desktop\單晶片微控制器(一)\0515\H5-8_1.c" 1
  33  0006              	ERRMESSAGE 'the value 50000of the argument exceeds the maxinum 263690'
  33  0006              	ENDIF
  33  0006              ;# 33 "C:\Users\YVTC\Desktop\單晶片微控制器(一)\0515\H5-8_1.c" 1
  33  0006              	IF 50000<0
  33  0006              ;# 33 "C:\Users\YVTC\Desktop\單晶片微控制器(一)\0515\H5-8_1.c" 1
  33  0006              	ERRMESSAGE 'the value 50000 of the argument exceeds the mininum 0'
  33  0006              	ENDIF
  33  0006              ;# 33 "C:\Users\YVTC\Desktop\單晶片微控制器(一)\0515\H5-8_1.c" 1
  33  0006              	IF 50000==0
  33  0006              ;# 33 "C:\Users\YVTC\Desktop\單晶片微控制器(一)\0515\H5-8_1.c" 1
  33  0006              	JMP $
  33  0006              	ENDIF
  33  0006              ;# 33 "C:\Users\YVTC\Desktop\單晶片微控制器(一)\0515\H5-8_1.c" 1
  33  0006              	IF (50000>=1) AND (50000<( 4 + __PBP__ * 2))
  33  0006              ;# 33 "C:\Users\YVTC\Desktop\單晶片微控制器(一)\0515\H5-8_1.c" 1
  33  0006              	NOP
  33  0006              	ENDIF
  33  0006              ;# 33 "C:\Users\YVTC\Desktop\單晶片微控制器(一)\0515\H5-8_1.c" 1
  33  0006              	IF (50000>=2) AND (50000<( 4 + __PBP__ * 2))
  33  0006              ;# 33 "C:\Users\YVTC\Desktop\單晶片微控制器(一)\0515\H5-8_1.c" 1
  33  0006              	NOP
  33  0006              	ENDIF
  33  0006              ;# 33 "C:\Users\YVTC\Desktop\單晶片微控制器(一)\0515\H5-8_1.c" 1
  33  0006              	IF (50000>=3) AND (50000<( 4 + __PBP__ * 2))
  33  0006              ;# 33 "C:\Users\YVTC\Desktop\單晶片微控制器(一)\0515\H5-8_1.c" 1
  33  0006              	NOP
  33  0006              	ENDIF
  33  0006              ;# 33 "C:\Users\YVTC\Desktop\單晶片微控制器(一)\0515\H5-8_1.c" 1
  33  0006              	IF (50000>=4) AND (50000<( 4 + __PBP__ * 2)) AND ( __PBP__ > 0 )
  33  0006              ;# 33 "C:\Users\YVTC\Desktop\單晶片微控制器(一)\0515\H5-8_1.c" 1
  33  0006              	NOP
  33  0006              	ENDIF
"File: H5-8_1.c      Assembler  Version HGASM0202      Page 4

  33  0006              ;# 33 "C:\Users\YVTC\Desktop\單晶片微控制器(一)\0515\H5-8_1.c" 1
  33  0006              	IF (50000>=5) AND (50000<( 4 + __PBP__ * 2)) AND ( __PBP__ > 0 )
  33  0006              ;# 33 "C:\Users\YVTC\Desktop\單晶片微控制器(一)\0515\H5-8_1.c" 1
  33  0006              	NOP
  33  0006              	ENDIF
  33  0006              ;# 33 "C:\Users\YVTC\Desktop\單晶片微控制器(一)\0515\H5-8_1.c" 1
  33  0006              	IF (50000>=6) AND (50000<( 4 + __PBP__ * 2))  AND ( __PBP__ > 1 )
  33  0006              ;# 33 "C:\Users\YVTC\Desktop\單晶片微控制器(一)\0515\H5-8_1.c" 1
  33  0006              	NOP
  33  0006              	ENDIF
  33  0006              ;# 33 "C:\Users\YVTC\Desktop\單晶片微控制器(一)\0515\H5-8_1.c" 1
  33  0006              	IF (50000>=7) AND (50000<( 4 + __PBP__ * 2))  AND ( __PBP__ > 1 )
  33  0006              ;# 33 "C:\Users\YVTC\Desktop\單晶片微控制器(一)\0515\H5-8_1.c" 1
  33  0006              	NOP
  33  0006              	ENDIF
  33  0006              ;# 33 "C:\Users\YVTC\Desktop\單晶片微控制器(一)\0515\H5-8_1.c" 1
  33  0006              	IF (50000>=8) AND (50000<( 4 + __PBP__ * 2))  AND ( __PBP__ > 2 )
  33  0006              ;# 33 "C:\Users\YVTC\Desktop\單晶片微控制器(一)\0515\H5-8_1.c" 1
  33  0006              	NOP
  33  0006              	ENDIF
  33  0006              ;# 33 "C:\Users\YVTC\Desktop\單晶片微控制器(一)\0515\H5-8_1.c" 1
  33  0006              	IF (50000==9)  AND ( __PBP__ > 2 )
  33  0006              ;# 33 "C:\Users\YVTC\Desktop\單晶片微控制器(一)\0515\H5-8_1.c" 1
  33  0006              	NOP
  33  0006              	ENDIF
  33  0006              ;# 33 "C:\Users\YVTC\Desktop\單晶片微控制器(一)\0515\H5-8_1.c" 1
  33  0006              	IF (50000< ( 8 + __PBP__ * 2)) AND (50000>( 3 + __PBP__ * 2))
  33  0006              ;# 33 "C:\Users\YVTC\Desktop\單晶片微控制器(一)\0515\H5-8_1.c" 1
  33  0006              	fcall __DELAY3 + ( 7 + __PBP__ * 2) -50000
  33  0006              	ENDIF
  33  0006              ;# 33 "C:\Users\YVTC\Desktop\單晶片微控制器(一)\0515\H5-8_1.c" 1
  33  0006              	IF (50000< ( 0404h + __PBP__ * 2)) AND (50000>( 7 + __PBP__ * 2))
  33  0006              ;# 33 "C:\Users\YVTC\Desktop\單晶片微控制器(一)\0515\H5-8_1.c" 1
  33  0006              	MOV A,(50000-( 4 + __PBP__ * 2))/4
  33  0006              ;# 33 "C:\Users\YVTC\Desktop\單晶片微控制器(一)\0515\H5-8_1.c" 1
  33  0006              	fcall __DELAYX3 + 3 -((50000-( 4 + __PBP__ * 2)) MOD 4) 
  33  0006              	ENDIF
  33  0006              ;# 33 "C:\Users\YVTC\Desktop\單晶片微控制器(一)\0515\H5-8_1.c" 1
  33  0006              	IF (50000< ( 040bh + __PBP__ * 2)) AND (50000> ( 0403h + __PBP__ * 2))
  33  0006              ;# 33 "C:\Users\YVTC\Desktop\單晶片微控制器(一)\0515\H5-8_1.c" 1
  33  0006              	MOV A,0 
  33  0006              ;# 33 "C:\Users\YVTC\Desktop\單晶片微控制器(一)\0515\H5-8_1.c" 1
  33  0006              	fcall __DELAYX6 + ( 040ah + __PBP__ * 2) -50000
  33  0006              	ENDIF
  33  0006              ;# 33 "C:\Users\YVTC\Desktop\單晶片微控制器(一)\0515\H5-8_1.c" 1
  33  0006              	IF (50000 >= ( 040bh + __PBP__ * 2)) AND ((((50000-( 9 + __PBP__ * 2))%0402h)/4+1)>256)
  33  0006              ;# 33 "C:\Users\YVTC\Desktop\單晶片微控制器(一)\0515\H5-8_1.c" 1
  33  0006              	MOV A,(50000-( 9 + __PBP__ * 2))/0402h
  33  0006              ;# 33 "C:\Users\YVTC\Desktop\單晶片微控制器(一)\0515\H5-8_1.c" 1
  33  0006              	MOV _builtin_holtek_delay_2,A
  33  0006              ;# 33 "C:\Users\YVTC\Desktop\單晶片微控制器(一)\0515\H5-8_1.c" 1
  33  0006              	MOV A,0
  33  0006              ;# 33 "C:\Users\YVTC\Desktop\單晶片微控制器(一)\0515\H5-8_1.c" 1
  33  0006              	fcall __DELAYY5 +5- (((50000-( 9 + __PBP__ * 2))%0402h)%6) 
  33  0006              	ENDIF
  33  0006              ;# 33 "C:\Users\YVTC\Desktop\單晶片微控制器(一)\0515\H5-8_1.c" 1
  33  0006              	IF (50000 >= ( 040bh + __PBP__ * 2)) AND ((((50000-( 9 + __PBP__ * 2))%0402h)/4+1)<=256)
  33  0006              ;# 33 "C:\Users\YVTC\Desktop\單晶片微控制器(一)\0515\H5-8_1.c" 1
  33  0006  0F30        	MOV A,(50000-( 9 + __PBP__ * 2))/0402h
  33  0007              ;# 33 "C:\Users\YVTC\Desktop\單晶片微控制器(一)\0515\H5-8_1.c" 1
"File: H5-8_1.c      Assembler  Version HGASM0202      Page 5

  33  0007  0080     E  	MOV _builtin_holtek_delay_2,A
  33  0008              ;# 33 "C:\Users\YVTC\Desktop\單晶片微控制器(一)\0515\H5-8_1.c" 1
  33  0008  0FB9        	MOV A,((50000-( 9 + __PBP__ * 2))%0402h)/4+1
  33  0009              ;# 33 "C:\Users\YVTC\Desktop\單晶片微控制器(一)\0515\H5-8_1.c" 1
  33  0009              	fcall __DELAYY3 +3-(((50000-( 9 + __PBP__ * 2))%0402h)%4) 
  33  0010              	ENDIF
  34  0010              #line 34 "C:\Users\YVTC\Desktop\單晶片微控制器(一)\0515\H5-8_1.c"
  34  0010  0F38        	mov a,56
  34  0011  0080     R  	mov _LCMWrite_2[0],a
  34  0012  0F00        	mov a,0
  34  0013              	fcall _LCMWrite
  35  001A              #line 35 "C:\Users\YVTC\Desktop\單晶片微控制器(一)\0515\H5-8_1.c"
  35  001A  0F0F        	mov a,15
  35  001B  0080     R  	mov _LCMWrite_2[0],a
  35  001C  0F00        	mov a,0
  35  001D              	fcall _LCMWrite
  36  0024              #line 36 "C:\Users\YVTC\Desktop\單晶片微控制器(一)\0515\H5-8_1.c"
  36  0024  0F06        	mov a,6
  36  0025  0080     R  	mov _LCMWrite_2[0],a
  36  0026  0F00        	mov a,0
  36  0027              	fcall _LCMWrite
  37  002E              #line 37 "C:\Users\YVTC\Desktop\單晶片微控制器(一)\0515\H5-8_1.c"
  37  002E  0F01        	mov a,1
  37  002F  0080     R  	mov _LCMWrite_2[0],a
  37  0030  0F00        	mov a,0
  37  0031              	fcall _LCMWrite
  37  0038  0003        	ret
  37  0039              _LCMInit endp
  37  0039              #line 37 "C:\Users\YVTC\Desktop\單晶片微控制器(一)\0515\H5-8_1.c"
  37  0039              #pragma debug scope 1 1
  37  0039              ___pec equ [35]
  37  0039              ___pepu equ [33]
  37  0039              ___pe equ [34]
  37  0039              public _ScanKey
  37  0039              #pragma debug scope 4 1
  57  0039              #line 57 "C:\Users\YVTC\Desktop\單晶片微控制器(一)\0515\H5-8_1.c"
  57  0000              _ScanKey .section 'code'
  57  0000              _ScanKey proc
  58  0000              #line 58 "C:\Users\YVTC\Desktop\單晶片微控制器(一)\0515\H5-8_1.c"
  58  0000  0FF0        	mov a,240
  58  0001  00A3        	mov [35],a
  58  0002  0FF0        	mov a,240
  58  0003  00A1        	mov [33],a
  59  0004              #line 59 "C:\Users\YVTC\Desktop\單晶片微控制器(一)\0515\H5-8_1.c"
  59  0004  0FFE        	mov a,254
  59  0005  00A2        	mov [34],a
  57  0006              #line 57 "C:\Users\YVTC\Desktop\單晶片微控制器(一)\0515\H5-8_1.c"
  57  0006  1F00     E  	clr ra
  57  0007              _L11:
  61  0007              #line 61 "C:\Users\YVTC\Desktop\單晶片微控制器(一)\0515\H5-8_1.c"
  61  0007  3A22        	snz [34].4
  61  0008  2800     R  	jmp _L7
  63  0009              #line 63 "C:\Users\YVTC\Desktop\單晶片微控制器(一)\0515\H5-8_1.c"
  63  0009  3EA2        	sz [34].5
  63  000A  2800     R  	jmp _L8
  62  000B              #line 62 "C:\Users\YVTC\Desktop\單晶片微控制器(一)\0515\H5-8_1.c"
  62  000B  1480     E  	inc ra
  62  000C  2800     R  	jmp _L7
  62  000D              _L8:
  65  000D              #line 65 "C:\Users\YVTC\Desktop\單晶片微控制器(一)\0515\H5-8_1.c"
"File: H5-8_1.c      Assembler  Version HGASM0202      Page 6

  65  000D  3F22        	sz [34].6
  65  000E  2800     R  	jmp _L9
  64  000F              #line 64 "C:\Users\YVTC\Desktop\單晶片微控制器(一)\0515\H5-8_1.c"
  64  000F  0F02        	mov a,2
  64  0010  0380     E  	addm a,ra
  64  0011  2800     R  	jmp _L7
  64  0012              _L9:
  67  0012              #line 67 "C:\Users\YVTC\Desktop\單晶片微控制器(一)\0515\H5-8_1.c"
  67  0012  3FA2        	sz [34].7
  67  0013  2800     R  	jmp _L10
  66  0014              #line 66 "C:\Users\YVTC\Desktop\單晶片微控制器(一)\0515\H5-8_1.c"
  66  0014  0F03        	mov a,3
  66  0015  0380     E  	addm a,ra
  66  0016  2800     R  	jmp _L7
  66  0017              _L10:
  68  0017              #line 68 "C:\Users\YVTC\Desktop\單晶片微控制器(一)\0515\H5-8_1.c"
  68  0017  0F04        	mov a,4
  68  0018  0380     E  	addm a,ra
  69  0019              #line 69 "C:\Users\YVTC\Desktop\單晶片微控制器(一)\0515\H5-8_1.c"
  69  0019  0722        	mov a,[34]
  69  001A  03A2        	addm a,[34]
  69  001B  3022        	set [34].0
  60  001C              #line 60 "C:\Users\YVTC\Desktop\單晶片微控制器(一)\0515\H5-8_1.c"
  60  001C  0700     E  	mov a,ra
  60  001D  0A10        	sub a,16
  60  001E  390A        	snz z
  60  001F  2800     R  	jmp _L11
  60  0020              _L7:
  72  0020              #line 72 "C:\Users\YVTC\Desktop\單晶片微控制器(一)\0515\H5-8_1.c"
  72  0020  0700     E  	mov a,ra
  72  0021  0003        	ret
  72  0022              _ScanKey endp
  72  0022              #line 72 "C:\Users\YVTC\Desktop\單晶片微控制器(一)\0515\H5-8_1.c"
  72  0022              #pragma debug scope 1 1
  72  0022              public _PAUSE
  72  0022              #pragma debug scope 5 1
  74  0022              #line 74 "C:\Users\YVTC\Desktop\單晶片微控制器(一)\0515\H5-8_1.c"
  74  0000              _PAUSE .section 'code'
  74  0000              _PAUSE proc
  74  0000  00              local _PAUSE_2 db 1 dup(?)	; 0,1
  74  0000  0080     R  	mov _PAUSE_2[0],a
  74  0001              #pragma debug variable 8 5 _PAUSE_2+0 "i"
  75  0001              #line 75 "C:\Users\YVTC\Desktop\單晶片微控制器(一)\0515\H5-8_1.c"
  75  0001  1F00     E  	clr ra
  75  0002  2800     R  	jmp _L19
  75  0003              _L20:
  75  0003              #line 75 "C:\Users\YVTC\Desktop\單晶片微控制器(一)\0515\H5-8_1.c"
  75  0003              ;# 75 "C:\Users\YVTC\Desktop\單晶片微控制器(一)\0515\H5-8_1.c" 1
  75  0003              	IF 20000>263690
  75  0003              ;# 75 "C:\Users\YVTC\Desktop\單晶片微控制器(一)\0515\H5-8_1.c" 1
  75  0003              	ERRMESSAGE 'the value 20000of the argument exceeds the maxinum 263690'
  75  0003              	ENDIF
  75  0003              ;# 75 "C:\Users\YVTC\Desktop\單晶片微控制器(一)\0515\H5-8_1.c" 1
  75  0003              	IF 20000<0
  75  0003              ;# 75 "C:\Users\YVTC\Desktop\單晶片微控制器(一)\0515\H5-8_1.c" 1
  75  0003              	ERRMESSAGE 'the value 20000 of the argument exceeds the mininum 0'
  75  0003              	ENDIF
  75  0003              ;# 75 "C:\Users\YVTC\Desktop\單晶片微控制器(一)\0515\H5-8_1.c" 1
  75  0003              	IF 20000==0
  75  0003              ;# 75 "C:\Users\YVTC\Desktop\單晶片微控制器(一)\0515\H5-8_1.c" 1
"File: H5-8_1.c      Assembler  Version HGASM0202      Page 7

  75  0003              	JMP $
  75  0003              	ENDIF
  75  0003              ;# 75 "C:\Users\YVTC\Desktop\單晶片微控制器(一)\0515\H5-8_1.c" 1
  75  0003              	IF (20000>=1) AND (20000<( 4 + __PBP__ * 2))
  75  0003              ;# 75 "C:\Users\YVTC\Desktop\單晶片微控制器(一)\0515\H5-8_1.c" 1
  75  0003              	NOP
  75  0003              	ENDIF
  75  0003              ;# 75 "C:\Users\YVTC\Desktop\單晶片微控制器(一)\0515\H5-8_1.c" 1
  75  0003              	IF (20000>=2) AND (20000<( 4 + __PBP__ * 2))
  75  0003              ;# 75 "C:\Users\YVTC\Desktop\單晶片微控制器(一)\0515\H5-8_1.c" 1
  75  0003              	NOP
  75  0003              	ENDIF
  75  0003              ;# 75 "C:\Users\YVTC\Desktop\單晶片微控制器(一)\0515\H5-8_1.c" 1
  75  0003              	IF (20000>=3) AND (20000<( 4 + __PBP__ * 2))
  75  0003              ;# 75 "C:\Users\YVTC\Desktop\單晶片微控制器(一)\0515\H5-8_1.c" 1
  75  0003              	NOP
  75  0003              	ENDIF
  75  0003              ;# 75 "C:\Users\YVTC\Desktop\單晶片微控制器(一)\0515\H5-8_1.c" 1
  75  0003              	IF (20000>=4) AND (20000<( 4 + __PBP__ * 2)) AND ( __PBP__ > 0 )
  75  0003              ;# 75 "C:\Users\YVTC\Desktop\單晶片微控制器(一)\0515\H5-8_1.c" 1
  75  0003              	NOP
  75  0003              	ENDIF
  75  0003              ;# 75 "C:\Users\YVTC\Desktop\單晶片微控制器(一)\0515\H5-8_1.c" 1
  75  0003              	IF (20000>=5) AND (20000<( 4 + __PBP__ * 2)) AND ( __PBP__ > 0 )
  75  0003              ;# 75 "C:\Users\YVTC\Desktop\單晶片微控制器(一)\0515\H5-8_1.c" 1
  75  0003              	NOP
  75  0003              	ENDIF
  75  0003              ;# 75 "C:\Users\YVTC\Desktop\單晶片微控制器(一)\0515\H5-8_1.c" 1
  75  0003              	IF (20000>=6) AND (20000<( 4 + __PBP__ * 2))  AND ( __PBP__ > 1 )
  75  0003              ;# 75 "C:\Users\YVTC\Desktop\單晶片微控制器(一)\0515\H5-8_1.c" 1
  75  0003              	NOP
  75  0003              	ENDIF
  75  0003              ;# 75 "C:\Users\YVTC\Desktop\單晶片微控制器(一)\0515\H5-8_1.c" 1
  75  0003              	IF (20000>=7) AND (20000<( 4 + __PBP__ * 2))  AND ( __PBP__ > 1 )
  75  0003              ;# 75 "C:\Users\YVTC\Desktop\單晶片微控制器(一)\0515\H5-8_1.c" 1
  75  0003              	NOP
  75  0003              	ENDIF
  75  0003              ;# 75 "C:\Users\YVTC\Desktop\單晶片微控制器(一)\0515\H5-8_1.c" 1
  75  0003              	IF (20000>=8) AND (20000<( 4 + __PBP__ * 2))  AND ( __PBP__ > 2 )
  75  0003              ;# 75 "C:\Users\YVTC\Desktop\單晶片微控制器(一)\0515\H5-8_1.c" 1
  75  0003              	NOP
  75  0003              	ENDIF
  75  0003              ;# 75 "C:\Users\YVTC\Desktop\單晶片微控制器(一)\0515\H5-8_1.c" 1
  75  0003              	IF (20000==9)  AND ( __PBP__ > 2 )
  75  0003              ;# 75 "C:\Users\YVTC\Desktop\單晶片微控制器(一)\0515\H5-8_1.c" 1
  75  0003              	NOP
  75  0003              	ENDIF
  75  0003              ;# 75 "C:\Users\YVTC\Desktop\單晶片微控制器(一)\0515\H5-8_1.c" 1
  75  0003              	IF (20000< ( 8 + __PBP__ * 2)) AND (20000>( 3 + __PBP__ * 2))
  75  0003              ;# 75 "C:\Users\YVTC\Desktop\單晶片微控制器(一)\0515\H5-8_1.c" 1
  75  0003              	fcall __DELAY3 + ( 7 + __PBP__ * 2) -20000
  75  0003              	ENDIF
  75  0003              ;# 75 "C:\Users\YVTC\Desktop\單晶片微控制器(一)\0515\H5-8_1.c" 1
  75  0003              	IF (20000< ( 0404h + __PBP__ * 2)) AND (20000>( 7 + __PBP__ * 2))
  75  0003              ;# 75 "C:\Users\YVTC\Desktop\單晶片微控制器(一)\0515\H5-8_1.c" 1
  75  0003              	MOV A,(20000-( 4 + __PBP__ * 2))/4
  75  0003              ;# 75 "C:\Users\YVTC\Desktop\單晶片微控制器(一)\0515\H5-8_1.c" 1
  75  0003              	fcall __DELAYX3 + 3 -((20000-( 4 + __PBP__ * 2)) MOD 4) 
  75  0003              	ENDIF
  75  0003              ;# 75 "C:\Users\YVTC\Desktop\單晶片微控制器(一)\0515\H5-8_1.c" 1
"File: H5-8_1.c      Assembler  Version HGASM0202      Page 8

  75  0003              	IF (20000< ( 040bh + __PBP__ * 2)) AND (20000> ( 0403h + __PBP__ * 2))
  75  0003              ;# 75 "C:\Users\YVTC\Desktop\單晶片微控制器(一)\0515\H5-8_1.c" 1
  75  0003              	MOV A,0 
  75  0003              ;# 75 "C:\Users\YVTC\Desktop\單晶片微控制器(一)\0515\H5-8_1.c" 1
  75  0003              	fcall __DELAYX6 + ( 040ah + __PBP__ * 2) -20000
  75  0003              	ENDIF
  75  0003              ;# 75 "C:\Users\YVTC\Desktop\單晶片微控制器(一)\0515\H5-8_1.c" 1
  75  0003              	IF (20000 >= ( 040bh + __PBP__ * 2)) AND ((((20000-( 9 + __PBP__ * 2))%0402h)/4+1)>256)
  75  0003              ;# 75 "C:\Users\YVTC\Desktop\單晶片微控制器(一)\0515\H5-8_1.c" 1
  75  0003              	MOV A,(20000-( 9 + __PBP__ * 2))/0402h
  75  0003              ;# 75 "C:\Users\YVTC\Desktop\單晶片微控制器(一)\0515\H5-8_1.c" 1
  75  0003              	MOV _builtin_holtek_delay_2,A
  75  0003              ;# 75 "C:\Users\YVTC\Desktop\單晶片微控制器(一)\0515\H5-8_1.c" 1
  75  0003              	MOV A,0
  75  0003              ;# 75 "C:\Users\YVTC\Desktop\單晶片微控制器(一)\0515\H5-8_1.c" 1
  75  0003              	fcall __DELAYY5 +5- (((20000-( 9 + __PBP__ * 2))%0402h)%6) 
  75  0003              	ENDIF
  75  0003              ;# 75 "C:\Users\YVTC\Desktop\單晶片微控制器(一)\0515\H5-8_1.c" 1
  75  0003              	IF (20000 >= ( 040bh + __PBP__ * 2)) AND ((((20000-( 9 + __PBP__ * 2))%0402h)/4+1)<=256)
  75  0003              ;# 75 "C:\Users\YVTC\Desktop\單晶片微控制器(一)\0515\H5-8_1.c" 1
  75  0003  0F13        	MOV A,(20000-( 9 + __PBP__ * 2))/0402h
  75  0004              ;# 75 "C:\Users\YVTC\Desktop\單晶片微控制器(一)\0515\H5-8_1.c" 1
  75  0004  0080     E  	MOV _builtin_holtek_delay_2,A
  75  0005              ;# 75 "C:\Users\YVTC\Desktop\單晶片微控制器(一)\0515\H5-8_1.c" 1
  75  0005  0F7C        	MOV A,((20000-( 9 + __PBP__ * 2))%0402h)/4+1
  75  0006              ;# 75 "C:\Users\YVTC\Desktop\單晶片微控制器(一)\0515\H5-8_1.c" 1
  75  0006              	fcall __DELAYY3 +3-(((20000-( 9 + __PBP__ * 2))%0402h)%4) 
  75  000D              	ENDIF
  75  000D  1480     E  	inc ra
  75  000E              _L19:
  75  000E  0700     E  	mov a,ra
  75  000F  0200     R  	sub a,_PAUSE_2[0]
  75  0010  390A        	snz z
  75  0011  2800     R  	jmp _L20
  75  0012  0003        	ret
  75  0013              _PAUSE endp
  75  0013              #line 75 "C:\Users\YVTC\Desktop\單晶片微控制器(一)\0515\H5-8_1.c"
  75  0013              #pragma debug scope 1 1
  75  0013              ___wdtc equ [62]
  75  0013              public _main
  75  0013              #pragma debug scope 6 1
  12  0013              #line 12 "C:\Users\YVTC\Desktop\單晶片微控制器(一)\0515\H5-8_1.c"
  12  0013              IFDEF WITH_DEFAULT_STARTUP
  12  0013              extern _main_initial0:near
  12  0013              extern _main_startup:near
  12  0013              ENDIF
  12  0013              
  12  0013              ROMBANK 0 @start
  12  0000              @start .section com_l 'code'
  12  0000              _main_startup1:
  12  0000              @start .section com_e 'code'
  12  0000  0F00     R  	mov a,bank _main
  12  0001  008B        	mov bp,a
  12  0002  2800     R  	jmp _main
  12  0003              
  12  0000              _main .section 'code'
  12  0000              _main proc
  12  0000  0002[           local _main_2 db 2 dup(?)
            00
            ]
"File: H5-8_1.c      Assembler  Version HGASM0202      Page 9

  12  0002              #pragma debug variable 8 6 _main_2+1 "AC"
  13  0002              #line 13 "C:\Users\YVTC\Desktop\單晶片微控制器(一)\0515\H5-8_1.c"
  13  0000  0FAF        	mov a,175
  13  0001  00BE        	mov [62],a
  14  0002              #line 14 "C:\Users\YVTC\Desktop\單晶片微控制器(一)\0515\H5-8_1.c"
  14  0002              	fcall _LCMInit
  12  0009              #line 12 "C:\Users\YVTC\Desktop\單晶片微控制器(一)\0515\H5-8_1.c"
  12  0009  1F00     R  	clr _main_2[1]
  12  000A              _L23:
  16  000A              #line 16 "C:\Users\YVTC\Desktop\單晶片微控制器(一)\0515\H5-8_1.c"
  16  000A              	fcall _ScanKey
  16  0011  0080     R  	mov _main_2[0],a
  16  0012  0700     R  	mov a,_main_2[0]
  16  0013  0A10        	sub a,16
  16  0014  3D0A        	sz z
  16  0015  2800     R  	jmp _L23
  17  0016              #line 17 "C:\Users\YVTC\Desktop\單晶片微控制器(一)\0515\H5-8_1.c"
  17  0016  0F14        	mov a,20
  17  0017              	fcall _PAUSE
  20  001E              #line 20 "C:\Users\YVTC\Desktop\單晶片微控制器(一)\0515\H5-8_1.c"
  20  001E  0F52        	mov a,82
  20  001F  0200     R  	sub a,_main_2[1]
  20  0020  3C0A        	sz c
  20  0021  2800     R  	jmp _L24
  21  0022              #line 21 "C:\Users\YVTC\Desktop\單晶片微控制器(一)\0515\H5-8_1.c"
  21  0022  0F01        	mov a,1
  21  0023  0080     R  	mov _LCMWrite_2[0],a
  21  0024  0F00        	mov a,0
  21  0025              	fcall _LCMWrite
  22  002C              #line 22 "C:\Users\YVTC\Desktop\單晶片微控制器(一)\0515\H5-8_1.c"
  22  002C              ;# 22 "C:\Users\YVTC\Desktop\單晶片微控制器(一)\0515\H5-8_1.c" 1
  22  002C              	IF 4000>263690
  22  002C              ;# 22 "C:\Users\YVTC\Desktop\單晶片微控制器(一)\0515\H5-8_1.c" 1
  22  002C              	ERRMESSAGE 'the value 4000of the argument exceeds the maxinum 263690'
  22  002C              	ENDIF
  22  002C              ;# 22 "C:\Users\YVTC\Desktop\單晶片微控制器(一)\0515\H5-8_1.c" 1
  22  002C              	IF 4000<0
  22  002C              ;# 22 "C:\Users\YVTC\Desktop\單晶片微控制器(一)\0515\H5-8_1.c" 1
  22  002C              	ERRMESSAGE 'the value 4000 of the argument exceeds the mininum 0'
  22  002C              	ENDIF
  22  002C              ;# 22 "C:\Users\YVTC\Desktop\單晶片微控制器(一)\0515\H5-8_1.c" 1
  22  002C              	IF 4000==0
  22  002C              ;# 22 "C:\Users\YVTC\Desktop\單晶片微控制器(一)\0515\H5-8_1.c" 1
  22  002C              	JMP $
  22  002C              	ENDIF
  22  002C              ;# 22 "C:\Users\YVTC\Desktop\單晶片微控制器(一)\0515\H5-8_1.c" 1
  22  002C              	IF (4000>=1) AND (4000<( 4 + __PBP__ * 2))
  22  002C              ;# 22 "C:\Users\YVTC\Desktop\單晶片微控制器(一)\0515\H5-8_1.c" 1
  22  002C              	NOP
  22  002C              	ENDIF
  22  002C              ;# 22 "C:\Users\YVTC\Desktop\單晶片微控制器(一)\0515\H5-8_1.c" 1
  22  002C              	IF (4000>=2) AND (4000<( 4 + __PBP__ * 2))
  22  002C              ;# 22 "C:\Users\YVTC\Desktop\單晶片微控制器(一)\0515\H5-8_1.c" 1
  22  002C              	NOP
  22  002C              	ENDIF
  22  002C              ;# 22 "C:\Users\YVTC\Desktop\單晶片微控制器(一)\0515\H5-8_1.c" 1
  22  002C              	IF (4000>=3) AND (4000<( 4 + __PBP__ * 2))
  22  002C              ;# 22 "C:\Users\YVTC\Desktop\單晶片微控制器(一)\0515\H5-8_1.c" 1
  22  002C              	NOP
  22  002C              	ENDIF
"File: H5-8_1.c      Assembler  Version HGASM0202      Page 10

  22  002C              ;# 22 "C:\Users\YVTC\Desktop\單晶片微控制器(一)\0515\H5-8_1.c" 1
  22  002C              	IF (4000>=4) AND (4000<( 4 + __PBP__ * 2)) AND ( __PBP__ > 0 )
  22  002C              ;# 22 "C:\Users\YVTC\Desktop\單晶片微控制器(一)\0515\H5-8_1.c" 1
  22  002C              	NOP
  22  002C              	ENDIF
  22  002C              ;# 22 "C:\Users\YVTC\Desktop\單晶片微控制器(一)\0515\H5-8_1.c" 1
  22  002C              	IF (4000>=5) AND (4000<( 4 + __PBP__ * 2)) AND ( __PBP__ > 0 )
  22  002C              ;# 22 "C:\Users\YVTC\Desktop\單晶片微控制器(一)\0515\H5-8_1.c" 1
  22  002C              	NOP
  22  002C              	ENDIF
  22  002C              ;# 22 "C:\Users\YVTC\Desktop\單晶片微控制器(一)\0515\H5-8_1.c" 1
  22  002C              	IF (4000>=6) AND (4000<( 4 + __PBP__ * 2))  AND ( __PBP__ > 1 )
  22  002C              ;# 22 "C:\Users\YVTC\Desktop\單晶片微控制器(一)\0515\H5-8_1.c" 1
  22  002C              	NOP
  22  002C              	ENDIF
  22  002C              ;# 22 "C:\Users\YVTC\Desktop\單晶片微控制器(一)\0515\H5-8_1.c" 1
  22  002C              	IF (4000>=7) AND (4000<( 4 + __PBP__ * 2))  AND ( __PBP__ > 1 )
  22  002C              ;# 22 "C:\Users\YVTC\Desktop\單晶片微控制器(一)\0515\H5-8_1.c" 1
  22  002C              	NOP
  22  002C              	ENDIF
  22  002C              ;# 22 "C:\Users\YVTC\Desktop\單晶片微控制器(一)\0515\H5-8_1.c" 1
  22  002C              	IF (4000>=8) AND (4000<( 4 + __PBP__ * 2))  AND ( __PBP__ > 2 )
  22  002C              ;# 22 "C:\Users\YVTC\Desktop\單晶片微控制器(一)\0515\H5-8_1.c" 1
  22  002C              	NOP
  22  002C              	ENDIF
  22  002C              ;# 22 "C:\Users\YVTC\Desktop\單晶片微控制器(一)\0515\H5-8_1.c" 1
  22  002C              	IF (4000==9)  AND ( __PBP__ > 2 )
  22  002C              ;# 22 "C:\Users\YVTC\Desktop\單晶片微控制器(一)\0515\H5-8_1.c" 1
  22  002C              	NOP
  22  002C              	ENDIF
  22  002C              ;# 22 "C:\Users\YVTC\Desktop\單晶片微控制器(一)\0515\H5-8_1.c" 1
  22  002C              	IF (4000< ( 8 + __PBP__ * 2)) AND (4000>( 3 + __PBP__ * 2))
  22  002C              ;# 22 "C:\Users\YVTC\Desktop\單晶片微控制器(一)\0515\H5-8_1.c" 1
  22  002C              	fcall __DELAY3 + ( 7 + __PBP__ * 2) -4000
  22  002C              	ENDIF
  22  002C              ;# 22 "C:\Users\YVTC\Desktop\單晶片微控制器(一)\0515\H5-8_1.c" 1
  22  002C              	IF (4000< ( 0404h + __PBP__ * 2)) AND (4000>( 7 + __PBP__ * 2))
  22  002C              ;# 22 "C:\Users\YVTC\Desktop\單晶片微控制器(一)\0515\H5-8_1.c" 1
  22  002C              	MOV A,(4000-( 4 + __PBP__ * 2))/4
  22  002C              ;# 22 "C:\Users\YVTC\Desktop\單晶片微控制器(一)\0515\H5-8_1.c" 1
  22  002C              	fcall __DELAYX3 + 3 -((4000-( 4 + __PBP__ * 2)) MOD 4) 
  22  002C              	ENDIF
  22  002C              ;# 22 "C:\Users\YVTC\Desktop\單晶片微控制器(一)\0515\H5-8_1.c" 1
  22  002C              	IF (4000< ( 040bh + __PBP__ * 2)) AND (4000> ( 0403h + __PBP__ * 2))
  22  002C              ;# 22 "C:\Users\YVTC\Desktop\單晶片微控制器(一)\0515\H5-8_1.c" 1
  22  002C              	MOV A,0 
  22  002C              ;# 22 "C:\Users\YVTC\Desktop\單晶片微控制器(一)\0515\H5-8_1.c" 1
  22  002C              	fcall __DELAYX6 + ( 040ah + __PBP__ * 2) -4000
  22  002C              	ENDIF
  22  002C              ;# 22 "C:\Users\YVTC\Desktop\單晶片微控制器(一)\0515\H5-8_1.c" 1
  22  002C              	IF (4000 >= ( 040bh + __PBP__ * 2)) AND ((((4000-( 9 + __PBP__ * 2))%0402h)/4+1)>256)
  22  002C              ;# 22 "C:\Users\YVTC\Desktop\單晶片微控制器(一)\0515\H5-8_1.c" 1
  22  002C              	MOV A,(4000-( 9 + __PBP__ * 2))/0402h
  22  002C              ;# 22 "C:\Users\YVTC\Desktop\單晶片微控制器(一)\0515\H5-8_1.c" 1
  22  002C              	MOV _builtin_holtek_delay_2,A
  22  002C              ;# 22 "C:\Users\YVTC\Desktop\單晶片微控制器(一)\0515\H5-8_1.c" 1
  22  002C              	MOV A,0
  22  002C              ;# 22 "C:\Users\YVTC\Desktop\單晶片微控制器(一)\0515\H5-8_1.c" 1
  22  002C              	fcall __DELAYY5 +5- (((4000-( 9 + __PBP__ * 2))%0402h)%6) 
  22  002C              	ENDIF
"File: H5-8_1.c      Assembler  Version HGASM0202      Page 11

  22  002C              ;# 22 "C:\Users\YVTC\Desktop\單晶片微控制器(一)\0515\H5-8_1.c" 1
  22  002C              	IF (4000 >= ( 040bh + __PBP__ * 2)) AND ((((4000-( 9 + __PBP__ * 2))%0402h)/4+1)<=256)
  22  002C              ;# 22 "C:\Users\YVTC\Desktop\單晶片微控制器(一)\0515\H5-8_1.c" 1
  22  002C  0F03        	MOV A,(4000-( 9 + __PBP__ * 2))/0402h
  22  002D              ;# 22 "C:\Users\YVTC\Desktop\單晶片微控制器(一)\0515\H5-8_1.c" 1
  22  002D  0080     E  	MOV _builtin_holtek_delay_2,A
  22  002E              ;# 22 "C:\Users\YVTC\Desktop\單晶片微控制器(一)\0515\H5-8_1.c" 1
  22  002E  0FE4        	MOV A,((4000-( 9 + __PBP__ * 2))%0402h)/4+1
  22  002F              ;# 22 "C:\Users\YVTC\Desktop\單晶片微控制器(一)\0515\H5-8_1.c" 1
  22  002F              	fcall __DELAYY3 +3-(((4000-( 9 + __PBP__ * 2))%0402h)%4) 
  22  0036              	ENDIF
  22  0036  2800     R  	jmp _L25
  22  0037              _L24:
  24  0037              #line 24 "C:\Users\YVTC\Desktop\單晶片微控制器(一)\0515\H5-8_1.c"
  24  0037  0700     R  	mov a,_main_2[1]
  24  0038  0A13        	sub a,19
  24  0039  390A        	snz z
  24  003A  2800     R  	jmp _L25
  24  003B  0FC0        	mov a,192
  24  003C  0080     R  	mov _LCMWrite_2[0],a
  24  003D  0F00        	mov a,0
  24  003E              	fcall _LCMWrite
  24  0045              _L25:
  26  0045              #line 26 "C:\Users\YVTC\Desktop\單晶片微控制器(一)\0515\H5-8_1.c"
  26  0045  0F09        	mov a,9
  26  0046  0200     R  	sub a,_main_2[0]
  26  0047  3C0A        	sz c
  26  0048  2800     R  	jmp _L28
  26  0049  0F37        	mov a,55
  26  004A  0080     E  	mov ra,a
  26  004B  2800     R  	jmp _L26
  26  004C              _L28:
  26  004C  0F30        	mov a,48
  26  004D  0080     E  	mov ra,a
  26  004E              _L26:
  27  004E              #line 27 "C:\Users\YVTC\Desktop\單晶片微控制器(一)\0515\H5-8_1.c"
  27  004E  0700     E  	mov a,ra
  27  004F  0300     R  	add a,_main_2[0]
  27  0050  0080     R  	mov _LCMWrite_2[0],a
  27  0051  0F01        	mov a,1
  27  0052              	fcall _LCMWrite
  27  0059  0080     R  	mov _main_2[1],a
  28  005A              #line 28 "C:\Users\YVTC\Desktop\單晶片微控制器(一)\0515\H5-8_1.c"
  28  005A  2800     R  	jmp _L23
  28  005B  2800     R  	jmp $
  28  005C              _main endp
  28  005C              
  28  005C              @dummy endp
  28  005C              
  28  005C              #line 28 "C:\Users\YVTC\Desktop\單晶片微控制器(一)\0515\H5-8_1.c"
  28  005C              #pragma debug scope 1 1
  28  005C              #pragma debug struct_end
  28  005C              #pragma debug struct_end
  28  005C              #pragma debug union_end
  28  005C              #pragma debug union_end
  28  005C              #pragma debug variable 43 1 ___pepu "__pepu" 1
  28  005C              #pragma debug struct_end
  28  005C              #pragma debug struct_end
  28  005C              #pragma debug union_end
  28  005C              #pragma debug union_end
"File: H5-8_1.c      Assembler  Version HGASM0202      Page 12

  28  005C              #pragma debug variable 45 1 ___pe "__pe" 1
  28  005C              #pragma debug struct_end
  28  005C              #pragma debug struct_end
  28  005C              #pragma debug union_end
  28  005C              #pragma debug union_end
  28  005C              #pragma debug variable 47 1 ___pec "__pec" 1
  28  005C              #pragma debug struct_end
  28  005C              #pragma debug struct_end
  28  005C              #pragma debug union_end
  28  005C              #pragma debug union_end
  28  005C              #pragma debug variable 49 1 ___pg "__pg" 1
  28  005C              #pragma debug struct_end
  28  005C              #pragma debug struct_end
  28  005C              #pragma debug union_end
  28  005C              #pragma debug union_end
  28  005C              #pragma debug variable 51 1 ___pgc "__pgc" 1
  28  005C              #pragma debug struct_end
  28  005C              #pragma debug struct_end
  28  005C              #pragma debug union_end
  28  005C              #pragma debug union_end
  28  005C              #pragma debug variable 53 1 ___ph "__ph" 1
  28  005C              #pragma debug struct_end
  28  005C              #pragma debug struct_end
  28  005C              #pragma debug union_end
  28  005C              #pragma debug union_end
  28  005C              #pragma debug variable 55 1 ___phc "__phc" 1
  28  005C              #pragma debug struct_end
  28  005C              #pragma debug struct_end
  28  005C              #pragma debug union_end
  28  005C              #pragma debug union_end
  28  005C              #pragma debug variable 57 1 ___wdtc "__wdtc" 1
  12  005C              #line 12 "C:\Users\YVTC\Desktop\單晶片微控制器(一)\0515\H5-8_1.c"
  12  0000              @code .section at 0 'code'
  12  0000  1F0B        	clr bp
  12  0001  2800     R  	jmp _main_startup1
  12  0002              
  12  0002              
  12  0002              ; 
  12  0002              ; Generated by holtek-gcc v3.18, Tue May 15 10:05:47 2018
  12  0002              ; Rebuild 126
  12  0002              ; end of file


        0 Errors, 0