"File: I2CLCM.c      Assembler  Version HGASM0202      Page 1


   1  0000              ; Generated by holtek-gcc v3.18, Tue May 22 15:15:45 2018
   2  0000              ; 
   3  0000              ; Configuration:
   4  0000              ;       with long instruction
   5  0000              ;       Multi-ROM, Multi-RAM
   6  0000              ;       bits_per_rom_unit:16
   7  0000              ;       with mp1
   8  0000              ;       with tbhp, address(0x9)
   9  0000              ;          Use tabrd-const
  10  0000              ;       
  11  0000              ; SFR address of long-instruction arch:
  12  0000              ;    mp0 = -1,1,0
  13  0000              ;    mp1 = 4,3,2
  14  0000              ;    mp2 = 14,13,12
  15  0000              ;    tbp = 9,7,8
  16  0000              ;    acc = 5
  17  0000              ;    pcl = 6
  18  0000              ;    status = 10
  19  0000              ;    bp = 11
  20  0000              ;    intc = 48
  21  0000              ;       
  22  0000              ;       
  23  0000              ; use 'tabrdc' instead of 'tabrd'
  24  0000              ;       
  25  0000              
  26  0000              #pragma translator "holtek-gcc 4.6.4" "3.18" "build 20130711"
  27  0000              ; Rebuild 126
  28  0000              
  29  0000              ir equ [2]
  30  0000              mp equ [3]
  31  0000              sbp equ [4]
  32  0000              acc equ [5]
  33  0000              bp equ [11]
  34  0000              tblp equ [7]
  35  0000              tbhp equ [9]
  36  0000              status equ [10]
  37  0000              c equ [10].0
  38  0000              ac equ [10].1
  39  0000              z equ [10].2
  40  0000              ov equ [10].3
  41  0000              cz equ [10].6
  42  0000              sc equ [10].7
  43  0000              intc equ [48]
  44  0000              
  45  0000              extern ra:byte
  46  0000              extern rb:byte
  47  0000              extern rc:byte
  48  0000              extern rd:byte
  49  0000              extern re:byte
  50  0000              extern rf:byte
  51  0000              extern rg:byte
  52  0000              extern rh:byte
  53  0000              extern _Crom2Prom:near
  54  0000              extern _Crom2PromNext:near
  55  0000              
  56  0000              RAMBANK 0 @BITDATASEC, @BITDATASEC1
  57  0000              @HCCINIT	.section 'data'
  58  0000              @HCCINIT0	.section 'data'
  59  0000              @BITDATASEC	 .section 'data'
"File: I2CLCM.ASM    Assembler  Version HGASM0202      Page 2

  60  0000              @BITDATASEC1	 .section 'data'
  61  0000              
  62  0000              #pragma debug scope 1 1
  63  0000              	extern __DELAY3:near
  64  0000              	extern __DELAYX3:near
  65  0000              	extern __DELAYX6:near
  66  0000              	extern __DELAYY5:near
  67  0000              	extern __DELAYY3:near
  68  0000              	extern _builtin_holtek_delay_2:byte
  69  0000              public _LCMInit
  70  0000              #pragma debug scope 2 1

  25  0000              #line 25 "C:\Users\YVTC\Desktop\單晶片微控制器(一)\0522\I2CLCM.c"
  25  0000              _LCMInit .section 'code'
  25  0000              _LCMInit proc
  25  0000  0F28        	mov a,40
  25  0001  0080     E  	mov _Delayms_2[0],a
  25  0002  1F00     E  	clr _Delayms_2[1]
  25  0003              	fcall _Delayms
  26  000A              #line 26 "C:\Users\YVTC\Desktop\單晶片微控制器(一)\0522\I2CLCM.c"
  26  000A              	fcall _I2C_START
  26  0011              	fcall _I2C_STOP
  27  0018              #line 27 "C:\Users\YVTC\Desktop\單晶片微控制器(一)\0522\I2CLCM.c"
  27  0018  0F28        	mov a,40
  27  0019  0080     E  	mov _LCMWrite_2[0],a
  27  001A  0F00        	mov a,0
  27  001B              	fcall _LCMWrite
  28  0022              #line 28 "C:\Users\YVTC\Desktop\單晶片微控制器(一)\0522\I2CLCM.c"
  28  0022  0F0F        	mov a,15
  28  0023  0080     E  	mov _LCMWrite_2[0],a
  28  0024  0F00        	mov a,0
  28  0025              	fcall _LCMWrite
  29  002C              #line 29 "C:\Users\YVTC\Desktop\單晶片微控制器(一)\0522\I2CLCM.c"
  29  002C  0F06        	mov a,6
  29  002D  0080     E  	mov _LCMWrite_2[0],a
  29  002E  0F00        	mov a,0
  29  002F              	fcall _LCMWrite
  30  0036              #line 30 "C:\Users\YVTC\Desktop\單晶片微控制器(一)\0522\I2CLCM.c"
  30  0036  0F01        	mov a,1
  30  0037  0080     E  	mov _LCMWrite_2[0],a
  30  0038  0F00        	mov a,0
  30  0039              	fcall _LCMWrite
  30  0040  0F02        	mov a,2
  30  0041  0080     E  	mov _Delayms_2[0],a
  30  0042  1F00     E  	clr _Delayms_2[1]
  30  0043              	fcall _Delayms
  30  004A  0003        	ret
  30  004B              _LCMInit endp
  30  004B              #line 30 "C:\Users\YVTC\Desktop\單晶片微控制器(一)\0522\I2CLCM.c"
  30  004B              #pragma debug scope 1 1
  30  004B              ___wdtc equ [62]
  30  004B              public _main
  30  004B              #pragma debug scope 3 1
   8  004B              #line 8 "C:\Users\YVTC\Desktop\單晶片微控制器(一)\0522\I2CLCM.c"
   8  004B              IFDEF WITH_DEFAULT_STARTUP
   8  004B              extern _main_initial0:near
   8  004B              extern _main_startup:near
   8  004B              ENDIF
   8  004B              
   8  004B              ROMBANK 0 @start
"File: I2CLCM.c      Assembler  Version HGASM0202      Page 3

   8  0000              @start .section com_l 'code'
   8  0000              _main_startup1:
   8  0000              @start .section com_e 'code'
   8  0000  0F00     R  	mov a,bank _main
   8  0001  008B        	mov bp,a
   8  0002  2800     R  	jmp _main
   8  0003              
   8  0000              _main .section 'code'
   8  0000              _main proc
   8  0000  00              local _main_2 db 1 dup(?)
   8  0001              #pragma debug variable 8 3 _main_2+0 "i"
   9  0001              #line 9 "C:\Users\YVTC\Desktop\單晶片微控制器(一)\0522\I2CLCM.c"
   9  0000  0FAF        	mov a,175
   9  0001  00BE        	mov [62],a
  10  0002              #line 10 "C:\Users\YVTC\Desktop\單晶片微控制器(一)\0522\I2CLCM.c"
  10  0002              	fcall _LCMInit
  10  0009              _L7:
  12  0009              #line 12 "C:\Users\YVTC\Desktop\單晶片微控制器(一)\0522\I2CLCM.c"
  12  0009  0F01        	mov a,1
  12  000A  0080     E  	mov _LCMWrite_2[0],a
  12  000B  0F00        	mov a,0
  12  000C              	fcall _LCMWrite
  12  0013  0F02        	mov a,2
  12  0014  0080     E  	mov _Delayms_2[0],a
  12  0015  1F00     E  	clr _Delayms_2[1]
  12  0016              	fcall _Delayms
  13  001D              #line 13 "C:\Users\YVTC\Desktop\單晶片微控制器(一)\0522\I2CLCM.c"
  13  001D  1F00     R  	clr _main_2[0]
  13  001E              _L3:
  13  001E  0F0F        	mov a,15
  13  001F  0200     R  	sub a,_main_2[0]
  13  0020  380A        	snz c
  13  0021  2800     R  	jmp _L9
  14  0022              #line 14 "C:\Users\YVTC\Desktop\單晶片微控制器(一)\0522\I2CLCM.c"
  14  0022  0F61        	mov a,97
  14  0023  0080     E  	mov _LCMWrite_2[0],a
  14  0024  0F01        	mov a,1
  14  0025              	fcall _LCMWrite
  14  002C  0F64        	mov a,100
  14  002D  0080     E  	mov _Delayms_2[0],a
  14  002E  1F00     E  	clr _Delayms_2[1]
  14  002F              	fcall _Delayms
  13  0036              #line 13 "C:\Users\YVTC\Desktop\單晶片微控制器(一)\0522\I2CLCM.c"
  13  0036  1480     R  	inc _main_2[0]
  13  0037  2800     R  	jmp _L3
  13  0038              _L9:
  16  0038              #line 16 "C:\Users\YVTC\Desktop\單晶片微控制器(一)\0522\I2CLCM.c"
  16  0038  0F04        	mov a,4
  16  0039  0080     E  	mov _LCMWrite_2[0],a
  16  003A  0F00        	mov a,0
  16  003B              	fcall _LCMWrite
  17  0042              #line 17 "C:\Users\YVTC\Desktop\單晶片微控制器(一)\0522\I2CLCM.c"
  17  0042  0FCF        	mov a,207
  17  0043  0080     E  	mov _LCMWrite_2[0],a
  17  0044  0F00        	mov a,0
  17  0045              	fcall _LCMWrite
  17  004C              _L6:
  19  004C              #line 19 "C:\Users\YVTC\Desktop\單晶片微控制器(一)\0522\I2CLCM.c"
  19  004C  0F2C        	mov a,44
  19  004D  0080     E  	mov _Delayms_2[0],a
"File: I2CLCM.c      Assembler  Version HGASM0202      Page 4

  19  004E  0F01        	mov a,1
  19  004F  0080     E  	mov _Delayms_2[1],a
  19  0050              	fcall _Delayms
  20  0057              #line 20 "C:\Users\YVTC\Desktop\單晶片微控制器(一)\0522\I2CLCM.c"
  20  0057  0F32        	mov a,50
  20  0058  0080     E  	mov _LCMWrite_2[0],a
  20  0059  0F01        	mov a,1
  20  005A              	fcall _LCMWrite
  20  0061  0080     E  	mov ra,a
  20  0062  0F40        	mov a,64
  20  0063  0200     E  	sub a,ra
  20  0064  380A        	snz c
  20  0065  2800     R  	jmp _L6
  21  0066              #line 21 "C:\Users\YVTC\Desktop\單晶片微控制器(一)\0522\I2CLCM.c"
  21  0066  0FE8        	mov a,-24
  21  0067  0080     E  	mov _Delayms_2[0],a
  21  0068  0F03        	mov a,3
  21  0069  0080     E  	mov _Delayms_2[1],a
  21  006A              	fcall _Delayms
  22  0071              #line 22 "C:\Users\YVTC\Desktop\單晶片微控制器(一)\0522\I2CLCM.c"
  22  0071  2800     R  	jmp _L7
  22  0072  2800     R  	jmp $
  22  0073              _main endp
  22  0073              
  22  0073              @dummy endp
  22  0073              
  22  0073              #line 22 "C:\Users\YVTC\Desktop\單晶片微控制器(一)\0522\I2CLCM.c"
  22  0073              #pragma debug scope 1 1
  22  0073              #pragma debug struct_end
  22  0073              #pragma debug struct_end
  22  0073              #pragma debug union_end
  22  0073              #pragma debug union_end
  22  0073              #pragma debug variable 43 1 ___wdtc "__wdtc" 1
   8  0073              #line 8 "C:\Users\YVTC\Desktop\單晶片微控制器(一)\0522\I2CLCM.c"
   8  0000              @code .section at 0 'code'
   8  0000  1F0B        	clr bp
   8  0001  2800     R  	jmp _main_startup1
   8  0002              
   8  0002              extern _Delayms_2:byte
   8  0002              extern _Delayms:near
   8  0002              extern _I2C_START:near
   8  0002              extern _I2C_STOP:near
   8  0002              extern _LCMWrite_2:byte
   8  0002              extern _LCMWrite:near
   8  0002              
   8  0002              ; 
   8  0002              ; Generated by holtek-gcc v3.18, Tue May 22 15:15:45 2018
   8  0002              ; Rebuild 126
   8  0002              ; end of file


        0 Errors, 0