"File: M4-10.c       Assembler  Version HGASM0202      Page 1


   1  0000              ; Generated by holtek-gcc v3.18, Tue Mar 20 11:14:07 2018
   2  0000              ; 
   3  0000              ; Configuration:
   4  0000              ;       with long instruction
   5  0000              ;       Multi-ROM, Multi-RAM
   6  0000              ;       bits_per_rom_unit:16
   7  0000              ;       with mp1
   8  0000              ;       with tbhp, address(0x9)
   9  0000              ;          Use tabrd-const
  10  0000              ;       
  11  0000              ; SFR address of long-instruction arch:
  12  0000              ;    mp0 = -1,1,0
  13  0000              ;    mp1 = 4,3,2
  14  0000              ;    mp2 = 14,13,12
  15  0000              ;    tbp = 9,7,8
  16  0000              ;    acc = 5
  17  0000              ;    pcl = 6
  18  0000              ;    status = 10
  19  0000              ;    bp = 11
  20  0000              ;    intc = 48
  21  0000              ;       
  22  0000              ;       
  23  0000              ; use 'tabrdc' instead of 'tabrd'
  24  0000              ;       
  25  0000              
  26  0000              #pragma translator "holtek-gcc 4.6.4" "3.18" "build 20130711"
  27  0000              ; Rebuild 126
  28  0000              
  29  0000              ir equ [2]
  30  0000              mp equ [3]
  31  0000              sbp equ [4]
  32  0000              acc equ [5]
  33  0000              bp equ [11]
  34  0000              tblp equ [7]
  35  0000              tbhp equ [9]
  36  0000              status equ [10]
  37  0000              c equ [10].0
  38  0000              ac equ [10].1
  39  0000              z equ [10].2
  40  0000              ov equ [10].3
  41  0000              cz equ [10].6
  42  0000              sc equ [10].7
  43  0000              intc equ [48]
  44  0000              
  45  0000              extern ra:byte
  46  0000              extern rb:byte
  47  0000              extern rc:byte
  48  0000              extern rd:byte
  49  0000              extern re:byte
  50  0000              extern rf:byte
  51  0000              extern rg:byte
  52  0000              extern rh:byte
  53  0000              extern _Crom2Prom:near
  54  0000              extern _Crom2PromNext:near
  55  0000              
  56  0000              RAMBANK 0 @BITDATASEC, @BITDATASEC1
  57  0000              @HCCINIT	.section 'data'
  58  0000              @HCCINIT0	.section 'data'
  59  0000              @BITDATASEC	 .section 'data'
"File: M4-10.ASM     Assembler  Version HGASM0202      Page 2

  60  0000              @BITDATASEC1	 .section 'data'
  61  0000              
  62  0000              #pragma debug scope 1 1
  63  0000              	extern __DELAY3:near
  64  0000              	extern __DELAYX3:near
  65  0000              	extern __DELAYX6:near
  66  0000              	extern __DELAYY5:near
  67  0000              	extern __DELAYY3:near
  68  0000              	extern _builtin_holtek_delay_2:byte
  69  0000              ___pc equ [26]
  70  0000              ___mfi4 equ [56]
  71  0000              public _ISR_STM
  72  0000              #pragma debug scope 2 1

  35  0000              #line 35 "C:\Users\YVTC\Desktop\單晶片微控制器(一)\0320\M4-10.c"
  35  0000              rombank 0 @ISR_STM_code
  35  0000              @ISR_STM_code .section at 56 'code'
  35  0000  0080     E  	mov r1,a
  35  0001  070B        	mov a,bp
  35  0002  1F0B        	clr bp
  35  0003  2800     R  	jmp _ISR_STM
  35  0004              ROMBANK 0 _ISR_STM
  35  0004              #pragma debug scope 1 1
  35  0004              @dummy56 endp
  35  0004              #pragma debug scope 3 1
  35  0000              _ISR_STM .section 'code'
  35  0000              _ISR_STM proc
  35  0000  0080     E  	mov r2,a
  35  0001  070A        	mov a, status
  35  0002  0080     E  	mov r3,a
  35  0003  111A        	swapa [26]
  35  0004  0E0F        	and a,0fh
  35  0005  0080     E  	mov ra,a
  35  0006  0F01        	mov a,1
  35  0007  0480     E  	xorm a,ra
  35  0008  0F01        	mov a,1
  35  0009  0680     E  	andm a,ra
  35  000A  1100     E  	swapa ra
  35  000B  0EF0        	and a,0f0h 
  35  000C  0080     E  	mov ra,a
  35  000D  361A        	clr [26].4
  35  000E  0700     E  	mov a,ra
  35  000F  059A        	orm a,[26]
  36  0010              #line 36 "C:\Users\YVTC\Desktop\單晶片微控制器(一)\0320\M4-10.c"
  36  0010  37B8        	clr [56].7
  36  0011  0700     E  	mov a,r2
  36  0012  008B        	mov bp,a
  36  0013  0700     E  	mov a,r3
  36  0014  008A        	mov status,a
  36  0015  0700     E  	mov a,r1
  36  0016  0004        	reti
  36  0017              _ISR_STM endp
  36  0017              
  36  0017              #line 36 "C:\Users\YVTC\Desktop\單晶片微控制器(一)\0320\M4-10.c"
  36  0017              #pragma debug scope 1 1
  36  0017              public _PAUSE
  36  0017              #pragma debug scope 4 1
  39  0017              #line 39 "C:\Users\YVTC\Desktop\單晶片微控制器(一)\0320\M4-10.c"
  39  0000              _PAUSE .section 'code'
  39  0000              _PAUSE proc
"File: M4-10.c       Assembler  Version HGASM0202      Page 3

  39  0000  00              local _PAUSE_2 db 1 dup(?)	; 0,1
  39  0000  0080     R  	mov _PAUSE_2[0],a
  39  0001              #pragma debug variable 8 4 _PAUSE_2+0 "i"
  40  0001              #line 40 "C:\Users\YVTC\Desktop\單晶片微控制器(一)\0320\M4-10.c"
  40  0001  1F00     E  	clr ra
  40  0002  2800     R  	jmp _L3
  40  0003              _L4:
  40  0003              #line 40 "C:\Users\YVTC\Desktop\單晶片微控制器(一)\0320\M4-10.c"
  40  0003              ;# 40 "C:\Users\YVTC\Desktop\單晶片微控制器(一)\0320\M4-10.c" 1
  40  0003              	IF 20000>263690
  40  0003              ;# 40 "C:\Users\YVTC\Desktop\單晶片微控制器(一)\0320\M4-10.c" 1
  40  0003              	ERRMESSAGE 'the value 20000of the argument exceeds the maxinum 263690'
  40  0003              	ENDIF
  40  0003              ;# 40 "C:\Users\YVTC\Desktop\單晶片微控制器(一)\0320\M4-10.c" 1
  40  0003              	IF 20000<0
  40  0003              ;# 40 "C:\Users\YVTC\Desktop\單晶片微控制器(一)\0320\M4-10.c" 1
  40  0003              	ERRMESSAGE 'the value 20000 of the argument exceeds the mininum 0'
  40  0003              	ENDIF
  40  0003              ;# 40 "C:\Users\YVTC\Desktop\單晶片微控制器(一)\0320\M4-10.c" 1
  40  0003              	IF 20000==0
  40  0003              ;# 40 "C:\Users\YVTC\Desktop\單晶片微控制器(一)\0320\M4-10.c" 1
  40  0003              	JMP $
  40  0003              	ENDIF
  40  0003              ;# 40 "C:\Users\YVTC\Desktop\單晶片微控制器(一)\0320\M4-10.c" 1
  40  0003              	IF (20000>=1) AND (20000<( 4 + __PBP__ * 2))
  40  0003              ;# 40 "C:\Users\YVTC\Desktop\單晶片微控制器(一)\0320\M4-10.c" 1
  40  0003              	NOP
  40  0003              	ENDIF
  40  0003              ;# 40 "C:\Users\YVTC\Desktop\單晶片微控制器(一)\0320\M4-10.c" 1
  40  0003              	IF (20000>=2) AND (20000<( 4 + __PBP__ * 2))
  40  0003              ;# 40 "C:\Users\YVTC\Desktop\單晶片微控制器(一)\0320\M4-10.c" 1
  40  0003              	NOP
  40  0003              	ENDIF
  40  0003              ;# 40 "C:\Users\YVTC\Desktop\單晶片微控制器(一)\0320\M4-10.c" 1
  40  0003              	IF (20000>=3) AND (20000<( 4 + __PBP__ * 2))
  40  0003              ;# 40 "C:\Users\YVTC\Desktop\單晶片微控制器(一)\0320\M4-10.c" 1
  40  0003              	NOP
  40  0003              	ENDIF
  40  0003              ;# 40 "C:\Users\YVTC\Desktop\單晶片微控制器(一)\0320\M4-10.c" 1
  40  0003              	IF (20000>=4) AND (20000<( 4 + __PBP__ * 2)) AND ( __PBP__ > 0 )
  40  0003              ;# 40 "C:\Users\YVTC\Desktop\單晶片微控制器(一)\0320\M4-10.c" 1
  40  0003              	NOP
  40  0003              	ENDIF
  40  0003              ;# 40 "C:\Users\YVTC\Desktop\單晶片微控制器(一)\0320\M4-10.c" 1
  40  0003              	IF (20000>=5) AND (20000<( 4 + __PBP__ * 2)) AND ( __PBP__ > 0 )
  40  0003              ;# 40 "C:\Users\YVTC\Desktop\單晶片微控制器(一)\0320\M4-10.c" 1
  40  0003              	NOP
  40  0003              	ENDIF
  40  0003              ;# 40 "C:\Users\YVTC\Desktop\單晶片微控制器(一)\0320\M4-10.c" 1
  40  0003              	IF (20000>=6) AND (20000<( 4 + __PBP__ * 2))  AND ( __PBP__ > 1 )
  40  0003              ;# 40 "C:\Users\YVTC\Desktop\單晶片微控制器(一)\0320\M4-10.c" 1
  40  0003              	NOP
  40  0003              	ENDIF
  40  0003              ;# 40 "C:\Users\YVTC\Desktop\單晶片微控制器(一)\0320\M4-10.c" 1
  40  0003              	IF (20000>=7) AND (20000<( 4 + __PBP__ * 2))  AND ( __PBP__ > 1 )
  40  0003              ;# 40 "C:\Users\YVTC\Desktop\單晶片微控制器(一)\0320\M4-10.c" 1
  40  0003              	NOP
  40  0003              	ENDIF
  40  0003              ;# 40 "C:\Users\YVTC\Desktop\單晶片微控制器(一)\0320\M4-10.c" 1
  40  0003              	IF (20000>=8) AND (20000<( 4 + __PBP__ * 2))  AND ( __PBP__ > 2 )
"File: M4-10.c       Assembler  Version HGASM0202      Page 4

  40  0003              ;# 40 "C:\Users\YVTC\Desktop\單晶片微控制器(一)\0320\M4-10.c" 1
  40  0003              	NOP
  40  0003              	ENDIF
  40  0003              ;# 40 "C:\Users\YVTC\Desktop\單晶片微控制器(一)\0320\M4-10.c" 1
  40  0003              	IF (20000==9)  AND ( __PBP__ > 2 )
  40  0003              ;# 40 "C:\Users\YVTC\Desktop\單晶片微控制器(一)\0320\M4-10.c" 1
  40  0003              	NOP
  40  0003              	ENDIF
  40  0003              ;# 40 "C:\Users\YVTC\Desktop\單晶片微控制器(一)\0320\M4-10.c" 1
  40  0003              	IF (20000< ( 8 + __PBP__ * 2)) AND (20000>( 3 + __PBP__ * 2))
  40  0003              ;# 40 "C:\Users\YVTC\Desktop\單晶片微控制器(一)\0320\M4-10.c" 1
  40  0003              	fcall __DELAY3 + ( 7 + __PBP__ * 2) -20000
  40  0003              	ENDIF
  40  0003              ;# 40 "C:\Users\YVTC\Desktop\單晶片微控制器(一)\0320\M4-10.c" 1
  40  0003              	IF (20000< ( 0404h + __PBP__ * 2)) AND (20000>( 7 + __PBP__ * 2))
  40  0003              ;# 40 "C:\Users\YVTC\Desktop\單晶片微控制器(一)\0320\M4-10.c" 1
  40  0003              	MOV A,(20000-( 4 + __PBP__ * 2))/4
  40  0003              ;# 40 "C:\Users\YVTC\Desktop\單晶片微控制器(一)\0320\M4-10.c" 1
  40  0003              	fcall __DELAYX3 + 3 -((20000-( 4 + __PBP__ * 2)) MOD 4) 
  40  0003              	ENDIF
  40  0003              ;# 40 "C:\Users\YVTC\Desktop\單晶片微控制器(一)\0320\M4-10.c" 1
  40  0003              	IF (20000< ( 040bh + __PBP__ * 2)) AND (20000> ( 0403h + __PBP__ * 2))
  40  0003              ;# 40 "C:\Users\YVTC\Desktop\單晶片微控制器(一)\0320\M4-10.c" 1
  40  0003              	MOV A,0 
  40  0003              ;# 40 "C:\Users\YVTC\Desktop\單晶片微控制器(一)\0320\M4-10.c" 1
  40  0003              	fcall __DELAYX6 + ( 040ah + __PBP__ * 2) -20000
  40  0003              	ENDIF
  40  0003              ;# 40 "C:\Users\YVTC\Desktop\單晶片微控制器(一)\0320\M4-10.c" 1
  40  0003              	IF (20000 >= ( 040bh + __PBP__ * 2)) AND ((((20000-( 9 + __PBP__ * 2))%0402h)/4+1)>256)
  40  0003              ;# 40 "C:\Users\YVTC\Desktop\單晶片微控制器(一)\0320\M4-10.c" 1
  40  0003              	MOV A,(20000-( 9 + __PBP__ * 2))/0402h
  40  0003              ;# 40 "C:\Users\YVTC\Desktop\單晶片微控制器(一)\0320\M4-10.c" 1
  40  0003              	MOV _builtin_holtek_delay_2,A
  40  0003              ;# 40 "C:\Users\YVTC\Desktop\單晶片微控制器(一)\0320\M4-10.c" 1
  40  0003              	MOV A,0
  40  0003              ;# 40 "C:\Users\YVTC\Desktop\單晶片微控制器(一)\0320\M4-10.c" 1
  40  0003              	fcall __DELAYY5 +5- (((20000-( 9 + __PBP__ * 2))%0402h)%6) 
  40  0003              	ENDIF
  40  0003              ;# 40 "C:\Users\YVTC\Desktop\單晶片微控制器(一)\0320\M4-10.c" 1
  40  0003              	IF (20000 >= ( 040bh + __PBP__ * 2)) AND ((((20000-( 9 + __PBP__ * 2))%0402h)/4+1)<=256)
  40  0003              ;# 40 "C:\Users\YVTC\Desktop\單晶片微控制器(一)\0320\M4-10.c" 1
  40  0003  0F13        	MOV A,(20000-( 9 + __PBP__ * 2))/0402h
  40  0004              ;# 40 "C:\Users\YVTC\Desktop\單晶片微控制器(一)\0320\M4-10.c" 1
  40  0004  0080     E  	MOV _builtin_holtek_delay_2,A
  40  0005              ;# 40 "C:\Users\YVTC\Desktop\單晶片微控制器(一)\0320\M4-10.c" 1
  40  0005  0F7C        	MOV A,((20000-( 9 + __PBP__ * 2))%0402h)/4+1
  40  0006              ;# 40 "C:\Users\YVTC\Desktop\單晶片微控制器(一)\0320\M4-10.c" 1
  40  0006              	fcall __DELAYY3 +3-(((20000-( 9 + __PBP__ * 2))%0402h)%4) 
  40  000D              	ENDIF
  40  000D  1480     E  	inc ra
  40  000E              _L3:
  40  000E  0700     E  	mov a,ra
  40  000F  0200     R  	sub a,_PAUSE_2[0]
  40  0010  390A        	snz z
  40  0011  2800     R  	jmp _L4
  40  0012  0003        	ret
  40  0013              _PAUSE endp
  40  0013              #line 40 "C:\Users\YVTC\Desktop\單晶片微控制器(一)\0320\M4-10.c"
  40  0013              #pragma debug scope 1 1
  40  0013              ___pec equ [35]
"File: M4-10.c       Assembler  Version HGASM0202      Page 5

  40  0013              ___pepu equ [33]
  40  0013              ___pe equ [34]
  40  0013              public _ScanKey
  40  0013              #pragma debug scope 5 1
  43  0013              #line 43 "C:\Users\YVTC\Desktop\單晶片微控制器(一)\0320\M4-10.c"
  43  0000              _ScanKey .section 'code'
  43  0000              _ScanKey proc
  44  0000              #line 44 "C:\Users\YVTC\Desktop\單晶片微控制器(一)\0320\M4-10.c"
  44  0000  0FF0        	mov a,240
  44  0001  00A3        	mov [35],a
  44  0002  0FF0        	mov a,240
  44  0003  00A1        	mov [33],a
  45  0004              #line 45 "C:\Users\YVTC\Desktop\單晶片微控制器(一)\0320\M4-10.c"
  45  0004  0FFE        	mov a,254
  45  0005  00A2        	mov [34],a
  43  0006              #line 43 "C:\Users\YVTC\Desktop\單晶片微控制器(一)\0320\M4-10.c"
  43  0006  1F00     E  	clr ra
  43  0007              _L11:
  47  0007              #line 47 "C:\Users\YVTC\Desktop\單晶片微控制器(一)\0320\M4-10.c"
  47  0007  3A22        	snz [34].4
  47  0008  2800     R  	jmp _L7
  49  0009              #line 49 "C:\Users\YVTC\Desktop\單晶片微控制器(一)\0320\M4-10.c"
  49  0009  3EA2        	sz [34].5
  49  000A  2800     R  	jmp _L8
  48  000B              #line 48 "C:\Users\YVTC\Desktop\單晶片微控制器(一)\0320\M4-10.c"
  48  000B  1480     E  	inc ra
  48  000C  2800     R  	jmp _L7
  48  000D              _L8:
  51  000D              #line 51 "C:\Users\YVTC\Desktop\單晶片微控制器(一)\0320\M4-10.c"
  51  000D  3F22        	sz [34].6
  51  000E  2800     R  	jmp _L9
  50  000F              #line 50 "C:\Users\YVTC\Desktop\單晶片微控制器(一)\0320\M4-10.c"
  50  000F  0F02        	mov a,2
  50  0010  0380     E  	addm a,ra
  50  0011  2800     R  	jmp _L7
  50  0012              _L9:
  53  0012              #line 53 "C:\Users\YVTC\Desktop\單晶片微控制器(一)\0320\M4-10.c"
  53  0012  3FA2        	sz [34].7
  53  0013  2800     R  	jmp _L10
  52  0014              #line 52 "C:\Users\YVTC\Desktop\單晶片微控制器(一)\0320\M4-10.c"
  52  0014  0F03        	mov a,3
  52  0015  0380     E  	addm a,ra
  52  0016  2800     R  	jmp _L7
  52  0017              _L10:
  54  0017              #line 54 "C:\Users\YVTC\Desktop\單晶片微控制器(一)\0320\M4-10.c"
  54  0017  0F04        	mov a,4
  54  0018  0380     E  	addm a,ra
  55  0019              #line 55 "C:\Users\YVTC\Desktop\單晶片微控制器(一)\0320\M4-10.c"
  55  0019  0722        	mov a,[34]
  55  001A  03A2        	addm a,[34]
  55  001B  3022        	set [34].0
  46  001C              #line 46 "C:\Users\YVTC\Desktop\單晶片微控制器(一)\0320\M4-10.c"
  46  001C  0700     E  	mov a,ra
  46  001D  0A10        	sub a,16
  46  001E  390A        	snz z
  46  001F  2800     R  	jmp _L11
  46  0020              _L7:
  58  0020              #line 58 "C:\Users\YVTC\Desktop\單晶片微控制器(一)\0320\M4-10.c"
  58  0020  0700     E  	mov a,ra
  58  0021  0003        	ret
"File: M4-10.c       Assembler  Version HGASM0202      Page 6

  58  0022              _ScanKey endp
  58  0022              #line 58 "C:\Users\YVTC\Desktop\單晶片微控制器(一)\0320\M4-10.c"
  58  0022              #pragma debug scope 1 1
  58  0022              ___wdtc equ [62]
  58  0022              ___pcc equ [27]
  58  0022              ___intc3 equ [51]
  58  0022              ___tm5c0 equ [343]
  58  0022              ___tm5c1 equ [344]
  58  0022              ___intc0 equ [48]
  58  0022              ___tm5al equ [347]
  58  0022              ___tm5ah equ [348]
  58  0022              public _main
  58  0022              #pragma debug scope 6 1
  19  0022              #line 19 "C:\Users\YVTC\Desktop\單晶片微控制器(一)\0320\M4-10.c"
  19  0022              IFDEF WITH_DEFAULT_STARTUP
  19  0022              extern _main_initial0:near
  19  0022              extern _main_startup:near
  19  0022              ENDIF
  19  0022              
  19  0022              ROMBANK 0 @start
  19  0000              @start .section com_l 'code'
  19  0000              _main_startup1:
  19  0000              @start .section com_e 'code'
  19  0000  0F00     R  	mov a,bank _main
  19  0001  008B        	mov bp,a
  19  0002  2800     R  	jmp _main
  19  0003              
  19  0000              _main .section 'code'
  19  0000              _main proc
  20  0000              #line 20 "C:\Users\YVTC\Desktop\單晶片微控制器(一)\0320\M4-10.c"
  20  0000  0FAF        	mov a,175
  20  0001  00BE        	mov [62],a
  21  0002              #line 21 "C:\Users\YVTC\Desktop\單晶片微控制器(一)\0320\M4-10.c"
  21  0002  361B        	clr [27].4
  22  0003              #line 22 "C:\Users\YVTC\Desktop\單晶片微控制器(一)\0320\M4-10.c"
  22  0003  3133        	set [51].2
  22  0004  31B8        	set [56].3
  23  0005              #line 23 "C:\Users\YVTC\Desktop\單晶片微控制器(一)\0320\M4-10.c"
  23  0005  9F57 0001   	lclr [343]
  23  0007  0FC1        	mov a,193
  23  0008  80D8 0001   	lmov [344],a
  24  000A              #line 24 "C:\Users\YVTC\Desktop\單晶片微控制器(一)\0320\M4-10.c"
  24  000A  37B8        	clr [56].7
  24  000B  3733        	clr [51].6
  24  000C  3030        	set [48].0
  24  000D              _L20:
  26  000D              #line 26 "C:\Users\YVTC\Desktop\單晶片微控制器(一)\0320\M4-10.c"
  26  000D              	fcall _ScanKey
  26  0014  0080     E  	mov rb,a
  26  0015  0700     E  	mov a,rb
  26  0016  0A10        	sub a,16
  26  0017  3D0A        	sz z
  26  0018  2800     R  	jmp _L20
  27  0019              #line 27 "C:\Users\YVTC\Desktop\單晶片微控制器(一)\0320\M4-10.c"
  27  0019  1F00     E  	clr rc
  27  001A  340A        	clr c
  27  001B  1A80     E  	rlc rb
  27  001C  1A80     E  	rlc rc
  27  001D  0F00     R  	mov a,low offset _Pitch_TAB
  27  001E  0300     E  	add a,rb
"File: M4-10.c       Assembler  Version HGASM0202      Page 7

  27  001F  0083        	mov mp,a
  27  0020  0F00     R  	mov a,high offset _Pitch_TAB
  27  0021  1300     E  	adc a,rc
  27  0022  0084        	mov sbp,a
  27  0023              	fcall _Crom2Prom
  27  002A  0080     E  	mov rb,a
  27  002B              	fcall _Crom2PromNext
  27  0032  0080     E  	mov rc,a
  27  0033  0700     E  	mov a,rb
  27  0034  80DB 0001   	lmov [347],a
  28  0036              #line 28 "C:\Users\YVTC\Desktop\單晶片微控制器(一)\0320\M4-10.c"
  28  0036  0700     E  	mov a,rc
  28  0037  80DC 0001   	lmov [348],a
  29  0039              #line 29 "C:\Users\YVTC\Desktop\單晶片微控制器(一)\0320\M4-10.c"
  29  0039  B1D7 0001   	lset [343].3
  29  003B  0F28        	mov a,40
  29  003C              	fcall _PAUSE
  30  0043              #line 30 "C:\Users\YVTC\Desktop\單晶片微控制器(一)\0320\M4-10.c"
  30  0043  B5D7 0001   	lclr [343].3
  30  0045  0F0A        	mov a,10
  30  0046              	fcall _PAUSE
  32  004D              #line 32 "C:\Users\YVTC\Desktop\單晶片微控制器(一)\0320\M4-10.c"
  32  004D  2800     R  	jmp _L20
  32  004E  2800     R  	jmp $
  32  004F              _main endp
  32  004F              
  32  004F              @dummy endp
  32  004F              
  32  004F              #line 32 "C:\Users\YVTC\Desktop\單晶片微控制器(一)\0320\M4-10.c"
  32  004F              #pragma debug scope 1 1
  32  004F              public _Pitch_TAB
  32  0000              @crom	.section 'crom'
   9  0000              #line 9 "C:\Users\YVTC\Desktop\單晶片微控制器(一)\0320\M4-10.c"
   9  0000              @crom	.section	'crom'
   9  0000              _Pitch_TAB:
   9  0000              #pragma debug array 42 12 16 1
   9  0000              #pragma debug array 42 12 16 1
   9  0000              #pragma debug variable 42 1 _Pitch_TAB "Pitch_TAB"
   9  0000  0778        	dc 1912
   9  0001  06A7        	dc 1703
   9  0002  05ED        	dc 1517
   9  0003  0598        	dc 1432
   9  0004  04F9        	dc 1273
   9  0005  0470        	dc 1136
   9  0006  03EA        	dc 1002
   9  0007  03BC        	dc 956
   9  0008  0353        	dc 851
   9  0009  02F6        	dc 758
   9  000A  02CC        	dc 716
   9  000B  027C        	dc 636
   9  000C  0238        	dc 568
   9  000D  01F5        	dc 501
   9  000E  01DE        	dc 478
   9  000F  01A9        	dc 425
   9  0010              #pragma debug struct_end
   9  0010              #pragma debug struct_end
   9  0010              #pragma debug union_end
   9  0010              #pragma debug union_end
   9  0010              #pragma debug variable 44 1 ___pc "__pc" 1
   9  0010              #pragma debug struct_end
"File: M4-10.c       Assembler  Version HGASM0202      Page 8

   9  0010              #pragma debug struct_end
   9  0010              #pragma debug union_end
   9  0010              #pragma debug union_end
   9  0010              #pragma debug variable 46 1 ___pcc "__pcc" 1
   9  0010              #pragma debug struct_end
   9  0010              #pragma debug struct_end
   9  0010              #pragma debug union_end
   9  0010              #pragma debug union_end
   9  0010              #pragma debug variable 48 1 ___pepu "__pepu" 1
   9  0010              #pragma debug struct_end
   9  0010              #pragma debug struct_end
   9  0010              #pragma debug union_end
   9  0010              #pragma debug union_end
   9  0010              #pragma debug variable 50 1 ___pe "__pe" 1
   9  0010              #pragma debug struct_end
   9  0010              #pragma debug struct_end
   9  0010              #pragma debug union_end
   9  0010              #pragma debug union_end
   9  0010              #pragma debug variable 52 1 ___pec "__pec" 1
   9  0010              #pragma debug struct_end
   9  0010              #pragma debug struct_end
   9  0010              #pragma debug union_end
   9  0010              #pragma debug union_end
   9  0010              #pragma debug variable 54 1 ___intc0 "__intc0" 1
   9  0010              #pragma debug struct_end
   9  0010              #pragma debug struct_end
   9  0010              #pragma debug union_end
   9  0010              #pragma debug union_end
   9  0010              #pragma debug variable 56 1 ___intc3 "__intc3" 1
   9  0010              #pragma debug struct_end
   9  0010              #pragma debug struct_end
   9  0010              #pragma debug union_end
   9  0010              #pragma debug union_end
   9  0010              #pragma debug variable 58 1 ___mfi4 "__mfi4" 1
   9  0010              #pragma debug struct_end
   9  0010              #pragma debug struct_end
   9  0010              #pragma debug union_end
   9  0010              #pragma debug union_end
   9  0010              #pragma debug variable 60 1 ___wdtc "__wdtc" 1
   9  0010              #pragma debug struct_end
   9  0010              #pragma debug struct_end
   9  0010              #pragma debug union_end
   9  0010              #pragma debug union_end
   9  0010              #pragma debug variable 62 1 ___tm5c0 "__tm5c0" 1
   9  0010              #pragma debug struct_end
   9  0010              #pragma debug struct_end
   9  0010              #pragma debug union_end
   9  0010              #pragma debug union_end
   9  0010              #pragma debug variable 64 1 ___tm5c1 "__tm5c1" 1
   9  0010              #pragma debug variable 8 1 ___tm5al "__tm5al" 1
   9  0010              #pragma debug variable 8 1 ___tm5ah "__tm5ah" 1
   9  0010              extern r1:byte
   9  0010              extern r2:byte
   9  0010              extern r3:byte
  19  0010              #line 19 "C:\Users\YVTC\Desktop\單晶片微控制器(一)\0320\M4-10.c"
  19  0000              @code .section at 0 'code'
  19  0000  1F0B        	clr bp
  19  0001  2800     R  	jmp _main_startup1
  19  0002              
  19  0002              
"File: M4-10.c       Assembler  Version HGASM0202      Page 9

  19  0002              ; 
  19  0002              ; Generated by holtek-gcc v3.18, Tue Mar 20 11:14:07 2018
  19  0002              ; Rebuild 126
  19  0002              ; end of file


        0 Errors, 0