"File: RGBV2.c       Assembler  Version HGASM0202      Page 1


   1  0000              ; Generated by holtek-gcc v3.18, Tue May 08 10:01:21 2018
   2  0000              ; 
   3  0000              ; Configuration:
   4  0000              ;       with long instruction
   5  0000              ;       Multi-ROM, Multi-RAM
   6  0000              ;       bits_per_rom_unit:16
   7  0000              ;       with mp1
   8  0000              ;       with tbhp, address(0x9)
   9  0000              ;          Use tabrd-const
  10  0000              ;       
  11  0000              ; SFR address of long-instruction arch:
  12  0000              ;    mp0 = -1,1,0
  13  0000              ;    mp1 = 4,3,2
  14  0000              ;    mp2 = 14,13,12
  15  0000              ;    tbp = 9,7,8
  16  0000              ;    acc = 5
  17  0000              ;    pcl = 6
  18  0000              ;    status = 10
  19  0000              ;    bp = 11
  20  0000              ;    intc = 48
  21  0000              ;       
  22  0000              ;       
  23  0000              ; use 'tabrdc' instead of 'tabrd'
  24  0000              ;       
  25  0000              
  26  0000              #pragma translator "holtek-gcc 4.6.4" "3.18" "build 20130711"
  27  0000              ; Rebuild 126
  28  0000              
  29  0000              ir equ [2]
  30  0000              mp equ [3]
  31  0000              sbp equ [4]
  32  0000              acc equ [5]
  33  0000              bp equ [11]
  34  0000              tblp equ [7]
  35  0000              tbhp equ [9]
  36  0000              status equ [10]
  37  0000              c equ [10].0
  38  0000              ac equ [10].1
  39  0000              z equ [10].2
  40  0000              ov equ [10].3
  41  0000              cz equ [10].6
  42  0000              sc equ [10].7
  43  0000              intc equ [48]
  44  0000              
  45  0000              extern ra:byte
  46  0000              extern rb:byte
  47  0000              extern rc:byte
  48  0000              extern rd:byte
  49  0000              extern re:byte
  50  0000              extern rf:byte
  51  0000              extern rg:byte
  52  0000              extern rh:byte
  53  0000              extern _Crom2Prom:near
  54  0000              extern _Crom2PromNext:near
  55  0000              
  56  0000              RAMBANK 0 @BITDATASEC, @BITDATASEC1
  57  0000              @HCCINIT	.section 'data'
  58  0000              @HCCINIT0	.section 'data'
  59  0000              @BITDATASEC	 .section 'data'
"File: RGBV2.ASM     Assembler  Version HGASM0202      Page 2

  60  0000              @BITDATASEC1	 .section 'data'
  61  0000              
  62  0000              #pragma debug scope 1 1
  63  0000              	extern __DELAY3:near
  64  0000              	extern __DELAYX3:near
  65  0000              	extern __DELAYX6:near
  66  0000              	extern __DELAYY5:near
  67  0000              	extern __DELAYY3:near
  68  0000              	extern _builtin_holtek_delay_2:byte
  69  0000              ___wdtc equ [62]
  70  0000              ___pac equ [19]
  71  0000              ___integ equ [57]
  72  0000              ___intc0 equ [48]
  73  0000              ___tm0c0 equ [94]
  74  0000              ___tm0c1 equ [95]
  75  0000              ___tm1c0 equ [72]
  76  0000              ___tm1c1 equ [73]
  77  0000              ___tm1c2 equ [74]
  78  0000              ___tm1al equ [77]
  79  0000              ___tm1ah equ [78]
  80  0000              ___tm1bl equ [79]
  81  0000              ___tm1bh equ [80]
  82  0000              ___tm3c0 equ [88]
  83  0000              ___tm3c1 equ [89]
  84  0000              ___tm3al equ [92]
  85  0000              ___tm3ah equ [93]
  86  0000              ___pcs3 equ [363]
  87  0000              ___pcs0 equ [360]
  88  0000              ___pds0 equ [364]
  89  0000              public _main
  90  0000              #pragma debug scope 2 1

   9  0000              #line 9 "C:\Users\YVTC\Desktop\單晶片微控制器(一)\0417\RGBV2.c"
   9  0000              IFDEF WITH_DEFAULT_STARTUP
   9  0000              extern _main_initial0:near
   9  0000              extern _main_startup:near
   9  0000              ENDIF
   9  0000              
   9  0000              ROMBANK 0 @start
   9  0000              @start .section com_l 'code'
   9  0000              _main_startup1:
   9  0000              @start .section com_e 'code'
   9  0000  0F00     R  	mov a,bank _main
   9  0001  008B        	mov bp,a
   9  0002  2800     R  	jmp _main
   9  0003              
   9  0000              _main .section 'code'
   9  0000              _main proc
   9  0000  00              local _main_2 db 1 dup(?)
   9  0001              #pragma debug variable 8 2 _main_2+0 "index"
  11  0001              #line 11 "C:\Users\YVTC\Desktop\單晶片微控制器(一)\0417\RGBV2.c"
  11  0000  0FAF        	mov a,175
  11  0001  00BE        	mov [62],a
  12  0002              #line 12 "C:\Users\YVTC\Desktop\單晶片微控制器(一)\0417\RGBV2.c"
  12  0002  3193        	set [19].3
  12  0003  0F02        	mov a,2
  12  0004  00B9        	mov [57],a
  12  0005  30B0        	set [48].1
  13  0006              #line 13 "C:\Users\YVTC\Desktop\單晶片微控制器(一)\0417\RGBV2.c"
  13  0006  0F10        	mov a,16
"File: RGBV2.c       Assembler  Version HGASM0202      Page 3

  13  0007  00DE        	mov [94],a
  14  0008              #line 14 "C:\Users\YVTC\Desktop\單晶片微控制器(一)\0417\RGBV2.c"
  14  0008  0FC1        	mov a,193
  14  0009  00DF        	mov [95],a
  16  000A              #line 16 "C:\Users\YVTC\Desktop\單晶片微控制器(一)\0417\RGBV2.c"
  16  000A  0F30        	mov a,48
  16  000B  00C8        	mov [72],a
  17  000C              #line 17 "C:\Users\YVTC\Desktop\單晶片微控制器(一)\0417\RGBV2.c"
  17  000C  0FA8        	mov a,168
  17  000D  00C9        	mov [73],a
  18  000E              #line 18 "C:\Users\YVTC\Desktop\單晶片微控制器(一)\0417\RGBV2.c"
  18  000E  0FA8        	mov a,168
  18  000F  00CA        	mov [74],a
  19  0010              #line 19 "C:\Users\YVTC\Desktop\單晶片微控制器(一)\0417\RGBV2.c"
  19  0010  1F4D        	clr [77]
  19  0011  1F4E        	clr [78]
  20  0012              #line 20 "C:\Users\YVTC\Desktop\單晶片微控制器(一)\0417\RGBV2.c"
  20  0012  1F4F        	clr [79]
  20  0013  1F50        	clr [80]
  22  0014              #line 22 "C:\Users\YVTC\Desktop\單晶片微控制器(一)\0417\RGBV2.c"
  22  0014  0F30        	mov a,48
  22  0015  00D8        	mov [88],a
  23  0016              #line 23 "C:\Users\YVTC\Desktop\單晶片微控制器(一)\0417\RGBV2.c"
  23  0016  0FA8        	mov a,168
  23  0017  00D9        	mov [89],a
  24  0018              #line 24 "C:\Users\YVTC\Desktop\單晶片微控制器(一)\0417\RGBV2.c"
  24  0018  1F5C        	clr [92]
  24  0019  1F5D        	clr [93]
  26  001A              #line 26 "C:\Users\YVTC\Desktop\單晶片微控制器(一)\0417\RGBV2.c"
  26  001A  0F10        	mov a,16
  26  001B  80EB 0001   	lmov [363],a
  27  001D              #line 27 "C:\Users\YVTC\Desktop\單晶片微控制器(一)\0417\RGBV2.c"
  27  001D  0F10        	mov a,16
  27  001E  80E8 0001   	lmov [360],a
  28  0020              #line 28 "C:\Users\YVTC\Desktop\單晶片微控制器(一)\0417\RGBV2.c"
  28  0020  0F01        	mov a,1
  28  0021  80EC 0001   	lmov [364],a
  30  0023              #line 30 "C:\Users\YVTC\Desktop\單晶片微控制器(一)\0417\RGBV2.c"
  30  0023  3030        	set [48].0
  31  0024              #line 31 "C:\Users\YVTC\Desktop\單晶片微控制器(一)\0417\RGBV2.c"
  31  0024  1F00     R  	clr _b_RX[0]
  32  0025              #line 32 "C:\Users\YVTC\Desktop\單晶片微控制器(一)\0417\RGBV2.c"
  32  0025  31C8        	set [72].3
  32  0026  31D8        	set [88].3
  10  0027              #line 10 "C:\Users\YVTC\Desktop\單晶片微控制器(一)\0417\RGBV2.c"
  10  0027  0F80        	mov a,128
  10  0028  0080     E  	mov rh,a
  10  0029  1F00     E  	clr rg
  10  002A  1F00     E  	clr rf
  10  002B  1F00     E  	clr ra
  10  002C              _L5:
  34  002C              #line 34 "C:\Users\YVTC\Desktop\單晶片微控制器(一)\0417\RGBV2.c"
  34  002C  1E00     R  	snz _b_RX[0]
  34  002D  2800     R  	jmp _L5
  34  002E  1F00     R  	clr _b_RX[0]
  35  002F              #line 35 "C:\Users\YVTC\Desktop\單晶片微控制器(一)\0417\RGBV2.c"
  35  002F  0700     R  	mov a,_RxData[0]
  35  0030  0080     R  	mov _main_2[0],a
  36  0031              #line 36 "C:\Users\YVTC\Desktop\單晶片微控制器(一)\0417\RGBV2.c"
  36  0031  0700     R  	mov a,_main_2[0]
"File: RGBV2.c       Assembler  Version HGASM0202      Page 4

  36  0032  0A01        	sub a,1
  36  0033  3D0A        	sz z
  36  0034  2800     R  	jmp _L15
  36  0035  0A01        	sub a,(2)-(1)
  36  0036  3D0A        	sz z
  36  0037  2800     R  	jmp _L17
  36  0038  0700     R  	mov a,_main_2[0]
  36  0039  0A03        	sub a,3
  36  003A  3D0A        	sz z
  36  003B  2800     R  	jmp _L19
  36  003C  0A01        	sub a,(4)-(3)
  36  003D  3D0A        	sz z
  36  003E  2800     R  	jmp _L21
  36  003F  0700     R  	mov a,_main_2[0]
  36  0040  0A05        	sub a,5
  36  0041  3D0A        	sz z
  36  0042  2800     R  	jmp _L23
  36  0043  0A01        	sub a,(6)-(5)
  36  0044  3D0A        	sz z
  36  0045  2800     R  	jmp _L25
  36  0046  0700     R  	mov a,_main_2[0]
  36  0047  0A07        	sub a,7
  36  0048  3D0A        	sz z
  36  0049  2800     R  	jmp _L27
  36  004A  0700     R  	mov a,_main_2[0]
  36  004B  0A08        	sub a,8
  36  004C  390A        	snz z
  36  004D  2800     R  	jmp _L5
  36  004E  2800     R  	jmp _L29
  36  004F              _L15:
  38  004F              #line 38 "C:\Users\YVTC\Desktop\單晶片微控制器(一)\0417\RGBV2.c"
  38  004F  1E00     R  	snz _b_RX[0]
  38  0050  2800     R  	jmp _L15
  38  0051  1F00     R  	clr _b_RX[0]
  39  0052              #line 39 "C:\Users\YVTC\Desktop\單晶片微控制器(一)\0417\RGBV2.c"
  39  0052  0700     R  	mov a,_RxData[0]
  39  0053  0080     E  	mov ra,a
  40  0054              #line 40 "C:\Users\YVTC\Desktop\單晶片微控制器(一)\0417\RGBV2.c"
  40  0054  0700     E  	mov a,rh
  40  0055  0080     E  	mov _builtin_holtek_mulhi3_2[0],a
  40  0056  1F00     E  	clr _builtin_holtek_mulhi3_2[1]
  40  0057  0700     E  	mov a,ra
  40  0058  0080     E  	mov _builtin_holtek_mulhi3_2[2],a
  40  0059  1F00     E  	clr _builtin_holtek_mulhi3_2[3]
  40  005A              	fcall _builtin_holtek_mulhi3
  40  0061  0700     E  	mov a,_builtin_holtek_mulhi3_2[4]
  40  0062  0080     E  	mov rb,a
  40  0063  0700     E  	mov a,_builtin_holtek_mulhi3_2[5]
  40  0064  0080     E  	mov rc,a
  40  0065  0F06        	mov a,6
  40  0066              _LI1:
  40  0066  340A        	clr c
  40  0067  1B80     E  	rrc rc
  40  0068  1B80     E  	rrc rb
  40  0069  1785        	sdz acc
  40  006A  2800     R  	jmp _LI1
  41  006B              #line 41 "C:\Users\YVTC\Desktop\單晶片微控制器(一)\0417\RGBV2.c"
  41  006B  0700     E  	mov a,rb
  41  006C  00DC        	mov [92],a
  41  006D  0700     E  	mov a,rc
"File: RGBV2.c       Assembler  Version HGASM0202      Page 5

  41  006E  00DD        	mov [93],a
  42  006F              #line 42 "C:\Users\YVTC\Desktop\單晶片微控制器(一)\0417\RGBV2.c"
  42  006F  2800     R  	jmp _L5
  42  0070              _L17:
  44  0070              #line 44 "C:\Users\YVTC\Desktop\單晶片微控制器(一)\0417\RGBV2.c"
  44  0070  1E00     R  	snz _b_RX[0]
  44  0071  2800     R  	jmp _L17
  44  0072  1F00     R  	clr _b_RX[0]
  45  0073              #line 45 "C:\Users\YVTC\Desktop\單晶片微控制器(一)\0417\RGBV2.c"
  45  0073  0700     R  	mov a,_RxData[0]
  45  0074  0080     E  	mov rf,a
  46  0075              #line 46 "C:\Users\YVTC\Desktop\單晶片微控制器(一)\0417\RGBV2.c"
  46  0075  0700     E  	mov a,rh
  46  0076  0080     E  	mov _builtin_holtek_mulhi3_2[0],a
  46  0077  1F00     E  	clr _builtin_holtek_mulhi3_2[1]
  46  0078  0700     E  	mov a,rf
  46  0079  0080     E  	mov _builtin_holtek_mulhi3_2[2],a
  46  007A  1F00     E  	clr _builtin_holtek_mulhi3_2[3]
  46  007B              	fcall _builtin_holtek_mulhi3
  46  0082  0700     E  	mov a,_builtin_holtek_mulhi3_2[4]
  46  0083  0080     E  	mov rb,a
  46  0084  0700     E  	mov a,_builtin_holtek_mulhi3_2[5]
  46  0085  0080     E  	mov rc,a
  46  0086  0F06        	mov a,6
  46  0087              _LI2:
  46  0087  340A        	clr c
  46  0088  1B80     E  	rrc rc
  46  0089  1B80     E  	rrc rb
  46  008A  1785        	sdz acc
  46  008B  2800     R  	jmp _LI2
  47  008C              #line 47 "C:\Users\YVTC\Desktop\單晶片微控制器(一)\0417\RGBV2.c"
  47  008C  0700     E  	mov a,rb
  47  008D  00CD        	mov [77],a
  47  008E  0700     E  	mov a,rc
  47  008F  00CE        	mov [78],a
  48  0090              #line 48 "C:\Users\YVTC\Desktop\單晶片微控制器(一)\0417\RGBV2.c"
  48  0090  2800     R  	jmp _L5
  48  0091              _L19:
  50  0091              #line 50 "C:\Users\YVTC\Desktop\單晶片微控制器(一)\0417\RGBV2.c"
  50  0091  1E00     R  	snz _b_RX[0]
  50  0092  2800     R  	jmp _L19
  50  0093  1F00     R  	clr _b_RX[0]
  51  0094              #line 51 "C:\Users\YVTC\Desktop\單晶片微控制器(一)\0417\RGBV2.c"
  51  0094  0700     R  	mov a,_RxData[0]
  51  0095  0080     E  	mov rg,a
  52  0096              #line 52 "C:\Users\YVTC\Desktop\單晶片微控制器(一)\0417\RGBV2.c"
  52  0096  0700     E  	mov a,rh
  52  0097  0080     E  	mov _builtin_holtek_mulhi3_2[0],a
  52  0098  1F00     E  	clr _builtin_holtek_mulhi3_2[1]
  52  0099  0700     E  	mov a,rg
  52  009A  0080     E  	mov _builtin_holtek_mulhi3_2[2],a
  52  009B  1F00     E  	clr _builtin_holtek_mulhi3_2[3]
  52  009C              	fcall _builtin_holtek_mulhi3
  52  00A3  0700     E  	mov a,_builtin_holtek_mulhi3_2[4]
  52  00A4  0080     E  	mov rb,a
  52  00A5  0700     E  	mov a,_builtin_holtek_mulhi3_2[5]
  52  00A6  0080     E  	mov rc,a
  52  00A7  0F06        	mov a,6
  52  00A8              _LI3:
  52  00A8  340A        	clr c
"File: RGBV2.c       Assembler  Version HGASM0202      Page 6

  52  00A9  1B80     E  	rrc rc
  52  00AA  1B80     E  	rrc rb
  52  00AB  1785        	sdz acc
  52  00AC  2800     R  	jmp _LI3
  53  00AD              #line 53 "C:\Users\YVTC\Desktop\單晶片微控制器(一)\0417\RGBV2.c"
  53  00AD  0700     E  	mov a,rb
  53  00AE  00CF        	mov [79],a
  53  00AF  0700     E  	mov a,rc
  53  00B0  00D0        	mov [80],a
  54  00B1              #line 54 "C:\Users\YVTC\Desktop\單晶片微控制器(一)\0417\RGBV2.c"
  54  00B1  2800     R  	jmp _L5
  54  00B2              _L21:
  56  00B2              #line 56 "C:\Users\YVTC\Desktop\單晶片微控制器(一)\0417\RGBV2.c"
  56  00B2  1E00     R  	snz _b_RX[0]
  56  00B3  2800     R  	jmp _L21
  56  00B4  1F00     R  	clr _b_RX[0]
  57  00B5              #line 57 "C:\Users\YVTC\Desktop\單晶片微控制器(一)\0417\RGBV2.c"
  57  00B5  0700     R  	mov a,_RxData[0]
  57  00B6  0080     E  	mov rh,a
  58  00B7              #line 58 "C:\Users\YVTC\Desktop\單晶片微控制器(一)\0417\RGBV2.c"
  58  00B7  0700     E  	mov a,rh
  58  00B8  0080     E  	mov rd,a
  58  00B9  1F00     E  	clr re
  58  00BA  0700     E  	mov a,ra
  58  00BB  0080     E  	mov _builtin_holtek_mulhi3_2[0],a
  58  00BC  1F00     E  	clr _builtin_holtek_mulhi3_2[1]
  58  00BD  0700     E  	mov a,rd
  58  00BE  0080     E  	mov _builtin_holtek_mulhi3_2[2],a
  58  00BF  0700     E  	mov a,re
  58  00C0  0080     E  	mov _builtin_holtek_mulhi3_2[3],a
  58  00C1              	fcall _builtin_holtek_mulhi3
  58  00C8  0700     E  	mov a,_builtin_holtek_mulhi3_2[4]  
  58  00C9  0080     E  	mov rb,a  
  58  00CA  0700     E  	mov a,_builtin_holtek_mulhi3_2[5]  
  58  00CB  0080     E  	mov rc,a
  58  00CC  0F06        	mov a,6
  58  00CD              _LI4:
  58  00CD  340A        	clr c
  58  00CE  1B80     E  	rrc rc
  58  00CF  1B80     E  	rrc rb
  58  00D0  1785        	sdz acc
  58  00D1  2800     R  	jmp _LI4
  59  00D2              #line 59 "C:\Users\YVTC\Desktop\單晶片微控制器(一)\0417\RGBV2.c"
  59  00D2  0700     E  	mov a,rb
  59  00D3  00DC        	mov [92],a
  59  00D4  0700     E  	mov a,rc
  59  00D5  00DD        	mov [93],a
  60  00D6              #line 60 "C:\Users\YVTC\Desktop\單晶片微控制器(一)\0417\RGBV2.c"
  60  00D6  0700     E  	mov a,rf
  60  00D7  0080     E  	mov _builtin_holtek_mulhi3_2[0],a
  60  00D8  1F00     E  	clr _builtin_holtek_mulhi3_2[1]
  60  00D9  0700     E  	mov a,rd
  60  00DA  0080     E  	mov _builtin_holtek_mulhi3_2[2],a
  60  00DB  0700     E  	mov a,re
  60  00DC  0080     E  	mov _builtin_holtek_mulhi3_2[3],a
  60  00DD              	fcall _builtin_holtek_mulhi3
  60  00E4  0700     E  	mov a,_builtin_holtek_mulhi3_2[4]  
  60  00E5  0080     E  	mov rb,a  
  60  00E6  0700     E  	mov a,_builtin_holtek_mulhi3_2[5]  
  60  00E7  0080     E  	mov rc,a
"File: RGBV2.c       Assembler  Version HGASM0202      Page 7

  60  00E8  0F06        	mov a,6
  60  00E9              _LI5:
  60  00E9  340A        	clr c
  60  00EA  1B80     E  	rrc rc
  60  00EB  1B80     E  	rrc rb
  60  00EC  1785        	sdz acc
  60  00ED  2800     R  	jmp _LI5
  61  00EE              #line 61 "C:\Users\YVTC\Desktop\單晶片微控制器(一)\0417\RGBV2.c"
  61  00EE  0700     E  	mov a,rb
  61  00EF  00CD        	mov [77],a
  61  00F0  0700     E  	mov a,rc
  61  00F1  00CE        	mov [78],a
  62  00F2              #line 62 "C:\Users\YVTC\Desktop\單晶片微控制器(一)\0417\RGBV2.c"
  62  00F2  0700     E  	mov a,rg
  62  00F3  0080     E  	mov _builtin_holtek_mulhi3_2[0],a
  62  00F4  1F00     E  	clr _builtin_holtek_mulhi3_2[1]
  62  00F5  0700     E  	mov a,rd
  62  00F6  0080     E  	mov _builtin_holtek_mulhi3_2[2],a
  62  00F7  0700     E  	mov a,re
  62  00F8  0080     E  	mov _builtin_holtek_mulhi3_2[3],a
  62  00F9              	fcall _builtin_holtek_mulhi3
  62  0100  0700     E  	mov a,_builtin_holtek_mulhi3_2[4]  
  62  0101  0080     E  	mov rd,a  
  62  0102  0700     E  	mov a,_builtin_holtek_mulhi3_2[5]  
  62  0103  0080     E  	mov re,a
  62  0104  0F06        	mov a,6
  62  0105              _LI6:
  62  0105  340A        	clr c
  62  0106  1B80     E  	rrc re
  62  0107  1B80     E  	rrc rd
  62  0108  1785        	sdz acc
  62  0109  2800     R  	jmp _LI6
  63  010A              #line 63 "C:\Users\YVTC\Desktop\單晶片微控制器(一)\0417\RGBV2.c"
  63  010A  0700     E  	mov a,rd
  63  010B  00CF        	mov [79],a
  63  010C  0700     E  	mov a,re
  63  010D  00D0        	mov [80],a
  64  010E              #line 64 "C:\Users\YVTC\Desktop\單晶片微控制器(一)\0417\RGBV2.c"
  64  010E  2800     R  	jmp _L5
  64  010F              _L23:
  66  010F              #line 66 "C:\Users\YVTC\Desktop\單晶片微控制器(一)\0417\RGBV2.c"
  66  010F  1E00     R  	snz _b_RX[0]
  66  0110  2800     R  	jmp _L23
  66  0111  1F00     R  	clr _b_RX[0]
  68  0112              #line 68 "C:\Users\YVTC\Desktop\單晶片微控制器(一)\0417\RGBV2.c"
  68  0112  0700     R  	mov a,_RxData[0]
  68  0113  0080     E  	mov rf,a
  69  0114              #line 69 "C:\Users\YVTC\Desktop\單晶片微控制器(一)\0417\RGBV2.c"
  69  0114  0700     E  	mov a,rf
  69  0115  0080     E  	mov rb,a
  69  0116  1F00     E  	clr rc
  69  0117  340A        	clr c
  69  0118  1A80     E  	rlc rb
  69  0119  1A80     E  	rlc rc
  70  011A              #line 70 "C:\Users\YVTC\Desktop\單晶片微控制器(一)\0417\RGBV2.c"
  70  011A  0700     E  	mov a,rb
  70  011B  00CD        	mov [77],a
  70  011C  0700     E  	mov a,rc
  70  011D  00CE        	mov [78],a
  70  011E  2800     R  	jmp _L40
"File: RGBV2.c       Assembler  Version HGASM0202      Page 8

  70  011F              _L25:
  76  011F              #line 76 "C:\Users\YVTC\Desktop\單晶片微控制器(一)\0417\RGBV2.c"
  76  011F  1E00     R  	snz _b_RX[0]
  76  0120  2800     R  	jmp _L25
  76  0121  1F00     R  	clr _b_RX[0]
  76  0122  2800     R  	jmp _L39
  76  0123              _L27:
  86  0123              #line 86 "C:\Users\YVTC\Desktop\單晶片微控制器(一)\0417\RGBV2.c"
  86  0123  1E00     R  	snz _b_RX[0]
  86  0124  2800     R  	jmp _L27
  86  0125  1F00     R  	clr _b_RX[0]
  88  0126              #line 88 "C:\Users\YVTC\Desktop\單晶片微控制器(一)\0417\RGBV2.c"
  88  0126  0700     R  	mov a,_RxData[0]
  88  0127  0080     E  	mov rf,a
  89  0128              #line 89 "C:\Users\YVTC\Desktop\單晶片微控制器(一)\0417\RGBV2.c"
  89  0128  0700     E  	mov a,rf
  89  0129  0080     E  	mov rb,a
  89  012A  1F00     E  	clr rc
  89  012B  340A        	clr c
  89  012C  1A80     E  	rlc rb
  89  012D  1A80     E  	rlc rc
  90  012E              #line 90 "C:\Users\YVTC\Desktop\單晶片微控制器(一)\0417\RGBV2.c"
  90  012E  0700     E  	mov a,rb
  90  012F  00CD        	mov [77],a
  90  0130  0700     E  	mov a,rc
  90  0131  00CE        	mov [78],a
  91  0132              #line 91 "C:\Users\YVTC\Desktop\單晶片微控制器(一)\0417\RGBV2.c"
  91  0132  0700     R  	mov a,_RxData[0]
  91  0133  0080     E  	mov ra,a
  92  0134              #line 92 "C:\Users\YVTC\Desktop\單晶片微控制器(一)\0417\RGBV2.c"
  92  0134  0700     E  	mov a,ra
  92  0135  0080     E  	mov rb,a
  92  0136  1F00     E  	clr rc
  92  0137  340A        	clr c
  92  0138  1A80     E  	rlc rb
  92  0139  1A80     E  	rlc rc
  93  013A              #line 93 "C:\Users\YVTC\Desktop\單晶片微控制器(一)\0417\RGBV2.c"
  93  013A  0700     E  	mov a,rb
  93  013B  00DC        	mov [92],a
  93  013C  0700     E  	mov a,rc
  93  013D  00DD        	mov [93],a
  93  013E  2800     R  	jmp _L38
  93  013F              _L29:
  96  013F              #line 96 "C:\Users\YVTC\Desktop\單晶片微控制器(一)\0417\RGBV2.c"
  96  013F  1E00     R  	snz _b_RX[0]
  96  0140  2800     R  	jmp _L29
  96  0141  1F00     R  	clr _b_RX[0]
  98  0142              #line 98 "C:\Users\YVTC\Desktop\單晶片微控制器(一)\0417\RGBV2.c"
  98  0142  0700     R  	mov a,_RxData[0]
  98  0143  0080     E  	mov rf,a
  99  0144              #line 99 "C:\Users\YVTC\Desktop\單晶片微控制器(一)\0417\RGBV2.c"
  99  0144  0700     E  	mov a,rf
  99  0145  0080     E  	mov rb,a
  99  0146  1F00     E  	clr rc
  99  0147  340A        	clr c
  99  0148  1A80     E  	rlc rb
  99  0149  1A80     E  	rlc rc
 100  014A              #line 100 "C:\Users\YVTC\Desktop\單晶片微控制器(一)\0417\RGBV2.c"
 100  014A  0700     E  	mov a,rb
 100  014B  00CD        	mov [77],a
"File: RGBV2.c       Assembler  Version HGASM0202      Page 9

 100  014C  0700     E  	mov a,rc
 100  014D  00CE        	mov [78],a
 100  014E              _L39:
 101  014E              #line 101 "C:\Users\YVTC\Desktop\單晶片微控制器(一)\0417\RGBV2.c"
 101  014E  0700     R  	mov a,_RxData[0]
 101  014F  0080     E  	mov ra,a
 102  0150              #line 102 "C:\Users\YVTC\Desktop\單晶片微控制器(一)\0417\RGBV2.c"
 102  0150  0700     E  	mov a,ra
 102  0151  0080     E  	mov rb,a
 102  0152  1F00     E  	clr rc
 102  0153  340A        	clr c
 102  0154  1A80     E  	rlc rb
 102  0155  1A80     E  	rlc rc
 103  0156              #line 103 "C:\Users\YVTC\Desktop\單晶片微控制器(一)\0417\RGBV2.c"
 103  0156  0700     E  	mov a,rb
 103  0157  00DC        	mov [92],a
 103  0158  0700     E  	mov a,rc
 103  0159  00DD        	mov [93],a
 103  015A              _L40:
 104  015A              #line 104 "C:\Users\YVTC\Desktop\單晶片微控制器(一)\0417\RGBV2.c"
 104  015A  0700     R  	mov a,_RxData[0]
 104  015B  0080     E  	mov rg,a
 105  015C              #line 105 "C:\Users\YVTC\Desktop\單晶片微控制器(一)\0417\RGBV2.c"
 105  015C  0700     E  	mov a,rg
 105  015D  0080     E  	mov rb,a
 105  015E  1F00     E  	clr rc
 105  015F  340A        	clr c
 105  0160  1A80     E  	rlc rb
 105  0161  1A80     E  	rlc rc
 106  0162              #line 106 "C:\Users\YVTC\Desktop\單晶片微控制器(一)\0417\RGBV2.c"
 106  0162  0700     E  	mov a,rb
 106  0163  00CF        	mov [79],a
 106  0164  0700     E  	mov a,rc
 106  0165  00D0        	mov [80],a
 106  0166              _L38:
  97  0166              #line 97 "C:\Users\YVTC\Desktop\單晶片微控制器(一)\0417\RGBV2.c"
  97  0166  0F80        	mov a,128
  97  0167  0080     E  	mov rh,a
 107  0168              #line 107 "C:\Users\YVTC\Desktop\單晶片微控制器(一)\0417\RGBV2.c"
 107  0168  2800     R  	jmp _L5
 107  0169  2800     R  	jmp $
 107  016A              _main endp
 107  016A              
 107  016A              @dummy endp
 107  016A              
 107  016A              #line 107 "C:\Users\YVTC\Desktop\單晶片微控制器(一)\0417\RGBV2.c"
 107  016A              #pragma debug scope 1 1
 107  016A              ___tm0al equ [98]
 107  016A              ___tm0ah equ [99]
 107  016A              ___mfi0 equ [52]
 107  016A              ___pa equ [18]
 107  016A              public _ISR_ExtINT0
 107  016A              #pragma debug scope 3 1
 112  016A              #line 112 "C:\Users\YVTC\Desktop\單晶片微控制器(一)\0417\RGBV2.c"
 112  016A              rombank 0 @ISR_ExtINT0_code
 112  0000              @ISR_ExtINT0_code .section at 4 'code'
 112  0000  0080     E  	mov r1,a
 112  0001  070B        	mov a,bp
 112  0002  1F0B        	clr bp
 112  0003  2800     R  	jmp _ISR_ExtINT0
"File: RGBV2.c       Assembler  Version HGASM0202      Page 10

 112  0004              ROMBANK 0 _ISR_ExtINT0
 112  0004              #pragma debug scope 1 1
 112  0004              @dummy4 endp
 112  0004              #pragma debug scope 4 1
 112  0000              _ISR_ExtINT0 .section 'code'
 112  0000              _ISR_ExtINT0 proc
 112  0000  0080     E  	mov r2,a
 112  0001  070A        	mov a, status
 112  0002  0080     E  	mov r3,a
 113  0003              #line 113 "C:\Users\YVTC\Desktop\單晶片微控制器(一)\0417\RGBV2.c"
 113  0003  0FD0        	mov a,208
 113  0004  00E2        	mov [98],a
 113  0005  1F63        	clr [99]
 114  0006              #line 114 "C:\Users\YVTC\Desktop\單晶片微控制器(一)\0417\RGBV2.c"
 114  0006  36B4        	clr [52].5
 114  0007  31DE        	set [94].3
 115  0008              #line 115 "C:\Users\YVTC\Desktop\單晶片微控制器(一)\0417\RGBV2.c"
 115  0008  1F00     R  	clr _RxData[0]
 115  0009              _L44:
 116  0009              #line 116 "C:\Users\YVTC\Desktop\單晶片微控制器(一)\0417\RGBV2.c"
 116  0009  3AB4        	snz [52].5
 116  000A  2800     R  	jmp _L44
 117  000B              #line 117 "C:\Users\YVTC\Desktop\單晶片微控制器(一)\0417\RGBV2.c"
 117  000B  0FA0        	mov a,160
 117  000C  00E2        	mov [98],a
 117  000D  0F01        	mov a,1
 117  000E  00E3        	mov [99],a
 118  000F              #line 118 "C:\Users\YVTC\Desktop\單晶片微控制器(一)\0417\RGBV2.c"
 118  000F  36B4        	clr [52].5
 118  0010  1F00     E  	clr rb
 112  0011              #line 112 "C:\Users\YVTC\Desktop\單晶片微控制器(一)\0417\RGBV2.c"
 112  0011  0F01        	mov a,1
 112  0012  0080     E  	mov ra,a
 112  0013              _L46:
 120  0013              #line 120 "C:\Users\YVTC\Desktop\單晶片微控制器(一)\0417\RGBV2.c"
 120  0013  3AB4        	snz [52].5
 120  0014  2800     R  	jmp _L46
 121  0015              #line 121 "C:\Users\YVTC\Desktop\單晶片微控制器(一)\0417\RGBV2.c"
 121  0015  36B4        	clr [52].5
 122  0016              #line 122 "C:\Users\YVTC\Desktop\單晶片微控制器(一)\0417\RGBV2.c"
 122  0016  3992        	snz [18].3
 122  0017  2800     R  	jmp _L47
 122  0018  0700     E  	mov a,ra
 122  0019  0580     R  	orm a,_RxData[0]
 122  001A              _L47:
 123  001A              #line 123 "C:\Users\YVTC\Desktop\單晶片微控制器(一)\0417\RGBV2.c"
 123  001A  0700     E  	mov a,ra
 123  001B  0380     E  	addm a,ra
 123  001C  1480     E  	inc rb
 124  001D              #line 124 "C:\Users\YVTC\Desktop\單晶片微控制器(一)\0417\RGBV2.c"
 124  001D  0700     E  	mov a,rb
 124  001E  0A08        	sub a,8
 124  001F  390A        	snz z
 124  0020  2800     R  	jmp _L46
 124  0021              _L51:
 125  0021              #line 125 "C:\Users\YVTC\Desktop\單晶片微控制器(一)\0417\RGBV2.c"
 125  0021  3AB4        	snz [52].5
 125  0022  2800     R  	jmp _L51
 126  0023              #line 126 "C:\Users\YVTC\Desktop\單晶片微控制器(一)\0417\RGBV2.c"
 126  0023  35DE        	clr [94].3
"File: RGBV2.c       Assembler  Version HGASM0202      Page 11

 127  0024              #line 127 "C:\Users\YVTC\Desktop\單晶片微控制器(一)\0417\RGBV2.c"
 127  0024  0F01        	mov a,1
 127  0025  0080     R  	mov _b_RX[0],a
 128  0026              #line 128 "C:\Users\YVTC\Desktop\單晶片微控制器(一)\0417\RGBV2.c"
 128  0026  3630        	clr [48].4
 128  0027  0700     E  	mov a,r2
 128  0028  008B        	mov bp,a
 128  0029  0700     E  	mov a,r3
 128  002A  008A        	mov status,a
 128  002B  0700     E  	mov a,r1
 128  002C  0004        	reti
 128  002D              _ISR_ExtINT0 endp
 128  002D              
 128  002D              #line 128 "C:\Users\YVTC\Desktop\單晶片微控制器(一)\0417\RGBV2.c"
 128  002D              #pragma debug scope 1 1
 128  002D              public _UARTTXData
 128  002D              #pragma debug scope 5 1
 131  002D              #line 131 "C:\Users\YVTC\Desktop\單晶片微控制器(一)\0417\RGBV2.c"
 131  0000              _UARTTXData .section 'code'
 131  0000              _UARTTXData proc
 131  0000  00              local _UARTTXData_2 db 1 dup(?)	; 0,1
 131  0000  0080     R  	mov _UARTTXData_2[0],a
 131  0001              #pragma debug variable 8 5 _UARTTXData_2+0 "data"
 132  0001              #line 132 "C:\Users\YVTC\Desktop\單晶片微控制器(一)\0417\RGBV2.c"
 132  0001  0FA0        	mov a,160
 132  0002  00E2        	mov [98],a
 132  0003  0F01        	mov a,1
 132  0004  00E3        	mov [99],a
 133  0005              #line 133 "C:\Users\YVTC\Desktop\單晶片微控制器(一)\0417\RGBV2.c"
 133  0005  36B4        	clr [52].5
 134  0006              #line 134 "C:\Users\YVTC\Desktop\單晶片微控制器(一)\0417\RGBV2.c"
 134  0006  3492        	clr [18].1
 135  0007              #line 135 "C:\Users\YVTC\Desktop\單晶片微控制器(一)\0417\RGBV2.c"
 135  0007  31DE        	set [94].3
 135  0008              _L58:
 136  0008              #line 136 "C:\Users\YVTC\Desktop\單晶片微控制器(一)\0417\RGBV2.c"
 136  0008  3AB4        	snz [52].5
 136  0009  2800     R  	jmp _L58
 137  000A              #line 137 "C:\Users\YVTC\Desktop\單晶片微控制器(一)\0417\RGBV2.c"
 137  000A  36B4        	clr [52].5
 137  000B  1F00     E  	clr rb
 131  000C              #line 131 "C:\Users\YVTC\Desktop\單晶片微控制器(一)\0417\RGBV2.c"
 131  000C  0F01        	mov a,1
 131  000D  0080     E  	mov ra,a
 131  000E              _L64:
 139  000E              #line 139 "C:\Users\YVTC\Desktop\單晶片微控制器(一)\0417\RGBV2.c"
 139  000E  0700     E  	mov a,ra
 139  000F  0600     R  	and a,_UARTTXData_2[0]
 139  0010  0080     E  	mov rc,a
 139  0011  1E00     E  	snz rc
 139  0012  2800     R  	jmp _L59
 139  0013  3092        	set [18].1
 139  0014  2800     R  	jmp _L62
 139  0015              _L59:
 139  0015  3492        	clr [18].1
 139  0016              _L62:
 140  0016              #line 140 "C:\Users\YVTC\Desktop\單晶片微控制器(一)\0417\RGBV2.c"
 140  0016  3AB4        	snz [52].5
 140  0017  2800     R  	jmp _L62
 141  0018              #line 141 "C:\Users\YVTC\Desktop\單晶片微控制器(一)\0417\RGBV2.c"
"File: RGBV2.c       Assembler  Version HGASM0202      Page 12

 141  0018  36B4        	clr [52].5
 142  0019              #line 142 "C:\Users\YVTC\Desktop\單晶片微控制器(一)\0417\RGBV2.c"
 142  0019  0700     E  	mov a,ra
 142  001A  0380     E  	addm a,ra
 142  001B  1480     E  	inc rb
 143  001C              #line 143 "C:\Users\YVTC\Desktop\單晶片微控制器(一)\0417\RGBV2.c"
 143  001C  0700     E  	mov a,rb
 143  001D  0A08        	sub a,8
 143  001E  390A        	snz z
 143  001F  2800     R  	jmp _L64
 144  0020              #line 144 "C:\Users\YVTC\Desktop\單晶片微控制器(一)\0417\RGBV2.c"
 144  0020  3092        	set [18].1
 144  0021              _L66:
 145  0021              #line 145 "C:\Users\YVTC\Desktop\單晶片微控制器(一)\0417\RGBV2.c"
 145  0021  3AB4        	snz [52].5
 145  0022  2800     R  	jmp _L66
 146  0023              #line 146 "C:\Users\YVTC\Desktop\單晶片微控制器(一)\0417\RGBV2.c"
 146  0023  35DE        	clr [94].3
 146  0024  0003        	ret
 146  0025              _UARTTXData endp
 146  0025              #line 146 "C:\Users\YVTC\Desktop\單晶片微控制器(一)\0417\RGBV2.c"
 146  0025              #pragma debug scope 1 1
   7  0025              #line 7 "C:\Users\YVTC\Desktop\單晶片微控制器(一)\0417\RGBV2.c"
   7  0025              public _b_RX
   7  0000              @HCCINIT0_b_RX .section 'data'
   7  0000              _b_RX	db 0
   7  0001              #pragma debug variable 8 1 _b_RX "b_RX"
   7  0001              
   7  0000              @HCCINIT .section 'data'
   6  0000              #line 6 "C:\Users\YVTC\Desktop\單晶片微控制器(一)\0417\RGBV2.c"
   6  0000              public _RxData
   6  0000              @HCCINIT0_RxData .section 'data'
   6  0000              _RxData	db 0
   6  0001              #pragma debug variable 8 1 _RxData "RxData"
   6  0001              
   6  0000              @HCCINIT .section 'data'
   6  0000              #pragma debug struct_end
   6  0000              #pragma debug struct_end
   6  0000              #pragma debug union_end
   6  0000              #pragma debug union_end
   6  0000              #pragma debug variable 43 1 ___pa "__pa" 1
   6  0000              #pragma debug struct_end
   6  0000              #pragma debug struct_end
   6  0000              #pragma debug union_end
   6  0000              #pragma debug union_end
   6  0000              #pragma debug variable 45 1 ___pac "__pac" 1
   6  0000              #pragma debug struct_end
   6  0000              #pragma debug struct_end
   6  0000              #pragma debug union_end
   6  0000              #pragma debug union_end
   6  0000              #pragma debug variable 47 1 ___intc0 "__intc0" 1
   6  0000              #pragma debug struct_end
   6  0000              #pragma debug struct_end
   6  0000              #pragma debug union_end
   6  0000              #pragma debug union_end
   6  0000              #pragma debug variable 49 1 ___mfi0 "__mfi0" 1
   6  0000              #pragma debug struct_end
   6  0000              #pragma debug struct_end
   6  0000              #pragma debug union_end
   6  0000              #pragma debug union_end
"File: RGBV2.c       Assembler  Version HGASM0202      Page 13

   6  0000              #pragma debug variable 51 1 ___integ "__integ" 1
   6  0000              #pragma debug struct_end
   6  0000              #pragma debug struct_end
   6  0000              #pragma debug union_end
   6  0000              #pragma debug union_end
   6  0000              #pragma debug variable 53 1 ___wdtc "__wdtc" 1
   6  0000              #pragma debug struct_end
   6  0000              #pragma debug struct_end
   6  0000              #pragma debug union_end
   6  0000              #pragma debug union_end
   6  0000              #pragma debug variable 55 1 ___tm1c0 "__tm1c0" 1
   6  0000              #pragma debug struct_end
   6  0000              #pragma debug struct_end
   6  0000              #pragma debug union_end
   6  0000              #pragma debug union_end
   6  0000              #pragma debug variable 57 1 ___tm1c1 "__tm1c1" 1
   6  0000              #pragma debug struct_end
   6  0000              #pragma debug struct_end
   6  0000              #pragma debug union_end
   6  0000              #pragma debug union_end
   6  0000              #pragma debug variable 59 1 ___tm1c2 "__tm1c2" 1
   6  0000              #pragma debug variable 8 1 ___tm1al "__tm1al" 1
   6  0000              #pragma debug variable 8 1 ___tm1ah "__tm1ah" 1
   6  0000              #pragma debug variable 8 1 ___tm1bl "__tm1bl" 1
   6  0000              #pragma debug variable 8 1 ___tm1bh "__tm1bh" 1
   6  0000              #pragma debug struct_end
   6  0000              #pragma debug struct_end
   6  0000              #pragma debug union_end
   6  0000              #pragma debug union_end
   6  0000              #pragma debug variable 61 1 ___tm3c0 "__tm3c0" 1
   6  0000              #pragma debug struct_end
   6  0000              #pragma debug struct_end
   6  0000              #pragma debug union_end
   6  0000              #pragma debug union_end
   6  0000              #pragma debug variable 63 1 ___tm3c1 "__tm3c1" 1
   6  0000              #pragma debug variable 8 1 ___tm3al "__tm3al" 1
   6  0000              #pragma debug variable 8 1 ___tm3ah "__tm3ah" 1
   6  0000              #pragma debug struct_end
   6  0000              #pragma debug struct_end
   6  0000              #pragma debug union_end
   6  0000              #pragma debug union_end
   6  0000              #pragma debug variable 65 1 ___tm0c0 "__tm0c0" 1
   6  0000              #pragma debug struct_end
   6  0000              #pragma debug struct_end
   6  0000              #pragma debug union_end
   6  0000              #pragma debug union_end
   6  0000              #pragma debug variable 67 1 ___tm0c1 "__tm0c1" 1
   6  0000              #pragma debug variable 8 1 ___tm0al "__tm0al" 1
   6  0000              #pragma debug variable 8 1 ___tm0ah "__tm0ah" 1
   6  0000              #pragma debug struct_end
   6  0000              #pragma debug struct_end
   6  0000              #pragma debug union_end
   6  0000              #pragma debug union_end
   6  0000              #pragma debug variable 69 1 ___pcs0 "__pcs0" 1
   6  0000              #pragma debug struct_end
   6  0000              #pragma debug struct_end
   6  0000              #pragma debug union_end
   6  0000              #pragma debug union_end
   6  0000              #pragma debug variable 71 1 ___pcs3 "__pcs3" 1
   6  0000              #pragma debug struct_end
"File: RGBV2.c       Assembler  Version HGASM0202      Page 14

   6  0000              #pragma debug struct_end
   6  0000              #pragma debug union_end
   6  0000              #pragma debug union_end
   6  0000              #pragma debug variable 73 1 ___pds0 "__pds0" 1
   6  0000              extern r1:byte
   6  0000              extern r2:byte
   6  0000              extern r3:byte
   9  0000              #line 9 "C:\Users\YVTC\Desktop\單晶片微控制器(一)\0417\RGBV2.c"
   9  0000              @code .section at 0 'code'
   9  0000  1F0B        	clr bp
   9  0001  2800     R  	jmp _main_startup1
   9  0002              
   9  0002              extern _builtin_holtek_mulhi3_2:byte
   9  0002              extern _builtin_holtek_mulhi3:near
   9  0002              
   9  0002              ; 
   9  0002              ; Generated by holtek-gcc v3.18, Tue May 08 10:01:21 2018
   9  0002              ; Rebuild 126
   9  0002              ; end of file


        0 Errors, 0