"File: SG90_T.c      Assembler  Version HGASM0202      Page 1


   1  0000              ; Generated by holtek-gcc v3.18, Tue Apr 10 09:00:59 2018
   2  0000              ; 
   3  0000              ; Configuration:
   4  0000              ;       with long instruction
   5  0000              ;       Multi-ROM, Multi-RAM
   6  0000              ;       bits_per_rom_unit:16
   7  0000              ;       with mp1
   8  0000              ;       with tbhp, address(0x9)
   9  0000              ;          Use tabrd-const
  10  0000              ;       
  11  0000              ; SFR address of long-instruction arch:
  12  0000              ;    mp0 = -1,1,0
  13  0000              ;    mp1 = 4,3,2
  14  0000              ;    mp2 = 14,13,12
  15  0000              ;    tbp = 9,7,8
  16  0000              ;    acc = 5
  17  0000              ;    pcl = 6
  18  0000              ;    status = 10
  19  0000              ;    bp = 11
  20  0000              ;    intc = 48
  21  0000              ;       
  22  0000              ;       
  23  0000              ; use 'tabrdc' instead of 'tabrd'
  24  0000              ;       
  25  0000              
  26  0000              #pragma translator "holtek-gcc 4.6.4" "3.18" "build 20130711"
  27  0000              ; Rebuild 126
  28  0000              
  29  0000              ir equ [2]
  30  0000              mp equ [3]
  31  0000              sbp equ [4]
  32  0000              acc equ [5]
  33  0000              bp equ [11]
  34  0000              tblp equ [7]
  35  0000              tbhp equ [9]
  36  0000              status equ [10]
  37  0000              c equ [10].0
  38  0000              ac equ [10].1
  39  0000              z equ [10].2
  40  0000              ov equ [10].3
  41  0000              cz equ [10].6
  42  0000              sc equ [10].7
  43  0000              intc equ [48]
  44  0000              
  45  0000              extern ra:byte
  46  0000              extern rb:byte
  47  0000              extern rc:byte
  48  0000              extern rd:byte
  49  0000              extern re:byte
  50  0000              extern rf:byte
  51  0000              extern rg:byte
  52  0000              extern rh:byte
  53  0000              extern _Crom2Prom:near
  54  0000              extern _Crom2PromNext:near
  55  0000              
  56  0000              RAMBANK 0 @BITDATASEC, @BITDATASEC1
  57  0000              @HCCINIT	.section 'data'
  58  0000              @HCCINIT0	.section 'data'
  59  0000              @BITDATASEC	 .section 'data'
"File: SG90_T.ASM    Assembler  Version HGASM0202      Page 2

  60  0000              @BITDATASEC1	 .section 'data'
  61  0000              
  62  0000              #pragma debug scope 1 1
  63  0000              	extern __DELAY3:near
  64  0000              	extern __DELAYX3:near
  65  0000              	extern __DELAYX6:near
  66  0000              	extern __DELAYY5:near
  67  0000              	extern __DELAYY3:near
  68  0000              	extern _builtin_holtek_delay_2:byte
  69  0000              ___wdtc equ [62]
  70  0000              ___pcs2 equ [362]
  71  0000              ___tm2c0 equ [81]
  72  0000              ___tm2c1 equ [82]
  73  0000              ___tm2rp equ [87]
  74  0000              ___tm2al equ [85]
  75  0000              ___tm2ah equ [86]
  76  0000              ___adcr0 equ [104]
  77  0000              ___adcr1 equ [105]
  78  0000              ___pas2 equ [354]
  79  0000              ___intc1 equ [49]
  80  0000              ___intc0 equ [48]
  81  0000              public _main
  82  0000              #pragma debug scope 2 1

   7  0000              #line 7 "C:\Users\YVTC\Desktop\單晶片微控制器(一)\0327\SG90_T.c"
   7  0000              IFDEF WITH_DEFAULT_STARTUP
   7  0000              extern _main_initial0:near
   7  0000              extern _main_startup:near
   7  0000              ENDIF
   7  0000              
   7  0000              ROMBANK 0 @start
   7  0000              @start .section com_l 'code'
   7  0000              _main_startup1:
   7  0000              @start .section com_e 'code'
   7  0000  0F00     R  	mov a,bank _main
   7  0001  008B        	mov bp,a
   7  0002  2800     R  	jmp _main
   7  0003              
   7  0000              _main .section 'code'
   7  0000              _main proc
   8  0000              #line 8 "C:\Users\YVTC\Desktop\單晶片微控制器(一)\0327\SG90_T.c"
   8  0000  0FAF        	mov a,175
   8  0001  00BE        	mov [62],a
   9  0002              #line 9 "C:\Users\YVTC\Desktop\單晶片微控制器(一)\0327\SG90_T.c"
   9  0002  0F01        	mov a,1
   9  0003  80EA 0001   	lmov [362],a
  10  0005              #line 10 "C:\Users\YVTC\Desktop\單晶片微控制器(一)\0327\SG90_T.c"
  10  0005  1F51        	clr [81]
  10  0006  0FA8        	mov a,168
  10  0007  00D2        	mov [82],a
  11  0008              #line 11 "C:\Users\YVTC\Desktop\單晶片微控制器(一)\0327\SG90_T.c"
  11  0008  0FA0        	mov a,160
  11  0009  00D7        	mov [87],a
  12  000A              #line 12 "C:\Users\YVTC\Desktop\單晶片微控制器(一)\0327\SG90_T.c"
  12  000A  0FD0        	mov a,208
  12  000B  00D5        	mov [85],a
  12  000C  0F07        	mov a,7
  12  000D  00D6        	mov [86],a
  13  000E              #line 13 "C:\Users\YVTC\Desktop\單晶片微控制器(一)\0327\SG90_T.c"
  13  000E  31D1        	set [81].3
"File: SG90_T.c      Assembler  Version HGASM0202      Page 3

  15  000F              #line 15 "C:\Users\YVTC\Desktop\單晶片微控制器(一)\0327\SG90_T.c"
  15  000F  0F04        	mov a,4
  15  0010  00E8        	mov [104],a
  16  0011              #line 16 "C:\Users\YVTC\Desktop\單晶片微控制器(一)\0327\SG90_T.c"
  16  0011  0F06        	mov a,6
  16  0012  00E9        	mov [105],a
  17  0013              #line 17 "C:\Users\YVTC\Desktop\單晶片微控制器(一)\0327\SG90_T.c"
  17  0013  0F03        	mov a,3
  17  0014  80E2 0001   	lmov [354],a
  18  0016              #line 18 "C:\Users\YVTC\Desktop\單晶片微控制器(一)\0327\SG90_T.c"
  18  0016  31B1        	set [49].3
  18  0017  3030        	set [48].0
  19  0018              #line 19 "C:\Users\YVTC\Desktop\單晶片微控制器(一)\0327\SG90_T.c"
  19  0018  33E8        	set [104].7
  19  0019  37E8        	clr [104].7
  19  001A              _L2:
  19  001A  2800     R  	jmp _L2
  19  001B  2800     R  	jmp $
  19  001C              _main endp
  19  001C              
  19  001C              @dummy endp
  19  001C              
  19  001C              #line 19 "C:\Users\YVTC\Desktop\單晶片微控制器(一)\0327\SG90_T.c"
  19  001C              #pragma debug scope 1 1
  19  001C              ___adrh equ [107]
  19  001C              ___mfi0 equ [52]
  19  001C              public _ISR_ADC
  19  001C              #pragma debug scope 3 1
  25  001C              #line 25 "C:\Users\YVTC\Desktop\單晶片微控制器(一)\0327\SG90_T.c"
  25  001C              rombank 0 @ISR_ADC_code
  25  0000              @ISR_ADC_code .section at 28 'code'
  25  0000  0080     E  	mov r1,a
  25  0001  070B        	mov a,bp
  25  0002  1F0B        	clr bp
  25  0003  2800     R  	jmp _ISR_ADC
  25  0004              ROMBANK 0 _ISR_ADC
  25  0004              #pragma debug scope 1 1
  25  0004              @dummy28 endp
  25  0004              #pragma debug scope 4 1
  25  0000              _ISR_ADC .section 'code'
  25  0000              _ISR_ADC proc
  25  0000  0080     E  	mov r2,a
  25  0001  070A        	mov a, status
  25  0002  0080     E  	mov r3,a
  27  0003              #line 27 "C:\Users\YVTC\Desktop\單晶片微控制器(一)\0327\SG90_T.c"
  27  0003  076B        	mov a,[107]
  27  0004  0080     E  	mov rd,a
  27  0005  1F00     E  	clr re
  27  0006  0700     E  	mov a,re
  27  0007  0080     E  	mov _builtin_holtek_mant1[1],a
  27  0008  0700     E  	mov a,rd
  27  0009  0080     E  	mov _builtin_holtek_mant1[0],a
  27  000A              	fcall _builtin_holtek_itod
  27  0011  0700     E  	mov a,_builtin_holtek_mant12p[0]
  27  0012  0080     E  	mov rg,a
  27  0013  0700     E  	mov a,_builtin_holtek_mant1[2]
  27  0014  0080     E  	mov rf,a
  27  0015  0700     E  	mov a,_builtin_holtek_mant1[1]
  27  0016  0080     E  	mov re,a
  27  0017  0700     E  	mov a,_builtin_holtek_mant1[0]
"File: SG90_T.c      Assembler  Version HGASM0202      Page 4

  27  0018  0080     E  	mov rd,a
  27  0019  0700     E  	mov a,rg
  27  001A  0080     E  	mov _builtin_holtek_mant12p[0],a
  27  001B  0700     E  	mov a,rf
  27  001C  0080     E  	mov _builtin_holtek_mant1[2],a
  27  001D  0700     E  	mov a,re
  27  001E  0080     E  	mov _builtin_holtek_mant1[1],a
  27  001F  0700     E  	mov a,rd
  27  0020  0080     E  	mov _builtin_holtek_mant1[0],a
  27  0021  0F41        	mov a,65
  27  0022  0080     E  	mov _builtin_holtek_mant12p[1],a
  27  0023  0F7A        	mov a,122
  27  0024  0080     E  	mov _builtin_holtek_mant2[2],a
  27  0025  0F00        	mov a,0
  27  0026  0080     E  	mov _builtin_holtek_mant2[1],a
  27  0027  0F00        	mov a,0
  27  0028  0080     E  	mov _builtin_holtek_mant2[0],a
  27  0029              	fcall _builtin_holtek_dtmul
  27  0030  0700     E  	mov a,_builtin_holtek_mant12p[0]
  27  0031  0080     E  	mov rg,a
  27  0032  0700     E  	mov a,_builtin_holtek_mant1[2]
  27  0033  0080     E  	mov rf,a
  27  0034  0700     E  	mov a,_builtin_holtek_mant1[1]
  27  0035  0080     E  	mov re,a
  27  0036  0700     E  	mov a,_builtin_holtek_mant1[0]
  27  0037  0080     E  	mov rd,a
  27  0038  0700     E  	mov a,rg
  27  0039  0080     E  	mov _builtin_holtek_mant12p[0],a
  27  003A  0700     E  	mov a,rf
  27  003B  0080     E  	mov _builtin_holtek_mant1[2],a
  27  003C  0700     E  	mov a,re
  27  003D  0080     E  	mov _builtin_holtek_mant1[1],a
  27  003E  0700     E  	mov a,rd
  27  003F  0080     E  	mov _builtin_holtek_mant1[0],a
  27  0040  0F44        	mov a,68
  27  0041  0080     E  	mov _builtin_holtek_mant12p[1],a
  27  0042  0F7A        	mov a,122
  27  0043  0080     E  	mov _builtin_holtek_mant2[2],a
  27  0044  0F00        	mov a,0
  27  0045  0080     E  	mov _builtin_holtek_mant2[1],a
  27  0046  0F00        	mov a,0
  27  0047  0080     E  	mov _builtin_holtek_mant2[0],a
  27  0048              	fcall _builtin_holtek_dtadd
  27  004F  0700     E  	mov a,_builtin_holtek_mant12p[0]
  27  0050  0080     E  	mov rg,a
  27  0051  0700     E  	mov a,_builtin_holtek_mant1[2]
  27  0052  0080     E  	mov rf,a
  27  0053  0700     E  	mov a,_builtin_holtek_mant1[1]
  27  0054  0080     E  	mov re,a
  27  0055  0700     E  	mov a,_builtin_holtek_mant1[0]
  27  0056  0080     E  	mov rd,a
  27  0057  0700     E  	mov a,rg
  27  0058  0080     E  	mov _builtin_holtek_mant12p[0],a
  27  0059  0700     E  	mov a,rf
  27  005A  0080     E  	mov _builtin_holtek_mant1[2],a
  27  005B  0700     E  	mov a,re
  27  005C  0080     E  	mov _builtin_holtek_mant1[1],a
  27  005D  0700     E  	mov a,rd
  27  005E  0080     E  	mov _builtin_holtek_mant1[0],a
  27  005F              	fcall _builtin_holtek_dtol
"File: SG90_T.c      Assembler  Version HGASM0202      Page 5

  27  0066  0700     E  	mov a,_builtin_holtek_mant12p[0]
  27  0067  0080     E  	mov rg,a
  27  0068  0700     E  	mov a,_builtin_holtek_mant1[2]
  27  0069  0080     E  	mov rf,a
  27  006A  0700     E  	mov a,_builtin_holtek_mant1[1]
  27  006B  0080     E  	mov re,a
  27  006C  0700     E  	mov a,_builtin_holtek_mant1[0]
  27  006D  0080     E  	mov rd,a
  28  006E              #line 28 "C:\Users\YVTC\Desktop\單晶片微控制器(一)\0327\SG90_T.c"
  28  006E  0FE7        	mov a,231
  28  006F  0200     E  	sub a,rd
  28  0070  0F03        	mov a,3
  28  0071  1200     E  	sbc a,re
  28  0072  3C0A        	sz c
  28  0073  2800     R  	jmp _L9
  29  0074              #line 29 "C:\Users\YVTC\Desktop\單晶片微控制器(一)\0327\SG90_T.c"
  29  0074  0F88        	mov a,136
  29  0075  0200     E  	sub a,rd
  29  0076  0F13        	mov a,19
  29  0077  1200     E  	sbc a,re
  29  0078  3C0A        	sz c
  29  0079  2800     R  	jmp _L8
  29  007A  0F88        	mov a,-120
  29  007B  0080     E  	mov rd,a
  29  007C  0F13        	mov a,19
  29  007D  0080     E  	mov re,a
  29  007E  2800     R  	jmp _L8
  29  007F              _L9:
  28  007F              #line 28 "C:\Users\YVTC\Desktop\單晶片微控制器(一)\0327\SG90_T.c"
  28  007F  0FE8        	mov a,-24
  28  0080  0080     E  	mov rd,a
  28  0081  0F03        	mov a,3
  28  0082  0080     E  	mov re,a
  28  0083              _L8:
  30  0083              #line 30 "C:\Users\YVTC\Desktop\單晶片微控制器(一)\0327\SG90_T.c"
  30  0083  3B34        	snz [52].6
  30  0084  2800     R  	jmp _L8
  31  0085              #line 31 "C:\Users\YVTC\Desktop\單晶片微控制器(一)\0327\SG90_T.c"
  31  0085  3734        	clr [52].6
  32  0086              #line 32 "C:\Users\YVTC\Desktop\單晶片微控制器(一)\0327\SG90_T.c"
  32  0086  0700     E  	mov a,rd
  32  0087  00D5        	mov [85],a
  33  0088              #line 33 "C:\Users\YVTC\Desktop\單晶片微控制器(一)\0327\SG90_T.c"
  33  0088  0700     E  	mov a,re
  33  0089  00D6        	mov [86],a
  34  008A              #line 34 "C:\Users\YVTC\Desktop\單晶片微控制器(一)\0327\SG90_T.c"
  34  008A  33E8        	set [104].7
  34  008B  37E8        	clr [104].7
  34  008C  0700     E  	mov a,r2
  34  008D  008B        	mov bp,a
  34  008E  0700     E  	mov a,r3
  34  008F  008A        	mov status,a
  34  0090  0700     E  	mov a,r1
  34  0091  0004        	reti
  34  0092              _ISR_ADC endp
  34  0092              
  34  0092              #line 34 "C:\Users\YVTC\Desktop\單晶片微控制器(一)\0327\SG90_T.c"
  34  0092              #pragma debug scope 1 1
  34  0092              #pragma debug struct_end
  34  0092              #pragma debug struct_end
"File: SG90_T.c      Assembler  Version HGASM0202      Page 6

  34  0092              #pragma debug union_end
  34  0092              #pragma debug union_end
  34  0092              #pragma debug variable 43 1 ___intc0 "__intc0" 1
  34  0092              #pragma debug struct_end
  34  0092              #pragma debug struct_end
  34  0092              #pragma debug union_end
  34  0092              #pragma debug union_end
  34  0092              #pragma debug variable 45 1 ___intc1 "__intc1" 1
  34  0092              #pragma debug struct_end
  34  0092              #pragma debug struct_end
  34  0092              #pragma debug union_end
  34  0092              #pragma debug union_end
  34  0092              #pragma debug variable 47 1 ___mfi0 "__mfi0" 1
  34  0092              #pragma debug struct_end
  34  0092              #pragma debug struct_end
  34  0092              #pragma debug union_end
  34  0092              #pragma debug union_end
  34  0092              #pragma debug variable 49 1 ___wdtc "__wdtc" 1
  34  0092              #pragma debug struct_end
  34  0092              #pragma debug struct_end
  34  0092              #pragma debug union_end
  34  0092              #pragma debug union_end
  34  0092              #pragma debug variable 51 1 ___tm2c0 "__tm2c0" 1
  34  0092              #pragma debug struct_end
  34  0092              #pragma debug struct_end
  34  0092              #pragma debug union_end
  34  0092              #pragma debug union_end
  34  0092              #pragma debug variable 53 1 ___tm2c1 "__tm2c1" 1
  34  0092              #pragma debug variable 8 1 ___tm2al "__tm2al" 1
  34  0092              #pragma debug variable 8 1 ___tm2ah "__tm2ah" 1
  34  0092              #pragma debug variable 8 1 ___tm2rp "__tm2rp" 1
  34  0092              #pragma debug struct_end
  34  0092              #pragma debug struct_end
  34  0092              #pragma debug union_end
  34  0092              #pragma debug union_end
  34  0092              #pragma debug variable 55 1 ___adcr0 "__adcr0" 1
  34  0092              #pragma debug struct_end
  34  0092              #pragma debug struct_end
  34  0092              #pragma debug union_end
  34  0092              #pragma debug union_end
  34  0092              #pragma debug variable 57 1 ___adcr1 "__adcr1" 1
  34  0092              #pragma debug variable 8 1 ___adrh "__adrh" 1
  34  0092              #pragma debug struct_end
  34  0092              #pragma debug struct_end
  34  0092              #pragma debug union_end
  34  0092              #pragma debug union_end
  34  0092              #pragma debug variable 59 1 ___pas2 "__pas2" 1
  34  0092              #pragma debug struct_end
  34  0092              #pragma debug struct_end
  34  0092              #pragma debug union_end
  34  0092              #pragma debug union_end
  34  0092              #pragma debug variable 61 1 ___pcs2 "__pcs2" 1
  34  0092              extern r1:byte
  34  0092              extern r2:byte
  34  0092              extern r3:byte
   7  0092              #line 7 "C:\Users\YVTC\Desktop\單晶片微控制器(一)\0327\SG90_T.c"
   7  0000              @code .section at 0 'code'
   7  0000  1F0B        	clr bp
   7  0001  2800     R  	jmp _main_startup1
   7  0002              
"File: SG90_T.c      Assembler  Version HGASM0202      Page 7

   7  0002              extern _builtin_holtek_mant1:byte
   7  0002              extern _builtin_holtek_mant12p:byte
   7  0002              extern _builtin_holtek_itod:near
   7  0002              extern _builtin_holtek_mant2:byte
   7  0002              extern _builtin_holtek_dtmul:near
   7  0002              extern _builtin_holtek_dtadd:near
   7  0002              extern _builtin_holtek_dtol:near
   7  0002              
   7  0002              ; 
   7  0002              ; Generated by holtek-gcc v3.18, Tue Apr 10 09:00:59 2018
   7  0002              ; Rebuild 126
   7  0002              ; end of file


        0 Errors, 0