"File: SG90.c        Assembler  Version HGASM0202      Page 1


   1  0000              ; Generated by holtek-gcc v3.18, Tue Apr 10 09:02:07 2018
   2  0000              ; 
   3  0000              ; Configuration:
   4  0000              ;       with long instruction
   5  0000              ;       Multi-ROM, Multi-RAM
   6  0000              ;       bits_per_rom_unit:16
   7  0000              ;       with mp1
   8  0000              ;       with tbhp, address(0x9)
   9  0000              ;          Use tabrd-const
  10  0000              ;       
  11  0000              ; SFR address of long-instruction arch:
  12  0000              ;    mp0 = -1,1,0
  13  0000              ;    mp1 = 4,3,2
  14  0000              ;    mp2 = 14,13,12
  15  0000              ;    tbp = 9,7,8
  16  0000              ;    acc = 5
  17  0000              ;    pcl = 6
  18  0000              ;    status = 10
  19  0000              ;    bp = 11
  20  0000              ;    intc = 48
  21  0000              ;       
  22  0000              ;       
  23  0000              ; use 'tabrdc' instead of 'tabrd'
  24  0000              ;       
  25  0000              
  26  0000              #pragma translator "holtek-gcc 4.6.4" "3.18" "build 20130711"
  27  0000              ; Rebuild 126
  28  0000              
  29  0000              ir equ [2]
  30  0000              mp equ [3]
  31  0000              sbp equ [4]
  32  0000              acc equ [5]
  33  0000              bp equ [11]
  34  0000              tblp equ [7]
  35  0000              tbhp equ [9]
  36  0000              status equ [10]
  37  0000              c equ [10].0
  38  0000              ac equ [10].1
  39  0000              z equ [10].2
  40  0000              ov equ [10].3
  41  0000              cz equ [10].6
  42  0000              sc equ [10].7
  43  0000              intc equ [48]
  44  0000              
  45  0000              extern ra:byte
  46  0000              extern rb:byte
  47  0000              extern rc:byte
  48  0000              extern rd:byte
  49  0000              extern re:byte
  50  0000              extern rf:byte
  51  0000              extern rg:byte
  52  0000              extern rh:byte
  53  0000              extern _Crom2Prom:near
  54  0000              extern _Crom2PromNext:near
  55  0000              
  56  0000              RAMBANK 0 @BITDATASEC, @BITDATASEC1
  57  0000              @HCCINIT	.section 'data'
  58  0000              @HCCINIT0	.section 'data'
  59  0000              @BITDATASEC	 .section 'data'
"File: SG90.ASM      Assembler  Version HGASM0202      Page 2

  60  0000              @BITDATASEC1	 .section 'data'
  61  0000              
  62  0000              #pragma debug scope 1 1
  63  0000              	extern __DELAY3:near
  64  0000              	extern __DELAYX3:near
  65  0000              	extern __DELAYX6:near
  66  0000              	extern __DELAYY5:near
  67  0000              	extern __DELAYY3:near
  68  0000              	extern _builtin_holtek_delay_2:byte
  69  0000              public _PAUSE
  70  0000              #pragma debug scope 2 1

  26  0000              #line 26 "C:\Users\YVTC\Desktop\單晶片微控制器(一)\0327\SG90.c"
  26  0000              _PAUSE .section 'code'
  26  0000              _PAUSE proc
  26  0000  00              local _PAUSE_2 db 1 dup(?)	; 0,1
  26  0000  0080     R  	mov _PAUSE_2[0],a
  26  0001              #pragma debug variable 8 2 _PAUSE_2+0 "i"
  27  0001              #line 27 "C:\Users\YVTC\Desktop\單晶片微控制器(一)\0327\SG90.c"
  27  0001  1F00     E  	clr ra
  27  0002  2800     R  	jmp _L2
  27  0003              _L3:
  27  0003              #line 27 "C:\Users\YVTC\Desktop\單晶片微控制器(一)\0327\SG90.c"
  27  0003              ;# 27 "C:\Users\YVTC\Desktop\單晶片微控制器(一)\0327\SG90.c" 1
  27  0003              	IF 20000>263690
  27  0003              ;# 27 "C:\Users\YVTC\Desktop\單晶片微控制器(一)\0327\SG90.c" 1
  27  0003              	ERRMESSAGE 'the value 20000of the argument exceeds the maxinum 263690'
  27  0003              	ENDIF
  27  0003              ;# 27 "C:\Users\YVTC\Desktop\單晶片微控制器(一)\0327\SG90.c" 1
  27  0003              	IF 20000<0
  27  0003              ;# 27 "C:\Users\YVTC\Desktop\單晶片微控制器(一)\0327\SG90.c" 1
  27  0003              	ERRMESSAGE 'the value 20000 of the argument exceeds the mininum 0'
  27  0003              	ENDIF
  27  0003              ;# 27 "C:\Users\YVTC\Desktop\單晶片微控制器(一)\0327\SG90.c" 1
  27  0003              	IF 20000==0
  27  0003              ;# 27 "C:\Users\YVTC\Desktop\單晶片微控制器(一)\0327\SG90.c" 1
  27  0003              	JMP $
  27  0003              	ENDIF
  27  0003              ;# 27 "C:\Users\YVTC\Desktop\單晶片微控制器(一)\0327\SG90.c" 1
  27  0003              	IF (20000>=1) AND (20000<( 4 + __PBP__ * 2))
  27  0003              ;# 27 "C:\Users\YVTC\Desktop\單晶片微控制器(一)\0327\SG90.c" 1
  27  0003              	NOP
  27  0003              	ENDIF
  27  0003              ;# 27 "C:\Users\YVTC\Desktop\單晶片微控制器(一)\0327\SG90.c" 1
  27  0003              	IF (20000>=2) AND (20000<( 4 + __PBP__ * 2))
  27  0003              ;# 27 "C:\Users\YVTC\Desktop\單晶片微控制器(一)\0327\SG90.c" 1
  27  0003              	NOP
  27  0003              	ENDIF
  27  0003              ;# 27 "C:\Users\YVTC\Desktop\單晶片微控制器(一)\0327\SG90.c" 1
  27  0003              	IF (20000>=3) AND (20000<( 4 + __PBP__ * 2))
  27  0003              ;# 27 "C:\Users\YVTC\Desktop\單晶片微控制器(一)\0327\SG90.c" 1
  27  0003              	NOP
  27  0003              	ENDIF
  27  0003              ;# 27 "C:\Users\YVTC\Desktop\單晶片微控制器(一)\0327\SG90.c" 1
  27  0003              	IF (20000>=4) AND (20000<( 4 + __PBP__ * 2)) AND ( __PBP__ > 0 )
  27  0003              ;# 27 "C:\Users\YVTC\Desktop\單晶片微控制器(一)\0327\SG90.c" 1
  27  0003              	NOP
  27  0003              	ENDIF
  27  0003              ;# 27 "C:\Users\YVTC\Desktop\單晶片微控制器(一)\0327\SG90.c" 1
  27  0003              	IF (20000>=5) AND (20000<( 4 + __PBP__ * 2)) AND ( __PBP__ > 0 )
"File: SG90.c        Assembler  Version HGASM0202      Page 3

  27  0003              ;# 27 "C:\Users\YVTC\Desktop\單晶片微控制器(一)\0327\SG90.c" 1
  27  0003              	NOP
  27  0003              	ENDIF
  27  0003              ;# 27 "C:\Users\YVTC\Desktop\單晶片微控制器(一)\0327\SG90.c" 1
  27  0003              	IF (20000>=6) AND (20000<( 4 + __PBP__ * 2))  AND ( __PBP__ > 1 )
  27  0003              ;# 27 "C:\Users\YVTC\Desktop\單晶片微控制器(一)\0327\SG90.c" 1
  27  0003              	NOP
  27  0003              	ENDIF
  27  0003              ;# 27 "C:\Users\YVTC\Desktop\單晶片微控制器(一)\0327\SG90.c" 1
  27  0003              	IF (20000>=7) AND (20000<( 4 + __PBP__ * 2))  AND ( __PBP__ > 1 )
  27  0003              ;# 27 "C:\Users\YVTC\Desktop\單晶片微控制器(一)\0327\SG90.c" 1
  27  0003              	NOP
  27  0003              	ENDIF
  27  0003              ;# 27 "C:\Users\YVTC\Desktop\單晶片微控制器(一)\0327\SG90.c" 1
  27  0003              	IF (20000>=8) AND (20000<( 4 + __PBP__ * 2))  AND ( __PBP__ > 2 )
  27  0003              ;# 27 "C:\Users\YVTC\Desktop\單晶片微控制器(一)\0327\SG90.c" 1
  27  0003              	NOP
  27  0003              	ENDIF
  27  0003              ;# 27 "C:\Users\YVTC\Desktop\單晶片微控制器(一)\0327\SG90.c" 1
  27  0003              	IF (20000==9)  AND ( __PBP__ > 2 )
  27  0003              ;# 27 "C:\Users\YVTC\Desktop\單晶片微控制器(一)\0327\SG90.c" 1
  27  0003              	NOP
  27  0003              	ENDIF
  27  0003              ;# 27 "C:\Users\YVTC\Desktop\單晶片微控制器(一)\0327\SG90.c" 1
  27  0003              	IF (20000< ( 8 + __PBP__ * 2)) AND (20000>( 3 + __PBP__ * 2))
  27  0003              ;# 27 "C:\Users\YVTC\Desktop\單晶片微控制器(一)\0327\SG90.c" 1
  27  0003              	fcall __DELAY3 + ( 7 + __PBP__ * 2) -20000
  27  0003              	ENDIF
  27  0003              ;# 27 "C:\Users\YVTC\Desktop\單晶片微控制器(一)\0327\SG90.c" 1
  27  0003              	IF (20000< ( 0404h + __PBP__ * 2)) AND (20000>( 7 + __PBP__ * 2))
  27  0003              ;# 27 "C:\Users\YVTC\Desktop\單晶片微控制器(一)\0327\SG90.c" 1
  27  0003              	MOV A,(20000-( 4 + __PBP__ * 2))/4
  27  0003              ;# 27 "C:\Users\YVTC\Desktop\單晶片微控制器(一)\0327\SG90.c" 1
  27  0003              	fcall __DELAYX3 + 3 -((20000-( 4 + __PBP__ * 2)) MOD 4) 
  27  0003              	ENDIF
  27  0003              ;# 27 "C:\Users\YVTC\Desktop\單晶片微控制器(一)\0327\SG90.c" 1
  27  0003              	IF (20000< ( 040bh + __PBP__ * 2)) AND (20000> ( 0403h + __PBP__ * 2))
  27  0003              ;# 27 "C:\Users\YVTC\Desktop\單晶片微控制器(一)\0327\SG90.c" 1
  27  0003              	MOV A,0 
  27  0003              ;# 27 "C:\Users\YVTC\Desktop\單晶片微控制器(一)\0327\SG90.c" 1
  27  0003              	fcall __DELAYX6 + ( 040ah + __PBP__ * 2) -20000
  27  0003              	ENDIF
  27  0003              ;# 27 "C:\Users\YVTC\Desktop\單晶片微控制器(一)\0327\SG90.c" 1
  27  0003              	IF (20000 >= ( 040bh + __PBP__ * 2)) AND ((((20000-( 9 + __PBP__ * 2))%0402h)/4+1)>256)
  27  0003              ;# 27 "C:\Users\YVTC\Desktop\單晶片微控制器(一)\0327\SG90.c" 1
  27  0003              	MOV A,(20000-( 9 + __PBP__ * 2))/0402h
  27  0003              ;# 27 "C:\Users\YVTC\Desktop\單晶片微控制器(一)\0327\SG90.c" 1
  27  0003              	MOV _builtin_holtek_delay_2,A
  27  0003              ;# 27 "C:\Users\YVTC\Desktop\單晶片微控制器(一)\0327\SG90.c" 1
  27  0003              	MOV A,0
  27  0003              ;# 27 "C:\Users\YVTC\Desktop\單晶片微控制器(一)\0327\SG90.c" 1
  27  0003              	fcall __DELAYY5 +5- (((20000-( 9 + __PBP__ * 2))%0402h)%6) 
  27  0003              	ENDIF
  27  0003              ;# 27 "C:\Users\YVTC\Desktop\單晶片微控制器(一)\0327\SG90.c" 1
  27  0003              	IF (20000 >= ( 040bh + __PBP__ * 2)) AND ((((20000-( 9 + __PBP__ * 2))%0402h)/4+1)<=256)
  27  0003              ;# 27 "C:\Users\YVTC\Desktop\單晶片微控制器(一)\0327\SG90.c" 1
  27  0003  0F13        	MOV A,(20000-( 9 + __PBP__ * 2))/0402h
  27  0004              ;# 27 "C:\Users\YVTC\Desktop\單晶片微控制器(一)\0327\SG90.c" 1
  27  0004  0080     E  	MOV _builtin_holtek_delay_2,A
  27  0005              ;# 27 "C:\Users\YVTC\Desktop\單晶片微控制器(一)\0327\SG90.c" 1
"File: SG90.c        Assembler  Version HGASM0202      Page 4

  27  0005  0F7C        	MOV A,((20000-( 9 + __PBP__ * 2))%0402h)/4+1
  27  0006              ;# 27 "C:\Users\YVTC\Desktop\單晶片微控制器(一)\0327\SG90.c" 1
  27  0006              	fcall __DELAYY3 +3-(((20000-( 9 + __PBP__ * 2))%0402h)%4) 
  27  000D              	ENDIF
  27  000D  1480     E  	inc ra
  27  000E              _L2:
  27  000E  0700     E  	mov a,ra
  27  000F  0200     R  	sub a,_PAUSE_2[0]
  27  0010  390A        	snz z
  27  0011  2800     R  	jmp _L3
  27  0012  0003        	ret
  27  0013              _PAUSE endp
  27  0013              #line 27 "C:\Users\YVTC\Desktop\單晶片微控制器(一)\0327\SG90.c"
  27  0013              #pragma debug scope 1 1
  27  0013              ___wdtc equ [62]
  27  0013              ___pcs2 equ [362]
  27  0013              ___tm2c0 equ [81]
  27  0013              ___tm2c1 equ [82]
  27  0013              ___tm2rp equ [87]
  27  0013              ___tm2al equ [85]
  27  0013              ___tm2ah equ [86]
  27  0013              public _main
  27  0013              #pragma debug scope 3 1
  10  0013              #line 10 "C:\Users\YVTC\Desktop\單晶片微控制器(一)\0327\SG90.c"
  10  0013              IFDEF WITH_DEFAULT_STARTUP
  10  0013              extern _main_initial0:near
  10  0013              extern _main_startup:near
  10  0013              ENDIF
  10  0013              
  10  0013              ROMBANK 0 @start
  10  0000              @start .section com_l 'code'
  10  0000              _main_startup1:
  10  0000              @start .section com_e 'code'
  10  0000  0F00     R  	mov a,bank _main
  10  0001  008B        	mov bp,a
  10  0002  2800     R  	jmp _main
  10  0003              
  10  0000              _main .section 'code'
  10  0000              _main proc
  10  0000  00              local _main_2 db 1 dup(?)
  10  0001              #pragma debug variable 8 3 _main_2+0 "i"
  11  0001              #line 11 "C:\Users\YVTC\Desktop\單晶片微控制器(一)\0327\SG90.c"
  11  0000  0FAF        	mov a,175
  11  0001  00BE        	mov [62],a
  12  0002              #line 12 "C:\Users\YVTC\Desktop\單晶片微控制器(一)\0327\SG90.c"
  12  0002  0F01        	mov a,1
  12  0003  80EA 0001   	lmov [362],a
  13  0005              #line 13 "C:\Users\YVTC\Desktop\單晶片微控制器(一)\0327\SG90.c"
  13  0005  1F51        	clr [81]
  13  0006  0FA8        	mov a,168
  13  0007  00D2        	mov [82],a
  14  0008              #line 14 "C:\Users\YVTC\Desktop\單晶片微控制器(一)\0327\SG90.c"
  14  0008  0FA0        	mov a,160
  14  0009  00D7        	mov [87],a
  15  000A              #line 15 "C:\Users\YVTC\Desktop\單晶片微控制器(一)\0327\SG90.c"
  15  000A  0FD0        	mov a,208
  15  000B  00D5        	mov [85],a
  15  000C  0F07        	mov a,7
  15  000D  00D6        	mov [86],a
  16  000E              #line 16 "C:\Users\YVTC\Desktop\單晶片微控制器(一)\0327\SG90.c"
"File: SG90.c        Assembler  Version HGASM0202      Page 5

  16  000E  31D1        	set [81].3
  16  000F              _L8:
  18  000F              #line 18 "C:\Users\YVTC\Desktop\單晶片微控制器(一)\0327\SG90.c"
  18  000F  1F00     R  	clr _main_2[0]
  18  0010              _L6:
  19  0010              #line 19 "C:\Users\YVTC\Desktop\單晶片微控制器(一)\0327\SG90.c"
  19  0010  0700     R  	mov a,_main_2[0]
  19  0011  0080     E  	mov rb,a
  19  0012  1F00     E  	clr rc
  19  0013  340A        	clr c
  19  0014  1A80     E  	rlc rb
  19  0015  1A80     E  	rlc rc
  19  0016  0F00     R  	mov a,low offset _TAB_PWM
  19  0017  0300     E  	add a,rb
  19  0018  0083        	mov mp,a
  19  0019  0F00     R  	mov a,high offset _TAB_PWM
  19  001A  1300     E  	adc a,rc
  19  001B  0084        	mov sbp,a
  19  001C              	fcall _Crom2Prom
  19  0023  0080     E  	mov rb,a
  19  0024              	fcall _Crom2PromNext
  19  002B  0080     E  	mov rc,a
  19  002C  0700     E  	mov a,rb
  19  002D  00D5        	mov [85],a
  20  002E              #line 20 "C:\Users\YVTC\Desktop\單晶片微控制器(一)\0327\SG90.c"
  20  002E  0700     E  	mov a,rc
  20  002F  00D6        	mov [86],a
  21  0030              #line 21 "C:\Users\YVTC\Desktop\單晶片微控制器(一)\0327\SG90.c"
  21  0030  0F64        	mov a,100
  21  0031              	fcall _PAUSE
  18  0038              #line 18 "C:\Users\YVTC\Desktop\單晶片微控制器(一)\0327\SG90.c"
  18  0038  1480     R  	inc _main_2[0]
  18  0039  0F03        	mov a,3
  18  003A  0200     R  	sub a,_main_2[0]
  18  003B  3C0A        	sz c
  18  003C  2800     R  	jmp _L6
  18  003D  2800     R  	jmp _L8
  18  003E  2800     R  	jmp $
  18  003F              _main endp
  18  003F              
  18  003F              @dummy endp
  18  003F              
  18  003F              #line 18 "C:\Users\YVTC\Desktop\單晶片微控制器(一)\0327\SG90.c"
  18  003F              #pragma debug scope 1 1
  18  003F              public _TAB_PWM
  18  0000              @crom	.section 'crom'
   5  0000              #line 5 "C:\Users\YVTC\Desktop\單晶片微控制器(一)\0327\SG90.c"
   5  0000              @crom	.section	'crom'
   5  0000              _TAB_PWM:
   5  0000              #pragma debug array 42 12 4 1
   5  0000              #pragma debug array 42 12 4 1
   5  0000              #pragma debug variable 42 1 _TAB_PWM "TAB_PWM"
   5  0000  03E8        	dc 1000
   5  0001  0BB8        	dc 3000
   5  0002  1388        	dc 5000
   5  0003  0BB8        	dc 3000
   5  0004              #pragma debug struct_end
   5  0004              #pragma debug struct_end
   5  0004              #pragma debug union_end
   5  0004              #pragma debug union_end
"File: SG90.c        Assembler  Version HGASM0202      Page 6

   5  0004              #pragma debug variable 44 1 ___wdtc "__wdtc" 1
   5  0004              #pragma debug struct_end
   5  0004              #pragma debug struct_end
   5  0004              #pragma debug union_end
   5  0004              #pragma debug union_end
   5  0004              #pragma debug variable 46 1 ___tm2c0 "__tm2c0" 1
   5  0004              #pragma debug struct_end
   5  0004              #pragma debug struct_end
   5  0004              #pragma debug union_end
   5  0004              #pragma debug union_end
   5  0004              #pragma debug variable 48 1 ___tm2c1 "__tm2c1" 1
   5  0004              #pragma debug variable 8 1 ___tm2al "__tm2al" 1
   5  0004              #pragma debug variable 8 1 ___tm2ah "__tm2ah" 1
   5  0004              #pragma debug variable 8 1 ___tm2rp "__tm2rp" 1
   5  0004              #pragma debug struct_end
   5  0004              #pragma debug struct_end
   5  0004              #pragma debug union_end
   5  0004              #pragma debug union_end
   5  0004              #pragma debug variable 50 1 ___pcs2 "__pcs2" 1
  10  0004              #line 10 "C:\Users\YVTC\Desktop\單晶片微控制器(一)\0327\SG90.c"
  10  0000              @code .section at 0 'code'
  10  0000  1F0B        	clr bp
  10  0001  2800     R  	jmp _main_startup1
  10  0002              
  10  0002              
  10  0002              ; 
  10  0002              ; Generated by holtek-gcc v3.18, Tue Apr 10 09:02:07 2018
  10  0002              ; Rebuild 126
  10  0002              ; end of file


        0 Errors, 0