"File: SG90ADC.c     Assembler  Version HGASM0202      Page 1


   1  0000              ; Generated by holtek-gcc v3.18, Tue Apr 10 09:11:07 2018
   2  0000              ; 
   3  0000              ; Configuration:
   4  0000              ;       with long instruction
   5  0000              ;       Multi-ROM, Multi-RAM
   6  0000              ;       bits_per_rom_unit:16
   7  0000              ;       with mp1
   8  0000              ;       with tbhp, address(0x9)
   9  0000              ;          Use tabrd-const
  10  0000              ;       
  11  0000              ; SFR address of long-instruction arch:
  12  0000              ;    mp0 = -1,1,0
  13  0000              ;    mp1 = 4,3,2
  14  0000              ;    mp2 = 14,13,12
  15  0000              ;    tbp = 9,7,8
  16  0000              ;    acc = 5
  17  0000              ;    pcl = 6
  18  0000              ;    status = 10
  19  0000              ;    bp = 11
  20  0000              ;    intc = 48
  21  0000              ;       
  22  0000              ;       
  23  0000              ; use 'tabrdc' instead of 'tabrd'
  24  0000              ;       
  25  0000              
  26  0000              #pragma translator "holtek-gcc 4.6.4" "3.18" "build 20130711"
  27  0000              ; Rebuild 126
  28  0000              
  29  0000              ir equ [2]
  30  0000              mp equ [3]
  31  0000              sbp equ [4]
  32  0000              acc equ [5]
  33  0000              bp equ [11]
  34  0000              tblp equ [7]
  35  0000              tbhp equ [9]
  36  0000              status equ [10]
  37  0000              c equ [10].0
  38  0000              ac equ [10].1
  39  0000              z equ [10].2
  40  0000              ov equ [10].3
  41  0000              cz equ [10].6
  42  0000              sc equ [10].7
  43  0000              intc equ [48]
  44  0000              
  45  0000              extern ra:byte
  46  0000              extern rb:byte
  47  0000              extern rc:byte
  48  0000              extern rd:byte
  49  0000              extern re:byte
  50  0000              extern rf:byte
  51  0000              extern rg:byte
  52  0000              extern rh:byte
  53  0000              extern _Crom2Prom:near
  54  0000              extern _Crom2PromNext:near
  55  0000              
  56  0000              RAMBANK 0 @BITDATASEC, @BITDATASEC1
  57  0000              @HCCINIT	.section 'data'
  58  0000              @HCCINIT0	.section 'data'
  59  0000              @BITDATASEC	 .section 'data'
"File: SG90ADC.ASM   Assembler  Version HGASM0202      Page 2

  60  0000              @BITDATASEC1	 .section 'data'
  61  0000              
  62  0000              #pragma debug scope 1 1
  63  0000              	extern __DELAY3:near
  64  0000              	extern __DELAYX3:near
  65  0000              	extern __DELAYX6:near
  66  0000              	extern __DELAYY5:near
  67  0000              	extern __DELAYY3:near
  68  0000              	extern _builtin_holtek_delay_2:byte
  69  0000              ___wdtc equ [62]
  70  0000              ___pas2 equ [354]
  71  0000              ___adcr0 equ [104]
  72  0000              ___adcr1 equ [105]
  73  0000              ___pcs2 equ [362]
  74  0000              ___tm2c0 equ [81]
  75  0000              ___tm2c1 equ [82]
  76  0000              ___tm2rp equ [87]
  77  0000              ___tm2al equ [85]
  78  0000              ___tm2ah equ [86]
  79  0000              ___adrl equ [106]
  80  0000              ___adrh equ [107]
  81  0000              ___mfi0 equ [52]
  82  0000              public _main
  83  0000              #pragma debug scope 2 1

   7  0000              #line 7 "C:\Users\YVTC\Desktop\單晶片微控制器(一)\0327\SG90ADC.c"
   7  0000              IFDEF WITH_DEFAULT_STARTUP
   7  0000              extern _main_initial0:near
   7  0000              extern _main_startup:near
   7  0000              ENDIF
   7  0000              
   7  0000              ROMBANK 0 @start
   7  0000              @start .section com_l 'code'
   7  0000              _main_startup1:
   7  0000              @start .section com_e 'code'
   7  0000  0F00     R  	mov a,bank _main
   7  0001  008B        	mov bp,a
   7  0002  2800     R  	jmp _main
   7  0003              
   7  0000              _main .section 'code'
   7  0000              _main proc
   8  0000              #line 8 "C:\Users\YVTC\Desktop\單晶片微控制器(一)\0327\SG90ADC.c"
   8  0000  0FAF        	mov a,175
   8  0001  00BE        	mov [62],a
   9  0002              #line 9 "C:\Users\YVTC\Desktop\單晶片微控制器(一)\0327\SG90ADC.c"
   9  0002  0F03        	mov a,3
   9  0003  80E2 0001   	lmov [354],a
  10  0005              #line 10 "C:\Users\YVTC\Desktop\單晶片微控制器(一)\0327\SG90ADC.c"
  10  0005  0F04        	mov a,4
  10  0006  00E8        	mov [104],a
  11  0007              #line 11 "C:\Users\YVTC\Desktop\單晶片微控制器(一)\0327\SG90ADC.c"
  11  0007  0F26        	mov a,38
  11  0008  00E9        	mov [105],a
  12  0009              #line 12 "C:\Users\YVTC\Desktop\單晶片微控制器(一)\0327\SG90ADC.c"
  12  0009  0F01        	mov a,1
  12  000A  80EA 0001   	lmov [362],a
  13  000C              #line 13 "C:\Users\YVTC\Desktop\單晶片微控制器(一)\0327\SG90ADC.c"
  13  000C  1F51        	clr [81]
  13  000D  0FA8        	mov a,168
  13  000E  00D2        	mov [82],a
"File: SG90ADC.c     Assembler  Version HGASM0202      Page 3

  14  000F              #line 14 "C:\Users\YVTC\Desktop\單晶片微控制器(一)\0327\SG90ADC.c"
  14  000F  0FA0        	mov a,160
  14  0010  00D7        	mov [87],a
  15  0011              #line 15 "C:\Users\YVTC\Desktop\單晶片微控制器(一)\0327\SG90ADC.c"
  15  0011  0FB8        	mov a,184
  15  0012  00D5        	mov [85],a
  15  0013  0F0B        	mov a,11
  15  0014  00D6        	mov [86],a
  15  0015              _L8:
  16  0015              #line 16 "C:\Users\YVTC\Desktop\單晶片微控制器(一)\0327\SG90ADC.c"
  16  0015  31D1        	set [81].3
  18  0016              #line 18 "C:\Users\YVTC\Desktop\單晶片微控制器(一)\0327\SG90ADC.c"
  18  0016  33E8        	set [104].7
  18  0017  37E8        	clr [104].7
  18  0018              _L3:
  19  0018              #line 19 "C:\Users\YVTC\Desktop\單晶片微控制器(一)\0327\SG90ADC.c"
  19  0018  3F68        	sz [104].6
  19  0019  2800     R  	jmp _L3
  20  001A              #line 20 "C:\Users\YVTC\Desktop\單晶片微控制器(一)\0327\SG90ADC.c"
  20  001A  0FE8        	mov a,232
  20  001B  036A        	add a,[106]
  20  001C  0080     E  	mov rb,a
  20  001D  0F03        	mov a,3
  20  001E  1F00     E  	clr rc
  20  001F  1380     E  	adcm a,rc
  20  0020  076B        	mov a,[107]
  20  0021  0080     E  	mov re,a
  20  0022  1F00     E  	clr rd
  22  0023              #line 22 "C:\Users\YVTC\Desktop\單晶片微控制器(一)\0327\SG90ADC.c"
  22  0023  0700     E  	mov a,rd
  22  0024  0380     E  	addm a,rb
  22  0025  0700     E  	mov a,re
  22  0026  1380     E  	adcm a,rc
  22  0027  0F88        	mov a,136
  22  0028  0200     E  	sub a,rb
  22  0029  0F13        	mov a,19
  22  002A  1200     E  	sbc a,rc
  22  002B  3C0A        	sz c
  22  002C  2800     R  	jmp _L6
  22  002D  0F88        	mov a,-120
  22  002E  0080     E  	mov rb,a
  22  002F  0F13        	mov a,19
  22  0030  0080     E  	mov rc,a
  22  0031              _L6:
  23  0031              #line 23 "C:\Users\YVTC\Desktop\單晶片微控制器(一)\0327\SG90ADC.c"
  23  0031  3B34        	snz [52].6
  23  0032  2800     R  	jmp _L6
  23  0033  3734        	clr [52].6
  23  0034  35D1        	clr [81].3
  24  0035              #line 24 "C:\Users\YVTC\Desktop\單晶片微控制器(一)\0327\SG90ADC.c"
  24  0035  0700     E  	mov a,rb
  24  0036  00D5        	mov [85],a
  24  0037  0700     E  	mov a,rc
  24  0038  00D6        	mov [86],a
  24  0039  2800     R  	jmp _L8
  24  003A  2800     R  	jmp $
  24  003B              _main endp
  24  003B              
  24  003B              @dummy endp
  24  003B              
"File: SG90ADC.c     Assembler  Version HGASM0202      Page 4

  24  003B              #line 24 "C:\Users\YVTC\Desktop\單晶片微控制器(一)\0327\SG90ADC.c"
  24  003B              #pragma debug scope 1 1
  24  003B              public _PAUSE
  24  003B              #pragma debug scope 3 1
  29  003B              #line 29 "C:\Users\YVTC\Desktop\單晶片微控制器(一)\0327\SG90ADC.c"
  29  0000              _PAUSE .section 'code'
  29  0000              _PAUSE proc
  29  0000  00              local _PAUSE_2 db 1 dup(?)	; 0,1
  29  0000  0080     R  	mov _PAUSE_2[0],a
  29  0001              #pragma debug variable 8 3 _PAUSE_2+0 "i"
  30  0001              #line 30 "C:\Users\YVTC\Desktop\單晶片微控制器(一)\0327\SG90ADC.c"
  30  0001  1F00     E  	clr ra
  30  0002  2800     R  	jmp _L11
  30  0003              _L12:
  30  0003              #line 30 "C:\Users\YVTC\Desktop\單晶片微控制器(一)\0327\SG90ADC.c"
  30  0003              ;# 30 "C:\Users\YVTC\Desktop\單晶片微控制器(一)\0327\SG90ADC.c" 1
  30  0003              	IF 20000>263690
  30  0003              ;# 30 "C:\Users\YVTC\Desktop\單晶片微控制器(一)\0327\SG90ADC.c" 1
  30  0003              	ERRMESSAGE 'the value 20000of the argument exceeds the maxinum 263690'
  30  0003              	ENDIF
  30  0003              ;# 30 "C:\Users\YVTC\Desktop\單晶片微控制器(一)\0327\SG90ADC.c" 1
  30  0003              	IF 20000<0
  30  0003              ;# 30 "C:\Users\YVTC\Desktop\單晶片微控制器(一)\0327\SG90ADC.c" 1
  30  0003              	ERRMESSAGE 'the value 20000 of the argument exceeds the mininum 0'
  30  0003              	ENDIF
  30  0003              ;# 30 "C:\Users\YVTC\Desktop\單晶片微控制器(一)\0327\SG90ADC.c" 1
  30  0003              	IF 20000==0
  30  0003              ;# 30 "C:\Users\YVTC\Desktop\單晶片微控制器(一)\0327\SG90ADC.c" 1
  30  0003              	JMP $
  30  0003              	ENDIF
  30  0003              ;# 30 "C:\Users\YVTC\Desktop\單晶片微控制器(一)\0327\SG90ADC.c" 1
  30  0003              	IF (20000>=1) AND (20000<( 4 + __PBP__ * 2))
  30  0003              ;# 30 "C:\Users\YVTC\Desktop\單晶片微控制器(一)\0327\SG90ADC.c" 1
  30  0003              	NOP
  30  0003              	ENDIF
  30  0003              ;# 30 "C:\Users\YVTC\Desktop\單晶片微控制器(一)\0327\SG90ADC.c" 1
  30  0003              	IF (20000>=2) AND (20000<( 4 + __PBP__ * 2))
  30  0003              ;# 30 "C:\Users\YVTC\Desktop\單晶片微控制器(一)\0327\SG90ADC.c" 1
  30  0003              	NOP
  30  0003              	ENDIF
  30  0003              ;# 30 "C:\Users\YVTC\Desktop\單晶片微控制器(一)\0327\SG90ADC.c" 1
  30  0003              	IF (20000>=3) AND (20000<( 4 + __PBP__ * 2))
  30  0003              ;# 30 "C:\Users\YVTC\Desktop\單晶片微控制器(一)\0327\SG90ADC.c" 1
  30  0003              	NOP
  30  0003              	ENDIF
  30  0003              ;# 30 "C:\Users\YVTC\Desktop\單晶片微控制器(一)\0327\SG90ADC.c" 1
  30  0003              	IF (20000>=4) AND (20000<( 4 + __PBP__ * 2)) AND ( __PBP__ > 0 )
  30  0003              ;# 30 "C:\Users\YVTC\Desktop\單晶片微控制器(一)\0327\SG90ADC.c" 1
  30  0003              	NOP
  30  0003              	ENDIF
  30  0003              ;# 30 "C:\Users\YVTC\Desktop\單晶片微控制器(一)\0327\SG90ADC.c" 1
  30  0003              	IF (20000>=5) AND (20000<( 4 + __PBP__ * 2)) AND ( __PBP__ > 0 )
  30  0003              ;# 30 "C:\Users\YVTC\Desktop\單晶片微控制器(一)\0327\SG90ADC.c" 1
  30  0003              	NOP
  30  0003              	ENDIF
  30  0003              ;# 30 "C:\Users\YVTC\Desktop\單晶片微控制器(一)\0327\SG90ADC.c" 1
  30  0003              	IF (20000>=6) AND (20000<( 4 + __PBP__ * 2))  AND ( __PBP__ > 1 )
  30  0003              ;# 30 "C:\Users\YVTC\Desktop\單晶片微控制器(一)\0327\SG90ADC.c" 1
  30  0003              	NOP
  30  0003              	ENDIF
"File: SG90ADC.c     Assembler  Version HGASM0202      Page 5

  30  0003              ;# 30 "C:\Users\YVTC\Desktop\單晶片微控制器(一)\0327\SG90ADC.c" 1
  30  0003              	IF (20000>=7) AND (20000<( 4 + __PBP__ * 2))  AND ( __PBP__ > 1 )
  30  0003              ;# 30 "C:\Users\YVTC\Desktop\單晶片微控制器(一)\0327\SG90ADC.c" 1
  30  0003              	NOP
  30  0003              	ENDIF
  30  0003              ;# 30 "C:\Users\YVTC\Desktop\單晶片微控制器(一)\0327\SG90ADC.c" 1
  30  0003              	IF (20000>=8) AND (20000<( 4 + __PBP__ * 2))  AND ( __PBP__ > 2 )
  30  0003              ;# 30 "C:\Users\YVTC\Desktop\單晶片微控制器(一)\0327\SG90ADC.c" 1
  30  0003              	NOP
  30  0003              	ENDIF
  30  0003              ;# 30 "C:\Users\YVTC\Desktop\單晶片微控制器(一)\0327\SG90ADC.c" 1
  30  0003              	IF (20000==9)  AND ( __PBP__ > 2 )
  30  0003              ;# 30 "C:\Users\YVTC\Desktop\單晶片微控制器(一)\0327\SG90ADC.c" 1
  30  0003              	NOP
  30  0003              	ENDIF
  30  0003              ;# 30 "C:\Users\YVTC\Desktop\單晶片微控制器(一)\0327\SG90ADC.c" 1
  30  0003              	IF (20000< ( 8 + __PBP__ * 2)) AND (20000>( 3 + __PBP__ * 2))
  30  0003              ;# 30 "C:\Users\YVTC\Desktop\單晶片微控制器(一)\0327\SG90ADC.c" 1
  30  0003              	fcall __DELAY3 + ( 7 + __PBP__ * 2) -20000
  30  0003              	ENDIF
  30  0003              ;# 30 "C:\Users\YVTC\Desktop\單晶片微控制器(一)\0327\SG90ADC.c" 1
  30  0003              	IF (20000< ( 0404h + __PBP__ * 2)) AND (20000>( 7 + __PBP__ * 2))
  30  0003              ;# 30 "C:\Users\YVTC\Desktop\單晶片微控制器(一)\0327\SG90ADC.c" 1
  30  0003              	MOV A,(20000-( 4 + __PBP__ * 2))/4
  30  0003              ;# 30 "C:\Users\YVTC\Desktop\單晶片微控制器(一)\0327\SG90ADC.c" 1
  30  0003              	fcall __DELAYX3 + 3 -((20000-( 4 + __PBP__ * 2)) MOD 4) 
  30  0003              	ENDIF
  30  0003              ;# 30 "C:\Users\YVTC\Desktop\單晶片微控制器(一)\0327\SG90ADC.c" 1
  30  0003              	IF (20000< ( 040bh + __PBP__ * 2)) AND (20000> ( 0403h + __PBP__ * 2))
  30  0003              ;# 30 "C:\Users\YVTC\Desktop\單晶片微控制器(一)\0327\SG90ADC.c" 1
  30  0003              	MOV A,0 
  30  0003              ;# 30 "C:\Users\YVTC\Desktop\單晶片微控制器(一)\0327\SG90ADC.c" 1
  30  0003              	fcall __DELAYX6 + ( 040ah + __PBP__ * 2) -20000
  30  0003              	ENDIF
  30  0003              ;# 30 "C:\Users\YVTC\Desktop\單晶片微控制器(一)\0327\SG90ADC.c" 1
  30  0003              	IF (20000 >= ( 040bh + __PBP__ * 2)) AND ((((20000-( 9 + __PBP__ * 2))%0402h)/4+1)>256)
  30  0003              ;# 30 "C:\Users\YVTC\Desktop\單晶片微控制器(一)\0327\SG90ADC.c" 1
  30  0003              	MOV A,(20000-( 9 + __PBP__ * 2))/0402h
  30  0003              ;# 30 "C:\Users\YVTC\Desktop\單晶片微控制器(一)\0327\SG90ADC.c" 1
  30  0003              	MOV _builtin_holtek_delay_2,A
  30  0003              ;# 30 "C:\Users\YVTC\Desktop\單晶片微控制器(一)\0327\SG90ADC.c" 1
  30  0003              	MOV A,0
  30  0003              ;# 30 "C:\Users\YVTC\Desktop\單晶片微控制器(一)\0327\SG90ADC.c" 1
  30  0003              	fcall __DELAYY5 +5- (((20000-( 9 + __PBP__ * 2))%0402h)%6) 
  30  0003              	ENDIF
  30  0003              ;# 30 "C:\Users\YVTC\Desktop\單晶片微控制器(一)\0327\SG90ADC.c" 1
  30  0003              	IF (20000 >= ( 040bh + __PBP__ * 2)) AND ((((20000-( 9 + __PBP__ * 2))%0402h)/4+1)<=256)
  30  0003              ;# 30 "C:\Users\YVTC\Desktop\單晶片微控制器(一)\0327\SG90ADC.c" 1
  30  0003  0F13        	MOV A,(20000-( 9 + __PBP__ * 2))/0402h
  30  0004              ;# 30 "C:\Users\YVTC\Desktop\單晶片微控制器(一)\0327\SG90ADC.c" 1
  30  0004  0080     E  	MOV _builtin_holtek_delay_2,A
  30  0005              ;# 30 "C:\Users\YVTC\Desktop\單晶片微控制器(一)\0327\SG90ADC.c" 1
  30  0005  0F7C        	MOV A,((20000-( 9 + __PBP__ * 2))%0402h)/4+1
  30  0006              ;# 30 "C:\Users\YVTC\Desktop\單晶片微控制器(一)\0327\SG90ADC.c" 1
  30  0006              	fcall __DELAYY3 +3-(((20000-( 9 + __PBP__ * 2))%0402h)%4) 
  30  000D              	ENDIF
  30  000D  1480     E  	inc ra
  30  000E              _L11:
  30  000E  0700     E  	mov a,ra
  30  000F  0200     R  	sub a,_PAUSE_2[0]
"File: SG90ADC.c     Assembler  Version HGASM0202      Page 6

  30  0010  390A        	snz z
  30  0011  2800     R  	jmp _L12
  30  0012  0003        	ret
  30  0013              _PAUSE endp
  30  0013              #line 30 "C:\Users\YVTC\Desktop\單晶片微控制器(一)\0327\SG90ADC.c"
  30  0013              #pragma debug scope 1 1
  30  0013              #pragma debug struct_end
  30  0013              #pragma debug struct_end
  30  0013              #pragma debug union_end
  30  0013              #pragma debug union_end
  30  0013              #pragma debug variable 43 1 ___mfi0 "__mfi0" 1
  30  0013              #pragma debug struct_end
  30  0013              #pragma debug struct_end
  30  0013              #pragma debug union_end
  30  0013              #pragma debug union_end
  30  0013              #pragma debug variable 45 1 ___wdtc "__wdtc" 1
  30  0013              #pragma debug struct_end
  30  0013              #pragma debug struct_end
  30  0013              #pragma debug union_end
  30  0013              #pragma debug union_end
  30  0013              #pragma debug variable 47 1 ___tm2c0 "__tm2c0" 1
  30  0013              #pragma debug struct_end
  30  0013              #pragma debug struct_end
  30  0013              #pragma debug union_end
  30  0013              #pragma debug union_end
  30  0013              #pragma debug variable 49 1 ___tm2c1 "__tm2c1" 1
  30  0013              #pragma debug variable 8 1 ___tm2al "__tm2al" 1
  30  0013              #pragma debug variable 8 1 ___tm2ah "__tm2ah" 1
  30  0013              #pragma debug variable 8 1 ___tm2rp "__tm2rp" 1
  30  0013              #pragma debug struct_end
  30  0013              #pragma debug struct_end
  30  0013              #pragma debug union_end
  30  0013              #pragma debug union_end
  30  0013              #pragma debug variable 51 1 ___adcr0 "__adcr0" 1
  30  0013              #pragma debug struct_end
  30  0013              #pragma debug struct_end
  30  0013              #pragma debug union_end
  30  0013              #pragma debug union_end
  30  0013              #pragma debug variable 53 1 ___adcr1 "__adcr1" 1
  30  0013              #pragma debug variable 8 1 ___adrl "__adrl" 1
  30  0013              #pragma debug variable 8 1 ___adrh "__adrh" 1
  30  0013              #pragma debug struct_end
  30  0013              #pragma debug struct_end
  30  0013              #pragma debug union_end
  30  0013              #pragma debug union_end
  30  0013              #pragma debug variable 55 1 ___pas2 "__pas2" 1
  30  0013              #pragma debug struct_end
  30  0013              #pragma debug struct_end
  30  0013              #pragma debug union_end
  30  0013              #pragma debug union_end
  30  0013              #pragma debug variable 57 1 ___pcs2 "__pcs2" 1
   7  0013              #line 7 "C:\Users\YVTC\Desktop\單晶片微控制器(一)\0327\SG90ADC.c"
   7  0000              @code .section at 0 'code'
   7  0000  1F0B        	clr bp
   7  0001  2800     R  	jmp _main_startup1
   7  0002              
   7  0002              
   7  0002              ; 
   7  0002              ; Generated by holtek-gcc v3.18, Tue Apr 10 09:11:07 2018
   7  0002              ; Rebuild 126
"File: SG90ADC.c     Assembler  Version HGASM0202      Page 7

   7  0002              ; end of file


        0 Errors, 0