"File: TT2.c         Assembler  Version HGASM0202      Page 1


   1  0000              ; Generated by holtek-gcc v3.18, Tue May 22 15:40:22 2018
   2  0000              ; 
   3  0000              ; Configuration:
   4  0000              ;       with long instruction
   5  0000              ;       Multi-ROM, Multi-RAM
   6  0000              ;       bits_per_rom_unit:16
   7  0000              ;       with mp1
   8  0000              ;       with tbhp, address(0x9)
   9  0000              ;          Use tabrd-const
  10  0000              ;       
  11  0000              ; SFR address of long-instruction arch:
  12  0000              ;    mp0 = -1,1,0
  13  0000              ;    mp1 = 4,3,2
  14  0000              ;    mp2 = 14,13,12
  15  0000              ;    tbp = 9,7,8
  16  0000              ;    acc = 5
  17  0000              ;    pcl = 6
  18  0000              ;    status = 10
  19  0000              ;    bp = 11
  20  0000              ;    intc = 48
  21  0000              ;       
  22  0000              ;       
  23  0000              ; use 'tabrdc' instead of 'tabrd'
  24  0000              ;       
  25  0000              
  26  0000              #pragma translator "holtek-gcc 4.6.4" "3.18" "build 20130711"
  27  0000              ; Rebuild 126
  28  0000              
  29  0000              ir equ [2]
  30  0000              mp equ [3]
  31  0000              sbp equ [4]
  32  0000              acc equ [5]
  33  0000              bp equ [11]
  34  0000              tblp equ [7]
  35  0000              tbhp equ [9]
  36  0000              status equ [10]
  37  0000              c equ [10].0
  38  0000              ac equ [10].1
  39  0000              z equ [10].2
  40  0000              ov equ [10].3
  41  0000              cz equ [10].6
  42  0000              sc equ [10].7
  43  0000              intc equ [48]
  44  0000              
  45  0000              extern ra:byte
  46  0000              extern rb:byte
  47  0000              extern rc:byte
  48  0000              extern rd:byte
  49  0000              extern re:byte
  50  0000              extern rf:byte
  51  0000              extern rg:byte
  52  0000              extern rh:byte
  53  0000              extern _Crom2Prom:near
  54  0000              extern _Crom2PromNext:near
  55  0000              
  56  0000              RAMBANK 0 @BITDATASEC, @BITDATASEC1
  57  0000              @HCCINIT	.section 'data'
  58  0000              @HCCINIT0	.section 'data'
  59  0000              @BITDATASEC	 .section 'data'
"File: TT2.ASM       Assembler  Version HGASM0202      Page 2

  60  0000              @BITDATASEC1	 .section 'data'
  61  0000              
  62  0000              #pragma debug scope 1 1
  63  0000              	extern __DELAY3:near
  64  0000              	extern __DELAYX3:near
  65  0000              	extern __DELAYX6:near
  66  0000              	extern __DELAYY5:near
  67  0000              	extern __DELAYY3:near
  68  0000              	extern _builtin_holtek_delay_2:byte
  69  0000              ___pgc equ [43]
  70  0000              ___ph equ [46]
  71  0000              ___pg equ [42]
  72  0000              public _LCMWrite
  73  0000              #pragma debug scope 2 1

  86  0000              #line 86 "C:\Users\YVTC\Desktop\單晶片微控制器(一)\期末作業\TT2.c"
  86  0000              _LCMWrite .section 'code'
  86  0000              _LCMWrite proc
  86  0000              public _LCMWrite_2
  86  0000  0002[           local _LCMWrite_2 db 2 dup(?)	; 1,1
            00
            ]
  86  0000  0080     R  	mov _LCMWrite_2[1],a
  86  0001              #pragma debug variable 8 2 _LCMWrite_2+1 "DCFlag"
  86  0001              #pragma debug variable 8 2 _LCMWrite_2+0 "CD"
  87  0001              #line 87 "C:\Users\YVTC\Desktop\單晶片微控制器(一)\期末作業\TT2.c"
  87  0001  1FAB        	set [43]
  88  0002              #line 88 "C:\Users\YVTC\Desktop\單晶片微控制器(一)\期末作業\TT2.c"
  88  0002  342E        	clr [46].0
  88  0003  30AE        	set [46].1
  89  0004              #line 89 "C:\Users\YVTC\Desktop\單晶片微控制器(一)\期末作業\TT2.c"
  89  0004              ;# 89 "C:\Users\YVTC\Desktop\單晶片微控制器(一)\期末作業\TT2.c" 1
  89  0004  0000        	nop
  89  0005              _L3:
  91  0005              #line 91 "C:\Users\YVTC\Desktop\單晶片微控制器(一)\期末作業\TT2.c"
  91  0005  312E        	set [46].2
  91  0006              ;# 91 "C:\Users\YVTC\Desktop\單晶片微控制器(一)\期末作業\TT2.c" 1
  91  0006  0000        	nop
  92  0007              #line 92 "C:\Users\YVTC\Desktop\單晶片微控制器(一)\期末作業\TT2.c"
  92  0007  072A        	mov a,[42]
  92  0008  0080     E  	mov ra,a
  93  0009              #line 93 "C:\Users\YVTC\Desktop\單晶片微控制器(一)\期末作業\TT2.c"
  93  0009  352E        	clr [46].2
  94  000A              #line 94 "C:\Users\YVTC\Desktop\單晶片微控制器(一)\期末作業\TT2.c"
  94  000A  3C00     E  	sz ra.7
  94  000B  2800     R  	jmp _L3
  95  000C              #line 95 "C:\Users\YVTC\Desktop\單晶片微控制器(一)\期末作業\TT2.c"
  95  000C  1F2B        	clr [43]
  96  000D              #line 96 "C:\Users\YVTC\Desktop\單晶片微控制器(一)\期末作業\TT2.c"
  96  000D  34AE        	clr [46].1
  97  000E              #line 97 "C:\Users\YVTC\Desktop\單晶片微控制器(一)\期末作業\TT2.c"
  97  000E  0700     R  	mov a,_LCMWrite_2[1]
  97  000F  0E01        	and a,1
  97  0010  0080     E  	mov rb,a
  97  0011  342E        	clr [46].0
  97  0012  0700     E  	mov a,rb
  97  0013  05AE        	orm a,[46]
  98  0014              #line 98 "C:\Users\YVTC\Desktop\單晶片微控制器(一)\期末作業\TT2.c"
  98  0014  0700     R  	mov a,_LCMWrite_2[0]
  98  0015  00AA        	mov [42],a
"File: TT2.c         Assembler  Version HGASM0202      Page 3

  99  0016              #line 99 "C:\Users\YVTC\Desktop\單晶片微控制器(一)\期末作業\TT2.c"
  99  0016  312E        	set [46].2
  99  0017              ;# 99 "C:\Users\YVTC\Desktop\單晶片微控制器(一)\期末作業\TT2.c" 1
  99  0017  0000        	nop
  99  0018  352E        	clr [46].2
 101  0019              #line 101 "C:\Users\YVTC\Desktop\單晶片微控制器(一)\期末作業\TT2.c"
 101  0019  0700     E  	mov a,ra
 101  001A  0003        	ret
 101  001B              _LCMWrite endp
 101  001B              #line 101 "C:\Users\YVTC\Desktop\單晶片微控制器(一)\期末作業\TT2.c"
 101  001B              #pragma debug scope 1 1
 101  001B              public _ClearLine
 101  001B              #pragma debug scope 3 1
  70  001B              #line 70 "C:\Users\YVTC\Desktop\單晶片微控制器(一)\期末作業\TT2.c"
  70  0000              _ClearLine .section 'code'
  70  0000              _ClearLine proc
  70  0000  0003[           local _ClearLine_2 db 3 dup(?)	; 0,3
            00
            ]
  70  0000  0080     E  	mov ra,a
  70  0001              #pragma debug variable 8 3 _ClearLine_2+0 "line"
  71  0001              #line 71 "C:\Users\YVTC\Desktop\單晶片微控制器(一)\期末作業\TT2.c"
  71  0001  1700     E  	sdza ra
  71  0002  2800     R  	jmp _L9
  71  0003              #line 71 "C:\Users\YVTC\Desktop\單晶片微控制器(一)\期末作業\TT2.c"
  71  0003  0F80        	mov a,128
  71  0004  0080     R  	mov _ClearLine_2[2],a
  71  0005  2800     R  	jmp _L6
  71  0006              _L9:
  71  0006  0FC0        	mov a,192
  71  0007  0080     R  	mov _ClearLine_2[2],a
  71  0008              _L6:
  72  0008              #line 72 "C:\Users\YVTC\Desktop\單晶片微控制器(一)\期末作業\TT2.c"
  72  0008  0700     R  	mov a,_ClearLine_2[2]
  72  0009  0080     R  	mov _LCMWrite_2[0],a
  72  000A  0F00        	mov a,0
  72  000B              	fcall _LCMWrite
  72  0012  0F10        	mov a,16
  72  0013  0080     R  	mov _ClearLine_2[1],a
  72  0014              _L8:
  73  0014              #line 73 "C:\Users\YVTC\Desktop\單晶片微控制器(一)\期末作業\TT2.c"
  73  0014  0F20        	mov a,32
  73  0015  0080     R  	mov _LCMWrite_2[0],a
  73  0016  0F01        	mov a,1
  73  0017              	fcall _LCMWrite
  73  001E  1780     R  	sdz _ClearLine_2[1]
  73  001F  2800     R  	jmp _L8
  74  0020              #line 74 "C:\Users\YVTC\Desktop\單晶片微控制器(一)\期末作業\TT2.c"
  74  0020  0700     R  	mov a,_ClearLine_2[2]
  74  0021  0080     R  	mov _LCMWrite_2[0],a
  74  0022  0F00        	mov a,0
  74  0023              	fcall _LCMWrite
  74  002A  0003        	ret
  74  002B              _ClearLine endp
  74  002B              #line 74 "C:\Users\YVTC\Desktop\單晶片微控制器(一)\期末作業\TT2.c"
  74  002B              #pragma debug scope 1 1
  74  002B              ___phc equ [47]
  74  002B              public _LCMInit
  74  002B              #pragma debug scope 4 1
  77  002B              #line 77 "C:\Users\YVTC\Desktop\單晶片微控制器(一)\期末作業\TT2.c"
"File: TT2.c         Assembler  Version HGASM0202      Page 4

  77  0000              _LCMInit .section 'code'
  77  0000              _LCMInit proc
  77  0000  352E        	clr [46].2
  77  0001  34AE        	clr [46].1
  77  0002  342E        	clr [46].0
  78  0003              #line 78 "C:\Users\YVTC\Desktop\單晶片微控制器(一)\期末作業\TT2.c"
  78  0003  352F        	clr [47].2
  78  0004  34AF        	clr [47].1
  78  0005  342F        	clr [47].0
  79  0006              #line 79 "C:\Users\YVTC\Desktop\單晶片微控制器(一)\期末作業\TT2.c"
  79  0006              ;# 79 "C:\Users\YVTC\Desktop\單晶片微控制器(一)\期末作業\TT2.c" 1
  79  0006              	IF 50000>263690
  79  0006              ;# 79 "C:\Users\YVTC\Desktop\單晶片微控制器(一)\期末作業\TT2.c" 1
  79  0006              	ERRMESSAGE 'the value 50000of the argument exceeds the maxinum 263690'
  79  0006              	ENDIF
  79  0006              ;# 79 "C:\Users\YVTC\Desktop\單晶片微控制器(一)\期末作業\TT2.c" 1
  79  0006              	IF 50000<0
  79  0006              ;# 79 "C:\Users\YVTC\Desktop\單晶片微控制器(一)\期末作業\TT2.c" 1
  79  0006              	ERRMESSAGE 'the value 50000 of the argument exceeds the mininum 0'
  79  0006              	ENDIF
  79  0006              ;# 79 "C:\Users\YVTC\Desktop\單晶片微控制器(一)\期末作業\TT2.c" 1
  79  0006              	IF 50000==0
  79  0006              ;# 79 "C:\Users\YVTC\Desktop\單晶片微控制器(一)\期末作業\TT2.c" 1
  79  0006              	JMP $
  79  0006              	ENDIF
  79  0006              ;# 79 "C:\Users\YVTC\Desktop\單晶片微控制器(一)\期末作業\TT2.c" 1
  79  0006              	IF (50000>=1) AND (50000<( 4 + __PBP__ * 2))
  79  0006              ;# 79 "C:\Users\YVTC\Desktop\單晶片微控制器(一)\期末作業\TT2.c" 1
  79  0006              	NOP
  79  0006              	ENDIF
  79  0006              ;# 79 "C:\Users\YVTC\Desktop\單晶片微控制器(一)\期末作業\TT2.c" 1
  79  0006              	IF (50000>=2) AND (50000<( 4 + __PBP__ * 2))
  79  0006              ;# 79 "C:\Users\YVTC\Desktop\單晶片微控制器(一)\期末作業\TT2.c" 1
  79  0006              	NOP
  79  0006              	ENDIF
  79  0006              ;# 79 "C:\Users\YVTC\Desktop\單晶片微控制器(一)\期末作業\TT2.c" 1
  79  0006              	IF (50000>=3) AND (50000<( 4 + __PBP__ * 2))
  79  0006              ;# 79 "C:\Users\YVTC\Desktop\單晶片微控制器(一)\期末作業\TT2.c" 1
  79  0006              	NOP
  79  0006              	ENDIF
  79  0006              ;# 79 "C:\Users\YVTC\Desktop\單晶片微控制器(一)\期末作業\TT2.c" 1
  79  0006              	IF (50000>=4) AND (50000<( 4 + __PBP__ * 2)) AND ( __PBP__ > 0 )
  79  0006              ;# 79 "C:\Users\YVTC\Desktop\單晶片微控制器(一)\期末作業\TT2.c" 1
  79  0006              	NOP
  79  0006              	ENDIF
  79  0006              ;# 79 "C:\Users\YVTC\Desktop\單晶片微控制器(一)\期末作業\TT2.c" 1
  79  0006              	IF (50000>=5) AND (50000<( 4 + __PBP__ * 2)) AND ( __PBP__ > 0 )
  79  0006              ;# 79 "C:\Users\YVTC\Desktop\單晶片微控制器(一)\期末作業\TT2.c" 1
  79  0006              	NOP
  79  0006              	ENDIF
  79  0006              ;# 79 "C:\Users\YVTC\Desktop\單晶片微控制器(一)\期末作業\TT2.c" 1
  79  0006              	IF (50000>=6) AND (50000<( 4 + __PBP__ * 2))  AND ( __PBP__ > 1 )
  79  0006              ;# 79 "C:\Users\YVTC\Desktop\單晶片微控制器(一)\期末作業\TT2.c" 1
  79  0006              	NOP
  79  0006              	ENDIF
  79  0006              ;# 79 "C:\Users\YVTC\Desktop\單晶片微控制器(一)\期末作業\TT2.c" 1
  79  0006              	IF (50000>=7) AND (50000<( 4 + __PBP__ * 2))  AND ( __PBP__ > 1 )
  79  0006              ;# 79 "C:\Users\YVTC\Desktop\單晶片微控制器(一)\期末作業\TT2.c" 1
  79  0006              	NOP
  79  0006              	ENDIF
"File: TT2.c         Assembler  Version HGASM0202      Page 5

  79  0006              ;# 79 "C:\Users\YVTC\Desktop\單晶片微控制器(一)\期末作業\TT2.c" 1
  79  0006              	IF (50000>=8) AND (50000<( 4 + __PBP__ * 2))  AND ( __PBP__ > 2 )
  79  0006              ;# 79 "C:\Users\YVTC\Desktop\單晶片微控制器(一)\期末作業\TT2.c" 1
  79  0006              	NOP
  79  0006              	ENDIF
  79  0006              ;# 79 "C:\Users\YVTC\Desktop\單晶片微控制器(一)\期末作業\TT2.c" 1
  79  0006              	IF (50000==9)  AND ( __PBP__ > 2 )
  79  0006              ;# 79 "C:\Users\YVTC\Desktop\單晶片微控制器(一)\期末作業\TT2.c" 1
  79  0006              	NOP
  79  0006              	ENDIF
  79  0006              ;# 79 "C:\Users\YVTC\Desktop\單晶片微控制器(一)\期末作業\TT2.c" 1
  79  0006              	IF (50000< ( 8 + __PBP__ * 2)) AND (50000>( 3 + __PBP__ * 2))
  79  0006              ;# 79 "C:\Users\YVTC\Desktop\單晶片微控制器(一)\期末作業\TT2.c" 1
  79  0006              	fcall __DELAY3 + ( 7 + __PBP__ * 2) -50000
  79  0006              	ENDIF
  79  0006              ;# 79 "C:\Users\YVTC\Desktop\單晶片微控制器(一)\期末作業\TT2.c" 1
  79  0006              	IF (50000< ( 0404h + __PBP__ * 2)) AND (50000>( 7 + __PBP__ * 2))
  79  0006              ;# 79 "C:\Users\YVTC\Desktop\單晶片微控制器(一)\期末作業\TT2.c" 1
  79  0006              	MOV A,(50000-( 4 + __PBP__ * 2))/4
  79  0006              ;# 79 "C:\Users\YVTC\Desktop\單晶片微控制器(一)\期末作業\TT2.c" 1
  79  0006              	fcall __DELAYX3 + 3 -((50000-( 4 + __PBP__ * 2)) MOD 4) 
  79  0006              	ENDIF
  79  0006              ;# 79 "C:\Users\YVTC\Desktop\單晶片微控制器(一)\期末作業\TT2.c" 1
  79  0006              	IF (50000< ( 040bh + __PBP__ * 2)) AND (50000> ( 0403h + __PBP__ * 2))
  79  0006              ;# 79 "C:\Users\YVTC\Desktop\單晶片微控制器(一)\期末作業\TT2.c" 1
  79  0006              	MOV A,0 
  79  0006              ;# 79 "C:\Users\YVTC\Desktop\單晶片微控制器(一)\期末作業\TT2.c" 1
  79  0006              	fcall __DELAYX6 + ( 040ah + __PBP__ * 2) -50000
  79  0006              	ENDIF
  79  0006              ;# 79 "C:\Users\YVTC\Desktop\單晶片微控制器(一)\期末作業\TT2.c" 1
  79  0006              	IF (50000 >= ( 040bh + __PBP__ * 2)) AND ((((50000-( 9 + __PBP__ * 2))%0402h)/4+1)>256)
  79  0006              ;# 79 "C:\Users\YVTC\Desktop\單晶片微控制器(一)\期末作業\TT2.c" 1
  79  0006              	MOV A,(50000-( 9 + __PBP__ * 2))/0402h
  79  0006              ;# 79 "C:\Users\YVTC\Desktop\單晶片微控制器(一)\期末作業\TT2.c" 1
  79  0006              	MOV _builtin_holtek_delay_2,A
  79  0006              ;# 79 "C:\Users\YVTC\Desktop\單晶片微控制器(一)\期末作業\TT2.c" 1
  79  0006              	MOV A,0
  79  0006              ;# 79 "C:\Users\YVTC\Desktop\單晶片微控制器(一)\期末作業\TT2.c" 1
  79  0006              	fcall __DELAYY5 +5- (((50000-( 9 + __PBP__ * 2))%0402h)%6) 
  79  0006              	ENDIF
  79  0006              ;# 79 "C:\Users\YVTC\Desktop\單晶片微控制器(一)\期末作業\TT2.c" 1
  79  0006              	IF (50000 >= ( 040bh + __PBP__ * 2)) AND ((((50000-( 9 + __PBP__ * 2))%0402h)/4+1)<=256)
  79  0006              ;# 79 "C:\Users\YVTC\Desktop\單晶片微控制器(一)\期末作業\TT2.c" 1
  79  0006  0F30        	MOV A,(50000-( 9 + __PBP__ * 2))/0402h
  79  0007              ;# 79 "C:\Users\YVTC\Desktop\單晶片微控制器(一)\期末作業\TT2.c" 1
  79  0007  0080     E  	MOV _builtin_holtek_delay_2,A
  79  0008              ;# 79 "C:\Users\YVTC\Desktop\單晶片微控制器(一)\期末作業\TT2.c" 1
  79  0008  0FB9        	MOV A,((50000-( 9 + __PBP__ * 2))%0402h)/4+1
  79  0009              ;# 79 "C:\Users\YVTC\Desktop\單晶片微控制器(一)\期末作業\TT2.c" 1
  79  0009              	fcall __DELAYY3 +3-(((50000-( 9 + __PBP__ * 2))%0402h)%4) 
  79  0010              	ENDIF
  80  0010              #line 80 "C:\Users\YVTC\Desktop\單晶片微控制器(一)\期末作業\TT2.c"
  80  0010  0F38        	mov a,56
  80  0011  0080     R  	mov _LCMWrite_2[0],a
  80  0012  0F00        	mov a,0
  80  0013              	fcall _LCMWrite
  81  001A              #line 81 "C:\Users\YVTC\Desktop\單晶片微控制器(一)\期末作業\TT2.c"
  81  001A  0F0F        	mov a,15
  81  001B  0080     R  	mov _LCMWrite_2[0],a
  81  001C  0F00        	mov a,0
"File: TT2.c         Assembler  Version HGASM0202      Page 6

  81  001D              	fcall _LCMWrite
  82  0024              #line 82 "C:\Users\YVTC\Desktop\單晶片微控制器(一)\期末作業\TT2.c"
  82  0024  0F06        	mov a,6
  82  0025  0080     R  	mov _LCMWrite_2[0],a
  82  0026  0F00        	mov a,0
  82  0027              	fcall _LCMWrite
  83  002E              #line 83 "C:\Users\YVTC\Desktop\單晶片微控制器(一)\期末作業\TT2.c"
  83  002E  0F01        	mov a,1
  83  002F  0080     R  	mov _LCMWrite_2[0],a
  83  0030  0F00        	mov a,0
  83  0031              	fcall _LCMWrite
  83  0038  0003        	ret
  83  0039              _LCMInit endp
  83  0039              #line 83 "C:\Users\YVTC\Desktop\單晶片微控制器(一)\期末作業\TT2.c"
  83  0039              #pragma debug scope 1 1
  83  0039              ___pec equ [35]
  83  0039              ___pepu equ [33]
  83  0039              ___pe equ [34]
  83  0039              public _ScanKey
  83  0039              #pragma debug scope 5 1
 103  0039              #line 103 "C:\Users\YVTC\Desktop\單晶片微控制器(一)\期末作業\TT2.c"
 103  0000              _ScanKey .section 'code'
 103  0000              _ScanKey proc
 104  0000              #line 104 "C:\Users\YVTC\Desktop\單晶片微控制器(一)\期末作業\TT2.c"
 104  0000  0FF0        	mov a,240
 104  0001  00A3        	mov [35],a
 104  0002  0FF0        	mov a,240
 104  0003  00A1        	mov [33],a
 105  0004              #line 105 "C:\Users\YVTC\Desktop\單晶片微控制器(一)\期末作業\TT2.c"
 105  0004  0FFE        	mov a,254
 105  0005  00A2        	mov [34],a
 103  0006              #line 103 "C:\Users\YVTC\Desktop\單晶片微控制器(一)\期末作業\TT2.c"
 103  0006  1F00     E  	clr ra
 103  0007              _L16:
 107  0007              #line 107 "C:\Users\YVTC\Desktop\單晶片微控制器(一)\期末作業\TT2.c"
 107  0007  3A22        	snz [34].4
 107  0008  2800     R  	jmp _L12
 109  0009              #line 109 "C:\Users\YVTC\Desktop\單晶片微控制器(一)\期末作業\TT2.c"
 109  0009  3EA2        	sz [34].5
 109  000A  2800     R  	jmp _L13
 108  000B              #line 108 "C:\Users\YVTC\Desktop\單晶片微控制器(一)\期末作業\TT2.c"
 108  000B  1480     E  	inc ra
 108  000C  2800     R  	jmp _L12
 108  000D              _L13:
 111  000D              #line 111 "C:\Users\YVTC\Desktop\單晶片微控制器(一)\期末作業\TT2.c"
 111  000D  3F22        	sz [34].6
 111  000E  2800     R  	jmp _L14
 110  000F              #line 110 "C:\Users\YVTC\Desktop\單晶片微控制器(一)\期末作業\TT2.c"
 110  000F  0F02        	mov a,2
 110  0010  0380     E  	addm a,ra
 110  0011  2800     R  	jmp _L12
 110  0012              _L14:
 113  0012              #line 113 "C:\Users\YVTC\Desktop\單晶片微控制器(一)\期末作業\TT2.c"
 113  0012  3FA2        	sz [34].7
 113  0013  2800     R  	jmp _L15
 112  0014              #line 112 "C:\Users\YVTC\Desktop\單晶片微控制器(一)\期末作業\TT2.c"
 112  0014  0F03        	mov a,3
 112  0015  0380     E  	addm a,ra
 112  0016  2800     R  	jmp _L12
 112  0017              _L15:
"File: TT2.c         Assembler  Version HGASM0202      Page 7

 114  0017              #line 114 "C:\Users\YVTC\Desktop\單晶片微控制器(一)\期末作業\TT2.c"
 114  0017  0F04        	mov a,4
 114  0018  0380     E  	addm a,ra
 115  0019              #line 115 "C:\Users\YVTC\Desktop\單晶片微控制器(一)\期末作業\TT2.c"
 115  0019  0722        	mov a,[34]
 115  001A  03A2        	addm a,[34]
 115  001B  3022        	set [34].0
 106  001C              #line 106 "C:\Users\YVTC\Desktop\單晶片微控制器(一)\期末作業\TT2.c"
 106  001C  0700     E  	mov a,ra
 106  001D  0A10        	sub a,16
 106  001E  390A        	snz z
 106  001F  2800     R  	jmp _L16
 106  0020              _L12:
 118  0020              #line 118 "C:\Users\YVTC\Desktop\單晶片微控制器(一)\期末作業\TT2.c"
 118  0020  0700     E  	mov a,ra
 118  0021  0003        	ret
 118  0022              _ScanKey endp
 118  0022              #line 118 "C:\Users\YVTC\Desktop\單晶片微控制器(一)\期末作業\TT2.c"
 118  0022              #pragma debug scope 1 1
 118  0022              public _PAUSE
 118  0022              #pragma debug scope 6 1
 120  0022              #line 120 "C:\Users\YVTC\Desktop\單晶片微控制器(一)\期末作業\TT2.c"
 120  0000              _PAUSE .section 'code'
 120  0000              _PAUSE proc
 120  0000  00              local _PAUSE_2 db 1 dup(?)	; 0,1
 120  0000  0080     R  	mov _PAUSE_2[0],a
 120  0001              #pragma debug variable 8 6 _PAUSE_2+0 "i"
 121  0001              #line 121 "C:\Users\YVTC\Desktop\單晶片微控制器(一)\期末作業\TT2.c"
 121  0001  1F00     E  	clr ra
 121  0002  2800     R  	jmp _L24
 121  0003              _L25:
 121  0003              #line 121 "C:\Users\YVTC\Desktop\單晶片微控制器(一)\期末作業\TT2.c"
 121  0003              ;# 121 "C:\Users\YVTC\Desktop\單晶片微控制器(一)\期末作業\TT2.c" 1
 121  0003              	IF 20000>263690
 121  0003              ;# 121 "C:\Users\YVTC\Desktop\單晶片微控制器(一)\期末作業\TT2.c" 1
 121  0003              	ERRMESSAGE 'the value 20000of the argument exceeds the maxinum 263690'
 121  0003              	ENDIF
 121  0003              ;# 121 "C:\Users\YVTC\Desktop\單晶片微控制器(一)\期末作業\TT2.c" 1
 121  0003              	IF 20000<0
 121  0003              ;# 121 "C:\Users\YVTC\Desktop\單晶片微控制器(一)\期末作業\TT2.c" 1
 121  0003              	ERRMESSAGE 'the value 20000 of the argument exceeds the mininum 0'
 121  0003              	ENDIF
 121  0003              ;# 121 "C:\Users\YVTC\Desktop\單晶片微控制器(一)\期末作業\TT2.c" 1
 121  0003              	IF 20000==0
 121  0003              ;# 121 "C:\Users\YVTC\Desktop\單晶片微控制器(一)\期末作業\TT2.c" 1
 121  0003              	JMP $
 121  0003              	ENDIF
 121  0003              ;# 121 "C:\Users\YVTC\Desktop\單晶片微控制器(一)\期末作業\TT2.c" 1
 121  0003              	IF (20000>=1) AND (20000<( 4 + __PBP__ * 2))
 121  0003              ;# 121 "C:\Users\YVTC\Desktop\單晶片微控制器(一)\期末作業\TT2.c" 1
 121  0003              	NOP
 121  0003              	ENDIF
 121  0003              ;# 121 "C:\Users\YVTC\Desktop\單晶片微控制器(一)\期末作業\TT2.c" 1
 121  0003              	IF (20000>=2) AND (20000<( 4 + __PBP__ * 2))
 121  0003              ;# 121 "C:\Users\YVTC\Desktop\單晶片微控制器(一)\期末作業\TT2.c" 1
 121  0003              	NOP
 121  0003              	ENDIF
 121  0003              ;# 121 "C:\Users\YVTC\Desktop\單晶片微控制器(一)\期末作業\TT2.c" 1
 121  0003              	IF (20000>=3) AND (20000<( 4 + __PBP__ * 2))
 121  0003              ;# 121 "C:\Users\YVTC\Desktop\單晶片微控制器(一)\期末作業\TT2.c" 1
"File: TT2.c         Assembler  Version HGASM0202      Page 8

 121  0003              	NOP
 121  0003              	ENDIF
 121  0003              ;# 121 "C:\Users\YVTC\Desktop\單晶片微控制器(一)\期末作業\TT2.c" 1
 121  0003              	IF (20000>=4) AND (20000<( 4 + __PBP__ * 2)) AND ( __PBP__ > 0 )
 121  0003              ;# 121 "C:\Users\YVTC\Desktop\單晶片微控制器(一)\期末作業\TT2.c" 1
 121  0003              	NOP
 121  0003              	ENDIF
 121  0003              ;# 121 "C:\Users\YVTC\Desktop\單晶片微控制器(一)\期末作業\TT2.c" 1
 121  0003              	IF (20000>=5) AND (20000<( 4 + __PBP__ * 2)) AND ( __PBP__ > 0 )
 121  0003              ;# 121 "C:\Users\YVTC\Desktop\單晶片微控制器(一)\期末作業\TT2.c" 1
 121  0003              	NOP
 121  0003              	ENDIF
 121  0003              ;# 121 "C:\Users\YVTC\Desktop\單晶片微控制器(一)\期末作業\TT2.c" 1
 121  0003              	IF (20000>=6) AND (20000<( 4 + __PBP__ * 2))  AND ( __PBP__ > 1 )
 121  0003              ;# 121 "C:\Users\YVTC\Desktop\單晶片微控制器(一)\期末作業\TT2.c" 1
 121  0003              	NOP
 121  0003              	ENDIF
 121  0003              ;# 121 "C:\Users\YVTC\Desktop\單晶片微控制器(一)\期末作業\TT2.c" 1
 121  0003              	IF (20000>=7) AND (20000<( 4 + __PBP__ * 2))  AND ( __PBP__ > 1 )
 121  0003              ;# 121 "C:\Users\YVTC\Desktop\單晶片微控制器(一)\期末作業\TT2.c" 1
 121  0003              	NOP
 121  0003              	ENDIF
 121  0003              ;# 121 "C:\Users\YVTC\Desktop\單晶片微控制器(一)\期末作業\TT2.c" 1
 121  0003              	IF (20000>=8) AND (20000<( 4 + __PBP__ * 2))  AND ( __PBP__ > 2 )
 121  0003              ;# 121 "C:\Users\YVTC\Desktop\單晶片微控制器(一)\期末作業\TT2.c" 1
 121  0003              	NOP
 121  0003              	ENDIF
 121  0003              ;# 121 "C:\Users\YVTC\Desktop\單晶片微控制器(一)\期末作業\TT2.c" 1
 121  0003              	IF (20000==9)  AND ( __PBP__ > 2 )
 121  0003              ;# 121 "C:\Users\YVTC\Desktop\單晶片微控制器(一)\期末作業\TT2.c" 1
 121  0003              	NOP
 121  0003              	ENDIF
 121  0003              ;# 121 "C:\Users\YVTC\Desktop\單晶片微控制器(一)\期末作業\TT2.c" 1
 121  0003              	IF (20000< ( 8 + __PBP__ * 2)) AND (20000>( 3 + __PBP__ * 2))
 121  0003              ;# 121 "C:\Users\YVTC\Desktop\單晶片微控制器(一)\期末作業\TT2.c" 1
 121  0003              	fcall __DELAY3 + ( 7 + __PBP__ * 2) -20000
 121  0003              	ENDIF
 121  0003              ;# 121 "C:\Users\YVTC\Desktop\單晶片微控制器(一)\期末作業\TT2.c" 1
 121  0003              	IF (20000< ( 0404h + __PBP__ * 2)) AND (20000>( 7 + __PBP__ * 2))
 121  0003              ;# 121 "C:\Users\YVTC\Desktop\單晶片微控制器(一)\期末作業\TT2.c" 1
 121  0003              	MOV A,(20000-( 4 + __PBP__ * 2))/4
 121  0003              ;# 121 "C:\Users\YVTC\Desktop\單晶片微控制器(一)\期末作業\TT2.c" 1
 121  0003              	fcall __DELAYX3 + 3 -((20000-( 4 + __PBP__ * 2)) MOD 4) 
 121  0003              	ENDIF
 121  0003              ;# 121 "C:\Users\YVTC\Desktop\單晶片微控制器(一)\期末作業\TT2.c" 1
 121  0003              	IF (20000< ( 040bh + __PBP__ * 2)) AND (20000> ( 0403h + __PBP__ * 2))
 121  0003              ;# 121 "C:\Users\YVTC\Desktop\單晶片微控制器(一)\期末作業\TT2.c" 1
 121  0003              	MOV A,0 
 121  0003              ;# 121 "C:\Users\YVTC\Desktop\單晶片微控制器(一)\期末作業\TT2.c" 1
 121  0003              	fcall __DELAYX6 + ( 040ah + __PBP__ * 2) -20000
 121  0003              	ENDIF
 121  0003              ;# 121 "C:\Users\YVTC\Desktop\單晶片微控制器(一)\期末作業\TT2.c" 1
 121  0003              	IF (20000 >= ( 040bh + __PBP__ * 2)) AND ((((20000-( 9 + __PBP__ * 2))%0402h)/4+1)>256)
 121  0003              ;# 121 "C:\Users\YVTC\Desktop\單晶片微控制器(一)\期末作業\TT2.c" 1
 121  0003              	MOV A,(20000-( 9 + __PBP__ * 2))/0402h
 121  0003              ;# 121 "C:\Users\YVTC\Desktop\單晶片微控制器(一)\期末作業\TT2.c" 1
 121  0003              	MOV _builtin_holtek_delay_2,A
 121  0003              ;# 121 "C:\Users\YVTC\Desktop\單晶片微控制器(一)\期末作業\TT2.c" 1
 121  0003              	MOV A,0
 121  0003              ;# 121 "C:\Users\YVTC\Desktop\單晶片微控制器(一)\期末作業\TT2.c" 1
"File: TT2.c         Assembler  Version HGASM0202      Page 9

 121  0003              	fcall __DELAYY5 +5- (((20000-( 9 + __PBP__ * 2))%0402h)%6) 
 121  0003              	ENDIF
 121  0003              ;# 121 "C:\Users\YVTC\Desktop\單晶片微控制器(一)\期末作業\TT2.c" 1
 121  0003              	IF (20000 >= ( 040bh + __PBP__ * 2)) AND ((((20000-( 9 + __PBP__ * 2))%0402h)/4+1)<=256)
 121  0003              ;# 121 "C:\Users\YVTC\Desktop\單晶片微控制器(一)\期末作業\TT2.c" 1
 121  0003  0F13        	MOV A,(20000-( 9 + __PBP__ * 2))/0402h
 121  0004              ;# 121 "C:\Users\YVTC\Desktop\單晶片微控制器(一)\期末作業\TT2.c" 1
 121  0004  0080     E  	MOV _builtin_holtek_delay_2,A
 121  0005              ;# 121 "C:\Users\YVTC\Desktop\單晶片微控制器(一)\期末作業\TT2.c" 1
 121  0005  0F7C        	MOV A,((20000-( 9 + __PBP__ * 2))%0402h)/4+1
 121  0006              ;# 121 "C:\Users\YVTC\Desktop\單晶片微控制器(一)\期末作業\TT2.c" 1
 121  0006              	fcall __DELAYY3 +3-(((20000-( 9 + __PBP__ * 2))%0402h)%4) 
 121  000D              	ENDIF
 121  000D  1480     E  	inc ra
 121  000E              _L24:
 121  000E  0700     E  	mov a,ra
 121  000F  0200     R  	sub a,_PAUSE_2[0]
 121  0010  390A        	snz z
 121  0011  2800     R  	jmp _L25
 121  0012  0003        	ret
 121  0013              _PAUSE endp
 121  0013              #line 121 "C:\Users\YVTC\Desktop\單晶片微控制器(一)\期末作業\TT2.c"
 121  0013              #pragma debug scope 1 1
 121  0013              ___tm0al equ [98]
 121  0013              ___tm0ah equ [99]
 121  0013              ___mfi0 equ [52]
 121  0013              ___pa equ [18]
 121  0013              ___tm0c0 equ [94]
 121  0013              public _UARTTXData
 121  0013              #pragma debug scope 7 1
 124  0013              #line 124 "C:\Users\YVTC\Desktop\單晶片微控制器(一)\期末作業\TT2.c"
 124  0000              _UARTTXData .section 'code'
 124  0000              _UARTTXData proc
 124  0000  00              local _UARTTXData_2 db 1 dup(?)	; 0,1
 124  0000  0080     R  	mov _UARTTXData_2[0],a
 124  0001              #pragma debug variable 8 7 _UARTTXData_2+0 "data"
 125  0001              #line 125 "C:\Users\YVTC\Desktop\單晶片微控制器(一)\期末作業\TT2.c"
 125  0001  0FA0        	mov a,160
 125  0002  00E2        	mov [98],a
 125  0003  0F01        	mov a,1
 125  0004  00E3        	mov [99],a
 126  0005              #line 126 "C:\Users\YVTC\Desktop\單晶片微控制器(一)\期末作業\TT2.c"
 126  0005  36B4        	clr [52].5
 127  0006              #line 127 "C:\Users\YVTC\Desktop\單晶片微控制器(一)\期末作業\TT2.c"
 127  0006  3492        	clr [18].1
 128  0007              #line 128 "C:\Users\YVTC\Desktop\單晶片微控制器(一)\期末作業\TT2.c"
 128  0007  31DE        	set [94].3
 128  0008              _L28:
 129  0008              #line 129 "C:\Users\YVTC\Desktop\單晶片微控制器(一)\期末作業\TT2.c"
 129  0008  3AB4        	snz [52].5
 129  0009  2800     R  	jmp _L28
 130  000A              #line 130 "C:\Users\YVTC\Desktop\單晶片微控制器(一)\期末作業\TT2.c"
 130  000A  36B4        	clr [52].5
 130  000B  1F00     E  	clr rb
 124  000C              #line 124 "C:\Users\YVTC\Desktop\單晶片微控制器(一)\期末作業\TT2.c"
 124  000C  0F01        	mov a,1
 124  000D  0080     E  	mov ra,a
 124  000E              _L34:
 132  000E              #line 132 "C:\Users\YVTC\Desktop\單晶片微控制器(一)\期末作業\TT2.c"
 132  000E  0700     E  	mov a,ra
"File: TT2.c         Assembler  Version HGASM0202      Page 10

 132  000F  0600     R  	and a,_UARTTXData_2[0]
 132  0010  0080     E  	mov rc,a
 132  0011  1E00     E  	snz rc
 132  0012  2800     R  	jmp _L29
 132  0013  3092        	set [18].1
 132  0014  2800     R  	jmp _L32
 132  0015              _L29:
 132  0015  3492        	clr [18].1
 132  0016              _L32:
 133  0016              #line 133 "C:\Users\YVTC\Desktop\單晶片微控制器(一)\期末作業\TT2.c"
 133  0016  3AB4        	snz [52].5
 133  0017  2800     R  	jmp _L32
 134  0018              #line 134 "C:\Users\YVTC\Desktop\單晶片微控制器(一)\期末作業\TT2.c"
 134  0018  36B4        	clr [52].5
 135  0019              #line 135 "C:\Users\YVTC\Desktop\單晶片微控制器(一)\期末作業\TT2.c"
 135  0019  0700     E  	mov a,ra
 135  001A  0380     E  	addm a,ra
 135  001B  1480     E  	inc rb
 136  001C              #line 136 "C:\Users\YVTC\Desktop\單晶片微控制器(一)\期末作業\TT2.c"
 136  001C  0700     E  	mov a,rb
 136  001D  0A08        	sub a,8
 136  001E  390A        	snz z
 136  001F  2800     R  	jmp _L34
 137  0020              #line 137 "C:\Users\YVTC\Desktop\單晶片微控制器(一)\期末作業\TT2.c"
 137  0020  3092        	set [18].1
 137  0021              _L36:
 138  0021              #line 138 "C:\Users\YVTC\Desktop\單晶片微控制器(一)\期末作業\TT2.c"
 138  0021  3AB4        	snz [52].5
 138  0022  2800     R  	jmp _L36
 139  0023              #line 139 "C:\Users\YVTC\Desktop\單晶片微控制器(一)\期末作業\TT2.c"
 139  0023  35DE        	clr [94].3
 139  0024  0003        	ret
 139  0025              _UARTTXData endp
 139  0025              #line 139 "C:\Users\YVTC\Desktop\單晶片微控制器(一)\期末作業\TT2.c"
 139  0025              #pragma debug scope 1 1
 139  0025              public _Delayms
 139  0025              #pragma debug scope 8 1
 142  0025              #line 142 "C:\Users\YVTC\Desktop\單晶片微控制器(一)\期末作業\TT2.c"
 142  0000              _Delayms .section 'code'
 142  0000              _Delayms proc
 142  0000              public _Delayms_2
 142  0000  0002[           local _Delayms_2 db 2 dup(?)	; 2,0
            00
            ]
 142  0002              #pragma debug variable 10 8 _Delayms_2+0 "del"
 143  0002              #line 143 "C:\Users\YVTC\Desktop\單晶片微控制器(一)\期末作業\TT2.c"
 143  0000  1F00     E  	clr rb
 143  0001  1F00     E  	clr rc
 143  0002  2800     R  	jmp _L38
 143  0003              _L39:
 143  0003              #line 143 "C:\Users\YVTC\Desktop\單晶片微控制器(一)\期末作業\TT2.c"
 143  0003              ;# 143 "C:\Users\YVTC\Desktop\單晶片微控制器(一)\期末作業\TT2.c" 1
 143  0003              	IF 2000>263690
 143  0003              ;# 143 "C:\Users\YVTC\Desktop\單晶片微控制器(一)\期末作業\TT2.c" 1
 143  0003              	ERRMESSAGE 'the value 2000of the argument exceeds the maxinum 263690'
 143  0003              	ENDIF
 143  0003              ;# 143 "C:\Users\YVTC\Desktop\單晶片微控制器(一)\期末作業\TT2.c" 1
 143  0003              	IF 2000<0
 143  0003              ;# 143 "C:\Users\YVTC\Desktop\單晶片微控制器(一)\期末作業\TT2.c" 1
 143  0003              	ERRMESSAGE 'the value 2000 of the argument exceeds the mininum 0'
"File: TT2.c         Assembler  Version HGASM0202      Page 11

 143  0003              	ENDIF
 143  0003              ;# 143 "C:\Users\YVTC\Desktop\單晶片微控制器(一)\期末作業\TT2.c" 1
 143  0003              	IF 2000==0
 143  0003              ;# 143 "C:\Users\YVTC\Desktop\單晶片微控制器(一)\期末作業\TT2.c" 1
 143  0003              	JMP $
 143  0003              	ENDIF
 143  0003              ;# 143 "C:\Users\YVTC\Desktop\單晶片微控制器(一)\期末作業\TT2.c" 1
 143  0003              	IF (2000>=1) AND (2000<( 4 + __PBP__ * 2))
 143  0003              ;# 143 "C:\Users\YVTC\Desktop\單晶片微控制器(一)\期末作業\TT2.c" 1
 143  0003              	NOP
 143  0003              	ENDIF
 143  0003              ;# 143 "C:\Users\YVTC\Desktop\單晶片微控制器(一)\期末作業\TT2.c" 1
 143  0003              	IF (2000>=2) AND (2000<( 4 + __PBP__ * 2))
 143  0003              ;# 143 "C:\Users\YVTC\Desktop\單晶片微控制器(一)\期末作業\TT2.c" 1
 143  0003              	NOP
 143  0003              	ENDIF
 143  0003              ;# 143 "C:\Users\YVTC\Desktop\單晶片微控制器(一)\期末作業\TT2.c" 1
 143  0003              	IF (2000>=3) AND (2000<( 4 + __PBP__ * 2))
 143  0003              ;# 143 "C:\Users\YVTC\Desktop\單晶片微控制器(一)\期末作業\TT2.c" 1
 143  0003              	NOP
 143  0003              	ENDIF
 143  0003              ;# 143 "C:\Users\YVTC\Desktop\單晶片微控制器(一)\期末作業\TT2.c" 1
 143  0003              	IF (2000>=4) AND (2000<( 4 + __PBP__ * 2)) AND ( __PBP__ > 0 )
 143  0003              ;# 143 "C:\Users\YVTC\Desktop\單晶片微控制器(一)\期末作業\TT2.c" 1
 143  0003              	NOP
 143  0003              	ENDIF
 143  0003              ;# 143 "C:\Users\YVTC\Desktop\單晶片微控制器(一)\期末作業\TT2.c" 1
 143  0003              	IF (2000>=5) AND (2000<( 4 + __PBP__ * 2)) AND ( __PBP__ > 0 )
 143  0003              ;# 143 "C:\Users\YVTC\Desktop\單晶片微控制器(一)\期末作業\TT2.c" 1
 143  0003              	NOP
 143  0003              	ENDIF
 143  0003              ;# 143 "C:\Users\YVTC\Desktop\單晶片微控制器(一)\期末作業\TT2.c" 1
 143  0003              	IF (2000>=6) AND (2000<( 4 + __PBP__ * 2))  AND ( __PBP__ > 1 )
 143  0003              ;# 143 "C:\Users\YVTC\Desktop\單晶片微控制器(一)\期末作業\TT2.c" 1
 143  0003              	NOP
 143  0003              	ENDIF
 143  0003              ;# 143 "C:\Users\YVTC\Desktop\單晶片微控制器(一)\期末作業\TT2.c" 1
 143  0003              	IF (2000>=7) AND (2000<( 4 + __PBP__ * 2))  AND ( __PBP__ > 1 )
 143  0003              ;# 143 "C:\Users\YVTC\Desktop\單晶片微控制器(一)\期末作業\TT2.c" 1
 143  0003              	NOP
 143  0003              	ENDIF
 143  0003              ;# 143 "C:\Users\YVTC\Desktop\單晶片微控制器(一)\期末作業\TT2.c" 1
 143  0003              	IF (2000>=8) AND (2000<( 4 + __PBP__ * 2))  AND ( __PBP__ > 2 )
 143  0003              ;# 143 "C:\Users\YVTC\Desktop\單晶片微控制器(一)\期末作業\TT2.c" 1
 143  0003              	NOP
 143  0003              	ENDIF
 143  0003              ;# 143 "C:\Users\YVTC\Desktop\單晶片微控制器(一)\期末作業\TT2.c" 1
 143  0003              	IF (2000==9)  AND ( __PBP__ > 2 )
 143  0003              ;# 143 "C:\Users\YVTC\Desktop\單晶片微控制器(一)\期末作業\TT2.c" 1
 143  0003              	NOP
 143  0003              	ENDIF
 143  0003              ;# 143 "C:\Users\YVTC\Desktop\單晶片微控制器(一)\期末作業\TT2.c" 1
 143  0003              	IF (2000< ( 8 + __PBP__ * 2)) AND (2000>( 3 + __PBP__ * 2))
 143  0003              ;# 143 "C:\Users\YVTC\Desktop\單晶片微控制器(一)\期末作業\TT2.c" 1
 143  0003              	fcall __DELAY3 + ( 7 + __PBP__ * 2) -2000
 143  0003              	ENDIF
 143  0003              ;# 143 "C:\Users\YVTC\Desktop\單晶片微控制器(一)\期末作業\TT2.c" 1
 143  0003              	IF (2000< ( 0404h + __PBP__ * 2)) AND (2000>( 7 + __PBP__ * 2))
 143  0003              ;# 143 "C:\Users\YVTC\Desktop\單晶片微控制器(一)\期末作業\TT2.c" 1
 143  0003              	MOV A,(2000-( 4 + __PBP__ * 2))/4
"File: TT2.c         Assembler  Version HGASM0202      Page 12

 143  0003              ;# 143 "C:\Users\YVTC\Desktop\單晶片微控制器(一)\期末作業\TT2.c" 1
 143  0003              	fcall __DELAYX3 + 3 -((2000-( 4 + __PBP__ * 2)) MOD 4) 
 143  0003              	ENDIF
 143  0003              ;# 143 "C:\Users\YVTC\Desktop\單晶片微控制器(一)\期末作業\TT2.c" 1
 143  0003              	IF (2000< ( 040bh + __PBP__ * 2)) AND (2000> ( 0403h + __PBP__ * 2))
 143  0003              ;# 143 "C:\Users\YVTC\Desktop\單晶片微控制器(一)\期末作業\TT2.c" 1
 143  0003              	MOV A,0 
 143  0003              ;# 143 "C:\Users\YVTC\Desktop\單晶片微控制器(一)\期末作業\TT2.c" 1
 143  0003              	fcall __DELAYX6 + ( 040ah + __PBP__ * 2) -2000
 143  0003              	ENDIF
 143  0003              ;# 143 "C:\Users\YVTC\Desktop\單晶片微控制器(一)\期末作業\TT2.c" 1
 143  0003              	IF (2000 >= ( 040bh + __PBP__ * 2)) AND ((((2000-( 9 + __PBP__ * 2))%0402h)/4+1)>256)
 143  0003              ;# 143 "C:\Users\YVTC\Desktop\單晶片微控制器(一)\期末作業\TT2.c" 1
 143  0003              	MOV A,(2000-( 9 + __PBP__ * 2))/0402h
 143  0003              ;# 143 "C:\Users\YVTC\Desktop\單晶片微控制器(一)\期末作業\TT2.c" 1
 143  0003              	MOV _builtin_holtek_delay_2,A
 143  0003              ;# 143 "C:\Users\YVTC\Desktop\單晶片微控制器(一)\期末作業\TT2.c" 1
 143  0003              	MOV A,0
 143  0003              ;# 143 "C:\Users\YVTC\Desktop\單晶片微控制器(一)\期末作業\TT2.c" 1
 143  0003              	fcall __DELAYY5 +5- (((2000-( 9 + __PBP__ * 2))%0402h)%6) 
 143  0003              	ENDIF
 143  0003              ;# 143 "C:\Users\YVTC\Desktop\單晶片微控制器(一)\期末作業\TT2.c" 1
 143  0003              	IF (2000 >= ( 040bh + __PBP__ * 2)) AND ((((2000-( 9 + __PBP__ * 2))%0402h)/4+1)<=256)
 143  0003              ;# 143 "C:\Users\YVTC\Desktop\單晶片微控制器(一)\期末作業\TT2.c" 1
 143  0003  0F01        	MOV A,(2000-( 9 + __PBP__ * 2))/0402h
 143  0004              ;# 143 "C:\Users\YVTC\Desktop\單晶片微控制器(一)\期末作業\TT2.c" 1
 143  0004  0080     E  	MOV _builtin_holtek_delay_2,A
 143  0005              ;# 143 "C:\Users\YVTC\Desktop\單晶片微控制器(一)\期末作業\TT2.c" 1
 143  0005  0FF1        	MOV A,((2000-( 9 + __PBP__ * 2))%0402h)/4+1
 143  0006              ;# 143 "C:\Users\YVTC\Desktop\單晶片微控制器(一)\期末作業\TT2.c" 1
 143  0006              	fcall __DELAYY3 +3-(((2000-( 9 + __PBP__ * 2))%0402h)%4) 
 143  000D              	ENDIF
 143  000D  1480     E  	inc rb
 143  000E  3D0A        	sz z
 143  000F  1480     E  	inc rc
 143  0010              _L38:
 143  0010  0700     E  	mov a,rb
 143  0011  0200     R  	sub a,_Delayms_2[0]
 143  0012  0700     E  	mov a,rc
 143  0013  1200     R  	sbc a,_Delayms_2[1]
 143  0014  3B0A        	snz cz
 143  0015  2800     R  	jmp _L39
 143  0016  0003        	ret
 143  0017              _Delayms endp
 143  0017              #line 143 "C:\Users\YVTC\Desktop\單晶片微控制器(一)\期末作業\TT2.c"
 143  0017              #pragma debug scope 1 1
 143  0017              ___wdtc equ [62]
 143  0017              ___pac equ [19]
 143  0017              ___integ equ [57]
 143  0017              ___papu equ [17]
 143  0017              ___ifs0 equ [328]
 143  0017              ___tm0c1 equ [95]
 143  0017              ___intc0 equ [48]
 143  0017              public _main
 143  0017              #pragma debug scope 9 1
  27  0017              #line 27 "C:\Users\YVTC\Desktop\單晶片微控制器(一)\期末作業\TT2.c"
  27  0017              IFDEF WITH_DEFAULT_STARTUP
  27  0017              extern _main_initial0:near
  27  0017              extern _main_startup:near
  27  0017              ENDIF
"File: TT2.c         Assembler  Version HGASM0202      Page 13

  27  0017              
  27  0017              ROMBANK 0 @start
  27  0000              @start .section com_l 'code'
  27  0000              _main_startup1:
  27  0000              @start .section com_e 'code'
  27  0000  0F00     R  	mov a,bank _main
  27  0001  008B        	mov bp,a
  27  0002  2800     R  	jmp _main
  27  0003              
  27  0000              _main .section 'code'
  27  0000              _main proc
  27  0000  0002[           local _main_2 db 2 dup(?)
            00
            ]
  27  0002              #pragma debug variable 8 9 _main_2+1 "x"
  28  0002              #line 28 "C:\Users\YVTC\Desktop\單晶片微控制器(一)\期末作業\TT2.c"
  28  0000  0FAF        	mov a,175
  28  0001  00BE        	mov [62],a
  29  0002              #line 29 "C:\Users\YVTC\Desktop\單晶片微控制器(一)\期末作業\TT2.c"
  29  0002              	fcall _LCMInit
  31  0009              #line 31 "C:\Users\YVTC\Desktop\單晶片微控制器(一)\期末作業\TT2.c"
  31  0009  3193        	set [19].3
  31  000A  3092        	set [18].1
  31  000B  3493        	clr [19].1
  32  000C              #line 32 "C:\Users\YVTC\Desktop\單晶片微控制器(一)\期末作業\TT2.c"
  32  000C  0F02        	mov a,2
  32  000D  00B9        	mov [57],a
  32  000E  3191        	set [17].3
  33  000F              #line 33 "C:\Users\YVTC\Desktop\單晶片微控制器(一)\期末作業\TT2.c"
  33  000F  9F48 0001   	lclr [328]
  34  0011              #line 34 "C:\Users\YVTC\Desktop\單晶片微控制器(一)\期末作業\TT2.c"
  34  0011  0F10        	mov a,16
  34  0012  00DE        	mov [94],a
  35  0013              #line 35 "C:\Users\YVTC\Desktop\單晶片微控制器(一)\期末作業\TT2.c"
  35  0013  0FC1        	mov a,193
  35  0014  00DF        	mov [95],a
  36  0015              #line 36 "C:\Users\YVTC\Desktop\單晶片微控制器(一)\期末作業\TT2.c"
  36  0015  30B0        	set [48].1
  36  0016  3030        	set [48].0
  27  0017              #line 27 "C:\Users\YVTC\Desktop\單晶片微控制器(一)\期末作業\TT2.c"
  27  0017  1F00     R  	clr _main_2[1]
  27  0018              _L41:
  40  0018              #line 40 "C:\Users\YVTC\Desktop\單晶片微控制器(一)\期末作業\TT2.c"
  40  0018              	fcall _ScanKey
  40  001F  0080     R  	mov _main_2[0],a
  41  0020              #line 41 "C:\Users\YVTC\Desktop\單晶片微控制器(一)\期末作業\TT2.c"
  41  0020  0F14        	mov a,20
  41  0021              	fcall _PAUSE
  42  0028              #line 42 "C:\Users\YVTC\Desktop\單晶片微控制器(一)\期末作業\TT2.c"
  42  0028  0700     R  	mov a,_main_2[0]
  42  0029  0A10        	sub a,16
  42  002A  3D0A        	sz z
  42  002B  2800     R  	jmp _L42
  43  002C              #line 43 "C:\Users\YVTC\Desktop\單晶片微控制器(一)\期末作業\TT2.c"
  43  002C  0F05        	mov a,5
  43  002D              	fcall _PAUSE
  44  0034              #line 44 "C:\Users\YVTC\Desktop\單晶片微控制器(一)\期末作業\TT2.c"
  44  0034  0700     R  	mov a,_main_2[1]
  44  0035  0BC0        	add a,192
  44  0036  0080     R  	mov _LCMWrite_2[0],a
"File: TT2.c         Assembler  Version HGASM0202      Page 14

  44  0037  0F00        	mov a,0
  44  0038              	fcall _LCMWrite
  45  003F              #line 45 "C:\Users\YVTC\Desktop\單晶片微控制器(一)\期末作業\TT2.c"
  45  003F  1480     R  	inc _main_2[1]
  46  0040              #line 46 "C:\Users\YVTC\Desktop\單晶片微控制器(一)\期末作業\TT2.c"
  46  0040  0F10        	mov a,16
  46  0041  0200     R  	sub a,_main_2[1]
  46  0042  3C0A        	sz c
  46  0043  2800     R  	jmp _L43
  47  0044              #line 47 "C:\Users\YVTC\Desktop\單晶片微控制器(一)\期末作業\TT2.c"
  47  0044  0F02        	mov a,2
  47  0045              	fcall _ClearLine
  48  004C              #line 48 "C:\Users\YVTC\Desktop\單晶片微控制器(一)\期末作業\TT2.c"
  48  004C  0FC0        	mov a,192
  48  004D  0080     R  	mov _LCMWrite_2[0],a
  48  004E  0F00        	mov a,0
  48  004F              	fcall _LCMWrite
  49  0056              #line 49 "C:\Users\YVTC\Desktop\單晶片微控制器(一)\期末作業\TT2.c"
  49  0056  0F01        	mov a,1
  49  0057  0080     R  	mov _main_2[1],a
  49  0058              _L43:
  51  0058              #line 51 "C:\Users\YVTC\Desktop\單晶片微控制器(一)\期末作業\TT2.c"
  51  0058  0F09        	mov a,9
  51  0059  0200     R  	sub a,_main_2[0]
  51  005A  3C0A        	sz c
  51  005B  2800     R  	jmp _L49
  51  005C  0F37        	mov a,55
  51  005D  0080     E  	mov ra,a
  51  005E  2800     R  	jmp _L44
  51  005F              _L49:
  51  005F  0F30        	mov a,48
  51  0060  0080     E  	mov ra,a
  51  0061              _L44:
  51  0061  0700     E  	mov a,ra
  51  0062  0300     R  	add a,_main_2[0]
  51  0063  0080     R  	mov _main_2[0],a
  52  0064              #line 52 "C:\Users\YVTC\Desktop\單晶片微控制器(一)\期末作業\TT2.c"
  52  0064  0700     R  	mov a,_main_2[0]
  52  0065  0080     R  	mov _LCMWrite_2[0],a
  52  0066  0F01        	mov a,1
  52  0067              	fcall _LCMWrite
  53  006E              #line 53 "C:\Users\YVTC\Desktop\單晶片微控制器(一)\期末作業\TT2.c"
  53  006E  0700     R  	mov a,_main_2[0]
  53  006F              	fcall _UARTTXData
  54  0076              #line 54 "C:\Users\YVTC\Desktop\單晶片微控制器(一)\期末作業\TT2.c"
  54  0076  0FC8        	mov a,-56
  54  0077  0080     R  	mov _Delayms_2[0],a
  54  0078  1F00     R  	clr _Delayms_2[1]
  54  0079              	fcall _Delayms
  54  0080              _L42:
  56  0080              #line 56 "C:\Users\YVTC\Desktop\單晶片微控制器(一)\期末作業\TT2.c"
  56  0080  0F01        	mov a,1
  56  0081  0080     R  	mov _b_RX[0],a
  57  0082              #line 57 "C:\Users\YVTC\Desktop\單晶片微控制器(一)\期末作業\TT2.c"
  57  0082  1080     R  	sz _AC2[0]
  57  0083  2800     R  	jmp _L47
  57  0084  0F80        	mov a,128
  57  0085  0080     R  	mov _LCMWrite_2[0],a
  57  0086  0F00        	mov a,0
  57  0087              	fcall _LCMWrite
"File: TT2.c         Assembler  Version HGASM0202      Page 15

  57  008E              _L47:
  58  008E              #line 58 "C:\Users\YVTC\Desktop\單晶片微控制器(一)\期末作業\TT2.c"
  58  008E  1E00     R  	snz _b_RX[0]
  58  008F  2800     R  	jmp _L47
  58  0090  1F00     R  	clr _b_RX[0]
  59  0091              #line 59 "C:\Users\YVTC\Desktop\單晶片微控制器(一)\期末作業\TT2.c"
  59  0091  0700     R  	mov a,_RxData[0]
  59  0092  0080     R  	mov _LCMWrite_2[0],a
  59  0093  0F01        	mov a,1
  59  0094              	fcall _LCMWrite
  59  009B  0080     E  	mov ra,a
  59  009C  0700     E  	mov a,ra
  59  009D  0080     R  	mov _AC2[0],a
  60  009E              #line 60 "C:\Users\YVTC\Desktop\單晶片微控制器(一)\期末作業\TT2.c"
  60  009E  0F0E        	mov a,14
  60  009F  0200     E  	sub a,ra
  60  00A0  3C0A        	sz c
  60  00A1  2800     R  	jmp _L41
  61  00A2              #line 61 "C:\Users\YVTC\Desktop\單晶片微控制器(一)\期末作業\TT2.c"
  61  00A2  0F01        	mov a,1
  61  00A3              	fcall _ClearLine
  62  00AA              #line 62 "C:\Users\YVTC\Desktop\單晶片微控制器(一)\期末作業\TT2.c"
  62  00AA  0F80        	mov a,128
  62  00AB  0080     R  	mov _LCMWrite_2[0],a
  62  00AC  0F00        	mov a,0
  62  00AD              	fcall _LCMWrite
  63  00B4              #line 63 "C:\Users\YVTC\Desktop\單晶片微控制器(一)\期末作業\TT2.c"
  63  00B4  1F00     R  	clr _AC2[0]
  63  00B5  2800     R  	jmp _L41
  63  00B6  2800     R  	jmp $
  63  00B7              _main endp
  63  00B7              
  63  00B7              @dummy endp
  63  00B7              
  63  00B7              #line 63 "C:\Users\YVTC\Desktop\單晶片微控制器(一)\期末作業\TT2.c"
  63  00B7              #pragma debug scope 1 1
  63  00B7              public _ISR_ExtINT0
  63  00B7              #pragma debug scope 10 1
 147  00B7              #line 147 "C:\Users\YVTC\Desktop\單晶片微控制器(一)\期末作業\TT2.c"
 147  00B7              rombank 0 @ISR_ExtINT0_code
 147  0000              @ISR_ExtINT0_code .section at 4 'code'
 147  0000  0080     E  	mov r1,a
 147  0001  070B        	mov a,bp
 147  0002  1F0B        	clr bp
 147  0003  2800     R  	jmp _ISR_ExtINT0
 147  0004              ROMBANK 0 _ISR_ExtINT0
 147  0004              #pragma debug scope 1 1
 147  0004              @dummy4 endp
 147  0004              #pragma debug scope 11 1
 147  0000              _ISR_ExtINT0 .section 'code'
 147  0000              _ISR_ExtINT0 proc
 147  0000  0080     E  	mov r2,a
 147  0001  070A        	mov a, status
 147  0002  0080     E  	mov r3,a
 148  0003              #line 148 "C:\Users\YVTC\Desktop\單晶片微控制器(一)\期末作業\TT2.c"
 148  0003  0FD0        	mov a,208
 148  0004  00E2        	mov [98],a
 148  0005  1F63        	clr [99]
 149  0006              #line 149 "C:\Users\YVTC\Desktop\單晶片微控制器(一)\期末作業\TT2.c"
 149  0006  36B4        	clr [52].5
"File: TT2.c         Assembler  Version HGASM0202      Page 16

 149  0007  31DE        	set [94].3
 150  0008              #line 150 "C:\Users\YVTC\Desktop\單晶片微控制器(一)\期末作業\TT2.c"
 150  0008  1F00     R  	clr _RxData[0]
 150  0009              _L55:
 151  0009              #line 151 "C:\Users\YVTC\Desktop\單晶片微控制器(一)\期末作業\TT2.c"
 151  0009  3AB4        	snz [52].5
 151  000A  2800     R  	jmp _L55
 152  000B              #line 152 "C:\Users\YVTC\Desktop\單晶片微控制器(一)\期末作業\TT2.c"
 152  000B  0FA0        	mov a,160
 152  000C  00E2        	mov [98],a
 152  000D  0F01        	mov a,1
 152  000E  00E3        	mov [99],a
 153  000F              #line 153 "C:\Users\YVTC\Desktop\單晶片微控制器(一)\期末作業\TT2.c"
 153  000F  36B4        	clr [52].5
 153  0010  1F00     E  	clr rb
 147  0011              #line 147 "C:\Users\YVTC\Desktop\單晶片微控制器(一)\期末作業\TT2.c"
 147  0011  0F01        	mov a,1
 147  0012  0080     E  	mov ra,a
 147  0013              _L57:
 155  0013              #line 155 "C:\Users\YVTC\Desktop\單晶片微控制器(一)\期末作業\TT2.c"
 155  0013  3AB4        	snz [52].5
 155  0014  2800     R  	jmp _L57
 156  0015              #line 156 "C:\Users\YVTC\Desktop\單晶片微控制器(一)\期末作業\TT2.c"
 156  0015  36B4        	clr [52].5
 157  0016              #line 157 "C:\Users\YVTC\Desktop\單晶片微控制器(一)\期末作業\TT2.c"
 157  0016  3992        	snz [18].3
 157  0017  2800     R  	jmp _L58
 157  0018  0700     E  	mov a,ra
 157  0019  0580     R  	orm a,_RxData[0]
 157  001A              _L58:
 158  001A              #line 158 "C:\Users\YVTC\Desktop\單晶片微控制器(一)\期末作業\TT2.c"
 158  001A  0700     E  	mov a,ra
 158  001B  0380     E  	addm a,ra
 158  001C  1480     E  	inc rb
 159  001D              #line 159 "C:\Users\YVTC\Desktop\單晶片微控制器(一)\期末作業\TT2.c"
 159  001D  0700     E  	mov a,rb
 159  001E  0A08        	sub a,8
 159  001F  390A        	snz z
 159  0020  2800     R  	jmp _L57
 159  0021              _L62:
 160  0021              #line 160 "C:\Users\YVTC\Desktop\單晶片微控制器(一)\期末作業\TT2.c"
 160  0021  3AB4        	snz [52].5
 160  0022  2800     R  	jmp _L62
 161  0023              #line 161 "C:\Users\YVTC\Desktop\單晶片微控制器(一)\期末作業\TT2.c"
 161  0023  35DE        	clr [94].3
 162  0024              #line 162 "C:\Users\YVTC\Desktop\單晶片微控制器(一)\期末作業\TT2.c"
 162  0024  0F01        	mov a,1
 162  0025  0080     R  	mov _b_RX[0],a
 163  0026              #line 163 "C:\Users\YVTC\Desktop\單晶片微控制器(一)\期末作業\TT2.c"
 163  0026  3630        	clr [48].4
 163  0027  0700     E  	mov a,r2
 163  0028  008B        	mov bp,a
 163  0029  0700     E  	mov a,r3
 163  002A  008A        	mov status,a
 163  002B  0700     E  	mov a,r1
 163  002C  0004        	reti
 163  002D              _ISR_ExtINT0 endp
 163  002D              
 163  002D              #line 163 "C:\Users\YVTC\Desktop\單晶片微控制器(一)\期末作業\TT2.c"
 163  002D              #pragma debug scope 1 1
"File: TT2.c         Assembler  Version HGASM0202      Page 17

 163  002D              public _AC2
 163  0000              @HCCINIT	.section 'data'
  25  0000              #line 25 "C:\Users\YVTC\Desktop\單晶片微控制器(一)\期末作業\TT2.c"
  25  0000              @HCCINIT_AC2 .section 'data'
  25  0000              _AC2 label byte
  25  0000              #pragma debug variable 8 1 _AC2 "AC2"
  25  0000              	db 0
  25  0000              @ROMDATA_BASE .section inpage 'code'
  25  0000              	db 0
  25  0001              @HCCINIT_AC2 .section 'data'
  18  0001              #line 18 "C:\Users\YVTC\Desktop\單晶片微控制器(一)\期末作業\TT2.c"
  18  0001              public _RxData
  18  0000              @HCCINIT0_RxData .section 'data'
  18  0000              _RxData	db 0
  18  0001              #pragma debug variable 8 1 _RxData "RxData"
  18  0001              
  18  0000              @HCCINIT .section 'data'
  18  0000              public _b_RX
  17  0000              #line 17 "C:\Users\YVTC\Desktop\單晶片微控制器(一)\期末作業\TT2.c"
  17  0000              @HCCINIT_b_RX .section 'data'
  17  0000              _b_RX label byte
  17  0000              #pragma debug variable 8 1 _b_RX "b_RX"
  17  0000              	db 0
  17  0001              @ROMDATA_BASE .section inpage 'code'
  17  0001              	db 0
  17  0001              @HCCINIT_b_RX .section 'data'
  17  0001              #pragma debug struct_end
  17  0001              #pragma debug struct_end
  17  0001              #pragma debug union_end
  17  0001              #pragma debug union_end
  17  0001              #pragma debug variable 43 1 ___papu "__papu" 1
  17  0001              #pragma debug struct_end
  17  0001              #pragma debug struct_end
  17  0001              #pragma debug union_end
  17  0001              #pragma debug union_end
  17  0001              #pragma debug variable 45 1 ___pa "__pa" 1
  17  0001              #pragma debug struct_end
  17  0001              #pragma debug struct_end
  17  0001              #pragma debug union_end
  17  0001              #pragma debug union_end
  17  0001              #pragma debug variable 47 1 ___pac "__pac" 1
  17  0001              #pragma debug struct_end
  17  0001              #pragma debug struct_end
  17  0001              #pragma debug union_end
  17  0001              #pragma debug union_end
  17  0001              #pragma debug variable 49 1 ___pepu "__pepu" 1
  17  0001              #pragma debug struct_end
  17  0001              #pragma debug struct_end
  17  0001              #pragma debug union_end
  17  0001              #pragma debug union_end
  17  0001              #pragma debug variable 51 1 ___pe "__pe" 1
  17  0001              #pragma debug struct_end
  17  0001              #pragma debug struct_end
  17  0001              #pragma debug union_end
  17  0001              #pragma debug union_end
  17  0001              #pragma debug variable 53 1 ___pec "__pec" 1
  17  0001              #pragma debug struct_end
  17  0001              #pragma debug struct_end
  17  0001              #pragma debug union_end
  17  0001              #pragma debug union_end
"File: TT2.c         Assembler  Version HGASM0202      Page 18

  17  0001              #pragma debug variable 55 1 ___pg "__pg" 1
  17  0001              #pragma debug struct_end
  17  0001              #pragma debug struct_end
  17  0001              #pragma debug union_end
  17  0001              #pragma debug union_end
  17  0001              #pragma debug variable 57 1 ___pgc "__pgc" 1
  17  0001              #pragma debug struct_end
  17  0001              #pragma debug struct_end
  17  0001              #pragma debug union_end
  17  0001              #pragma debug union_end
  17  0001              #pragma debug variable 59 1 ___ph "__ph" 1
  17  0001              #pragma debug struct_end
  17  0001              #pragma debug struct_end
  17  0001              #pragma debug union_end
  17  0001              #pragma debug union_end
  17  0001              #pragma debug variable 61 1 ___phc "__phc" 1
  17  0001              #pragma debug struct_end
  17  0001              #pragma debug struct_end
  17  0001              #pragma debug union_end
  17  0001              #pragma debug union_end
  17  0001              #pragma debug variable 63 1 ___intc0 "__intc0" 1
  17  0001              #pragma debug struct_end
  17  0001              #pragma debug struct_end
  17  0001              #pragma debug union_end
  17  0001              #pragma debug union_end
  17  0001              #pragma debug variable 65 1 ___mfi0 "__mfi0" 1
  17  0001              #pragma debug struct_end
  17  0001              #pragma debug struct_end
  17  0001              #pragma debug union_end
  17  0001              #pragma debug union_end
  17  0001              #pragma debug variable 67 1 ___integ "__integ" 1
  17  0001              #pragma debug struct_end
  17  0001              #pragma debug struct_end
  17  0001              #pragma debug union_end
  17  0001              #pragma debug union_end
  17  0001              #pragma debug variable 69 1 ___wdtc "__wdtc" 1
  17  0001              #pragma debug struct_end
  17  0001              #pragma debug struct_end
  17  0001              #pragma debug union_end
  17  0001              #pragma debug union_end
  17  0001              #pragma debug variable 71 1 ___tm0c0 "__tm0c0" 1
  17  0001              #pragma debug struct_end
  17  0001              #pragma debug struct_end
  17  0001              #pragma debug union_end
  17  0001              #pragma debug union_end
  17  0001              #pragma debug variable 73 1 ___tm0c1 "__tm0c1" 1
  17  0001              #pragma debug variable 8 1 ___tm0al "__tm0al" 1
  17  0001              #pragma debug variable 8 1 ___tm0ah "__tm0ah" 1
  17  0001              #pragma debug struct_end
  17  0001              #pragma debug struct_end
  17  0001              #pragma debug union_end
  17  0001              #pragma debug union_end
  17  0001              #pragma debug variable 75 1 ___ifs0 "__ifs0" 1
  17  0001              extern r1:byte
  17  0001              extern r2:byte
  17  0001              extern r3:byte
  27  0001              #line 27 "C:\Users\YVTC\Desktop\單晶片微控制器(一)\期末作業\TT2.c"
  27  0000              @code .section at 0 'code'
  27  0000  1F0B        	clr bp
  27  0001  2800     R  	jmp _main_startup1
"File: TT2.c         Assembler  Version HGASM0202      Page 19

  27  0002              
  27  0002              
  27  0002              ; 
  27  0002              ; Generated by holtek-gcc v3.18, Tue May 22 15:40:22 2018
  27  0002              ; Rebuild 126
  27  0002              ; end of file


        0 Errors, 0